000 (858739.000.000) 08/18 04:59:39 Job submitted from host: <172.20.3.187:9618?addrs=172.20.3.187-9618&noUDP&sock=2043_e813_3>
...
001 (858739.000.000) 08/18 13:56:41 Job executing on host: <172.20.225.2:9618?addrs=172.20.225.2-9618&noUDP&sock=3424_285d_3>
...
006 (858739.000.000) 08/18 13:56:49 Image size of job updated: 21124
	21  -  MemoryUsage of job (MB)
	21124  -  ResidentSetSize of job (KB)
...
006 (858739.000.000) 08/18 14:01:49 Image size of job updated: 3974132
	3881  -  MemoryUsage of job (MB)
	3974132  -  ResidentSetSize of job (KB)
...
006 (858739.000.000) 08/18 14:06:50 Image size of job updated: 4797672
	4686  -  MemoryUsage of job (MB)
	4797672  -  ResidentSetSize of job (KB)
...
006 (858739.000.000) 08/18 14:11:50 Image size of job updated: 5554060
	5424  -  MemoryUsage of job (MB)
	5554060  -  ResidentSetSize of job (KB)
...
006 (858739.000.000) 08/18 14:16:51 Image size of job updated: 5554096
	5424  -  MemoryUsage of job (MB)
	5554096  -  ResidentSetSize of job (KB)
...
006 (858739.000.000) 08/18 14:21:52 Image size of job updated: 5554564
	5425  -  MemoryUsage of job (MB)
	5554564  -  ResidentSetSize of job (KB)
...
006 (858739.000.000) 08/18 14:26:52 Image size of job updated: 5554896
	5425  -  MemoryUsage of job (MB)
	5554896  -  ResidentSetSize of job (KB)
...
006 (858739.000.000) 08/18 14:31:52 Image size of job updated: 6312300
	6165  -  MemoryUsage of job (MB)
	6312164  -  ResidentSetSize of job (KB)
...
005 (858739.000.000) 08/18 14:32:30 Job terminated.
	(1) Normal termination (return value 0)
		Usr 0 00:34:10, Sys 0 00:00:32  -  Run Remote Usage
		Usr 0 00:00:00, Sys 0 00:00:00  -  Run Local Usage
		Usr 0 00:34:10, Sys 0 00:00:32  -  Total Remote Usage
		Usr 0 00:00:00, Sys 0 00:00:00  -  Total Local Usage
	2113  -  Run Bytes Sent By Job
	412  -  Run Bytes Received By Job
	2113  -  Total Bytes Sent By Job
	412  -  Total Bytes Received By Job
	Partitionable Resources :    Usage  Request Allocated 
	   Cpus                 :     0.58        1         1 
	   Disk (KB)            :   803           1 479786084 
	   Memory (MB)          :  6165        7900      8033 
...
