000 (859627.000.000) 08/18 05:00:09 Job submitted from host: <172.20.3.187:9618?addrs=172.20.3.187-9618&noUDP&sock=2043_e813_3>
...
001 (859627.000.000) 08/18 15:39:42 Job executing on host: <172.20.225.6:9618?addrs=172.20.225.6-9618&noUDP&sock=3382_5963_3>
...
006 (859627.000.000) 08/18 15:39:51 Image size of job updated: 21120
	21  -  MemoryUsage of job (MB)
	21120  -  ResidentSetSize of job (KB)
...
006 (859627.000.000) 08/18 15:44:52 Image size of job updated: 4172192
	4075  -  MemoryUsage of job (MB)
	4172192  -  ResidentSetSize of job (KB)
...
006 (859627.000.000) 08/18 15:49:52 Image size of job updated: 4867588
	4754  -  MemoryUsage of job (MB)
	4867588  -  ResidentSetSize of job (KB)
...
006 (859627.000.000) 08/18 15:54:53 Image size of job updated: 5305220
	5181  -  MemoryUsage of job (MB)
	5305220  -  ResidentSetSize of job (KB)
...
006 (859627.000.000) 08/18 15:59:53 Image size of job updated: 5305348
	5182  -  MemoryUsage of job (MB)
	5305348  -  ResidentSetSize of job (KB)
...
006 (859627.000.000) 08/18 16:04:54 Image size of job updated: 5306048
	5182  -  MemoryUsage of job (MB)
	5306048  -  ResidentSetSize of job (KB)
...
006 (859627.000.000) 08/18 16:09:55 Image size of job updated: 5807268
	5672  -  MemoryUsage of job (MB)
	5807268  -  ResidentSetSize of job (KB)
...
005 (859627.000.000) 08/18 16:11:28 Job terminated.
	(1) Normal termination (return value 0)
		Usr 0 00:32:04, Sys 0 00:00:29  -  Run Remote Usage
		Usr 0 00:00:00, Sys 0 00:00:00  -  Run Local Usage
		Usr 0 00:32:04, Sys 0 00:00:29  -  Total Remote Usage
		Usr 0 00:00:00, Sys 0 00:00:00  -  Total Local Usage
	2103  -  Run Bytes Sent By Job
	404  -  Run Bytes Received By Job
	2103  -  Total Bytes Sent By Job
	404  -  Total Bytes Received By Job
	Partitionable Resources :    Usage  Request Allocated 
	   Cpus                 :     1.00        1         1 
	   Disk (KB)            :   803           1 479749220 
	   Memory (MB)          :  5672        7900      8033 
...
