000 (857474.000.000) 08/18 04:58:58 Job submitted from host: <172.20.3.187:9618?addrs=172.20.3.187-9618&noUDP&sock=2043_e813_3>
...
001 (857474.000.000) 08/18 11:37:07 Job executing on host: <172.20.225.4:9618?addrs=172.20.225.4-9618&noUDP&sock=3366_5fdf_3>
...
006 (857474.000.000) 08/18 11:37:15 Image size of job updated: 21116
	21  -  MemoryUsage of job (MB)
	21116  -  ResidentSetSize of job (KB)
...
006 (857474.000.000) 08/18 11:42:15 Image size of job updated: 4588308
	4481  -  MemoryUsage of job (MB)
	4588308  -  ResidentSetSize of job (KB)
...
006 (857474.000.000) 08/18 11:47:16 Image size of job updated: 5344700
	5220  -  MemoryUsage of job (MB)
	5344700  -  ResidentSetSize of job (KB)
...
006 (857474.000.000) 08/18 11:52:17 Image size of job updated: 5344744
	5220  -  MemoryUsage of job (MB)
	5344744  -  ResidentSetSize of job (KB)
...
006 (857474.000.000) 08/18 11:57:17 Image size of job updated: 5345212
	5220  -  MemoryUsage of job (MB)
	5345212  -  ResidentSetSize of job (KB)
...
006 (857474.000.000) 08/18 12:02:17 Image size of job updated: 5345552
	5221  -  MemoryUsage of job (MB)
	5345552  -  ResidentSetSize of job (KB)
...
006 (857474.000.000) 08/18 12:07:07 Image size of job updated: 9875332
	5221  -  MemoryUsage of job (MB)
	5345552  -  ResidentSetSize of job (KB)
...
005 (857474.000.000) 08/18 12:07:07 Job terminated.
	(1) Normal termination (return value 0)
		Usr 0 00:32:37, Sys 0 00:00:31  -  Run Remote Usage
		Usr 0 00:00:00, Sys 0 00:00:00  -  Run Local Usage
		Usr 0 00:32:37, Sys 0 00:00:31  -  Total Remote Usage
		Usr 0 00:00:00, Sys 0 00:00:00  -  Total Local Usage
	2116  -  Run Bytes Sent By Job
	415  -  Run Bytes Received By Job
	2116  -  Total Bytes Sent By Job
	415  -  Total Bytes Received By Job
	Partitionable Resources :    Usage  Request Allocated 
	   Cpus                 :     0.67        1         1 
	   Disk (KB)            :   803           1 479779449 
	   Memory (MB)          :  5221        7900      8033 
...
