000 (855801.000.000) 08/18 04:58:04 Job submitted from host: <172.20.3.187:9618?addrs=172.20.3.187-9618&noUDP&sock=2043_e813_3>
...
001 (855801.000.000) 08/18 07:10:01 Job executing on host: <172.20.225.5:9618?addrs=172.20.225.5-9618&noUDP&sock=3375_8c39_3>
...
006 (855801.000.000) 08/18 07:10:10 Image size of job updated: 21116
	21  -  MemoryUsage of job (MB)
	21116  -  ResidentSetSize of job (KB)
...
006 (855801.000.000) 08/18 07:15:10 Image size of job updated: 4581228
	4474  -  MemoryUsage of job (MB)
	4581228  -  ResidentSetSize of job (KB)
...
006 (855801.000.000) 08/18 07:20:11 Image size of job updated: 5364140
	5239  -  MemoryUsage of job (MB)
	5364140  -  ResidentSetSize of job (KB)
...
006 (855801.000.000) 08/18 07:25:12 Image size of job updated: 5364264
	5239  -  MemoryUsage of job (MB)
	5364264  -  ResidentSetSize of job (KB)
...
006 (855801.000.000) 08/18 07:30:13 Image size of job updated: 5364416
	5239  -  MemoryUsage of job (MB)
	5364416  -  ResidentSetSize of job (KB)
...
006 (855801.000.000) 08/18 07:35:13 Image size of job updated: 5365076
	5240  -  MemoryUsage of job (MB)
	5365076  -  ResidentSetSize of job (KB)
...
006 (855801.000.000) 08/18 07:40:13 Image size of job updated: 6071152
	5929  -  MemoryUsage of job (MB)
	6070816  -  ResidentSetSize of job (KB)
...
005 (855801.000.000) 08/18 07:40:57 Job terminated.
	(1) Normal termination (return value 0)
		Usr 0 00:31:55, Sys 0 00:00:33  -  Run Remote Usage
		Usr 0 00:00:00, Sys 0 00:00:00  -  Run Local Usage
		Usr 0 00:31:55, Sys 0 00:00:33  -  Total Remote Usage
		Usr 0 00:00:00, Sys 0 00:00:00  -  Total Local Usage
	2110  -  Run Bytes Sent By Job
	411  -  Run Bytes Received By Job
	2110  -  Total Bytes Sent By Job
	411  -  Total Bytes Received By Job
	Partitionable Resources :    Usage  Request Allocated 
	   Cpus                 :     0.55        1         1 
	   Disk (KB)            :   803           1 479749220 
	   Memory (MB)          :  5929        7900      8033 
...
