000 (858062.000.000) 08/18 04:59:17 Job submitted from host: <172.20.3.187:9618?addrs=172.20.3.187-9618&noUDP&sock=2043_e813_3>
...
001 (858062.000.000) 08/18 12:42:28 Job executing on host: <172.20.225.6:9618?addrs=172.20.225.6-9618&noUDP&sock=3382_5963_3>
...
006 (858062.000.000) 08/18 12:42:37 Image size of job updated: 21124
	21  -  MemoryUsage of job (MB)
	21124  -  ResidentSetSize of job (KB)
...
006 (858062.000.000) 08/18 12:47:38 Image size of job updated: 4158952
	4062  -  MemoryUsage of job (MB)
	4158952  -  ResidentSetSize of job (KB)
...
006 (858062.000.000) 08/18 12:52:38 Image size of job updated: 5291872
	5168  -  MemoryUsage of job (MB)
	5291872  -  ResidentSetSize of job (KB)
...
006 (858062.000.000) 08/18 12:57:39 Image size of job updated: 5292004
	5168  -  MemoryUsage of job (MB)
	5292004  -  ResidentSetSize of job (KB)
...
006 (858062.000.000) 08/18 13:02:39 Image size of job updated: 5292168
	5169  -  MemoryUsage of job (MB)
	5292168  -  ResidentSetSize of job (KB)
...
006 (858062.000.000) 08/18 13:07:40 Image size of job updated: 5292816
	5169  -  MemoryUsage of job (MB)
	5292816  -  ResidentSetSize of job (KB)
...
006 (858062.000.000) 08/18 13:12:41 Image size of job updated: 6036152
	5895  -  MemoryUsage of job (MB)
	6036036  -  ResidentSetSize of job (KB)
...
006 (858062.000.000) 08/18 13:14:15 Image size of job updated: 8633004
	5895  -  MemoryUsage of job (MB)
	6036036  -  ResidentSetSize of job (KB)
...
005 (858062.000.000) 08/18 13:14:15 Job terminated.
	(1) Normal termination (return value 0)
		Usr 0 00:32:53, Sys 0 00:00:32  -  Run Remote Usage
		Usr 0 00:00:00, Sys 0 00:00:00  -  Run Local Usage
		Usr 0 00:32:53, Sys 0 00:00:32  -  Total Remote Usage
		Usr 0 00:00:00, Sys 0 00:00:00  -  Total Local Usage
	2100  -  Run Bytes Sent By Job
	403  -  Run Bytes Received By Job
	2100  -  Total Bytes Sent By Job
	403  -  Total Bytes Received By Job
	Partitionable Resources :    Usage  Request Allocated 
	   Cpus                 :     0.54        1         1 
	   Disk (KB)            :   803           1 479749220 
	   Memory (MB)          :  5895        7900      8033 
...
