000 (857852.000.000) 08/18 04:59:11 Job submitted from host: <172.20.3.187:9618?addrs=172.20.3.187-9618&noUDP&sock=2043_e813_3>
...
001 (857852.000.000) 08/18 12:16:07 Job executing on host: <172.20.225.6:9618?addrs=172.20.225.6-9618&noUDP&sock=3382_5963_3>
...
006 (857852.000.000) 08/18 12:16:15 Image size of job updated: 21128
	21  -  MemoryUsage of job (MB)
	21128  -  ResidentSetSize of job (KB)
...
006 (857852.000.000) 08/18 12:21:16 Image size of job updated: 3663712
	3578  -  MemoryUsage of job (MB)
	3663712  -  ResidentSetSize of job (KB)
...
006 (857852.000.000) 08/18 12:26:16 Image size of job updated: 4499732
	4395  -  MemoryUsage of job (MB)
	4499732  -  ResidentSetSize of job (KB)
...
006 (857852.000.000) 08/18 12:31:16 Image size of job updated: 5243684
	5121  -  MemoryUsage of job (MB)
	5243684  -  ResidentSetSize of job (KB)
...
006 (857852.000.000) 08/18 12:36:17 Image size of job updated: 5243720
	5121  -  MemoryUsage of job (MB)
	5243720  -  ResidentSetSize of job (KB)
...
006 (857852.000.000) 08/18 12:41:17 Image size of job updated: 5244516
	5122  -  MemoryUsage of job (MB)
	5244516  -  ResidentSetSize of job (KB)
...
006 (857852.000.000) 08/18 12:46:18 Image size of job updated: 5605668
	5474  -  MemoryUsage of job (MB)
	5604880  -  ResidentSetSize of job (KB)
...
006 (857852.000.000) 08/18 12:49:48 Image size of job updated: 9450100
	5474  -  MemoryUsage of job (MB)
	5605324  -  ResidentSetSize of job (KB)
...
005 (857852.000.000) 08/18 12:49:48 Job terminated.
	(1) Normal termination (return value 0)
		Usr 0 00:32:57, Sys 0 00:00:34  -  Run Remote Usage
		Usr 0 00:00:00, Sys 0 00:00:00  -  Run Local Usage
		Usr 0 00:32:57, Sys 0 00:00:34  -  Total Remote Usage
		Usr 0 00:00:00, Sys 0 00:00:00  -  Total Local Usage
	2111  -  Run Bytes Sent By Job
	413  -  Run Bytes Received By Job
	2111  -  Total Bytes Sent By Job
	413  -  Total Bytes Received By Job
	Partitionable Resources :    Usage  Request Allocated 
	   Cpus                 :     0.70        1         1 
	   Disk (KB)            :   803           1 479749220 
	   Memory (MB)          :  5474        7900      8033 
...
