000 (854977.000.000) 08/18 04:57:33 Job submitted from host: <172.20.3.187:9618?addrs=172.20.3.187-9618&noUDP&sock=2043_e813_3>
...
001 (854977.000.000) 08/18 05:32:04 Job executing on host: <172.20.225.2:9618?addrs=172.20.225.2-9618&noUDP&sock=3424_285d_3>
...
006 (854977.000.000) 08/18 05:32:12 Image size of job updated: 21124
	21  -  MemoryUsage of job (MB)
	21124  -  ResidentSetSize of job (KB)
...
006 (854977.000.000) 08/18 05:37:13 Image size of job updated: 3807760
	3719  -  MemoryUsage of job (MB)
	3807760  -  ResidentSetSize of job (KB)
...
006 (854977.000.000) 08/18 05:42:13 Image size of job updated: 4631304
	4523  -  MemoryUsage of job (MB)
	4631304  -  ResidentSetSize of job (KB)
...
006 (854977.000.000) 08/18 05:47:13 Image size of job updated: 5387688
	5262  -  MemoryUsage of job (MB)
	5387688  -  ResidentSetSize of job (KB)
...
006 (854977.000.000) 08/18 05:52:14 Image size of job updated: 5387720
	5262  -  MemoryUsage of job (MB)
	5387720  -  ResidentSetSize of job (KB)
...
006 (854977.000.000) 08/18 05:57:14 Image size of job updated: 5388180
	5262  -  MemoryUsage of job (MB)
	5388180  -  ResidentSetSize of job (KB)
...
006 (854977.000.000) 08/18 06:02:15 Image size of job updated: 5388524
	5263  -  MemoryUsage of job (MB)
	5388524  -  ResidentSetSize of job (KB)
...
006 (854977.000.000) 08/18 06:06:05 Image size of job updated: 9765336
	5263  -  MemoryUsage of job (MB)
	5388524  -  ResidentSetSize of job (KB)
...
005 (854977.000.000) 08/18 06:06:08 Job terminated.
	(1) Normal termination (return value 0)
		Usr 0 00:32:45, Sys 0 00:00:34  -  Run Remote Usage
		Usr 0 00:00:00, Sys 0 00:00:00  -  Run Local Usage
		Usr 0 00:32:45, Sys 0 00:00:34  -  Total Remote Usage
		Usr 0 00:00:00, Sys 0 00:00:00  -  Total Local Usage
	2104  -  Run Bytes Sent By Job
	403  -  Run Bytes Received By Job
	2104  -  Total Bytes Sent By Job
	403  -  Total Bytes Received By Job
	Partitionable Resources :    Usage  Request Allocated 
	   Cpus                 :     0.02        1         1 
	   Disk (KB)            :   803           1 479786084 
	   Memory (MB)          :  5263        7900      8033 
...
