000 (856890.000.000) 08/18 04:58:39 Job submitted from host: <172.20.3.187:9618?addrs=172.20.3.187-9618&noUDP&sock=2043_e813_3>
...
001 (856890.000.000) 08/18 09:15:30 Job executing on host: <172.20.225.2:9618?addrs=172.20.225.2-9618&noUDP&sock=3424_285d_3>
...
006 (856890.000.000) 08/18 09:15:38 Image size of job updated: 21108
	21  -  MemoryUsage of job (MB)
	21108  -  ResidentSetSize of job (KB)
...
006 (856890.000.000) 08/18 09:20:39 Image size of job updated: 3778424
	3690  -  MemoryUsage of job (MB)
	3778424  -  ResidentSetSize of job (KB)
...
006 (856890.000.000) 08/18 09:25:39 Image size of job updated: 4780076
	4669  -  MemoryUsage of job (MB)
	4780076  -  ResidentSetSize of job (KB)
...
006 (856890.000.000) 08/18 09:30:39 Image size of job updated: 5217712
	5096  -  MemoryUsage of job (MB)
	5217712  -  ResidentSetSize of job (KB)
...
006 (856890.000.000) 08/18 09:35:39 Image size of job updated: 5217864
	5096  -  MemoryUsage of job (MB)
	5217864  -  ResidentSetSize of job (KB)
...
006 (856890.000.000) 08/18 09:40:39 Image size of job updated: 5218540
	5097  -  MemoryUsage of job (MB)
	5218540  -  ResidentSetSize of job (KB)
...
006 (856890.000.000) 08/18 09:45:40 Image size of job updated: 5936772
	5798  -  MemoryUsage of job (MB)
	5936772  -  ResidentSetSize of job (KB)
...
006 (856890.000.000) 08/18 09:46:26 Image size of job updated: 9622888
	5798  -  MemoryUsage of job (MB)
	5936772  -  ResidentSetSize of job (KB)
...
005 (856890.000.000) 08/18 09:46:26 Job terminated.
	(1) Normal termination (return value 0)
		Usr 0 00:31:45, Sys 0 00:00:34  -  Run Remote Usage
		Usr 0 00:00:00, Sys 0 00:00:00  -  Run Local Usage
		Usr 0 00:31:45, Sys 0 00:00:34  -  Total Remote Usage
		Usr 0 00:00:00, Sys 0 00:00:00  -  Total Local Usage
	2106  -  Run Bytes Sent By Job
	410  -  Run Bytes Received By Job
	2106  -  Total Bytes Sent By Job
	410  -  Total Bytes Received By Job
	Partitionable Resources :    Usage  Request Allocated 
	   Cpus                 :     0.54        1         1 
	   Disk (KB)            :   803           1 479786084 
	   Memory (MB)          :  5798        7900      8033 
...
