000 (855878.000.000) 08/18 04:58:06 Job submitted from host: <172.20.3.187:9618?addrs=172.20.3.187-9618&noUDP&sock=2043_e813_3>
...
001 (855878.000.000) 08/18 07:15:19 Job executing on host: <172.20.225.8:9618?addrs=172.20.225.8-9618&noUDP&sock=3440_21e1_3>
...
006 (855878.000.000) 08/18 07:15:27 Image size of job updated: 21120
	21  -  MemoryUsage of job (MB)
	21120  -  ResidentSetSize of job (KB)
...
006 (855878.000.000) 08/18 07:20:27 Image size of job updated: 3784312
	3696  -  MemoryUsage of job (MB)
	3784312  -  ResidentSetSize of job (KB)
...
006 (855878.000.000) 08/18 07:25:28 Image size of job updated: 4620336
	4513  -  MemoryUsage of job (MB)
	4620336  -  ResidentSetSize of job (KB)
...
006 (855878.000.000) 08/18 07:30:29 Image size of job updated: 5364220
	5239  -  MemoryUsage of job (MB)
	5364220  -  ResidentSetSize of job (KB)
...
006 (855878.000.000) 08/18 07:35:29 Image size of job updated: 5364368
	5239  -  MemoryUsage of job (MB)
	5364368  -  ResidentSetSize of job (KB)
...
006 (855878.000.000) 08/18 07:40:31 Image size of job updated: 5365052
	5240  -  MemoryUsage of job (MB)
	5365052  -  ResidentSetSize of job (KB)
...
006 (855878.000.000) 08/18 07:45:30 Image size of job updated: 5861896
	5725  -  MemoryUsage of job (MB)
	5861820  -  ResidentSetSize of job (KB)
...
005 (855878.000.000) 08/18 07:47:41 Job terminated.
	(1) Normal termination (return value 0)
		Usr 0 00:32:19, Sys 0 00:00:31  -  Run Remote Usage
		Usr 0 00:00:00, Sys 0 00:00:00  -  Run Local Usage
		Usr 0 00:32:19, Sys 0 00:00:31  -  Total Remote Usage
		Usr 0 00:00:00, Sys 0 00:00:00  -  Total Local Usage
	2113  -  Run Bytes Sent By Job
	412  -  Run Bytes Received By Job
	2113  -  Total Bytes Sent By Job
	412  -  Total Bytes Received By Job
	Partitionable Resources :    Usage  Request Allocated 
	   Cpus                 :        0        1         1 
	   Disk (KB)            :      803        1 479737977 
	   Memory (MB)          :     5725     7900      8033 
...
