000 (856562.000.000) 08/18 04:58:29 Job submitted from host: <172.20.3.187:9618?addrs=172.20.3.187-9618&noUDP&sock=2043_e813_3>
...
001 (856562.000.000) 08/18 08:38:53 Job executing on host: <172.20.225.4:9618?addrs=172.20.225.4-9618&noUDP&sock=3366_5fdf_3>
...
006 (856562.000.000) 08/18 08:39:03 Image size of job updated: 21116
	21  -  MemoryUsage of job (MB)
	21116  -  ResidentSetSize of job (KB)
...
006 (856562.000.000) 08/18 08:44:03 Image size of job updated: 3763936
	3676  -  MemoryUsage of job (MB)
	3763936  -  ResidentSetSize of job (KB)
...
006 (856562.000.000) 08/18 08:49:04 Image size of job updated: 4587484
	4480  -  MemoryUsage of job (MB)
	4587484  -  ResidentSetSize of job (KB)
...
006 (856562.000.000) 08/18 08:54:05 Image size of job updated: 5343872
	5219  -  MemoryUsage of job (MB)
	5343872  -  ResidentSetSize of job (KB)
...
006 (856562.000.000) 08/18 08:59:05 Image size of job updated: 5343908
	5219  -  MemoryUsage of job (MB)
	5343908  -  ResidentSetSize of job (KB)
...
006 (856562.000.000) 08/18 09:04:06 Image size of job updated: 5344704
	5220  -  MemoryUsage of job (MB)
	5344704  -  ResidentSetSize of job (KB)
...
006 (856562.000.000) 08/18 09:09:07 Image size of job updated: 5525400
	5396  -  MemoryUsage of job (MB)
	5525400  -  ResidentSetSize of job (KB)
...
006 (856562.000.000) 08/18 09:11:27 Image size of job updated: 6049308
	5396  -  MemoryUsage of job (MB)
	5525440  -  ResidentSetSize of job (KB)
...
005 (856562.000.000) 08/18 09:11:27 Job terminated.
	(1) Normal termination (return value 0)
		Usr 0 00:32:34, Sys 0 00:00:33  -  Run Remote Usage
		Usr 0 00:00:00, Sys 0 00:00:00  -  Run Local Usage
		Usr 0 00:32:34, Sys 0 00:00:33  -  Total Remote Usage
		Usr 0 00:00:00, Sys 0 00:00:00  -  Total Local Usage
	2107  -  Run Bytes Sent By Job
	406  -  Run Bytes Received By Job
	2107  -  Total Bytes Sent By Job
	406  -  Total Bytes Received By Job
	Partitionable Resources :    Usage  Request Allocated 
	   Cpus                 :     1.00        1         1 
	   Disk (KB)            :   803           1 479779449 
	   Memory (MB)          :  5396        7900      8033 
...
