000 (854543.000.000) 08/18 04:57:19 Job submitted from host: <172.20.3.187:9618?addrs=172.20.3.187-9618&noUDP&sock=2043_e813_3>
...
001 (854543.000.000) 08/18 04:57:45 Job executing on host: <172.20.225.4:9618?addrs=172.20.225.4-9618&noUDP&sock=3366_5fdf_3>
...
006 (854543.000.000) 08/18 04:57:53 Image size of job updated: 21120
	21  -  MemoryUsage of job (MB)
	21120  -  ResidentSetSize of job (KB)
...
006 (854543.000.000) 08/18 05:02:53 Image size of job updated: 3807636
	3719  -  MemoryUsage of job (MB)
	3807500  -  ResidentSetSize of job (KB)
...
006 (854543.000.000) 08/18 05:07:54 Image size of job updated: 4631216
	4523  -  MemoryUsage of job (MB)
	4631080  -  ResidentSetSize of job (KB)
...
006 (854543.000.000) 08/18 05:12:55 Image size of job updated: 5387604
	5262  -  MemoryUsage of job (MB)
	5387468  -  ResidentSetSize of job (KB)
...
006 (854543.000.000) 08/18 05:17:55 Image size of job updated: 5387632
	5262  -  MemoryUsage of job (MB)
	5387496  -  ResidentSetSize of job (KB)
...
006 (854543.000.000) 08/18 05:22:55 Image size of job updated: 5387968
	5262  -  MemoryUsage of job (MB)
	5387968  -  ResidentSetSize of job (KB)
...
006 (854543.000.000) 08/18 05:27:56 Image size of job updated: 5388292
	5263  -  MemoryUsage of job (MB)
	5388292  -  ResidentSetSize of job (KB)
...
005 (854543.000.000) 08/18 05:31:09 Job terminated.
	(1) Normal termination (return value 0)
		Usr 0 00:31:42, Sys 0 00:00:35  -  Run Remote Usage
		Usr 0 00:00:00, Sys 0 00:00:00  -  Run Local Usage
		Usr 0 00:31:42, Sys 0 00:00:35  -  Total Remote Usage
		Usr 0 00:00:00, Sys 0 00:00:00  -  Total Local Usage
	2101  -  Run Bytes Sent By Job
	402  -  Run Bytes Received By Job
	2101  -  Total Bytes Sent By Job
	402  -  Total Bytes Received By Job
	Partitionable Resources :    Usage  Request Allocated 
	   Cpus                 :     0.01        1         1 
	   Disk (KB)            :   803           1 479779449 
	   Memory (MB)          :  5263        7900      8033 
...
