000 (854687.000.000) 08/18 04:57:24 Job submitted from host: <172.20.3.187:9618?addrs=172.20.3.187-9618&noUDP&sock=2043_e813_3>
...
001 (854687.000.000) 08/18 04:57:49 Job executing on host: <172.20.225.2:9618?addrs=172.20.225.2-9618&noUDP&sock=3424_285d_3>
...
006 (854687.000.000) 08/18 04:57:58 Image size of job updated: 21116
	21  -  MemoryUsage of job (MB)
	21116  -  ResidentSetSize of job (KB)
...
006 (854687.000.000) 08/18 05:02:59 Image size of job updated: 3807480
	3719  -  MemoryUsage of job (MB)
	3807392  -  ResidentSetSize of job (KB)
...
006 (854687.000.000) 08/18 05:08:00 Image size of job updated: 4630992
	4523  -  MemoryUsage of job (MB)
	4630904  -  ResidentSetSize of job (KB)
...
006 (854687.000.000) 08/18 05:13:00 Image size of job updated: 5387380
	5262  -  MemoryUsage of job (MB)
	5387292  -  ResidentSetSize of job (KB)
...
006 (854687.000.000) 08/18 05:18:00 Image size of job updated: 5387524
	5262  -  MemoryUsage of job (MB)
	5387436  -  ResidentSetSize of job (KB)
...
006 (854687.000.000) 08/18 05:23:01 Image size of job updated: 5388144
	5262  -  MemoryUsage of job (MB)
	5388136  -  ResidentSetSize of job (KB)
...
006 (854687.000.000) 08/18 05:28:01 Image size of job updated: 5573352
	5443  -  MemoryUsage of job (MB)
	5573344  -  ResidentSetSize of job (KB)
...
006 (854687.000.000) 08/18 05:30:25 Image size of job updated: 16647128
	5443  -  MemoryUsage of job (MB)
	5573376  -  ResidentSetSize of job (KB)
...
005 (854687.000.000) 08/18 05:30:26 Job terminated.
	(1) Normal termination (return value 0)
		Usr 0 00:31:03, Sys 0 00:00:35  -  Run Remote Usage
		Usr 0 00:00:00, Sys 0 00:00:00  -  Run Local Usage
		Usr 0 00:31:03, Sys 0 00:00:35  -  Total Remote Usage
		Usr 0 00:00:00, Sys 0 00:00:00  -  Total Local Usage
	2104  -  Run Bytes Sent By Job
	403  -  Run Bytes Received By Job
	2104  -  Total Bytes Sent By Job
	403  -  Total Bytes Received By Job
	Partitionable Resources :    Usage  Request Allocated 
	   Cpus                 :     1.00        1         1 
	   Disk (KB)            :   803           1 479786084 
	   Memory (MB)          :  5443        7900      8033 
...
