000 (858798.000.000) 08/18 04:59:41 Job submitted from host: <172.20.3.187:9618?addrs=172.20.3.187-9618&noUDP&sock=2043_e813_3>
...
001 (858798.000.000) 08/18 14:01:41 Job executing on host: <172.20.225.1:9618?addrs=172.20.225.1-9618&noUDP&sock=3382_5963_3>
...
006 (858798.000.000) 08/18 14:01:50 Image size of job updated: 21120
	21  -  MemoryUsage of job (MB)
	21120  -  ResidentSetSize of job (KB)
...
006 (858798.000.000) 08/18 14:06:51 Image size of job updated: 3974188
	3882  -  MemoryUsage of job (MB)
	3974188  -  ResidentSetSize of job (KB)
...
006 (858798.000.000) 08/18 14:11:52 Image size of job updated: 4797736
	4686  -  MemoryUsage of job (MB)
	4797736  -  ResidentSetSize of job (KB)
...
006 (858798.000.000) 08/18 14:16:52 Image size of job updated: 5554124
	5424  -  MemoryUsage of job (MB)
	5554124  -  ResidentSetSize of job (KB)
...
006 (858798.000.000) 08/18 14:21:52 Image size of job updated: 5554156
	5424  -  MemoryUsage of job (MB)
	5554156  -  ResidentSetSize of job (KB)
...
006 (858798.000.000) 08/18 14:26:53 Image size of job updated: 5554632
	5425  -  MemoryUsage of job (MB)
	5554632  -  ResidentSetSize of job (KB)
...
006 (858798.000.000) 08/18 14:31:53 Image size of job updated: 5554960
	5425  -  MemoryUsage of job (MB)
	5554960  -  ResidentSetSize of job (KB)
...
006 (858798.000.000) 08/18 14:36:53 Image size of job updated: 6283636
	6137  -  MemoryUsage of job (MB)
	6283560  -  ResidentSetSize of job (KB)
...
005 (858798.000.000) 08/18 14:37:45 Job terminated.
	(1) Normal termination (return value 0)
		Usr 0 00:34:28, Sys 0 00:00:35  -  Run Remote Usage
		Usr 0 00:00:00, Sys 0 00:00:00  -  Run Local Usage
		Usr 0 00:34:28, Sys 0 00:00:35  -  Total Remote Usage
		Usr 0 00:00:00, Sys 0 00:00:00  -  Total Local Usage
	2113  -  Run Bytes Sent By Job
	412  -  Run Bytes Received By Job
	2113  -  Total Bytes Sent By Job
	412  -  Total Bytes Received By Job
	Partitionable Resources :    Usage  Request Allocated 
	   Cpus                 :     0.69        1         1 
	   Disk (KB)            :   803           1 479786105 
	   Memory (MB)          :  6137        7900      8033 
...
