000 (859996.000.000) 08/18 05:00:21 Job submitted from host: <172.20.3.187:9618?addrs=172.20.3.187-9618&noUDP&sock=2043_e813_3>
...
001 (859996.000.000) 08/18 16:28:01 Job executing on host: <172.20.225.8:9618?addrs=172.20.225.8-9618&noUDP&sock=3440_21e1_3>
...
006 (859996.000.000) 08/18 16:28:09 Image size of job updated: 21120
	21  -  MemoryUsage of job (MB)
	21120  -  ResidentSetSize of job (KB)
...
006 (859996.000.000) 08/18 16:33:10 Image size of job updated: 4124516
	3937  -  MemoryUsage of job (MB)
	4031360  -  ResidentSetSize of job (KB)
...
006 (859996.000.000) 08/18 16:38:10 Image size of job updated: 4948036
	4742  -  MemoryUsage of job (MB)
	4854880  -  ResidentSetSize of job (KB)
...
006 (859996.000.000) 08/18 16:43:11 Image size of job updated: 5707200
	5480  -  MemoryUsage of job (MB)
	5611260  -  ResidentSetSize of job (KB)
...
006 (859996.000.000) 08/18 16:48:11 Image size of job updated: 5707200
	5480  -  MemoryUsage of job (MB)
	5611416  -  ResidentSetSize of job (KB)
...
006 (859996.000.000) 08/18 16:53:10 Image size of job updated: 5707200
	5481  -  MemoryUsage of job (MB)
	5612096  -  ResidentSetSize of job (KB)
...
006 (859996.000.000) 08/18 16:57:32 Image size of job updated: 6116168
	5481  -  MemoryUsage of job (MB)
	5612096  -  ResidentSetSize of job (KB)
...
005 (859996.000.000) 08/18 16:57:32 Job terminated.
	(1) Normal termination (return value 0)
		Usr 0 00:33:27, Sys 0 00:00:28  -  Run Remote Usage
		Usr 0 00:00:00, Sys 0 00:00:00  -  Run Local Usage
		Usr 0 00:33:27, Sys 0 00:00:28  -  Total Remote Usage
		Usr 0 00:00:00, Sys 0 00:00:00  -  Total Local Usage
	2110  -  Run Bytes Sent By Job
	411  -  Run Bytes Received By Job
	2110  -  Total Bytes Sent By Job
	411  -  Total Bytes Received By Job
	Partitionable Resources :    Usage  Request Allocated 
	   Cpus                 :     0.47        1         1 
	   Disk (KB)            :   803           1 479737977 
	   Memory (MB)          :  5481        7900      8033 
...
