000 (856642.000.000) 08/18 04:58:31 Job submitted from host: <172.20.3.187:9618?addrs=172.20.3.187-9618&noUDP&sock=2043_e813_3>
...
001 (856642.000.000) 08/18 08:47:02 Job executing on host: <172.20.225.4:9618?addrs=172.20.225.4-9618&noUDP&sock=3366_5fdf_3>
...
006 (856642.000.000) 08/18 08:47:12 Image size of job updated: 21116
	21  -  MemoryUsage of job (MB)
	21116  -  ResidentSetSize of job (KB)
...
006 (856642.000.000) 08/18 08:52:12 Image size of job updated: 3646156
	3561  -  MemoryUsage of job (MB)
	3646156  -  ResidentSetSize of job (KB)
...
006 (856642.000.000) 08/18 08:57:13 Image size of job updated: 4482180
	4378  -  MemoryUsage of job (MB)
	4482180  -  ResidentSetSize of job (KB)
...
006 (856642.000.000) 08/18 09:02:13 Image size of job updated: 5226064
	5104  -  MemoryUsage of job (MB)
	5226064  -  ResidentSetSize of job (KB)
...
006 (856642.000.000) 08/18 09:07:14 Image size of job updated: 5226200
	5104  -  MemoryUsage of job (MB)
	5226200  -  ResidentSetSize of job (KB)
...
006 (856642.000.000) 08/18 09:12:15 Image size of job updated: 5226892
	5105  -  MemoryUsage of job (MB)
	5226892  -  ResidentSetSize of job (KB)
...
006 (856642.000.000) 08/18 09:17:15 Image size of job updated: 5822904
	5686  -  MemoryUsage of job (MB)
	5821652  -  ResidentSetSize of job (KB)
...
005 (856642.000.000) 08/18 09:19:01 Job terminated.
	(1) Normal termination (return value 0)
		Usr 0 00:32:32, Sys 0 00:00:33  -  Run Remote Usage
		Usr 0 00:00:00, Sys 0 00:00:00  -  Run Local Usage
		Usr 0 00:32:32, Sys 0 00:00:33  -  Total Remote Usage
		Usr 0 00:00:00, Sys 0 00:00:00  -  Total Local Usage
	2111  -  Run Bytes Sent By Job
	415  -  Run Bytes Received By Job
	2111  -  Total Bytes Sent By Job
	415  -  Total Bytes Received By Job
	Partitionable Resources :    Usage  Request Allocated 
	   Cpus                 :     0.57        1         1 
	   Disk (KB)            :   803           1 479779449 
	   Memory (MB)          :  5686        7900      8033 
...
