000 (854910.000.000) 08/18 04:57:31 Job submitted from host: <172.20.3.187:9618?addrs=172.20.3.187-9618&noUDP&sock=2043_e813_3>
...
001 (854910.000.000) 08/18 05:32:08 Job executing on host: <172.20.225.4:9618?addrs=172.20.225.4-9618&noUDP&sock=3366_5fdf_3>
...
006 (854910.000.000) 08/18 05:32:16 Image size of job updated: 21120
	21  -  MemoryUsage of job (MB)
	21120  -  ResidentSetSize of job (KB)
...
006 (854910.000.000) 08/18 05:37:16 Image size of job updated: 3820412
	3719  -  MemoryUsage of job (MB)
	3807588  -  ResidentSetSize of job (KB)
...
006 (854910.000.000) 08/18 05:42:17 Image size of job updated: 4643932
	4523  -  MemoryUsage of job (MB)
	4631108  -  ResidentSetSize of job (KB)
...
006 (854910.000.000) 08/18 05:47:18 Image size of job updated: 5387492
	5262  -  MemoryUsage of job (MB)
	5387492  -  ResidentSetSize of job (KB)
...
006 (854910.000.000) 08/18 05:52:18 Image size of job updated: 5387524
	5262  -  MemoryUsage of job (MB)
	5387524  -  ResidentSetSize of job (KB)
...
006 (854910.000.000) 08/18 05:57:19 Image size of job updated: 5388000
	5262  -  MemoryUsage of job (MB)
	5388000  -  ResidentSetSize of job (KB)
...
006 (854910.000.000) 08/18 06:02:20 Image size of job updated: 5388328
	5263  -  MemoryUsage of job (MB)
	5388328  -  ResidentSetSize of job (KB)
...
005 (854910.000.000) 08/18 06:06:05 Job terminated.
	(1) Normal termination (return value 0)
		Usr 0 00:32:19, Sys 0 00:00:36  -  Run Remote Usage
		Usr 0 00:00:00, Sys 0 00:00:00  -  Run Local Usage
		Usr 0 00:32:19, Sys 0 00:00:36  -  Total Remote Usage
		Usr 0 00:00:00, Sys 0 00:00:00  -  Total Local Usage
	2104  -  Run Bytes Sent By Job
	403  -  Run Bytes Received By Job
	2104  -  Total Bytes Sent By Job
	403  -  Total Bytes Received By Job
	Partitionable Resources :    Usage  Request Allocated 
	   Cpus                 :        0        1         1 
	   Disk (KB)            :      803        1 479779449 
	   Memory (MB)          :     5263     7900      8033 
...
