000 (857661.000.000) 08/18 04:59:04 Job submitted from host: <172.20.3.187:9618?addrs=172.20.3.187-9618&noUDP&sock=2043_e813_3>
...
001 (857661.000.000) 08/18 11:43:07 Job executing on host: <172.20.225.8:9618?addrs=172.20.225.8-9618&noUDP&sock=3440_21e1_3>
...
006 (857661.000.000) 08/18 11:43:15 Image size of job updated: 21112
	21  -  MemoryUsage of job (MB)
	21112  -  ResidentSetSize of job (KB)
...
006 (857661.000.000) 08/18 11:48:16 Image size of job updated: 3830952
	3742  -  MemoryUsage of job (MB)
	3830952  -  ResidentSetSize of job (KB)
...
006 (857661.000.000) 08/18 11:53:16 Image size of job updated: 4526348
	4421  -  MemoryUsage of job (MB)
	4526348  -  ResidentSetSize of job (KB)
...
006 (857661.000.000) 08/18 11:58:17 Image size of job updated: 5270228
	5147  -  MemoryUsage of job (MB)
	5270228  -  ResidentSetSize of job (KB)
...
006 (857661.000.000) 08/18 12:03:18 Image size of job updated: 5270364
	5147  -  MemoryUsage of job (MB)
	5270364  -  ResidentSetSize of job (KB)
...
006 (857661.000.000) 08/18 12:08:18 Image size of job updated: 5271076
	5148  -  MemoryUsage of job (MB)
	5271076  -  ResidentSetSize of job (KB)
...
005 (857661.000.000) 08/18 12:17:31 Job terminated.
	(1) Normal termination (return value 0)
		Usr 0 00:33:33, Sys 0 00:00:35  -  Run Remote Usage
		Usr 0 00:00:00, Sys 0 00:00:00  -  Run Local Usage
		Usr 0 00:33:33, Sys 0 00:00:35  -  Total Remote Usage
		Usr 0 00:00:00, Sys 0 00:00:00  -  Total Local Usage
	2104  -  Run Bytes Sent By Job
	403  -  Run Bytes Received By Job
	2104  -  Total Bytes Sent By Job
	403  -  Total Bytes Received By Job
	Partitionable Resources :    Usage  Request Allocated 
	   Cpus                 :     0.96        1         1 
	   Disk (KB)            :   803           1 479737977 
	   Memory (MB)          :  5148        7900      8033 
...
