000 (857736.000.000) 08/18 04:59:07 Job submitted from host: <172.20.3.187:9618?addrs=172.20.3.187-9618&noUDP&sock=2043_e813_3>
...
001 (857736.000.000) 08/18 11:52:47 Job executing on host: <172.20.225.2:9618?addrs=172.20.225.2-9618&noUDP&sock=3424_285d_3>
...
006 (857736.000.000) 08/18 11:52:57 Image size of job updated: 21116
	21  -  MemoryUsage of job (MB)
	21116  -  ResidentSetSize of job (KB)
...
006 (857736.000.000) 08/18 11:57:57 Image size of job updated: 3686656
	3601  -  MemoryUsage of job (MB)
	3686656  -  ResidentSetSize of job (KB)
...
006 (857736.000.000) 08/18 12:02:58 Image size of job updated: 4510184
	4405  -  MemoryUsage of job (MB)
	4510184  -  ResidentSetSize of job (KB)
...
006 (857736.000.000) 08/18 12:07:58 Image size of job updated: 5266556
	5144  -  MemoryUsage of job (MB)
	5266556  -  ResidentSetSize of job (KB)
...
006 (857736.000.000) 08/18 12:12:58 Image size of job updated: 5266592
	5144  -  MemoryUsage of job (MB)
	5266592  -  ResidentSetSize of job (KB)
...
006 (857736.000.000) 08/18 12:17:58 Image size of job updated: 5267412
	5144  -  MemoryUsage of job (MB)
	5267396  -  ResidentSetSize of job (KB)
...
006 (857736.000.000) 08/18 12:22:59 Image size of job updated: 6003648
	5863  -  MemoryUsage of job (MB)
	6003548  -  ResidentSetSize of job (KB)
...
005 (857736.000.000) 08/18 12:23:51 Job terminated.
	(1) Normal termination (return value 0)
		Usr 0 00:33:07, Sys 0 00:00:33  -  Run Remote Usage
		Usr 0 00:00:00, Sys 0 00:00:00  -  Run Local Usage
		Usr 0 00:33:07, Sys 0 00:00:33  -  Total Remote Usage
		Usr 0 00:00:00, Sys 0 00:00:00  -  Total Local Usage
	2103  -  Run Bytes Sent By Job
	405  -  Run Bytes Received By Job
	2103  -  Total Bytes Sent By Job
	405  -  Total Bytes Received By Job
	Partitionable Resources :    Usage  Request Allocated 
	   Cpus                 :     0.64        1         1 
	   Disk (KB)            :   803           1 479786084 
	   Memory (MB)          :  5863        7900      8033 
...
