000 (858604.000.000) 08/18 04:59:35 Job submitted from host: <172.20.3.187:9618?addrs=172.20.3.187-9618&noUDP&sock=2043_e813_3>
...
001 (858604.000.000) 08/18 13:46:38 Job executing on host: <172.20.225.6:9618?addrs=172.20.225.6-9618&noUDP&sock=3382_5963_3>
...
006 (858604.000.000) 08/18 13:46:47 Image size of job updated: 21116
	21  -  MemoryUsage of job (MB)
	21116  -  ResidentSetSize of job (KB)
...
006 (858604.000.000) 08/18 13:51:48 Image size of job updated: 3974188
	3882  -  MemoryUsage of job (MB)
	3974188  -  ResidentSetSize of job (KB)
...
006 (858604.000.000) 08/18 13:56:48 Image size of job updated: 4810216
	4698  -  MemoryUsage of job (MB)
	4810216  -  ResidentSetSize of job (KB)
...
006 (858604.000.000) 08/18 14:01:49 Image size of job updated: 5554108
	5424  -  MemoryUsage of job (MB)
	5554108  -  ResidentSetSize of job (KB)
...
006 (858604.000.000) 08/18 14:06:49 Image size of job updated: 5554252
	5425  -  MemoryUsage of job (MB)
	5554252  -  ResidentSetSize of job (KB)
...
006 (858604.000.000) 08/18 14:11:49 Image size of job updated: 5554928
	5425  -  MemoryUsage of job (MB)
	5554928  -  ResidentSetSize of job (KB)
...
006 (858604.000.000) 08/18 14:16:50 Image size of job updated: 6091640
	5949  -  MemoryUsage of job (MB)
	6091540  -  ResidentSetSize of job (KB)
...
005 (858604.000.000) 08/18 14:19:00 Job terminated.
	(1) Normal termination (return value 0)
		Usr 0 00:33:27, Sys 0 00:00:34  -  Run Remote Usage
		Usr 0 00:00:00, Sys 0 00:00:00  -  Run Local Usage
		Usr 0 00:33:27, Sys 0 00:00:34  -  Total Remote Usage
		Usr 0 00:00:00, Sys 0 00:00:00  -  Total Local Usage
	2113  -  Run Bytes Sent By Job
	412  -  Run Bytes Received By Job
	2113  -  Total Bytes Sent By Job
	412  -  Total Bytes Received By Job
	Partitionable Resources :    Usage  Request Allocated 
	   Cpus                 :     0.55        1         1 
	   Disk (KB)            :   803           1 479749220 
	   Memory (MB)          :  5949        7900      8033 
...
