000 (860450.000.000) 08/18 05:00:37 Job submitted from host: <172.20.3.187:9618?addrs=172.20.3.187-9618&noUDP&sock=2043_e813_3>
...
001 (860450.000.000) 08/18 17:25:21 Job executing on host: <172.20.225.2:9618?addrs=172.20.225.2-9618&noUDP&sock=3424_285d_3>
...
006 (860450.000.000) 08/18 17:25:29 Image size of job updated: 21112
	21  -  MemoryUsage of job (MB)
	21112  -  ResidentSetSize of job (KB)
...
006 (860450.000.000) 08/18 17:30:29 Image size of job updated: 4036788
	3937  -  MemoryUsage of job (MB)
	4031024  -  ResidentSetSize of job (KB)
...
006 (860450.000.000) 08/18 17:35:30 Image size of job updated: 4860376
	4741  -  MemoryUsage of job (MB)
	4854580  -  ResidentSetSize of job (KB)
...
006 (860450.000.000) 08/18 17:40:31 Image size of job updated: 5616756
	5480  -  MemoryUsage of job (MB)
	5610960  -  ResidentSetSize of job (KB)
...
006 (860450.000.000) 08/18 17:45:31 Image size of job updated: 5616800
	5480  -  MemoryUsage of job (MB)
	5611004  -  ResidentSetSize of job (KB)
...
006 (860450.000.000) 08/18 17:50:32 Image size of job updated: 5616800
	5481  -  MemoryUsage of job (MB)
	5611816  -  ResidentSetSize of job (KB)
...
006 (860450.000.000) 08/18 17:55:33 Image size of job updated: 6132816
	5990  -  MemoryUsage of job (MB)
	6132816  -  ResidentSetSize of job (KB)
...
006 (860450.000.000) 08/18 17:57:18 Image size of job updated: 10035540
	5990  -  MemoryUsage of job (MB)
	6132816  -  ResidentSetSize of job (KB)
...
005 (860450.000.000) 08/18 17:57:18 Job terminated.
	(1) Normal termination (return value 0)
		Usr 0 00:34:41, Sys 0 00:00:31  -  Run Remote Usage
		Usr 0 00:00:00, Sys 0 00:00:00  -  Run Local Usage
		Usr 0 00:34:41, Sys 0 00:00:31  -  Total Remote Usage
		Usr 0 00:00:00, Sys 0 00:00:00  -  Total Local Usage
	2113  -  Run Bytes Sent By Job
	412  -  Run Bytes Received By Job
	2113  -  Total Bytes Sent By Job
	412  -  Total Bytes Received By Job
	Partitionable Resources :    Usage  Request Allocated 
	   Cpus                 :     1.00        1         1 
	   Disk (KB)            :   803           1 479786084 
	   Memory (MB)          :  5990        7900      8033 
...
