000 (855484.000.000) 08/18 04:57:54 Job submitted from host: <172.20.3.187:9618?addrs=172.20.3.187-9618&noUDP&sock=2043_e813_3>
...
001 (855484.000.000) 08/18 06:38:09 Job executing on host: <172.20.225.6:9618?addrs=172.20.225.6-9618&noUDP&sock=3382_5963_3>
...
006 (855484.000.000) 08/18 06:38:17 Image size of job updated: 21124
	21  -  MemoryUsage of job (MB)
	21124  -  ResidentSetSize of job (KB)
...
006 (855484.000.000) 08/18 06:43:17 Image size of job updated: 4454760
	4351  -  MemoryUsage of job (MB)
	4454760  -  ResidentSetSize of job (KB)
...
006 (855484.000.000) 08/18 06:48:18 Image size of job updated: 5237660
	5115  -  MemoryUsage of job (MB)
	5237660  -  ResidentSetSize of job (KB)
...
006 (855484.000.000) 08/18 06:53:18 Image size of job updated: 5237792
	5116  -  MemoryUsage of job (MB)
	5237792  -  ResidentSetSize of job (KB)
...
006 (855484.000.000) 08/18 06:58:19 Image size of job updated: 5237944
	5116  -  MemoryUsage of job (MB)
	5237944  -  ResidentSetSize of job (KB)
...
006 (855484.000.000) 08/18 07:03:21 Image size of job updated: 5238616
	5116  -  MemoryUsage of job (MB)
	5238616  -  ResidentSetSize of job (KB)
...
006 (855484.000.000) 08/18 07:08:20 Image size of job updated: 5982800
	5843  -  MemoryUsage of job (MB)
	5982472  -  ResidentSetSize of job (KB)
...
005 (855484.000.000) 08/18 07:09:00 Job terminated.
	(1) Normal termination (return value 0)
		Usr 0 00:31:38, Sys 0 00:00:35  -  Run Remote Usage
		Usr 0 00:00:00, Sys 0 00:00:00  -  Run Local Usage
		Usr 0 00:31:38, Sys 0 00:00:35  -  Total Remote Usage
		Usr 0 00:00:00, Sys 0 00:00:00  -  Total Local Usage
	2100  -  Run Bytes Sent By Job
	403  -  Run Bytes Received By Job
	2100  -  Total Bytes Sent By Job
	403  -  Total Bytes Received By Job
	Partitionable Resources :    Usage  Request Allocated 
	   Cpus                 :     0.50        1         1 
	   Disk (KB)            :   803           1 479749220 
	   Memory (MB)          :  5843        7900      8033 
...
