000 (856208.000.000) 08/18 04:58:17 Job submitted from host: <172.20.3.187:9618?addrs=172.20.3.187-9618&noUDP&sock=2043_e813_3>
...
001 (856208.000.000) 08/18 07:51:33 Job executing on host: <172.20.225.1:9618?addrs=172.20.225.1-9618&noUDP&sock=3382_5963_3>
...
006 (856208.000.000) 08/18 07:51:42 Image size of job updated: 21116
	21  -  MemoryUsage of job (MB)
	21116  -  ResidentSetSize of job (KB)
...
006 (856208.000.000) 08/18 07:56:43 Image size of job updated: 3779656
	3676  -  MemoryUsage of job (MB)
	3764184  -  ResidentSetSize of job (KB)
...
006 (856208.000.000) 08/18 08:01:43 Image size of job updated: 4602412
	4481  -  MemoryUsage of job (MB)
	4587704  -  ResidentSetSize of job (KB)
...
006 (856208.000.000) 08/18 08:06:44 Image size of job updated: 5344084
	5219  -  MemoryUsage of job (MB)
	5344084  -  ResidentSetSize of job (KB)
...
006 (856208.000.000) 08/18 08:11:45 Image size of job updated: 5344220
	5219  -  MemoryUsage of job (MB)
	5344220  -  ResidentSetSize of job (KB)
...
006 (856208.000.000) 08/18 08:16:46 Image size of job updated: 5344916
	5220  -  MemoryUsage of job (MB)
	5344916  -  ResidentSetSize of job (KB)
...
006 (856208.000.000) 08/18 08:21:47 Image size of job updated: 6661752
	6506  -  MemoryUsage of job (MB)
	6661752  -  ResidentSetSize of job (KB)
...
005 (856208.000.000) 08/18 08:23:12 Job terminated.
	(1) Normal termination (return value 0)
		Usr 0 00:32:06, Sys 0 00:00:30  -  Run Remote Usage
		Usr 0 00:00:00, Sys 0 00:00:00  -  Run Local Usage
		Usr 0 00:32:06, Sys 0 00:00:30  -  Total Remote Usage
		Usr 0 00:00:00, Sys 0 00:00:00  -  Total Local Usage
	2104  -  Run Bytes Sent By Job
	405  -  Run Bytes Received By Job
	2104  -  Total Bytes Sent By Job
	405  -  Total Bytes Received By Job
	Partitionable Resources :    Usage  Request Allocated 
	   Cpus                 :     0.52        1         1 
	   Disk (KB)            :   803           1 479786105 
	   Memory (MB)          :  6506        7900      8033 
...
