000 (860074.000.000) 08/18 05:00:24 Job submitted from host: <172.20.3.187:9618?addrs=172.20.3.187-9618&noUDP&sock=2043_e813_3>
...
001 (860074.000.000) 08/18 16:48:03 Job executing on host: <172.20.225.6:9618?addrs=172.20.225.6-9618&noUDP&sock=3382_5963_3>
...
006 (860074.000.000) 08/18 16:48:12 Image size of job updated: 20800
	21  -  MemoryUsage of job (MB)
	20800  -  ResidentSetSize of job (KB)
...
006 (860074.000.000) 08/18 16:53:12 Image size of job updated: 4172048
	4075  -  MemoryUsage of job (MB)
	4172048  -  ResidentSetSize of job (KB)
...
006 (860074.000.000) 08/18 16:58:12 Image size of job updated: 4867444
	4754  -  MemoryUsage of job (MB)
	4867444  -  ResidentSetSize of job (KB)
...
006 (860074.000.000) 08/18 17:03:13 Image size of job updated: 5611328
	5480  -  MemoryUsage of job (MB)
	5611328  -  ResidentSetSize of job (KB)
...
006 (860074.000.000) 08/18 17:08:13 Image size of job updated: 5611468
	5480  -  MemoryUsage of job (MB)
	5611468  -  ResidentSetSize of job (KB)
...
006 (860074.000.000) 08/18 17:13:14 Image size of job updated: 5612164
	5481  -  MemoryUsage of job (MB)
	5612164  -  ResidentSetSize of job (KB)
...
006 (860074.000.000) 08/18 17:18:14 Image size of job updated: 6101088
	5959  -  MemoryUsage of job (MB)
	6101088  -  ResidentSetSize of job (KB)
...
006 (860074.000.000) 08/18 17:20:37 Image size of job updated: 6101088
	5959  -  MemoryUsage of job (MB)
	6101104  -  ResidentSetSize of job (KB)
...
005 (860074.000.000) 08/18 17:20:37 Job terminated.
	(1) Normal termination (return value 0)
		Usr 0 00:32:07, Sys 0 00:00:33  -  Run Remote Usage
		Usr 0 00:00:00, Sys 0 00:00:00  -  Run Local Usage
		Usr 0 00:32:07, Sys 0 00:00:33  -  Total Remote Usage
		Usr 0 00:00:00, Sys 0 00:00:00  -  Total Local Usage
	2113  -  Run Bytes Sent By Job
	412  -  Run Bytes Received By Job
	2113  -  Total Bytes Sent By Job
	412  -  Total Bytes Received By Job
	Partitionable Resources :    Usage  Request Allocated 
	   Cpus                 :     0.81        1         1 
	   Disk (KB)            :   803           1 479749220 
	   Memory (MB)          :  5959        7900      8033 
...
