000 (857737.000.000) 08/18 04:59:07 Job submitted from host: <172.20.3.187:9618?addrs=172.20.3.187-9618&noUDP&sock=2043_e813_3>
...
001 (857737.000.000) 08/18 11:52:58 Job executing on host: <172.20.225.5:9618?addrs=172.20.225.5-9618&noUDP&sock=3375_8c39_3>
...
006 (857737.000.000) 08/18 11:53:06 Image size of job updated: 21120
	21  -  MemoryUsage of job (MB)
	21120  -  ResidentSetSize of job (KB)
...
006 (857737.000.000) 08/18 11:58:06 Image size of job updated: 3827444
	3738  -  MemoryUsage of job (MB)
	3827376  -  ResidentSetSize of job (KB)
...
006 (857737.000.000) 08/18 12:03:07 Image size of job updated: 5135344
	5015  -  MemoryUsage of job (MB)
	5135276  -  ResidentSetSize of job (KB)
...
006 (857737.000.000) 08/18 12:08:07 Image size of job updated: 5266660
	5144  -  MemoryUsage of job (MB)
	5266660  -  ResidentSetSize of job (KB)
...
006 (857737.000.000) 08/18 12:13:08 Image size of job updated: 5266824
	5144  -  MemoryUsage of job (MB)
	5266824  -  ResidentSetSize of job (KB)
...
006 (857737.000.000) 08/18 12:18:08 Image size of job updated: 5267484
	5145  -  MemoryUsage of job (MB)
	5267484  -  ResidentSetSize of job (KB)
...
005 (857737.000.000) 08/18 12:23:07 Job terminated.
	(1) Normal termination (return value 0)
		Usr 0 00:32:01, Sys 0 00:00:36  -  Run Remote Usage
		Usr 0 00:00:00, Sys 0 00:00:00  -  Run Local Usage
		Usr 0 00:32:01, Sys 0 00:00:36  -  Total Remote Usage
		Usr 0 00:00:00, Sys 0 00:00:00  -  Total Local Usage
	2103  -  Run Bytes Sent By Job
	405  -  Run Bytes Received By Job
	2103  -  Total Bytes Sent By Job
	405  -  Total Bytes Received By Job
	Partitionable Resources :    Usage  Request Allocated 
	   Cpus                 :     0.97        1         1 
	   Disk (KB)            :   803           1 479749220 
	   Memory (MB)          :  5145        7900      8033 
...
