000 (859869.000.000) 08/18 05:00:17 Job submitted from host: <172.20.3.187:9618?addrs=172.20.3.187-9618&noUDP&sock=2043_e813_3>
...
001 (859869.000.000) 08/18 16:14:27 Job executing on host: <172.20.225.2:9618?addrs=172.20.225.2-9618&noUDP&sock=3424_285d_3>
...
006 (859869.000.000) 08/18 16:14:35 Image size of job updated: 21120
	21  -  MemoryUsage of job (MB)
	21120  -  ResidentSetSize of job (KB)
...
006 (859869.000.000) 08/18 16:19:36 Image size of job updated: 3711692
	3622  -  MemoryUsage of job (MB)
	3708780  -  ResidentSetSize of job (KB)
...
006 (859869.000.000) 08/18 16:24:36 Image size of job updated: 4544820
	4439  -  MemoryUsage of job (MB)
	4544808  -  ResidentSetSize of job (KB)
...
006 (859869.000.000) 08/18 16:29:36 Image size of job updated: 5288704
	5165  -  MemoryUsage of job (MB)
	5288692  -  ResidentSetSize of job (KB)
...
006 (859869.000.000) 08/18 16:34:37 Image size of job updated: 5288880
	5165  -  MemoryUsage of job (MB)
	5288868  -  ResidentSetSize of job (KB)
...
006 (859869.000.000) 08/18 16:39:37 Image size of job updated: 5289520
	5166  -  MemoryUsage of job (MB)
	5289520  -  ResidentSetSize of job (KB)
...
006 (859869.000.000) 08/18 16:44:38 Image size of job updated: 5963664
	5824  -  MemoryUsage of job (MB)
	5963612  -  ResidentSetSize of job (KB)
...
005 (859869.000.000) 08/18 16:45:25 Job terminated.
	(1) Normal termination (return value 0)
		Usr 0 00:30:15, Sys 0 00:00:30  -  Run Remote Usage
		Usr 0 00:00:00, Sys 0 00:00:00  -  Run Local Usage
		Usr 0 00:30:15, Sys 0 00:00:30  -  Total Remote Usage
		Usr 0 00:00:00, Sys 0 00:00:00  -  Total Local Usage
	2109  -  Run Bytes Sent By Job
	408  -  Run Bytes Received By Job
	2109  -  Total Bytes Sent By Job
	408  -  Total Bytes Received By Job
	Partitionable Resources :    Usage  Request Allocated 
	   Cpus                 :     0.71        1         1 
	   Disk (KB)            :   803           1 479786084 
	   Memory (MB)          :  5824        7900      8033 
...
