000 (860152.000.000) 08/18 05:00:27 Job submitted from host: <172.20.3.187:9618?addrs=172.20.3.187-9618&noUDP&sock=2043_e813_3>
...
001 (860152.000.000) 08/18 16:49:03 Job executing on host: <172.20.225.2:9618?addrs=172.20.225.2-9618&noUDP&sock=3424_285d_3>
...
006 (860152.000.000) 08/18 16:49:11 Image size of job updated: 21120
	21  -  MemoryUsage of job (MB)
	21120  -  ResidentSetSize of job (KB)
...
006 (860152.000.000) 08/18 16:54:12 Image size of job updated: 4036068
	3938  -  MemoryUsage of job (MB)
	4031532  -  ResidentSetSize of job (KB)
...
006 (860152.000.000) 08/18 16:59:12 Image size of job updated: 5178344
	5053  -  MemoryUsage of job (MB)
	5173808  -  ResidentSetSize of job (KB)
...
006 (860152.000.000) 08/18 17:04:12 Image size of job updated: 5616008
	5480  -  MemoryUsage of job (MB)
	5611448  -  ResidentSetSize of job (KB)
...
006 (860152.000.000) 08/18 17:09:13 Image size of job updated: 5616008
	5481  -  MemoryUsage of job (MB)
	5611584  -  ResidentSetSize of job (KB)
...
006 (860152.000.000) 08/18 17:14:13 Image size of job updated: 5616008
	5481  -  MemoryUsage of job (MB)
	5612276  -  ResidentSetSize of job (KB)
...
006 (860152.000.000) 08/18 17:19:13 Image size of job updated: 6003384
	5863  -  MemoryUsage of job (MB)
	6002928  -  ResidentSetSize of job (KB)
...
006 (860152.000.000) 08/18 17:21:35 Image size of job updated: 10039868
	5865  -  MemoryUsage of job (MB)
	6005424  -  ResidentSetSize of job (KB)
...
005 (860152.000.000) 08/18 17:21:35 Job terminated.
	(1) Normal termination (return value 0)
		Usr 0 00:32:03, Sys 0 00:00:34  -  Run Remote Usage
		Usr 0 00:00:00, Sys 0 00:00:00  -  Run Local Usage
		Usr 0 00:32:03, Sys 0 00:00:34  -  Total Remote Usage
		Usr 0 00:00:00, Sys 0 00:00:00  -  Total Local Usage
	2113  -  Run Bytes Sent By Job
	412  -  Run Bytes Received By Job
	2113  -  Total Bytes Sent By Job
	412  -  Total Bytes Received By Job
	Partitionable Resources :    Usage  Request Allocated 
	   Cpus                 :     0.78        1         1 
	   Disk (KB)            :   803           1 479786084 
	   Memory (MB)          :  5865        7900      8033 
...
