000 (858402.000.000) 08/18 04:59:28 Job submitted from host: <172.20.3.187:9618?addrs=172.20.3.187-9618&noUDP&sock=2043_e813_3>
...
001 (858402.000.000) 08/18 13:20:13 Job executing on host: <172.20.225.2:9618?addrs=172.20.225.2-9618&noUDP&sock=3424_285d_3>
...
006 (858402.000.000) 08/18 13:20:21 Image size of job updated: 21112
	21  -  MemoryUsage of job (MB)
	21112  -  ResidentSetSize of job (KB)
...
006 (858402.000.000) 08/18 13:25:22 Image size of job updated: 3974088
	3881  -  MemoryUsage of job (MB)
	3974088  -  ResidentSetSize of job (KB)
...
006 (858402.000.000) 08/18 13:30:22 Image size of job updated: 4810108
	4698  -  MemoryUsage of job (MB)
	4810108  -  ResidentSetSize of job (KB)
...
006 (858402.000.000) 08/18 13:35:22 Image size of job updated: 5554000
	5424  -  MemoryUsage of job (MB)
	5554000  -  ResidentSetSize of job (KB)
...
006 (858402.000.000) 08/18 13:40:23 Image size of job updated: 5554032
	5424  -  MemoryUsage of job (MB)
	5554032  -  ResidentSetSize of job (KB)
...
006 (858402.000.000) 08/18 13:45:24 Image size of job updated: 5554836
	5425  -  MemoryUsage of job (MB)
	5554836  -  ResidentSetSize of job (KB)
...
006 (858402.000.000) 08/18 13:50:24 Image size of job updated: 5744152
	5610  -  MemoryUsage of job (MB)
	5743752  -  ResidentSetSize of job (KB)
...
006 (858402.000.000) 08/18 13:55:21 Image size of job updated: 5744152
	5610  -  MemoryUsage of job (MB)
	5743780  -  ResidentSetSize of job (KB)
...
005 (858402.000.000) 08/18 13:55:22 Job terminated.
	(1) Normal termination (return value 0)
		Usr 0 00:33:50, Sys 0 00:00:31  -  Run Remote Usage
		Usr 0 00:00:00, Sys 0 00:00:00  -  Run Local Usage
		Usr 0 00:33:50, Sys 0 00:00:31  -  Total Remote Usage
		Usr 0 00:00:00, Sys 0 00:00:00  -  Total Local Usage
	2110  -  Run Bytes Sent By Job
	411  -  Run Bytes Received By Job
	2110  -  Total Bytes Sent By Job
	411  -  Total Bytes Received By Job
	Partitionable Resources :    Usage  Request Allocated 
	   Cpus                 :     0.78        1         1 
	   Disk (KB)            :   803           1 479786084 
	   Memory (MB)          :  5610        7900      8033 
...
