000 (857879.000.000) 08/18 04:59:11 Job submitted from host: <172.20.3.187:9618?addrs=172.20.3.187-9618&noUDP&sock=2043_e813_3>
...
001 (857879.000.000) 08/18 12:17:06 Job executing on host: <172.20.225.8:9618?addrs=172.20.225.8-9618&noUDP&sock=3440_21e1_3>
...
006 (857879.000.000) 08/18 12:17:14 Image size of job updated: 20812
	21  -  MemoryUsage of job (MB)
	20812  -  ResidentSetSize of job (KB)
...
006 (857879.000.000) 08/18 12:22:14 Image size of job updated: 4792448
	4681  -  MemoryUsage of job (MB)
	4792448  -  ResidentSetSize of job (KB)
...
006 (857879.000.000) 08/18 12:27:15 Image size of job updated: 5230084
	5108  -  MemoryUsage of job (MB)
	5230084  -  ResidentSetSize of job (KB)
...
006 (857879.000.000) 08/18 12:32:16 Image size of job updated: 5230216
	5108  -  MemoryUsage of job (MB)
	5230216  -  ResidentSetSize of job (KB)
...
006 (857879.000.000) 08/18 12:37:16 Image size of job updated: 5230912
	5109  -  MemoryUsage of job (MB)
	5230912  -  ResidentSetSize of job (KB)
...
006 (857879.000.000) 08/18 12:42:17 Image size of job updated: 5408496
	5282  -  MemoryUsage of job (MB)
	5408496  -  ResidentSetSize of job (KB)
...
006 (857879.000.000) 08/18 12:44:48 Image size of job updated: 5848044
	5282  -  MemoryUsage of job (MB)
	5408508  -  ResidentSetSize of job (KB)
...
005 (857879.000.000) 08/18 12:44:48 Job terminated.
	(1) Normal termination (return value 0)
		Usr 0 00:33:18, Sys 0 00:00:42  -  Run Remote Usage
		Usr 0 00:00:00, Sys 0 00:00:00  -  Run Local Usage
		Usr 0 00:33:18, Sys 0 00:00:42  -  Total Remote Usage
		Usr 0 00:00:00, Sys 0 00:00:00  -  Total Local Usage
	2098  -  Run Bytes Sent By Job
	400  -  Run Bytes Received By Job
	2098  -  Total Bytes Sent By Job
	400  -  Total Bytes Received By Job
	Partitionable Resources :    Usage  Request Allocated 
	   Cpus                 :     0.98        1         1 
	   Disk (KB)            :   803           1 479737977 
	   Memory (MB)          :  5282        7900      8033 
...
