000 (855519.000.000) 08/18 04:57:55 Job submitted from host: <172.20.3.187:9618?addrs=172.20.3.187-9618&noUDP&sock=2043_e813_3>
...
001 (855519.000.000) 08/18 06:39:07 Job executing on host: <172.20.225.5:9618?addrs=172.20.225.5-9618&noUDP&sock=3375_8c39_3>
...
006 (855519.000.000) 08/18 06:39:16 Image size of job updated: 21120
	21  -  MemoryUsage of job (MB)
	21120  -  ResidentSetSize of job (KB)
...
006 (855519.000.000) 08/18 06:44:17 Image size of job updated: 4454976
	4351  -  MemoryUsage of job (MB)
	4454976  -  ResidentSetSize of job (KB)
...
006 (855519.000.000) 08/18 06:49:18 Image size of job updated: 5237888
	5116  -  MemoryUsage of job (MB)
	5237888  -  ResidentSetSize of job (KB)
...
006 (855519.000.000) 08/18 06:54:18 Image size of job updated: 5238004
	5116  -  MemoryUsage of job (MB)
	5238004  -  ResidentSetSize of job (KB)
...
006 (855519.000.000) 08/18 06:59:19 Image size of job updated: 5238160
	5116  -  MemoryUsage of job (MB)
	5238160  -  ResidentSetSize of job (KB)
...
006 (855519.000.000) 08/18 07:04:19 Image size of job updated: 5238820
	5117  -  MemoryUsage of job (MB)
	5238820  -  ResidentSetSize of job (KB)
...
006 (855519.000.000) 08/18 07:09:20 Image size of job updated: 5982628
	5842  -  MemoryUsage of job (MB)
	5982048  -  ResidentSetSize of job (KB)
...
005 (855519.000.000) 08/18 07:09:34 Job terminated.
	(1) Normal termination (return value 0)
		Usr 0 00:31:43, Sys 0 00:00:36  -  Run Remote Usage
		Usr 0 00:00:00, Sys 0 00:00:00  -  Run Local Usage
		Usr 0 00:31:43, Sys 0 00:00:36  -  Total Remote Usage
		Usr 0 00:00:00, Sys 0 00:00:00  -  Total Local Usage
	2102  -  Run Bytes Sent By Job
	404  -  Run Bytes Received By Job
	2102  -  Total Bytes Sent By Job
	404  -  Total Bytes Received By Job
	Partitionable Resources :    Usage  Request Allocated 
	   Cpus                 :     0.74        1         1 
	   Disk (KB)            :   803           1 479749220 
	   Memory (MB)          :  5842        7900      8033 
...
