000 (858059.000.000) 08/18 04:59:17 Job submitted from host: <172.20.3.187:9618?addrs=172.20.3.187-9618&noUDP&sock=2043_e813_3>
...
001 (858059.000.000) 08/18 12:42:26 Job executing on host: <172.20.225.6:9618?addrs=172.20.225.6-9618&noUDP&sock=3382_5963_3>
...
006 (858059.000.000) 08/18 12:42:35 Image size of job updated: 21116
	21  -  MemoryUsage of job (MB)
	21116  -  ResidentSetSize of job (KB)
...
006 (858059.000.000) 08/18 12:47:35 Image size of job updated: 4158896
	4062  -  MemoryUsage of job (MB)
	4158896  -  ResidentSetSize of job (KB)
...
006 (858059.000.000) 08/18 12:52:36 Image size of job updated: 5291816
	5168  -  MemoryUsage of job (MB)
	5291816  -  ResidentSetSize of job (KB)
...
006 (858059.000.000) 08/18 12:57:36 Image size of job updated: 5291944
	5168  -  MemoryUsage of job (MB)
	5291944  -  ResidentSetSize of job (KB)
...
006 (858059.000.000) 08/18 13:02:37 Image size of job updated: 5292416
	5169  -  MemoryUsage of job (MB)
	5292416  -  ResidentSetSize of job (KB)
...
006 (858059.000.000) 08/18 13:07:37 Image size of job updated: 5292760
	5169  -  MemoryUsage of job (MB)
	5292760  -  ResidentSetSize of job (KB)
...
006 (858059.000.000) 08/18 13:12:38 Image size of job updated: 5880624
	5743  -  MemoryUsage of job (MB)
	5880420  -  ResidentSetSize of job (KB)
...
005 (858059.000.000) 08/18 13:12:43 Job terminated.
	(1) Normal termination (return value 0)
		Usr 0 00:32:21, Sys 0 00:00:33  -  Run Remote Usage
		Usr 0 00:00:00, Sys 0 00:00:00  -  Run Local Usage
		Usr 0 00:32:21, Sys 0 00:00:33  -  Total Remote Usage
		Usr 0 00:00:00, Sys 0 00:00:00  -  Total Local Usage
	2100  -  Run Bytes Sent By Job
	403  -  Run Bytes Received By Job
	2100  -  Total Bytes Sent By Job
	403  -  Total Bytes Received By Job
	Partitionable Resources :    Usage  Request Allocated 
	   Cpus                 :     0.65        1         1 
	   Disk (KB)            :   803           1 479749220 
	   Memory (MB)          :  5743        7900      8033 
...
