000 (854796.000.000) 08/18 04:57:27 Job submitted from host: <172.20.3.187:9618?addrs=172.20.3.187-9618&noUDP&sock=2043_e813_3>
...
001 (854796.000.000) 08/18 05:26:01 Job executing on host: <172.20.225.4:9618?addrs=172.20.225.4-9618&noUDP&sock=3366_5fdf_3>
...
006 (854796.000.000) 08/18 05:26:09 Image size of job updated: 21116
	21  -  MemoryUsage of job (MB)
	21116  -  ResidentSetSize of job (KB)
...
006 (854796.000.000) 08/18 05:31:11 Image size of job updated: 4631340
	4523  -  MemoryUsage of job (MB)
	4631340  -  ResidentSetSize of job (KB)
...
006 (854796.000.000) 08/18 05:36:11 Image size of job updated: 5387744
	5262  -  MemoryUsage of job (MB)
	5387744  -  ResidentSetSize of job (KB)
...
006 (854796.000.000) 08/18 05:41:11 Image size of job updated: 5387884
	5262  -  MemoryUsage of job (MB)
	5387884  -  ResidentSetSize of job (KB)
...
006 (854796.000.000) 08/18 05:46:12 Image size of job updated: 5388564
	5263  -  MemoryUsage of job (MB)
	5388564  -  ResidentSetSize of job (KB)
...
006 (854796.000.000) 08/18 05:51:13 Image size of job updated: 5806400
	5671  -  MemoryUsage of job (MB)
	5806400  -  ResidentSetSize of job (KB)
...
005 (854796.000.000) 08/18 05:53:27 Job terminated.
	(1) Normal termination (return value 0)
		Usr 0 00:33:00, Sys 0 00:00:40  -  Run Remote Usage
		Usr 0 00:00:00, Sys 0 00:00:00  -  Run Local Usage
		Usr 0 00:33:00, Sys 0 00:00:40  -  Total Remote Usage
		Usr 0 00:00:00, Sys 0 00:00:00  -  Total Local Usage
	2104  -  Run Bytes Sent By Job
	403  -  Run Bytes Received By Job
	2104  -  Total Bytes Sent By Job
	403  -  Total Bytes Received By Job
	Partitionable Resources :    Usage  Request Allocated 
	   Cpus                 :     0.47        1         1 
	   Disk (KB)            :   803           1 479779449 
	   Memory (MB)          :  5671        7900      8033 
...
