000 (858745.000.000) 08/18 04:59:39 Job submitted from host: <172.20.3.187:9618?addrs=172.20.3.187-9618&noUDP&sock=2043_e813_3>
...
001 (858745.000.000) 08/18 13:56:39 Job executing on host: <172.20.225.5:9618?addrs=172.20.225.5-9618&noUDP&sock=3375_8c39_3>
...
006 (858745.000.000) 08/18 13:56:47 Image size of job updated: 21108
	21  -  MemoryUsage of job (MB)
	21108  -  ResidentSetSize of job (KB)
...
006 (858745.000.000) 08/18 14:01:47 Image size of job updated: 3974160
	3882  -  MemoryUsage of job (MB)
	3974160  -  ResidentSetSize of job (KB)
...
006 (858745.000.000) 08/18 14:06:48 Image size of job updated: 4797708
	4686  -  MemoryUsage of job (MB)
	4797708  -  ResidentSetSize of job (KB)
...
006 (858745.000.000) 08/18 14:11:49 Image size of job updated: 5554096
	5424  -  MemoryUsage of job (MB)
	5554096  -  ResidentSetSize of job (KB)
...
006 (858745.000.000) 08/18 14:16:49 Image size of job updated: 5554128
	5424  -  MemoryUsage of job (MB)
	5554128  -  ResidentSetSize of job (KB)
...
006 (858745.000.000) 08/18 14:21:49 Image size of job updated: 5554608
	5425  -  MemoryUsage of job (MB)
	5554608  -  ResidentSetSize of job (KB)
...
006 (858745.000.000) 08/18 14:26:50 Image size of job updated: 5751116
	5616  -  MemoryUsage of job (MB)
	5750136  -  ResidentSetSize of job (KB)
...
006 (858745.000.000) 08/18 14:30:46 Image size of job updated: 5751116
	5616  -  MemoryUsage of job (MB)
	5750152  -  ResidentSetSize of job (KB)
...
005 (858745.000.000) 08/18 14:30:46 Job terminated.
	(1) Normal termination (return value 0)
		Usr 0 00:33:32, Sys 0 00:00:32  -  Run Remote Usage
		Usr 0 00:00:00, Sys 0 00:00:00  -  Run Local Usage
		Usr 0 00:33:32, Sys 0 00:00:32  -  Total Remote Usage
		Usr 0 00:00:00, Sys 0 00:00:00  -  Total Local Usage
	2113  -  Run Bytes Sent By Job
	412  -  Run Bytes Received By Job
	2113  -  Total Bytes Sent By Job
	412  -  Total Bytes Received By Job
	Partitionable Resources :    Usage  Request Allocated 
	   Cpus                 :     0.51        1         1 
	   Disk (KB)            :   803           1 479749220 
	   Memory (MB)          :  5616        7900      8033 
...
