000 (859276.000.000) 08/18 04:59:57 Job submitted from host: <172.20.3.187:9618?addrs=172.20.3.187-9618&noUDP&sock=2043_e813_3>
...
001 (859276.000.000) 08/18 15:02:35 Job executing on host: <172.20.225.4:9618?addrs=172.20.225.4-9618&noUDP&sock=3366_5fdf_3>
...
006 (859276.000.000) 08/18 15:02:44 Image size of job updated: 21132
	21  -  MemoryUsage of job (MB)
	21132  -  ResidentSetSize of job (KB)
...
006 (859276.000.000) 08/18 15:07:46 Image size of job updated: 3738476
	3651  -  MemoryUsage of job (MB)
	3738476  -  ResidentSetSize of job (KB)
...
006 (859276.000.000) 08/18 15:12:47 Image size of job updated: 4562000
	4456  -  MemoryUsage of job (MB)
	4562000  -  ResidentSetSize of job (KB)
...
006 (859276.000.000) 08/18 15:17:48 Image size of job updated: 5318388
	5194  -  MemoryUsage of job (MB)
	5318388  -  ResidentSetSize of job (KB)
...
006 (859276.000.000) 08/18 15:22:49 Image size of job updated: 5318520
	5194  -  MemoryUsage of job (MB)
	5318520  -  ResidentSetSize of job (KB)
...
006 (859276.000.000) 08/18 15:27:50 Image size of job updated: 5319216
	5195  -  MemoryUsage of job (MB)
	5319216  -  ResidentSetSize of job (KB)
...
006 (859276.000.000) 08/18 15:32:50 Image size of job updated: 7391232
	7218  -  MemoryUsage of job (MB)
	7391232  -  ResidentSetSize of job (KB)
...
006 (859276.000.000) 08/18 15:33:46 Image size of job updated: 11549516
	7218  -  MemoryUsage of job (MB)
	7391232  -  ResidentSetSize of job (KB)
...
005 (859276.000.000) 08/18 15:33:47 Job terminated.
	(1) Normal termination (return value 0)
		Usr 0 00:34:02, Sys 0 00:00:33  -  Run Remote Usage
		Usr 0 00:00:00, Sys 0 00:00:00  -  Run Local Usage
		Usr 0 00:34:02, Sys 0 00:00:33  -  Total Remote Usage
		Usr 0 00:00:00, Sys 0 00:00:00  -  Total Local Usage
	2102  -  Run Bytes Sent By Job
	401  -  Run Bytes Received By Job
	2102  -  Total Bytes Sent By Job
	401  -  Total Bytes Received By Job
	Partitionable Resources :    Usage  Request Allocated 
	   Cpus                 :     0.98        1         1 
	   Disk (KB)            :   803           1 479779449 
	   Memory (MB)          :  7218        7900      8033 
...
