000 (856680.000.000) 08/18 04:58:32 Job submitted from host: <172.20.3.187:9618?addrs=172.20.3.187-9618&noUDP&sock=2043_e813_3>
...
001 (856680.000.000) 08/18 08:50:01 Job executing on host: <172.20.225.2:9618?addrs=172.20.225.2-9618&noUDP&sock=3424_285d_3>
...
006 (856680.000.000) 08/18 08:50:10 Image size of job updated: 21116
	21  -  MemoryUsage of job (MB)
	21116  -  ResidentSetSize of job (KB)
...
006 (856680.000.000) 08/18 08:55:11 Image size of job updated: 4117140
	4021  -  MemoryUsage of job (MB)
	4117056  -  ResidentSetSize of job (KB)
...
006 (856680.000.000) 08/18 09:00:12 Image size of job updated: 4812448
	4700  -  MemoryUsage of job (MB)
	4812448  -  ResidentSetSize of job (KB)
...
006 (856680.000.000) 08/18 09:05:14 Image size of job updated: 5250084
	5128  -  MemoryUsage of job (MB)
	5250084  -  ResidentSetSize of job (KB)
...
006 (856680.000.000) 08/18 09:10:12 Image size of job updated: 5250228
	5128  -  MemoryUsage of job (MB)
	5250228  -  ResidentSetSize of job (KB)
...
006 (856680.000.000) 08/18 09:15:13 Image size of job updated: 5250912
	5128  -  MemoryUsage of job (MB)
	5250912  -  ResidentSetSize of job (KB)
...
006 (856680.000.000) 08/18 09:20:13 Image size of job updated: 5970984
	5832  -  MemoryUsage of job (MB)
	5970952  -  ResidentSetSize of job (KB)
...
005 (856680.000.000) 08/18 09:21:36 Job terminated.
	(1) Normal termination (return value 0)
		Usr 0 00:31:46, Sys 0 00:00:31  -  Run Remote Usage
		Usr 0 00:00:00, Sys 0 00:00:00  -  Run Local Usage
		Usr 0 00:31:46, Sys 0 00:00:31  -  Total Remote Usage
		Usr 0 00:00:00, Sys 0 00:00:00  -  Total Local Usage
	2094  -  Run Bytes Sent By Job
	402  -  Run Bytes Received By Job
	2094  -  Total Bytes Sent By Job
	402  -  Total Bytes Received By Job
	Partitionable Resources :    Usage  Request Allocated 
	   Cpus                 :     0.54        1         1 
	   Disk (KB)            :   803           1 479786084 
	   Memory (MB)          :  5832        7900      8033 
...
