000 (858553.000.000) 08/18 04:59:33 Job submitted from host: <172.20.3.187:9618?addrs=172.20.3.187-9618&noUDP&sock=2043_e813_3>
...
001 (858553.000.000) 08/18 13:32:38 Job executing on host: <172.20.225.8:9618?addrs=172.20.225.8-9618&noUDP&sock=3440_21e1_3>
...
006 (858553.000.000) 08/18 13:32:47 Image size of job updated: 21120
	21  -  MemoryUsage of job (MB)
	21120  -  ResidentSetSize of job (KB)
...
006 (858553.000.000) 08/18 13:37:48 Image size of job updated: 4144960
	3882  -  MemoryUsage of job (MB)
	3974328  -  ResidentSetSize of job (KB)
...
006 (858553.000.000) 08/18 13:42:49 Image size of job updated: 4797848
	4686  -  MemoryUsage of job (MB)
	4797848  -  ResidentSetSize of job (KB)
...
006 (858553.000.000) 08/18 13:47:49 Image size of job updated: 5554240
	5425  -  MemoryUsage of job (MB)
	5554240  -  ResidentSetSize of job (KB)
...
006 (858553.000.000) 08/18 13:52:49 Image size of job updated: 5554276
	5425  -  MemoryUsage of job (MB)
	5554276  -  ResidentSetSize of job (KB)
...
006 (858553.000.000) 08/18 13:57:50 Image size of job updated: 5555080
	5425  -  MemoryUsage of job (MB)
	5555080  -  ResidentSetSize of job (KB)
...
006 (858553.000.000) 08/18 14:02:50 Image size of job updated: 6067464
	5923  -  MemoryUsage of job (MB)
	6064324  -  ResidentSetSize of job (KB)
...
006 (858553.000.000) 08/18 14:05:46 Image size of job updated: 9990512
	5923  -  MemoryUsage of job (MB)
	6064328  -  ResidentSetSize of job (KB)
...
005 (858553.000.000) 08/18 14:05:47 Job terminated.
	(1) Normal termination (return value 0)
		Usr 0 00:33:18, Sys 0 00:00:32  -  Run Remote Usage
		Usr 0 00:00:00, Sys 0 00:00:00  -  Run Local Usage
		Usr 0 00:33:18, Sys 0 00:00:32  -  Total Remote Usage
		Usr 0 00:00:00, Sys 0 00:00:00  -  Total Local Usage
	2113  -  Run Bytes Sent By Job
	412  -  Run Bytes Received By Job
	2113  -  Total Bytes Sent By Job
	412  -  Total Bytes Received By Job
	Partitionable Resources :    Usage  Request Allocated 
	   Cpus                 :     0.74        1         1 
	   Disk (KB)            :   803           1 479737977 
	   Memory (MB)          :  5923        7900      8033 
...
