000 (857268.000.000) 08/18 04:58:52 Job submitted from host: <172.20.3.187:9618?addrs=172.20.3.187-9618&noUDP&sock=2043_e813_3>
...
001 (857268.000.000) 08/18 10:41:28 Job executing on host: <172.20.225.1:9618?addrs=172.20.225.1-9618&noUDP&sock=3382_5963_3>
...
006 (857268.000.000) 08/18 10:41:36 Image size of job updated: 21116
	21  -  MemoryUsage of job (MB)
	21116  -  ResidentSetSize of job (KB)
...
006 (857268.000.000) 08/18 10:46:37 Image size of job updated: 5624084
	5493  -  MemoryUsage of job (MB)
	5624084  -  ResidentSetSize of job (KB)
...
006 (857268.000.000) 08/18 10:47:53 Image size of job updated: 5624084
	5496  -  MemoryUsage of job (MB)
	5626892  -  ResidentSetSize of job (KB)
...
005 (857268.000.000) 08/18 10:47:54 Job terminated.
	(1) Normal termination (return value 0)
		Usr 0 00:42:35, Sys 0 00:01:07  -  Run Remote Usage
		Usr 0 00:00:00, Sys 0 00:00:00  -  Run Local Usage
		Usr 0 00:42:35, Sys 0 00:01:07  -  Total Remote Usage
		Usr 0 00:00:00, Sys 0 00:00:00  -  Total Local Usage
	2113  -  Run Bytes Sent By Job
	414  -  Run Bytes Received By Job
	2113  -  Total Bytes Sent By Job
	414  -  Total Bytes Received By Job
	Partitionable Resources :    Usage  Request Allocated 
	   Cpus                 :     0.99        1         1 
	   Disk (KB)            :   803           1 479786105 
	   Memory (MB)          :  5496        7900      8033 
...
