000 (859044.000.000) 08/18 04:59:49 Job submitted from host: <172.20.3.187:9618?addrs=172.20.3.187-9618&noUDP&sock=2043_e813_3>
...
001 (859044.000.000) 08/18 14:34:18 Job executing on host: <172.20.225.2:9618?addrs=172.20.225.2-9618&noUDP&sock=3424_285d_3>
...
006 (859044.000.000) 08/18 14:34:26 Image size of job updated: 21116
	21  -  MemoryUsage of job (MB)
	21116  -  ResidentSetSize of job (KB)
...
006 (859044.000.000) 08/18 14:39:27 Image size of job updated: 3650324
	3565  -  MemoryUsage of job (MB)
	3650324  -  ResidentSetSize of job (KB)
...
006 (859044.000.000) 08/18 14:44:27 Image size of job updated: 4486348
	4382  -  MemoryUsage of job (MB)
	4486348  -  ResidentSetSize of job (KB)
...
006 (859044.000.000) 08/18 14:49:27 Image size of job updated: 5230232
	5108  -  MemoryUsage of job (MB)
	5230232  -  ResidentSetSize of job (KB)
...
006 (859044.000.000) 08/18 14:54:28 Image size of job updated: 5230364
	5108  -  MemoryUsage of job (MB)
	5230364  -  ResidentSetSize of job (KB)
...
006 (859044.000.000) 08/18 14:59:29 Image size of job updated: 5231064
	5109  -  MemoryUsage of job (MB)
	5231064  -  ResidentSetSize of job (KB)
...
006 (859044.000.000) 08/18 15:04:30 Image size of job updated: 5686212
	5553  -  MemoryUsage of job (MB)
	5685740  -  ResidentSetSize of job (KB)
...
006 (859044.000.000) 08/18 15:07:17 Image size of job updated: 5752564
	5553  -  MemoryUsage of job (MB)
	5685740  -  ResidentSetSize of job (KB)
...
005 (859044.000.000) 08/18 15:07:17 Job terminated.
	(1) Normal termination (return value 0)
		Usr 0 00:32:36, Sys 0 00:00:33  -  Run Remote Usage
		Usr 0 00:00:00, Sys 0 00:00:00  -  Run Local Usage
		Usr 0 00:32:36, Sys 0 00:00:33  -  Total Remote Usage
		Usr 0 00:00:00, Sys 0 00:00:00  -  Total Local Usage
	2115  -  Run Bytes Sent By Job
	417  -  Run Bytes Received By Job
	2115  -  Total Bytes Sent By Job
	417  -  Total Bytes Received By Job
	Partitionable Resources :    Usage  Request Allocated 
	   Cpus                 :     0.68        1         1 
	   Disk (KB)            :   803           1 479786084 
	   Memory (MB)          :  5553        7900      8033 
...
