000 (858095.000.000) 08/18 04:59:18 Job submitted from host: <172.20.3.187:9618?addrs=172.20.3.187-9618&noUDP&sock=2043_e813_3>
...
001 (858095.000.000) 08/18 12:46:05 Job executing on host: <172.20.225.5:9618?addrs=172.20.225.5-9618&noUDP&sock=3375_8c39_3>
...
006 (858095.000.000) 08/18 12:46:14 Image size of job updated: 21120
	21  -  MemoryUsage of job (MB)
	21120  -  ResidentSetSize of job (KB)
...
006 (858095.000.000) 08/18 12:51:16 Image size of job updated: 4159124
	4062  -  MemoryUsage of job (MB)
	4159124  -  ResidentSetSize of job (KB)
...
006 (858095.000.000) 08/18 12:56:16 Image size of job updated: 5292032
	5168  -  MemoryUsage of job (MB)
	5292032  -  ResidentSetSize of job (KB)
...
006 (858095.000.000) 08/18 13:01:16 Image size of job updated: 5292164
	5169  -  MemoryUsage of job (MB)
	5292164  -  ResidentSetSize of job (KB)
...
006 (858095.000.000) 08/18 13:06:17 Image size of job updated: 5292640
	5169  -  MemoryUsage of job (MB)
	5292640  -  ResidentSetSize of job (KB)
...
006 (858095.000.000) 08/18 13:11:17 Image size of job updated: 5292984
	5169  -  MemoryUsage of job (MB)
	5292984  -  ResidentSetSize of job (KB)
...
006 (858095.000.000) 08/18 13:16:18 Image size of job updated: 6117056
	5974  -  MemoryUsage of job (MB)
	6117044  -  ResidentSetSize of job (KB)
...
005 (858095.000.000) 08/18 13:16:28 Job terminated.
	(1) Normal termination (return value 0)
		Usr 0 00:34:44, Sys 0 00:00:36  -  Run Remote Usage
		Usr 0 00:00:00, Sys 0 00:00:00  -  Run Local Usage
		Usr 0 00:34:44, Sys 0 00:00:36  -  Total Remote Usage
		Usr 0 00:00:00, Sys 0 00:00:00  -  Total Local Usage
	2103  -  Run Bytes Sent By Job
	404  -  Run Bytes Received By Job
	2103  -  Total Bytes Sent By Job
	404  -  Total Bytes Received By Job
	Partitionable Resources :    Usage  Request Allocated 
	   Cpus                 :     0.69        1         1 
	   Disk (KB)            :   803           1 479749220 
	   Memory (MB)          :  5974        7900      8033 
...
