000 (857010.000.000) 08/18 04:58:43 Job submitted from host: <172.20.3.187:9618?addrs=172.20.3.187-9618&noUDP&sock=2043_e813_3>
...
001 (857010.000.000) 08/18 09:25:29 Job executing on host: <172.20.225.2:9618?addrs=172.20.225.2-9618&noUDP&sock=3424_285d_3>
...
006 (857010.000.000) 08/18 09:25:37 Image size of job updated: 21120
	21  -  MemoryUsage of job (MB)
	21120  -  ResidentSetSize of job (KB)
...
006 (857010.000.000) 08/18 09:30:38 Image size of job updated: 3660372
	3575  -  MemoryUsage of job (MB)
	3660372  -  ResidentSetSize of job (KB)
...
006 (857010.000.000) 08/18 09:35:38 Image size of job updated: 4321652
	4221  -  MemoryUsage of job (MB)
	4321652  -  ResidentSetSize of job (KB)
...
006 (857010.000.000) 08/18 09:40:38 Image size of job updated: 5186464
	5065  -  MemoryUsage of job (MB)
	5186464  -  ResidentSetSize of job (KB)
...
006 (857010.000.000) 08/18 09:45:39 Image size of job updated: 5187272
	5066  -  MemoryUsage of job (MB)
	5187272  -  ResidentSetSize of job (KB)
...
006 (857010.000.000) 08/18 09:50:39 Image size of job updated: 5191844
	5071  -  MemoryUsage of job (MB)
	5191844  -  ResidentSetSize of job (KB)
...
005 (857010.000.000) 08/18 09:54:22 Job terminated.
	(1) Normal termination (return value 0)
		Usr 0 00:30:33, Sys 0 00:00:33  -  Run Remote Usage
		Usr 0 00:00:00, Sys 0 00:00:00  -  Run Local Usage
		Usr 0 00:30:33, Sys 0 00:00:33  -  Total Remote Usage
		Usr 0 00:00:00, Sys 0 00:00:00  -  Total Local Usage
	2105  -  Run Bytes Sent By Job
	407  -  Run Bytes Received By Job
	2105  -  Total Bytes Sent By Job
	407  -  Total Bytes Received By Job
	Partitionable Resources :    Usage  Request Allocated 
	   Cpus                 :     0.73        1         1 
	   Disk (KB)            :   803           1 479786084 
	   Memory (MB)          :  5071        7900      8033 
...
