000 (860402.000.000) 08/18 05:00:35 Job submitted from host: <172.20.3.187:9618?addrs=172.20.3.187-9618&noUDP&sock=2043_e813_3>
...
001 (860402.000.000) 08/18 17:25:24 Job executing on host: <172.20.225.8:9618?addrs=172.20.225.8-9618&noUDP&sock=3440_21e1_3>
...
006 (860402.000.000) 08/18 17:25:34 Image size of job updated: 21108
	21  -  MemoryUsage of job (MB)
	21108  -  ResidentSetSize of job (KB)
...
006 (860402.000.000) 08/18 17:30:34 Image size of job updated: 4041160
	3937  -  MemoryUsage of job (MB)
	4031136  -  ResidentSetSize of job (KB)
...
006 (860402.000.000) 08/18 17:35:34 Image size of job updated: 5183436
	5053  -  MemoryUsage of job (MB)
	5173412  -  ResidentSetSize of job (KB)
...
006 (860402.000.000) 08/18 17:40:35 Image size of job updated: 5621192
	5480  -  MemoryUsage of job (MB)
	5611056  -  ResidentSetSize of job (KB)
...
006 (860402.000.000) 08/18 17:45:36 Image size of job updated: 5621676
	5481  -  MemoryUsage of job (MB)
	5611540  -  ResidentSetSize of job (KB)
...
006 (860402.000.000) 08/18 17:50:36 Image size of job updated: 6121768
	5979  -  MemoryUsage of job (MB)
	6121768  -  ResidentSetSize of job (KB)
...
006 (860402.000.000) 08/18 17:52:29 Image size of job updated: 10277760
	5979  -  MemoryUsage of job (MB)
	6121768  -  ResidentSetSize of job (KB)
...
005 (860402.000.000) 08/18 17:52:29 Job terminated.
	(1) Normal termination (return value 0)
		Usr 0 00:35:58, Sys 0 00:00:37  -  Run Remote Usage
		Usr 0 00:00:00, Sys 0 00:00:00  -  Run Local Usage
		Usr 0 00:35:58, Sys 0 00:00:37  -  Total Remote Usage
		Usr 0 00:00:00, Sys 0 00:00:00  -  Total Local Usage
	2113  -  Run Bytes Sent By Job
	412  -  Run Bytes Received By Job
	2113  -  Total Bytes Sent By Job
	412  -  Total Bytes Received By Job
	Partitionable Resources :    Usage  Request Allocated 
	   Cpus                 :     1.00        1         1 
	   Disk (KB)            :   803           1 479737977 
	   Memory (MB)          :  5979        7900      8033 
...
