000 (855252.000.000) 08/18 04:57:46 Job submitted from host: <172.20.3.187:9618?addrs=172.20.3.187-9618&noUDP&sock=2043_e813_3>
...
001 (855252.000.000) 08/18 06:07:04 Job executing on host: <172.20.225.8:9618?addrs=172.20.225.8-9618&noUDP&sock=3440_21e1_3>
...
006 (855252.000.000) 08/18 06:07:13 Image size of job updated: 21120
	21  -  MemoryUsage of job (MB)
	21120  -  ResidentSetSize of job (KB)
...
006 (855252.000.000) 08/18 06:12:14 Image size of job updated: 3678508
	3593  -  MemoryUsage of job (MB)
	3678508  -  ResidentSetSize of job (KB)
...
006 (855252.000.000) 08/18 06:17:14 Image size of job updated: 4502028
	4397  -  MemoryUsage of job (MB)
	4502028  -  ResidentSetSize of job (KB)
...
006 (855252.000.000) 08/18 06:22:15 Image size of job updated: 5258420
	5136  -  MemoryUsage of job (MB)
	5258420  -  ResidentSetSize of job (KB)
...
006 (855252.000.000) 08/18 06:27:16 Image size of job updated: 5258456
	5136  -  MemoryUsage of job (MB)
	5258456  -  ResidentSetSize of job (KB)
...
006 (855252.000.000) 08/18 06:32:17 Image size of job updated: 5259256
	5136  -  MemoryUsage of job (MB)
	5259256  -  ResidentSetSize of job (KB)
...
006 (855252.000.000) 08/18 06:37:17 Image size of job updated: 5435368
	5308  -  MemoryUsage of job (MB)
	5435368  -  ResidentSetSize of job (KB)
...
006 (855252.000.000) 08/18 06:40:08 Image size of job updated: 5435368
	5308  -  MemoryUsage of job (MB)
	5435392  -  ResidentSetSize of job (KB)
...
005 (855252.000.000) 08/18 06:40:08 Job terminated.
	(1) Normal termination (return value 0)
		Usr 0 00:31:32, Sys 0 00:00:30  -  Run Remote Usage
		Usr 0 00:00:00, Sys 0 00:00:00  -  Run Local Usage
		Usr 0 00:31:32, Sys 0 00:00:30  -  Total Remote Usage
		Usr 0 00:00:00, Sys 0 00:00:00  -  Total Local Usage
	2099  -  Run Bytes Sent By Job
	400  -  Run Bytes Received By Job
	2099  -  Total Bytes Sent By Job
	400  -  Total Bytes Received By Job
	Partitionable Resources :    Usage  Request Allocated 
	   Cpus                 :     0.65        1         1 
	   Disk (KB)            :   803           1 479737977 
	   Memory (MB)          :  5308        7900      8033 
...
