000 (859111.000.000) 08/18 04:59:52 Job submitted from host: <172.20.3.187:9618?addrs=172.20.3.187-9618&noUDP&sock=2043_e813_3>
...
001 (859111.000.000) 08/18 14:40:12 Job executing on host: <172.20.225.8:9618?addrs=172.20.225.8-9618&noUDP&sock=3440_21e1_3>
...
006 (859111.000.000) 08/18 14:40:21 Image size of job updated: 21120
	21  -  MemoryUsage of job (MB)
	21120  -  ResidentSetSize of job (KB)
...
006 (859111.000.000) 08/18 14:45:22 Image size of job updated: 4535412
	4430  -  MemoryUsage of job (MB)
	4535412  -  ResidentSetSize of job (KB)
...
006 (859111.000.000) 08/18 14:50:23 Image size of job updated: 5318316
	5194  -  MemoryUsage of job (MB)
	5318316  -  ResidentSetSize of job (KB)
...
006 (859111.000.000) 08/18 14:55:24 Image size of job updated: 5318444
	5194  -  MemoryUsage of job (MB)
	5318444  -  ResidentSetSize of job (KB)
...
006 (859111.000.000) 08/18 15:00:24 Image size of job updated: 5318608
	5194  -  MemoryUsage of job (MB)
	5318608  -  ResidentSetSize of job (KB)
...
006 (859111.000.000) 08/18 15:05:25 Image size of job updated: 5319276
	5195  -  MemoryUsage of job (MB)
	5319276  -  ResidentSetSize of job (KB)
...
006 (859111.000.000) 08/18 15:10:25 Image size of job updated: 6410564
	6261  -  MemoryUsage of job (MB)
	6410356  -  ResidentSetSize of job (KB)
...
005 (859111.000.000) 08/18 15:12:03 Job terminated.
	(1) Normal termination (return value 0)
		Usr 0 00:32:03, Sys 0 00:00:37  -  Run Remote Usage
		Usr 0 00:00:00, Sys 0 00:00:00  -  Run Local Usage
		Usr 0 00:32:03, Sys 0 00:00:37  -  Total Remote Usage
		Usr 0 00:00:00, Sys 0 00:00:00  -  Total Local Usage
	2091  -  Run Bytes Sent By Job
	399  -  Run Bytes Received By Job
	2091  -  Total Bytes Sent By Job
	399  -  Total Bytes Received By Job
	Partitionable Resources :    Usage  Request Allocated 
	   Cpus                 :     0.72        1         1 
	   Disk (KB)            :   803           1 479737977 
	   Memory (MB)          :  6261        7900      8033 
...
