000 (856525.000.000) 08/18 04:58:27 Job submitted from host: <172.20.3.187:9618?addrs=172.20.3.187-9618&noUDP&sock=2043_e813_3>
...
001 (856525.000.000) 08/18 08:32:54 Job executing on host: <172.20.225.2:9618?addrs=172.20.225.2-9618&noUDP&sock=3424_285d_3>
...
006 (856525.000.000) 08/18 08:33:02 Image size of job updated: 21112
	21  -  MemoryUsage of job (MB)
	21112  -  ResidentSetSize of job (KB)
...
006 (856525.000.000) 08/18 08:38:02 Image size of job updated: 3763944
	3676  -  MemoryUsage of job (MB)
	3763844  -  ResidentSetSize of job (KB)
...
006 (856525.000.000) 08/18 08:43:03 Image size of job updated: 4587396
	4480  -  MemoryUsage of job (MB)
	4587396  -  ResidentSetSize of job (KB)
...
006 (856525.000.000) 08/18 08:48:03 Image size of job updated: 5343780
	5219  -  MemoryUsage of job (MB)
	5343780  -  ResidentSetSize of job (KB)
...
006 (856525.000.000) 08/18 08:53:03 Image size of job updated: 5343820
	5219  -  MemoryUsage of job (MB)
	5343820  -  ResidentSetSize of job (KB)
...
006 (856525.000.000) 08/18 08:58:04 Image size of job updated: 5344624
	5220  -  MemoryUsage of job (MB)
	5344624  -  ResidentSetSize of job (KB)
...
006 (856525.000.000) 08/18 09:03:04 Image size of job updated: 5530592
	5401  -  MemoryUsage of job (MB)
	5530592  -  ResidentSetSize of job (KB)
...
006 (856525.000.000) 08/18 09:05:26 Image size of job updated: 5530592
	5401  -  MemoryUsage of job (MB)
	5530624  -  ResidentSetSize of job (KB)
...
005 (856525.000.000) 08/18 09:05:27 Job terminated.
	(1) Normal termination (return value 0)
		Usr 0 00:32:33, Sys 0 00:00:30  -  Run Remote Usage
		Usr 0 00:00:00, Sys 0 00:00:00  -  Run Local Usage
		Usr 0 00:32:33, Sys 0 00:00:30  -  Total Remote Usage
		Usr 0 00:00:00, Sys 0 00:00:00  -  Total Local Usage
	2107  -  Run Bytes Sent By Job
	406  -  Run Bytes Received By Job
	2107  -  Total Bytes Sent By Job
	406  -  Total Bytes Received By Job
	Partitionable Resources :    Usage  Request Allocated 
	   Cpus                 :     1.00        1         1 
	   Disk (KB)            :   803           1 479786084 
	   Memory (MB)          :  5401        7900      8033 
...
