000 (857002.000.000) 08/18 04:58:43 Job submitted from host: <172.20.3.187:9618?addrs=172.20.3.187-9618&noUDP&sock=2043_e813_3>
...
001 (857002.000.000) 08/18 09:25:29 Job executing on host: <172.20.225.8:9618?addrs=172.20.225.8-9618&noUDP&sock=3440_21e1_3>
...
006 (857002.000.000) 08/18 09:25:38 Image size of job updated: 21124
	21  -  MemoryUsage of job (MB)
	21124  -  ResidentSetSize of job (KB)
...
006 (857002.000.000) 08/18 09:30:40 Image size of job updated: 3793228
	3705  -  MemoryUsage of job (MB)
	3793228  -  ResidentSetSize of job (KB)
...
006 (857002.000.000) 08/18 09:35:40 Image size of job updated: 4488652
	4384  -  MemoryUsage of job (MB)
	4488628  -  ResidentSetSize of job (KB)
...
006 (857002.000.000) 08/18 09:40:41 Image size of job updated: 5232516
	5110  -  MemoryUsage of job (MB)
	5232516  -  ResidentSetSize of job (KB)
...
006 (857002.000.000) 08/18 09:45:41 Image size of job updated: 5232664
	5111  -  MemoryUsage of job (MB)
	5232664  -  ResidentSetSize of job (KB)
...
006 (857002.000.000) 08/18 09:50:42 Image size of job updated: 5233340
	5111  -  MemoryUsage of job (MB)
	5233340  -  ResidentSetSize of job (KB)
...
006 (857002.000.000) 08/18 09:54:43 Image size of job updated: 9934852
	5111  -  MemoryUsage of job (MB)
	5233340  -  ResidentSetSize of job (KB)
...
005 (857002.000.000) 08/18 09:54:48 Job terminated.
	(1) Normal termination (return value 0)
		Usr 0 00:32:43, Sys 0 00:00:33  -  Run Remote Usage
		Usr 0 00:00:00, Sys 0 00:00:00  -  Run Local Usage
		Usr 0 00:32:43, Sys 0 00:00:33  -  Total Remote Usage
		Usr 0 00:00:00, Sys 0 00:00:00  -  Total Local Usage
	2105  -  Run Bytes Sent By Job
	407  -  Run Bytes Received By Job
	2105  -  Total Bytes Sent By Job
	407  -  Total Bytes Received By Job
	Partitionable Resources :    Usage  Request Allocated 
	   Cpus                 :     0.93        1         1 
	   Disk (KB)            :   803           1 479737977 
	   Memory (MB)          :  5111        7900      8033 
...
