000 (857063.000.000) 08/18 04:58:45 Job submitted from host: <172.20.3.187:9618?addrs=172.20.3.187-9618&noUDP&sock=2043_e813_3>
...
001 (857063.000.000) 08/18 09:27:58 Job executing on host: <172.20.225.5:9618?addrs=172.20.225.5-9618&noUDP&sock=3375_8c39_3>
...
006 (857063.000.000) 08/18 09:28:06 Image size of job updated: 21120
	21  -  MemoryUsage of job (MB)
	21120  -  ResidentSetSize of job (KB)
...
006 (857063.000.000) 08/18 09:33:06 Image size of job updated: 3716316
	3630  -  MemoryUsage of job (MB)
	3716316  -  ResidentSetSize of job (KB)
...
006 (857063.000.000) 08/18 09:38:07 Image size of job updated: 4539832
	4434  -  MemoryUsage of job (MB)
	4539832  -  ResidentSetSize of job (KB)
...
006 (857063.000.000) 08/18 09:43:08 Image size of job updated: 5296220
	5173  -  MemoryUsage of job (MB)
	5296220  -  ResidentSetSize of job (KB)
...
006 (857063.000.000) 08/18 09:48:09 Image size of job updated: 5296372
	5173  -  MemoryUsage of job (MB)
	5296372  -  ResidentSetSize of job (KB)
...
006 (857063.000.000) 08/18 09:53:09 Image size of job updated: 5297056
	5173  -  MemoryUsage of job (MB)
	5297056  -  ResidentSetSize of job (KB)
...
005 (857063.000.000) 08/18 09:56:24 Job terminated.
	(1) Normal termination (return value 0)
		Usr 0 00:33:35, Sys 0 00:00:34  -  Run Remote Usage
		Usr 0 00:00:00, Sys 0 00:00:00  -  Run Local Usage
		Usr 0 00:33:35, Sys 0 00:00:34  -  Total Remote Usage
		Usr 0 00:00:00, Sys 0 00:00:00  -  Total Local Usage
	2109  -  Run Bytes Sent By Job
	410  -  Run Bytes Received By Job
	2109  -  Total Bytes Sent By Job
	410  -  Total Bytes Received By Job
	Partitionable Resources :    Usage  Request Allocated 
	   Cpus                 :     0.99        1         1 
	   Disk (KB)            :   803           1 479749220 
	   Memory (MB)          :  5173        7900      8033 
...
