000 (856779.000.000) 08/18 04:58:36 Job submitted from host: <172.20.3.187:9618?addrs=172.20.3.187-9618&noUDP&sock=2043_e813_3>
...
001 (856779.000.000) 08/18 08:55:40 Job executing on host: <172.20.225.5:9618?addrs=172.20.225.5-9618&noUDP&sock=3375_8c39_3>
...
006 (856779.000.000) 08/18 08:55:48 Image size of job updated: 21112
	21  -  MemoryUsage of job (MB)
	21112  -  ResidentSetSize of job (KB)
...
006 (856779.000.000) 08/18 09:00:49 Image size of job updated: 3670008
	3584  -  MemoryUsage of job (MB)
	3670004  -  ResidentSetSize of job (KB)
...
006 (856779.000.000) 08/18 09:05:49 Image size of job updated: 4493524
	4389  -  MemoryUsage of job (MB)
	4493524  -  ResidentSetSize of job (KB)
...
006 (856779.000.000) 08/18 09:10:49 Image size of job updated: 5249912
	5127  -  MemoryUsage of job (MB)
	5249912  -  ResidentSetSize of job (KB)
...
006 (856779.000.000) 08/18 09:15:50 Image size of job updated: 5250040
	5127  -  MemoryUsage of job (MB)
	5250040  -  ResidentSetSize of job (KB)
...
006 (856779.000.000) 08/18 09:20:50 Image size of job updated: 5250736
	5128  -  MemoryUsage of job (MB)
	5250736  -  ResidentSetSize of job (KB)
...
006 (856779.000.000) 08/18 09:25:50 Image size of job updated: 5537280
	5408  -  MemoryUsage of job (MB)
	5536876  -  ResidentSetSize of job (KB)
...
006 (856779.000.000) 08/18 09:27:24 Image size of job updated: 5537280
	5409  -  MemoryUsage of job (MB)
	5537892  -  ResidentSetSize of job (KB)
...
005 (856779.000.000) 08/18 09:27:26 Job terminated.
	(1) Normal termination (return value 0)
		Usr 0 00:31:44, Sys 0 00:00:30  -  Run Remote Usage
		Usr 0 00:00:00, Sys 0 00:00:00  -  Run Local Usage
		Usr 0 00:31:44, Sys 0 00:00:30  -  Total Remote Usage
		Usr 0 00:00:00, Sys 0 00:00:00  -  Total Local Usage
	2103  -  Run Bytes Sent By Job
	403  -  Run Bytes Received By Job
	2103  -  Total Bytes Sent By Job
	403  -  Total Bytes Received By Job
	Partitionable Resources :    Usage  Request Allocated 
	   Cpus                 :     1.00        1         1 
	   Disk (KB)            :   803           1 479749220 
	   Memory (MB)          :  5409        7900      8033 
...
