000 (857654.000.000) 08/18 04:59:04 Job submitted from host: <172.20.3.187:9618?addrs=172.20.3.187-9618&noUDP&sock=2043_e813_3>
...
001 (857654.000.000) 08/18 11:43:05 Job executing on host: <172.20.225.8:9618?addrs=172.20.225.8-9618&noUDP&sock=3440_21e1_3>
...
006 (857654.000.000) 08/18 11:43:13 Image size of job updated: 21120
	21  -  MemoryUsage of job (MB)
	21120  -  ResidentSetSize of job (KB)
...
006 (857654.000.000) 08/18 11:48:13 Image size of job updated: 3690444
	3604  -  MemoryUsage of job (MB)
	3690444  -  ResidentSetSize of job (KB)
...
006 (857654.000.000) 08/18 11:53:14 Image size of job updated: 4513964
	4409  -  MemoryUsage of job (MB)
	4513964  -  ResidentSetSize of job (KB)
...
006 (857654.000.000) 08/18 11:58:15 Image size of job updated: 5270352
	5147  -  MemoryUsage of job (MB)
	5270352  -  ResidentSetSize of job (KB)
...
006 (857654.000.000) 08/18 12:03:16 Image size of job updated: 5270484
	5147  -  MemoryUsage of job (MB)
	5270484  -  ResidentSetSize of job (KB)
...
006 (857654.000.000) 08/18 12:08:16 Image size of job updated: 5271184
	5148  -  MemoryUsage of job (MB)
	5271184  -  ResidentSetSize of job (KB)
...
006 (857654.000.000) 08/18 12:17:58 Image size of job updated: 11951644
	5148  -  MemoryUsage of job (MB)
	5271184  -  ResidentSetSize of job (KB)
...
005 (857654.000.000) 08/18 12:17:58 Job terminated.
	(1) Normal termination (return value 0)
		Usr 0 00:34:08, Sys 0 00:00:43  -  Run Remote Usage
		Usr 0 00:00:00, Sys 0 00:00:00  -  Run Local Usage
		Usr 0 00:34:08, Sys 0 00:00:43  -  Total Remote Usage
		Usr 0 00:00:00, Sys 0 00:00:00  -  Total Local Usage
	2104  -  Run Bytes Sent By Job
	403  -  Run Bytes Received By Job
	2104  -  Total Bytes Sent By Job
	403  -  Total Bytes Received By Job
	Partitionable Resources :    Usage  Request Allocated 
	   Cpus                 :     0.96        1         1 
	   Disk (KB)            :   803           1 479737977 
	   Memory (MB)          :  5148        7900      8033 
...
