000 (857018.000.000) 08/18 04:58:44 Job submitted from host: <172.20.3.187:9618?addrs=172.20.3.187-9618&noUDP&sock=2043_e813_3>
...
001 (857018.000.000) 08/18 09:25:29 Job executing on host: <172.20.225.5:9618?addrs=172.20.225.5-9618&noUDP&sock=3375_8c39_3>
...
006 (857018.000.000) 08/18 09:25:38 Image size of job updated: 21104
	21  -  MemoryUsage of job (MB)
	21104  -  ResidentSetSize of job (KB)
...
006 (857018.000.000) 08/18 09:30:38 Image size of job updated: 3857052
	3767  -  MemoryUsage of job (MB)
	3857052  -  ResidentSetSize of job (KB)
...
006 (857018.000.000) 08/18 09:35:38 Image size of job updated: 4552448
	4446  -  MemoryUsage of job (MB)
	4552448  -  ResidentSetSize of job (KB)
...
006 (857018.000.000) 08/18 09:40:39 Image size of job updated: 5296332
	5173  -  MemoryUsage of job (MB)
	5296332  -  ResidentSetSize of job (KB)
...
006 (857018.000.000) 08/18 09:45:40 Image size of job updated: 5296476
	5173  -  MemoryUsage of job (MB)
	5296476  -  ResidentSetSize of job (KB)
...
006 (857018.000.000) 08/18 09:50:40 Image size of job updated: 5297152
	5173  -  MemoryUsage of job (MB)
	5297152  -  ResidentSetSize of job (KB)
...
005 (857018.000.000) 08/18 09:55:09 Job terminated.
	(1) Normal termination (return value 0)
		Usr 0 00:32:42, Sys 0 00:00:34  -  Run Remote Usage
		Usr 0 00:00:00, Sys 0 00:00:00  -  Run Local Usage
		Usr 0 00:32:42, Sys 0 00:00:34  -  Total Remote Usage
		Usr 0 00:00:00, Sys 0 00:00:00  -  Total Local Usage
	2106  -  Run Bytes Sent By Job
	409  -  Run Bytes Received By Job
	2106  -  Total Bytes Sent By Job
	409  -  Total Bytes Received By Job
	Partitionable Resources :    Usage  Request Allocated 
	   Cpus                 :     0.87        1         1 
	   Disk (KB)            :   803           1 479749220 
	   Memory (MB)          :  5173        7900      8033 
...
