000 (860093.000.000) 08/18 05:00:25 Job submitted from host: <172.20.3.187:9618?addrs=172.20.3.187-9618&noUDP&sock=2043_e813_3>
...
001 (860093.000.000) 08/18 16:49:01 Job executing on host: <172.20.225.4:9618?addrs=172.20.225.4-9618&noUDP&sock=3366_5fdf_3>
...
006 (860093.000.000) 08/18 16:49:11 Image size of job updated: 21120
	21  -  MemoryUsage of job (MB)
	21120  -  ResidentSetSize of job (KB)
...
006 (860093.000.000) 08/18 16:54:11 Image size of job updated: 4031968
	3937  -  MemoryUsage of job (MB)
	4031396  -  ResidentSetSize of job (KB)
...
006 (860093.000.000) 08/18 16:59:12 Image size of job updated: 4855488
	4742  -  MemoryUsage of job (MB)
	4854916  -  ResidentSetSize of job (KB)
...
006 (860093.000.000) 08/18 17:04:12 Image size of job updated: 5611876
	5480  -  MemoryUsage of job (MB)
	5611304  -  ResidentSetSize of job (KB)
...
006 (860093.000.000) 08/18 17:09:12 Image size of job updated: 5611876
	5480  -  MemoryUsage of job (MB)
	5611340  -  ResidentSetSize of job (KB)
...
006 (860093.000.000) 08/18 17:14:13 Image size of job updated: 5611876
	5481  -  MemoryUsage of job (MB)
	5611808  -  ResidentSetSize of job (KB)
...
006 (860093.000.000) 08/18 17:19:13 Image size of job updated: 5612132
	5481  -  MemoryUsage of job (MB)
	5612132  -  ResidentSetSize of job (KB)
...
005 (860093.000.000) 08/18 17:23:39 Job terminated.
	(1) Normal termination (return value 0)
		Usr 0 00:34:05, Sys 0 00:00:33  -  Run Remote Usage
		Usr 0 00:00:00, Sys 0 00:00:00  -  Run Local Usage
		Usr 0 00:34:05, Sys 0 00:00:33  -  Total Remote Usage
		Usr 0 00:00:00, Sys 0 00:00:00  -  Total Local Usage
	2113  -  Run Bytes Sent By Job
	412  -  Run Bytes Received By Job
	2113  -  Total Bytes Sent By Job
	412  -  Total Bytes Received By Job
	Partitionable Resources :    Usage  Request Allocated 
	   Cpus                 :     0.92        1         1 
	   Disk (KB)            :   803           1 479779449 
	   Memory (MB)          :  5481        7900      8033 
...
