000 (858034.000.000) 08/18 04:59:16 Job submitted from host: <172.20.3.187:9618?addrs=172.20.3.187-9618&noUDP&sock=2043_e813_3>
...
001 (858034.000.000) 08/18 12:40:27 Job executing on host: <172.20.225.5:9618?addrs=172.20.225.5-9618&noUDP&sock=3375_8c39_3>
...
006 (858034.000.000) 08/18 12:40:36 Image size of job updated: 21124
	21  -  MemoryUsage of job (MB)
	21124  -  ResidentSetSize of job (KB)
...
006 (858034.000.000) 08/18 12:45:37 Image size of job updated: 4501884
	4397  -  MemoryUsage of job (MB)
	4501884  -  ResidentSetSize of job (KB)
...
006 (858034.000.000) 08/18 12:50:37 Image size of job updated: 5261396
	5139  -  MemoryUsage of job (MB)
	5261396  -  ResidentSetSize of job (KB)
...
006 (858034.000.000) 08/18 12:55:37 Image size of job updated: 5261436
	5139  -  MemoryUsage of job (MB)
	5261436  -  ResidentSetSize of job (KB)
...
006 (858034.000.000) 08/18 13:00:37 Image size of job updated: 5262240
	5139  -  MemoryUsage of job (MB)
	5262240  -  ResidentSetSize of job (KB)
...
006 (858034.000.000) 08/18 13:05:38 Image size of job updated: 5947588
	5809  -  MemoryUsage of job (MB)
	5947516  -  ResidentSetSize of job (KB)
...
006 (858034.000.000) 08/18 13:07:13 Image size of job updated: 6158560
	5809  -  MemoryUsage of job (MB)
	5947536  -  ResidentSetSize of job (KB)
...
005 (858034.000.000) 08/18 13:07:13 Job terminated.
	(1) Normal termination (return value 0)
		Usr 0 00:34:18, Sys 0 00:00:38  -  Run Remote Usage
		Usr 0 00:00:00, Sys 0 00:00:00  -  Run Local Usage
		Usr 0 00:34:18, Sys 0 00:00:38  -  Total Remote Usage
		Usr 0 00:00:00, Sys 0 00:00:00  -  Total Local Usage
	2107  -  Run Bytes Sent By Job
	406  -  Run Bytes Received By Job
	2107  -  Total Bytes Sent By Job
	406  -  Total Bytes Received By Job
	Partitionable Resources :    Usage  Request Allocated 
	   Cpus                 :     0.62        1         1 
	   Disk (KB)            :   803           1 479749220 
	   Memory (MB)          :  5809        7900      8033 
...
