000 (856040.000.000) 08/18 04:58:11 Job submitted from host: <172.20.3.187:9618?addrs=172.20.3.187-9618&noUDP&sock=2043_e813_3>
...
001 (856040.000.000) 08/18 07:41:21 Job executing on host: <172.20.225.4:9618?addrs=172.20.225.4-9618&noUDP&sock=3366_5fdf_3>
...
006 (856040.000.000) 08/18 07:41:29 Image size of job updated: 21120
	21  -  MemoryUsage of job (MB)
	21120  -  ResidentSetSize of job (KB)
...
006 (856040.000.000) 08/18 07:46:30 Image size of job updated: 3791408
	3696  -  MemoryUsage of job (MB)
	3784212  -  ResidentSetSize of job (KB)
...
006 (856040.000.000) 08/18 07:51:30 Image size of job updated: 4607744
	4500  -  MemoryUsage of job (MB)
	4607744  -  ResidentSetSize of job (KB)
...
006 (856040.000.000) 08/18 07:56:31 Image size of job updated: 5364144
	5239  -  MemoryUsage of job (MB)
	5364124  -  ResidentSetSize of job (KB)
...
006 (856040.000.000) 08/18 08:01:31 Image size of job updated: 5364184
	5239  -  MemoryUsage of job (MB)
	5364164  -  ResidentSetSize of job (KB)
...
006 (856040.000.000) 08/18 08:06:32 Image size of job updated: 5364960
	5240  -  MemoryUsage of job (MB)
	5364960  -  ResidentSetSize of job (KB)
...
006 (856040.000.000) 08/18 08:11:32 Image size of job updated: 5878572
	5709  -  MemoryUsage of job (MB)
	5845144  -  ResidentSetSize of job (KB)
...
005 (856040.000.000) 08/18 08:13:02 Job terminated.
	(1) Normal termination (return value 0)
		Usr 0 00:33:03, Sys 0 00:00:32  -  Run Remote Usage
		Usr 0 00:00:00, Sys 0 00:00:00  -  Run Local Usage
		Usr 0 00:33:03, Sys 0 00:00:32  -  Total Remote Usage
		Usr 0 00:00:00, Sys 0 00:00:00  -  Total Local Usage
	2113  -  Run Bytes Sent By Job
	412  -  Run Bytes Received By Job
	2113  -  Total Bytes Sent By Job
	412  -  Total Bytes Received By Job
	Partitionable Resources :    Usage  Request Allocated 
	   Cpus                 :     1.00        1         1 
	   Disk (KB)            :   803           1 479779449 
	   Memory (MB)          :  5709        7900      8033 
...
