000 (859342.000.000) 08/18 04:59:59 Job submitted from host: <172.20.3.187:9618?addrs=172.20.3.187-9618&noUDP&sock=2043_e813_3>
...
001 (859342.000.000) 08/18 15:08:35 Job executing on host: <172.20.225.4:9618?addrs=172.20.225.4-9618&noUDP&sock=3366_5fdf_3>
...
006 (859342.000.000) 08/18 15:08:43 Image size of job updated: 21120
	21  -  MemoryUsage of job (MB)
	21120  -  ResidentSetSize of job (KB)
...
006 (859342.000.000) 08/18 15:13:43 Image size of job updated: 3907408
	3652  -  MemoryUsage of job (MB)
	3738760  -  ResidentSetSize of job (KB)
...
006 (859342.000.000) 08/18 15:18:44 Image size of job updated: 4562456
	4456  -  MemoryUsage of job (MB)
	4562284  -  ResidentSetSize of job (KB)
...
006 (859342.000.000) 08/18 15:23:44 Image size of job updated: 5318668
	5195  -  MemoryUsage of job (MB)
	5318668  -  ResidentSetSize of job (KB)
...
006 (859342.000.000) 08/18 15:28:45 Image size of job updated: 5318808
	5195  -  MemoryUsage of job (MB)
	5318808  -  ResidentSetSize of job (KB)
...
006 (859342.000.000) 08/18 15:33:46 Image size of job updated: 6066536
	5925  -  MemoryUsage of job (MB)
	6066536  -  ResidentSetSize of job (KB)
...
006 (859342.000.000) 08/18 15:34:48 Image size of job updated: 8543216
	5925  -  MemoryUsage of job (MB)
	6066536  -  ResidentSetSize of job (KB)
...
005 (859342.000.000) 08/18 15:34:57 Job terminated.
	(1) Normal termination (return value 0)
		Usr 0 00:35:47, Sys 0 00:00:37  -  Run Remote Usage
		Usr 0 00:00:00, Sys 0 00:00:00  -  Run Local Usage
		Usr 0 00:35:47, Sys 0 00:00:37  -  Total Remote Usage
		Usr 0 00:00:00, Sys 0 00:00:00  -  Total Local Usage
	2102  -  Run Bytes Sent By Job
	401  -  Run Bytes Received By Job
	2102  -  Total Bytes Sent By Job
	401  -  Total Bytes Received By Job
	Partitionable Resources :    Usage  Request Allocated 
	   Cpus                 :     0.01        1         1 
	   Disk (KB)            :   803           1 479779449 
	   Memory (MB)          :  5925        7900      8033 
...
