000 (855979.000.000) 08/18 04:58:10 Job submitted from host: <172.20.3.187:9618?addrs=172.20.3.187-9618&noUDP&sock=2043_e813_3>
...
001 (855979.000.000) 08/18 07:34:12 Job executing on host: <172.20.225.6:9618?addrs=172.20.225.6-9618&noUDP&sock=3382_5963_3>
...
006 (855979.000.000) 08/18 07:34:21 Image size of job updated: 21116
	21  -  MemoryUsage of job (MB)
	21116  -  ResidentSetSize of job (KB)
...
006 (855979.000.000) 08/18 07:39:22 Image size of job updated: 3784112
	3696  -  MemoryUsage of job (MB)
	3784112  -  ResidentSetSize of job (KB)
...
006 (855979.000.000) 08/18 07:44:23 Image size of job updated: 4926388
	4811  -  MemoryUsage of job (MB)
	4926388  -  ResidentSetSize of job (KB)
...
006 (855979.000.000) 08/18 07:49:23 Image size of job updated: 5364040
	5239  -  MemoryUsage of job (MB)
	5364040  -  ResidentSetSize of job (KB)
...
006 (855979.000.000) 08/18 07:54:24 Image size of job updated: 5364208
	5239  -  MemoryUsage of job (MB)
	5364208  -  ResidentSetSize of job (KB)
...
006 (855979.000.000) 08/18 07:59:24 Image size of job updated: 5364852
	5240  -  MemoryUsage of job (MB)
	5364852  -  ResidentSetSize of job (KB)
...
006 (855979.000.000) 08/18 08:03:50 Image size of job updated: 5609608
	5240  -  MemoryUsage of job (MB)
	5364852  -  ResidentSetSize of job (KB)
...
005 (855979.000.000) 08/18 08:03:50 Job terminated.
	(1) Normal termination (return value 0)
		Usr 0 00:32:14, Sys 0 00:00:32  -  Run Remote Usage
		Usr 0 00:00:00, Sys 0 00:00:00  -  Run Local Usage
		Usr 0 00:32:14, Sys 0 00:00:32  -  Total Remote Usage
		Usr 0 00:00:00, Sys 0 00:00:00  -  Total Local Usage
	2113  -  Run Bytes Sent By Job
	412  -  Run Bytes Received By Job
	2113  -  Total Bytes Sent By Job
	412  -  Total Bytes Received By Job
	Partitionable Resources :    Usage  Request Allocated 
	   Cpus                 :     1.00        1         1 
	   Disk (KB)            :   803           1 479749220 
	   Memory (MB)          :  5240        7900      8033 
...
