000 (855089.000.000) 08/18 04:57:37 Job submitted from host: <172.20.3.187:9618?addrs=172.20.3.187-9618&noUDP&sock=2043_e813_3>
...
001 (855089.000.000) 08/18 05:54:01 Job executing on host: <172.20.225.4:9618?addrs=172.20.225.4-9618&noUDP&sock=3366_5fdf_3>
...
006 (855089.000.000) 08/18 05:54:09 Image size of job updated: 21116
	21  -  MemoryUsage of job (MB)
	21116  -  ResidentSetSize of job (KB)
...
006 (855089.000.000) 08/18 05:59:09 Image size of job updated: 3652664
	3568  -  MemoryUsage of job (MB)
	3652664  -  ResidentSetSize of job (KB)
...
006 (855089.000.000) 08/18 06:04:10 Image size of job updated: 5101200
	4982  -  MemoryUsage of job (MB)
	5101200  -  ResidentSetSize of job (KB)
...
006 (855089.000.000) 08/18 06:09:10 Image size of job updated: 5232592
	5110  -  MemoryUsage of job (MB)
	5232592  -  ResidentSetSize of job (KB)
...
006 (855089.000.000) 08/18 06:14:11 Image size of job updated: 5233064
	5111  -  MemoryUsage of job (MB)
	5233064  -  ResidentSetSize of job (KB)
...
006 (855089.000.000) 08/18 06:19:12 Image size of job updated: 5233408
	5111  -  MemoryUsage of job (MB)
	5233408  -  ResidentSetSize of job (KB)
...
005 (855089.000.000) 08/18 06:23:19 Job terminated.
	(1) Normal termination (return value 0)
		Usr 0 00:32:18, Sys 0 00:00:32  -  Run Remote Usage
		Usr 0 00:00:00, Sys 0 00:00:00  -  Run Local Usage
		Usr 0 00:32:18, Sys 0 00:00:32  -  Total Remote Usage
		Usr 0 00:00:00, Sys 0 00:00:00  -  Total Local Usage
	2103  -  Run Bytes Sent By Job
	405  -  Run Bytes Received By Job
	2103  -  Total Bytes Sent By Job
	405  -  Total Bytes Received By Job
	Partitionable Resources :    Usage  Request Allocated 
	   Cpus                 :     0.89        1         1 
	   Disk (KB)            :   803           1 479779449 
	   Memory (MB)          :  5111        7900      8033 
...
