000 (854819.000.000) 08/18 04:57:28 Job submitted from host: <172.20.3.187:9618?addrs=172.20.3.187-9618&noUDP&sock=2043_e813_3>
...
001 (854819.000.000) 08/18 05:30:01 Job executing on host: <172.20.225.8:9618?addrs=172.20.225.8-9618&noUDP&sock=3440_21e1_3>
...
006 (854819.000.000) 08/18 05:30:10 Image size of job updated: 20804
	21  -  MemoryUsage of job (MB)
	20804  -  ResidentSetSize of job (KB)
...
006 (854819.000.000) 08/18 05:35:11 Image size of job updated: 4643460
	4535  -  MemoryUsage of job (MB)
	4643460  -  ResidentSetSize of job (KB)
...
006 (854819.000.000) 08/18 05:40:12 Image size of job updated: 5387344
	5262  -  MemoryUsage of job (MB)
	5387344  -  ResidentSetSize of job (KB)
...
006 (854819.000.000) 08/18 05:45:12 Image size of job updated: 5387376
	5262  -  MemoryUsage of job (MB)
	5387376  -  ResidentSetSize of job (KB)
...
006 (854819.000.000) 08/18 05:50:12 Image size of job updated: 5387848
	5262  -  MemoryUsage of job (MB)
	5387848  -  ResidentSetSize of job (KB)
...
006 (854819.000.000) 08/18 05:55:13 Image size of job updated: 5388176
	5262  -  MemoryUsage of job (MB)
	5388176  -  ResidentSetSize of job (KB)
...
006 (854819.000.000) 08/18 05:58:48 Image size of job updated: 5825568
	5262  -  MemoryUsage of job (MB)
	5388176  -  ResidentSetSize of job (KB)
...
005 (854819.000.000) 08/18 05:58:48 Job terminated.
	(1) Normal termination (return value 0)
		Usr 0 00:33:18, Sys 0 00:00:43  -  Run Remote Usage
		Usr 0 00:00:00, Sys 0 00:00:00  -  Run Local Usage
		Usr 0 00:33:18, Sys 0 00:00:43  -  Total Remote Usage
		Usr 0 00:00:00, Sys 0 00:00:00  -  Total Local Usage
	2104  -  Run Bytes Sent By Job
	403  -  Run Bytes Received By Job
	2104  -  Total Bytes Sent By Job
	403  -  Total Bytes Received By Job
	Partitionable Resources :    Usage  Request Allocated 
	   Cpus                 :     0.45        1         1 
	   Disk (KB)            :   803           1 479737977 
	   Memory (MB)          :  5262        7900      8033 
...
