000 (854746.000.000) 08/18 04:57:26 Job submitted from host: <172.20.3.187:9618?addrs=172.20.3.187-9618&noUDP&sock=2043_e813_3>
...
001 (854746.000.000) 08/18 04:58:22 Job executing on host: <172.20.225.1:9618?addrs=172.20.225.1-9618&noUDP&sock=3382_5963_3>
...
006 (854746.000.000) 08/18 04:58:31 Image size of job updated: 20808
	21  -  MemoryUsage of job (MB)
	20808  -  ResidentSetSize of job (KB)
...
006 (854746.000.000) 08/18 05:03:32 Image size of job updated: 3847168
	3719  -  MemoryUsage of job (MB)
	3807684  -  ResidentSetSize of job (KB)
...
006 (854746.000.000) 08/18 05:08:33 Image size of job updated: 4670688
	4523  -  MemoryUsage of job (MB)
	4631204  -  ResidentSetSize of job (KB)
...
006 (854746.000.000) 08/18 05:13:33 Image size of job updated: 5427068
	5262  -  MemoryUsage of job (MB)
	5387584  -  ResidentSetSize of job (KB)
...
006 (854746.000.000) 08/18 05:18:34 Image size of job updated: 5427208
	5262  -  MemoryUsage of job (MB)
	5387724  -  ResidentSetSize of job (KB)
...
006 (854746.000.000) 08/18 05:23:34 Image size of job updated: 5427208
	5263  -  MemoryUsage of job (MB)
	5388424  -  ResidentSetSize of job (KB)
...
006 (854746.000.000) 08/18 05:28:35 Image size of job updated: 7564224
	7387  -  MemoryUsage of job (MB)
	7564224  -  ResidentSetSize of job (KB)
...
006 (854746.000.000) 08/18 05:30:54 Image size of job updated: 16644424
	7387  -  MemoryUsage of job (MB)
	7564224  -  ResidentSetSize of job (KB)
...
005 (854746.000.000) 08/18 05:30:54 Job terminated.
	(1) Normal termination (return value 0)
		Usr 0 00:31:49, Sys 0 00:00:33  -  Run Remote Usage
		Usr 0 00:00:00, Sys 0 00:00:00  -  Run Local Usage
		Usr 0 00:31:49, Sys 0 00:00:33  -  Total Remote Usage
		Usr 0 00:00:00, Sys 0 00:00:00  -  Total Local Usage
	2104  -  Run Bytes Sent By Job
	403  -  Run Bytes Received By Job
	2104  -  Total Bytes Sent By Job
	403  -  Total Bytes Received By Job
	Partitionable Resources :    Usage  Request Allocated 
	   Cpus                 :     1.00        1         1 
	   Disk (KB)            :   803           1 479786105 
	   Memory (MB)          :  7387        7900      8033 
...
