000 (856187.000.000) 08/18 04:58:16 Job submitted from host: <172.20.3.187:9618?addrs=172.20.3.187-9618&noUDP&sock=2043_e813_3>
...
001 (856187.000.000) 08/18 07:48:55 Job executing on host: <172.20.225.2:9618?addrs=172.20.225.2-9618&noUDP&sock=3424_285d_3>
...
006 (856187.000.000) 08/18 07:49:03 Image size of job updated: 21116
	21  -  MemoryUsage of job (MB)
	21116  -  ResidentSetSize of job (KB)
...
006 (856187.000.000) 08/18 07:54:04 Image size of job updated: 3918980
	3814  -  MemoryUsage of job (MB)
	3904624  -  ResidentSetSize of job (KB)
...
006 (856187.000.000) 08/18 07:59:04 Image size of job updated: 4600024
	4493  -  MemoryUsage of job (MB)
	4600024  -  ResidentSetSize of job (KB)
...
006 (856187.000.000) 08/18 08:04:04 Image size of job updated: 5343904
	5219  -  MemoryUsage of job (MB)
	5343904  -  ResidentSetSize of job (KB)
...
006 (856187.000.000) 08/18 08:09:05 Image size of job updated: 5344044
	5219  -  MemoryUsage of job (MB)
	5344044  -  ResidentSetSize of job (KB)
...
006 (856187.000.000) 08/18 08:14:06 Image size of job updated: 5344740
	5220  -  MemoryUsage of job (MB)
	5344740  -  ResidentSetSize of job (KB)
...
006 (856187.000.000) 08/18 08:19:05 Image size of job updated: 6663768
	6508  -  MemoryUsage of job (MB)
	6663632  -  ResidentSetSize of job (KB)
...
005 (856187.000.000) 08/18 08:20:38 Job terminated.
	(1) Normal termination (return value 0)
		Usr 0 00:31:52, Sys 0 00:00:31  -  Run Remote Usage
		Usr 0 00:00:00, Sys 0 00:00:00  -  Run Local Usage
		Usr 0 00:31:52, Sys 0 00:00:31  -  Total Remote Usage
		Usr 0 00:00:00, Sys 0 00:00:00  -  Total Local Usage
	2104  -  Run Bytes Sent By Job
	405  -  Run Bytes Received By Job
	2104  -  Total Bytes Sent By Job
	405  -  Total Bytes Received By Job
	Partitionable Resources :    Usage  Request Allocated 
	   Cpus                 :     0.67        1         1 
	   Disk (KB)            :   803           1 479786084 
	   Memory (MB)          :  6508        7900      8033 
...
