000 (859555.000.000) 08/18 05:00:07 Job submitted from host: <172.20.3.187:9618?addrs=172.20.3.187-9618&noUDP&sock=2043_e813_3>
...
001 (859555.000.000) 08/18 15:34:44 Job executing on host: <172.20.225.5:9618?addrs=172.20.225.5-9618&noUDP&sock=3375_8c39_3>
...
006 (859555.000.000) 08/18 15:34:52 Image size of job updated: 21116
	21  -  MemoryUsage of job (MB)
	21116  -  ResidentSetSize of job (KB)
...
006 (859555.000.000) 08/18 15:39:53 Image size of job updated: 3699908
	3614  -  MemoryUsage of job (MB)
	3699908  -  ResidentSetSize of job (KB)
...
006 (859555.000.000) 08/18 15:44:54 Image size of job updated: 4535940
	4430  -  MemoryUsage of job (MB)
	4535940  -  ResidentSetSize of job (KB)
...
006 (859555.000.000) 08/18 15:49:55 Image size of job updated: 5279836
	5157  -  MemoryUsage of job (MB)
	5279816  -  ResidentSetSize of job (KB)
...
006 (859555.000.000) 08/18 15:54:56 Image size of job updated: 5279868
	5157  -  MemoryUsage of job (MB)
	5279848  -  ResidentSetSize of job (KB)
...
006 (859555.000.000) 08/18 15:59:57 Image size of job updated: 5280320
	5157  -  MemoryUsage of job (MB)
	5280320  -  ResidentSetSize of job (KB)
...
006 (859555.000.000) 08/18 16:04:57 Image size of job updated: 5280652
	5157  -  MemoryUsage of job (MB)
	5280652  -  ResidentSetSize of job (KB)
...
006 (859555.000.000) 08/18 16:09:34 Image size of job updated: 15314152
	5157  -  MemoryUsage of job (MB)
	5280652  -  ResidentSetSize of job (KB)
...
005 (859555.000.000) 08/18 16:09:34 Job terminated.
	(1) Normal termination (return value 0)
		Usr 0 00:33:45, Sys 0 00:00:35  -  Run Remote Usage
		Usr 0 00:00:00, Sys 0 00:00:00  -  Run Local Usage
		Usr 0 00:33:45, Sys 0 00:00:35  -  Total Remote Usage
		Usr 0 00:00:00, Sys 0 00:00:00  -  Total Local Usage
	2107  -  Run Bytes Sent By Job
	406  -  Run Bytes Received By Job
	2107  -  Total Bytes Sent By Job
	406  -  Total Bytes Received By Job
	Partitionable Resources :    Usage  Request Allocated 
	   Cpus                 :     1.00        1         1 
	   Disk (KB)            :   803           1 479749220 
	   Memory (MB)          :  5157        7900      8033 
...
