000 (856864.000.000) 08/18 04:58:39 Job submitted from host: <172.20.3.187:9618?addrs=172.20.3.187-9618&noUDP&sock=2043_e813_3>
...
001 (856864.000.000) 08/18 09:12:32 Job executing on host: <172.20.225.4:9618?addrs=172.20.225.4-9618&noUDP&sock=3366_5fdf_3>
...
006 (856864.000.000) 08/18 09:12:41 Image size of job updated: 21116
	21  -  MemoryUsage of job (MB)
	21116  -  ResidentSetSize of job (KB)
...
006 (856864.000.000) 08/18 09:17:42 Image size of job updated: 3810080
	3721  -  MemoryUsage of job (MB)
	3810080  -  ResidentSetSize of job (KB)
...
006 (856864.000.000) 08/18 09:22:42 Image size of job updated: 4505480
	4400  -  MemoryUsage of job (MB)
	4505480  -  ResidentSetSize of job (KB)
...
006 (856864.000.000) 08/18 09:27:43 Image size of job updated: 5249364
	5127  -  MemoryUsage of job (MB)
	5249364  -  ResidentSetSize of job (KB)
...
006 (856864.000.000) 08/18 09:32:43 Image size of job updated: 5249496
	5127  -  MemoryUsage of job (MB)
	5249496  -  ResidentSetSize of job (KB)
...
006 (856864.000.000) 08/18 09:37:44 Image size of job updated: 5250192
	5128  -  MemoryUsage of job (MB)
	5250192  -  ResidentSetSize of job (KB)
...
006 (856864.000.000) 08/18 09:42:45 Image size of job updated: 5679932
	5547  -  MemoryUsage of job (MB)
	5679932  -  ResidentSetSize of job (KB)
...
006 (856864.000.000) 08/18 09:45:21 Image size of job updated: 5679932
	5547  -  MemoryUsage of job (MB)
	5679968  -  ResidentSetSize of job (KB)
...
005 (856864.000.000) 08/18 09:45:21 Job terminated.
	(1) Normal termination (return value 0)
		Usr 0 00:33:04, Sys 0 00:00:33  -  Run Remote Usage
		Usr 0 00:00:00, Sys 0 00:00:00  -  Run Local Usage
		Usr 0 00:33:04, Sys 0 00:00:33  -  Total Remote Usage
		Usr 0 00:00:00, Sys 0 00:00:00  -  Total Local Usage
	2099  -  Run Bytes Sent By Job
	401  -  Run Bytes Received By Job
	2099  -  Total Bytes Sent By Job
	401  -  Total Bytes Received By Job
	Partitionable Resources :    Usage  Request Allocated 
	   Cpus                 :     0.84        1         1 
	   Disk (KB)            :   803           1 479779449 
	   Memory (MB)          :  5547        7900      8033 
...
