000 (856461.000.000) 08/18 04:58:25 Job submitted from host: <172.20.3.187:9618?addrs=172.20.3.187-9618&noUDP&sock=2043_e813_3>
...
001 (856461.000.000) 08/18 08:21:09 Job executing on host: <172.20.225.8:9618?addrs=172.20.225.8-9618&noUDP&sock=3440_21e1_3>
...
006 (856461.000.000) 08/18 08:21:17 Image size of job updated: 21108
	21  -  MemoryUsage of job (MB)
	21108  -  ResidentSetSize of job (KB)
...
006 (856461.000.000) 08/18 08:26:17 Image size of job updated: 3763920
	3676  -  MemoryUsage of job (MB)
	3763920  -  ResidentSetSize of job (KB)
...
006 (856461.000.000) 08/18 08:31:18 Image size of job updated: 4587436
	4480  -  MemoryUsage of job (MB)
	4587436  -  ResidentSetSize of job (KB)
...
006 (856461.000.000) 08/18 08:36:18 Image size of job updated: 5343828
	5219  -  MemoryUsage of job (MB)
	5343828  -  ResidentSetSize of job (KB)
...
006 (856461.000.000) 08/18 08:41:19 Image size of job updated: 5343968
	5219  -  MemoryUsage of job (MB)
	5343968  -  ResidentSetSize of job (KB)
...
006 (856461.000.000) 08/18 08:46:19 Image size of job updated: 5344660
	5220  -  MemoryUsage of job (MB)
	5344660  -  ResidentSetSize of job (KB)
...
006 (856461.000.000) 08/18 08:51:19 Image size of job updated: 5544948
	5415  -  MemoryUsage of job (MB)
	5544432  -  ResidentSetSize of job (KB)
...
006 (856461.000.000) 08/18 08:53:36 Image size of job updated: 5544948
	5415  -  MemoryUsage of job (MB)
	5544476  -  ResidentSetSize of job (KB)
...
005 (856461.000.000) 08/18 08:53:37 Job terminated.
	(1) Normal termination (return value 0)
		Usr 0 00:32:31, Sys 0 00:00:32  -  Run Remote Usage
		Usr 0 00:00:00, Sys 0 00:00:00  -  Run Local Usage
		Usr 0 00:32:31, Sys 0 00:00:32  -  Total Remote Usage
		Usr 0 00:00:00, Sys 0 00:00:00  -  Total Local Usage
	2107  -  Run Bytes Sent By Job
	406  -  Run Bytes Received By Job
	2107  -  Total Bytes Sent By Job
	406  -  Total Bytes Received By Job
	Partitionable Resources :    Usage  Request Allocated 
	   Cpus                 :     0.82        1         1 
	   Disk (KB)            :   803           1 479737977 
	   Memory (MB)          :  5415        7900      8033 
...
