000 (860527.000.000) 08/18 05:00:39 Job submitted from host: <172.20.3.187:9618?addrs=172.20.3.187-9618&noUDP&sock=2043_e813_3>
...
001 (860527.000.000) 08/18 17:55:40 Job executing on host: <172.20.225.4:9618?addrs=172.20.225.4-9618&noUDP&sock=3366_5fdf_3>
...
006 (860527.000.000) 08/18 17:55:48 Image size of job updated: 21124
	21  -  MemoryUsage of job (MB)
	21124  -  ResidentSetSize of job (KB)
...
006 (860527.000.000) 08/18 18:00:49 Image size of job updated: 4031384
	3937  -  MemoryUsage of job (MB)
	4031384  -  ResidentSetSize of job (KB)
...
006 (860527.000.000) 08/18 18:05:49 Image size of job updated: 4854900
	4742  -  MemoryUsage of job (MB)
	4854900  -  ResidentSetSize of job (KB)
...
006 (860527.000.000) 08/18 18:10:49 Image size of job updated: 5611288
	5480  -  MemoryUsage of job (MB)
	5611288  -  ResidentSetSize of job (KB)
...
006 (860527.000.000) 08/18 18:15:50 Image size of job updated: 5611320
	5480  -  MemoryUsage of job (MB)
	5611320  -  ResidentSetSize of job (KB)
...
006 (860527.000.000) 08/18 18:20:51 Image size of job updated: 5611796
	5481  -  MemoryUsage of job (MB)
	5611796  -  ResidentSetSize of job (KB)
...
006 (860527.000.000) 08/18 18:25:52 Image size of job updated: 5612120
	5481  -  MemoryUsage of job (MB)
	5612120  -  ResidentSetSize of job (KB)
...
006 (860527.000.000) 08/18 18:29:58 Image size of job updated: 6112796
	5481  -  MemoryUsage of job (MB)
	5612120  -  ResidentSetSize of job (KB)
...
005 (860527.000.000) 08/18 18:29:58 Job terminated.
	(1) Normal termination (return value 0)
		Usr 0 00:34:18, Sys 0 00:00:36  -  Run Remote Usage
		Usr 0 00:00:00, Sys 0 00:00:00  -  Run Local Usage
		Usr 0 00:34:18, Sys 0 00:00:36  -  Total Remote Usage
		Usr 0 00:00:00, Sys 0 00:00:00  -  Total Local Usage
	2113  -  Run Bytes Sent By Job
	412  -  Run Bytes Received By Job
	2113  -  Total Bytes Sent By Job
	412  -  Total Bytes Received By Job
	Partitionable Resources :    Usage  Request Allocated 
	   Cpus                 :     1.00        1         1 
	   Disk (KB)            :   803           1 479779449 
	   Memory (MB)          :  5481        7900      8033 
...
