000 (855719.000.000) 08/18 04:58:01 Job submitted from host: <172.20.3.187:9618?addrs=172.20.3.187-9618&noUDP&sock=2043_e813_3>
...
001 (855719.000.000) 08/18 07:05:47 Job executing on host: <172.20.225.4:9618?addrs=172.20.225.4-9618&noUDP&sock=3366_5fdf_3>
...
006 (855719.000.000) 08/18 07:05:55 Image size of job updated: 21120
	21  -  MemoryUsage of job (MB)
	21120  -  ResidentSetSize of job (KB)
...
006 (855719.000.000) 08/18 07:10:56 Image size of job updated: 4529284
	4424  -  MemoryUsage of job (MB)
	4529284  -  ResidentSetSize of job (KB)
...
006 (855719.000.000) 08/18 07:15:57 Image size of job updated: 5312180
	5188  -  MemoryUsage of job (MB)
	5312180  -  ResidentSetSize of job (KB)
...
006 (855719.000.000) 08/18 07:20:57 Image size of job updated: 5312316
	5188  -  MemoryUsage of job (MB)
	5312316  -  ResidentSetSize of job (KB)
...
006 (855719.000.000) 08/18 07:25:57 Image size of job updated: 5312480
	5188  -  MemoryUsage of job (MB)
	5312480  -  ResidentSetSize of job (KB)
...
006 (855719.000.000) 08/18 07:30:57 Image size of job updated: 5313124
	5189  -  MemoryUsage of job (MB)
	5313124  -  ResidentSetSize of job (KB)
...
005 (855719.000.000) 08/18 07:34:14 Job terminated.
	(1) Normal termination (return value 0)
		Usr 0 00:33:03, Sys 0 00:00:36  -  Run Remote Usage
		Usr 0 00:00:00, Sys 0 00:00:00  -  Run Local Usage
		Usr 0 00:33:03, Sys 0 00:00:36  -  Total Remote Usage
		Usr 0 00:00:00, Sys 0 00:00:00  -  Total Local Usage
	2109  -  Run Bytes Sent By Job
	408  -  Run Bytes Received By Job
	2109  -  Total Bytes Sent By Job
	408  -  Total Bytes Received By Job
	Partitionable Resources :    Usage  Request Allocated 
	   Cpus                 :     0.56        1         1 
	   Disk (KB)            :   803           1 479779449 
	   Memory (MB)          :  5189        7900      8033 
...
