000 (856385.000.000) 08/18 04:58:23 Job submitted from host: <172.20.3.187:9618?addrs=172.20.3.187-9618&noUDP&sock=2043_e813_3>
...
001 (856385.000.000) 08/18 08:16:16 Job executing on host: <172.20.225.5:9618?addrs=172.20.225.5-9618&noUDP&sock=3375_8c39_3>
...
006 (856385.000.000) 08/18 08:16:24 Image size of job updated: 21124
	21  -  MemoryUsage of job (MB)
	21124  -  ResidentSetSize of job (KB)
...
006 (856385.000.000) 08/18 08:21:24 Image size of job updated: 3904848
	3814  -  MemoryUsage of job (MB)
	3904848  -  ResidentSetSize of job (KB)
...
006 (856385.000.000) 08/18 08:26:25 Image size of job updated: 4600248
	4493  -  MemoryUsage of job (MB)
	4600248  -  ResidentSetSize of job (KB)
...
006 (856385.000.000) 08/18 08:31:26 Image size of job updated: 5344132
	5219  -  MemoryUsage of job (MB)
	5344132  -  ResidentSetSize of job (KB)
...
006 (856385.000.000) 08/18 08:36:26 Image size of job updated: 5344256
	5219  -  MemoryUsage of job (MB)
	5344256  -  ResidentSetSize of job (KB)
...
006 (856385.000.000) 08/18 08:41:27 Image size of job updated: 5344952
	5220  -  MemoryUsage of job (MB)
	5344952  -  ResidentSetSize of job (KB)
...
006 (856385.000.000) 08/18 08:46:27 Image size of job updated: 6310920
	6141  -  MemoryUsage of job (MB)
	6287724  -  ResidentSetSize of job (KB)
...
006 (856385.000.000) 08/18 08:48:19 Image size of job updated: 7613896
	6141  -  MemoryUsage of job (MB)
	6287776  -  ResidentSetSize of job (KB)
...
005 (856385.000.000) 08/18 08:48:20 Job terminated.
	(1) Normal termination (return value 0)
		Usr 0 00:32:14, Sys 0 00:00:32  -  Run Remote Usage
		Usr 0 00:00:00, Sys 0 00:00:00  -  Run Local Usage
		Usr 0 00:32:14, Sys 0 00:00:32  -  Total Remote Usage
		Usr 0 00:00:00, Sys 0 00:00:00  -  Total Local Usage
	2107  -  Run Bytes Sent By Job
	406  -  Run Bytes Received By Job
	2107  -  Total Bytes Sent By Job
	406  -  Total Bytes Received By Job
	Partitionable Resources :    Usage  Request Allocated 
	   Cpus                 :     0.48        1         1 
	   Disk (KB)            :   803           1 479749220 
	   Memory (MB)          :  6141        7900      8033 
...
