000 (857560.000.000) 08/18 04:59:01 Job submitted from host: <172.20.3.187:9618?addrs=172.20.3.187-9618&noUDP&sock=2043_e813_3>
...
001 (857560.000.000) 08/18 11:41:04 Job executing on host: <172.20.225.6:9618?addrs=172.20.225.6-9618&noUDP&sock=3382_5963_3>
...
006 (857560.000.000) 08/18 11:41:13 Image size of job updated: 21108
	21  -  MemoryUsage of job (MB)
	21108  -  ResidentSetSize of job (KB)
...
006 (857560.000.000) 08/18 11:46:14 Image size of job updated: 3690004
	3604  -  MemoryUsage of job (MB)
	3690004  -  ResidentSetSize of job (KB)
...
006 (857560.000.000) 08/18 11:51:15 Image size of job updated: 4513524
	4408  -  MemoryUsage of job (MB)
	4513524  -  ResidentSetSize of job (KB)
...
006 (857560.000.000) 08/18 11:56:15 Image size of job updated: 5269904
	5147  -  MemoryUsage of job (MB)
	5269904  -  ResidentSetSize of job (KB)
...
006 (857560.000.000) 08/18 12:01:16 Image size of job updated: 5269948
	5147  -  MemoryUsage of job (MB)
	5269948  -  ResidentSetSize of job (KB)
...
006 (857560.000.000) 08/18 12:06:16 Image size of job updated: 5270428
	5147  -  MemoryUsage of job (MB)
	5270428  -  ResidentSetSize of job (KB)
...
006 (857560.000.000) 08/18 12:11:17 Image size of job updated: 5270752
	5148  -  MemoryUsage of job (MB)
	5270752  -  ResidentSetSize of job (KB)
...
006 (857560.000.000) 08/18 12:16:18 Image size of job updated: 6207452
	6062  -  MemoryUsage of job (MB)
	6207352  -  ResidentSetSize of job (KB)
...
006 (857560.000.000) 08/18 12:17:01 Image size of job updated: 7125652
	6062  -  MemoryUsage of job (MB)
	6207352  -  ResidentSetSize of job (KB)
...
005 (857560.000.000) 08/18 12:17:01 Job terminated.
	(1) Normal termination (return value 0)
		Usr 0 00:34:07, Sys 0 00:00:32  -  Run Remote Usage
		Usr 0 00:00:00, Sys 0 00:00:00  -  Run Local Usage
		Usr 0 00:34:07, Sys 0 00:00:32  -  Total Remote Usage
		Usr 0 00:00:00, Sys 0 00:00:00  -  Total Local Usage
	2101  -  Run Bytes Sent By Job
	402  -  Run Bytes Received By Job
	2101  -  Total Bytes Sent By Job
	402  -  Total Bytes Received By Job
	Partitionable Resources :    Usage  Request Allocated 
	   Cpus                 :     0.75        1         1 
	   Disk (KB)            :   803           1 479749220 
	   Memory (MB)          :  6062        7900      8033 
...
