000 (855230.000.000) 08/18 04:57:45 Job submitted from host: <172.20.3.187:9618?addrs=172.20.3.187-9618&noUDP&sock=2043_e813_3>
...
001 (855230.000.000) 08/18 06:06:02 Job executing on host: <172.20.225.5:9618?addrs=172.20.225.5-9618&noUDP&sock=3375_8c39_3>
...
006 (855230.000.000) 08/18 06:06:10 Image size of job updated: 21124
	21  -  MemoryUsage of job (MB)
	21124  -  ResidentSetSize of job (KB)
...
006 (855230.000.000) 08/18 06:11:10 Image size of job updated: 4475732
	4371  -  MemoryUsage of job (MB)
	4475732  -  ResidentSetSize of job (KB)
...
006 (855230.000.000) 08/18 06:16:10 Image size of job updated: 4821124
	4709  -  MemoryUsage of job (MB)
	4821124  -  ResidentSetSize of job (KB)
...
006 (855230.000.000) 08/18 06:21:10 Image size of job updated: 5258760
	5136  -  MemoryUsage of job (MB)
	5258760  -  ResidentSetSize of job (KB)
...
006 (855230.000.000) 08/18 06:26:11 Image size of job updated: 5258888
	5136  -  MemoryUsage of job (MB)
	5258888  -  ResidentSetSize of job (KB)
...
006 (855230.000.000) 08/18 06:31:12 Image size of job updated: 5259584
	5137  -  MemoryUsage of job (MB)
	5259584  -  ResidentSetSize of job (KB)
...
006 (855230.000.000) 08/18 06:36:12 Image size of job updated: 6316900
	6169  -  MemoryUsage of job (MB)
	6316060  -  ResidentSetSize of job (KB)
...
005 (855230.000.000) 08/18 06:37:19 Job terminated.
	(1) Normal termination (return value 0)
		Usr 0 00:31:26, Sys 0 00:00:32  -  Run Remote Usage
		Usr 0 00:00:00, Sys 0 00:00:00  -  Run Local Usage
		Usr 0 00:31:26, Sys 0 00:00:32  -  Total Remote Usage
		Usr 0 00:00:00, Sys 0 00:00:00  -  Total Local Usage
	2099  -  Run Bytes Sent By Job
	400  -  Run Bytes Received By Job
	2099  -  Total Bytes Sent By Job
	400  -  Total Bytes Received By Job
	Partitionable Resources :    Usage  Request Allocated 
	   Cpus                 :     0.57        1         1 
	   Disk (KB)            :   803           1 479749220 
	   Memory (MB)          :  6169        7900      8033 
...
