000 (859182.000.000) 08/18 04:59:54 Job submitted from host: <172.20.3.187:9618?addrs=172.20.3.187-9618&noUDP&sock=2043_e813_3>
...
001 (859182.000.000) 08/18 14:53:35 Job executing on host: <172.20.225.4:9618?addrs=172.20.225.4-9618&noUDP&sock=3366_5fdf_3>
...
006 (859182.000.000) 08/18 14:53:43 Image size of job updated: 21124
	21  -  MemoryUsage of job (MB)
	21124  -  ResidentSetSize of job (KB)
...
006 (859182.000.000) 08/18 14:58:43 Image size of job updated: 4185552
	4088  -  MemoryUsage of job (MB)
	4185552  -  ResidentSetSize of job (KB)
...
006 (859182.000.000) 08/18 15:03:45 Image size of job updated: 5318472
	5194  -  MemoryUsage of job (MB)
	5318472  -  ResidentSetSize of job (KB)
...
006 (859182.000.000) 08/18 15:08:45 Image size of job updated: 5318592
	5194  -  MemoryUsage of job (MB)
	5318592  -  ResidentSetSize of job (KB)
...
006 (859182.000.000) 08/18 15:13:46 Image size of job updated: 5318748
	5195  -  MemoryUsage of job (MB)
	5318748  -  ResidentSetSize of job (KB)
...
006 (859182.000.000) 08/18 15:18:46 Image size of job updated: 5319408
	5195  -  MemoryUsage of job (MB)
	5319408  -  ResidentSetSize of job (KB)
...
006 (859182.000.000) 08/18 15:23:46 Image size of job updated: 6526632
	6374  -  MemoryUsage of job (MB)
	6526632  -  ResidentSetSize of job (KB)
...
005 (859182.000.000) 08/18 15:24:58 Job terminated.
	(1) Normal termination (return value 0)
		Usr 0 00:33:27, Sys 0 00:00:35  -  Run Remote Usage
		Usr 0 00:00:00, Sys 0 00:00:00  -  Run Local Usage
		Usr 0 00:33:27, Sys 0 00:00:35  -  Total Remote Usage
		Usr 0 00:00:00, Sys 0 00:00:00  -  Total Local Usage
	2099  -  Run Bytes Sent By Job
	400  -  Run Bytes Received By Job
	2099  -  Total Bytes Sent By Job
	400  -  Total Bytes Received By Job
	Partitionable Resources :    Usage  Request Allocated 
	   Cpus                 :     0.56        1         1 
	   Disk (KB)            :   803           1 479779449 
	   Memory (MB)          :  6374        7900      8033 
...
