000 (857196.000.000) 08/18 04:58:49 Job submitted from host: <172.20.3.187:9618?addrs=172.20.3.187-9618&noUDP&sock=2043_e813_3>
...
001 (857196.000.000) 08/18 10:15:14 Job executing on host: <172.20.225.5:9618?addrs=172.20.225.5-9618&noUDP&sock=3375_8c39_3>
...
006 (857196.000.000) 08/18 10:15:23 Image size of job updated: 21124
	21  -  MemoryUsage of job (MB)
	21124  -  ResidentSetSize of job (KB)
...
006 (857196.000.000) 08/18 10:20:24 Image size of job updated: 4858264
	4745  -  MemoryUsage of job (MB)
	4858180  -  ResidentSetSize of job (KB)
...
006 (857196.000.000) 08/18 10:25:25 Image size of job updated: 5296640
	5173  -  MemoryUsage of job (MB)
	5296640  -  ResidentSetSize of job (KB)
...
005 (857196.000.000) 08/18 10:28:28 Job terminated.
	(1) Normal termination (return value 0)
		Usr 0 00:36:51, Sys 0 00:00:42  -  Run Remote Usage
		Usr 0 00:00:00, Sys 0 00:00:00  -  Run Local Usage
		Usr 0 00:36:51, Sys 0 00:00:42  -  Total Remote Usage
		Usr 0 00:00:00, Sys 0 00:00:00  -  Total Local Usage
	2112  -  Run Bytes Sent By Job
	411  -  Run Bytes Received By Job
	2112  -  Total Bytes Sent By Job
	411  -  Total Bytes Received By Job
	Partitionable Resources :    Usage  Request Allocated 
	   Cpus                 :     0.81        1         1 
	   Disk (KB)            :   803           1 479749220 
	   Memory (MB)          :  5173        7900      8033 
...
