000 (860296.000.000) 08/18 05:00:31 Job submitted from host: <172.20.3.187:9618?addrs=172.20.3.187-9618&noUDP&sock=2043_e813_3>
...
001 (860296.000.000) 08/18 17:09:02 Job executing on host: <172.20.225.1:9618?addrs=172.20.225.1-9618&noUDP&sock=3382_5963_3>
...
006 (860296.000.000) 08/18 17:09:10 Image size of job updated: 21112
	21  -  MemoryUsage of job (MB)
	21112  -  ResidentSetSize of job (KB)
...
006 (860296.000.000) 08/18 17:14:10 Image size of job updated: 4031344
	3937  -  MemoryUsage of job (MB)
	4031344  -  ResidentSetSize of job (KB)
...
006 (860296.000.000) 08/18 17:19:11 Image size of job updated: 4854892
	4742  -  MemoryUsage of job (MB)
	4854892  -  ResidentSetSize of job (KB)
...
006 (860296.000.000) 08/18 17:24:12 Image size of job updated: 5611288
	5480  -  MemoryUsage of job (MB)
	5611288  -  ResidentSetSize of job (KB)
...
006 (860296.000.000) 08/18 17:29:13 Image size of job updated: 5611784
	5481  -  MemoryUsage of job (MB)
	5611784  -  ResidentSetSize of job (KB)
...
006 (860296.000.000) 08/18 17:34:13 Image size of job updated: 5844600
	5708  -  MemoryUsage of job (MB)
	5844600  -  ResidentSetSize of job (KB)
...
006 (860296.000.000) 08/18 17:36:01 Image size of job updated: 8868332
	5710  -  MemoryUsage of job (MB)
	5846868  -  ResidentSetSize of job (KB)
...
005 (860296.000.000) 08/18 17:36:01 Job terminated.
	(1) Normal termination (return value 0)
		Usr 0 00:34:51, Sys 0 00:00:33  -  Run Remote Usage
		Usr 0 00:00:00, Sys 0 00:00:00  -  Run Local Usage
		Usr 0 00:34:51, Sys 0 00:00:33  -  Total Remote Usage
		Usr 0 00:00:00, Sys 0 00:00:00  -  Total Local Usage
	2113  -  Run Bytes Sent By Job
	412  -  Run Bytes Received By Job
	2113  -  Total Bytes Sent By Job
	412  -  Total Bytes Received By Job
	Partitionable Resources :    Usage  Request Allocated 
	   Cpus                 :     0.66        1         1 
	   Disk (KB)            :   803           1 479786105 
	   Memory (MB)          :  5710        7900      8033 
...
