000 (854649.000.000) 08/18 04:57:23 Job submitted from host: <172.20.3.187:9618?addrs=172.20.3.187-9618&noUDP&sock=2043_e813_3>
...
001 (854649.000.000) 08/18 04:57:50 Job executing on host: <172.20.225.6:9618?addrs=172.20.225.6-9618&noUDP&sock=3382_5963_3>
...
006 (854649.000.000) 08/18 04:57:58 Image size of job updated: 20792
	21  -  MemoryUsage of job (MB)
	20792  -  ResidentSetSize of job (KB)
...
006 (854649.000.000) 08/18 05:02:59 Image size of job updated: 3951580
	3856  -  MemoryUsage of job (MB)
	3948248  -  ResidentSetSize of job (KB)
...
006 (854649.000.000) 08/18 05:07:59 Image size of job updated: 4646976
	4535  -  MemoryUsage of job (MB)
	4643644  -  ResidentSetSize of job (KB)
...
006 (854649.000.000) 08/18 05:12:59 Image size of job updated: 5390856
	5262  -  MemoryUsage of job (MB)
	5387524  -  ResidentSetSize of job (KB)
...
006 (854649.000.000) 08/18 05:17:59 Image size of job updated: 5390892
	5262  -  MemoryUsage of job (MB)
	5387560  -  ResidentSetSize of job (KB)
...
006 (854649.000.000) 08/18 05:23:00 Image size of job updated: 5390892
	5262  -  MemoryUsage of job (MB)
	5388032  -  ResidentSetSize of job (KB)
...
006 (854649.000.000) 08/18 05:28:01 Image size of job updated: 5568872
	5439  -  MemoryUsage of job (MB)
	5568872  -  ResidentSetSize of job (KB)
...
006 (854649.000.000) 08/18 05:31:33 Image size of job updated: 7591872
	5439  -  MemoryUsage of job (MB)
	5568904  -  ResidentSetSize of job (KB)
...
005 (854649.000.000) 08/18 05:31:34 Job terminated.
	(1) Normal termination (return value 0)
		Usr 0 00:32:58, Sys 0 00:00:34  -  Run Remote Usage
		Usr 0 00:00:00, Sys 0 00:00:00  -  Run Local Usage
		Usr 0 00:32:58, Sys 0 00:00:34  -  Total Remote Usage
		Usr 0 00:00:00, Sys 0 00:00:00  -  Total Local Usage
	2104  -  Run Bytes Sent By Job
	403  -  Run Bytes Received By Job
	2104  -  Total Bytes Sent By Job
	403  -  Total Bytes Received By Job
	Partitionable Resources :    Usage  Request Allocated 
	   Cpus                 :     0.97        1         1 
	   Disk (KB)            :   803           1 479749220 
	   Memory (MB)          :  5439        7900      8033 
...
