000 (858013.000.000) 08/18 04:59:16 Job submitted from host: <172.20.3.187:9618?addrs=172.20.3.187-9618&noUDP&sock=2043_e813_3>
...
001 (858013.000.000) 08/18 12:32:13 Job executing on host: <172.20.225.6:9618?addrs=172.20.225.6-9618&noUDP&sock=3382_5963_3>
...
006 (858013.000.000) 08/18 12:32:21 Image size of job updated: 21120
	21  -  MemoryUsage of job (MB)
	21120  -  ResidentSetSize of job (KB)
...
006 (858013.000.000) 08/18 12:37:21 Image size of job updated: 3683044
	3596  -  MemoryUsage of job (MB)
	3681732  -  ResidentSetSize of job (KB)
...
006 (858013.000.000) 08/18 12:42:22 Image size of job updated: 4517756
	4412  -  MemoryUsage of job (MB)
	4517756  -  ResidentSetSize of job (KB)
...
006 (858013.000.000) 08/18 12:47:22 Image size of job updated: 5261640
	5139  -  MemoryUsage of job (MB)
	5261640  -  ResidentSetSize of job (KB)
...
006 (858013.000.000) 08/18 12:52:23 Image size of job updated: 5261812
	5139  -  MemoryUsage of job (MB)
	5261812  -  ResidentSetSize of job (KB)
...
006 (858013.000.000) 08/18 12:57:24 Image size of job updated: 5262472
	5140  -  MemoryUsage of job (MB)
	5262472  -  ResidentSetSize of job (KB)
...
006 (858013.000.000) 08/18 13:02:24 Image size of job updated: 6140908
	5951  -  MemoryUsage of job (MB)
	6093192  -  ResidentSetSize of job (KB)
...
005 (858013.000.000) 08/18 13:03:56 Job terminated.
	(1) Normal termination (return value 0)
		Usr 0 00:33:23, Sys 0 00:00:30  -  Run Remote Usage
		Usr 0 00:00:00, Sys 0 00:00:00  -  Run Local Usage
		Usr 0 00:33:23, Sys 0 00:00:30  -  Total Remote Usage
		Usr 0 00:00:00, Sys 0 00:00:00  -  Total Local Usage
	2104  -  Run Bytes Sent By Job
	405  -  Run Bytes Received By Job
	2104  -  Total Bytes Sent By Job
	405  -  Total Bytes Received By Job
	Partitionable Resources :    Usage  Request Allocated 
	   Cpus                 :     0.45        1         1 
	   Disk (KB)            :   803           1 479749220 
	   Memory (MB)          :  5951        7900      8033 
...
