000 (858494.000.000) 08/18 04:59:31 Job submitted from host: <172.20.3.187:9618?addrs=172.20.3.187-9618&noUDP&sock=2043_e813_3>
...
001 (858494.000.000) 08/18 13:26:10 Job executing on host: <172.20.225.1:9618?addrs=172.20.225.1-9618&noUDP&sock=3382_5963_3>
...
006 (858494.000.000) 08/18 13:26:19 Image size of job updated: 21124
	21  -  MemoryUsage of job (MB)
	21124  -  ResidentSetSize of job (KB)
...
006 (858494.000.000) 08/18 13:31:19 Image size of job updated: 4114844
	4019  -  MemoryUsage of job (MB)
	4114844  -  ResidentSetSize of job (KB)
...
006 (858494.000.000) 08/18 13:36:20 Image size of job updated: 4810244
	4698  -  MemoryUsage of job (MB)
	4810244  -  ResidentSetSize of job (KB)
...
006 (858494.000.000) 08/18 13:41:20 Image size of job updated: 5554124
	5424  -  MemoryUsage of job (MB)
	5554124  -  ResidentSetSize of job (KB)
...
006 (858494.000.000) 08/18 13:46:21 Image size of job updated: 5554256
	5425  -  MemoryUsage of job (MB)
	5554256  -  ResidentSetSize of job (KB)
...
006 (858494.000.000) 08/18 13:51:22 Image size of job updated: 5554952
	5425  -  MemoryUsage of job (MB)
	5554952  -  ResidentSetSize of job (KB)
...
006 (858494.000.000) 08/18 13:56:22 Image size of job updated: 5765744
	5631  -  MemoryUsage of job (MB)
	5765640  -  ResidentSetSize of job (KB)
...
006 (858494.000.000) 08/18 13:59:32 Image size of job updated: 8885548
	5631  -  MemoryUsage of job (MB)
	5765660  -  ResidentSetSize of job (KB)
...
005 (858494.000.000) 08/18 13:59:32 Job terminated.
	(1) Normal termination (return value 0)
		Usr 0 00:32:50, Sys 0 00:00:33  -  Run Remote Usage
		Usr 0 00:00:00, Sys 0 00:00:00  -  Run Local Usage
		Usr 0 00:32:50, Sys 0 00:00:33  -  Total Remote Usage
		Usr 0 00:00:00, Sys 0 00:00:00  -  Total Local Usage
	2113  -  Run Bytes Sent By Job
	412  -  Run Bytes Received By Job
	2113  -  Total Bytes Sent By Job
	412  -  Total Bytes Received By Job
	Partitionable Resources :    Usage  Request Allocated 
	   Cpus                 :     0.79        1         1 
	   Disk (KB)            :   803           1 479786105 
	   Memory (MB)          :  5631        7900      8033 
...
