000 (855311.000.000) 08/18 04:57:48 Job submitted from host: <172.20.3.187:9618?addrs=172.20.3.187-9618&noUDP&sock=2043_e813_3>
...
001 (855311.000.000) 08/18 06:07:02 Job executing on host: <172.20.225.5:9618?addrs=172.20.225.5-9618&noUDP&sock=3375_8c39_3>
...
006 (855311.000.000) 08/18 06:07:11 Image size of job updated: 21120
	21  -  MemoryUsage of job (MB)
	21120  -  ResidentSetSize of job (KB)
...
006 (855311.000.000) 08/18 06:12:12 Image size of job updated: 3678944
	3593  -  MemoryUsage of job (MB)
	3678576  -  ResidentSetSize of job (KB)
...
006 (855311.000.000) 08/18 06:17:12 Image size of job updated: 4502092
	4397  -  MemoryUsage of job (MB)
	4502092  -  ResidentSetSize of job (KB)
...
006 (855311.000.000) 08/18 06:22:13 Image size of job updated: 5258480
	5136  -  MemoryUsage of job (MB)
	5258480  -  ResidentSetSize of job (KB)
...
006 (855311.000.000) 08/18 06:27:14 Image size of job updated: 5258516
	5136  -  MemoryUsage of job (MB)
	5258516  -  ResidentSetSize of job (KB)
...
006 (855311.000.000) 08/18 06:32:14 Image size of job updated: 5258996
	5136  -  MemoryUsage of job (MB)
	5258996  -  ResidentSetSize of job (KB)
...
006 (855311.000.000) 08/18 06:37:14 Image size of job updated: 5259320
	5137  -  MemoryUsage of job (MB)
	5259320  -  ResidentSetSize of job (KB)
...
005 (855311.000.000) 08/18 06:40:45 Job terminated.
	(1) Normal termination (return value 0)
		Usr 0 00:32:06, Sys 0 00:00:29  -  Run Remote Usage
		Usr 0 00:00:00, Sys 0 00:00:00  -  Run Local Usage
		Usr 0 00:32:06, Sys 0 00:00:29  -  Total Remote Usage
		Usr 0 00:00:00, Sys 0 00:00:00  -  Total Local Usage
	2102  -  Run Bytes Sent By Job
	401  -  Run Bytes Received By Job
	2102  -  Total Bytes Sent By Job
	401  -  Total Bytes Received By Job
	Partitionable Resources :    Usage  Request Allocated 
	   Cpus                 :     0.63        1         1 
	   Disk (KB)            :   803           1 479749220 
	   Memory (MB)          :  5137        7900      8033 
...
