000 (859144.000.000) 08/18 04:59:53 Job submitted from host: <172.20.3.187:9618?addrs=172.20.3.187-9618&noUDP&sock=2043_e813_3>
...
001 (859144.000.000) 08/18 14:45:56 Job executing on host: <172.20.225.8:9618?addrs=172.20.225.8-9618&noUDP&sock=3440_21e1_3>
...
006 (859144.000.000) 08/18 14:46:05 Image size of job updated: 21120
	21  -  MemoryUsage of job (MB)
	21120  -  ResidentSetSize of job (KB)
...
006 (859144.000.000) 08/18 14:51:07 Image size of job updated: 3879512
	3789  -  MemoryUsage of job (MB)
	3879512  -  ResidentSetSize of job (KB)
...
006 (859144.000.000) 08/18 14:56:07 Image size of job updated: 4574908
	4468  -  MemoryUsage of job (MB)
	4574908  -  ResidentSetSize of job (KB)
...
006 (859144.000.000) 08/18 15:01:08 Image size of job updated: 5318796
	5195  -  MemoryUsage of job (MB)
	5318796  -  ResidentSetSize of job (KB)
...
006 (859144.000.000) 08/18 15:06:08 Image size of job updated: 5318944
	5195  -  MemoryUsage of job (MB)
	5318944  -  ResidentSetSize of job (KB)
...
006 (859144.000.000) 08/18 15:11:09 Image size of job updated: 5319628
	5195  -  MemoryUsage of job (MB)
	5319628  -  ResidentSetSize of job (KB)
...
006 (859144.000.000) 08/18 15:16:10 Image size of job updated: 6500156
	6348  -  MemoryUsage of job (MB)
	6500152  -  ResidentSetSize of job (KB)
...
005 (859144.000.000) 08/18 15:17:04 Job terminated.
	(1) Normal termination (return value 0)
		Usr 0 00:32:14, Sys 0 00:00:31  -  Run Remote Usage
		Usr 0 00:00:00, Sys 0 00:00:00  -  Run Local Usage
		Usr 0 00:32:14, Sys 0 00:00:31  -  Total Remote Usage
		Usr 0 00:00:00, Sys 0 00:00:00  -  Total Local Usage
	2099  -  Run Bytes Sent By Job
	400  -  Run Bytes Received By Job
	2099  -  Total Bytes Sent By Job
	400  -  Total Bytes Received By Job
	Partitionable Resources :    Usage  Request Allocated 
	   Cpus                 :     0.52        1         1 
	   Disk (KB)            :   803           1 479737977 
	   Memory (MB)          :  6348        7900      8033 
...
