000 (855194.000.000) 08/18 04:57:44 Job submitted from host: <172.20.3.187:9618?addrs=172.20.3.187-9618&noUDP&sock=2043_e813_3>
...
001 (855194.000.000) 08/18 06:06:06 Job executing on host: <172.20.225.4:9618?addrs=172.20.225.4-9618&noUDP&sock=3366_5fdf_3>
...
006 (855194.000.000) 08/18 06:06:14 Image size of job updated: 21112
	21  -  MemoryUsage of job (MB)
	21112  -  ResidentSetSize of job (KB)
...
006 (855194.000.000) 08/18 06:11:14 Image size of job updated: 3819420
	3730  -  MemoryUsage of job (MB)
	3819420  -  ResidentSetSize of job (KB)
...
006 (855194.000.000) 08/18 06:16:15 Image size of job updated: 4514816
	4409  -  MemoryUsage of job (MB)
	4514816  -  ResidentSetSize of job (KB)
...
006 (855194.000.000) 08/18 06:21:15 Image size of job updated: 5258700
	5136  -  MemoryUsage of job (MB)
	5258700  -  ResidentSetSize of job (KB)
...
006 (855194.000.000) 08/18 06:26:17 Image size of job updated: 5258736
	5136  -  MemoryUsage of job (MB)
	5258736  -  ResidentSetSize of job (KB)
...
006 (855194.000.000) 08/18 06:31:17 Image size of job updated: 5259532
	5137  -  MemoryUsage of job (MB)
	5259532  -  ResidentSetSize of job (KB)
...
006 (855194.000.000) 08/18 06:36:17 Image size of job updated: 5439928
	5313  -  MemoryUsage of job (MB)
	5439928  -  ResidentSetSize of job (KB)
...
006 (855194.000.000) 08/18 06:39:48 Image size of job updated: 5439928
	5313  -  MemoryUsage of job (MB)
	5439944  -  ResidentSetSize of job (KB)
...
005 (855194.000.000) 08/18 06:39:48 Job terminated.
	(1) Normal termination (return value 0)
		Usr 0 00:32:26, Sys 0 00:00:31  -  Run Remote Usage
		Usr 0 00:00:00, Sys 0 00:00:00  -  Run Local Usage
		Usr 0 00:32:26, Sys 0 00:00:31  -  Total Remote Usage
		Usr 0 00:00:00, Sys 0 00:00:00  -  Total Local Usage
	2099  -  Run Bytes Sent By Job
	400  -  Run Bytes Received By Job
	2099  -  Total Bytes Sent By Job
	400  -  Total Bytes Received By Job
	Partitionable Resources :    Usage  Request Allocated 
	   Cpus                 :     0.74        1         1 
	   Disk (KB)            :   803           1 479779449 
	   Memory (MB)          :  5313        7900      8033 
...
