000 (857206.000.000) 08/18 04:58:50 Job submitted from host: <172.20.3.187:9618?addrs=172.20.3.187-9618&noUDP&sock=2043_e813_3>
...
001 (857206.000.000) 08/18 10:22:11 Job executing on host: <172.20.225.5:9618?addrs=172.20.225.5-9618&noUDP&sock=3375_8c39_3>
...
006 (857206.000.000) 08/18 10:22:19 Image size of job updated: 21124
	21  -  MemoryUsage of job (MB)
	21124  -  ResidentSetSize of job (KB)
...
006 (857206.000.000) 08/18 10:27:20 Image size of job updated: 5344660
	5220  -  MemoryUsage of job (MB)
	5344592  -  ResidentSetSize of job (KB)
...
006 (857206.000.000) 08/18 10:32:21 Image size of job updated: 5345436
	5221  -  MemoryUsage of job (MB)
	5345436  -  ResidentSetSize of job (KB)
...
005 (857206.000.000) 08/18 10:36:58 Job terminated.
	(1) Normal termination (return value 0)
		Usr 0 00:36:11, Sys 0 00:00:43  -  Run Remote Usage
		Usr 0 00:00:00, Sys 0 00:00:00  -  Run Local Usage
		Usr 0 00:36:11, Sys 0 00:00:43  -  Total Remote Usage
		Usr 0 00:00:00, Sys 0 00:00:00  -  Total Local Usage
	2110  -  Run Bytes Sent By Job
	413  -  Run Bytes Received By Job
	2110  -  Total Bytes Sent By Job
	413  -  Total Bytes Received By Job
	Partitionable Resources :    Usage  Request Allocated 
	   Cpus                 :     0.74        1         1 
	   Disk (KB)            :   804           1 479749220 
	   Memory (MB)          :  5221        7900      8033 
...
