000 (858302.000.000) 08/18 04:59:25 Job submitted from host: <172.20.3.187:9618?addrs=172.20.3.187-9618&noUDP&sock=2043_e813_3>
...
001 (858302.000.000) 08/18 13:11:29 Job executing on host: <172.20.225.2:9618?addrs=172.20.225.2-9618&noUDP&sock=3424_285d_3>
...
006 (858302.000.000) 08/18 13:11:38 Image size of job updated: 20792
	21  -  MemoryUsage of job (MB)
	20792  -  ResidentSetSize of job (KB)
...
006 (858302.000.000) 08/18 13:16:40 Image size of job updated: 4525024
	4419  -  MemoryUsage of job (MB)
	4525024  -  ResidentSetSize of job (KB)
...
006 (858302.000.000) 08/18 13:21:40 Image size of job updated: 5284568
	5161  -  MemoryUsage of job (MB)
	5284568  -  ResidentSetSize of job (KB)
...
006 (858302.000.000) 08/18 13:26:40 Image size of job updated: 5285036
	5162  -  MemoryUsage of job (MB)
	5285036  -  ResidentSetSize of job (KB)
...
006 (858302.000.000) 08/18 13:31:40 Image size of job updated: 5285380
	5162  -  MemoryUsage of job (MB)
	5285380  -  ResidentSetSize of job (KB)
...
006 (858302.000.000) 08/18 13:36:40 Image size of job updated: 5947352
	5808  -  MemoryUsage of job (MB)
	5946864  -  ResidentSetSize of job (KB)
...
005 (858302.000.000) 08/18 13:37:13 Job terminated.
	(1) Normal termination (return value 0)
		Usr 0 00:34:40, Sys 0 00:00:39  -  Run Remote Usage
		Usr 0 00:00:00, Sys 0 00:00:00  -  Run Local Usage
		Usr 0 00:34:40, Sys 0 00:00:39  -  Total Remote Usage
		Usr 0 00:00:00, Sys 0 00:00:00  -  Total Local Usage
	2109  -  Run Bytes Sent By Job
	408  -  Run Bytes Received By Job
	2109  -  Total Bytes Sent By Job
	408  -  Total Bytes Received By Job
	Partitionable Resources :    Usage  Request Allocated 
	   Cpus                 :     0.49        1         1 
	   Disk (KB)            :   803           1 479786084 
	   Memory (MB)          :  5808        7900      8033 
...
