000 (860331.000.000) 08/18 05:00:33 Job submitted from host: <172.20.3.187:9618?addrs=172.20.3.187-9618&noUDP&sock=2043_e813_3>
...
001 (860331.000.000) 08/18 17:19:03 Job executing on host: <172.20.225.6:9618?addrs=172.20.225.6-9618&noUDP&sock=3382_5963_3>
...
006 (860331.000.000) 08/18 17:19:11 Image size of job updated: 21116
	21  -  MemoryUsage of job (MB)
	21116  -  ResidentSetSize of job (KB)
...
006 (860331.000.000) 08/18 17:24:11 Image size of job updated: 4851940
	4739  -  MemoryUsage of job (MB)
	4851940  -  ResidentSetSize of job (KB)
...
006 (860331.000.000) 08/18 17:29:12 Image size of job updated: 5611480
	5480  -  MemoryUsage of job (MB)
	5611480  -  ResidentSetSize of job (KB)
...
006 (860331.000.000) 08/18 17:34:13 Image size of job updated: 5611640
	5481  -  MemoryUsage of job (MB)
	5611640  -  ResidentSetSize of job (KB)
...
006 (860331.000.000) 08/18 17:39:13 Image size of job updated: 5612300
	5481  -  MemoryUsage of job (MB)
	5612300  -  ResidentSetSize of job (KB)
...
006 (860331.000.000) 08/18 17:44:14 Image size of job updated: 6272476
	6126  -  MemoryUsage of job (MB)
	6272476  -  ResidentSetSize of job (KB)
...
005 (860331.000.000) 08/18 17:45:23 Job terminated.
	(1) Normal termination (return value 0)
		Usr 0 00:33:41, Sys 0 00:00:37  -  Run Remote Usage
		Usr 0 00:00:00, Sys 0 00:00:00  -  Run Local Usage
		Usr 0 00:33:41, Sys 0 00:00:37  -  Total Remote Usage
		Usr 0 00:00:00, Sys 0 00:00:00  -  Total Local Usage
	2113  -  Run Bytes Sent By Job
	412  -  Run Bytes Received By Job
	2113  -  Total Bytes Sent By Job
	412  -  Total Bytes Received By Job
	Partitionable Resources :    Usage  Request Allocated 
	   Cpus                 :     0.54        1         1 
	   Disk (KB)            :   803           1 479749220 
	   Memory (MB)          :  6126        7900      8033 
...
