000 (855375.000.000) 08/18 04:57:50 Job submitted from host: <172.20.3.187:9618?addrs=172.20.3.187-9618&noUDP&sock=2043_e813_3>
...
001 (855375.000.000) 08/18 06:18:01 Job executing on host: <172.20.225.8:9618?addrs=172.20.225.8-9618&noUDP&sock=3440_21e1_3>
...
006 (855375.000.000) 08/18 06:18:09 Image size of job updated: 21116
	21  -  MemoryUsage of job (MB)
	21116  -  ResidentSetSize of job (KB)
...
006 (855375.000.000) 08/18 06:23:09 Image size of job updated: 3671792
	3586  -  MemoryUsage of job (MB)
	3671792  -  ResidentSetSize of job (KB)
...
006 (855375.000.000) 08/18 06:28:10 Image size of job updated: 4507888
	4403  -  MemoryUsage of job (MB)
	4507820  -  ResidentSetSize of job (KB)
...
006 (855375.000.000) 08/18 06:33:11 Image size of job updated: 5251696
	5129  -  MemoryUsage of job (MB)
	5251696  -  ResidentSetSize of job (KB)
...
006 (855375.000.000) 08/18 06:38:12 Image size of job updated: 5251844
	5129  -  MemoryUsage of job (MB)
	5251844  -  ResidentSetSize of job (KB)
...
006 (855375.000.000) 08/18 06:43:13 Image size of job updated: 5252532
	5130  -  MemoryUsage of job (MB)
	5252532  -  ResidentSetSize of job (KB)
...
006 (855375.000.000) 08/18 06:47:10 Image size of job updated: 9669484
	5130  -  MemoryUsage of job (MB)
	5252532  -  ResidentSetSize of job (KB)
...
005 (855375.000.000) 08/18 06:47:10 Job terminated.
	(1) Normal termination (return value 0)
		Usr 0 00:32:13, Sys 0 00:00:33  -  Run Remote Usage
		Usr 0 00:00:00, Sys 0 00:00:00  -  Run Local Usage
		Usr 0 00:32:13, Sys 0 00:00:33  -  Total Remote Usage
		Usr 0 00:00:00, Sys 0 00:00:00  -  Total Local Usage
	2096  -  Run Bytes Sent By Job
	398  -  Run Bytes Received By Job
	2096  -  Total Bytes Sent By Job
	398  -  Total Bytes Received By Job
	Partitionable Resources :    Usage  Request Allocated 
	   Cpus                 :     0.94        1         1 
	   Disk (KB)            :   803           1 479737977 
	   Memory (MB)          :  5130        7900      8033 
...
