000 (855552.000.000) 08/18 04:57:56 Job submitted from host: <172.20.3.187:9618?addrs=172.20.3.187-9618&noUDP&sock=2043_e813_3>
...
001 (855552.000.000) 08/18 06:40:09 Job executing on host: <172.20.225.1:9618?addrs=172.20.225.1-9618&noUDP&sock=3382_5963_3>
...
006 (855552.000.000) 08/18 06:40:18 Image size of job updated: 21120
	21  -  MemoryUsage of job (MB)
	21120  -  ResidentSetSize of job (KB)
...
006 (855552.000.000) 08/18 06:45:20 Image size of job updated: 4529260
	4424  -  MemoryUsage of job (MB)
	4529260  -  ResidentSetSize of job (KB)
...
006 (855552.000.000) 08/18 06:50:20 Image size of job updated: 5312148
	5188  -  MemoryUsage of job (MB)
	5312148  -  ResidentSetSize of job (KB)
...
006 (855552.000.000) 08/18 06:55:21 Image size of job updated: 5312284
	5188  -  MemoryUsage of job (MB)
	5312284  -  ResidentSetSize of job (KB)
...
006 (855552.000.000) 08/18 07:00:22 Image size of job updated: 5312424
	5188  -  MemoryUsage of job (MB)
	5312424  -  ResidentSetSize of job (KB)
...
006 (855552.000.000) 08/18 07:05:23 Image size of job updated: 5313108
	5189  -  MemoryUsage of job (MB)
	5313108  -  ResidentSetSize of job (KB)
...
006 (855552.000.000) 08/18 07:10:23 Image size of job updated: 5920180
	5781  -  MemoryUsage of job (MB)
	5919404  -  ResidentSetSize of job (KB)
...
005 (855552.000.000) 08/18 07:11:14 Job terminated.
	(1) Normal termination (return value 0)
		Usr 0 00:31:55, Sys 0 00:00:31  -  Run Remote Usage
		Usr 0 00:00:00, Sys 0 00:00:00  -  Run Local Usage
		Usr 0 00:31:55, Sys 0 00:00:31  -  Total Remote Usage
		Usr 0 00:00:00, Sys 0 00:00:00  -  Total Local Usage
	2106  -  Run Bytes Sent By Job
	407  -  Run Bytes Received By Job
	2106  -  Total Bytes Sent By Job
	407  -  Total Bytes Received By Job
	Partitionable Resources :    Usage  Request Allocated 
	   Cpus                 :     0.44        1         1 
	   Disk (KB)            :   803           1 479786105 
	   Memory (MB)          :  5781        7900      8033 
...
