000 (858123.000.000) 08/18 04:59:19 Job submitted from host: <172.20.3.187:9618?addrs=172.20.3.187-9618&noUDP&sock=2043_e813_3>
...
001 (858123.000.000) 08/18 12:48:07 Job executing on host: <172.20.225.4:9618?addrs=172.20.225.4-9618&noUDP&sock=3366_5fdf_3>
...
006 (858123.000.000) 08/18 12:48:15 Image size of job updated: 21112
	21  -  MemoryUsage of job (MB)
	21112  -  ResidentSetSize of job (KB)
...
006 (858123.000.000) 08/18 12:53:15 Image size of job updated: 3741332
	3626  -  MemoryUsage of job (MB)
	3712100  -  ResidentSetSize of job (KB)
...
006 (858123.000.000) 08/18 12:58:16 Image size of job updated: 4575884
	4441  -  MemoryUsage of job (MB)
	4546628  -  ResidentSetSize of job (KB)
...
006 (858123.000.000) 08/18 13:03:16 Image size of job updated: 5292012
	5168  -  MemoryUsage of job (MB)
	5292012  -  ResidentSetSize of job (KB)
...
006 (858123.000.000) 08/18 13:08:17 Image size of job updated: 5292144
	5169  -  MemoryUsage of job (MB)
	5292144  -  ResidentSetSize of job (KB)
...
006 (858123.000.000) 08/18 13:13:17 Image size of job updated: 5292844
	5169  -  MemoryUsage of job (MB)
	5292844  -  ResidentSetSize of job (KB)
...
006 (858123.000.000) 08/18 13:18:18 Image size of job updated: 5896592
	5759  -  MemoryUsage of job (MB)
	5896484  -  ResidentSetSize of job (KB)
...
005 (858123.000.000) 08/18 13:20:59 Job terminated.
	(1) Normal termination (return value 0)
		Usr 0 00:33:53, Sys 0 00:00:31  -  Run Remote Usage
		Usr 0 00:00:00, Sys 0 00:00:00  -  Run Local Usage
		Usr 0 00:33:53, Sys 0 00:00:31  -  Total Remote Usage
		Usr 0 00:00:00, Sys 0 00:00:00  -  Total Local Usage
	2103  -  Run Bytes Sent By Job
	404  -  Run Bytes Received By Job
	2103  -  Total Bytes Sent By Job
	404  -  Total Bytes Received By Job
	Partitionable Resources :    Usage  Request Allocated 
	   Cpus                 :     0.68        1         1 
	   Disk (KB)            :   803           1 479779449 
	   Memory (MB)          :  5759        7900      8033 
...
