000 (856958.000.000) 08/18 04:58:41 Job submitted from host: <172.20.3.187:9618?addrs=172.20.3.187-9618&noUDP&sock=2043_e813_3>
...
001 (856958.000.000) 08/18 09:21:30 Job executing on host: <172.20.225.1:9618?addrs=172.20.225.1-9618&noUDP&sock=3382_5963_3>
...
006 (856958.000.000) 08/18 09:21:39 Image size of job updated: 21108
	21  -  MemoryUsage of job (MB)
	21108  -  ResidentSetSize of job (KB)
...
006 (856958.000.000) 08/18 09:26:41 Image size of job updated: 2400348
	2345  -  MemoryUsage of job (MB)
	2400348  -  ResidentSetSize of job (KB)
...
006 (856958.000.000) 08/18 09:31:42 Image size of job updated: 2735600
	2672  -  MemoryUsage of job (MB)
	2735600  -  ResidentSetSize of job (KB)
...
006 (856958.000.000) 08/18 09:36:42 Image size of job updated: 2958252
	2889  -  MemoryUsage of job (MB)
	2958252  -  ResidentSetSize of job (KB)
...
006 (856958.000.000) 08/18 09:41:42 Image size of job updated: 2958656
	2890  -  MemoryUsage of job (MB)
	2958656  -  ResidentSetSize of job (KB)
...
005 (856958.000.000) 08/18 09:45:30 Job terminated.
	(1) Normal termination (return value 0)
		Usr 0 00:25:18, Sys 0 00:00:18  -  Run Remote Usage
		Usr 0 00:00:00, Sys 0 00:00:00  -  Run Local Usage
		Usr 0 00:25:18, Sys 0 00:00:18  -  Total Remote Usage
		Usr 0 00:00:00, Sys 0 00:00:00  -  Total Local Usage
	2106  -  Run Bytes Sent By Job
	408  -  Run Bytes Received By Job
	2106  -  Total Bytes Sent By Job
	408  -  Total Bytes Received By Job
	Partitionable Resources :    Usage  Request Allocated 
	   Cpus                 :     0.58        1         1 
	   Disk (KB)            :   803           1 479786105 
	   Memory (MB)          :  2890        7900      8033 
...
