000 (860427.000.000) 08/18 05:00:36 Job submitted from host: <172.20.3.187:9618?addrs=172.20.3.187-9618&noUDP&sock=2043_e813_3>
...
001 (860427.000.000) 08/18 17:25:22 Job executing on host: <172.20.225.6:9618?addrs=172.20.225.6-9618&noUDP&sock=3382_5963_3>
...
006 (860427.000.000) 08/18 17:25:31 Image size of job updated: 21116
	21  -  MemoryUsage of job (MB)
	21116  -  ResidentSetSize of job (KB)
...
006 (860427.000.000) 08/18 17:30:32 Image size of job updated: 4036000
	3937  -  MemoryUsage of job (MB)
	4031472  -  ResidentSetSize of job (KB)
...
006 (860427.000.000) 08/18 17:35:32 Image size of job updated: 4859316
	4742  -  MemoryUsage of job (MB)
	4855020  -  ResidentSetSize of job (KB)
...
006 (860427.000.000) 08/18 17:40:33 Image size of job updated: 5615696
	5480  -  MemoryUsage of job (MB)
	5611400  -  ResidentSetSize of job (KB)
...
006 (860427.000.000) 08/18 17:45:34 Image size of job updated: 5615968
	5480  -  MemoryUsage of job (MB)
	5611440  -  ResidentSetSize of job (KB)
...
006 (860427.000.000) 08/18 17:50:34 Image size of job updated: 5615968
	5481  -  MemoryUsage of job (MB)
	5612240  -  ResidentSetSize of job (KB)
...
006 (860427.000.000) 08/18 17:55:34 Image size of job updated: 6132796
	5990  -  MemoryUsage of job (MB)
	6132796  -  ResidentSetSize of job (KB)
...
006 (860427.000.000) 08/18 17:57:47 Image size of job updated: 6132796
	5990  -  MemoryUsage of job (MB)
	6132800  -  ResidentSetSize of job (KB)
...
005 (860427.000.000) 08/18 17:57:49 Job terminated.
	(1) Normal termination (return value 0)
		Usr 0 00:35:02, Sys 0 00:00:30  -  Run Remote Usage
		Usr 0 00:00:00, Sys 0 00:00:00  -  Run Local Usage
		Usr 0 00:35:02, Sys 0 00:00:30  -  Total Remote Usage
		Usr 0 00:00:00, Sys 0 00:00:00  -  Total Local Usage
	2113  -  Run Bytes Sent By Job
	412  -  Run Bytes Received By Job
	2113  -  Total Bytes Sent By Job
	412  -  Total Bytes Received By Job
	Partitionable Resources :    Usage  Request Allocated 
	   Cpus                 :     0.01        1         1 
	   Disk (KB)            :   803           1 479749220 
	   Memory (MB)          :  5990        7900      8033 
...
