000 (857227.000.000) 08/18 04:58:50 Job submitted from host: <172.20.3.187:9618?addrs=172.20.3.187-9618&noUDP&sock=2043_e813_3>
...
001 (857227.000.000) 08/18 10:28:39 Job executing on host: <172.20.225.5:9618?addrs=172.20.225.5-9618&noUDP&sock=3375_8c39_3>
...
006 (857227.000.000) 08/18 10:28:48 Image size of job updated: 21116
	21  -  MemoryUsage of job (MB)
	21116  -  ResidentSetSize of job (KB)
...
006 (857227.000.000) 08/18 10:33:49 Image size of job updated: 4591804
	4485  -  MemoryUsage of job (MB)
	4591804  -  ResidentSetSize of job (KB)
...
006 (857227.000.000) 08/18 10:38:51 Image size of job updated: 5344720
	5220  -  MemoryUsage of job (MB)
	5344720  -  ResidentSetSize of job (KB)
...
006 (857227.000.000) 08/18 10:43:52 Image size of job updated: 5541816
	5412  -  MemoryUsage of job (MB)
	5541816  -  ResidentSetSize of job (KB)
...
006 (857227.000.000) 08/18 10:45:48 Image size of job updated: 5541816
	5412  -  MemoryUsage of job (MB)
	5541872  -  ResidentSetSize of job (KB)
...
005 (857227.000.000) 08/18 10:46:08 Job terminated.
	(1) Normal termination (return value 0)
		Usr 0 00:35:27, Sys 0 00:00:39  -  Run Remote Usage
		Usr 0 00:00:00, Sys 0 00:00:00  -  Run Local Usage
		Usr 0 00:35:27, Sys 0 00:00:39  -  Total Remote Usage
		Usr 0 00:00:00, Sys 0 00:00:00  -  Total Local Usage
	2113  -  Run Bytes Sent By Job
	414  -  Run Bytes Received By Job
	2113  -  Total Bytes Sent By Job
	414  -  Total Bytes Received By Job
	Partitionable Resources :    Usage  Request Allocated 
	   Cpus                 :     0.70        1         1 
	   Disk (KB)            :   804           1 479749220 
	   Memory (MB)          :  5412        7900      8033 
...
