000 (856082.000.000) 08/18 04:58:13 Job submitted from host: <172.20.3.187:9618?addrs=172.20.3.187-9618&noUDP&sock=2043_e813_3>
...
001 (856082.000.000) 08/18 07:43:44 Job executing on host: <172.20.225.8:9618?addrs=172.20.225.8-9618&noUDP&sock=3440_21e1_3>
...
006 (856082.000.000) 08/18 07:43:53 Image size of job updated: 21124
	21  -  MemoryUsage of job (MB)
	21124  -  ResidentSetSize of job (KB)
...
006 (856082.000.000) 08/18 07:48:54 Image size of job updated: 3924744
	3833  -  MemoryUsage of job (MB)
	3924744  -  ResidentSetSize of job (KB)
...
006 (856082.000.000) 08/18 07:53:54 Image size of job updated: 4620144
	4512  -  MemoryUsage of job (MB)
	4620144  -  ResidentSetSize of job (KB)
...
006 (856082.000.000) 08/18 07:58:55 Image size of job updated: 5364028
	5239  -  MemoryUsage of job (MB)
	5364028  -  ResidentSetSize of job (KB)
...
006 (856082.000.000) 08/18 08:03:56 Image size of job updated: 5364172
	5239  -  MemoryUsage of job (MB)
	5364172  -  ResidentSetSize of job (KB)
...
006 (856082.000.000) 08/18 08:08:56 Image size of job updated: 5364856
	5240  -  MemoryUsage of job (MB)
	5364856  -  ResidentSetSize of job (KB)
...
006 (856082.000.000) 08/18 08:13:57 Image size of job updated: 5845500
	5709  -  MemoryUsage of job (MB)
	5845448  -  ResidentSetSize of job (KB)
...
006 (856082.000.000) 08/18 08:15:21 Image size of job updated: 5978688
	5709  -  MemoryUsage of job (MB)
	5845448  -  ResidentSetSize of job (KB)
...
005 (856082.000.000) 08/18 08:15:22 Job terminated.
	(1) Normal termination (return value 0)
		Usr 0 00:32:31, Sys 0 00:00:34  -  Run Remote Usage
		Usr 0 00:00:00, Sys 0 00:00:00  -  Run Local Usage
		Usr 0 00:32:31, Sys 0 00:00:34  -  Total Remote Usage
		Usr 0 00:00:00, Sys 0 00:00:00  -  Total Local Usage
	2113  -  Run Bytes Sent By Job
	412  -  Run Bytes Received By Job
	2113  -  Total Bytes Sent By Job
	412  -  Total Bytes Received By Job
	Partitionable Resources :    Usage  Request Allocated 
	   Cpus                 :     0.55        1         1 
	   Disk (KB)            :   803           1 479737977 
	   Memory (MB)          :  5709        7900      8033 
...
