000 (855805.000.000) 08/18 04:58:04 Job submitted from host: <172.20.3.187:9618?addrs=172.20.3.187-9618&noUDP&sock=2043_e813_3>
...
001 (855805.000.000) 08/18 07:12:09 Job executing on host: <172.20.225.8:9618?addrs=172.20.225.8-9618&noUDP&sock=3440_21e1_3>
...
006 (855805.000.000) 08/18 07:12:17 Image size of job updated: 21120
	21  -  MemoryUsage of job (MB)
	21120  -  ResidentSetSize of job (KB)
...
006 (855805.000.000) 08/18 07:17:17 Image size of job updated: 4581232
	4474  -  MemoryUsage of job (MB)
	4581232  -  ResidentSetSize of job (KB)
...
006 (855805.000.000) 08/18 07:22:19 Image size of job updated: 4926628
	4812  -  MemoryUsage of job (MB)
	4926628  -  ResidentSetSize of job (KB)
...
006 (855805.000.000) 08/18 07:27:19 Image size of job updated: 5364268
	5239  -  MemoryUsage of job (MB)
	5364268  -  ResidentSetSize of job (KB)
...
006 (855805.000.000) 08/18 07:32:20 Image size of job updated: 5364408
	5239  -  MemoryUsage of job (MB)
	5364408  -  ResidentSetSize of job (KB)
...
006 (855805.000.000) 08/18 07:37:21 Image size of job updated: 5365088
	5240  -  MemoryUsage of job (MB)
	5365088  -  ResidentSetSize of job (KB)
...
006 (855805.000.000) 08/18 07:42:21 Image size of job updated: 5982860
	5843  -  MemoryUsage of job (MB)
	5982296  -  ResidentSetSize of job (KB)
...
005 (855805.000.000) 08/18 07:43:43 Job terminated.
	(1) Normal termination (return value 0)
		Usr 0 00:31:56, Sys 0 00:00:34  -  Run Remote Usage
		Usr 0 00:00:00, Sys 0 00:00:00  -  Run Local Usage
		Usr 0 00:31:56, Sys 0 00:00:34  -  Total Remote Usage
		Usr 0 00:00:00, Sys 0 00:00:00  -  Total Local Usage
	2110  -  Run Bytes Sent By Job
	411  -  Run Bytes Received By Job
	2110  -  Total Bytes Sent By Job
	411  -  Total Bytes Received By Job
	Partitionable Resources :    Usage  Request Allocated 
	   Cpus                 :        0        1         1 
	   Disk (KB)            :      803        1 479737977 
	   Memory (MB)          :     5843     7900      8033 
...
