000 (856029.000.000) 08/18 04:58:11 Job submitted from host: <172.20.3.187:9618?addrs=172.20.3.187-9618&noUDP&sock=2043_e813_3>
...
001 (856029.000.000) 08/18 07:38:59 Job executing on host: <172.20.225.2:9618?addrs=172.20.225.2-9618&noUDP&sock=3424_285d_3>
...
006 (856029.000.000) 08/18 07:39:07 Image size of job updated: 21112
	21  -  MemoryUsage of job (MB)
	21112  -  ResidentSetSize of job (KB)
...
006 (856029.000.000) 08/18 07:44:08 Image size of job updated: 3784268
	3696  -  MemoryUsage of job (MB)
	3784268  -  ResidentSetSize of job (KB)
...
006 (856029.000.000) 08/18 07:49:08 Image size of job updated: 5364048
	5239  -  MemoryUsage of job (MB)
	5364048  -  ResidentSetSize of job (KB)
...
006 (856029.000.000) 08/18 07:54:09 Image size of job updated: 5364184
	5239  -  MemoryUsage of job (MB)
	5364184  -  ResidentSetSize of job (KB)
...
006 (856029.000.000) 08/18 07:59:10 Image size of job updated: 5364328
	5239  -  MemoryUsage of job (MB)
	5364328  -  ResidentSetSize of job (KB)
...
006 (856029.000.000) 08/18 08:04:11 Image size of job updated: 5365000
	5240  -  MemoryUsage of job (MB)
	5365000  -  ResidentSetSize of job (KB)
...
006 (856029.000.000) 08/18 08:09:11 Image size of job updated: 5851068
	5710  -  MemoryUsage of job (MB)
	5846084  -  ResidentSetSize of job (KB)
...
005 (856029.000.000) 08/18 08:10:21 Job terminated.
	(1) Normal termination (return value 0)
		Usr 0 00:32:59, Sys 0 00:00:32  -  Run Remote Usage
		Usr 0 00:00:00, Sys 0 00:00:00  -  Run Local Usage
		Usr 0 00:32:59, Sys 0 00:00:32  -  Total Remote Usage
		Usr 0 00:00:00, Sys 0 00:00:00  -  Total Local Usage
	2113  -  Run Bytes Sent By Job
	412  -  Run Bytes Received By Job
	2113  -  Total Bytes Sent By Job
	412  -  Total Bytes Received By Job
	Partitionable Resources :    Usage  Request Allocated 
	   Cpus                 :     0.47        1         1 
	   Disk (KB)            :   803           1 479786084 
	   Memory (MB)          :  5710        7900      8033 
...
