000 (857632.000.000) 08/18 04:59:03 Job submitted from host: <172.20.3.187:9618?addrs=172.20.3.187-9618&noUDP&sock=2043_e813_3>
...
001 (857632.000.000) 08/18 11:42:44 Job executing on host: <172.20.225.1:9618?addrs=172.20.225.1-9618&noUDP&sock=3382_5963_3>
...
006 (857632.000.000) 08/18 11:42:52 Image size of job updated: 21112
	21  -  MemoryUsage of job (MB)
	21112  -  ResidentSetSize of job (KB)
...
006 (857632.000.000) 08/18 11:47:52 Image size of job updated: 3690088
	3604  -  MemoryUsage of job (MB)
	3690088  -  ResidentSetSize of job (KB)
...
006 (857632.000.000) 08/18 11:52:53 Image size of job updated: 4513608
	4408  -  MemoryUsage of job (MB)
	4513608  -  ResidentSetSize of job (KB)
...
006 (857632.000.000) 08/18 11:57:54 Image size of job updated: 5269992
	5147  -  MemoryUsage of job (MB)
	5269992  -  ResidentSetSize of job (KB)
...
006 (857632.000.000) 08/18 12:02:54 Image size of job updated: 5270028
	5147  -  MemoryUsage of job (MB)
	5270028  -  ResidentSetSize of job (KB)
...
006 (857632.000.000) 08/18 12:07:55 Image size of job updated: 5270508
	5147  -  MemoryUsage of job (MB)
	5270508  -  ResidentSetSize of job (KB)
...
006 (857632.000.000) 08/18 12:12:56 Image size of job updated: 5270836
	5148  -  MemoryUsage of job (MB)
	5270836  -  ResidentSetSize of job (KB)
...
005 (857632.000.000) 08/18 12:17:13 Job terminated.
	(1) Normal termination (return value 0)
		Usr 0 00:33:22, Sys 0 00:00:34  -  Run Remote Usage
		Usr 0 00:00:00, Sys 0 00:00:00  -  Run Local Usage
		Usr 0 00:33:22, Sys 0 00:00:34  -  Total Remote Usage
		Usr 0 00:00:00, Sys 0 00:00:00  -  Total Local Usage
	2101  -  Run Bytes Sent By Job
	402  -  Run Bytes Received By Job
	2101  -  Total Bytes Sent By Job
	402  -  Total Bytes Received By Job
	Partitionable Resources :    Usage  Request Allocated 
	   Cpus                 :     0.01        1         1 
	   Disk (KB)            :   803           1 479786105 
	   Memory (MB)          :  5148        7900      8033 
...
