000 (855063.000.000) 08/18 04:57:36 Job submitted from host: <172.20.3.187:9618?addrs=172.20.3.187-9618&noUDP&sock=2043_e813_3>
...
001 (855063.000.000) 08/18 05:33:02 Job executing on host: <172.20.225.1:9618?addrs=172.20.225.1-9618&noUDP&sock=3382_5963_3>
...
006 (855063.000.000) 08/18 05:33:10 Image size of job updated: 21124
	21  -  MemoryUsage of job (MB)
	21124  -  ResidentSetSize of job (KB)
...
006 (855063.000.000) 08/18 05:38:10 Image size of job updated: 4110540
	4004  -  MemoryUsage of job (MB)
	4100028  -  ResidentSetSize of job (KB)
...
006 (855063.000.000) 08/18 05:43:11 Image size of job updated: 4499688
	4384  -  MemoryUsage of job (MB)
	4489176  -  ResidentSetSize of job (KB)
...
006 (855063.000.000) 08/18 05:48:12 Image size of job updated: 5243568
	5111  -  MemoryUsage of job (MB)
	5233056  -  ResidentSetSize of job (KB)
...
006 (855063.000.000) 08/18 05:53:12 Image size of job updated: 5243568
	5111  -  MemoryUsage of job (MB)
	5233088  -  ResidentSetSize of job (KB)
...
006 (855063.000.000) 08/18 05:58:13 Image size of job updated: 5243568
	5111  -  MemoryUsage of job (MB)
	5233560  -  ResidentSetSize of job (KB)
...
006 (855063.000.000) 08/18 06:03:14 Image size of job updated: 5243568
	5112  -  MemoryUsage of job (MB)
	5233896  -  ResidentSetSize of job (KB)
...
006 (855063.000.000) 08/18 06:07:30 Image size of job updated: 9039016
	5112  -  MemoryUsage of job (MB)
	5233896  -  ResidentSetSize of job (KB)
...
005 (855063.000.000) 08/18 06:07:30 Job terminated.
	(1) Normal termination (return value 0)
		Usr 0 00:32:59, Sys 0 00:00:32  -  Run Remote Usage
		Usr 0 00:00:00, Sys 0 00:00:00  -  Run Local Usage
		Usr 0 00:32:59, Sys 0 00:00:32  -  Total Remote Usage
		Usr 0 00:00:00, Sys 0 00:00:00  -  Total Local Usage
	2100  -  Run Bytes Sent By Job
	404  -  Run Bytes Received By Job
	2100  -  Total Bytes Sent By Job
	404  -  Total Bytes Received By Job
	Partitionable Resources :    Usage  Request Allocated 
	   Cpus                 :     0.79        1         1 
	   Disk (KB)            :   803           1 479786105 
	   Memory (MB)          :  5112        7900      8033 
...
