000 (856063.000.000) 08/18 04:58:12 Job submitted from host: <172.20.3.187:9618?addrs=172.20.3.187-9618&noUDP&sock=2043_e813_3>
...
001 (856063.000.000) 08/18 07:41:19 Job executing on host: <172.20.225.2:9618?addrs=172.20.225.2-9618&noUDP&sock=3424_285d_3>
...
006 (856063.000.000) 08/18 07:41:28 Image size of job updated: 21112
	21  -  MemoryUsage of job (MB)
	21112  -  ResidentSetSize of job (KB)
...
006 (856063.000.000) 08/18 07:46:29 Image size of job updated: 3784236
	3696  -  MemoryUsage of job (MB)
	3784236  -  ResidentSetSize of job (KB)
...
006 (856063.000.000) 08/18 07:51:29 Image size of job updated: 4926508
	4812  -  MemoryUsage of job (MB)
	4926508  -  ResidentSetSize of job (KB)
...
006 (856063.000.000) 08/18 07:56:30 Image size of job updated: 5364148
	5239  -  MemoryUsage of job (MB)
	5364148  -  ResidentSetSize of job (KB)
...
006 (856063.000.000) 08/18 08:01:30 Image size of job updated: 5364288
	5239  -  MemoryUsage of job (MB)
	5364288  -  ResidentSetSize of job (KB)
...
006 (856063.000.000) 08/18 08:06:31 Image size of job updated: 5364972
	5240  -  MemoryUsage of job (MB)
	5364972  -  ResidentSetSize of job (KB)
...
006 (856063.000.000) 08/18 08:11:32 Image size of job updated: 5801820
	5666  -  MemoryUsage of job (MB)
	5801704  -  ResidentSetSize of job (KB)
...
006 (856063.000.000) 08/18 08:12:54 Image size of job updated: 5801820
	5666  -  MemoryUsage of job (MB)
	5801776  -  ResidentSetSize of job (KB)
...
005 (856063.000.000) 08/18 08:12:55 Job terminated.
	(1) Normal termination (return value 0)
		Usr 0 00:32:43, Sys 0 00:00:36  -  Run Remote Usage
		Usr 0 00:00:00, Sys 0 00:00:00  -  Run Local Usage
		Usr 0 00:32:43, Sys 0 00:00:36  -  Total Remote Usage
		Usr 0 00:00:00, Sys 0 00:00:00  -  Total Local Usage
	2113  -  Run Bytes Sent By Job
	412  -  Run Bytes Received By Job
	2113  -  Total Bytes Sent By Job
	412  -  Total Bytes Received By Job
	Partitionable Resources :    Usage  Request Allocated 
	   Cpus                 :     1.00        1         1 
	   Disk (KB)            :   803           1 479786084 
	   Memory (MB)          :  5666        7900      8033 
...
