000 (858362.000.000) 08/18 04:59:27 Job submitted from host: <172.20.3.187:9618?addrs=172.20.3.187-9618&noUDP&sock=2043_e813_3>
...
001 (858362.000.000) 08/18 13:17:11 Job executing on host: <172.20.225.5:9618?addrs=172.20.225.5-9618&noUDP&sock=3375_8c39_3>
...
006 (858362.000.000) 08/18 13:17:20 Image size of job updated: 21116
	21  -  MemoryUsage of job (MB)
	21116  -  ResidentSetSize of job (KB)
...
006 (858362.000.000) 08/18 13:22:21 Image size of job updated: 4114844
	4019  -  MemoryUsage of job (MB)
	4114844  -  ResidentSetSize of job (KB)
...
006 (858362.000.000) 08/18 13:27:21 Image size of job updated: 5116492
	4997  -  MemoryUsage of job (MB)
	5116492  -  ResidentSetSize of job (KB)
...
006 (858362.000.000) 08/18 13:32:22 Image size of job updated: 5554128
	5424  -  MemoryUsage of job (MB)
	5554128  -  ResidentSetSize of job (KB)
...
006 (858362.000.000) 08/18 13:37:23 Image size of job updated: 5554272
	5425  -  MemoryUsage of job (MB)
	5554272  -  ResidentSetSize of job (KB)
...
006 (858362.000.000) 08/18 13:42:23 Image size of job updated: 5554952
	5425  -  MemoryUsage of job (MB)
	5554952  -  ResidentSetSize of job (KB)
...
006 (858362.000.000) 08/18 13:47:23 Image size of job updated: 6093360
	5951  -  MemoryUsage of job (MB)
	6093304  -  ResidentSetSize of job (KB)
...
005 (858362.000.000) 08/18 13:50:25 Job terminated.
	(1) Normal termination (return value 0)
		Usr 0 00:32:40, Sys 0 00:00:35  -  Run Remote Usage
		Usr 0 00:00:00, Sys 0 00:00:00  -  Run Local Usage
		Usr 0 00:32:40, Sys 0 00:00:35  -  Total Remote Usage
		Usr 0 00:00:00, Sys 0 00:00:00  -  Total Local Usage
	2110  -  Run Bytes Sent By Job
	411  -  Run Bytes Received By Job
	2110  -  Total Bytes Sent By Job
	411  -  Total Bytes Received By Job
	Partitionable Resources :    Usage  Request Allocated 
	   Cpus                 :     0.58        1         1 
	   Disk (KB)            :   803           1 479749220 
	   Memory (MB)          :  5951        7900      8033 
...
