000 (859714.000.000) 08/18 05:00:12 Job submitted from host: <172.20.3.187:9618?addrs=172.20.3.187-9618&noUDP&sock=2043_e813_3>
...
001 (859714.000.000) 08/18 16:12:26 Job executing on host: <172.20.225.6:9618?addrs=172.20.225.6-9618&noUDP&sock=3382_5963_3>
...
006 (859714.000.000) 08/18 16:12:35 Image size of job updated: 20792
	21  -  MemoryUsage of job (MB)
	20792  -  ResidentSetSize of job (KB)
...
006 (859714.000.000) 08/18 16:17:36 Image size of job updated: 5305008
	5181  -  MemoryUsage of job (MB)
	5305008  -  ResidentSetSize of job (KB)
...
006 (859714.000.000) 08/18 16:22:36 Image size of job updated: 5305040
	5181  -  MemoryUsage of job (MB)
	5305040  -  ResidentSetSize of job (KB)
...
006 (859714.000.000) 08/18 16:27:36 Image size of job updated: 5305504
	5182  -  MemoryUsage of job (MB)
	5305504  -  ResidentSetSize of job (KB)
...
006 (859714.000.000) 08/18 16:32:37 Image size of job updated: 5305848
	5182  -  MemoryUsage of job (MB)
	5305848  -  ResidentSetSize of job (KB)
...
005 (859714.000.000) 08/18 16:36:56 Job terminated.
	(1) Normal termination (return value 0)
		Usr 0 00:35:12, Sys 0 00:01:05  -  Run Remote Usage
		Usr 0 00:00:00, Sys 0 00:00:00  -  Run Local Usage
		Usr 0 00:35:12, Sys 0 00:01:05  -  Total Remote Usage
		Usr 0 00:00:00, Sys 0 00:00:00  -  Total Local Usage
	2106  -  Run Bytes Sent By Job
	405  -  Run Bytes Received By Job
	2106  -  Total Bytes Sent By Job
	405  -  Total Bytes Received By Job
	Partitionable Resources :    Usage  Request Allocated 
	   Cpus                 :     1.00        1         1 
	   Disk (KB)            :   803           1 479749220 
	   Memory (MB)          :  5182        7900      8033 
...
