000 (855956.000.000) 08/18 04:58:09 Job submitted from host: <172.20.3.187:9618?addrs=172.20.3.187-9618&noUDP&sock=2043_e813_3>
...
001 (855956.000.000) 08/18 07:31:05 Job executing on host: <172.20.225.4:9618?addrs=172.20.225.4-9618&noUDP&sock=3366_5fdf_3>
...
006 (855956.000.000) 08/18 07:31:14 Image size of job updated: 21116
	21  -  MemoryUsage of job (MB)
	21116  -  ResidentSetSize of job (KB)
...
006 (855956.000.000) 08/18 07:36:15 Image size of job updated: 3925032
	3834  -  MemoryUsage of job (MB)
	3925032  -  ResidentSetSize of job (KB)
...
006 (855956.000.000) 08/18 07:41:16 Image size of job updated: 5364280
	5239  -  MemoryUsage of job (MB)
	5364212  -  ResidentSetSize of job (KB)
...
006 (855956.000.000) 08/18 07:46:17 Image size of job updated: 5364340
	5239  -  MemoryUsage of job (MB)
	5364340  -  ResidentSetSize of job (KB)
...
006 (855956.000.000) 08/18 07:51:16 Image size of job updated: 5364800
	5240  -  MemoryUsage of job (MB)
	5364800  -  ResidentSetSize of job (KB)
...
006 (855956.000.000) 08/18 07:56:17 Image size of job updated: 5365216
	5240  -  MemoryUsage of job (MB)
	5365144  -  ResidentSetSize of job (KB)
...
006 (855956.000.000) 08/18 08:01:17 Image size of job updated: 6051952
	5911  -  MemoryUsage of job (MB)
	6051880  -  ResidentSetSize of job (KB)
...
005 (855956.000.000) 08/18 08:01:42 Job terminated.
	(1) Normal termination (return value 0)
		Usr 0 00:33:26, Sys 0 00:00:33  -  Run Remote Usage
		Usr 0 00:00:00, Sys 0 00:00:00  -  Run Local Usage
		Usr 0 00:33:26, Sys 0 00:00:33  -  Total Remote Usage
		Usr 0 00:00:00, Sys 0 00:00:00  -  Total Local Usage
	2113  -  Run Bytes Sent By Job
	412  -  Run Bytes Received By Job
	2113  -  Total Bytes Sent By Job
	412  -  Total Bytes Received By Job
	Partitionable Resources :    Usage  Request Allocated 
	   Cpus                 :     0.46        1         1 
	   Disk (KB)            :   803           1 479779449 
	   Memory (MB)          :  5911        7900      8033 
...
