000 (855696.000.000) 08/18 04:58:00 Job submitted from host: <172.20.3.187:9618?addrs=172.20.3.187-9618&noUDP&sock=2043_e813_3>
...
001 (855696.000.000) 08/18 07:01:31 Job executing on host: <172.20.225.1:9618?addrs=172.20.225.1-9618&noUDP&sock=3382_5963_3>
...
006 (855696.000.000) 08/18 07:01:39 Image size of job updated: 21108
	21  -  MemoryUsage of job (MB)
	21108  -  ResidentSetSize of job (KB)
...
006 (855696.000.000) 08/18 07:06:40 Image size of job updated: 3732300
	3645  -  MemoryUsage of job (MB)
	3732300  -  ResidentSetSize of job (KB)
...
006 (855696.000.000) 08/18 07:11:41 Image size of job updated: 4568328
	4462  -  MemoryUsage of job (MB)
	4568328  -  ResidentSetSize of job (KB)
...
006 (855696.000.000) 08/18 07:16:41 Image size of job updated: 5312216
	5188  -  MemoryUsage of job (MB)
	5312216  -  ResidentSetSize of job (KB)
...
006 (855696.000.000) 08/18 07:21:40 Image size of job updated: 5312376
	5188  -  MemoryUsage of job (MB)
	5312376  -  ResidentSetSize of job (KB)
...
006 (855696.000.000) 08/18 07:26:41 Image size of job updated: 5313036
	5189  -  MemoryUsage of job (MB)
	5313036  -  ResidentSetSize of job (KB)
...
006 (855696.000.000) 08/18 07:31:28 Image size of job updated: 6002120
	5189  -  MemoryUsage of job (MB)
	5313036  -  ResidentSetSize of job (KB)
...
005 (855696.000.000) 08/18 07:31:28 Job terminated.
	(1) Normal termination (return value 0)
		Usr 0 00:32:43, Sys 0 00:00:36  -  Run Remote Usage
		Usr 0 00:00:00, Sys 0 00:00:00  -  Run Local Usage
		Usr 0 00:32:43, Sys 0 00:00:36  -  Total Remote Usage
		Usr 0 00:00:00, Sys 0 00:00:00  -  Total Local Usage
	2109  -  Run Bytes Sent By Job
	408  -  Run Bytes Received By Job
	2109  -  Total Bytes Sent By Job
	408  -  Total Bytes Received By Job
	Partitionable Resources :    Usage  Request Allocated 
	   Cpus                 :     0.99        1         1 
	   Disk (KB)            :   803           1 479786105 
	   Memory (MB)          :  5189        7900      8033 
...
