000 (859589.000.000) 08/18 05:00:08 Job submitted from host: <172.20.3.187:9618?addrs=172.20.3.187-9618&noUDP&sock=2043_e813_3>
...
001 (859589.000.000) 08/18 15:35:37 Job executing on host: <172.20.225.5:9618?addrs=172.20.225.5-9618&noUDP&sock=3375_8c39_3>
...
006 (859589.000.000) 08/18 15:35:45 Image size of job updated: 20792
	21  -  MemoryUsage of job (MB)
	20792  -  ResidentSetSize of job (KB)
...
006 (859589.000.000) 08/18 15:40:46 Image size of job updated: 3740912
	3638  -  MemoryUsage of job (MB)
	3725164  -  ResidentSetSize of job (KB)
...
006 (859589.000.000) 08/18 15:45:46 Image size of job updated: 4548684
	4443  -  MemoryUsage of job (MB)
	4548684  -  ResidentSetSize of job (KB)
...
006 (859589.000.000) 08/18 15:50:46 Image size of job updated: 5305068
	5181  -  MemoryUsage of job (MB)
	5305068  -  ResidentSetSize of job (KB)
...
006 (859589.000.000) 08/18 15:55:47 Image size of job updated: 5305220
	5181  -  MemoryUsage of job (MB)
	5305220  -  ResidentSetSize of job (KB)
...
006 (859589.000.000) 08/18 16:00:47 Image size of job updated: 5305912
	5182  -  MemoryUsage of job (MB)
	5305912  -  ResidentSetSize of job (KB)
...
006 (859589.000.000) 08/18 16:05:48 Image size of job updated: 5515316
	5387  -  MemoryUsage of job (MB)
	5515316  -  ResidentSetSize of job (KB)
...
006 (859589.000.000) 08/18 16:08:32 Image size of job updated: 9698420
	5387  -  MemoryUsage of job (MB)
	5515340  -  ResidentSetSize of job (KB)
...
005 (859589.000.000) 08/18 16:08:33 Job terminated.
	(1) Normal termination (return value 0)
		Usr 0 00:32:01, Sys 0 00:00:29  -  Run Remote Usage
		Usr 0 00:00:00, Sys 0 00:00:00  -  Run Local Usage
		Usr 0 00:32:01, Sys 0 00:00:29  -  Total Remote Usage
		Usr 0 00:00:00, Sys 0 00:00:00  -  Total Local Usage
	2103  -  Run Bytes Sent By Job
	404  -  Run Bytes Received By Job
	2103  -  Total Bytes Sent By Job
	404  -  Total Bytes Received By Job
	Partitionable Resources :    Usage  Request Allocated 
	   Cpus                 :     1.00        1         1 
	   Disk (KB)            :   803           1 479749220 
	   Memory (MB)          :  5387        7900      8033 
...
