000 (855915.000.000) 08/18 04:58:08 Job submitted from host: <172.20.3.187:9618?addrs=172.20.3.187-9618&noUDP&sock=2043_e813_3>
...
001 (855915.000.000) 08/18 07:17:25 Job executing on host: <172.20.225.8:9618?addrs=172.20.225.8-9618&noUDP&sock=3440_21e1_3>
...
006 (855915.000.000) 08/18 07:17:34 Image size of job updated: 21124
	21  -  MemoryUsage of job (MB)
	21124  -  ResidentSetSize of job (KB)
...
006 (855915.000.000) 08/18 07:22:35 Image size of job updated: 3818264
	3696  -  MemoryUsage of job (MB)
	3784100  -  ResidentSetSize of job (KB)
...
006 (855915.000.000) 08/18 07:27:35 Image size of job updated: 4607620
	4500  -  MemoryUsage of job (MB)
	4607620  -  ResidentSetSize of job (KB)
...
006 (855915.000.000) 08/18 07:32:36 Image size of job updated: 5364008
	5239  -  MemoryUsage of job (MB)
	5364008  -  ResidentSetSize of job (KB)
...
006 (855915.000.000) 08/18 07:37:37 Image size of job updated: 5364140
	5239  -  MemoryUsage of job (MB)
	5364140  -  ResidentSetSize of job (KB)
...
006 (855915.000.000) 08/18 07:42:38 Image size of job updated: 5364840
	5240  -  MemoryUsage of job (MB)
	5364840  -  ResidentSetSize of job (KB)
...
006 (855915.000.000) 08/18 07:47:38 Image size of job updated: 5845880
	5709  -  MemoryUsage of job (MB)
	5845880  -  ResidentSetSize of job (KB)
...
005 (855915.000.000) 08/18 07:49:08 Job terminated.
	(1) Normal termination (return value 0)
		Usr 0 00:32:19, Sys 0 00:00:31  -  Run Remote Usage
		Usr 0 00:00:00, Sys 0 00:00:00  -  Run Local Usage
		Usr 0 00:32:19, Sys 0 00:00:31  -  Total Remote Usage
		Usr 0 00:00:00, Sys 0 00:00:00  -  Total Local Usage
	2113  -  Run Bytes Sent By Job
	412  -  Run Bytes Received By Job
	2113  -  Total Bytes Sent By Job
	412  -  Total Bytes Received By Job
	Partitionable Resources :    Usage  Request Allocated 
	   Cpus                 :     0.79        1         1 
	   Disk (KB)            :   803           1 479737977 
	   Memory (MB)          :  5709        7900      8033 
...
