000 (858428.000.000) 08/18 04:59:29 Job submitted from host: <172.20.3.187:9618?addrs=172.20.3.187-9618&noUDP&sock=2043_e813_3>
...
001 (858428.000.000) 08/18 13:22:10 Job executing on host: <172.20.225.4:9618?addrs=172.20.225.4-9618&noUDP&sock=3366_5fdf_3>
...
006 (858428.000.000) 08/18 13:22:18 Image size of job updated: 21108
	21  -  MemoryUsage of job (MB)
	21108  -  ResidentSetSize of job (KB)
...
006 (858428.000.000) 08/18 13:27:18 Image size of job updated: 3999576
	3882  -  MemoryUsage of job (MB)
	3974156  -  ResidentSetSize of job (KB)
...
006 (858428.000.000) 08/18 13:32:19 Image size of job updated: 4823716
	4686  -  MemoryUsage of job (MB)
	4797680  -  ResidentSetSize of job (KB)
...
006 (858428.000.000) 08/18 13:37:19 Image size of job updated: 5554068
	5424  -  MemoryUsage of job (MB)
	5554068  -  ResidentSetSize of job (KB)
...
006 (858428.000.000) 08/18 13:42:20 Image size of job updated: 5554104
	5424  -  MemoryUsage of job (MB)
	5554104  -  ResidentSetSize of job (KB)
...
006 (858428.000.000) 08/18 13:47:20 Image size of job updated: 5554896
	5425  -  MemoryUsage of job (MB)
	5554896  -  ResidentSetSize of job (KB)
...
006 (858428.000.000) 08/18 13:52:21 Image size of job updated: 6082052
	5940  -  MemoryUsage of job (MB)
	6082052  -  ResidentSetSize of job (KB)
...
005 (858428.000.000) 08/18 13:55:18 Job terminated.
	(1) Normal termination (return value 0)
		Usr 0 00:33:54, Sys 0 00:00:31  -  Run Remote Usage
		Usr 0 00:00:00, Sys 0 00:00:00  -  Run Local Usage
		Usr 0 00:33:54, Sys 0 00:00:31  -  Total Remote Usage
		Usr 0 00:00:00, Sys 0 00:00:00  -  Total Local Usage
	2113  -  Run Bytes Sent By Job
	412  -  Run Bytes Received By Job
	2113  -  Total Bytes Sent By Job
	412  -  Total Bytes Received By Job
	Partitionable Resources :    Usage  Request Allocated 
	   Cpus                 :     0.66        1         1 
	   Disk (KB)            :   803           1 479779449 
	   Memory (MB)          :  5940        7900      8033 
...
