000 (857788.000.000) 08/18 04:59:08 Job submitted from host: <172.20.3.187:9618?addrs=172.20.3.187-9618&noUDP&sock=2043_e813_3>
...
001 (857788.000.000) 08/18 12:10:18 Job executing on host: <172.20.225.5:9618?addrs=172.20.225.5-9618&noUDP&sock=3375_8c39_3>
...
006 (857788.000.000) 08/18 12:10:27 Image size of job updated: 21124
	21  -  MemoryUsage of job (MB)
	21124  -  ResidentSetSize of job (KB)
...
006 (857788.000.000) 08/18 12:15:28 Image size of job updated: 4449284
	4346  -  MemoryUsage of job (MB)
	4449284  -  ResidentSetSize of job (KB)
...
006 (857788.000.000) 08/18 12:20:28 Image size of job updated: 5232188
	5110  -  MemoryUsage of job (MB)
	5232188  -  ResidentSetSize of job (KB)
...
006 (857788.000.000) 08/18 12:25:28 Image size of job updated: 5232324
	5110  -  MemoryUsage of job (MB)
	5232324  -  ResidentSetSize of job (KB)
...
006 (857788.000.000) 08/18 12:30:28 Image size of job updated: 5232792
	5111  -  MemoryUsage of job (MB)
	5232792  -  ResidentSetSize of job (KB)
...
006 (857788.000.000) 08/18 12:35:29 Image size of job updated: 5233136
	5111  -  MemoryUsage of job (MB)
	5233136  -  ResidentSetSize of job (KB)
...
005 (857788.000.000) 08/18 12:40:06 Job terminated.
	(1) Normal termination (return value 0)
		Usr 0 00:33:09, Sys 0 00:00:37  -  Run Remote Usage
		Usr 0 00:00:00, Sys 0 00:00:00  -  Run Local Usage
		Usr 0 00:33:09, Sys 0 00:00:37  -  Total Remote Usage
		Usr 0 00:00:00, Sys 0 00:00:00  -  Total Local Usage
	2115  -  Run Bytes Sent By Job
	417  -  Run Bytes Received By Job
	2115  -  Total Bytes Sent By Job
	417  -  Total Bytes Received By Job
	Partitionable Resources :    Usage  Request Allocated 
	   Cpus                 :     0.59        1         1 
	   Disk (KB)            :   803           1 479749220 
	   Memory (MB)          :  5111        7900      8033 
...
