000 (857740.000.000) 08/18 04:59:07 Job submitted from host: <172.20.3.187:9618?addrs=172.20.3.187-9618&noUDP&sock=2043_e813_3>
...
001 (857740.000.000) 08/18 11:53:38 Job executing on host: <172.20.225.2:9618?addrs=172.20.225.2-9618&noUDP&sock=3424_285d_3>
...
006 (857740.000.000) 08/18 11:53:47 Image size of job updated: 21116
	21  -  MemoryUsage of job (MB)
	21116  -  ResidentSetSize of job (KB)
...
006 (857740.000.000) 08/18 11:58:48 Image size of job updated: 3686840
	3601  -  MemoryUsage of job (MB)
	3686840  -  ResidentSetSize of job (KB)
...
006 (857740.000.000) 08/18 12:03:49 Image size of job updated: 4522864
	4417  -  MemoryUsage of job (MB)
	4522864  -  ResidentSetSize of job (KB)
...
006 (857740.000.000) 08/18 12:08:49 Image size of job updated: 5266748
	5144  -  MemoryUsage of job (MB)
	5266748  -  ResidentSetSize of job (KB)
...
006 (857740.000.000) 08/18 12:13:49 Image size of job updated: 5266880
	5144  -  MemoryUsage of job (MB)
	5266880  -  ResidentSetSize of job (KB)
...
006 (857740.000.000) 08/18 12:18:50 Image size of job updated: 5267580
	5145  -  MemoryUsage of job (MB)
	5267580  -  ResidentSetSize of job (KB)
...
006 (857740.000.000) 08/18 12:23:50 Image size of job updated: 5970860
	5831  -  MemoryUsage of job (MB)
	5970024  -  ResidentSetSize of job (KB)
...
006 (857740.000.000) 08/18 12:24:43 Image size of job updated: 7532536
	5831  -  MemoryUsage of job (MB)
	5970024  -  ResidentSetSize of job (KB)
...
005 (857740.000.000) 08/18 12:24:43 Job terminated.
	(1) Normal termination (return value 0)
		Usr 0 00:33:12, Sys 0 00:00:36  -  Run Remote Usage
		Usr 0 00:00:00, Sys 0 00:00:00  -  Run Local Usage
		Usr 0 00:33:12, Sys 0 00:00:36  -  Total Remote Usage
		Usr 0 00:00:00, Sys 0 00:00:00  -  Total Local Usage
	2103  -  Run Bytes Sent By Job
	405  -  Run Bytes Received By Job
	2103  -  Total Bytes Sent By Job
	405  -  Total Bytes Received By Job
	Partitionable Resources :    Usage  Request Allocated 
	   Cpus                 :     0.58        1         1 
	   Disk (KB)            :   803           1 479786084 
	   Memory (MB)          :  5831        7900      8033 
...
