000 (856518.000.000) 08/18 04:58:27 Job submitted from host: <172.20.3.187:9618?addrs=172.20.3.187-9618&noUDP&sock=2043_e813_3>
...
001 (856518.000.000) 08/18 08:32:53 Job executing on host: <172.20.225.8:9618?addrs=172.20.225.8-9618&noUDP&sock=3440_21e1_3>
...
006 (856518.000.000) 08/18 08:33:03 Image size of job updated: 21116
	21  -  MemoryUsage of job (MB)
	21116  -  ResidentSetSize of job (KB)
...
006 (856518.000.000) 08/18 08:38:03 Image size of job updated: 3764100
	3676  -  MemoryUsage of job (MB)
	3764100  -  ResidentSetSize of job (KB)
...
006 (856518.000.000) 08/18 08:43:04 Image size of job updated: 4587648
	4481  -  MemoryUsage of job (MB)
	4587648  -  ResidentSetSize of job (KB)
...
006 (856518.000.000) 08/18 08:48:05 Image size of job updated: 5344036
	5219  -  MemoryUsage of job (MB)
	5344036  -  ResidentSetSize of job (KB)
...
006 (856518.000.000) 08/18 08:53:05 Image size of job updated: 5344172
	5219  -  MemoryUsage of job (MB)
	5344172  -  ResidentSetSize of job (KB)
...
006 (856518.000.000) 08/18 08:58:06 Image size of job updated: 5344872
	5220  -  MemoryUsage of job (MB)
	5344872  -  ResidentSetSize of job (KB)
...
006 (856518.000.000) 08/18 09:03:06 Image size of job updated: 5534164
	5405  -  MemoryUsage of job (MB)
	5534164  -  ResidentSetSize of job (KB)
...
006 (856518.000.000) 08/18 09:05:56 Image size of job updated: 5534164
	5405  -  MemoryUsage of job (MB)
	5534196  -  ResidentSetSize of job (KB)
...
005 (856518.000.000) 08/18 09:05:57 Job terminated.
	(1) Normal termination (return value 0)
		Usr 0 00:32:33, Sys 0 00:00:33  -  Run Remote Usage
		Usr 0 00:00:00, Sys 0 00:00:00  -  Run Local Usage
		Usr 0 00:32:33, Sys 0 00:00:33  -  Total Remote Usage
		Usr 0 00:00:00, Sys 0 00:00:00  -  Total Local Usage
	2107  -  Run Bytes Sent By Job
	406  -  Run Bytes Received By Job
	2107  -  Total Bytes Sent By Job
	406  -  Total Bytes Received By Job
	Partitionable Resources :    Usage  Request Allocated 
	   Cpus                 :     0.49        1         1 
	   Disk (KB)            :   803           1 479737977 
	   Memory (MB)          :  5405        7900      8033 
...
