000 (858749.000.000) 08/18 04:59:40 Job submitted from host: <172.20.3.187:9618?addrs=172.20.3.187-9618&noUDP&sock=2043_e813_3>
...
001 (858749.000.000) 08/18 13:57:39 Job executing on host: <172.20.225.2:9618?addrs=172.20.225.2-9618&noUDP&sock=3424_285d_3>
...
006 (858749.000.000) 08/18 13:57:48 Image size of job updated: 21116
	21  -  MemoryUsage of job (MB)
	21116  -  ResidentSetSize of job (KB)
...
006 (858749.000.000) 08/18 14:02:48 Image size of job updated: 3974020
	3881  -  MemoryUsage of job (MB)
	3974020  -  ResidentSetSize of job (KB)
...
006 (858749.000.000) 08/18 14:07:48 Image size of job updated: 4797560
	4686  -  MemoryUsage of job (MB)
	4797560  -  ResidentSetSize of job (KB)
...
006 (858749.000.000) 08/18 14:12:48 Image size of job updated: 5553940
	5424  -  MemoryUsage of job (MB)
	5553940  -  ResidentSetSize of job (KB)
...
006 (858749.000.000) 08/18 14:17:48 Image size of job updated: 5553984
	5424  -  MemoryUsage of job (MB)
	5553984  -  ResidentSetSize of job (KB)
...
006 (858749.000.000) 08/18 14:22:48 Image size of job updated: 5554456
	5425  -  MemoryUsage of job (MB)
	5554456  -  ResidentSetSize of job (KB)
...
006 (858749.000.000) 08/18 14:27:48 Image size of job updated: 5554788
	5425  -  MemoryUsage of job (MB)
	5554788  -  ResidentSetSize of job (KB)
...
006 (858749.000.000) 08/18 14:32:14 Image size of job updated: 9946020
	5425  -  MemoryUsage of job (MB)
	5554788  -  ResidentSetSize of job (KB)
...
005 (858749.000.000) 08/18 14:32:14 Job terminated.
	(1) Normal termination (return value 0)
		Usr 0 00:33:42, Sys 0 00:00:32  -  Run Remote Usage
		Usr 0 00:00:00, Sys 0 00:00:00  -  Run Local Usage
		Usr 0 00:33:42, Sys 0 00:00:32  -  Total Remote Usage
		Usr 0 00:00:00, Sys 0 00:00:00  -  Total Local Usage
	2113  -  Run Bytes Sent By Job
	412  -  Run Bytes Received By Job
	2113  -  Total Bytes Sent By Job
	412  -  Total Bytes Received By Job
	Partitionable Resources :    Usage  Request Allocated 
	   Cpus                 :     0.55        1         1 
	   Disk (KB)            :   803           1 479786084 
	   Memory (MB)          :  5425        7900      8033 
...
