000 (856770.000.000) 08/18 04:58:35 Job submitted from host: <172.20.3.187:9618?addrs=172.20.3.187-9618&noUDP&sock=2043_e813_3>
...
001 (856770.000.000) 08/18 08:54:40 Job executing on host: <172.20.225.5:9618?addrs=172.20.225.5-9618&noUDP&sock=3375_8c39_3>
...
006 (856770.000.000) 08/18 08:54:49 Image size of job updated: 21120
	21  -  MemoryUsage of job (MB)
	21120  -  ResidentSetSize of job (KB)
...
006 (856770.000.000) 08/18 08:59:50 Image size of job updated: 3670004
	3584  -  MemoryUsage of job (MB)
	3670004  -  ResidentSetSize of job (KB)
...
006 (856770.000.000) 08/18 09:04:51 Image size of job updated: 4506024
	4401  -  MemoryUsage of job (MB)
	4506024  -  ResidentSetSize of job (KB)
...
006 (856770.000.000) 08/18 09:09:51 Image size of job updated: 5249912
	5127  -  MemoryUsage of job (MB)
	5249912  -  ResidentSetSize of job (KB)
...
006 (856770.000.000) 08/18 09:14:51 Image size of job updated: 5250044
	5127  -  MemoryUsage of job (MB)
	5250044  -  ResidentSetSize of job (KB)
...
006 (856770.000.000) 08/18 09:19:51 Image size of job updated: 5250736
	5128  -  MemoryUsage of job (MB)
	5250736  -  ResidentSetSize of job (KB)
...
006 (856770.000.000) 08/18 09:24:52 Image size of job updated: 5528360
	5399  -  MemoryUsage of job (MB)
	5528360  -  ResidentSetSize of job (KB)
...
006 (856770.000.000) 08/18 09:26:34 Image size of job updated: 7008628
	5401  -  MemoryUsage of job (MB)
	5529628  -  ResidentSetSize of job (KB)
...
005 (856770.000.000) 08/18 09:26:36 Job terminated.
	(1) Normal termination (return value 0)
		Usr 0 00:31:28, Sys 0 00:00:34  -  Run Remote Usage
		Usr 0 00:00:00, Sys 0 00:00:00  -  Run Local Usage
		Usr 0 00:31:28, Sys 0 00:00:34  -  Total Remote Usage
		Usr 0 00:00:00, Sys 0 00:00:00  -  Total Local Usage
	2102  -  Run Bytes Sent By Job
	403  -  Run Bytes Received By Job
	2102  -  Total Bytes Sent By Job
	403  -  Total Bytes Received By Job
	Partitionable Resources :    Usage  Request Allocated 
	   Cpus                 :     0.66        1         1 
	   Disk (KB)            :   803           1 479749220 
	   Memory (MB)          :  5401        7900      8033 
...
