000 (859059.000.000) 08/18 04:59:50 Job submitted from host: <172.20.3.187:9618?addrs=172.20.3.187-9618&noUDP&sock=2043_e813_3>
...
001 (859059.000.000) 08/18 14:36:12 Job executing on host: <172.20.225.6:9618?addrs=172.20.225.6-9618&noUDP&sock=3382_5963_3>
...
006 (859059.000.000) 08/18 14:36:21 Image size of job updated: 21120
	21  -  MemoryUsage of job (MB)
	21120  -  ResidentSetSize of job (KB)
...
006 (859059.000.000) 08/18 14:41:22 Image size of job updated: 4106356
	4011  -  MemoryUsage of job (MB)
	4106356  -  ResidentSetSize of job (KB)
...
006 (859059.000.000) 08/18 14:46:22 Image size of job updated: 4801752
	4690  -  MemoryUsage of job (MB)
	4801752  -  ResidentSetSize of job (KB)
...
006 (859059.000.000) 08/18 14:51:23 Image size of job updated: 5239396
	5117  -  MemoryUsage of job (MB)
	5239396  -  ResidentSetSize of job (KB)
...
006 (859059.000.000) 08/18 14:56:24 Image size of job updated: 5239536
	5117  -  MemoryUsage of job (MB)
	5239536  -  ResidentSetSize of job (KB)
...
006 (859059.000.000) 08/18 15:01:24 Image size of job updated: 5240224
	5118  -  MemoryUsage of job (MB)
	5240224  -  ResidentSetSize of job (KB)
...
006 (859059.000.000) 08/18 15:06:25 Image size of job updated: 5754816
	5620  -  MemoryUsage of job (MB)
	5754708  -  ResidentSetSize of job (KB)
...
005 (859059.000.000) 08/18 15:09:19 Job terminated.
	(1) Normal termination (return value 0)
		Usr 0 00:32:06, Sys 0 00:00:34  -  Run Remote Usage
		Usr 0 00:00:00, Sys 0 00:00:00  -  Run Local Usage
		Usr 0 00:32:06, Sys 0 00:00:34  -  Total Remote Usage
		Usr 0 00:00:00, Sys 0 00:00:00  -  Total Local Usage
	2111  -  Run Bytes Sent By Job
	413  -  Run Bytes Received By Job
	2111  -  Total Bytes Sent By Job
	413  -  Total Bytes Received By Job
	Partitionable Resources :    Usage  Request Allocated 
	   Cpus                 :     0.72        1         1 
	   Disk (KB)            :   803           1 479749220 
	   Memory (MB)          :  5620        7900      8033 
...
