000 (855060.000.000) 08/18 04:57:36 Job submitted from host: <172.20.3.187:9618?addrs=172.20.3.187-9618&noUDP&sock=2043_e813_3>
...
001 (855060.000.000) 08/18 05:33:04 Job executing on host: <172.20.225.2:9618?addrs=172.20.225.2-9618&noUDP&sock=3424_285d_3>
...
006 (855060.000.000) 08/18 05:33:13 Image size of job updated: 21112
	21  -  MemoryUsage of job (MB)
	21112  -  ResidentSetSize of job (KB)
...
006 (855060.000.000) 08/18 05:38:14 Image size of job updated: 4103668
	4003  -  MemoryUsage of job (MB)
	4098632  -  ResidentSetSize of job (KB)
...
006 (855060.000.000) 08/18 05:43:14 Image size of job updated: 4492812
	4383  -  MemoryUsage of job (MB)
	4487776  -  ResidentSetSize of job (KB)
...
006 (855060.000.000) 08/18 05:48:15 Image size of job updated: 5231660
	5110  -  MemoryUsage of job (MB)
	5231660  -  ResidentSetSize of job (KB)
...
006 (855060.000.000) 08/18 05:53:15 Image size of job updated: 5231792
	5110  -  MemoryUsage of job (MB)
	5231792  -  ResidentSetSize of job (KB)
...
006 (855060.000.000) 08/18 05:58:15 Image size of job updated: 5232512
	5110  -  MemoryUsage of job (MB)
	5232492  -  ResidentSetSize of job (KB)
...
006 (855060.000.000) 08/18 06:03:15 Image size of job updated: 5407632
	5281  -  MemoryUsage of job (MB)
	5407632  -  ResidentSetSize of job (KB)
...
006 (855060.000.000) 08/18 06:06:55 Image size of job updated: 5913456
	5281  -  MemoryUsage of job (MB)
	5407648  -  ResidentSetSize of job (KB)
...
005 (855060.000.000) 08/18 06:06:55 Job terminated.
	(1) Normal termination (return value 0)
		Usr 0 00:32:37, Sys 0 00:00:31  -  Run Remote Usage
		Usr 0 00:00:00, Sys 0 00:00:00  -  Run Local Usage
		Usr 0 00:32:37, Sys 0 00:00:31  -  Total Remote Usage
		Usr 0 00:00:00, Sys 0 00:00:00  -  Total Local Usage
	2100  -  Run Bytes Sent By Job
	404  -  Run Bytes Received By Job
	2100  -  Total Bytes Sent By Job
	404  -  Total Bytes Received By Job
	Partitionable Resources :    Usage  Request Allocated 
	   Cpus                 :     0.79        1         1 
	   Disk (KB)            :   803           1 479786084 
	   Memory (MB)          :  5281        7900      8033 
...
