000 (857551.000.000) 08/18 04:59:01 Job submitted from host: <172.20.3.187:9618?addrs=172.20.3.187-9618&noUDP&sock=2043_e813_3>
...
001 (857551.000.000) 08/18 11:41:05 Job executing on host: <172.20.225.6:9618?addrs=172.20.225.6-9618&noUDP&sock=3382_5963_3>
...
006 (857551.000.000) 08/18 11:41:14 Image size of job updated: 21124
	21  -  MemoryUsage of job (MB)
	21124  -  ResidentSetSize of job (KB)
...
006 (857551.000.000) 08/18 11:46:16 Image size of job updated: 3690240
	3604  -  MemoryUsage of job (MB)
	3690240  -  ResidentSetSize of job (KB)
...
006 (857551.000.000) 08/18 11:51:16 Image size of job updated: 4513744
	4408  -  MemoryUsage of job (MB)
	4513744  -  ResidentSetSize of job (KB)
...
006 (857551.000.000) 08/18 11:56:16 Image size of job updated: 5270124
	5147  -  MemoryUsage of job (MB)
	5270124  -  ResidentSetSize of job (KB)
...
006 (857551.000.000) 08/18 12:01:17 Image size of job updated: 5270264
	5147  -  MemoryUsage of job (MB)
	5270264  -  ResidentSetSize of job (KB)
...
006 (857551.000.000) 08/18 12:06:18 Image size of job updated: 5270964
	5148  -  MemoryUsage of job (MB)
	5270964  -  ResidentSetSize of job (KB)
...
006 (857551.000.000) 08/18 12:11:19 Image size of job updated: 5455204
	5328  -  MemoryUsage of job (MB)
	5455080  -  ResidentSetSize of job (KB)
...
006 (857551.000.000) 08/18 12:15:39 Image size of job updated: 11694976
	5328  -  MemoryUsage of job (MB)
	5455092  -  ResidentSetSize of job (KB)
...
005 (857551.000.000) 08/18 12:15:39 Job terminated.
	(1) Normal termination (return value 0)
		Usr 0 00:32:57, Sys 0 00:00:37  -  Run Remote Usage
		Usr 0 00:00:00, Sys 0 00:00:00  -  Run Local Usage
		Usr 0 00:32:57, Sys 0 00:00:37  -  Total Remote Usage
		Usr 0 00:00:00, Sys 0 00:00:00  -  Total Local Usage
	2098  -  Run Bytes Sent By Job
	401  -  Run Bytes Received By Job
	2098  -  Total Bytes Sent By Job
	401  -  Total Bytes Received By Job
	Partitionable Resources :    Usage  Request Allocated 
	   Cpus                 :     0.76        1         1 
	   Disk (KB)            :   803           1 479749220 
	   Memory (MB)          :  5328        7900      8033 
...
