000 (859715.000.000) 08/18 05:00:12 Job submitted from host: <172.20.3.187:9618?addrs=172.20.3.187-9618&noUDP&sock=2043_e813_3>
...
001 (859715.000.000) 08/18 16:12:27 Job executing on host: <172.20.225.6:9618?addrs=172.20.225.6-9618&noUDP&sock=3382_5963_3>
...
006 (859715.000.000) 08/18 16:12:36 Image size of job updated: 20812
	21  -  MemoryUsage of job (MB)
	20812  -  ResidentSetSize of job (KB)
...
006 (859715.000.000) 08/18 16:17:37 Image size of job updated: 5305248
	5181  -  MemoryUsage of job (MB)
	5305248  -  ResidentSetSize of job (KB)
...
006 (859715.000.000) 08/18 16:22:37 Image size of job updated: 5305292
	5181  -  MemoryUsage of job (MB)
	5305292  -  ResidentSetSize of job (KB)
...
006 (859715.000.000) 08/18 16:27:38 Image size of job updated: 5305760
	5182  -  MemoryUsage of job (MB)
	5305760  -  ResidentSetSize of job (KB)
...
006 (859715.000.000) 08/18 16:32:39 Image size of job updated: 5306084
	5182  -  MemoryUsage of job (MB)
	5306084  -  ResidentSetSize of job (KB)
...
005 (859715.000.000) 08/18 16:36:11 Job terminated.
	(1) Normal termination (return value 0)
		Usr 0 00:34:05, Sys 0 00:00:52  -  Run Remote Usage
		Usr 0 00:00:00, Sys 0 00:00:00  -  Run Local Usage
		Usr 0 00:34:05, Sys 0 00:00:52  -  Total Remote Usage
		Usr 0 00:00:00, Sys 0 00:00:00  -  Total Local Usage
	2106  -  Run Bytes Sent By Job
	405  -  Run Bytes Received By Job
	2106  -  Total Bytes Sent By Job
	405  -  Total Bytes Received By Job
	Partitionable Resources :    Usage  Request Allocated 
	   Cpus                 :     1.14        1         1 
	   Disk (KB)            :   803           1 479749220 
	   Memory (MB)          :  5182        7900      8033 
...
