000 (855797.000.000) 08/18 04:58:04 Job submitted from host: <172.20.3.187:9618?addrs=172.20.3.187-9618&noUDP&sock=2043_e813_3>
...
001 (855797.000.000) 08/18 07:10:01 Job executing on host: <172.20.225.1:9618?addrs=172.20.225.1-9618&noUDP&sock=3382_5963_3>
...
006 (855797.000.000) 08/18 07:10:09 Image size of job updated: 21112
	21  -  MemoryUsage of job (MB)
	21112  -  ResidentSetSize of job (KB)
...
006 (855797.000.000) 08/18 07:15:10 Image size of job updated: 4230948
	4132  -  MemoryUsage of job (MB)
	4230948  -  ResidentSetSize of job (KB)
...
006 (855797.000.000) 08/18 07:20:10 Image size of job updated: 5363856
	5239  -  MemoryUsage of job (MB)
	5363856  -  ResidentSetSize of job (KB)
...
006 (855797.000.000) 08/18 07:25:11 Image size of job updated: 5363980
	5239  -  MemoryUsage of job (MB)
	5363980  -  ResidentSetSize of job (KB)
...
006 (855797.000.000) 08/18 07:30:12 Image size of job updated: 5364120
	5239  -  MemoryUsage of job (MB)
	5364120  -  ResidentSetSize of job (KB)
...
006 (855797.000.000) 08/18 07:35:12 Image size of job updated: 5364804
	5240  -  MemoryUsage of job (MB)
	5364804  -  ResidentSetSize of job (KB)
...
006 (855797.000.000) 08/18 07:40:13 Image size of job updated: 5866168
	5725  -  MemoryUsage of job (MB)
	5861744  -  ResidentSetSize of job (KB)
...
005 (855797.000.000) 08/18 07:41:20 Job terminated.
	(1) Normal termination (return value 0)
		Usr 0 00:32:35, Sys 0 00:00:37  -  Run Remote Usage
		Usr 0 00:00:00, Sys 0 00:00:00  -  Run Local Usage
		Usr 0 00:32:35, Sys 0 00:00:37  -  Total Remote Usage
		Usr 0 00:00:00, Sys 0 00:00:00  -  Total Local Usage
	2110  -  Run Bytes Sent By Job
	411  -  Run Bytes Received By Job
	2110  -  Total Bytes Sent By Job
	411  -  Total Bytes Received By Job
	Partitionable Resources :    Usage  Request Allocated 
	   Cpus                 :     0.70        1         1 
	   Disk (KB)            :   803           1 479786105 
	   Memory (MB)          :  5725        7900      8033 
...
