000 (856404.000.000) 08/18 04:58:23 Job submitted from host: <172.20.3.187:9618?addrs=172.20.3.187-9618&noUDP&sock=2043_e813_3>
...
001 (856404.000.000) 08/18 08:18:26 Job executing on host: <172.20.225.6:9618?addrs=172.20.225.6-9618&noUDP&sock=3382_5963_3>
...
006 (856404.000.000) 08/18 08:18:34 Image size of job updated: 21116
	21  -  MemoryUsage of job (MB)
	21116  -  ResidentSetSize of job (KB)
...
006 (856404.000.000) 08/18 08:23:35 Image size of job updated: 3763944
	3676  -  MemoryUsage of job (MB)
	3763944  -  ResidentSetSize of job (KB)
...
006 (856404.000.000) 08/18 08:28:35 Image size of job updated: 4587472
	4480  -  MemoryUsage of job (MB)
	4587472  -  ResidentSetSize of job (KB)
...
006 (856404.000.000) 08/18 08:33:35 Image size of job updated: 5343856
	5219  -  MemoryUsage of job (MB)
	5343856  -  ResidentSetSize of job (KB)
...
006 (856404.000.000) 08/18 08:38:36 Image size of job updated: 5343896
	5219  -  MemoryUsage of job (MB)
	5343896  -  ResidentSetSize of job (KB)
...
006 (856404.000.000) 08/18 08:43:36 Image size of job updated: 5344684
	5220  -  MemoryUsage of job (MB)
	5344684  -  ResidentSetSize of job (KB)
...
006 (856404.000.000) 08/18 08:48:37 Image size of job updated: 5527832
	5399  -  MemoryUsage of job (MB)
	5527608  -  ResidentSetSize of job (KB)
...
006 (856404.000.000) 08/18 08:51:19 Image size of job updated: 9769096
	5399  -  MemoryUsage of job (MB)
	5527632  -  ResidentSetSize of job (KB)
...
005 (856404.000.000) 08/18 08:51:19 Job terminated.
	(1) Normal termination (return value 0)
		Usr 0 00:32:05, Sys 0 00:00:30  -  Run Remote Usage
		Usr 0 00:00:00, Sys 0 00:00:00  -  Run Local Usage
		Usr 0 00:32:05, Sys 0 00:00:30  -  Total Remote Usage
		Usr 0 00:00:00, Sys 0 00:00:00  -  Total Local Usage
	2107  -  Run Bytes Sent By Job
	406  -  Run Bytes Received By Job
	2107  -  Total Bytes Sent By Job
	406  -  Total Bytes Received By Job
	Partitionable Resources :    Usage  Request Allocated 
	   Cpus                 :     0.63        1         1 
	   Disk (KB)            :   803           1 479749220 
	   Memory (MB)          :  5399        7900      8033 
...
