000 (856765.000.000) 08/18 04:58:35 Job submitted from host: <172.20.3.187:9618?addrs=172.20.3.187-9618&noUDP&sock=2043_e813_3>
...
001 (856765.000.000) 08/18 08:54:44 Job executing on host: <172.20.225.2:9618?addrs=172.20.225.2-9618&noUDP&sock=3424_285d_3>
...
006 (856765.000.000) 08/18 08:54:52 Image size of job updated: 21124
	21  -  MemoryUsage of job (MB)
	21124  -  ResidentSetSize of job (KB)
...
006 (856765.000.000) 08/18 08:59:53 Image size of job updated: 3674892
	3585  -  MemoryUsage of job (MB)
	3670248  -  ResidentSetSize of job (KB)
...
006 (856765.000.000) 08/18 09:04:53 Image size of job updated: 4498412
	4389  -  MemoryUsage of job (MB)
	4493768  -  ResidentSetSize of job (KB)
...
006 (856765.000.000) 08/18 09:09:53 Image size of job updated: 5250160
	5128  -  MemoryUsage of job (MB)
	5250160  -  ResidentSetSize of job (KB)
...
006 (856765.000.000) 08/18 09:14:54 Image size of job updated: 5250292
	5128  -  MemoryUsage of job (MB)
	5250292  -  ResidentSetSize of job (KB)
...
006 (856765.000.000) 08/18 09:19:54 Image size of job updated: 5250980
	5128  -  MemoryUsage of job (MB)
	5250980  -  ResidentSetSize of job (KB)
...
006 (856765.000.000) 08/18 09:24:54 Image size of job updated: 5462708
	5335  -  MemoryUsage of job (MB)
	5462244  -  ResidentSetSize of job (KB)
...
006 (856765.000.000) 08/18 09:26:48 Image size of job updated: 5462708
	5335  -  MemoryUsage of job (MB)
	5462696  -  ResidentSetSize of job (KB)
...
005 (856765.000.000) 08/18 09:26:48 Job terminated.
	(1) Normal termination (return value 0)
		Usr 0 00:31:55, Sys 0 00:00:32  -  Run Remote Usage
		Usr 0 00:00:00, Sys 0 00:00:00  -  Run Local Usage
		Usr 0 00:31:55, Sys 0 00:00:32  -  Total Remote Usage
		Usr 0 00:00:00, Sys 0 00:00:00  -  Total Local Usage
	2102  -  Run Bytes Sent By Job
	403  -  Run Bytes Received By Job
	2102  -  Total Bytes Sent By Job
	403  -  Total Bytes Received By Job
	Partitionable Resources :    Usage  Request Allocated 
	   Cpus                 :     0.58        1         1 
	   Disk (KB)            :   803           1 479786084 
	   Memory (MB)          :  5335        7900      8033 
...
