000 (859765.000.000) 08/18 05:00:14 Job submitted from host: <172.20.3.187:9618?addrs=172.20.3.187-9618&noUDP&sock=2043_e813_3>
...
001 (859765.000.000) 08/18 16:13:29 Job executing on host: <172.20.225.2:9618?addrs=172.20.225.2-9618&noUDP&sock=3424_285d_3>
...
006 (859765.000.000) 08/18 16:13:38 Image size of job updated: 21116
	21  -  MemoryUsage of job (MB)
	21116  -  ResidentSetSize of job (KB)
...
006 (859765.000.000) 08/18 16:18:39 Image size of job updated: 4155584
	4059  -  MemoryUsage of job (MB)
	4155584  -  ResidentSetSize of job (KB)
...
006 (859765.000.000) 08/18 16:23:40 Image size of job updated: 4851044
	4738  -  MemoryUsage of job (MB)
	4851044  -  ResidentSetSize of job (KB)
...
006 (859765.000.000) 08/18 16:28:41 Image size of job updated: 5288676
	5165  -  MemoryUsage of job (MB)
	5288676  -  ResidentSetSize of job (KB)
...
006 (859765.000.000) 08/18 16:33:42 Image size of job updated: 5288848
	5165  -  MemoryUsage of job (MB)
	5288848  -  ResidentSetSize of job (KB)
...
006 (859765.000.000) 08/18 16:38:43 Image size of job updated: 5289500
	5166  -  MemoryUsage of job (MB)
	5289500  -  ResidentSetSize of job (KB)
...
005 (859765.000.000) 08/18 16:43:45 Job terminated.
	(1) Normal termination (return value 0)
		Usr 0 00:30:22, Sys 0 00:00:32  -  Run Remote Usage
		Usr 0 00:00:00, Sys 0 00:00:00  -  Run Local Usage
		Usr 0 00:30:22, Sys 0 00:00:32  -  Total Remote Usage
		Usr 0 00:00:00, Sys 0 00:00:00  -  Total Local Usage
	2103  -  Run Bytes Sent By Job
	406  -  Run Bytes Received By Job
	2103  -  Total Bytes Sent By Job
	406  -  Total Bytes Received By Job
	Partitionable Resources :    Usage  Request Allocated 
	   Cpus                 :     0.58        1         1 
	   Disk (KB)            :   803           1 479786084 
	   Memory (MB)          :  5166        7900      8033 
...
