000 (859213.000.000) 08/18 04:59:55 Job submitted from host: <172.20.3.187:9618?addrs=172.20.3.187-9618&noUDP&sock=2043_e813_3>
...
001 (859213.000.000) 08/18 14:56:36 Job executing on host: <172.20.225.4:9618?addrs=172.20.225.4-9618&noUDP&sock=3366_5fdf_3>
...
006 (859213.000.000) 08/18 14:56:44 Image size of job updated: 21124
	21  -  MemoryUsage of job (MB)
	21124  -  ResidentSetSize of job (KB)
...
006 (859213.000.000) 08/18 15:01:45 Image size of job updated: 3879288
	3789  -  MemoryUsage of job (MB)
	3879288  -  ResidentSetSize of job (KB)
...
006 (859213.000.000) 08/18 15:06:45 Image size of job updated: 5318444
	5194  -  MemoryUsage of job (MB)
	5318444  -  ResidentSetSize of job (KB)
...
006 (859213.000.000) 08/18 15:11:46 Image size of job updated: 5318576
	5194  -  MemoryUsage of job (MB)
	5318576  -  ResidentSetSize of job (KB)
...
006 (859213.000.000) 08/18 15:16:45 Image size of job updated: 5318712
	5195  -  MemoryUsage of job (MB)
	5318712  -  ResidentSetSize of job (KB)
...
006 (859213.000.000) 08/18 15:21:45 Image size of job updated: 5319404
	5195  -  MemoryUsage of job (MB)
	5319404  -  ResidentSetSize of job (KB)
...
006 (859213.000.000) 08/18 15:26:46 Image size of job updated: 6848544
	6689  -  MemoryUsage of job (MB)
	6848544  -  ResidentSetSize of job (KB)
...
006 (859213.000.000) 08/18 15:29:36 Image size of job updated: 7421260
	6689  -  MemoryUsage of job (MB)
	6848544  -  ResidentSetSize of job (KB)
...
005 (859213.000.000) 08/18 15:29:36 Job terminated.
	(1) Normal termination (return value 0)
		Usr 0 00:33:53, Sys 0 00:00:36  -  Run Remote Usage
		Usr 0 00:00:00, Sys 0 00:00:00  -  Run Local Usage
		Usr 0 00:33:53, Sys 0 00:00:36  -  Total Remote Usage
		Usr 0 00:00:00, Sys 0 00:00:00  -  Total Local Usage
	2102  -  Run Bytes Sent By Job
	401  -  Run Bytes Received By Job
	2102  -  Total Bytes Sent By Job
	401  -  Total Bytes Received By Job
	Partitionable Resources :    Usage  Request Allocated 
	   Cpus                 :     0.70        1         1 
	   Disk (KB)            :   803           1 479779449 
	   Memory (MB)          :  6689        7900      8033 
...
