000 (857929.000.000) 08/18 04:59:13 Job submitted from host: <172.20.3.187:9618?addrs=172.20.3.187-9618&noUDP&sock=2043_e813_3>
...
001 (857929.000.000) 08/18 12:18:09 Job executing on host: <172.20.225.8:9618?addrs=172.20.225.8-9618&noUDP&sock=3440_21e1_3>
...
006 (857929.000.000) 08/18 12:18:18 Image size of job updated: 21120
	21  -  MemoryUsage of job (MB)
	21120  -  ResidentSetSize of job (KB)
...
006 (857929.000.000) 08/18 12:23:19 Image size of job updated: 3822188
	3733  -  MemoryUsage of job (MB)
	3822188  -  ResidentSetSize of job (KB)
...
006 (857929.000.000) 08/18 12:28:19 Image size of job updated: 4517584
	4412  -  MemoryUsage of job (MB)
	4517584  -  ResidentSetSize of job (KB)
...
006 (857929.000.000) 08/18 12:33:20 Image size of job updated: 5261468
	5139  -  MemoryUsage of job (MB)
	5261468  -  ResidentSetSize of job (KB)
...
006 (857929.000.000) 08/18 12:38:21 Image size of job updated: 5261504
	5139  -  MemoryUsage of job (MB)
	5261504  -  ResidentSetSize of job (KB)
...
006 (857929.000.000) 08/18 12:43:21 Image size of job updated: 5261976
	5139  -  MemoryUsage of job (MB)
	5261976  -  ResidentSetSize of job (KB)
...
006 (857929.000.000) 08/18 12:48:21 Image size of job updated: 5262300
	5139  -  MemoryUsage of job (MB)
	5262300  -  ResidentSetSize of job (KB)
...
006 (857929.000.000) 08/18 12:53:21 Image size of job updated: 6647980
	6493  -  MemoryUsage of job (MB)
	6647980  -  ResidentSetSize of job (KB)
...
005 (857929.000.000) 08/18 12:53:55 Job terminated.
	(1) Normal termination (return value 0)
		Usr 0 00:34:11, Sys 0 00:00:32  -  Run Remote Usage
		Usr 0 00:00:00, Sys 0 00:00:00  -  Run Local Usage
		Usr 0 00:34:11, Sys 0 00:00:32  -  Total Remote Usage
		Usr 0 00:00:00, Sys 0 00:00:00  -  Total Local Usage
	2101  -  Run Bytes Sent By Job
	404  -  Run Bytes Received By Job
	2101  -  Total Bytes Sent By Job
	404  -  Total Bytes Received By Job
	Partitionable Resources :    Usage  Request Allocated 
	   Cpus                 :     0.87        1         1 
	   Disk (KB)            :   803           1 479737977 
	   Memory (MB)          :  6493        7900      8033 
...
