000 (860056.000.000) 08/18 05:00:23 Job submitted from host: <172.20.3.187:9618?addrs=172.20.3.187-9618&noUDP&sock=2043_e813_3>
...
001 (860056.000.000) 08/18 16:48:02 Job executing on host: <172.20.225.8:9618?addrs=172.20.225.8-9618&noUDP&sock=3440_21e1_3>
...
006 (860056.000.000) 08/18 16:48:10 Image size of job updated: 21116
	21  -  MemoryUsage of job (MB)
	21116  -  ResidentSetSize of job (KB)
...
006 (860056.000.000) 08/18 16:53:10 Image size of job updated: 4478280
	4374  -  MemoryUsage of job (MB)
	4478280  -  ResidentSetSize of job (KB)
...
006 (860056.000.000) 08/18 16:58:11 Image size of job updated: 5611176
	5480  -  MemoryUsage of job (MB)
	5611176  -  ResidentSetSize of job (KB)
...
006 (860056.000.000) 08/18 17:03:11 Image size of job updated: 5611316
	5480  -  MemoryUsage of job (MB)
	5611316  -  ResidentSetSize of job (KB)
...
006 (860056.000.000) 08/18 17:08:12 Image size of job updated: 5611452
	5480  -  MemoryUsage of job (MB)
	5611452  -  ResidentSetSize of job (KB)
...
006 (860056.000.000) 08/18 17:13:13 Image size of job updated: 5612136
	5481  -  MemoryUsage of job (MB)
	5612136  -  ResidentSetSize of job (KB)
...
006 (860056.000.000) 08/18 17:18:13 Image size of job updated: 6092456
	5950  -  MemoryUsage of job (MB)
	6092408  -  ResidentSetSize of job (KB)
...
006 (860056.000.000) 08/18 17:20:17 Image size of job updated: 6092456
	5950  -  MemoryUsage of job (MB)
	6092476  -  ResidentSetSize of job (KB)
...
005 (860056.000.000) 08/18 17:20:17 Job terminated.
	(1) Normal termination (return value 0)
		Usr 0 00:32:17, Sys 0 00:00:33  -  Run Remote Usage
		Usr 0 00:00:00, Sys 0 00:00:00  -  Run Local Usage
		Usr 0 00:32:17, Sys 0 00:00:33  -  Total Remote Usage
		Usr 0 00:00:00, Sys 0 00:00:00  -  Total Local Usage
	2113  -  Run Bytes Sent By Job
	412  -  Run Bytes Received By Job
	2113  -  Total Bytes Sent By Job
	412  -  Total Bytes Received By Job
	Partitionable Resources :    Usage  Request Allocated 
	   Cpus                 :     0.64        1         1 
	   Disk (KB)            :   803           1 479737977 
	   Memory (MB)          :  5950        7900      8033 
...
