000 (855776.000.000) 08/18 04:58:03 Job submitted from host: <172.20.3.187:9618?addrs=172.20.3.187-9618&noUDP&sock=2043_e813_3>
...
001 (855776.000.000) 08/18 07:10:06 Job executing on host: <172.20.225.4:9618?addrs=172.20.225.4-9618&noUDP&sock=3366_5fdf_3>
...
006 (855776.000.000) 08/18 07:10:15 Image size of job updated: 21108
	21  -  MemoryUsage of job (MB)
	21108  -  ResidentSetSize of job (KB)
...
006 (855776.000.000) 08/18 07:15:16 Image size of job updated: 3935528
	3833  -  MemoryUsage of job (MB)
	3924964  -  ResidentSetSize of job (KB)
...
006 (855776.000.000) 08/18 07:20:17 Image size of job updated: 4937176
	4812  -  MemoryUsage of job (MB)
	4926612  -  ResidentSetSize of job (KB)
...
006 (855776.000.000) 08/18 07:25:17 Image size of job updated: 5375084
	5239  -  MemoryUsage of job (MB)
	5364252  -  ResidentSetSize of job (KB)
...
006 (855776.000.000) 08/18 07:30:19 Image size of job updated: 5375084
	5239  -  MemoryUsage of job (MB)
	5364420  -  ResidentSetSize of job (KB)
...
006 (855776.000.000) 08/18 07:35:19 Image size of job updated: 5375084
	5240  -  MemoryUsage of job (MB)
	5365072  -  ResidentSetSize of job (KB)
...
005 (855776.000.000) 08/18 07:39:13 Job terminated.
	(1) Normal termination (return value 0)
		Usr 0 00:32:57, Sys 0 00:00:30  -  Run Remote Usage
		Usr 0 00:00:00, Sys 0 00:00:00  -  Run Local Usage
		Usr 0 00:32:57, Sys 0 00:00:30  -  Total Remote Usage
		Usr 0 00:00:00, Sys 0 00:00:00  -  Total Local Usage
	2110  -  Run Bytes Sent By Job
	411  -  Run Bytes Received By Job
	2110  -  Total Bytes Sent By Job
	411  -  Total Bytes Received By Job
	Partitionable Resources :    Usage  Request Allocated 
	   Cpus                 :        0        1         1 
	   Disk (KB)            :      803        1 479779449 
	   Memory (MB)          :     5240     7900      8033 
...
