000 (859520.000.000) 08/18 05:00:05 Job submitted from host: <172.20.3.187:9618?addrs=172.20.3.187-9618&noUDP&sock=2043_e813_3>
...
001 (859520.000.000) 08/18 15:34:48 Job executing on host: <172.20.225.2:9618?addrs=172.20.225.2-9618&noUDP&sock=3424_285d_3>
...
006 (859520.000.000) 08/18 15:34:58 Image size of job updated: 21112
	21  -  MemoryUsage of job (MB)
	21112  -  ResidentSetSize of job (KB)
...
006 (859520.000.000) 08/18 15:39:58 Image size of job updated: 4147256
	4051  -  MemoryUsage of job (MB)
	4147256  -  ResidentSetSize of job (KB)
...
006 (859520.000.000) 08/18 15:44:58 Image size of job updated: 5280160
	5157  -  MemoryUsage of job (MB)
	5280160  -  ResidentSetSize of job (KB)
...
006 (859520.000.000) 08/18 15:49:59 Image size of job updated: 5280300
	5157  -  MemoryUsage of job (MB)
	5280296  -  ResidentSetSize of job (KB)
...
006 (859520.000.000) 08/18 15:55:00 Image size of job updated: 5280468
	5157  -  MemoryUsage of job (MB)
	5280464  -  ResidentSetSize of job (KB)
...
006 (859520.000.000) 08/18 16:00:01 Image size of job updated: 5281108
	5158  -  MemoryUsage of job (MB)
	5281108  -  ResidentSetSize of job (KB)
...
005 (859520.000.000) 08/18 16:03:18 Job terminated.
	(1) Normal termination (return value 0)
		Usr 0 00:30:52, Sys 0 00:00:35  -  Run Remote Usage
		Usr 0 00:00:00, Sys 0 00:00:00  -  Run Local Usage
		Usr 0 00:30:52, Sys 0 00:00:35  -  Total Remote Usage
		Usr 0 00:00:00, Sys 0 00:00:00  -  Total Local Usage
	2107  -  Run Bytes Sent By Job
	406  -  Run Bytes Received By Job
	2107  -  Total Bytes Sent By Job
	406  -  Total Bytes Received By Job
	Partitionable Resources :    Usage  Request Allocated 
	   Cpus                 :     0.99        1         1 
	   Disk (KB)            :   803           1 479786084 
	   Memory (MB)          :  5158        7900      8033 
...
