000 (854665.000.000) 08/18 04:57:23 Job submitted from host: <172.20.3.187:9618?addrs=172.20.3.187-9618&noUDP&sock=2043_e813_3>
...
001 (854665.000.000) 08/18 04:57:43 Job executing on host: <172.20.225.2:9618?addrs=172.20.225.2-9618&noUDP&sock=3424_285d_3>
...
006 (854665.000.000) 08/18 04:57:51 Image size of job updated: 21104
	21  -  MemoryUsage of job (MB)
	21104  -  ResidentSetSize of job (KB)
...
006 (854665.000.000) 08/18 05:02:52 Image size of job updated: 3807692
	3719  -  MemoryUsage of job (MB)
	3807640  -  ResidentSetSize of job (KB)
...
006 (854665.000.000) 08/18 05:07:52 Image size of job updated: 4643712
	4535  -  MemoryUsage of job (MB)
	4643660  -  ResidentSetSize of job (KB)
...
006 (854665.000.000) 08/18 05:12:52 Image size of job updated: 5387596
	5262  -  MemoryUsage of job (MB)
	5387544  -  ResidentSetSize of job (KB)
...
006 (854665.000.000) 08/18 05:17:52 Image size of job updated: 5387732
	5262  -  MemoryUsage of job (MB)
	5387680  -  ResidentSetSize of job (KB)
...
006 (854665.000.000) 08/18 05:22:52 Image size of job updated: 5388380
	5263  -  MemoryUsage of job (MB)
	5388380  -  ResidentSetSize of job (KB)
...
006 (854665.000.000) 08/18 05:27:52 Image size of job updated: 5589988
	5459  -  MemoryUsage of job (MB)
	5589988  -  ResidentSetSize of job (KB)
...
006 (854665.000.000) 08/18 05:30:53 Image size of job updated: 5589988
	5460  -  MemoryUsage of job (MB)
	5590040  -  ResidentSetSize of job (KB)
...
005 (854665.000.000) 08/18 05:30:54 Job terminated.
	(1) Normal termination (return value 0)
		Usr 0 00:31:45, Sys 0 00:00:40  -  Run Remote Usage
		Usr 0 00:00:00, Sys 0 00:00:00  -  Run Local Usage
		Usr 0 00:31:45, Sys 0 00:00:40  -  Total Remote Usage
		Usr 0 00:00:00, Sys 0 00:00:00  -  Total Local Usage
	2104  -  Run Bytes Sent By Job
	403  -  Run Bytes Received By Job
	2104  -  Total Bytes Sent By Job
	403  -  Total Bytes Received By Job
	Partitionable Resources :    Usage  Request Allocated 
	   Cpus                 :     1.00        1         1 
	   Disk (KB)            :   803           1 479786084 
	   Memory (MB)          :  5460        7900      8033 
...
