000 (855661.000.000) 08/18 04:57:59 Job submitted from host: <172.20.3.187:9618?addrs=172.20.3.187-9618&noUDP&sock=2043_e813_3>
...
001 (855661.000.000) 08/18 06:51:58 Job executing on host: <172.20.225.5:9618?addrs=172.20.225.5-9618&noUDP&sock=3375_8c39_3>
...
006 (855661.000.000) 08/18 06:52:07 Image size of job updated: 21116
	21  -  MemoryUsage of job (MB)
	21116  -  ResidentSetSize of job (KB)
...
006 (855661.000.000) 08/18 06:57:09 Image size of job updated: 3734512
	3646  -  MemoryUsage of job (MB)
	3733152  -  ResidentSetSize of job (KB)
...
006 (855661.000.000) 08/18 07:02:09 Image size of job updated: 4569184
	4463  -  MemoryUsage of job (MB)
	4569184  -  ResidentSetSize of job (KB)
...
006 (855661.000.000) 08/18 07:07:09 Image size of job updated: 5313072
	5189  -  MemoryUsage of job (MB)
	5313072  -  ResidentSetSize of job (KB)
...
006 (855661.000.000) 08/18 07:12:09 Image size of job updated: 5313224
	5189  -  MemoryUsage of job (MB)
	5313224  -  ResidentSetSize of job (KB)
...
006 (855661.000.000) 08/18 07:17:09 Image size of job updated: 5313896
	5190  -  MemoryUsage of job (MB)
	5313896  -  ResidentSetSize of job (KB)
...
006 (855661.000.000) 08/18 07:22:10 Image size of job updated: 5990552
	5850  -  MemoryUsage of job (MB)
	5990396  -  ResidentSetSize of job (KB)
...
005 (855661.000.000) 08/18 07:22:50 Job terminated.
	(1) Normal termination (return value 0)
		Usr 0 00:32:22, Sys 0 00:00:33  -  Run Remote Usage
		Usr 0 00:00:00, Sys 0 00:00:00  -  Run Local Usage
		Usr 0 00:32:22, Sys 0 00:00:33  -  Total Remote Usage
		Usr 0 00:00:00, Sys 0 00:00:00  -  Total Local Usage
	2109  -  Run Bytes Sent By Job
	408  -  Run Bytes Received By Job
	2109  -  Total Bytes Sent By Job
	408  -  Total Bytes Received By Job
	Partitionable Resources :    Usage  Request Allocated 
	   Cpus                 :     0.49        1         1 
	   Disk (KB)            :   803           1 479749220 
	   Memory (MB)          :  5850        7900      8033 
...
