000 (855266.000.000) 08/18 04:57:46 Job submitted from host: <172.20.3.187:9618?addrs=172.20.3.187-9618&noUDP&sock=2043_e813_3>
...
001 (855266.000.000) 08/18 06:07:03 Job executing on host: <172.20.225.6:9618?addrs=172.20.225.6-9618&noUDP&sock=3382_5963_3>
...
006 (855266.000.000) 08/18 06:07:11 Image size of job updated: 21108
	21  -  MemoryUsage of job (MB)
	21108  -  ResidentSetSize of job (KB)
...
006 (855266.000.000) 08/18 06:12:11 Image size of job updated: 3680668
	3593  -  MemoryUsage of job (MB)
	3678724  -  ResidentSetSize of job (KB)
...
006 (855266.000.000) 08/18 06:17:13 Image size of job updated: 4504188
	4397  -  MemoryUsage of job (MB)
	4502244  -  ResidentSetSize of job (KB)
...
006 (855266.000.000) 08/18 06:22:13 Image size of job updated: 5260168
	5136  -  MemoryUsage of job (MB)
	5258636  -  ResidentSetSize of job (KB)
...
006 (855266.000.000) 08/18 06:27:14 Image size of job updated: 5260168
	5136  -  MemoryUsage of job (MB)
	5258672  -  ResidentSetSize of job (KB)
...
006 (855266.000.000) 08/18 06:32:15 Image size of job updated: 5260168
	5136  -  MemoryUsage of job (MB)
	5259140  -  ResidentSetSize of job (KB)
...
006 (855266.000.000) 08/18 06:37:16 Image size of job updated: 5260168
	5137  -  MemoryUsage of job (MB)
	5259472  -  ResidentSetSize of job (KB)
...
006 (855266.000.000) 08/18 06:40:21 Image size of job updated: 8807608
	5137  -  MemoryUsage of job (MB)
	5259472  -  ResidentSetSize of job (KB)
...
005 (855266.000.000) 08/18 06:40:21 Job terminated.
	(1) Normal termination (return value 0)
		Usr 0 00:32:10, Sys 0 00:00:30  -  Run Remote Usage
		Usr 0 00:00:00, Sys 0 00:00:00  -  Run Local Usage
		Usr 0 00:32:10, Sys 0 00:00:30  -  Total Remote Usage
		Usr 0 00:00:00, Sys 0 00:00:00  -  Total Local Usage
	2099  -  Run Bytes Sent By Job
	400  -  Run Bytes Received By Job
	2099  -  Total Bytes Sent By Job
	400  -  Total Bytes Received By Job
	Partitionable Resources :    Usage  Request Allocated 
	   Cpus                 :     0.60        1         1 
	   Disk (KB)            :   803           1 479749220 
	   Memory (MB)          :  5137        7900      8033 
...
