000 (855173.000.000) 08/18 04:57:43 Job submitted from host: <172.20.3.187:9618?addrs=172.20.3.187-9618&noUDP&sock=2043_e813_3>
...
001 (855173.000.000) 08/18 06:05:03 Job executing on host: <172.20.225.6:9618?addrs=172.20.225.6-9618&noUDP&sock=3382_5963_3>
...
006 (855173.000.000) 08/18 06:05:11 Image size of job updated: 21120
	21  -  MemoryUsage of job (MB)
	21120  -  ResidentSetSize of job (KB)
...
006 (855173.000.000) 08/18 06:10:11 Image size of job updated: 4475824
	4371  -  MemoryUsage of job (MB)
	4475824  -  ResidentSetSize of job (KB)
...
006 (855173.000.000) 08/18 06:15:12 Image size of job updated: 5258720
	5136  -  MemoryUsage of job (MB)
	5258720  -  ResidentSetSize of job (KB)
...
006 (855173.000.000) 08/18 06:20:13 Image size of job updated: 5258848
	5136  -  MemoryUsage of job (MB)
	5258848  -  ResidentSetSize of job (KB)
...
006 (855173.000.000) 08/18 06:25:13 Image size of job updated: 5258988
	5136  -  MemoryUsage of job (MB)
	5258988  -  ResidentSetSize of job (KB)
...
006 (855173.000.000) 08/18 06:30:14 Image size of job updated: 5259672
	5137  -  MemoryUsage of job (MB)
	5259672  -  ResidentSetSize of job (KB)
...
006 (855173.000.000) 08/18 06:35:14 Image size of job updated: 6151188
	6002  -  MemoryUsage of job (MB)
	6145864  -  ResidentSetSize of job (KB)
...
006 (855173.000.000) 08/18 06:37:03 Image size of job updated: 13070140
	6002  -  MemoryUsage of job (MB)
	6145912  -  ResidentSetSize of job (KB)
...
005 (855173.000.000) 08/18 06:37:03 Job terminated.
	(1) Normal termination (return value 0)
		Usr 0 00:31:44, Sys 0 00:00:36  -  Run Remote Usage
		Usr 0 00:00:00, Sys 0 00:00:00  -  Run Local Usage
		Usr 0 00:31:44, Sys 0 00:00:36  -  Total Remote Usage
		Usr 0 00:00:00, Sys 0 00:00:00  -  Total Local Usage
	2096  -  Run Bytes Sent By Job
	399  -  Run Bytes Received By Job
	2096  -  Total Bytes Sent By Job
	399  -  Total Bytes Received By Job
	Partitionable Resources :    Usage  Request Allocated 
	   Cpus                 :     0.61        1         1 
	   Disk (KB)            :   803           1 479749220 
	   Memory (MB)          :  6002        7900      8033 
...
