000 (856717.000.000) 08/18 04:58:34 Job submitted from host: <172.20.3.187:9618?addrs=172.20.3.187-9618&noUDP&sock=2043_e813_3>
...
001 (856717.000.000) 08/18 08:52:40 Job executing on host: <172.20.225.2:9618?addrs=172.20.225.2-9618&noUDP&sock=3424_285d_3>
...
006 (856717.000.000) 08/18 08:52:49 Image size of job updated: 21112
	21  -  MemoryUsage of job (MB)
	21112  -  ResidentSetSize of job (KB)
...
006 (856717.000.000) 08/18 08:57:51 Image size of job updated: 3810292
	3721  -  MemoryUsage of job (MB)
	3810292  -  ResidentSetSize of job (KB)
...
006 (856717.000.000) 08/18 09:02:51 Image size of job updated: 4505692
	4401  -  MemoryUsage of job (MB)
	4505692  -  ResidentSetSize of job (KB)
...
006 (856717.000.000) 08/18 09:07:52 Image size of job updated: 5249576
	5127  -  MemoryUsage of job (MB)
	5249576  -  ResidentSetSize of job (KB)
...
006 (856717.000.000) 08/18 09:12:52 Image size of job updated: 5249704
	5127  -  MemoryUsage of job (MB)
	5249704  -  ResidentSetSize of job (KB)
...
006 (856717.000.000) 08/18 09:17:53 Image size of job updated: 5250404
	5128  -  MemoryUsage of job (MB)
	5250404  -  ResidentSetSize of job (KB)
...
006 (856717.000.000) 08/18 09:22:54 Image size of job updated: 5629568
	5495  -  MemoryUsage of job (MB)
	5626088  -  ResidentSetSize of job (KB)
...
006 (856717.000.000) 08/18 09:24:53 Image size of job updated: 10498724
	5495  -  MemoryUsage of job (MB)
	5626088  -  ResidentSetSize of job (KB)
...
005 (856717.000.000) 08/18 09:24:53 Job terminated.
	(1) Normal termination (return value 0)
		Usr 0 00:31:49, Sys 0 00:00:38  -  Run Remote Usage
		Usr 0 00:00:00, Sys 0 00:00:00  -  Run Local Usage
		Usr 0 00:31:49, Sys 0 00:00:38  -  Total Remote Usage
		Usr 0 00:00:00, Sys 0 00:00:00  -  Total Local Usage
	2102  -  Run Bytes Sent By Job
	403  -  Run Bytes Received By Job
	2102  -  Total Bytes Sent By Job
	403  -  Total Bytes Received By Job
	Partitionable Resources :    Usage  Request Allocated 
	   Cpus                 :     0.55        1         1 
	   Disk (KB)            :   803           1 479786084 
	   Memory (MB)          :  5495        7900      8033 
...
