000 (859475.000.000) 08/18 05:00:04 Job submitted from host: <172.20.3.187:9618?addrs=172.20.3.187-9618&noUDP&sock=2043_e813_3>
...
001 (859475.000.000) 08/18 15:34:46 Job executing on host: <172.20.225.8:9618?addrs=172.20.225.8-9618&noUDP&sock=3440_21e1_3>
...
006 (859475.000.000) 08/18 15:34:55 Image size of job updated: 21120
	21  -  MemoryUsage of job (MB)
	21120  -  ResidentSetSize of job (KB)
...
006 (859475.000.000) 08/18 15:39:56 Image size of job updated: 3700108
	3614  -  MemoryUsage of job (MB)
	3700108  -  ResidentSetSize of job (KB)
...
006 (859475.000.000) 08/18 15:44:57 Image size of job updated: 4536128
	4430  -  MemoryUsage of job (MB)
	4536128  -  ResidentSetSize of job (KB)
...
006 (859475.000.000) 08/18 15:49:58 Image size of job updated: 5280024
	5157  -  MemoryUsage of job (MB)
	5280024  -  ResidentSetSize of job (KB)
...
006 (859475.000.000) 08/18 15:54:59 Image size of job updated: 5280176
	5157  -  MemoryUsage of job (MB)
	5280176  -  ResidentSetSize of job (KB)
...
006 (859475.000.000) 08/18 16:00:00 Image size of job updated: 5280848
	5158  -  MemoryUsage of job (MB)
	5280848  -  ResidentSetSize of job (KB)
...
006 (859475.000.000) 08/18 16:05:01 Image size of job updated: 8475668
	8278  -  MemoryUsage of job (MB)
	8475668  -  ResidentSetSize of job (KB)
...
006 (859475.000.000) 08/18 16:09:20 Image size of job updated: 8792488
	8278  -  MemoryUsage of job (MB)
	8475676  -  ResidentSetSize of job (KB)
...
005 (859475.000.000) 08/18 16:09:21 Job terminated.
	(1) Normal termination (return value 0)
		Usr 0 00:34:02, Sys 0 00:00:33  -  Run Remote Usage
		Usr 0 00:00:00, Sys 0 00:00:00  -  Run Local Usage
		Usr 0 00:34:02, Sys 0 00:00:33  -  Total Remote Usage
		Usr 0 00:00:00, Sys 0 00:00:00  -  Total Local Usage
	2105  -  Run Bytes Sent By Job
	405  -  Run Bytes Received By Job
	2105  -  Total Bytes Sent By Job
	405  -  Total Bytes Received By Job
	Partitionable Resources :    Usage  Request Allocated 
	   Cpus                 :     0.69        1         1 
	   Disk (KB)            :   803           1 479737977 
	   Memory (MB)          :  8278        7900      8033 
...
