000 (855138.000.000) 08/18 04:57:41 Job submitted from host: <172.20.3.187:9618?addrs=172.20.3.187-9618&noUDP&sock=2043_e813_3>
...
001 (855138.000.000) 08/18 06:03:02 Job executing on host: <172.20.225.1:9618?addrs=172.20.225.1-9618&noUDP&sock=3382_5963_3>
...
006 (855138.000.000) 08/18 06:03:11 Image size of job updated: 21112
	21  -  MemoryUsage of job (MB)
	21112  -  ResidentSetSize of job (KB)
...
006 (855138.000.000) 08/18 06:08:12 Image size of job updated: 4470224
	4366  -  MemoryUsage of job (MB)
	4470204  -  ResidentSetSize of job (KB)
...
006 (855138.000.000) 08/18 06:13:13 Image size of job updated: 5226600
	5105  -  MemoryUsage of job (MB)
	5226600  -  ResidentSetSize of job (KB)
...
006 (855138.000.000) 08/18 06:18:13 Image size of job updated: 5226736
	5105  -  MemoryUsage of job (MB)
	5226736  -  ResidentSetSize of job (KB)
...
006 (855138.000.000) 08/18 06:23:13 Image size of job updated: 5227436
	5105  -  MemoryUsage of job (MB)
	5227436  -  ResidentSetSize of job (KB)
...
006 (855138.000.000) 08/18 06:28:14 Image size of job updated: 5402480
	5276  -  MemoryUsage of job (MB)
	5402480  -  ResidentSetSize of job (KB)
...
006 (855138.000.000) 08/18 06:31:33 Image size of job updated: 7494364
	5276  -  MemoryUsage of job (MB)
	5402488  -  ResidentSetSize of job (KB)
...
005 (855138.000.000) 08/18 06:31:33 Job terminated.
	(1) Normal termination (return value 0)
		Usr 0 00:31:23, Sys 0 00:00:37  -  Run Remote Usage
		Usr 0 00:00:00, Sys 0 00:00:00  -  Run Local Usage
		Usr 0 00:31:23, Sys 0 00:00:37  -  Total Remote Usage
		Usr 0 00:00:00, Sys 0 00:00:00  -  Total Local Usage
	2111  -  Run Bytes Sent By Job
	413  -  Run Bytes Received By Job
	2111  -  Total Bytes Sent By Job
	413  -  Total Bytes Received By Job
	Partitionable Resources :    Usage  Request Allocated 
	   Cpus                 :     0.47        1         1 
	   Disk (KB)            :   803           1 479786105 
	   Memory (MB)          :  5276        7900      8033 
...
