000 (856367.000.000) 08/18 04:58:22 Job submitted from host: <172.20.3.187:9618?addrs=172.20.3.187-9618&noUDP&sock=2043_e813_3>
...
001 (856367.000.000) 08/18 08:15:16 Job executing on host: <172.20.225.4:9618?addrs=172.20.225.4-9618&noUDP&sock=3366_5fdf_3>
...
006 (856367.000.000) 08/18 08:15:26 Image size of job updated: 21120
	21  -  MemoryUsage of job (MB)
	21120  -  ResidentSetSize of job (KB)
...
006 (856367.000.000) 08/18 08:20:26 Image size of job updated: 3764328
	3677  -  MemoryUsage of job (MB)
	3764296  -  ResidentSetSize of job (KB)
...
006 (856367.000.000) 08/18 08:25:27 Image size of job updated: 4587816
	4481  -  MemoryUsage of job (MB)
	4587816  -  ResidentSetSize of job (KB)
...
006 (856367.000.000) 08/18 08:30:27 Image size of job updated: 5344204
	5219  -  MemoryUsage of job (MB)
	5344204  -  ResidentSetSize of job (KB)
...
006 (856367.000.000) 08/18 08:35:28 Image size of job updated: 5344244
	5219  -  MemoryUsage of job (MB)
	5344244  -  ResidentSetSize of job (KB)
...
006 (856367.000.000) 08/18 08:40:29 Image size of job updated: 5345036
	5220  -  MemoryUsage of job (MB)
	5345036  -  ResidentSetSize of job (KB)
...
006 (856367.000.000) 08/18 08:45:30 Image size of job updated: 5739928
	5600  -  MemoryUsage of job (MB)
	5733612  -  ResidentSetSize of job (KB)
...
005 (856367.000.000) 08/18 08:47:37 Job terminated.
	(1) Normal termination (return value 0)
		Usr 0 00:32:31, Sys 0 00:00:32  -  Run Remote Usage
		Usr 0 00:00:00, Sys 0 00:00:00  -  Run Local Usage
		Usr 0 00:32:31, Sys 0 00:00:32  -  Total Remote Usage
		Usr 0 00:00:00, Sys 0 00:00:00  -  Total Local Usage
	2107  -  Run Bytes Sent By Job
	406  -  Run Bytes Received By Job
	2107  -  Total Bytes Sent By Job
	406  -  Total Bytes Received By Job
	Partitionable Resources :    Usage  Request Allocated 
	   Cpus                 :     0.46        1         1 
	   Disk (KB)            :   803           1 479779449 
	   Memory (MB)          :  5600        7900      8033 
...
