000 (855670.000.000) 08/18 04:58:00 Job submitted from host: <172.20.3.187:9618?addrs=172.20.3.187-9618&noUDP&sock=2043_e813_3>
...
001 (855670.000.000) 08/18 06:58:18 Job executing on host: <172.20.225.8:9618?addrs=172.20.225.8-9618&noUDP&sock=3440_21e1_3>
...
006 (855670.000.000) 08/18 06:58:26 Image size of job updated: 21116
	21  -  MemoryUsage of job (MB)
	21116  -  ResidentSetSize of job (KB)
...
006 (855670.000.000) 08/18 07:03:26 Image size of job updated: 3732136
	3645  -  MemoryUsage of job (MB)
	3732136  -  ResidentSetSize of job (KB)
...
006 (855670.000.000) 08/18 07:08:27 Image size of job updated: 4568160
	4462  -  MemoryUsage of job (MB)
	4568160  -  ResidentSetSize of job (KB)
...
006 (855670.000.000) 08/18 07:13:28 Image size of job updated: 5312052
	5188  -  MemoryUsage of job (MB)
	5312052  -  ResidentSetSize of job (KB)
...
006 (855670.000.000) 08/18 07:18:28 Image size of job updated: 5312212
	5188  -  MemoryUsage of job (MB)
	5312212  -  ResidentSetSize of job (KB)
...
006 (855670.000.000) 08/18 07:23:28 Image size of job updated: 5312872
	5189  -  MemoryUsage of job (MB)
	5312872  -  ResidentSetSize of job (KB)
...
006 (855670.000.000) 08/18 07:28:29 Image size of job updated: 5771252
	5636  -  MemoryUsage of job (MB)
	5771252  -  ResidentSetSize of job (KB)
...
006 (855670.000.000) 08/18 07:30:15 Image size of job updated: 5771252
	5636  -  MemoryUsage of job (MB)
	5771256  -  ResidentSetSize of job (KB)
...
005 (855670.000.000) 08/18 07:30:15 Job terminated.
	(1) Normal termination (return value 0)
		Usr 0 00:32:46, Sys 0 00:00:31  -  Run Remote Usage
		Usr 0 00:00:00, Sys 0 00:00:00  -  Run Local Usage
		Usr 0 00:32:46, Sys 0 00:00:31  -  Total Remote Usage
		Usr 0 00:00:00, Sys 0 00:00:00  -  Total Local Usage
	2109  -  Run Bytes Sent By Job
	408  -  Run Bytes Received By Job
	2109  -  Total Bytes Sent By Job
	408  -  Total Bytes Received By Job
	Partitionable Resources :    Usage  Request Allocated 
	   Cpus                 :     0.47        1         1 
	   Disk (KB)            :   803           1 479737977 
	   Memory (MB)          :  5636        7900      8033 
...
