000 (855727.000.000) 08/18 04:58:01 Job submitted from host: <172.20.3.187:9618?addrs=172.20.3.187-9618&noUDP&sock=2043_e813_3>
...
001 (855727.000.000) 08/18 07:05:45 Job executing on host: <172.20.225.6:9618?addrs=172.20.225.6-9618&noUDP&sock=3382_5963_3>
...
006 (855727.000.000) 08/18 07:05:53 Image size of job updated: 21116
	21  -  MemoryUsage of job (MB)
	21116  -  ResidentSetSize of job (KB)
...
006 (855727.000.000) 08/18 07:10:55 Image size of job updated: 3872792
	3783  -  MemoryUsage of job (MB)
	3872792  -  ResidentSetSize of job (KB)
...
006 (855727.000.000) 08/18 07:15:55 Image size of job updated: 5311952
	5188  -  MemoryUsage of job (MB)
	5311952  -  ResidentSetSize of job (KB)
...
006 (855727.000.000) 08/18 07:20:56 Image size of job updated: 5312084
	5188  -  MemoryUsage of job (MB)
	5312084  -  ResidentSetSize of job (KB)
...
006 (855727.000.000) 08/18 07:25:56 Image size of job updated: 5312224
	5188  -  MemoryUsage of job (MB)
	5312224  -  ResidentSetSize of job (KB)
...
006 (855727.000.000) 08/18 07:30:57 Image size of job updated: 5312904
	5189  -  MemoryUsage of job (MB)
	5312904  -  ResidentSetSize of job (KB)
...
006 (855727.000.000) 08/18 07:35:58 Image size of job updated: 5792968
	5656  -  MemoryUsage of job (MB)
	5791236  -  ResidentSetSize of job (KB)
...
005 (855727.000.000) 08/18 07:37:49 Job terminated.
	(1) Normal termination (return value 0)
		Usr 0 00:32:39, Sys 0 00:00:32  -  Run Remote Usage
		Usr 0 00:00:00, Sys 0 00:00:00  -  Run Local Usage
		Usr 0 00:32:39, Sys 0 00:00:32  -  Total Remote Usage
		Usr 0 00:00:00, Sys 0 00:00:00  -  Total Local Usage
	2109  -  Run Bytes Sent By Job
	408  -  Run Bytes Received By Job
	2109  -  Total Bytes Sent By Job
	408  -  Total Bytes Received By Job
	Partitionable Resources :    Usage  Request Allocated 
	   Cpus                 :     0.37        1         1 
	   Disk (KB)            :   803           1 479749220 
	   Memory (MB)          :  5656        7900      8033 
...
