000 (860454.000.000) 08/18 05:00:37 Job submitted from host: <172.20.3.187:9618?addrs=172.20.3.187-9618&noUDP&sock=2043_e813_3>
...
001 (860454.000.000) 08/18 17:25:22 Job executing on host: <172.20.225.2:9618?addrs=172.20.225.2-9618&noUDP&sock=3424_285d_3>
...
006 (860454.000.000) 08/18 17:25:31 Image size of job updated: 21112
	21  -  MemoryUsage of job (MB)
	21112  -  ResidentSetSize of job (KB)
...
006 (860454.000.000) 08/18 17:30:32 Image size of job updated: 4034008
	3937  -  MemoryUsage of job (MB)
	4031440  -  ResidentSetSize of job (KB)
...
006 (860454.000.000) 08/18 17:35:33 Image size of job updated: 4857748
	4742  -  MemoryUsage of job (MB)
	4854988  -  ResidentSetSize of job (KB)
...
006 (860454.000.000) 08/18 17:40:33 Image size of job updated: 5614132
	5480  -  MemoryUsage of job (MB)
	5611372  -  ResidentSetSize of job (KB)
...
006 (860454.000.000) 08/18 17:45:33 Image size of job updated: 5614172
	5480  -  MemoryUsage of job (MB)
	5611412  -  ResidentSetSize of job (KB)
...
006 (860454.000.000) 08/18 17:50:34 Image size of job updated: 5614172
	5481  -  MemoryUsage of job (MB)
	5612212  -  ResidentSetSize of job (KB)
...
006 (860454.000.000) 08/18 17:55:35 Image size of job updated: 6267752
	6121  -  MemoryUsage of job (MB)
	6267752  -  ResidentSetSize of job (KB)
...
006 (860454.000.000) 08/18 17:57:14 Image size of job updated: 10048104
	6121  -  MemoryUsage of job (MB)
	6267752  -  ResidentSetSize of job (KB)
...
005 (860454.000.000) 08/18 17:57:14 Job terminated.
	(1) Normal termination (return value 0)
		Usr 0 00:34:39, Sys 0 00:00:35  -  Run Remote Usage
		Usr 0 00:00:00, Sys 0 00:00:00  -  Run Local Usage
		Usr 0 00:34:39, Sys 0 00:00:35  -  Total Remote Usage
		Usr 0 00:00:00, Sys 0 00:00:00  -  Total Local Usage
	2113  -  Run Bytes Sent By Job
	412  -  Run Bytes Received By Job
	2113  -  Total Bytes Sent By Job
	412  -  Total Bytes Received By Job
	Partitionable Resources :    Usage  Request Allocated 
	   Cpus                 :     1.00        1         1 
	   Disk (KB)            :   803           1 479786084 
	   Memory (MB)          :  6121        7900      8033 
...
