000 (859193.000.000) 08/18 04:59:54 Job submitted from host: <172.20.3.187:9618?addrs=172.20.3.187-9618&noUDP&sock=2043_e813_3>
...
001 (859193.000.000) 08/18 14:54:35 Job executing on host: <172.20.225.6:9618?addrs=172.20.225.6-9618&noUDP&sock=3382_5963_3>
...
006 (859193.000.000) 08/18 14:54:43 Image size of job updated: 21124
	21  -  MemoryUsage of job (MB)
	21124  -  ResidentSetSize of job (KB)
...
006 (859193.000.000) 08/18 14:59:43 Image size of job updated: 3738744
	3652  -  MemoryUsage of job (MB)
	3738744  -  ResidentSetSize of job (KB)
...
006 (859193.000.000) 08/18 15:04:44 Image size of job updated: 4574768
	4468  -  MemoryUsage of job (MB)
	4574768  -  ResidentSetSize of job (KB)
...
006 (859193.000.000) 08/18 15:09:45 Image size of job updated: 5318652
	5194  -  MemoryUsage of job (MB)
	5318652  -  ResidentSetSize of job (KB)
...
006 (859193.000.000) 08/18 15:14:45 Image size of job updated: 5318812
	5195  -  MemoryUsage of job (MB)
	5318812  -  ResidentSetSize of job (KB)
...
006 (859193.000.000) 08/18 15:19:46 Image size of job updated: 5319480
	5195  -  MemoryUsage of job (MB)
	5319480  -  ResidentSetSize of job (KB)
...
006 (859193.000.000) 08/18 15:24:47 Image size of job updated: 6853060
	6693  -  MemoryUsage of job (MB)
	6853060  -  ResidentSetSize of job (KB)
...
005 (859193.000.000) 08/18 15:27:34 Job terminated.
	(1) Normal termination (return value 0)
		Usr 0 00:33:06, Sys 0 00:00:32  -  Run Remote Usage
		Usr 0 00:00:00, Sys 0 00:00:00  -  Run Local Usage
		Usr 0 00:33:06, Sys 0 00:00:32  -  Total Remote Usage
		Usr 0 00:00:00, Sys 0 00:00:00  -  Total Local Usage
	2099  -  Run Bytes Sent By Job
	400  -  Run Bytes Received By Job
	2099  -  Total Bytes Sent By Job
	400  -  Total Bytes Received By Job
	Partitionable Resources :    Usage  Request Allocated 
	   Cpus                 :     0.57        1         1 
	   Disk (KB)            :   803           1 479749220 
	   Memory (MB)          :  6693        7900      8033 
...
