000 (855292.000.000) 08/18 04:57:47 Job submitted from host: <172.20.3.187:9618?addrs=172.20.3.187-9618&noUDP&sock=2043_e813_3>
...
001 (855292.000.000) 08/18 06:07:06 Job executing on host: <172.20.225.2:9618?addrs=172.20.225.2-9618&noUDP&sock=3424_285d_3>
...
006 (855292.000.000) 08/18 06:07:15 Image size of job updated: 21128
	21  -  MemoryUsage of job (MB)
	21128  -  ResidentSetSize of job (KB)
...
006 (855292.000.000) 08/18 06:12:16 Image size of job updated: 3686332
	3593  -  MemoryUsage of job (MB)
	3678628  -  ResidentSetSize of job (KB)
...
006 (855292.000.000) 08/18 06:17:17 Image size of job updated: 4502148
	4397  -  MemoryUsage of job (MB)
	4502148  -  ResidentSetSize of job (KB)
...
006 (855292.000.000) 08/18 06:22:17 Image size of job updated: 5258532
	5136  -  MemoryUsage of job (MB)
	5258532  -  ResidentSetSize of job (KB)
...
006 (855292.000.000) 08/18 06:27:18 Image size of job updated: 5258568
	5136  -  MemoryUsage of job (MB)
	5258568  -  ResidentSetSize of job (KB)
...
006 (855292.000.000) 08/18 06:32:19 Image size of job updated: 5259048
	5136  -  MemoryUsage of job (MB)
	5259048  -  ResidentSetSize of job (KB)
...
006 (855292.000.000) 08/18 06:37:20 Image size of job updated: 5441256
	5314  -  MemoryUsage of job (MB)
	5441256  -  ResidentSetSize of job (KB)
...
006 (855292.000.000) 08/18 06:40:00 Image size of job updated: 5441256
	5314  -  MemoryUsage of job (MB)
	5441276  -  ResidentSetSize of job (KB)
...
005 (855292.000.000) 08/18 06:40:00 Job terminated.
	(1) Normal termination (return value 0)
		Usr 0 00:31:43, Sys 0 00:00:30  -  Run Remote Usage
		Usr 0 00:00:00, Sys 0 00:00:00  -  Run Local Usage
		Usr 0 00:31:43, Sys 0 00:00:30  -  Total Remote Usage
		Usr 0 00:00:00, Sys 0 00:00:00  -  Total Local Usage
	2102  -  Run Bytes Sent By Job
	401  -  Run Bytes Received By Job
	2102  -  Total Bytes Sent By Job
	401  -  Total Bytes Received By Job
	Partitionable Resources :    Usage  Request Allocated 
	   Cpus                 :     0.72        1         1 
	   Disk (KB)            :   803           1 479786084 
	   Memory (MB)          :  5314        7900      8033 
...
