000 (858077.000.000) 08/18 04:59:18 Job submitted from host: <172.20.3.187:9618?addrs=172.20.3.187-9618&noUDP&sock=2043_e813_3>
...
001 (858077.000.000) 08/18 12:44:29 Job executing on host: <172.20.225.5:9618?addrs=172.20.225.5-9618&noUDP&sock=3375_8c39_3>
...
006 (858077.000.000) 08/18 12:44:38 Image size of job updated: 20804
	21  -  MemoryUsage of job (MB)
	20804  -  ResidentSetSize of job (KB)
...
006 (858077.000.000) 08/18 12:49:40 Image size of job updated: 4508764
	4404  -  MemoryUsage of job (MB)
	4508764  -  ResidentSetSize of job (KB)
...
006 (858077.000.000) 08/18 12:54:40 Image size of job updated: 5291672
	5168  -  MemoryUsage of job (MB)
	5291672  -  ResidentSetSize of job (KB)
...
006 (858077.000.000) 08/18 12:59:41 Image size of job updated: 5291796
	5168  -  MemoryUsage of job (MB)
	5291796  -  ResidentSetSize of job (KB)
...
006 (858077.000.000) 08/18 13:04:42 Image size of job updated: 5292288
	5169  -  MemoryUsage of job (MB)
	5292288  -  ResidentSetSize of job (KB)
...
006 (858077.000.000) 08/18 13:09:42 Image size of job updated: 5503520
	5375  -  MemoryUsage of job (MB)
	5503520  -  ResidentSetSize of job (KB)
...
006 (858077.000.000) 08/18 13:13:24 Image size of job updated: 5878428
	5375  -  MemoryUsage of job (MB)
	5503544  -  ResidentSetSize of job (KB)
...
005 (858077.000.000) 08/18 13:13:24 Job terminated.
	(1) Normal termination (return value 0)
		Usr 0 00:34:22, Sys 0 00:00:38  -  Run Remote Usage
		Usr 0 00:00:00, Sys 0 00:00:00  -  Run Local Usage
		Usr 0 00:34:22, Sys 0 00:00:38  -  Total Remote Usage
		Usr 0 00:00:00, Sys 0 00:00:00  -  Total Local Usage
	2103  -  Run Bytes Sent By Job
	404  -  Run Bytes Received By Job
	2103  -  Total Bytes Sent By Job
	404  -  Total Bytes Received By Job
	Partitionable Resources :    Usage  Request Allocated 
	   Cpus                 :     0.66        1         1 
	   Disk (KB)            :   803           1 479749220 
	   Memory (MB)          :  5375        7900      8033 
...
