000 (855619.000.000) 08/18 04:57:58 Job submitted from host: <172.20.3.187:9618?addrs=172.20.3.187-9618&noUDP&sock=2043_e813_3>
...
001 (855619.000.000) 08/18 06:41:38 Job executing on host: <172.20.225.5:9618?addrs=172.20.225.5-9618&noUDP&sock=3375_8c39_3>
...
006 (855619.000.000) 08/18 06:41:46 Image size of job updated: 21128
	21  -  MemoryUsage of job (MB)
	21128  -  ResidentSetSize of job (KB)
...
006 (855619.000.000) 08/18 06:46:47 Image size of job updated: 3732268
	3645  -  MemoryUsage of job (MB)
	3732268  -  ResidentSetSize of job (KB)
...
006 (855619.000.000) 08/18 06:51:48 Image size of job updated: 4555788
	4450  -  MemoryUsage of job (MB)
	4555788  -  ResidentSetSize of job (KB)
...
006 (855619.000.000) 08/18 06:56:49 Image size of job updated: 5312176
	5188  -  MemoryUsage of job (MB)
	5312176  -  ResidentSetSize of job (KB)
...
006 (855619.000.000) 08/18 07:01:50 Image size of job updated: 5312312
	5188  -  MemoryUsage of job (MB)
	5312312  -  ResidentSetSize of job (KB)
...
006 (855619.000.000) 08/18 07:06:50 Image size of job updated: 5313008
	5189  -  MemoryUsage of job (MB)
	5313008  -  ResidentSetSize of job (KB)
...
006 (855619.000.000) 08/18 07:11:49 Image size of job updated: 5577084
	5447  -  MemoryUsage of job (MB)
	5577084  -  ResidentSetSize of job (KB)
...
006 (855619.000.000) 08/18 07:15:20 Image size of job updated: 5577084
	5448  -  MemoryUsage of job (MB)
	5577976  -  ResidentSetSize of job (KB)
...
005 (855619.000.000) 08/18 07:15:20 Job terminated.
	(1) Normal termination (return value 0)
		Usr 0 00:32:53, Sys 0 00:00:32  -  Run Remote Usage
		Usr 0 00:00:00, Sys 0 00:00:00  -  Run Local Usage
		Usr 0 00:32:53, Sys 0 00:00:32  -  Total Remote Usage
		Usr 0 00:00:00, Sys 0 00:00:00  -  Total Local Usage
	2106  -  Run Bytes Sent By Job
	407  -  Run Bytes Received By Job
	2106  -  Total Bytes Sent By Job
	407  -  Total Bytes Received By Job
	Partitionable Resources :    Usage  Request Allocated 
	   Cpus                 :     0.01        1         1 
	   Disk (KB)            :   803           1 479749220 
	   Memory (MB)          :  5448        7900      8033 
...
