000 (855455.000.000) 08/18 04:57:53 Job submitted from host: <172.20.3.187:9618?addrs=172.20.3.187-9618&noUDP&sock=2043_e813_3>
...
001 (855455.000.000) 08/18 06:36:07 Job executing on host: <172.20.225.8:9618?addrs=172.20.225.8-9618&noUDP&sock=3440_21e1_3>
...
006 (855455.000.000) 08/18 06:36:15 Image size of job updated: 21128
	21  -  MemoryUsage of job (MB)
	21128  -  ResidentSetSize of job (KB)
...
006 (855455.000.000) 08/18 06:41:16 Image size of job updated: 4442988
	4339  -  MemoryUsage of job (MB)
	4442956  -  ResidentSetSize of job (KB)
...
006 (855455.000.000) 08/18 06:46:15 Image size of job updated: 5225900
	5104  -  MemoryUsage of job (MB)
	5225868  -  ResidentSetSize of job (KB)
...
006 (855455.000.000) 08/18 06:51:16 Image size of job updated: 5225988
	5104  -  MemoryUsage of job (MB)
	5225988  -  ResidentSetSize of job (KB)
...
006 (855455.000.000) 08/18 06:56:15 Image size of job updated: 5226144
	5104  -  MemoryUsage of job (MB)
	5226144  -  ResidentSetSize of job (KB)
...
006 (855455.000.000) 08/18 07:01:16 Image size of job updated: 5226808
	5105  -  MemoryUsage of job (MB)
	5226808  -  ResidentSetSize of job (KB)
...
006 (855455.000.000) 08/18 07:06:16 Image size of job updated: 5936908
	5798  -  MemoryUsage of job (MB)
	5936512  -  ResidentSetSize of job (KB)
...
006 (855455.000.000) 08/18 07:06:36 Image size of job updated: 10530716
	5798  -  MemoryUsage of job (MB)
	5936512  -  ResidentSetSize of job (KB)
...
005 (855455.000.000) 08/18 07:06:36 Job terminated.
	(1) Normal termination (return value 0)
		Usr 0 00:31:47, Sys 0 00:00:35  -  Run Remote Usage
		Usr 0 00:00:00, Sys 0 00:00:00  -  Run Local Usage
		Usr 0 00:31:47, Sys 0 00:00:35  -  Total Remote Usage
		Usr 0 00:00:00, Sys 0 00:00:00  -  Total Local Usage
	2103  -  Run Bytes Sent By Job
	405  -  Run Bytes Received By Job
	2103  -  Total Bytes Sent By Job
	405  -  Total Bytes Received By Job
	Partitionable Resources :    Usage  Request Allocated 
	   Cpus                 :     0.44        1         1 
	   Disk (KB)            :   803           1 479737977 
	   Memory (MB)          :  5798        7900      8033 
...
