000 (857900.000.000) 08/18 04:59:12 Job submitted from host: <172.20.3.187:9618?addrs=172.20.3.187-9618&noUDP&sock=2043_e813_3>
...
001 (857900.000.000) 08/18 12:17:07 Job executing on host: <172.20.225.1:9618?addrs=172.20.225.1-9618&noUDP&sock=3382_5963_3>
...
006 (857900.000.000) 08/18 12:17:15 Image size of job updated: 21124
	21  -  MemoryUsage of job (MB)
	21124  -  ResidentSetSize of job (KB)
...
006 (857900.000.000) 08/18 12:22:15 Image size of job updated: 3790508
	3702  -  MemoryUsage of job (MB)
	3790508  -  ResidentSetSize of job (KB)
...
006 (857900.000.000) 08/18 12:27:16 Image size of job updated: 4485908
	4381  -  MemoryUsage of job (MB)
	4485908  -  ResidentSetSize of job (KB)
...
006 (857900.000.000) 08/18 12:32:17 Image size of job updated: 5229784
	5108  -  MemoryUsage of job (MB)
	5229784  -  ResidentSetSize of job (KB)
...
006 (857900.000.000) 08/18 12:37:18 Image size of job updated: 5229928
	5108  -  MemoryUsage of job (MB)
	5229928  -  ResidentSetSize of job (KB)
...
006 (857900.000.000) 08/18 12:42:18 Image size of job updated: 5230636
	5109  -  MemoryUsage of job (MB)
	5230636  -  ResidentSetSize of job (KB)
...
006 (857900.000.000) 08/18 12:47:18 Image size of job updated: 5780620
	5646  -  MemoryUsage of job (MB)
	5780504  -  ResidentSetSize of job (KB)
...
006 (857900.000.000) 08/18 12:50:35 Image size of job updated: 10321392
	5646  -  MemoryUsage of job (MB)
	5780508  -  ResidentSetSize of job (KB)
...
005 (857900.000.000) 08/18 12:50:35 Job terminated.
	(1) Normal termination (return value 0)
		Usr 0 00:33:52, Sys 0 00:00:32  -  Run Remote Usage
		Usr 0 00:00:00, Sys 0 00:00:00  -  Run Local Usage
		Usr 0 00:33:52, Sys 0 00:00:32  -  Total Remote Usage
		Usr 0 00:00:00, Sys 0 00:00:00  -  Total Local Usage
	2098  -  Run Bytes Sent By Job
	400  -  Run Bytes Received By Job
	2098  -  Total Bytes Sent By Job
	400  -  Total Bytes Received By Job
	Partitionable Resources :    Usage  Request Allocated 
	   Cpus                 :     0.79        1         1 
	   Disk (KB)            :   803           1 479786105 
	   Memory (MB)          :  5646        7900      8033 
...
