000 (856198.000.000) 08/18 04:58:17 Job submitted from host: <172.20.3.187:9618?addrs=172.20.3.187-9618&noUDP&sock=2043_e813_3>
...
001 (856198.000.000) 08/18 07:48:55 Job executing on host: <172.20.225.1:9618?addrs=172.20.225.1-9618&noUDP&sock=3382_5963_3>
...
006 (856198.000.000) 08/18 07:49:03 Image size of job updated: 21104
	21  -  MemoryUsage of job (MB)
	21104  -  ResidentSetSize of job (KB)
...
006 (856198.000.000) 08/18 07:54:03 Image size of job updated: 3892672
	3802  -  MemoryUsage of job (MB)
	3892672  -  ResidentSetSize of job (KB)
...
006 (856198.000.000) 08/18 07:59:04 Image size of job updated: 4587456
	4480  -  MemoryUsage of job (MB)
	4587456  -  ResidentSetSize of job (KB)
...
006 (856198.000.000) 08/18 08:04:05 Image size of job updated: 5343848
	5219  -  MemoryUsage of job (MB)
	5343848  -  ResidentSetSize of job (KB)
...
006 (856198.000.000) 08/18 08:09:06 Image size of job updated: 5343984
	5219  -  MemoryUsage of job (MB)
	5343984  -  ResidentSetSize of job (KB)
...
006 (856198.000.000) 08/18 08:14:06 Image size of job updated: 5344684
	5220  -  MemoryUsage of job (MB)
	5344684  -  ResidentSetSize of job (KB)
...
006 (856198.000.000) 08/18 08:19:07 Image size of job updated: 5789420
	5652  -  MemoryUsage of job (MB)
	5787048  -  ResidentSetSize of job (KB)
...
006 (856198.000.000) 08/18 08:20:42 Image size of job updated: 5789420
	5652  -  MemoryUsage of job (MB)
	5787060  -  ResidentSetSize of job (KB)
...
005 (856198.000.000) 08/18 08:20:42 Job terminated.
	(1) Normal termination (return value 0)
		Usr 0 00:32:15, Sys 0 00:00:32  -  Run Remote Usage
		Usr 0 00:00:00, Sys 0 00:00:00  -  Run Local Usage
		Usr 0 00:32:15, Sys 0 00:00:32  -  Total Remote Usage
		Usr 0 00:00:00, Sys 0 00:00:00  -  Total Local Usage
	2104  -  Run Bytes Sent By Job
	405  -  Run Bytes Received By Job
	2104  -  Total Bytes Sent By Job
	405  -  Total Bytes Received By Job
	Partitionable Resources :    Usage  Request Allocated 
	   Cpus                 :     0.69        1         1 
	   Disk (KB)            :   803           1 479786105 
	   Memory (MB)          :  5652        7900      8033 
...
