000 (857918.000.000) 08/18 04:59:12 Job submitted from host: <172.20.3.187:9618?addrs=172.20.3.187-9618&noUDP&sock=2043_e813_3>
...
001 (857918.000.000) 08/18 12:18:05 Job executing on host: <172.20.225.8:9618?addrs=172.20.225.8-9618&noUDP&sock=3440_21e1_3>
...
006 (857918.000.000) 08/18 12:18:13 Image size of job updated: 21124
	21  -  MemoryUsage of job (MB)
	21124  -  ResidentSetSize of job (KB)
...
006 (857918.000.000) 08/18 12:23:14 Image size of job updated: 3777968
	3690  -  MemoryUsage of job (MB)
	3777920  -  ResidentSetSize of job (KB)
...
006 (857918.000.000) 08/18 12:28:14 Image size of job updated: 4473368
	4369  -  MemoryUsage of job (MB)
	4473320  -  ResidentSetSize of job (KB)
...
006 (857918.000.000) 08/18 12:33:15 Image size of job updated: 5217252
	5095  -  MemoryUsage of job (MB)
	5217204  -  ResidentSetSize of job (KB)
...
006 (857918.000.000) 08/18 12:38:16 Image size of job updated: 5217288
	5095  -  MemoryUsage of job (MB)
	5217240  -  ResidentSetSize of job (KB)
...
006 (857918.000.000) 08/18 12:43:16 Image size of job updated: 5218032
	5096  -  MemoryUsage of job (MB)
	5218032  -  ResidentSetSize of job (KB)
...
006 (857918.000.000) 08/18 12:48:17 Image size of job updated: 5402184
	5276  -  MemoryUsage of job (MB)
	5402184  -  ResidentSetSize of job (KB)
...
006 (857918.000.000) 08/18 12:53:12 Image size of job updated: 9531620
	5276  -  MemoryUsage of job (MB)
	5402208  -  ResidentSetSize of job (KB)
...
005 (857918.000.000) 08/18 12:53:12 Job terminated.
	(1) Normal termination (return value 0)
		Usr 0 00:33:45, Sys 0 00:00:32  -  Run Remote Usage
		Usr 0 00:00:00, Sys 0 00:00:00  -  Run Local Usage
		Usr 0 00:33:45, Sys 0 00:00:32  -  Total Remote Usage
		Usr 0 00:00:00, Sys 0 00:00:00  -  Total Local Usage
	2102  -  Run Bytes Sent By Job
	407  -  Run Bytes Received By Job
	2102  -  Total Bytes Sent By Job
	407  -  Total Bytes Received By Job
	Partitionable Resources :    Usage  Request Allocated 
	   Cpus                 :     0.89        1         1 
	   Disk (KB)            :   803           1 479737977 
	   Memory (MB)          :  5276        7900      8033 
...
