000 (855701.000.000) 08/18 04:58:01 Job submitted from host: <172.20.3.187:9618?addrs=172.20.3.187-9618&noUDP&sock=2043_e813_3>
...
001 (855701.000.000) 08/18 07:01:31 Job executing on host: <172.20.225.5:9618?addrs=172.20.225.5-9618&noUDP&sock=3375_8c39_3>
...
006 (855701.000.000) 08/18 07:01:39 Image size of job updated: 21120
	21  -  MemoryUsage of job (MB)
	21120  -  ResidentSetSize of job (KB)
...
006 (855701.000.000) 08/18 07:06:40 Image size of job updated: 3732180
	3645  -  MemoryUsage of job (MB)
	3732180  -  ResidentSetSize of job (KB)
...
006 (855701.000.000) 08/18 07:11:40 Image size of job updated: 4568200
	4462  -  MemoryUsage of job (MB)
	4568200  -  ResidentSetSize of job (KB)
...
006 (855701.000.000) 08/18 07:16:41 Image size of job updated: 5312092
	5188  -  MemoryUsage of job (MB)
	5312092  -  ResidentSetSize of job (KB)
...
006 (855701.000.000) 08/18 07:21:40 Image size of job updated: 5312252
	5188  -  MemoryUsage of job (MB)
	5312252  -  ResidentSetSize of job (KB)
...
006 (855701.000.000) 08/18 07:26:41 Image size of job updated: 5312912
	5189  -  MemoryUsage of job (MB)
	5312912  -  ResidentSetSize of job (KB)
...
006 (855701.000.000) 08/18 07:31:41 Image size of job updated: 6001944
	5861  -  MemoryUsage of job (MB)
	6001076  -  ResidentSetSize of job (KB)
...
005 (855701.000.000) 08/18 07:32:24 Job terminated.
	(1) Normal termination (return value 0)
		Usr 0 00:32:30, Sys 0 00:00:32  -  Run Remote Usage
		Usr 0 00:00:00, Sys 0 00:00:00  -  Run Local Usage
		Usr 0 00:32:30, Sys 0 00:00:32  -  Total Remote Usage
		Usr 0 00:00:00, Sys 0 00:00:00  -  Total Local Usage
	2109  -  Run Bytes Sent By Job
	408  -  Run Bytes Received By Job
	2109  -  Total Bytes Sent By Job
	408  -  Total Bytes Received By Job
	Partitionable Resources :    Usage  Request Allocated 
	   Cpus                 :     0.57        1         1 
	   Disk (KB)            :   803           1 479749220 
	   Memory (MB)          :  5861        7900      8033 
...
