000 (855734.000.000) 08/18 04:58:02 Job submitted from host: <172.20.3.187:9618?addrs=172.20.3.187-9618&noUDP&sock=2043_e813_3>
...
001 (855734.000.000) 08/18 07:05:44 Job executing on host: <172.20.225.1:9618?addrs=172.20.225.1-9618&noUDP&sock=3382_5963_3>
...
006 (855734.000.000) 08/18 07:05:52 Image size of job updated: 21120
	21  -  MemoryUsage of job (MB)
	21120  -  ResidentSetSize of job (KB)
...
006 (855734.000.000) 08/18 07:10:52 Image size of job updated: 3731984
	3645  -  MemoryUsage of job (MB)
	3731984  -  ResidentSetSize of job (KB)
...
006 (855734.000.000) 08/18 07:15:53 Image size of job updated: 4874264
	4761  -  MemoryUsage of job (MB)
	4874264  -  ResidentSetSize of job (KB)
...
006 (855734.000.000) 08/18 07:20:53 Image size of job updated: 5311900
	5188  -  MemoryUsage of job (MB)
	5311900  -  ResidentSetSize of job (KB)
...
006 (855734.000.000) 08/18 07:25:53 Image size of job updated: 5312032
	5188  -  MemoryUsage of job (MB)
	5312032  -  ResidentSetSize of job (KB)
...
006 (855734.000.000) 08/18 07:30:54 Image size of job updated: 5312716
	5189  -  MemoryUsage of job (MB)
	5312716  -  ResidentSetSize of job (KB)
...
006 (855734.000.000) 08/18 07:35:54 Image size of job updated: 5523276
	5394  -  MemoryUsage of job (MB)
	5522848  -  ResidentSetSize of job (KB)
...
006 (855734.000.000) 08/18 07:38:40 Image size of job updated: 5765312
	5394  -  MemoryUsage of job (MB)
	5522868  -  ResidentSetSize of job (KB)
...
005 (855734.000.000) 08/18 07:38:40 Job terminated.
	(1) Normal termination (return value 0)
		Usr 0 00:33:15, Sys 0 00:00:33  -  Run Remote Usage
		Usr 0 00:00:00, Sys 0 00:00:00  -  Run Local Usage
		Usr 0 00:33:15, Sys 0 00:00:33  -  Total Remote Usage
		Usr 0 00:00:00, Sys 0 00:00:00  -  Total Local Usage
	2109  -  Run Bytes Sent By Job
	408  -  Run Bytes Received By Job
	2109  -  Total Bytes Sent By Job
	408  -  Total Bytes Received By Job
	Partitionable Resources :    Usage  Request Allocated 
	   Cpus                 :     0.57        1         1 
	   Disk (KB)            :   803           1 479786105 
	   Memory (MB)          :  5394        7900      8033 
...
