000 (860198.000.000) 08/18 05:00:28 Job submitted from host: <172.20.3.187:9618?addrs=172.20.3.187-9618&noUDP&sock=2043_e813_3>
...
001 (860198.000.000) 08/18 16:50:02 Job executing on host: <172.20.225.6:9618?addrs=172.20.225.6-9618&noUDP&sock=3382_5963_3>
...
006 (860198.000.000) 08/18 16:50:11 Image size of job updated: 21108
	21  -  MemoryUsage of job (MB)
	21108  -  ResidentSetSize of job (KB)
...
006 (860198.000.000) 08/18 16:55:12 Image size of job updated: 4039788
	3937  -  MemoryUsage of job (MB)
	4031480  -  ResidentSetSize of job (KB)
...
006 (860198.000.000) 08/18 17:00:12 Image size of job updated: 4864008
	4742  -  MemoryUsage of job (MB)
	4855024  -  ResidentSetSize of job (KB)
...
006 (860198.000.000) 08/18 17:05:13 Image size of job updated: 5611408
	5480  -  MemoryUsage of job (MB)
	5611408  -  ResidentSetSize of job (KB)
...
006 (860198.000.000) 08/18 17:10:14 Image size of job updated: 5611444
	5480  -  MemoryUsage of job (MB)
	5611444  -  ResidentSetSize of job (KB)
...
006 (860198.000.000) 08/18 17:15:14 Image size of job updated: 5611924
	5481  -  MemoryUsage of job (MB)
	5611924  -  ResidentSetSize of job (KB)
...
006 (860198.000.000) 08/18 17:20:14 Image size of job updated: 5809120
	5673  -  MemoryUsage of job (MB)
	5809120  -  ResidentSetSize of job (KB)
...
006 (860198.000.000) 08/18 17:23:28 Image size of job updated: 10279440
	5674  -  MemoryUsage of job (MB)
	5809168  -  ResidentSetSize of job (KB)
...
005 (860198.000.000) 08/18 17:23:28 Job terminated.
	(1) Normal termination (return value 0)
		Usr 0 00:32:52, Sys 0 00:00:31  -  Run Remote Usage
		Usr 0 00:00:00, Sys 0 00:00:00  -  Run Local Usage
		Usr 0 00:32:52, Sys 0 00:00:31  -  Total Remote Usage
		Usr 0 00:00:00, Sys 0 00:00:00  -  Total Local Usage
	2113  -  Run Bytes Sent By Job
	412  -  Run Bytes Received By Job
	2113  -  Total Bytes Sent By Job
	412  -  Total Bytes Received By Job
	Partitionable Resources :    Usage  Request Allocated 
	   Cpus                 :     0.80        1         1 
	   Disk (KB)            :   803           1 479749220 
	   Memory (MB)          :  5674        7900      8033 
...
