000 (858299.000.000) 08/18 04:59:25 Job submitted from host: <172.20.3.187:9618?addrs=172.20.3.187-9618&noUDP&sock=2043_e813_3>
...
001 (858299.000.000) 08/18 13:11:29 Job executing on host: <172.20.225.4:9618?addrs=172.20.225.4-9618&noUDP&sock=3366_5fdf_3>
...
006 (858299.000.000) 08/18 13:11:37 Image size of job updated: 21108
	21  -  MemoryUsage of job (MB)
	21108  -  ResidentSetSize of job (KB)
...
006 (858299.000.000) 08/18 13:16:37 Image size of job updated: 4151832
	4055  -  MemoryUsage of job (MB)
	4151832  -  ResidentSetSize of job (KB)
...
006 (858299.000.000) 08/18 13:21:38 Image size of job updated: 5284748
	5161  -  MemoryUsage of job (MB)
	5284748  -  ResidentSetSize of job (KB)
...
006 (858299.000.000) 08/18 13:26:39 Image size of job updated: 5284876
	5162  -  MemoryUsage of job (MB)
	5284876  -  ResidentSetSize of job (KB)
...
006 (858299.000.000) 08/18 13:31:39 Image size of job updated: 5285036
	5162  -  MemoryUsage of job (MB)
	5285036  -  ResidentSetSize of job (KB)
...
006 (858299.000.000) 08/18 13:36:39 Image size of job updated: 5285696
	5162  -  MemoryUsage of job (MB)
	5285696  -  ResidentSetSize of job (KB)
...
006 (858299.000.000) 08/18 13:41:39 Image size of job updated: 5900748
	5757  -  MemoryUsage of job (MB)
	5895160  -  ResidentSetSize of job (KB)
...
005 (858299.000.000) 08/18 13:43:16 Job terminated.
	(1) Normal termination (return value 0)
		Usr 0 00:33:28, Sys 0 00:00:36  -  Run Remote Usage
		Usr 0 00:00:00, Sys 0 00:00:00  -  Run Local Usage
		Usr 0 00:33:28, Sys 0 00:00:36  -  Total Remote Usage
		Usr 0 00:00:00, Sys 0 00:00:00  -  Total Local Usage
	2109  -  Run Bytes Sent By Job
	408  -  Run Bytes Received By Job
	2109  -  Total Bytes Sent By Job
	408  -  Total Bytes Received By Job
	Partitionable Resources :    Usage  Request Allocated 
	   Cpus                 :     0.49        1         1 
	   Disk (KB)            :   803           1 479779449 
	   Memory (MB)          :  5757        7900      8033 
...
