000 (857946.000.000) 08/18 04:59:13 Job submitted from host: <172.20.3.187:9618?addrs=172.20.3.187-9618&noUDP&sock=2043_e813_3>
...
001 (857946.000.000) 08/18 12:18:12 Job executing on host: <172.20.225.8:9618?addrs=172.20.225.8-9618&noUDP&sock=3440_21e1_3>
...
006 (857946.000.000) 08/18 12:18:22 Image size of job updated: 21112
	21  -  MemoryUsage of job (MB)
	21112  -  ResidentSetSize of job (KB)
...
006 (857946.000.000) 08/18 12:23:22 Image size of job updated: 3822640
	3734  -  MemoryUsage of job (MB)
	3822640  -  ResidentSetSize of job (KB)
...
006 (857946.000.000) 08/18 12:28:23 Image size of job updated: 4518036
	4413  -  MemoryUsage of job (MB)
	4518036  -  ResidentSetSize of job (KB)
...
006 (857946.000.000) 08/18 12:33:23 Image size of job updated: 5261912
	5139  -  MemoryUsage of job (MB)
	5261912  -  ResidentSetSize of job (KB)
...
006 (857946.000.000) 08/18 12:38:23 Image size of job updated: 5262048
	5139  -  MemoryUsage of job (MB)
	5262048  -  ResidentSetSize of job (KB)
...
006 (857946.000.000) 08/18 12:43:23 Image size of job updated: 5262752
	5140  -  MemoryUsage of job (MB)
	5262752  -  ResidentSetSize of job (KB)
...
006 (857946.000.000) 08/18 12:48:24 Image size of job updated: 5457168
	5330  -  MemoryUsage of job (MB)
	5457116  -  ResidentSetSize of job (KB)
...
006 (857946.000.000) 08/18 12:53:25 Image size of job updated: 6642996
	6488  -  MemoryUsage of job (MB)
	6642996  -  ResidentSetSize of job (KB)
...
006 (857946.000.000) 08/18 12:54:04 Image size of job updated: 12230588
	6488  -  MemoryUsage of job (MB)
	6642996  -  ResidentSetSize of job (KB)
...
005 (857946.000.000) 08/18 12:54:04 Job terminated.
	(1) Normal termination (return value 0)
		Usr 0 00:34:24, Sys 0 00:00:30  -  Run Remote Usage
		Usr 0 00:00:00, Sys 0 00:00:00  -  Run Local Usage
		Usr 0 00:34:24, Sys 0 00:00:30  -  Total Remote Usage
		Usr 0 00:00:00, Sys 0 00:00:00  -  Total Local Usage
	2104  -  Run Bytes Sent By Job
	405  -  Run Bytes Received By Job
	2104  -  Total Bytes Sent By Job
	405  -  Total Bytes Received By Job
	Partitionable Resources :    Usage  Request Allocated 
	   Cpus                 :     0.76        1         1 
	   Disk (KB)            :   803           1 479737977 
	   Memory (MB)          :  6488        7900      8033 
...
