000 (858323.000.000) 08/18 04:59:26 Job submitted from host: <172.20.3.187:9618?addrs=172.20.3.187-9618&noUDP&sock=2043_e813_3>
...
001 (858323.000.000) 08/18 13:14:33 Job executing on host: <172.20.225.4:9618?addrs=172.20.225.4-9618&noUDP&sock=3366_5fdf_3>
...
006 (858323.000.000) 08/18 13:14:41 Image size of job updated: 21108
	21  -  MemoryUsage of job (MB)
	21108  -  ResidentSetSize of job (KB)
...
006 (858323.000.000) 08/18 13:19:41 Image size of job updated: 4151628
	4055  -  MemoryUsage of job (MB)
	4151628  -  ResidentSetSize of job (KB)
...
006 (858323.000.000) 08/18 13:24:42 Image size of job updated: 5284536
	5161  -  MemoryUsage of job (MB)
	5284536  -  ResidentSetSize of job (KB)
...
006 (858323.000.000) 08/18 13:29:42 Image size of job updated: 5284664
	5161  -  MemoryUsage of job (MB)
	5284664  -  ResidentSetSize of job (KB)
...
006 (858323.000.000) 08/18 13:34:43 Image size of job updated: 5284824
	5161  -  MemoryUsage of job (MB)
	5284824  -  ResidentSetSize of job (KB)
...
006 (858323.000.000) 08/18 13:39:43 Image size of job updated: 5285484
	5162  -  MemoryUsage of job (MB)
	5285484  -  ResidentSetSize of job (KB)
...
006 (858323.000.000) 08/18 13:44:44 Image size of job updated: 5884776
	5747  -  MemoryUsage of job (MB)
	5884736  -  ResidentSetSize of job (KB)
...
006 (858323.000.000) 08/18 13:46:47 Image size of job updated: 5885316
	5747  -  MemoryUsage of job (MB)
	5884736  -  ResidentSetSize of job (KB)
...
005 (858323.000.000) 08/18 13:46:47 Job terminated.
	(1) Normal termination (return value 0)
		Usr 0 00:33:12, Sys 0 00:00:36  -  Run Remote Usage
		Usr 0 00:00:00, Sys 0 00:00:00  -  Run Local Usage
		Usr 0 00:33:12, Sys 0 00:00:36  -  Total Remote Usage
		Usr 0 00:00:00, Sys 0 00:00:00  -  Total Local Usage
	2109  -  Run Bytes Sent By Job
	408  -  Run Bytes Received By Job
	2109  -  Total Bytes Sent By Job
	408  -  Total Bytes Received By Job
	Partitionable Resources :    Usage  Request Allocated 
	   Cpus                 :     0.65        1         1 
	   Disk (KB)            :   803           1 479779449 
	   Memory (MB)          :  5747        7900      8033 
...
