000 (854738.000.000) 08/18 04:57:25 Job submitted from host: <172.20.3.187:9618?addrs=172.20.3.187-9618&noUDP&sock=2043_e813_3>
...
001 (854738.000.000) 08/18 04:57:56 Job executing on host: <172.20.225.1:9618?addrs=172.20.225.1-9618&noUDP&sock=3382_5963_3>
...
006 (854738.000.000) 08/18 04:58:04 Image size of job updated: 21120
	21  -  MemoryUsage of job (MB)
	21120  -  ResidentSetSize of job (KB)
...
006 (854738.000.000) 08/18 05:03:05 Image size of job updated: 3808064
	3719  -  MemoryUsage of job (MB)
	3807984  -  ResidentSetSize of job (KB)
...
006 (854738.000.000) 08/18 05:08:05 Image size of job updated: 4631584
	4523  -  MemoryUsage of job (MB)
	4631504  -  ResidentSetSize of job (KB)
...
006 (854738.000.000) 08/18 05:13:06 Image size of job updated: 5387960
	5262  -  MemoryUsage of job (MB)
	5387880  -  ResidentSetSize of job (KB)
...
006 (854738.000.000) 08/18 05:18:06 Image size of job updated: 5388000
	5262  -  MemoryUsage of job (MB)
	5387920  -  ResidentSetSize of job (KB)
...
006 (854738.000.000) 08/18 05:23:07 Image size of job updated: 5388764
	5263  -  MemoryUsage of job (MB)
	5388724  -  ResidentSetSize of job (KB)
...
005 (854738.000.000) 08/18 05:32:14 Job terminated.
	(1) Normal termination (return value 0)
		Usr 0 00:32:53, Sys 0 00:00:36  -  Run Remote Usage
		Usr 0 00:00:00, Sys 0 00:00:00  -  Run Local Usage
		Usr 0 00:32:53, Sys 0 00:00:36  -  Total Remote Usage
		Usr 0 00:00:00, Sys 0 00:00:00  -  Total Local Usage
	2104  -  Run Bytes Sent By Job
	403  -  Run Bytes Received By Job
	2104  -  Total Bytes Sent By Job
	403  -  Total Bytes Received By Job
	Partitionable Resources :    Usage  Request Allocated 
	   Cpus                 :        0        1         1 
	   Disk (KB)            :      803        1 479786105 
	   Memory (MB)          :     5263     7900      8033 
...
