000 (857488.000.000) 08/18 04:58:59 Job submitted from host: <172.20.3.187:9618?addrs=172.20.3.187-9618&noUDP&sock=2043_e813_3>
...
001 (857488.000.000) 08/18 11:38:07 Job executing on host: <172.20.225.6:9618?addrs=172.20.225.6-9618&noUDP&sock=3382_5963_3>
...
006 (857488.000.000) 08/18 11:38:16 Image size of job updated: 20808
	21  -  MemoryUsage of job (MB)
	20808  -  ResidentSetSize of job (KB)
...
006 (857488.000.000) 08/18 11:43:17 Image size of job updated: 5344624
	5220  -  MemoryUsage of job (MB)
	5344624  -  ResidentSetSize of job (KB)
...
006 (857488.000.000) 08/18 11:48:18 Image size of job updated: 5344788
	5220  -  MemoryUsage of job (MB)
	5344788  -  ResidentSetSize of job (KB)
...
006 (857488.000.000) 08/18 11:53:18 Image size of job updated: 5345440
	5221  -  MemoryUsage of job (MB)
	5345440  -  ResidentSetSize of job (KB)
...
006 (857488.000.000) 08/18 11:58:19 Image size of job updated: 5825828
	5690  -  MemoryUsage of job (MB)
	5825828  -  ResidentSetSize of job (KB)
...
005 (857488.000.000) 08/18 12:00:16 Job terminated.
	(1) Normal termination (return value 0)
		Usr 0 00:35:32, Sys 0 00:00:59  -  Run Remote Usage
		Usr 0 00:00:00, Sys 0 00:00:00  -  Run Local Usage
		Usr 0 00:35:32, Sys 0 00:00:59  -  Total Remote Usage
		Usr 0 00:00:00, Sys 0 00:00:00  -  Total Local Usage
	2116  -  Run Bytes Sent By Job
	415  -  Run Bytes Received By Job
	2116  -  Total Bytes Sent By Job
	415  -  Total Bytes Received By Job
	Partitionable Resources :    Usage  Request Allocated 
	   Cpus                 :     0.56        1         1 
	   Disk (KB)            :   803           1 479749220 
	   Memory (MB)          :  5690        7900      8033 
...
