000 (855477.000.000) 08/18 04:57:53 Job submitted from host: <172.20.3.187:9618?addrs=172.20.3.187-9618&noUDP&sock=2043_e813_3>
...
001 (855477.000.000) 08/18 06:38:07 Job executing on host: <172.20.225.8:9618?addrs=172.20.225.8-9618&noUDP&sock=3440_21e1_3>
...
006 (855477.000.000) 08/18 06:38:16 Image size of job updated: 21124
	21  -  MemoryUsage of job (MB)
	21124  -  ResidentSetSize of job (KB)
...
006 (855477.000.000) 08/18 06:43:17 Image size of job updated: 4454716
	4351  -  MemoryUsage of job (MB)
	4454716  -  ResidentSetSize of job (KB)
...
006 (855477.000.000) 08/18 06:48:18 Image size of job updated: 5237616
	5115  -  MemoryUsage of job (MB)
	5237616  -  ResidentSetSize of job (KB)
...
006 (855477.000.000) 08/18 06:53:18 Image size of job updated: 5237748
	5115  -  MemoryUsage of job (MB)
	5237748  -  ResidentSetSize of job (KB)
...
006 (855477.000.000) 08/18 06:58:19 Image size of job updated: 5237916
	5116  -  MemoryUsage of job (MB)
	5237916  -  ResidentSetSize of job (KB)
...
006 (855477.000.000) 08/18 07:03:19 Image size of job updated: 5238564
	5116  -  MemoryUsage of job (MB)
	5238564  -  ResidentSetSize of job (KB)
...
005 (855477.000.000) 08/18 07:07:41 Job terminated.
	(1) Normal termination (return value 0)
		Usr 0 00:31:31, Sys 0 00:00:34  -  Run Remote Usage
		Usr 0 00:00:00, Sys 0 00:00:00  -  Run Local Usage
		Usr 0 00:31:31, Sys 0 00:00:34  -  Total Remote Usage
		Usr 0 00:00:00, Sys 0 00:00:00  -  Total Local Usage
	2099  -  Run Bytes Sent By Job
	403  -  Run Bytes Received By Job
	2099  -  Total Bytes Sent By Job
	403  -  Total Bytes Received By Job
	Partitionable Resources :    Usage  Request Allocated 
	   Cpus                 :     0.94        1         1 
	   Disk (KB)            :   803           1 479737977 
	   Memory (MB)          :  5116        7900      8033 
...
