000 (855201.000.000) 08/18 04:57:44 Job submitted from host: <172.20.3.187:9618?addrs=172.20.3.187-9618&noUDP&sock=2043_e813_3>
...
001 (855201.000.000) 08/18 06:06:04 Job executing on host: <172.20.225.8:9618?addrs=172.20.225.8-9618&noUDP&sock=3440_21e1_3>
...
006 (855201.000.000) 08/18 06:06:14 Image size of job updated: 21112
	21  -  MemoryUsage of job (MB)
	21112  -  ResidentSetSize of job (KB)
...
006 (855201.000.000) 08/18 06:11:15 Image size of job updated: 4125592
	4029  -  MemoryUsage of job (MB)
	4125592  -  ResidentSetSize of job (KB)
...
006 (855201.000.000) 08/18 06:16:16 Image size of job updated: 5258504
	5136  -  MemoryUsage of job (MB)
	5258504  -  ResidentSetSize of job (KB)
...
006 (855201.000.000) 08/18 06:21:16 Image size of job updated: 5258628
	5136  -  MemoryUsage of job (MB)
	5258628  -  ResidentSetSize of job (KB)
...
006 (855201.000.000) 08/18 06:26:17 Image size of job updated: 5258784
	5136  -  MemoryUsage of job (MB)
	5258784  -  ResidentSetSize of job (KB)
...
006 (855201.000.000) 08/18 06:31:18 Image size of job updated: 5259444
	5137  -  MemoryUsage of job (MB)
	5259444  -  ResidentSetSize of job (KB)
...
006 (855201.000.000) 08/18 06:36:18 Image size of job updated: 6307424
	6159  -  MemoryUsage of job (MB)
	6306604  -  ResidentSetSize of job (KB)
...
005 (855201.000.000) 08/18 06:36:22 Job terminated.
	(1) Normal termination (return value 0)
		Usr 0 00:30:15, Sys 0 00:00:33  -  Run Remote Usage
		Usr 0 00:00:00, Sys 0 00:00:00  -  Run Local Usage
		Usr 0 00:30:15, Sys 0 00:00:33  -  Total Remote Usage
		Usr 0 00:00:00, Sys 0 00:00:00  -  Total Local Usage
	2099  -  Run Bytes Sent By Job
	400  -  Run Bytes Received By Job
	2099  -  Total Bytes Sent By Job
	400  -  Total Bytes Received By Job
	Partitionable Resources :    Usage  Request Allocated 
	   Cpus                 :     0.53        1         1 
	   Disk (KB)            :   803           1 479737977 
	   Memory (MB)          :  6159        7900      8033 
...
