000 (855232.000.000) 08/18 04:57:45 Job submitted from host: <172.20.3.187:9618?addrs=172.20.3.187-9618&noUDP&sock=2043_e813_3>
...
001 (855232.000.000) 08/18 06:07:05 Job executing on host: <172.20.225.4:9618?addrs=172.20.225.4-9618&noUDP&sock=3366_5fdf_3>
...
006 (855232.000.000) 08/18 06:07:13 Image size of job updated: 21116
	21  -  MemoryUsage of job (MB)
	21116  -  ResidentSetSize of job (KB)
...
006 (855232.000.000) 08/18 06:12:13 Image size of job updated: 3822908
	3730  -  MemoryUsage of job (MB)
	3819468  -  ResidentSetSize of job (KB)
...
006 (855232.000.000) 08/18 06:17:14 Image size of job updated: 4514868
	4410  -  MemoryUsage of job (MB)
	4514868  -  ResidentSetSize of job (KB)
...
006 (855232.000.000) 08/18 06:22:14 Image size of job updated: 5258744
	5136  -  MemoryUsage of job (MB)
	5258744  -  ResidentSetSize of job (KB)
...
006 (855232.000.000) 08/18 06:27:15 Image size of job updated: 5258880
	5136  -  MemoryUsage of job (MB)
	5258880  -  ResidentSetSize of job (KB)
...
006 (855232.000.000) 08/18 06:32:16 Image size of job updated: 5259576
	5137  -  MemoryUsage of job (MB)
	5259576  -  ResidentSetSize of job (KB)
...
006 (855232.000.000) 08/18 06:37:16 Image size of job updated: 6153696
	6007  -  MemoryUsage of job (MB)
	6150612  -  ResidentSetSize of job (KB)
...
006 (855232.000.000) 08/18 06:39:14 Image size of job updated: 13393636
	6007  -  MemoryUsage of job (MB)
	6150652  -  ResidentSetSize of job (KB)
...
005 (855232.000.000) 08/18 06:39:14 Job terminated.
	(1) Normal termination (return value 0)
		Usr 0 00:31:27, Sys 0 00:00:34  -  Run Remote Usage
		Usr 0 00:00:00, Sys 0 00:00:00  -  Run Local Usage
		Usr 0 00:31:27, Sys 0 00:00:34  -  Total Remote Usage
		Usr 0 00:00:00, Sys 0 00:00:00  -  Total Local Usage
	2099  -  Run Bytes Sent By Job
	400  -  Run Bytes Received By Job
	2099  -  Total Bytes Sent By Job
	400  -  Total Bytes Received By Job
	Partitionable Resources :    Usage  Request Allocated 
	   Cpus                 :     0.71        1         1 
	   Disk (KB)            :   803           1 479779449 
	   Memory (MB)          :  6007        7900      8033 
...
