000 (858929.000.000) 08/18 04:59:46 Job submitted from host: <172.20.3.187:9618?addrs=172.20.3.187-9618&noUDP&sock=2043_e813_3>
...
001 (858929.000.000) 08/18 14:23:42 Job executing on host: <172.20.225.4:9618?addrs=172.20.225.4-9618&noUDP&sock=3366_5fdf_3>
...
006 (858929.000.000) 08/18 14:23:50 Image size of job updated: 21108
	21  -  MemoryUsage of job (MB)
	21108  -  ResidentSetSize of job (KB)
...
006 (858929.000.000) 08/18 14:28:50 Image size of job updated: 4475264
	4371  -  MemoryUsage of job (MB)
	4475264  -  ResidentSetSize of job (KB)
...
006 (858929.000.000) 08/18 14:33:51 Image size of job updated: 5258168
	5135  -  MemoryUsage of job (MB)
	5258168  -  ResidentSetSize of job (KB)
...
006 (858929.000.000) 08/18 14:38:52 Image size of job updated: 5258296
	5136  -  MemoryUsage of job (MB)
	5258296  -  ResidentSetSize of job (KB)
...
006 (858929.000.000) 08/18 14:43:52 Image size of job updated: 5258452
	5136  -  MemoryUsage of job (MB)
	5258452  -  ResidentSetSize of job (KB)
...
006 (858929.000.000) 08/18 14:48:53 Image size of job updated: 5259112
	5136  -  MemoryUsage of job (MB)
	5259112  -  ResidentSetSize of job (KB)
...
006 (858929.000.000) 08/18 14:53:54 Image size of job updated: 5933840
	5795  -  MemoryUsage of job (MB)
	5933784  -  ResidentSetSize of job (KB)
...
005 (858929.000.000) 08/18 14:55:32 Job terminated.
	(1) Normal termination (return value 0)
		Usr 0 00:32:28, Sys 0 00:00:32  -  Run Remote Usage
		Usr 0 00:00:00, Sys 0 00:00:00  -  Run Local Usage
		Usr 0 00:32:28, Sys 0 00:00:32  -  Total Remote Usage
		Usr 0 00:00:00, Sys 0 00:00:00  -  Total Local Usage
	2100  -  Run Bytes Sent By Job
	404  -  Run Bytes Received By Job
	2100  -  Total Bytes Sent By Job
	404  -  Total Bytes Received By Job
	Partitionable Resources :    Usage  Request Allocated 
	   Cpus                 :     0.63        1         1 
	   Disk (KB)            :   803           1 479779449 
	   Memory (MB)          :  5795        7900      8033 
...
