000 (855429.000.000) 08/18 04:57:52 Job submitted from host: <172.20.3.187:9618?addrs=172.20.3.187-9618&noUDP&sock=2043_e813_3>
...
001 (855429.000.000) 08/18 06:34:07 Job executing on host: <172.20.225.4:9618?addrs=172.20.225.4-9618&noUDP&sock=3366_5fdf_3>
...
006 (855429.000.000) 08/18 06:34:16 Image size of job updated: 21120
	21  -  MemoryUsage of job (MB)
	21120  -  ResidentSetSize of job (KB)
...
006 (855429.000.000) 08/18 06:39:18 Image size of job updated: 4442780
	4339  -  MemoryUsage of job (MB)
	4442780  -  ResidentSetSize of job (KB)
...
006 (855429.000.000) 08/18 06:44:19 Image size of job updated: 5225692
	5104  -  MemoryUsage of job (MB)
	5225692  -  ResidentSetSize of job (KB)
...
006 (855429.000.000) 08/18 06:49:19 Image size of job updated: 5225820
	5104  -  MemoryUsage of job (MB)
	5225820  -  ResidentSetSize of job (KB)
...
006 (855429.000.000) 08/18 06:54:21 Image size of job updated: 5226300
	5104  -  MemoryUsage of job (MB)
	5226300  -  ResidentSetSize of job (KB)
...
006 (855429.000.000) 08/18 06:59:21 Image size of job updated: 5424320
	5297  -  MemoryUsage of job (MB)
	5423436  -  ResidentSetSize of job (KB)
...
006 (855429.000.000) 08/18 07:01:24 Image size of job updated: 5424320
	5297  -  MemoryUsage of job (MB)
	5423472  -  ResidentSetSize of job (KB)
...
005 (855429.000.000) 08/18 07:01:26 Job terminated.
	(1) Normal termination (return value 0)
		Usr 0 00:32:11, Sys 0 00:00:33  -  Run Remote Usage
		Usr 0 00:00:00, Sys 0 00:00:00  -  Run Local Usage
		Usr 0 00:32:11, Sys 0 00:00:33  -  Total Remote Usage
		Usr 0 00:00:00, Sys 0 00:00:00  -  Total Local Usage
	2103  -  Run Bytes Sent By Job
	405  -  Run Bytes Received By Job
	2103  -  Total Bytes Sent By Job
	405  -  Total Bytes Received By Job
	Partitionable Resources :    Usage  Request Allocated 
	   Cpus                 :     0.43        1         1 
	   Disk (KB)            :   803           1 479779449 
	   Memory (MB)          :  5297        7900      8033 
...
