000 (860625.000.000) 08/18 05:00:43 Job submitted from host: <172.20.3.187:9618?addrs=172.20.3.187-9618&noUDP&sock=2043_e813_3>
...
001 (860625.000.000) 08/18 17:55:44 Job executing on host: <172.20.225.2:9618?addrs=172.20.225.2-9618&noUDP&sock=3424_285d_3>
...
006 (860625.000.000) 08/18 17:55:53 Image size of job updated: 21120
	21  -  MemoryUsage of job (MB)
	21120  -  ResidentSetSize of job (KB)
...
006 (860625.000.000) 08/18 18:00:53 Image size of job updated: 4480212
	4376  -  MemoryUsage of job (MB)
	4480212  -  ResidentSetSize of job (KB)
...
006 (860625.000.000) 08/18 18:05:54 Image size of job updated: 5613244
	5482  -  MemoryUsage of job (MB)
	5613244  -  ResidentSetSize of job (KB)
...
006 (860625.000.000) 08/18 18:10:55 Image size of job updated: 5614072
	5483  -  MemoryUsage of job (MB)
	5614072  -  ResidentSetSize of job (KB)
...
006 (860625.000.000) 08/18 18:15:56 Image size of job updated: 6315812
	6168  -  MemoryUsage of job (MB)
	6315812  -  ResidentSetSize of job (KB)
...
006 (860625.000.000) 08/18 18:16:28 Image size of job updated: 10240060
	6168  -  MemoryUsage of job (MB)
	6315812  -  ResidentSetSize of job (KB)
...
005 (860625.000.000) 08/18 18:16:28 Job terminated.
	(1) Normal termination (return value 0)
		Usr 0 00:35:22, Sys 0 00:00:37  -  Run Remote Usage
		Usr 0 00:00:00, Sys 0 00:00:00  -  Run Local Usage
		Usr 0 00:35:22, Sys 0 00:00:37  -  Total Remote Usage
		Usr 0 00:00:00, Sys 0 00:00:00  -  Total Local Usage
	2113  -  Run Bytes Sent By Job
	412  -  Run Bytes Received By Job
	2113  -  Total Bytes Sent By Job
	412  -  Total Bytes Received By Job
	Partitionable Resources :    Usage  Request Allocated 
	   Cpus                 :     1.00        1         1 
	   Disk (KB)            :   803           1 479786084 
	   Memory (MB)          :  6168        7900      8033 
...
