000 (858085.000.000) 08/18 04:59:18 Job submitted from host: <172.20.3.187:9618?addrs=172.20.3.187-9618&noUDP&sock=2043_e813_3>
...
001 (858085.000.000) 08/18 12:45:06 Job executing on host: <172.20.225.5:9618?addrs=172.20.225.5-9618&noUDP&sock=3375_8c39_3>
...
006 (858085.000.000) 08/18 12:45:15 Image size of job updated: 21112
	21  -  MemoryUsage of job (MB)
	21112  -  ResidentSetSize of job (KB)
...
006 (858085.000.000) 08/18 12:50:16 Image size of job updated: 4508596
	4403  -  MemoryUsage of job (MB)
	4508596  -  ResidentSetSize of job (KB)
...
006 (858085.000.000) 08/18 12:55:16 Image size of job updated: 5291568
	5168  -  MemoryUsage of job (MB)
	5291568  -  ResidentSetSize of job (KB)
...
006 (858085.000.000) 08/18 13:00:17 Image size of job updated: 5291708
	5168  -  MemoryUsage of job (MB)
	5291708  -  ResidentSetSize of job (KB)
...
006 (858085.000.000) 08/18 13:05:18 Image size of job updated: 5292196
	5169  -  MemoryUsage of job (MB)
	5292196  -  ResidentSetSize of job (KB)
...
006 (858085.000.000) 08/18 13:10:18 Image size of job updated: 5498644
	5370  -  MemoryUsage of job (MB)
	5498032  -  ResidentSetSize of job (KB)
...
006 (858085.000.000) 08/18 13:14:33 Image size of job updated: 9908624
	5370  -  MemoryUsage of job (MB)
	5498048  -  ResidentSetSize of job (KB)
...
005 (858085.000.000) 08/18 13:14:33 Job terminated.
	(1) Normal termination (return value 0)
		Usr 0 00:34:14, Sys 0 00:00:36  -  Run Remote Usage
		Usr 0 00:00:00, Sys 0 00:00:00  -  Run Local Usage
		Usr 0 00:34:14, Sys 0 00:00:36  -  Total Remote Usage
		Usr 0 00:00:00, Sys 0 00:00:00  -  Total Local Usage
	2103  -  Run Bytes Sent By Job
	404  -  Run Bytes Received By Job
	2103  -  Total Bytes Sent By Job
	404  -  Total Bytes Received By Job
	Partitionable Resources :    Usage  Request Allocated 
	   Cpus                 :     0.76        1         1 
	   Disk (KB)            :   803           1 479749220 
	   Memory (MB)          :  5370        7900      8033 
...
