000 (856974.000.000) 08/18 04:58:42 Job submitted from host: <172.20.3.187:9618?addrs=172.20.3.187-9618&noUDP&sock=2043_e813_3>
...
001 (856974.000.000) 08/18 09:23:30 Job executing on host: <172.20.225.4:9618?addrs=172.20.225.4-9618&noUDP&sock=3366_5fdf_3>
...
006 (856974.000.000) 08/18 09:23:38 Image size of job updated: 21116
	21  -  MemoryUsage of job (MB)
	21116  -  ResidentSetSize of job (KB)
...
006 (856974.000.000) 08/18 09:28:38 Image size of job updated: 3652792
	3568  -  MemoryUsage of job (MB)
	3652792  -  ResidentSetSize of job (KB)
...
006 (856974.000.000) 08/18 09:33:39 Image size of job updated: 4488816
	4384  -  MemoryUsage of job (MB)
	4488816  -  ResidentSetSize of job (KB)
...
006 (856974.000.000) 08/18 09:38:40 Image size of job updated: 5232704
	5111  -  MemoryUsage of job (MB)
	5232704  -  ResidentSetSize of job (KB)
...
006 (856974.000.000) 08/18 09:43:41 Image size of job updated: 5232852
	5111  -  MemoryUsage of job (MB)
	5232852  -  ResidentSetSize of job (KB)
...
006 (856974.000.000) 08/18 09:48:41 Image size of job updated: 5415640
	5289  -  MemoryUsage of job (MB)
	5415640  -  ResidentSetSize of job (KB)
...
006 (856974.000.000) 08/18 09:50:47 Image size of job updated: 5966460
	5289  -  MemoryUsage of job (MB)
	5415660  -  ResidentSetSize of job (KB)
...
005 (856974.000.000) 08/18 09:50:47 Job terminated.
	(1) Normal termination (return value 0)
		Usr 0 00:34:01, Sys 0 00:00:36  -  Run Remote Usage
		Usr 0 00:00:00, Sys 0 00:00:00  -  Run Local Usage
		Usr 0 00:34:01, Sys 0 00:00:36  -  Total Remote Usage
		Usr 0 00:00:00, Sys 0 00:00:00  -  Total Local Usage
	2105  -  Run Bytes Sent By Job
	407  -  Run Bytes Received By Job
	2105  -  Total Bytes Sent By Job
	407  -  Total Bytes Received By Job
	Partitionable Resources :    Usage  Request Allocated 
	   Cpus                 :     0.86        1         1 
	   Disk (KB)            :   803           1 479779449 
	   Memory (MB)          :  5289        7900      8033 
...
