000 (858585.000.000) 08/18 04:59:34 Job submitted from host: <172.20.3.187:9618?addrs=172.20.3.187-9618&noUDP&sock=2043_e813_3>
...
001 (858585.000.000) 08/18 13:41:39 Job executing on host: <172.20.225.6:9618?addrs=172.20.225.6-9618&noUDP&sock=3382_5963_3>
...
006 (858585.000.000) 08/18 13:41:48 Image size of job updated: 21124
	21  -  MemoryUsage of job (MB)
	21124  -  ResidentSetSize of job (KB)
...
006 (858585.000.000) 08/18 13:46:49 Image size of job updated: 3974292
	3882  -  MemoryUsage of job (MB)
	3974292  -  ResidentSetSize of job (KB)
...
006 (858585.000.000) 08/18 13:51:49 Image size of job updated: 4797812
	4686  -  MemoryUsage of job (MB)
	4797812  -  ResidentSetSize of job (KB)
...
006 (858585.000.000) 08/18 13:56:50 Image size of job updated: 5554204
	5425  -  MemoryUsage of job (MB)
	5554204  -  ResidentSetSize of job (KB)
...
006 (858585.000.000) 08/18 14:01:51 Image size of job updated: 5554380
	5425  -  MemoryUsage of job (MB)
	5554360  -  ResidentSetSize of job (KB)
...
006 (858585.000.000) 08/18 14:06:52 Image size of job updated: 5555032
	5425  -  MemoryUsage of job (MB)
	5555032  -  ResidentSetSize of job (KB)
...
006 (858585.000.000) 08/18 14:11:52 Image size of job updated: 6091344
	5949  -  MemoryUsage of job (MB)
	6091344  -  ResidentSetSize of job (KB)
...
005 (858585.000.000) 08/18 14:13:36 Job terminated.
	(1) Normal termination (return value 0)
		Usr 0 00:33:38, Sys 0 00:00:34  -  Run Remote Usage
		Usr 0 00:00:00, Sys 0 00:00:00  -  Run Local Usage
		Usr 0 00:33:38, Sys 0 00:00:34  -  Total Remote Usage
		Usr 0 00:00:00, Sys 0 00:00:00  -  Total Local Usage
	2113  -  Run Bytes Sent By Job
	412  -  Run Bytes Received By Job
	2113  -  Total Bytes Sent By Job
	412  -  Total Bytes Received By Job
	Partitionable Resources :    Usage  Request Allocated 
	   Cpus                 :     0.49        1         1 
	   Disk (KB)            :   803           1 479749220 
	   Memory (MB)          :  5949        7900      8033 
...
