000 (859828.000.000) 08/18 05:00:16 Job submitted from host: <172.20.3.187:9618?addrs=172.20.3.187-9618&noUDP&sock=2043_e813_3>
...
001 (859828.000.000) 08/18 16:14:30 Job executing on host: <172.20.225.8:9618?addrs=172.20.225.8-9618&noUDP&sock=3440_21e1_3>
...
006 (859828.000.000) 08/18 16:14:39 Image size of job updated: 21116
	21  -  MemoryUsage of job (MB)
	21116  -  ResidentSetSize of job (KB)
...
006 (859828.000.000) 08/18 16:19:40 Image size of job updated: 4505536
	4400  -  MemoryUsage of job (MB)
	4505536  -  ResidentSetSize of job (KB)
...
006 (859828.000.000) 08/18 16:24:41 Image size of job updated: 5288440
	5165  -  MemoryUsage of job (MB)
	5288440  -  ResidentSetSize of job (KB)
...
006 (859828.000.000) 08/18 16:29:42 Image size of job updated: 5288564
	5165  -  MemoryUsage of job (MB)
	5288564  -  ResidentSetSize of job (KB)
...
006 (859828.000.000) 08/18 16:34:42 Image size of job updated: 5288708
	5165  -  MemoryUsage of job (MB)
	5288708  -  ResidentSetSize of job (KB)
...
006 (859828.000.000) 08/18 16:39:43 Image size of job updated: 5289384
	5166  -  MemoryUsage of job (MB)
	5289384  -  ResidentSetSize of job (KB)
...
006 (859828.000.000) 08/18 16:44:43 Image size of job updated: 5786736
	5652  -  MemoryUsage of job (MB)
	5786676  -  ResidentSetSize of job (KB)
...
006 (859828.000.000) 08/18 16:47:25 Image size of job updated: 8593872
	5652  -  MemoryUsage of job (MB)
	5786676  -  ResidentSetSize of job (KB)
...
005 (859828.000.000) 08/18 16:47:25 Job terminated.
	(1) Normal termination (return value 0)
		Usr 0 00:33:11, Sys 0 00:00:36  -  Run Remote Usage
		Usr 0 00:00:00, Sys 0 00:00:00  -  Run Local Usage
		Usr 0 00:33:11, Sys 0 00:00:36  -  Total Remote Usage
		Usr 0 00:00:00, Sys 0 00:00:00  -  Total Local Usage
	2106  -  Run Bytes Sent By Job
	407  -  Run Bytes Received By Job
	2106  -  Total Bytes Sent By Job
	407  -  Total Bytes Received By Job
	Partitionable Resources :    Usage  Request Allocated 
	   Cpus                 :     0.68        1         1 
	   Disk (KB)            :   803           1 479737977 
	   Memory (MB)          :  5652        7900      8033 
...
