000 (858575.000.000) 08/18 04:59:34 Job submitted from host: <172.20.3.187:9618?addrs=172.20.3.187-9618&noUDP&sock=2043_e813_3>
...
001 (858575.000.000) 08/18 13:38:38 Job executing on host: <172.20.225.5:9618?addrs=172.20.225.5-9618&noUDP&sock=3375_8c39_3>
...
006 (858575.000.000) 08/18 13:38:47 Image size of job updated: 21124
	21  -  MemoryUsage of job (MB)
	21124  -  ResidentSetSize of job (KB)
...
006 (858575.000.000) 08/18 13:43:48 Image size of job updated: 3974152
	3882  -  MemoryUsage of job (MB)
	3974152  -  ResidentSetSize of job (KB)
...
006 (858575.000.000) 08/18 13:48:48 Image size of job updated: 4810176
	4698  -  MemoryUsage of job (MB)
	4810176  -  ResidentSetSize of job (KB)
...
006 (858575.000.000) 08/18 13:53:49 Image size of job updated: 5554068
	5424  -  MemoryUsage of job (MB)
	5554068  -  ResidentSetSize of job (KB)
...
006 (858575.000.000) 08/18 13:58:50 Image size of job updated: 5554224
	5425  -  MemoryUsage of job (MB)
	5554224  -  ResidentSetSize of job (KB)
...
006 (858575.000.000) 08/18 14:03:50 Image size of job updated: 5554896
	5425  -  MemoryUsage of job (MB)
	5554896  -  ResidentSetSize of job (KB)
...
006 (858575.000.000) 08/18 14:08:51 Image size of job updated: 6066592
	5920  -  MemoryUsage of job (MB)
	6061996  -  ResidentSetSize of job (KB)
...
005 (858575.000.000) 08/18 14:11:29 Job terminated.
	(1) Normal termination (return value 0)
		Usr 0 00:33:38, Sys 0 00:00:32  -  Run Remote Usage
		Usr 0 00:00:00, Sys 0 00:00:00  -  Run Local Usage
		Usr 0 00:33:38, Sys 0 00:00:32  -  Total Remote Usage
		Usr 0 00:00:00, Sys 0 00:00:00  -  Total Local Usage
	2113  -  Run Bytes Sent By Job
	412  -  Run Bytes Received By Job
	2113  -  Total Bytes Sent By Job
	412  -  Total Bytes Received By Job
	Partitionable Resources :    Usage  Request Allocated 
	   Cpus                 :     0.48        1         1 
	   Disk (KB)            :   803           1 479749220 
	   Memory (MB)          :  5920        7900      8033 
...
