000 (858290.000.000) 08/18 04:59:24 Job submitted from host: <172.20.3.187:9618?addrs=172.20.3.187-9618&noUDP&sock=2043_e813_3>
...
001 (858290.000.000) 08/18 13:09:30 Job executing on host: <172.20.225.6:9618?addrs=172.20.225.6-9618&noUDP&sock=3382_5963_3>
...
006 (858290.000.000) 08/18 13:09:38 Image size of job updated: 21120
	21  -  MemoryUsage of job (MB)
	21120  -  ResidentSetSize of job (KB)
...
006 (858290.000.000) 08/18 13:14:38 Image size of job updated: 3705216
	3619  -  MemoryUsage of job (MB)
	3705216  -  ResidentSetSize of job (KB)
...
006 (858290.000.000) 08/18 13:19:39 Image size of job updated: 4541240
	4435  -  MemoryUsage of job (MB)
	4541240  -  ResidentSetSize of job (KB)
...
006 (858290.000.000) 08/18 13:24:40 Image size of job updated: 5285132
	5162  -  MemoryUsage of job (MB)
	5285132  -  ResidentSetSize of job (KB)
...
006 (858290.000.000) 08/18 13:29:40 Image size of job updated: 5285304
	5162  -  MemoryUsage of job (MB)
	5285304  -  ResidentSetSize of job (KB)
...
006 (858290.000.000) 08/18 13:34:41 Image size of job updated: 5285952
	5163  -  MemoryUsage of job (MB)
	5285952  -  ResidentSetSize of job (KB)
...
006 (858290.000.000) 08/18 13:39:41 Image size of job updated: 5958896
	5820  -  MemoryUsage of job (MB)
	5958808  -  ResidentSetSize of job (KB)
...
005 (858290.000.000) 08/18 13:40:37 Job terminated.
	(1) Normal termination (return value 0)
		Usr 0 00:32:33, Sys 0 00:00:33  -  Run Remote Usage
		Usr 0 00:00:00, Sys 0 00:00:00  -  Run Local Usage
		Usr 0 00:32:33, Sys 0 00:00:33  -  Total Remote Usage
		Usr 0 00:00:00, Sys 0 00:00:00  -  Total Local Usage
	2106  -  Run Bytes Sent By Job
	407  -  Run Bytes Received By Job
	2106  -  Total Bytes Sent By Job
	407  -  Total Bytes Received By Job
	Partitionable Resources :    Usage  Request Allocated 
	   Cpus                 :     0.49        1         1 
	   Disk (KB)            :   803           1 479749220 
	   Memory (MB)          :  5820        7900      8033 
...
