000 (854943.000.000) 08/18 04:57:32 Job submitted from host: <172.20.3.187:9618?addrs=172.20.3.187-9618&noUDP&sock=2043_e813_3>
...
001 (854943.000.000) 08/18 05:32:11 Job executing on host: <172.20.225.8:9618?addrs=172.20.225.8-9618&noUDP&sock=3440_21e1_3>
...
006 (854943.000.000) 08/18 05:32:20 Image size of job updated: 21116
	21  -  MemoryUsage of job (MB)
	21116  -  ResidentSetSize of job (KB)
...
006 (854943.000.000) 08/18 05:37:21 Image size of job updated: 3807728
	3719  -  MemoryUsage of job (MB)
	3807728  -  ResidentSetSize of job (KB)
...
006 (854943.000.000) 08/18 05:42:21 Image size of job updated: 4631268
	4523  -  MemoryUsage of job (MB)
	4631268  -  ResidentSetSize of job (KB)
...
006 (854943.000.000) 08/18 05:47:22 Image size of job updated: 5387648
	5262  -  MemoryUsage of job (MB)
	5387648  -  ResidentSetSize of job (KB)
...
006 (854943.000.000) 08/18 05:52:22 Image size of job updated: 5387684
	5262  -  MemoryUsage of job (MB)
	5387684  -  ResidentSetSize of job (KB)
...
006 (854943.000.000) 08/18 05:57:22 Image size of job updated: 5388156
	5262  -  MemoryUsage of job (MB)
	5388156  -  ResidentSetSize of job (KB)
...
006 (854943.000.000) 08/18 06:02:23 Image size of job updated: 5388488
	5263  -  MemoryUsage of job (MB)
	5388488  -  ResidentSetSize of job (KB)
...
006 (854943.000.000) 08/18 06:06:29 Image size of job updated: 13808432
	5263  -  MemoryUsage of job (MB)
	5388488  -  ResidentSetSize of job (KB)
...
005 (854943.000.000) 08/18 06:06:29 Job terminated.
	(1) Normal termination (return value 0)
		Usr 0 00:33:03, Sys 0 00:00:31  -  Run Remote Usage
		Usr 0 00:00:00, Sys 0 00:00:00  -  Run Local Usage
		Usr 0 00:33:03, Sys 0 00:00:31  -  Total Remote Usage
		Usr 0 00:00:00, Sys 0 00:00:00  -  Total Local Usage
	2104  -  Run Bytes Sent By Job
	403  -  Run Bytes Received By Job
	2104  -  Total Bytes Sent By Job
	403  -  Total Bytes Received By Job
	Partitionable Resources :    Usage  Request Allocated 
	   Cpus                 :     0.76        1         1 
	   Disk (KB)            :   803           1 479737977 
	   Memory (MB)          :  5263        7900      8033 
...
