000 (859482.000.000) 08/18 05:00:04 Job submitted from host: <172.20.3.187:9618?addrs=172.20.3.187-9618&noUDP&sock=2043_e813_3>
...
001 (859482.000.000) 08/18 15:34:50 Job executing on host: <172.20.225.8:9618?addrs=172.20.225.8-9618&noUDP&sock=3440_21e1_3>
...
006 (859482.000.000) 08/18 15:34:58 Image size of job updated: 21120
	21  -  MemoryUsage of job (MB)
	21120  -  ResidentSetSize of job (KB)
...
006 (859482.000.000) 08/18 15:39:59 Image size of job updated: 3700112
	3614  -  MemoryUsage of job (MB)
	3700112  -  ResidentSetSize of job (KB)
...
006 (859482.000.000) 08/18 15:45:00 Image size of job updated: 4536136
	4430  -  MemoryUsage of job (MB)
	4536136  -  ResidentSetSize of job (KB)
...
006 (859482.000.000) 08/18 15:50:01 Image size of job updated: 5280024
	5157  -  MemoryUsage of job (MB)
	5280024  -  ResidentSetSize of job (KB)
...
006 (859482.000.000) 08/18 15:55:00 Image size of job updated: 5280168
	5157  -  MemoryUsage of job (MB)
	5280168  -  ResidentSetSize of job (KB)
...
006 (859482.000.000) 08/18 16:00:00 Image size of job updated: 5280848
	5158  -  MemoryUsage of job (MB)
	5280848  -  ResidentSetSize of job (KB)
...
006 (859482.000.000) 08/18 16:05:00 Image size of job updated: 8480152
	8282  -  MemoryUsage of job (MB)
	8480152  -  ResidentSetSize of job (KB)
...
006 (859482.000.000) 08/18 16:08:38 Image size of job updated: 8480152
	8282  -  MemoryUsage of job (MB)
	8480168  -  ResidentSetSize of job (KB)
...
005 (859482.000.000) 08/18 16:08:39 Job terminated.
	(1) Normal termination (return value 0)
		Usr 0 00:33:42, Sys 0 00:00:33  -  Run Remote Usage
		Usr 0 00:00:00, Sys 0 00:00:00  -  Run Local Usage
		Usr 0 00:33:42, Sys 0 00:00:33  -  Total Remote Usage
		Usr 0 00:00:00, Sys 0 00:00:00  -  Total Local Usage
	2107  -  Run Bytes Sent By Job
	406  -  Run Bytes Received By Job
	2107  -  Total Bytes Sent By Job
	406  -  Total Bytes Received By Job
	Partitionable Resources :    Usage  Request Allocated 
	   Cpus                 :        0        1         1 
	   Disk (KB)            :      803        1 479737977 
	   Memory (MB)          :     8282     7900      8033 
...
