000 (859254.000.000) 08/18 04:59:56 Job submitted from host: <172.20.3.187:9618?addrs=172.20.3.187-9618&noUDP&sock=2043_e813_3>
...
001 (859254.000.000) 08/18 14:59:36 Job executing on host: <172.20.225.5:9618?addrs=172.20.225.5-9618&noUDP&sock=3375_8c39_3>
...
006 (859254.000.000) 08/18 14:59:44 Image size of job updated: 21116
	21  -  MemoryUsage of job (MB)
	21116  -  ResidentSetSize of job (KB)
...
006 (859254.000.000) 08/18 15:04:44 Image size of job updated: 3738724
	3652  -  MemoryUsage of job (MB)
	3738724  -  ResidentSetSize of job (KB)
...
006 (859254.000.000) 08/18 15:09:45 Image size of job updated: 4574748
	4468  -  MemoryUsage of job (MB)
	4574748  -  ResidentSetSize of job (KB)
...
006 (859254.000.000) 08/18 15:14:46 Image size of job updated: 5318636
	5194  -  MemoryUsage of job (MB)
	5318636  -  ResidentSetSize of job (KB)
...
006 (859254.000.000) 08/18 15:19:46 Image size of job updated: 5318772
	5195  -  MemoryUsage of job (MB)
	5318772  -  ResidentSetSize of job (KB)
...
006 (859254.000.000) 08/18 15:24:46 Image size of job updated: 5319472
	5195  -  MemoryUsage of job (MB)
	5319472  -  ResidentSetSize of job (KB)
...
006 (859254.000.000) 08/18 15:29:47 Image size of job updated: 6610692
	6456  -  MemoryUsage of job (MB)
	6610692  -  ResidentSetSize of job (KB)
...
006 (859254.000.000) 08/18 15:31:48 Image size of job updated: 14289712
	6456  -  MemoryUsage of job (MB)
	6610696  -  ResidentSetSize of job (KB)
...
005 (859254.000.000) 08/18 15:31:48 Job terminated.
	(1) Normal termination (return value 0)
		Usr 0 00:33:20, Sys 0 00:00:34  -  Run Remote Usage
		Usr 0 00:00:00, Sys 0 00:00:00  -  Run Local Usage
		Usr 0 00:33:20, Sys 0 00:00:34  -  Total Remote Usage
		Usr 0 00:00:00, Sys 0 00:00:00  -  Total Local Usage
	2102  -  Run Bytes Sent By Job
	401  -  Run Bytes Received By Job
	2102  -  Total Bytes Sent By Job
	401  -  Total Bytes Received By Job
	Partitionable Resources :    Usage  Request Allocated 
	   Cpus                 :     0.91        1         1 
	   Disk (KB)            :   803           1 479749220 
	   Memory (MB)          :  6456        7900      8033 
...
