000 (859875.000.000) 08/18 05:00:17 Job submitted from host: <172.20.3.187:9618?addrs=172.20.3.187-9618&noUDP&sock=2043_e813_3>
...
001 (859875.000.000) 08/18 16:14:29 Job executing on host: <172.20.225.2:9618?addrs=172.20.225.2-9618&noUDP&sock=3424_285d_3>
...
006 (859875.000.000) 08/18 16:14:38 Image size of job updated: 21112
	21  -  MemoryUsage of job (MB)
	21112  -  ResidentSetSize of job (KB)
...
006 (859875.000.000) 08/18 16:19:39 Image size of job updated: 3713716
	3622  -  MemoryUsage of job (MB)
	3708808  -  ResidentSetSize of job (KB)
...
006 (859875.000.000) 08/18 16:24:40 Image size of job updated: 4532324
	4427  -  MemoryUsage of job (MB)
	4532324  -  ResidentSetSize of job (KB)
...
006 (859875.000.000) 08/18 16:29:40 Image size of job updated: 5288708
	5165  -  MemoryUsage of job (MB)
	5288708  -  ResidentSetSize of job (KB)
...
006 (859875.000.000) 08/18 16:34:40 Image size of job updated: 5288740
	5165  -  MemoryUsage of job (MB)
	5288740  -  ResidentSetSize of job (KB)
...
006 (859875.000.000) 08/18 16:39:41 Image size of job updated: 5289216
	5166  -  MemoryUsage of job (MB)
	5289216  -  ResidentSetSize of job (KB)
...
006 (859875.000.000) 08/18 16:44:41 Image size of job updated: 5289548
	5166  -  MemoryUsage of job (MB)
	5289548  -  ResidentSetSize of job (KB)
...
006 (859875.000.000) 08/18 16:49:10 Image size of job updated: 8591680
	5166  -  MemoryUsage of job (MB)
	5289548  -  ResidentSetSize of job (KB)
...
005 (859875.000.000) 08/18 16:49:10 Job terminated.
	(1) Normal termination (return value 0)
		Usr 0 00:33:05, Sys 0 00:00:33  -  Run Remote Usage
		Usr 0 00:00:00, Sys 0 00:00:00  -  Run Local Usage
		Usr 0 00:33:05, Sys 0 00:00:33  -  Total Remote Usage
		Usr 0 00:00:00, Sys 0 00:00:00  -  Total Local Usage
	2109  -  Run Bytes Sent By Job
	408  -  Run Bytes Received By Job
	2109  -  Total Bytes Sent By Job
	408  -  Total Bytes Received By Job
	Partitionable Resources :    Usage  Request Allocated 
	   Cpus                 :     0.70        1         1 
	   Disk (KB)            :   803           1 479786084 
	   Memory (MB)          :  5166        7900      8033 
...
