000 (857752.000.000) 08/18 04:59:07 Job submitted from host: <172.20.3.187:9618?addrs=172.20.3.187-9618&noUDP&sock=2043_e813_3>
...
001 (857752.000.000) 08/18 12:00:37 Job executing on host: <172.20.225.6:9618?addrs=172.20.225.6-9618&noUDP&sock=3382_5963_3>
...
006 (857752.000.000) 08/18 12:00:46 Image size of job updated: 21116
	21  -  MemoryUsage of job (MB)
	21116  -  ResidentSetSize of job (KB)
...
006 (857752.000.000) 08/18 12:05:47 Image size of job updated: 4139272
	4037  -  MemoryUsage of job (MB)
	4133596  -  ResidentSetSize of job (KB)
...
006 (857752.000.000) 08/18 12:10:47 Image size of job updated: 4828992
	4716  -  MemoryUsage of job (MB)
	4828992  -  ResidentSetSize of job (KB)
...
006 (857752.000.000) 08/18 12:15:48 Image size of job updated: 5266644
	5144  -  MemoryUsage of job (MB)
	5266644  -  ResidentSetSize of job (KB)
...
006 (857752.000.000) 08/18 12:20:49 Image size of job updated: 5267456
	5144  -  MemoryUsage of job (MB)
	5267456  -  ResidentSetSize of job (KB)
...
006 (857752.000.000) 08/18 12:25:49 Image size of job updated: 5702672
	5569  -  MemoryUsage of job (MB)
	5702548  -  ResidentSetSize of job (KB)
...
006 (857752.000.000) 08/18 12:27:14 Image size of job updated: 5962032
	5569  -  MemoryUsage of job (MB)
	5702548  -  ResidentSetSize of job (KB)
...
005 (857752.000.000) 08/18 12:27:14 Job terminated.
	(1) Normal termination (return value 0)
		Usr 0 00:31:43, Sys 0 00:00:32  -  Run Remote Usage
		Usr 0 00:00:00, Sys 0 00:00:00  -  Run Local Usage
		Usr 0 00:31:43, Sys 0 00:00:32  -  Total Remote Usage
		Usr 0 00:00:00, Sys 0 00:00:00  -  Total Local Usage
	2103  -  Run Bytes Sent By Job
	405  -  Run Bytes Received By Job
	2103  -  Total Bytes Sent By Job
	405  -  Total Bytes Received By Job
	Partitionable Resources :    Usage  Request Allocated 
	   Cpus                 :     0.98        1         1 
	   Disk (KB)            :   803           1 479749220 
	   Memory (MB)          :  5569        7900      8033 
...
