000 (856339.000.000) 08/18 04:58:21 Job submitted from host: <172.20.3.187:9618?addrs=172.20.3.187-9618&noUDP&sock=2043_e813_3>
...
001 (856339.000.000) 08/18 08:13:06 Job executing on host: <172.20.225.1:9618?addrs=172.20.225.1-9618&noUDP&sock=3382_5963_3>
...
006 (856339.000.000) 08/18 08:13:14 Image size of job updated: 21120
	21  -  MemoryUsage of job (MB)
	21120  -  ResidentSetSize of job (KB)
...
006 (856339.000.000) 08/18 08:18:15 Image size of job updated: 3904492
	3813  -  MemoryUsage of job (MB)
	3904492  -  ResidentSetSize of job (KB)
...
006 (856339.000.000) 08/18 08:23:16 Image size of job updated: 4906144
	4792  -  MemoryUsage of job (MB)
	4906144  -  ResidentSetSize of job (KB)
...
006 (856339.000.000) 08/18 08:28:16 Image size of job updated: 5343788
	5219  -  MemoryUsage of job (MB)
	5343788  -  ResidentSetSize of job (KB)
...
006 (856339.000.000) 08/18 08:33:17 Image size of job updated: 5343960
	5219  -  MemoryUsage of job (MB)
	5343960  -  ResidentSetSize of job (KB)
...
006 (856339.000.000) 08/18 08:38:18 Image size of job updated: 5344608
	5220  -  MemoryUsage of job (MB)
	5344608  -  ResidentSetSize of job (KB)
...
005 (856339.000.000) 08/18 08:43:20 Job terminated.
	(1) Normal termination (return value 0)
		Usr 0 00:31:42, Sys 0 00:00:33  -  Run Remote Usage
		Usr 0 00:00:00, Sys 0 00:00:00  -  Run Local Usage
		Usr 0 00:31:42, Sys 0 00:00:33  -  Total Remote Usage
		Usr 0 00:00:00, Sys 0 00:00:00  -  Total Local Usage
	2107  -  Run Bytes Sent By Job
	406  -  Run Bytes Received By Job
	2107  -  Total Bytes Sent By Job
	406  -  Total Bytes Received By Job
	Partitionable Resources :    Usage  Request Allocated 
	   Cpus                 :     0.45        1         1 
	   Disk (KB)            :   803           1 479786105 
	   Memory (MB)          :  5220        7900      8033 
...
