000 (859997.000.000) 08/18 05:00:21 Job submitted from host: <172.20.3.187:9618?addrs=172.20.3.187-9618&noUDP&sock=2043_e813_3>
...
001 (859997.000.000) 08/18 16:32:29 Job executing on host: <172.20.225.5:9618?addrs=172.20.225.5-9618&noUDP&sock=3375_8c39_3>
...
006 (859997.000.000) 08/18 16:32:39 Image size of job updated: 21116
	21  -  MemoryUsage of job (MB)
	21116  -  ResidentSetSize of job (KB)
...
006 (859997.000.000) 08/18 16:37:39 Image size of job updated: 4053320
	3938  -  MemoryUsage of job (MB)
	4032016  -  ResidentSetSize of job (KB)
...
006 (859997.000.000) 08/18 16:42:39 Image size of job updated: 4876956
	4742  -  MemoryUsage of job (MB)
	4855596  -  ResidentSetSize of job (KB)
...
006 (859997.000.000) 08/18 16:47:40 Image size of job updated: 5612000
	5481  -  MemoryUsage of job (MB)
	5612000  -  ResidentSetSize of job (KB)
...
006 (859997.000.000) 08/18 16:52:40 Image size of job updated: 5612816
	5482  -  MemoryUsage of job (MB)
	5612816  -  ResidentSetSize of job (KB)
...
006 (859997.000.000) 08/18 16:56:09 Image size of job updated: 10035628
	5482  -  MemoryUsage of job (MB)
	5612816  -  ResidentSetSize of job (KB)
...
005 (859997.000.000) 08/18 16:56:10 Job terminated.
	(1) Normal termination (return value 0)
		Usr 0 00:32:59, Sys 0 00:00:31  -  Run Remote Usage
		Usr 0 00:00:00, Sys 0 00:00:00  -  Run Local Usage
		Usr 0 00:32:59, Sys 0 00:00:31  -  Total Remote Usage
		Usr 0 00:00:00, Sys 0 00:00:00  -  Total Local Usage
	2110  -  Run Bytes Sent By Job
	411  -  Run Bytes Received By Job
	2110  -  Total Bytes Sent By Job
	411  -  Total Bytes Received By Job
	Partitionable Resources :    Usage  Request Allocated 
	   Cpus                 :     0.81        1         1 
	   Disk (KB)            :   803           1 479749220 
	   Memory (MB)          :  5482        7900      8033 
...
