000 (860607.000.000) 08/18 05:00:42 Job submitted from host: <172.20.3.187:9618?addrs=172.20.3.187-9618&noUDP&sock=2043_e813_3>
...
001 (860607.000.000) 08/18 17:55:59 Job executing on host: <172.20.225.8:9618?addrs=172.20.225.8-9618&noUDP&sock=3440_21e1_3>
...
006 (860607.000.000) 08/18 17:56:08 Image size of job updated: 21116
	21  -  MemoryUsage of job (MB)
	21116  -  ResidentSetSize of job (KB)
...
006 (860607.000.000) 08/18 18:01:08 Image size of job updated: 4060736
	3937  -  MemoryUsage of job (MB)
	4031108  -  ResidentSetSize of job (KB)
...
006 (860607.000.000) 08/18 18:06:09 Image size of job updated: 4884280
	4741  -  MemoryUsage of job (MB)
	4854652  -  ResidentSetSize of job (KB)
...
006 (860607.000.000) 08/18 18:11:09 Image size of job updated: 5640660
	5480  -  MemoryUsage of job (MB)
	5611032  -  ResidentSetSize of job (KB)
...
006 (860607.000.000) 08/18 18:16:10 Image size of job updated: 5640704
	5480  -  MemoryUsage of job (MB)
	5611076  -  ResidentSetSize of job (KB)
...
006 (860607.000.000) 08/18 18:21:11 Image size of job updated: 5641164
	5481  -  MemoryUsage of job (MB)
	5611536  -  ResidentSetSize of job (KB)
...
006 (860607.000.000) 08/18 18:26:12 Image size of job updated: 5641164
	5481  -  MemoryUsage of job (MB)
	5611884  -  ResidentSetSize of job (KB)
...
006 (860607.000.000) 08/18 18:31:12 Image size of job updated: 6315620
	6168  -  MemoryUsage of job (MB)
	6315620  -  ResidentSetSize of job (KB)
...
006 (860607.000.000) 08/18 18:31:16 Image size of job updated: 7840664
	6168  -  MemoryUsage of job (MB)
	6315620  -  ResidentSetSize of job (KB)
...
005 (860607.000.000) 08/18 18:31:17 Job terminated.
	(1) Normal termination (return value 0)
		Usr 0 00:34:32, Sys 0 00:00:33  -  Run Remote Usage
		Usr 0 00:00:00, Sys 0 00:00:00  -  Run Local Usage
		Usr 0 00:34:32, Sys 0 00:00:33  -  Total Remote Usage
		Usr 0 00:00:00, Sys 0 00:00:00  -  Total Local Usage
	2113  -  Run Bytes Sent By Job
	412  -  Run Bytes Received By Job
	2113  -  Total Bytes Sent By Job
	412  -  Total Bytes Received By Job
	Partitionable Resources :    Usage  Request Allocated 
	   Cpus                 :     1.00        1         1 
	   Disk (KB)            :   803           1 479737977 
	   Memory (MB)          :  6168        7900      8033 
...
