000 (857995.000.000) 08/18 04:59:15 Job submitted from host: <172.20.3.187:9618?addrs=172.20.3.187-9618&noUDP&sock=2043_e813_3>
...
001 (857995.000.000) 08/18 12:19:09 Job executing on host: <172.20.225.2:9618?addrs=172.20.225.2-9618&noUDP&sock=3424_285d_3>
...
006 (857995.000.000) 08/18 12:19:17 Image size of job updated: 21116
	21  -  MemoryUsage of job (MB)
	21116  -  ResidentSetSize of job (KB)
...
006 (857995.000.000) 08/18 12:24:18 Image size of job updated: 3832604
	3733  -  MemoryUsage of job (MB)
	3822444  -  ResidentSetSize of job (KB)
...
006 (857995.000.000) 08/18 12:29:19 Image size of job updated: 5271660
	5139  -  MemoryUsage of job (MB)
	5261604  -  ResidentSetSize of job (KB)
...
006 (857995.000.000) 08/18 12:34:19 Image size of job updated: 5271796
	5139  -  MemoryUsage of job (MB)
	5261740  -  ResidentSetSize of job (KB)
...
006 (857995.000.000) 08/18 12:39:20 Image size of job updated: 5272368
	5139  -  MemoryUsage of job (MB)
	5262208  -  ResidentSetSize of job (KB)
...
006 (857995.000.000) 08/18 12:44:21 Image size of job updated: 5272368
	5140  -  MemoryUsage of job (MB)
	5262552  -  ResidentSetSize of job (KB)
...
006 (857995.000.000) 08/18 12:49:21 Image size of job updated: 6461600
	6310  -  MemoryUsage of job (MB)
	6461172  -  ResidentSetSize of job (KB)
...
005 (857995.000.000) 08/18 12:49:29 Job terminated.
	(1) Normal termination (return value 0)
		Usr 0 00:35:17, Sys 0 00:00:36  -  Run Remote Usage
		Usr 0 00:00:00, Sys 0 00:00:00  -  Run Local Usage
		Usr 0 00:35:17, Sys 0 00:00:36  -  Total Remote Usage
		Usr 0 00:00:00, Sys 0 00:00:00  -  Total Local Usage
	2104  -  Run Bytes Sent By Job
	405  -  Run Bytes Received By Job
	2104  -  Total Bytes Sent By Job
	405  -  Total Bytes Received By Job
	Partitionable Resources :    Usage  Request Allocated 
	   Cpus                 :     0.82        1         1 
	   Disk (KB)            :   803           1 479786084 
	   Memory (MB)          :  6310        7900      8033 
...
