000 (859575.000.000) 08/18 05:00:07 Job submitted from host: <172.20.3.187:9618?addrs=172.20.3.187-9618&noUDP&sock=2043_e813_3>
...
001 (859575.000.000) 08/18 15:34:49 Job executing on host: <172.20.225.5:9618?addrs=172.20.225.5-9618&noUDP&sock=3375_8c39_3>
...
006 (859575.000.000) 08/18 15:34:58 Image size of job updated: 21124
	21  -  MemoryUsage of job (MB)
	21124  -  ResidentSetSize of job (KB)
...
006 (859575.000.000) 08/18 15:39:59 Image size of job updated: 4172356
	4075  -  MemoryUsage of job (MB)
	4172356  -  ResidentSetSize of job (KB)
...
006 (859575.000.000) 08/18 15:44:59 Image size of job updated: 4561500
	4455  -  MemoryUsage of job (MB)
	4561500  -  ResidentSetSize of job (KB)
...
006 (859575.000.000) 08/18 15:50:00 Image size of job updated: 5305388
	5182  -  MemoryUsage of job (MB)
	5305388  -  ResidentSetSize of job (KB)
...
006 (859575.000.000) 08/18 15:55:00 Image size of job updated: 5305420
	5182  -  MemoryUsage of job (MB)
	5305420  -  ResidentSetSize of job (KB)
...
006 (859575.000.000) 08/18 16:00:01 Image size of job updated: 5306216
	5182  -  MemoryUsage of job (MB)
	5306216  -  ResidentSetSize of job (KB)
...
006 (859575.000.000) 08/18 16:05:02 Image size of job updated: 5486184
	5358  -  MemoryUsage of job (MB)
	5486184  -  ResidentSetSize of job (KB)
...
006 (859575.000.000) 08/18 16:07:37 Image size of job updated: 5486184
	5358  -  MemoryUsage of job (MB)
	5486212  -  ResidentSetSize of job (KB)
...
005 (859575.000.000) 08/18 16:07:37 Job terminated.
	(1) Normal termination (return value 0)
		Usr 0 00:31:30, Sys 0 00:00:34  -  Run Remote Usage
		Usr 0 00:00:00, Sys 0 00:00:00  -  Run Local Usage
		Usr 0 00:31:30, Sys 0 00:00:34  -  Total Remote Usage
		Usr 0 00:00:00, Sys 0 00:00:00  -  Total Local Usage
	2100  -  Run Bytes Sent By Job
	403  -  Run Bytes Received By Job
	2100  -  Total Bytes Sent By Job
	403  -  Total Bytes Received By Job
	Partitionable Resources :    Usage  Request Allocated 
	   Cpus                 :     0.98        1         1 
	   Disk (KB)            :   803           1 479749220 
	   Memory (MB)          :  5358        7900      8033 
...
