000 (859735.000.000) 08/18 05:00:13 Job submitted from host: <172.20.3.187:9618?addrs=172.20.3.187-9618&noUDP&sock=2043_e813_3>
...
001 (859735.000.000) 08/18 16:13:30 Job executing on host: <172.20.225.8:9618?addrs=172.20.225.8-9618&noUDP&sock=3440_21e1_3>
...
006 (859735.000.000) 08/18 16:13:38 Image size of job updated: 21112
	21  -  MemoryUsage of job (MB)
	21112  -  ResidentSetSize of job (KB)
...
006 (859735.000.000) 08/18 16:18:39 Image size of job updated: 4522044
	4417  -  MemoryUsage of job (MB)
	4521996  -  ResidentSetSize of job (KB)
...
006 (859735.000.000) 08/18 16:23:40 Image size of job updated: 5304912
	5181  -  MemoryUsage of job (MB)
	5304912  -  ResidentSetSize of job (KB)
...
006 (859735.000.000) 08/18 16:28:41 Image size of job updated: 5305032
	5181  -  MemoryUsage of job (MB)
	5305032  -  ResidentSetSize of job (KB)
...
006 (859735.000.000) 08/18 16:33:40 Image size of job updated: 5305196
	5181  -  MemoryUsage of job (MB)
	5305196  -  ResidentSetSize of job (KB)
...
006 (859735.000.000) 08/18 16:38:41 Image size of job updated: 5305848
	5182  -  MemoryUsage of job (MB)
	5305848  -  ResidentSetSize of job (KB)
...
006 (859735.000.000) 08/18 16:43:42 Image size of job updated: 5942048
	5803  -  MemoryUsage of job (MB)
	5942048  -  ResidentSetSize of job (KB)
...
005 (859735.000.000) 08/18 16:45:27 Job terminated.
	(1) Normal termination (return value 0)
		Usr 0 00:33:10, Sys 0 00:00:38  -  Run Remote Usage
		Usr 0 00:00:00, Sys 0 00:00:00  -  Run Local Usage
		Usr 0 00:33:10, Sys 0 00:00:38  -  Total Remote Usage
		Usr 0 00:00:00, Sys 0 00:00:00  -  Total Local Usage
	2106  -  Run Bytes Sent By Job
	405  -  Run Bytes Received By Job
	2106  -  Total Bytes Sent By Job
	405  -  Total Bytes Received By Job
	Partitionable Resources :    Usage  Request Allocated 
	   Cpus                 :     0.71        1         1 
	   Disk (KB)            :   803           1 479737977 
	   Memory (MB)          :  5803        7900      8033 
...
