000 (854870.000.000) 08/18 04:57:30 Job submitted from host: <172.20.3.187:9618?addrs=172.20.3.187-9618&noUDP&sock=2043_e813_3>
...
001 (854870.000.000) 08/18 05:31:08 Job executing on host: <172.20.225.6:9618?addrs=172.20.225.6-9618&noUDP&sock=3382_5963_3>
...
006 (854870.000.000) 08/18 05:31:17 Image size of job updated: 20796
	21  -  MemoryUsage of job (MB)
	20796  -  ResidentSetSize of job (KB)
...
006 (854870.000.000) 08/18 05:36:17 Image size of job updated: 3807940
	3719  -  MemoryUsage of job (MB)
	3807620  -  ResidentSetSize of job (KB)
...
006 (854870.000.000) 08/18 05:41:17 Image size of job updated: 4643964
	4535  -  MemoryUsage of job (MB)
	4643644  -  ResidentSetSize of job (KB)
...
006 (854870.000.000) 08/18 05:46:18 Image size of job updated: 5387852
	5262  -  MemoryUsage of job (MB)
	5387532  -  ResidentSetSize of job (KB)
...
006 (854870.000.000) 08/18 05:51:19 Image size of job updated: 5387852
	5262  -  MemoryUsage of job (MB)
	5387672  -  ResidentSetSize of job (KB)
...
006 (854870.000.000) 08/18 05:56:19 Image size of job updated: 5388364
	5263  -  MemoryUsage of job (MB)
	5388364  -  ResidentSetSize of job (KB)
...
006 (854870.000.000) 08/18 06:01:20 Image size of job updated: 6403304
	6253  -  MemoryUsage of job (MB)
	6402360  -  ResidentSetSize of job (KB)
...
006 (854870.000.000) 08/18 06:03:05 Image size of job updated: 13956952
	6253  -  MemoryUsage of job (MB)
	6402396  -  ResidentSetSize of job (KB)
...
005 (854870.000.000) 08/18 06:03:05 Job terminated.
	(1) Normal termination (return value 0)
		Usr 0 00:31:06, Sys 0 00:00:35  -  Run Remote Usage
		Usr 0 00:00:00, Sys 0 00:00:00  -  Run Local Usage
		Usr 0 00:31:06, Sys 0 00:00:35  -  Total Remote Usage
		Usr 0 00:00:00, Sys 0 00:00:00  -  Total Local Usage
	2104  -  Run Bytes Sent By Job
	403  -  Run Bytes Received By Job
	2104  -  Total Bytes Sent By Job
	403  -  Total Bytes Received By Job
	Partitionable Resources :    Usage  Request Allocated 
	   Cpus                 :     0.71        1         1 
	   Disk (KB)            :   803           1 479749220 
	   Memory (MB)          :  6253        7900      8033 
...
