000 (855967.000.000) 08/18 04:58:09 Job submitted from host: <172.20.3.187:9618?addrs=172.20.3.187-9618&noUDP&sock=2043_e813_3>
...
001 (855967.000.000) 08/18 07:31:02 Job executing on host: <172.20.225.8:9618?addrs=172.20.225.8-9618&noUDP&sock=3440_21e1_3>
...
006 (855967.000.000) 08/18 07:31:11 Image size of job updated: 21124
	21  -  MemoryUsage of job (MB)
	21124  -  ResidentSetSize of job (KB)
...
006 (855967.000.000) 08/18 07:36:13 Image size of job updated: 3784204
	3696  -  MemoryUsage of job (MB)
	3784204  -  ResidentSetSize of job (KB)
...
006 (855967.000.000) 08/18 07:41:14 Image size of job updated: 4620224
	4512  -  MemoryUsage of job (MB)
	4620224  -  ResidentSetSize of job (KB)
...
006 (855967.000.000) 08/18 07:46:14 Image size of job updated: 5364120
	5239  -  MemoryUsage of job (MB)
	5364120  -  ResidentSetSize of job (KB)
...
006 (855967.000.000) 08/18 07:51:15 Image size of job updated: 5364280
	5239  -  MemoryUsage of job (MB)
	5364280  -  ResidentSetSize of job (KB)
...
006 (855967.000.000) 08/18 07:56:16 Image size of job updated: 5364944
	5240  -  MemoryUsage of job (MB)
	5364944  -  ResidentSetSize of job (KB)
...
006 (855967.000.000) 08/18 08:01:15 Image size of job updated: 5981732
	5841  -  MemoryUsage of job (MB)
	5980212  -  ResidentSetSize of job (KB)
...
006 (855967.000.000) 08/18 08:02:22 Image size of job updated: 7578804
	5841  -  MemoryUsage of job (MB)
	5980212  -  ResidentSetSize of job (KB)
...
005 (855967.000.000) 08/18 08:02:22 Job terminated.
	(1) Normal termination (return value 0)
		Usr 0 00:32:50, Sys 0 00:00:35  -  Run Remote Usage
		Usr 0 00:00:00, Sys 0 00:00:00  -  Run Local Usage
		Usr 0 00:32:50, Sys 0 00:00:35  -  Total Remote Usage
		Usr 0 00:00:00, Sys 0 00:00:00  -  Total Local Usage
	2113  -  Run Bytes Sent By Job
	412  -  Run Bytes Received By Job
	2113  -  Total Bytes Sent By Job
	412  -  Total Bytes Received By Job
	Partitionable Resources :    Usage  Request Allocated 
	   Cpus                 :     0.56        1         1 
	   Disk (KB)            :   803           1 479737977 
	   Memory (MB)          :  5841        7900      8033 
...
