000 (855428.000.000) 08/18 04:57:52 Job submitted from host: <172.20.3.187:9618?addrs=172.20.3.187-9618&noUDP&sock=2043_e813_3>
...
001 (855428.000.000) 08/18 06:33:07 Job executing on host: <172.20.225.1:9618?addrs=172.20.225.1-9618&noUDP&sock=3382_5963_3>
...
006 (855428.000.000) 08/18 06:33:15 Image size of job updated: 21112
	21  -  MemoryUsage of job (MB)
	21112  -  ResidentSetSize of job (KB)
...
006 (855428.000.000) 08/18 06:38:16 Image size of job updated: 4093404
	3998  -  MemoryUsage of job (MB)
	4093404  -  ResidentSetSize of job (KB)
...
006 (855428.000.000) 08/18 06:43:17 Image size of job updated: 5226332
	5104  -  MemoryUsage of job (MB)
	5226332  -  ResidentSetSize of job (KB)
...
006 (855428.000.000) 08/18 06:48:17 Image size of job updated: 5226456
	5104  -  MemoryUsage of job (MB)
	5226456  -  ResidentSetSize of job (KB)
...
006 (855428.000.000) 08/18 06:53:18 Image size of job updated: 5226932
	5105  -  MemoryUsage of job (MB)
	5226932  -  ResidentSetSize of job (KB)
...
006 (855428.000.000) 08/18 06:58:18 Image size of job updated: 5227260
	5105  -  MemoryUsage of job (MB)
	5227260  -  ResidentSetSize of job (KB)
...
006 (855428.000.000) 08/18 07:00:51 Image size of job updated: 5979656
	5105  -  MemoryUsage of job (MB)
	5227260  -  ResidentSetSize of job (KB)
...
005 (855428.000.000) 08/18 07:00:51 Job terminated.
	(1) Normal termination (return value 0)
		Usr 0 00:31:28, Sys 0 00:00:33  -  Run Remote Usage
		Usr 0 00:00:00, Sys 0 00:00:00  -  Run Local Usage
		Usr 0 00:31:28, Sys 0 00:00:33  -  Total Remote Usage
		Usr 0 00:00:00, Sys 0 00:00:00  -  Total Local Usage
	2101  -  Run Bytes Sent By Job
	404  -  Run Bytes Received By Job
	2101  -  Total Bytes Sent By Job
	404  -  Total Bytes Received By Job
	Partitionable Resources :    Usage  Request Allocated 
	   Cpus                 :     0.96        1         1 
	   Disk (KB)            :   803           1 479786105 
	   Memory (MB)          :  5105        7900      8033 
...
