000 (857557.000.000) 08/18 04:59:01 Job submitted from host: <172.20.3.187:9618?addrs=172.20.3.187-9618&noUDP&sock=2043_e813_3>
...
001 (857557.000.000) 08/18 11:41:03 Job executing on host: <172.20.225.6:9618?addrs=172.20.225.6-9618&noUDP&sock=3382_5963_3>
...
006 (857557.000.000) 08/18 11:41:12 Image size of job updated: 21120
	21  -  MemoryUsage of job (MB)
	21120  -  ResidentSetSize of job (KB)
...
006 (857557.000.000) 08/18 11:46:13 Image size of job updated: 3830756
	3741  -  MemoryUsage of job (MB)
	3830756  -  ResidentSetSize of job (KB)
...
006 (857557.000.000) 08/18 11:51:14 Image size of job updated: 5269908
	5147  -  MemoryUsage of job (MB)
	5269908  -  ResidentSetSize of job (KB)
...
006 (857557.000.000) 08/18 11:56:15 Image size of job updated: 5270048
	5147  -  MemoryUsage of job (MB)
	5270048  -  ResidentSetSize of job (KB)
...
006 (857557.000.000) 08/18 12:01:15 Image size of job updated: 5270200
	5147  -  MemoryUsage of job (MB)
	5270200  -  ResidentSetSize of job (KB)
...
006 (857557.000.000) 08/18 12:06:16 Image size of job updated: 5270864
	5148  -  MemoryUsage of job (MB)
	5270864  -  ResidentSetSize of job (KB)
...
006 (857557.000.000) 08/18 12:11:17 Image size of job updated: 6195124
	6050  -  MemoryUsage of job (MB)
	6194816  -  ResidentSetSize of job (KB)
...
005 (857557.000.000) 08/18 12:12:19 Job terminated.
	(1) Normal termination (return value 0)
		Usr 0 00:30:06, Sys 0 00:00:35  -  Run Remote Usage
		Usr 0 00:00:00, Sys 0 00:00:00  -  Run Local Usage
		Usr 0 00:30:06, Sys 0 00:00:35  -  Total Remote Usage
		Usr 0 00:00:00, Sys 0 00:00:00  -  Total Local Usage
	2101  -  Run Bytes Sent By Job
	402  -  Run Bytes Received By Job
	2101  -  Total Bytes Sent By Job
	402  -  Total Bytes Received By Job
	Partitionable Resources :    Usage  Request Allocated 
	   Cpus                 :     0.76        1         1 
	   Disk (KB)            :   803           1 479749220 
	   Memory (MB)          :  6050        7900      8033 
...
