000 (858005.000.000) 08/18 04:59:15 Job submitted from host: <172.20.3.187:9618?addrs=172.20.3.187-9618&noUDP&sock=2043_e813_3>
...
001 (858005.000.000) 08/18 12:19:06 Job executing on host: <172.20.225.1:9618?addrs=172.20.225.1-9618&noUDP&sock=3382_5963_3>
...
006 (858005.000.000) 08/18 12:19:14 Image size of job updated: 21116
	21  -  MemoryUsage of job (MB)
	21116  -  ResidentSetSize of job (KB)
...
006 (858005.000.000) 08/18 12:24:15 Image size of job updated: 3697112
	3596  -  MemoryUsage of job (MB)
	3681596  -  ResidentSetSize of job (KB)
...
006 (858005.000.000) 08/18 12:29:16 Image size of job updated: 4532632
	4412  -  MemoryUsage of job (MB)
	4517624  -  ResidentSetSize of job (KB)
...
006 (858005.000.000) 08/18 12:34:15 Image size of job updated: 5261588
	5139  -  MemoryUsage of job (MB)
	5261508  -  ResidentSetSize of job (KB)
...
006 (858005.000.000) 08/18 12:39:15 Image size of job updated: 5261644
	5139  -  MemoryUsage of job (MB)
	5261644  -  ResidentSetSize of job (KB)
...
006 (858005.000.000) 08/18 12:44:16 Image size of job updated: 5262340
	5140  -  MemoryUsage of job (MB)
	5262340  -  ResidentSetSize of job (KB)
...
006 (858005.000.000) 08/18 12:49:16 Image size of job updated: 5978480
	5839  -  MemoryUsage of job (MB)
	5978480  -  ResidentSetSize of job (KB)
...
006 (858005.000.000) 08/18 12:52:05 Image size of job updated: 14891960
	5839  -  MemoryUsage of job (MB)
	5978480  -  ResidentSetSize of job (KB)
...
005 (858005.000.000) 08/18 12:52:05 Job terminated.
	(1) Normal termination (return value 0)
		Usr 0 00:34:01, Sys 0 00:00:35  -  Run Remote Usage
		Usr 0 00:00:00, Sys 0 00:00:00  -  Run Local Usage
		Usr 0 00:34:01, Sys 0 00:00:35  -  Total Remote Usage
		Usr 0 00:00:00, Sys 0 00:00:00  -  Total Local Usage
	2104  -  Run Bytes Sent By Job
	405  -  Run Bytes Received By Job
	2104  -  Total Bytes Sent By Job
	405  -  Total Bytes Received By Job
	Partitionable Resources :    Usage  Request Allocated 
	   Cpus                 :     0.75        1         1 
	   Disk (KB)            :   803           1 479786105 
	   Memory (MB)          :  5839        7900      8033 
...
