000 (858800.000.000) 08/18 04:59:41 Job submitted from host: <172.20.3.187:9618?addrs=172.20.3.187-9618&noUDP&sock=2043_e813_3>
...
001 (858800.000.000) 08/18 14:01:42 Job executing on host: <172.20.225.1:9618?addrs=172.20.225.1-9618&noUDP&sock=3382_5963_3>
...
006 (858800.000.000) 08/18 14:01:52 Image size of job updated: 21124
	21  -  MemoryUsage of job (MB)
	21124  -  ResidentSetSize of job (KB)
...
006 (858800.000.000) 08/18 14:06:52 Image size of job updated: 3974300
	3882  -  MemoryUsage of job (MB)
	3974300  -  ResidentSetSize of job (KB)
...
006 (858800.000.000) 08/18 14:11:52 Image size of job updated: 4797852
	4686  -  MemoryUsage of job (MB)
	4797852  -  ResidentSetSize of job (KB)
...
006 (858800.000.000) 08/18 14:16:53 Image size of job updated: 5554232
	5425  -  MemoryUsage of job (MB)
	5554232  -  ResidentSetSize of job (KB)
...
006 (858800.000.000) 08/18 14:21:53 Image size of job updated: 5554268
	5425  -  MemoryUsage of job (MB)
	5554268  -  ResidentSetSize of job (KB)
...
006 (858800.000.000) 08/18 14:26:53 Image size of job updated: 5554748
	5425  -  MemoryUsage of job (MB)
	5554748  -  ResidentSetSize of job (KB)
...
006 (858800.000.000) 08/18 14:31:54 Image size of job updated: 5555076
	5425  -  MemoryUsage of job (MB)
	5555076  -  ResidentSetSize of job (KB)
...
006 (858800.000.000) 08/18 14:36:54 Image size of job updated: 6284488
	6138  -  MemoryUsage of job (MB)
	6284488  -  ResidentSetSize of job (KB)
...
005 (858800.000.000) 08/18 14:37:31 Job terminated.
	(1) Normal termination (return value 0)
		Usr 0 00:33:42, Sys 0 00:00:31  -  Run Remote Usage
		Usr 0 00:00:00, Sys 0 00:00:00  -  Run Local Usage
		Usr 0 00:33:42, Sys 0 00:00:31  -  Total Remote Usage
		Usr 0 00:00:00, Sys 0 00:00:00  -  Total Local Usage
	2113  -  Run Bytes Sent By Job
	412  -  Run Bytes Received By Job
	2113  -  Total Bytes Sent By Job
	412  -  Total Bytes Received By Job
	Partitionable Resources :    Usage  Request Allocated 
	   Cpus                 :     0.66        1         1 
	   Disk (KB)            :   803           1 479786105 
	   Memory (MB)          :  6138        7900      8033 
...
