000 (859183.000.000) 08/18 04:59:54 Job submitted from host: <172.20.3.187:9618?addrs=172.20.3.187-9618&noUDP&sock=2043_e813_3>
...
001 (859183.000.000) 08/18 14:53:35 Job executing on host: <172.20.225.8:9618?addrs=172.20.225.8-9618&noUDP&sock=3440_21e1_3>
...
006 (859183.000.000) 08/18 14:53:43 Image size of job updated: 21116
	21  -  MemoryUsage of job (MB)
	21116  -  ResidentSetSize of job (KB)
...
006 (859183.000.000) 08/18 14:58:43 Image size of job updated: 3738588
	3651  -  MemoryUsage of job (MB)
	3738588  -  ResidentSetSize of job (KB)
...
006 (859183.000.000) 08/18 15:03:44 Image size of job updated: 4574612
	4468  -  MemoryUsage of job (MB)
	4574612  -  ResidentSetSize of job (KB)
...
006 (859183.000.000) 08/18 15:08:45 Image size of job updated: 5318496
	5194  -  MemoryUsage of job (MB)
	5318496  -  ResidentSetSize of job (KB)
...
006 (859183.000.000) 08/18 15:13:46 Image size of job updated: 5318644
	5194  -  MemoryUsage of job (MB)
	5318644  -  ResidentSetSize of job (KB)
...
006 (859183.000.000) 08/18 15:18:47 Image size of job updated: 5319328
	5195  -  MemoryUsage of job (MB)
	5319328  -  ResidentSetSize of job (KB)
...
006 (859183.000.000) 08/18 15:23:47 Image size of job updated: 7085876
	6920  -  MemoryUsage of job (MB)
	7085872  -  ResidentSetSize of job (KB)
...
006 (859183.000.000) 08/18 15:24:11 Image size of job updated: 7087548
	6920  -  MemoryUsage of job (MB)
	7085872  -  ResidentSetSize of job (KB)
...
005 (859183.000.000) 08/18 15:24:11 Job terminated.
	(1) Normal termination (return value 0)
		Usr 0 00:33:20, Sys 0 00:00:37  -  Run Remote Usage
		Usr 0 00:00:00, Sys 0 00:00:00  -  Run Local Usage
		Usr 0 00:33:20, Sys 0 00:00:37  -  Total Remote Usage
		Usr 0 00:00:00, Sys 0 00:00:00  -  Total Local Usage
	2099  -  Run Bytes Sent By Job
	400  -  Run Bytes Received By Job
	2099  -  Total Bytes Sent By Job
	400  -  Total Bytes Received By Job
	Partitionable Resources :    Usage  Request Allocated 
	   Cpus                 :     0.55        1         1 
	   Disk (KB)            :   803           1 479737977 
	   Memory (MB)          :  6920        7900      8033 
...
