000 (858098.000.000) 08/18 04:59:18 Job submitted from host: <172.20.3.187:9618?addrs=172.20.3.187-9618&noUDP&sock=2043_e813_3>
...
001 (858098.000.000) 08/18 12:47:05 Job executing on host: <172.20.225.4:9618?addrs=172.20.225.4-9618&noUDP&sock=3366_5fdf_3>
...
006 (858098.000.000) 08/18 12:47:13 Image size of job updated: 21116
	21  -  MemoryUsage of job (MB)
	21116  -  ResidentSetSize of job (KB)
...
006 (858098.000.000) 08/18 12:52:14 Image size of job updated: 3852692
	3763  -  MemoryUsage of job (MB)
	3852692  -  ResidentSetSize of job (KB)
...
006 (858098.000.000) 08/18 12:57:14 Image size of job updated: 4548092
	4442  -  MemoryUsage of job (MB)
	4548092  -  ResidentSetSize of job (KB)
...
006 (858098.000.000) 08/18 13:02:15 Image size of job updated: 5291980
	5168  -  MemoryUsage of job (MB)
	5291980  -  ResidentSetSize of job (KB)
...
006 (858098.000.000) 08/18 13:07:15 Image size of job updated: 5292112
	5169  -  MemoryUsage of job (MB)
	5292112  -  ResidentSetSize of job (KB)
...
006 (858098.000.000) 08/18 13:12:16 Image size of job updated: 5292808
	5169  -  MemoryUsage of job (MB)
	5292808  -  ResidentSetSize of job (KB)
...
006 (858098.000.000) 08/18 13:17:17 Image size of job updated: 6051328
	5910  -  MemoryUsage of job (MB)
	6051016  -  ResidentSetSize of job (KB)
...
005 (858098.000.000) 08/18 13:19:37 Job terminated.
	(1) Normal termination (return value 0)
		Usr 0 00:33:31, Sys 0 00:00:33  -  Run Remote Usage
		Usr 0 00:00:00, Sys 0 00:00:00  -  Run Local Usage
		Usr 0 00:33:31, Sys 0 00:00:33  -  Total Remote Usage
		Usr 0 00:00:00, Sys 0 00:00:00  -  Total Local Usage
	2103  -  Run Bytes Sent By Job
	404  -  Run Bytes Received By Job
	2103  -  Total Bytes Sent By Job
	404  -  Total Bytes Received By Job
	Partitionable Resources :    Usage  Request Allocated 
	   Cpus                 :     0.69        1         1 
	   Disk (KB)            :   803           1 479779449 
	   Memory (MB)          :  5910        7900      8033 
...
