000 (856967.000.000) 08/18 04:58:42 Job submitted from host: <172.20.3.187:9618?addrs=172.20.3.187-9618&noUDP&sock=2043_e813_3>
...
001 (856967.000.000) 08/18 09:22:29 Job executing on host: <172.20.225.2:9618?addrs=172.20.225.2-9618&noUDP&sock=3424_285d_3>
...
006 (856967.000.000) 08/18 09:22:37 Image size of job updated: 21120
	21  -  MemoryUsage of job (MB)
	21120  -  ResidentSetSize of job (KB)
...
006 (856967.000.000) 08/18 09:27:37 Image size of job updated: 4099548
	4004  -  MemoryUsage of job (MB)
	4099496  -  ResidentSetSize of job (KB)
...
006 (856967.000.000) 08/18 09:32:38 Image size of job updated: 4794892
	4683  -  MemoryUsage of job (MB)
	4794892  -  ResidentSetSize of job (KB)
...
006 (856967.000.000) 08/18 09:37:39 Image size of job updated: 5232532
	5110  -  MemoryUsage of job (MB)
	5232532  -  ResidentSetSize of job (KB)
...
006 (856967.000.000) 08/18 09:42:39 Image size of job updated: 5232664
	5111  -  MemoryUsage of job (MB)
	5232664  -  ResidentSetSize of job (KB)
...
006 (856967.000.000) 08/18 09:47:40 Image size of job updated: 5233348
	5111  -  MemoryUsage of job (MB)
	5233348  -  ResidentSetSize of job (KB)
...
006 (856967.000.000) 08/18 09:52:41 Image size of job updated: 5996844
	5857  -  MemoryUsage of job (MB)
	5996844  -  ResidentSetSize of job (KB)
...
005 (856967.000.000) 08/18 09:53:23 Job terminated.
	(1) Normal termination (return value 0)
		Usr 0 00:32:04, Sys 0 00:00:33  -  Run Remote Usage
		Usr 0 00:00:00, Sys 0 00:00:00  -  Run Local Usage
		Usr 0 00:32:04, Sys 0 00:00:33  -  Total Remote Usage
		Usr 0 00:00:00, Sys 0 00:00:00  -  Total Local Usage
	2102  -  Run Bytes Sent By Job
	406  -  Run Bytes Received By Job
	2102  -  Total Bytes Sent By Job
	406  -  Total Bytes Received By Job
	Partitionable Resources :    Usage  Request Allocated 
	   Cpus                 :     0.70        1         1 
	   Disk (KB)            :   803           1 479786084 
	   Memory (MB)          :  5857        7900      8033 
...
