000 (858690.000.000) 08/18 04:59:38 Job submitted from host: <172.20.3.187:9618?addrs=172.20.3.187-9618&noUDP&sock=2043_e813_3>
...
001 (858690.000.000) 08/18 13:54:40 Job executing on host: <172.20.225.4:9618?addrs=172.20.225.4-9618&noUDP&sock=3366_5fdf_3>
...
006 (858690.000.000) 08/18 13:54:48 Image size of job updated: 21120
	21  -  MemoryUsage of job (MB)
	21120  -  ResidentSetSize of job (KB)
...
006 (858690.000.000) 08/18 13:59:48 Image size of job updated: 3974188
	3882  -  MemoryUsage of job (MB)
	3974188  -  ResidentSetSize of job (KB)
...
006 (858690.000.000) 08/18 14:04:49 Image size of job updated: 4797732
	4686  -  MemoryUsage of job (MB)
	4797732  -  ResidentSetSize of job (KB)
...
006 (858690.000.000) 08/18 14:09:50 Image size of job updated: 5554116
	5424  -  MemoryUsage of job (MB)
	5554116  -  ResidentSetSize of job (KB)
...
006 (858690.000.000) 08/18 14:14:50 Image size of job updated: 5554152
	5424  -  MemoryUsage of job (MB)
	5554152  -  ResidentSetSize of job (KB)
...
006 (858690.000.000) 08/18 14:19:50 Image size of job updated: 5554628
	5425  -  MemoryUsage of job (MB)
	5554628  -  ResidentSetSize of job (KB)
...
006 (858690.000.000) 08/18 14:24:51 Image size of job updated: 5764380
	5629  -  MemoryUsage of job (MB)
	5764060  -  ResidentSetSize of job (KB)
...
006 (858690.000.000) 08/18 14:28:02 Image size of job updated: 5764380
	5630  -  MemoryUsage of job (MB)
	5764104  -  ResidentSetSize of job (KB)
...
005 (858690.000.000) 08/18 14:28:02 Job terminated.
	(1) Normal termination (return value 0)
		Usr 0 00:33:55, Sys 0 00:00:35  -  Run Remote Usage
		Usr 0 00:00:00, Sys 0 00:00:00  -  Run Local Usage
		Usr 0 00:33:55, Sys 0 00:00:35  -  Total Remote Usage
		Usr 0 00:00:00, Sys 0 00:00:00  -  Total Local Usage
	2113  -  Run Bytes Sent By Job
	412  -  Run Bytes Received By Job
	2113  -  Total Bytes Sent By Job
	412  -  Total Bytes Received By Job
	Partitionable Resources :    Usage  Request Allocated 
	   Cpus                 :     0.61        1         1 
	   Disk (KB)            :   803           1 479779449 
	   Memory (MB)          :  5630        7900      8033 
...
