000 (854532.000.000) 08/18 04:57:19 Job submitted from host: <172.20.3.187:9618?addrs=172.20.3.187-9618&noUDP&sock=2043_e813_3>
...
001 (854532.000.000) 08/18 04:57:42 Job executing on host: <172.20.225.4:9618?addrs=172.20.225.4-9618&noUDP&sock=3366_5fdf_3>
...
006 (854532.000.000) 08/18 04:57:51 Image size of job updated: 20804
	21  -  MemoryUsage of job (MB)
	20804  -  ResidentSetSize of job (KB)
...
006 (854532.000.000) 08/18 05:02:53 Image size of job updated: 3948328
	3856  -  MemoryUsage of job (MB)
	3947876  -  ResidentSetSize of job (KB)
...
006 (854532.000.000) 08/18 05:07:54 Image size of job updated: 4643720
	4535  -  MemoryUsage of job (MB)
	4643268  -  ResidentSetSize of job (KB)
...
006 (854532.000.000) 08/18 05:12:54 Image size of job updated: 5387608
	5261  -  MemoryUsage of job (MB)
	5387156  -  ResidentSetSize of job (KB)
...
006 (854532.000.000) 08/18 05:17:55 Image size of job updated: 5387740
	5262  -  MemoryUsage of job (MB)
	5387288  -  ResidentSetSize of job (KB)
...
006 (854532.000.000) 08/18 05:22:56 Image size of job updated: 5387988
	5262  -  MemoryUsage of job (MB)
	5387988  -  ResidentSetSize of job (KB)
...
006 (854532.000.000) 08/18 05:27:56 Image size of job updated: 5579904
	5449  -  MemoryUsage of job (MB)
	5579720  -  ResidentSetSize of job (KB)
...
006 (854532.000.000) 08/18 05:29:57 Image size of job updated: 7813192
	5449  -  MemoryUsage of job (MB)
	5579736  -  ResidentSetSize of job (KB)
...
005 (854532.000.000) 08/18 05:29:57 Job terminated.
	(1) Normal termination (return value 0)
		Usr 0 00:31:09, Sys 0 00:00:35  -  Run Remote Usage
		Usr 0 00:00:00, Sys 0 00:00:00  -  Run Local Usage
		Usr 0 00:31:09, Sys 0 00:00:35  -  Total Remote Usage
		Usr 0 00:00:00, Sys 0 00:00:00  -  Total Local Usage
	2101  -  Run Bytes Sent By Job
	402  -  Run Bytes Received By Job
	2101  -  Total Bytes Sent By Job
	402  -  Total Bytes Received By Job
	Partitionable Resources :    Usage  Request Allocated 
	   Cpus                 :     0.96        1         1 
	   Disk (KB)            :   803           1 479779449 
	   Memory (MB)          :  5449        7900      8033 
...
