000 (856517.000.000) 08/18 04:58:27 Job submitted from host: <172.20.3.187:9618?addrs=172.20.3.187-9618&noUDP&sock=2043_e813_3>
...
001 (856517.000.000) 08/18 08:32:55 Job executing on host: <172.20.225.4:9618?addrs=172.20.225.4-9618&noUDP&sock=3366_5fdf_3>
...
006 (856517.000.000) 08/18 08:33:03 Image size of job updated: 21112
	21  -  MemoryUsage of job (MB)
	21112  -  ResidentSetSize of job (KB)
...
006 (856517.000.000) 08/18 08:38:03 Image size of job updated: 3763964
	3676  -  MemoryUsage of job (MB)
	3763964  -  ResidentSetSize of job (KB)
...
006 (856517.000.000) 08/18 08:43:04 Image size of job updated: 4599992
	4493  -  MemoryUsage of job (MB)
	4599992  -  ResidentSetSize of job (KB)
...
006 (856517.000.000) 08/18 08:48:03 Image size of job updated: 5343884
	5219  -  MemoryUsage of job (MB)
	5343884  -  ResidentSetSize of job (KB)
...
006 (856517.000.000) 08/18 08:53:03 Image size of job updated: 5344016
	5219  -  MemoryUsage of job (MB)
	5344016  -  ResidentSetSize of job (KB)
...
006 (856517.000.000) 08/18 08:58:03 Image size of job updated: 5344700
	5220  -  MemoryUsage of job (MB)
	5344700  -  ResidentSetSize of job (KB)
...
006 (856517.000.000) 08/18 09:03:04 Image size of job updated: 5629156
	5498  -  MemoryUsage of job (MB)
	5629156  -  ResidentSetSize of job (KB)
...
006 (856517.000.000) 08/18 09:05:06 Image size of job updated: 5629156
	5499  -  MemoryUsage of job (MB)
	5630576  -  ResidentSetSize of job (KB)
...
005 (856517.000.000) 08/18 09:05:07 Job terminated.
	(1) Normal termination (return value 0)
		Usr 0 00:32:56, Sys 0 00:00:32  -  Run Remote Usage
		Usr 0 00:00:00, Sys 0 00:00:00  -  Run Local Usage
		Usr 0 00:32:56, Sys 0 00:00:32  -  Total Remote Usage
		Usr 0 00:00:00, Sys 0 00:00:00  -  Total Local Usage
	2107  -  Run Bytes Sent By Job
	406  -  Run Bytes Received By Job
	2107  -  Total Bytes Sent By Job
	406  -  Total Bytes Received By Job
	Partitionable Resources :    Usage  Request Allocated 
	   Cpus                 :     0.50        1         1 
	   Disk (KB)            :   803           1 479779449 
	   Memory (MB)          :  5499        7900      8033 
...
