000 (857598.000.000) 08/18 04:59:02 Job submitted from host: <172.20.3.187:9618?addrs=172.20.3.187-9618&noUDP&sock=2043_e813_3>
...
001 (857598.000.000) 08/18 11:41:40 Job executing on host: <172.20.225.1:9618?addrs=172.20.225.1-9618&noUDP&sock=3382_5963_3>
...
006 (857598.000.000) 08/18 11:41:50 Image size of job updated: 21132
	21  -  MemoryUsage of job (MB)
	21132  -  ResidentSetSize of job (KB)
...
006 (857598.000.000) 08/18 11:46:50 Image size of job updated: 4136892
	4040  -  MemoryUsage of job (MB)
	4136892  -  ResidentSetSize of job (KB)
...
006 (857598.000.000) 08/18 11:51:51 Image size of job updated: 4832284
	4720  -  MemoryUsage of job (MB)
	4832284  -  ResidentSetSize of job (KB)
...
006 (857598.000.000) 08/18 11:56:52 Image size of job updated: 5269924
	5147  -  MemoryUsage of job (MB)
	5269924  -  ResidentSetSize of job (KB)
...
006 (857598.000.000) 08/18 12:01:53 Image size of job updated: 5270072
	5147  -  MemoryUsage of job (MB)
	5270072  -  ResidentSetSize of job (KB)
...
006 (857598.000.000) 08/18 12:06:53 Image size of job updated: 5270748
	5148  -  MemoryUsage of job (MB)
	5270748  -  ResidentSetSize of job (KB)
...
006 (857598.000.000) 08/18 12:11:54 Image size of job updated: 5990808
	5842  -  MemoryUsage of job (MB)
	5981576  -  ResidentSetSize of job (KB)
...
006 (857598.000.000) 08/18 12:15:48 Image size of job updated: 5990808
	5842  -  MemoryUsage of job (MB)
	5981580  -  ResidentSetSize of job (KB)
...
005 (857598.000.000) 08/18 12:15:48 Job terminated.
	(1) Normal termination (return value 0)
		Usr 0 00:33:20, Sys 0 00:00:33  -  Run Remote Usage
		Usr 0 00:00:00, Sys 0 00:00:00  -  Run Local Usage
		Usr 0 00:33:20, Sys 0 00:00:33  -  Total Remote Usage
		Usr 0 00:00:00, Sys 0 00:00:00  -  Total Local Usage
	2101  -  Run Bytes Sent By Job
	402  -  Run Bytes Received By Job
	2101  -  Total Bytes Sent By Job
	402  -  Total Bytes Received By Job
	Partitionable Resources :    Usage  Request Allocated 
	   Cpus                 :     0.86        1         1 
	   Disk (KB)            :   803           1 479786105 
	   Memory (MB)          :  5842        7900      8033 
...
