000 (860388.000.000) 08/18 05:00:35 Job submitted from host: <172.20.3.187:9618?addrs=172.20.3.187-9618&noUDP&sock=2043_e813_3>
...
001 (860388.000.000) 08/18 17:25:31 Job executing on host: <172.20.225.4:9618?addrs=172.20.225.4-9618&noUDP&sock=3366_5fdf_3>
...
006 (860388.000.000) 08/18 17:25:40 Image size of job updated: 21116
	21  -  MemoryUsage of job (MB)
	21116  -  ResidentSetSize of job (KB)
...
006 (860388.000.000) 08/18 17:30:40 Image size of job updated: 4208844
	4075  -  MemoryUsage of job (MB)
	4172088  -  ResidentSetSize of job (KB)
...
006 (860388.000.000) 08/18 17:35:41 Image size of job updated: 5648072
	5480  -  MemoryUsage of job (MB)
	5611316  -  ResidentSetSize of job (KB)
...
006 (860388.000.000) 08/18 17:40:42 Image size of job updated: 5648220
	5480  -  MemoryUsage of job (MB)
	5611464  -  ResidentSetSize of job (KB)
...
006 (860388.000.000) 08/18 17:45:42 Image size of job updated: 5648220
	5481  -  MemoryUsage of job (MB)
	5611940  -  ResidentSetSize of job (KB)
...
006 (860388.000.000) 08/18 17:50:42 Image size of job updated: 5796288
	5661  -  MemoryUsage of job (MB)
	5796288  -  ResidentSetSize of job (KB)
...
006 (860388.000.000) 08/18 17:53:47 Image size of job updated: 10032276
	5661  -  MemoryUsage of job (MB)
	5796316  -  ResidentSetSize of job (KB)
...
005 (860388.000.000) 08/18 17:53:47 Job terminated.
	(1) Normal termination (return value 0)
		Usr 0 00:35:31, Sys 0 00:00:33  -  Run Remote Usage
		Usr 0 00:00:00, Sys 0 00:00:00  -  Run Local Usage
		Usr 0 00:35:31, Sys 0 00:00:33  -  Total Remote Usage
		Usr 0 00:00:00, Sys 0 00:00:00  -  Total Local Usage
	2113  -  Run Bytes Sent By Job
	412  -  Run Bytes Received By Job
	2113  -  Total Bytes Sent By Job
	412  -  Total Bytes Received By Job
	Partitionable Resources :    Usage  Request Allocated 
	   Cpus                 :     1.00        1         1 
	   Disk (KB)            :   803           1 479779449 
	   Memory (MB)          :  5661        7900      8033 
...
