000 (859211.000.000) 08/18 04:59:55 Job submitted from host: <172.20.3.187:9618?addrs=172.20.3.187-9618&noUDP&sock=2043_e813_3>
...
001 (859211.000.000) 08/18 14:55:37 Job executing on host: <172.20.225.5:9618?addrs=172.20.225.5-9618&noUDP&sock=3375_8c39_3>
...
006 (859211.000.000) 08/18 14:55:45 Image size of job updated: 21112
	21  -  MemoryUsage of job (MB)
	21112  -  ResidentSetSize of job (KB)
...
006 (859211.000.000) 08/18 15:00:45 Image size of job updated: 4185632
	4088  -  MemoryUsage of job (MB)
	4185632  -  ResidentSetSize of job (KB)
...
006 (859211.000.000) 08/18 15:05:46 Image size of job updated: 5187276
	5066  -  MemoryUsage of job (MB)
	5187276  -  ResidentSetSize of job (KB)
...
006 (859211.000.000) 08/18 15:10:47 Image size of job updated: 5318664
	5195  -  MemoryUsage of job (MB)
	5318664  -  ResidentSetSize of job (KB)
...
006 (859211.000.000) 08/18 15:15:47 Image size of job updated: 5318816
	5195  -  MemoryUsage of job (MB)
	5318816  -  ResidentSetSize of job (KB)
...
006 (859211.000.000) 08/18 15:20:47 Image size of job updated: 5319488
	5195  -  MemoryUsage of job (MB)
	5319488  -  ResidentSetSize of job (KB)
...
006 (859211.000.000) 08/18 15:25:48 Image size of job updated: 6871580
	6711  -  MemoryUsage of job (MB)
	6871580  -  ResidentSetSize of job (KB)
...
006 (859211.000.000) 08/18 15:27:25 Image size of job updated: 7085920
	6711  -  MemoryUsage of job (MB)
	6871580  -  ResidentSetSize of job (KB)
...
005 (859211.000.000) 08/18 15:27:25 Job terminated.
	(1) Normal termination (return value 0)
		Usr 0 00:32:08, Sys 0 00:00:30  -  Run Remote Usage
		Usr 0 00:00:00, Sys 0 00:00:00  -  Run Local Usage
		Usr 0 00:32:08, Sys 0 00:00:30  -  Total Remote Usage
		Usr 0 00:00:00, Sys 0 00:00:00  -  Total Local Usage
	2102  -  Run Bytes Sent By Job
	401  -  Run Bytes Received By Job
	2102  -  Total Bytes Sent By Job
	401  -  Total Bytes Received By Job
	Partitionable Resources :    Usage  Request Allocated 
	   Cpus                 :     0.64        1         1 
	   Disk (KB)            :   803           1 479749220 
	   Memory (MB)          :  6711        7900      8033 
...
