000 (859767.000.000) 08/18 05:00:14 Job submitted from host: <172.20.3.187:9618?addrs=172.20.3.187-9618&noUDP&sock=2043_e813_3>
...
001 (859767.000.000) 08/18 16:13:30 Job executing on host: <172.20.225.2:9618?addrs=172.20.225.2-9618&noUDP&sock=3424_285d_3>
...
006 (859767.000.000) 08/18 16:13:38 Image size of job updated: 21120
	21  -  MemoryUsage of job (MB)
	21120  -  ResidentSetSize of job (KB)
...
006 (859767.000.000) 08/18 16:18:39 Image size of job updated: 4155684
	4059  -  MemoryUsage of job (MB)
	4155684  -  ResidentSetSize of job (KB)
...
006 (859767.000.000) 08/18 16:23:40 Image size of job updated: 4544832
	4439  -  MemoryUsage of job (MB)
	4544832  -  ResidentSetSize of job (KB)
...
006 (859767.000.000) 08/18 16:28:40 Image size of job updated: 5288704
	5165  -  MemoryUsage of job (MB)
	5288704  -  ResidentSetSize of job (KB)
...
006 (859767.000.000) 08/18 16:33:40 Image size of job updated: 5288740
	5165  -  MemoryUsage of job (MB)
	5288740  -  ResidentSetSize of job (KB)
...
006 (859767.000.000) 08/18 16:38:40 Image size of job updated: 5289536
	5166  -  MemoryUsage of job (MB)
	5289536  -  ResidentSetSize of job (KB)
...
006 (859767.000.000) 08/18 16:43:41 Image size of job updated: 5505548
	5377  -  MemoryUsage of job (MB)
	5505080  -  ResidentSetSize of job (KB)
...
006 (859767.000.000) 08/18 16:48:18 Image size of job updated: 5505548
	5377  -  MemoryUsage of job (MB)
	5505092  -  ResidentSetSize of job (KB)
...
005 (859767.000.000) 08/18 16:48:18 Job terminated.
	(1) Normal termination (return value 0)
		Usr 0 00:33:27, Sys 0 00:00:32  -  Run Remote Usage
		Usr 0 00:00:00, Sys 0 00:00:00  -  Run Local Usage
		Usr 0 00:33:27, Sys 0 00:00:32  -  Total Remote Usage
		Usr 0 00:00:00, Sys 0 00:00:00  -  Total Local Usage
	2103  -  Run Bytes Sent By Job
	406  -  Run Bytes Received By Job
	2103  -  Total Bytes Sent By Job
	406  -  Total Bytes Received By Job
	Partitionable Resources :    Usage  Request Allocated 
	   Cpus                 :     0.83        1         1 
	   Disk (KB)            :   803           1 479786084 
	   Memory (MB)          :  5377        7900      8033 
...
