000 (855289.000.000) 08/18 04:57:47 Job submitted from host: <172.20.3.187:9618?addrs=172.20.3.187-9618&noUDP&sock=2043_e813_3>
...
001 (855289.000.000) 08/18 06:07:05 Job executing on host: <172.20.225.2:9618?addrs=172.20.225.2-9618&noUDP&sock=3424_285d_3>
...
006 (855289.000.000) 08/18 06:07:13 Image size of job updated: 21116
	21  -  MemoryUsage of job (MB)
	21116  -  ResidentSetSize of job (KB)
...
006 (855289.000.000) 08/18 06:12:13 Image size of job updated: 3679500
	3593  -  MemoryUsage of job (MB)
	3678624  -  ResidentSetSize of job (KB)
...
006 (855289.000.000) 08/18 06:17:14 Image size of job updated: 4502152
	4397  -  MemoryUsage of job (MB)
	4502152  -  ResidentSetSize of job (KB)
...
006 (855289.000.000) 08/18 06:22:14 Image size of job updated: 5258536
	5136  -  MemoryUsage of job (MB)
	5258536  -  ResidentSetSize of job (KB)
...
006 (855289.000.000) 08/18 06:27:15 Image size of job updated: 5258568
	5136  -  MemoryUsage of job (MB)
	5258568  -  ResidentSetSize of job (KB)
...
006 (855289.000.000) 08/18 06:32:15 Image size of job updated: 5259048
	5136  -  MemoryUsage of job (MB)
	5259048  -  ResidentSetSize of job (KB)
...
006 (855289.000.000) 08/18 06:37:16 Image size of job updated: 5259380
	5137  -  MemoryUsage of job (MB)
	5259380  -  ResidentSetSize of job (KB)
...
006 (855289.000.000) 08/18 06:40:40 Image size of job updated: 9200824
	5137  -  MemoryUsage of job (MB)
	5259380  -  ResidentSetSize of job (KB)
...
005 (855289.000.000) 08/18 06:40:41 Job terminated.
	(1) Normal termination (return value 0)
		Usr 0 00:32:28, Sys 0 00:00:28  -  Run Remote Usage
		Usr 0 00:00:00, Sys 0 00:00:00  -  Run Local Usage
		Usr 0 00:32:28, Sys 0 00:00:28  -  Total Remote Usage
		Usr 0 00:00:00, Sys 0 00:00:00  -  Total Local Usage
	2102  -  Run Bytes Sent By Job
	401  -  Run Bytes Received By Job
	2102  -  Total Bytes Sent By Job
	401  -  Total Bytes Received By Job
	Partitionable Resources :    Usage  Request Allocated 
	   Cpus                 :        0        1         1 
	   Disk (KB)            :      803        1 479786084 
	   Memory (MB)          :     5137     7900      8033 
...
