000 (855005.000.000) 08/18 04:57:34 Job submitted from host: <172.20.3.187:9618?addrs=172.20.3.187-9618&noUDP&sock=2043_e813_3>
...
001 (855005.000.000) 08/18 05:32:03 Job executing on host: <172.20.225.1:9618?addrs=172.20.225.1-9618&noUDP&sock=3382_5963_3>
...
006 (855005.000.000) 08/18 05:32:12 Image size of job updated: 21132
	21  -  MemoryUsage of job (MB)
	21132  -  ResidentSetSize of job (KB)
...
006 (855005.000.000) 08/18 05:37:13 Image size of job updated: 3807612
	3719  -  MemoryUsage of job (MB)
	3807420  -  ResidentSetSize of job (KB)
...
006 (855005.000.000) 08/18 05:42:13 Image size of job updated: 4631156
	4523  -  MemoryUsage of job (MB)
	4630964  -  ResidentSetSize of job (KB)
...
006 (855005.000.000) 08/18 05:47:13 Image size of job updated: 5387532
	5262  -  MemoryUsage of job (MB)
	5387340  -  ResidentSetSize of job (KB)
...
006 (855005.000.000) 08/18 05:52:14 Image size of job updated: 5387532
	5262  -  MemoryUsage of job (MB)
	5387380  -  ResidentSetSize of job (KB)
...
006 (855005.000.000) 08/18 05:57:15 Image size of job updated: 5387848
	5262  -  MemoryUsage of job (MB)
	5387848  -  ResidentSetSize of job (KB)
...
006 (855005.000.000) 08/18 06:02:15 Image size of job updated: 5388188
	5262  -  MemoryUsage of job (MB)
	5388188  -  ResidentSetSize of job (KB)
...
006 (855005.000.000) 08/18 06:06:17 Image size of job updated: 6421332
	5262  -  MemoryUsage of job (MB)
	5388188  -  ResidentSetSize of job (KB)
...
005 (855005.000.000) 08/18 06:06:17 Job terminated.
	(1) Normal termination (return value 0)
		Usr 0 00:32:59, Sys 0 00:00:29  -  Run Remote Usage
		Usr 0 00:00:00, Sys 0 00:00:00  -  Run Local Usage
		Usr 0 00:32:59, Sys 0 00:00:29  -  Total Remote Usage
		Usr 0 00:00:00, Sys 0 00:00:00  -  Total Local Usage
	2104  -  Run Bytes Sent By Job
	403  -  Run Bytes Received By Job
	2104  -  Total Bytes Sent By Job
	403  -  Total Bytes Received By Job
	Partitionable Resources :    Usage  Request Allocated 
	   Cpus                 :     0.82        1         1 
	   Disk (KB)            :   803           1 479786105 
	   Memory (MB)          :  5262        7900      8033 
...
