000 (857541.000.000) 08/18 04:59:01 Job submitted from host: <172.20.3.187:9618?addrs=172.20.3.187-9618&noUDP&sock=2043_e813_3>
...
001 (857541.000.000) 08/18 11:41:07 Job executing on host: <172.20.225.4:9618?addrs=172.20.225.4-9618&noUDP&sock=3366_5fdf_3>
...
006 (857541.000.000) 08/18 11:41:17 Image size of job updated: 21120
	21  -  MemoryUsage of job (MB)
	21120  -  ResidentSetSize of job (KB)
...
006 (857541.000.000) 08/18 11:46:17 Image size of job updated: 3639052
	3554  -  MemoryUsage of job (MB)
	3639052  -  ResidentSetSize of job (KB)
...
006 (857541.000.000) 08/18 11:51:18 Image size of job updated: 4475072
	4371  -  MemoryUsage of job (MB)
	4475072  -  ResidentSetSize of job (KB)
...
006 (857541.000.000) 08/18 11:56:18 Image size of job updated: 5218956
	5097  -  MemoryUsage of job (MB)
	5218956  -  ResidentSetSize of job (KB)
...
006 (857541.000.000) 08/18 12:01:19 Image size of job updated: 5219096
	5097  -  MemoryUsage of job (MB)
	5219096  -  ResidentSetSize of job (KB)
...
006 (857541.000.000) 08/18 12:06:19 Image size of job updated: 5219784
	5098  -  MemoryUsage of job (MB)
	5219784  -  ResidentSetSize of job (KB)
...
006 (857541.000.000) 08/18 12:11:20 Image size of job updated: 5855348
	5719  -  MemoryUsage of job (MB)
	5855296  -  ResidentSetSize of job (KB)
...
005 (857541.000.000) 08/18 12:12:25 Job terminated.
	(1) Normal termination (return value 0)
		Usr 0 00:31:48, Sys 0 00:00:31  -  Run Remote Usage
		Usr 0 00:00:00, Sys 0 00:00:00  -  Run Local Usage
		Usr 0 00:31:48, Sys 0 00:00:31  -  Total Remote Usage
		Usr 0 00:00:00, Sys 0 00:00:00  -  Total Local Usage
	2105  -  Run Bytes Sent By Job
	407  -  Run Bytes Received By Job
	2105  -  Total Bytes Sent By Job
	407  -  Total Bytes Received By Job
	Partitionable Resources :    Usage  Request Allocated 
	   Cpus                 :     0.67        1         1 
	   Disk (KB)            :   803           1 479779449 
	   Memory (MB)          :  5719        7900      8033 
...
