000 (860630.000.000) 08/18 05:00:43 Job submitted from host: <172.20.3.187:9618?addrs=172.20.3.187-9618&noUDP&sock=2043_e813_3>
...
001 (860630.000.000) 08/18 17:55:41 Job executing on host: <172.20.225.2:9618?addrs=172.20.225.2-9618&noUDP&sock=3424_285d_3>
...
006 (860630.000.000) 08/18 17:55:49 Image size of job updated: 21116
	21  -  MemoryUsage of job (MB)
	21116  -  ResidentSetSize of job (KB)
...
006 (860630.000.000) 08/18 18:00:50 Image size of job updated: 4478484
	4374  -  MemoryUsage of job (MB)
	4478484  -  ResidentSetSize of job (KB)
...
006 (860630.000.000) 08/18 18:05:50 Image size of job updated: 5611520
	5480  -  MemoryUsage of job (MB)
	5611520  -  ResidentSetSize of job (KB)
...
006 (860630.000.000) 08/18 18:10:51 Image size of job updated: 5612340
	5481  -  MemoryUsage of job (MB)
	5612340  -  ResidentSetSize of job (KB)
...
006 (860630.000.000) 08/18 18:15:52 Image size of job updated: 6315440
	6168  -  MemoryUsage of job (MB)
	6315440  -  ResidentSetSize of job (KB)
...
006 (860630.000.000) 08/18 18:16:01 Image size of job updated: 10240280
	6168  -  MemoryUsage of job (MB)
	6315440  -  ResidentSetSize of job (KB)
...
005 (860630.000.000) 08/18 18:16:01 Job terminated.
	(1) Normal termination (return value 0)
		Usr 0 00:35:04, Sys 0 00:00:35  -  Run Remote Usage
		Usr 0 00:00:00, Sys 0 00:00:00  -  Run Local Usage
		Usr 0 00:35:04, Sys 0 00:00:35  -  Total Remote Usage
		Usr 0 00:00:00, Sys 0 00:00:00  -  Total Local Usage
	2113  -  Run Bytes Sent By Job
	412  -  Run Bytes Received By Job
	2113  -  Total Bytes Sent By Job
	412  -  Total Bytes Received By Job
	Partitionable Resources :    Usage  Request Allocated 
	   Cpus                 :     0.97        1         1 
	   Disk (KB)            :   803           1 479786084 
	   Memory (MB)          :  6168        7900      8033 
...
