000 (859029.000.000) 08/18 04:59:49 Job submitted from host: <172.20.3.187:9618?addrs=172.20.3.187-9618&noUDP&sock=2043_e813_3>
...
001 (859029.000.000) 08/18 14:32:25 Job executing on host: <172.20.225.2:9618?addrs=172.20.225.2-9618&noUDP&sock=3424_285d_3>
...
006 (859029.000.000) 08/18 14:32:34 Image size of job updated: 21124
	21  -  MemoryUsage of job (MB)
	21124  -  ResidentSetSize of job (KB)
...
006 (859029.000.000) 08/18 14:37:35 Image size of job updated: 4097216
	4002  -  MemoryUsage of job (MB)
	4097216  -  ResidentSetSize of job (KB)
...
006 (859029.000.000) 08/18 14:42:36 Image size of job updated: 4792612
	4681  -  MemoryUsage of job (MB)
	4792612  -  ResidentSetSize of job (KB)
...
006 (859029.000.000) 08/18 14:47:36 Image size of job updated: 5230252
	5108  -  MemoryUsage of job (MB)
	5230252  -  ResidentSetSize of job (KB)
...
006 (859029.000.000) 08/18 14:52:37 Image size of job updated: 5230412
	5108  -  MemoryUsage of job (MB)
	5230412  -  ResidentSetSize of job (KB)
...
006 (859029.000.000) 08/18 14:57:38 Image size of job updated: 5231072
	5109  -  MemoryUsage of job (MB)
	5231072  -  ResidentSetSize of job (KB)
...
006 (859029.000.000) 08/18 15:02:39 Image size of job updated: 5879096
	5742  -  MemoryUsage of job (MB)
	5879000  -  ResidentSetSize of job (KB)
...
006 (859029.000.000) 08/18 15:04:29 Image size of job updated: 8579440
	5742  -  MemoryUsage of job (MB)
	5879120  -  ResidentSetSize of job (KB)
...
005 (859029.000.000) 08/18 15:04:29 Job terminated.
	(1) Normal termination (return value 0)
		Usr 0 00:31:32, Sys 0 00:00:34  -  Run Remote Usage
		Usr 0 00:00:00, Sys 0 00:00:00  -  Run Local Usage
		Usr 0 00:31:32, Sys 0 00:00:34  -  Total Remote Usage
		Usr 0 00:00:00, Sys 0 00:00:00  -  Total Local Usage
	2115  -  Run Bytes Sent By Job
	417  -  Run Bytes Received By Job
	2115  -  Total Bytes Sent By Job
	417  -  Total Bytes Received By Job
	Partitionable Resources :    Usage  Request Allocated 
	   Cpus                 :     0.67        1         1 
	   Disk (KB)            :   804           1 479786084 
	   Memory (MB)          :  5742        7900      8033 
...
