000 (857647.000.000) 08/18 04:59:04 Job submitted from host: <172.20.3.187:9618?addrs=172.20.3.187-9618&noUDP&sock=2043_e813_3>
...
001 (857647.000.000) 08/18 11:43:04 Job executing on host: <172.20.225.8:9618?addrs=172.20.225.8-9618&noUDP&sock=3440_21e1_3>
...
006 (857647.000.000) 08/18 11:43:12 Image size of job updated: 21108
	21  -  MemoryUsage of job (MB)
	21108  -  ResidentSetSize of job (KB)
...
006 (857647.000.000) 08/18 11:48:13 Image size of job updated: 4137248
	4041  -  MemoryUsage of job (MB)
	4137248  -  ResidentSetSize of job (KB)
...
006 (857647.000.000) 08/18 11:53:14 Image size of job updated: 5137580
	5018  -  MemoryUsage of job (MB)
	5137580  -  ResidentSetSize of job (KB)
...
006 (857647.000.000) 08/18 11:58:14 Image size of job updated: 5270284
	5147  -  MemoryUsage of job (MB)
	5270284  -  ResidentSetSize of job (KB)
...
006 (857647.000.000) 08/18 12:03:14 Image size of job updated: 5270420
	5147  -  MemoryUsage of job (MB)
	5270420  -  ResidentSetSize of job (KB)
...
006 (857647.000.000) 08/18 12:08:14 Image size of job updated: 5271108
	5148  -  MemoryUsage of job (MB)
	5271108  -  ResidentSetSize of job (KB)
...
006 (857647.000.000) 08/18 12:13:15 Image size of job updated: 5479904
	5352  -  MemoryUsage of job (MB)
	5479904  -  ResidentSetSize of job (KB)
...
006 (857647.000.000) 08/18 12:17:22 Image size of job updated: 10942408
	5352  -  MemoryUsage of job (MB)
	5479944  -  ResidentSetSize of job (KB)
...
005 (857647.000.000) 08/18 12:17:22 Job terminated.
	(1) Normal termination (return value 0)
		Usr 0 00:33:22, Sys 0 00:00:36  -  Run Remote Usage
		Usr 0 00:00:00, Sys 0 00:00:00  -  Run Local Usage
		Usr 0 00:33:22, Sys 0 00:00:36  -  Total Remote Usage
		Usr 0 00:00:00, Sys 0 00:00:00  -  Total Local Usage
	2104  -  Run Bytes Sent By Job
	403  -  Run Bytes Received By Job
	2104  -  Total Bytes Sent By Job
	403  -  Total Bytes Received By Job
	Partitionable Resources :    Usage  Request Allocated 
	   Cpus                 :     0.97        1         1 
	   Disk (KB)            :   803           1 479737977 
	   Memory (MB)          :  5352        7900      8033 
...
