000 (855772.000.000) 08/18 04:58:03 Job submitted from host: <172.20.3.187:9618?addrs=172.20.3.187-9618&noUDP&sock=2043_e813_3>
...
001 (855772.000.000) 08/18 07:10:04 Job executing on host: <172.20.225.4:9618?addrs=172.20.225.4-9618&noUDP&sock=3366_5fdf_3>
...
006 (855772.000.000) 08/18 07:10:13 Image size of job updated: 21108
	21  -  MemoryUsage of job (MB)
	21108  -  ResidentSetSize of job (KB)
...
006 (855772.000.000) 08/18 07:15:14 Image size of job updated: 3936160
	3833  -  MemoryUsage of job (MB)
	3924584  -  ResidentSetSize of job (KB)
...
006 (855772.000.000) 08/18 07:20:15 Image size of job updated: 4937804
	4811  -  MemoryUsage of job (MB)
	4926228  -  ResidentSetSize of job (KB)
...
006 (855772.000.000) 08/18 07:25:15 Image size of job updated: 5375800
	5239  -  MemoryUsage of job (MB)
	5363872  -  ResidentSetSize of job (KB)
...
006 (855772.000.000) 08/18 07:30:16 Image size of job updated: 5375800
	5239  -  MemoryUsage of job (MB)
	5364344  -  ResidentSetSize of job (KB)
...
006 (855772.000.000) 08/18 07:35:16 Image size of job updated: 5375800
	5239  -  MemoryUsage of job (MB)
	5364688  -  ResidentSetSize of job (KB)
...
006 (855772.000.000) 08/18 07:38:50 Image size of job updated: 5841384
	5239  -  MemoryUsage of job (MB)
	5364688  -  ResidentSetSize of job (KB)
...
005 (855772.000.000) 08/18 07:38:50 Job terminated.
	(1) Normal termination (return value 0)
		Usr 0 00:32:30, Sys 0 00:00:33  -  Run Remote Usage
		Usr 0 00:00:00, Sys 0 00:00:00  -  Run Local Usage
		Usr 0 00:32:30, Sys 0 00:00:33  -  Total Remote Usage
		Usr 0 00:00:00, Sys 0 00:00:00  -  Total Local Usage
	2107  -  Run Bytes Sent By Job
	410  -  Run Bytes Received By Job
	2107  -  Total Bytes Sent By Job
	410  -  Total Bytes Received By Job
	Partitionable Resources :    Usage  Request Allocated 
	   Cpus                 :     0.62        1         1 
	   Disk (KB)            :   803           1 479779449 
	   Memory (MB)          :  5239        7900      8033 
...
