000 (858804.000.000) 08/18 04:59:42 Job submitted from host: <172.20.3.187:9618?addrs=172.20.3.187-9618&noUDP&sock=2043_e813_3>
...
001 (858804.000.000) 08/18 14:01:38 Job executing on host: <172.20.225.5:9618?addrs=172.20.225.5-9618&noUDP&sock=3375_8c39_3>
...
006 (858804.000.000) 08/18 14:01:48 Image size of job updated: 21112
	21  -  MemoryUsage of job (MB)
	21112  -  ResidentSetSize of job (KB)
...
006 (858804.000.000) 08/18 14:06:49 Image size of job updated: 3997096
	3881  -  MemoryUsage of job (MB)
	3973844  -  ResidentSetSize of job (KB)
...
006 (858804.000.000) 08/18 14:11:50 Image size of job updated: 4797388
	4685  -  MemoryUsage of job (MB)
	4797388  -  ResidentSetSize of job (KB)
...
006 (858804.000.000) 08/18 14:16:50 Image size of job updated: 5553768
	5424  -  MemoryUsage of job (MB)
	5553768  -  ResidentSetSize of job (KB)
...
006 (858804.000.000) 08/18 14:21:51 Image size of job updated: 5553904
	5424  -  MemoryUsage of job (MB)
	5553904  -  ResidentSetSize of job (KB)
...
006 (858804.000.000) 08/18 14:26:52 Image size of job updated: 5554604
	5425  -  MemoryUsage of job (MB)
	5554604  -  ResidentSetSize of job (KB)
...
006 (858804.000.000) 08/18 14:31:53 Image size of job updated: 6083508
	5920  -  MemoryUsage of job (MB)
	6061860  -  ResidentSetSize of job (KB)
...
005 (858804.000.000) 08/18 14:34:26 Job terminated.
	(1) Normal termination (return value 0)
		Usr 0 00:33:33, Sys 0 00:00:33  -  Run Remote Usage
		Usr 0 00:00:00, Sys 0 00:00:00  -  Run Local Usage
		Usr 0 00:33:33, Sys 0 00:00:33  -  Total Remote Usage
		Usr 0 00:00:00, Sys 0 00:00:00  -  Total Local Usage
	2113  -  Run Bytes Sent By Job
	412  -  Run Bytes Received By Job
	2113  -  Total Bytes Sent By Job
	412  -  Total Bytes Received By Job
	Partitionable Resources :    Usage  Request Allocated 
	   Cpus                 :     0.51        1         1 
	   Disk (KB)            :   803           1 479749220 
	   Memory (MB)          :  5920        7900      8033 
...
