000 (858519.000.000) 08/18 04:59:32 Job submitted from host: <172.20.3.187:9618?addrs=172.20.3.187-9618&noUDP&sock=2043_e813_3>
...
001 (858519.000.000) 08/18 13:27:51 Job executing on host: <172.20.225.6:9618?addrs=172.20.225.6-9618&noUDP&sock=3382_5963_3>
...
006 (858519.000.000) 08/18 13:27:59 Image size of job updated: 21120
	21  -  MemoryUsage of job (MB)
	21120  -  ResidentSetSize of job (KB)
...
006 (858519.000.000) 08/18 13:32:59 Image size of job updated: 4180408
	4019  -  MemoryUsage of job (MB)
	4114584  -  ResidentSetSize of job (KB)
...
006 (858519.000.000) 08/18 13:38:00 Image size of job updated: 4809984
	4698  -  MemoryUsage of job (MB)
	4809984  -  ResidentSetSize of job (KB)
...
006 (858519.000.000) 08/18 13:43:00 Image size of job updated: 5553864
	5424  -  MemoryUsage of job (MB)
	5553864  -  ResidentSetSize of job (KB)
...
006 (858519.000.000) 08/18 13:48:00 Image size of job updated: 5554004
	5424  -  MemoryUsage of job (MB)
	5554004  -  ResidentSetSize of job (KB)
...
006 (858519.000.000) 08/18 13:53:00 Image size of job updated: 5554700
	5425  -  MemoryUsage of job (MB)
	5554700  -  ResidentSetSize of job (KB)
...
006 (858519.000.000) 08/18 13:58:01 Image size of job updated: 6093032
	5951  -  MemoryUsage of job (MB)
	6093032  -  ResidentSetSize of job (KB)
...
005 (858519.000.000) 08/18 14:01:51 Job terminated.
	(1) Normal termination (return value 0)
		Usr 0 00:33:06, Sys 0 00:00:37  -  Run Remote Usage
		Usr 0 00:00:00, Sys 0 00:00:00  -  Run Local Usage
		Usr 0 00:33:06, Sys 0 00:00:37  -  Total Remote Usage
		Usr 0 00:00:00, Sys 0 00:00:00  -  Total Local Usage
	2113  -  Run Bytes Sent By Job
	412  -  Run Bytes Received By Job
	2113  -  Total Bytes Sent By Job
	412  -  Total Bytes Received By Job
	Partitionable Resources :    Usage  Request Allocated 
	   Cpus                 :     0.55        1         1 
	   Disk (KB)            :   803           1 479749220 
	   Memory (MB)          :  5951        7900      8033 
...
