000 (857255.000.000) 08/18 04:58:51 Job submitted from host: <172.20.3.187:9618?addrs=172.20.3.187-9618&noUDP&sock=2043_e813_3>
...
001 (857255.000.000) 08/18 10:32:25 Job executing on host: <172.20.225.2:9618?addrs=172.20.225.2-9618&noUDP&sock=3424_285d_3>
...
006 (857255.000.000) 08/18 10:32:34 Image size of job updated: 21112
	21  -  MemoryUsage of job (MB)
	21112  -  ResidentSetSize of job (KB)
...
006 (857255.000.000) 08/18 10:37:36 Image size of job updated: 5345472
	5220  -  MemoryUsage of job (MB)
	5344856  -  ResidentSetSize of job (KB)
...
006 (857255.000.000) 08/18 10:42:38 Image size of job updated: 5956596
	5816  -  MemoryUsage of job (MB)
	5955320  -  ResidentSetSize of job (KB)
...
006 (857255.000.000) 08/18 10:43:19 Image size of job updated: 9741888
	5816  -  MemoryUsage of job (MB)
	5955320  -  ResidentSetSize of job (KB)
...
005 (857255.000.000) 08/18 10:43:19 Job terminated.
	(1) Normal termination (return value 0)
		Usr 0 00:34:01, Sys 0 00:00:36  -  Run Remote Usage
		Usr 0 00:00:00, Sys 0 00:00:00  -  Run Local Usage
		Usr 0 00:34:01, Sys 0 00:00:36  -  Total Remote Usage
		Usr 0 00:00:00, Sys 0 00:00:00  -  Total Local Usage
	2113  -  Run Bytes Sent By Job
	414  -  Run Bytes Received By Job
	2113  -  Total Bytes Sent By Job
	414  -  Total Bytes Received By Job
	Partitionable Resources :    Usage  Request Allocated 
	   Cpus                 :     1.00        1         1 
	   Disk (KB)            :   803           1 479786084 
	   Memory (MB)          :  5816        7900      8033 
...
