000 (854908.000.000) 08/18 04:57:31 Job submitted from host: <172.20.3.187:9618?addrs=172.20.3.187-9618&noUDP&sock=2043_e813_3>
...
001 (854908.000.000) 08/18 05:32:07 Job executing on host: <172.20.225.4:9618?addrs=172.20.225.4-9618&noUDP&sock=3366_5fdf_3>
...
006 (854908.000.000) 08/18 05:32:15 Image size of job updated: 21120
	21  -  MemoryUsage of job (MB)
	21120  -  ResidentSetSize of job (KB)
...
006 (854908.000.000) 08/18 05:37:16 Image size of job updated: 3816588
	3719  -  MemoryUsage of job (MB)
	3807920  -  ResidentSetSize of job (KB)
...
006 (854908.000.000) 08/18 05:42:16 Image size of job updated: 4640108
	4523  -  MemoryUsage of job (MB)
	4631440  -  ResidentSetSize of job (KB)
...
006 (854908.000.000) 08/18 05:47:18 Image size of job updated: 5387848
	5262  -  MemoryUsage of job (MB)
	5387836  -  ResidentSetSize of job (KB)
...
006 (854908.000.000) 08/18 05:52:17 Image size of job updated: 5388020
	5262  -  MemoryUsage of job (MB)
	5387976  -  ResidentSetSize of job (KB)
...
006 (854908.000.000) 08/18 05:57:18 Image size of job updated: 5388676
	5263  -  MemoryUsage of job (MB)
	5388676  -  ResidentSetSize of job (KB)
...
006 (854908.000.000) 08/18 06:02:19 Image size of job updated: 5589100
	5458  -  MemoryUsage of job (MB)
	5588376  -  ResidentSetSize of job (KB)
...
006 (854908.000.000) 08/18 06:05:23 Image size of job updated: 5589100
	5458  -  MemoryUsage of job (MB)
	5588400  -  ResidentSetSize of job (KB)
...
005 (854908.000.000) 08/18 06:05:23 Job terminated.
	(1) Normal termination (return value 0)
		Usr 0 00:31:48, Sys 0 00:00:30  -  Run Remote Usage
		Usr 0 00:00:00, Sys 0 00:00:00  -  Run Local Usage
		Usr 0 00:31:48, Sys 0 00:00:30  -  Total Remote Usage
		Usr 0 00:00:00, Sys 0 00:00:00  -  Total Local Usage
	2104  -  Run Bytes Sent By Job
	403  -  Run Bytes Received By Job
	2104  -  Total Bytes Sent By Job
	403  -  Total Bytes Received By Job
	Partitionable Resources :    Usage  Request Allocated 
	   Cpus                 :     0.77        1         1 
	   Disk (KB)            :   803           1 479779449 
	   Memory (MB)          :  5458        7900      8033 
...
