000 (857356.000.000) 08/18 04:58:55 Job submitted from host: <172.20.3.187:9618?addrs=172.20.3.187-9618&noUDP&sock=2043_e813_3>
...
001 (857356.000.000) 08/18 11:02:08 Job executing on host: <172.20.225.2:9618?addrs=172.20.225.2-9618&noUDP&sock=3424_285d_3>
...
006 (857356.000.000) 08/18 11:02:16 Image size of job updated: 21108
	21  -  MemoryUsage of job (MB)
	21108  -  ResidentSetSize of job (KB)
...
006 (857356.000.000) 08/18 11:07:16 Image size of job updated: 5344860
	5220  -  MemoryUsage of job (MB)
	5344860  -  ResidentSetSize of job (KB)
...
006 (857356.000.000) 08/18 11:12:19 Image size of job updated: 5345356
	5221  -  MemoryUsage of job (MB)
	5345356  -  ResidentSetSize of job (KB)
...
006 (857356.000.000) 08/18 11:15:36 Image size of job updated: 6031172
	5221  -  MemoryUsage of job (MB)
	5345356  -  ResidentSetSize of job (KB)
...
005 (857356.000.000) 08/18 11:15:46 Job terminated.
	(1) Normal termination (return value 0)
		Usr 0 00:32:37, Sys 0 00:00:37  -  Run Remote Usage
		Usr 0 00:00:00, Sys 0 00:00:00  -  Run Local Usage
		Usr 0 00:32:37, Sys 0 00:00:37  -  Total Remote Usage
		Usr 0 00:00:00, Sys 0 00:00:00  -  Total Local Usage
	2116  -  Run Bytes Sent By Job
	415  -  Run Bytes Received By Job
	2116  -  Total Bytes Sent By Job
	415  -  Total Bytes Received By Job
	Partitionable Resources :    Usage  Request Allocated 
	   Cpus                 :        0        1         1 
	   Disk (KB)            :      803        1 479786084 
	   Memory (MB)          :     5221     7900      8033 
...
