000 (857074.000.000) 08/18 04:58:45 Job submitted from host: <172.20.3.187:9618?addrs=172.20.3.187-9618&noUDP&sock=2043_e813_3>
...
001 (857074.000.000) 08/18 09:30:15 Job executing on host: <172.20.225.1:9618?addrs=172.20.225.1-9618&noUDP&sock=3382_5963_3>
...
006 (857074.000.000) 08/18 09:30:24 Image size of job updated: 21120
	21  -  MemoryUsage of job (MB)
	21120  -  ResidentSetSize of job (KB)
...
006 (857074.000.000) 08/18 09:35:26 Image size of job updated: 3716060
	3629  -  MemoryUsage of job (MB)
	3716060  -  ResidentSetSize of job (KB)
...
006 (857074.000.000) 08/18 09:40:26 Image size of job updated: 4552084
	4446  -  MemoryUsage of job (MB)
	4552084  -  ResidentSetSize of job (KB)
...
006 (857074.000.000) 08/18 09:45:26 Image size of job updated: 5295972
	5172  -  MemoryUsage of job (MB)
	5295972  -  ResidentSetSize of job (KB)
...
006 (857074.000.000) 08/18 09:50:27 Image size of job updated: 5296120
	5172  -  MemoryUsage of job (MB)
	5296120  -  ResidentSetSize of job (KB)
...
006 (857074.000.000) 08/18 09:55:28 Image size of job updated: 5475944
	5348  -  MemoryUsage of job (MB)
	5475944  -  ResidentSetSize of job (KB)
...
006 (857074.000.000) 08/18 09:57:22 Image size of job updated: 10167040
	5348  -  MemoryUsage of job (MB)
	5475988  -  ResidentSetSize of job (KB)
...
005 (857074.000.000) 08/18 09:57:42 Job terminated.
	(1) Normal termination (return value 0)
		Usr 0 00:33:07, Sys 0 00:00:37  -  Run Remote Usage
		Usr 0 00:00:00, Sys 0 00:00:00  -  Run Local Usage
		Usr 0 00:33:07, Sys 0 00:00:37  -  Total Remote Usage
		Usr 0 00:00:00, Sys 0 00:00:00  -  Total Local Usage
	2109  -  Run Bytes Sent By Job
	410  -  Run Bytes Received By Job
	2109  -  Total Bytes Sent By Job
	410  -  Total Bytes Received By Job
	Partitionable Resources :    Usage  Request Allocated 
	   Cpus                 :     0.94        1         1 
	   Disk (KB)            :   803           1 479786105 
	   Memory (MB)          :  5348        7900      8033 
...
