000 (860086.000.000) 08/18 05:00:24 Job submitted from host: <172.20.3.187:9618?addrs=172.20.3.187-9618&noUDP&sock=2043_e813_3>
...
001 (860086.000.000) 08/18 16:48:01 Job executing on host: <172.20.225.1:9618?addrs=172.20.225.1-9618&noUDP&sock=3382_5963_3>
...
006 (860086.000.000) 08/18 16:48:10 Image size of job updated: 21120
	21  -  MemoryUsage of job (MB)
	21120  -  ResidentSetSize of job (KB)
...
006 (860086.000.000) 08/18 16:53:10 Image size of job updated: 4828300
	4716  -  MemoryUsage of job (MB)
	4828300  -  ResidentSetSize of job (KB)
...
006 (860086.000.000) 08/18 16:58:10 Image size of job updated: 5479944
	5352  -  MemoryUsage of job (MB)
	5479944  -  ResidentSetSize of job (KB)
...
006 (860086.000.000) 08/18 17:03:10 Image size of job updated: 5611320
	5480  -  MemoryUsage of job (MB)
	5611320  -  ResidentSetSize of job (KB)
...
006 (860086.000.000) 08/18 17:08:11 Image size of job updated: 5611460
	5480  -  MemoryUsage of job (MB)
	5611460  -  ResidentSetSize of job (KB)
...
006 (860086.000.000) 08/18 17:13:11 Image size of job updated: 5612152
	5481  -  MemoryUsage of job (MB)
	5612152  -  ResidentSetSize of job (KB)
...
006 (860086.000.000) 08/18 17:18:12 Image size of job updated: 6146124
	6000  -  MemoryUsage of job (MB)
	6143976  -  ResidentSetSize of job (KB)
...
006 (860086.000.000) 08/18 17:20:21 Image size of job updated: 6146124
	6000  -  MemoryUsage of job (MB)
	6143980  -  ResidentSetSize of job (KB)
...
005 (860086.000.000) 08/18 17:20:21 Job terminated.
	(1) Normal termination (return value 0)
		Usr 0 00:33:11, Sys 0 00:00:38  -  Run Remote Usage
		Usr 0 00:00:00, Sys 0 00:00:00  -  Run Local Usage
		Usr 0 00:33:11, Sys 0 00:00:38  -  Total Remote Usage
		Usr 0 00:00:00, Sys 0 00:00:00  -  Total Local Usage
	2113  -  Run Bytes Sent By Job
	412  -  Run Bytes Received By Job
	2113  -  Total Bytes Sent By Job
	412  -  Total Bytes Received By Job
	Partitionable Resources :    Usage  Request Allocated 
	   Cpus                 :     0.89        1         1 
	   Disk (KB)            :   803           1 479786105 
	   Memory (MB)          :  6000        7900      8033 
...
