000 (856066.000.000) 08/18 04:58:12 Job submitted from host: <172.20.3.187:9618?addrs=172.20.3.187-9618&noUDP&sock=2043_e813_3>
...
001 (856066.000.000) 08/18 07:41:22 Job executing on host: <172.20.225.2:9618?addrs=172.20.225.2-9618&noUDP&sock=3424_285d_3>
...
006 (856066.000.000) 08/18 07:41:30 Image size of job updated: 21124
	21  -  MemoryUsage of job (MB)
	21124  -  ResidentSetSize of job (KB)
...
006 (856066.000.000) 08/18 07:46:31 Image size of job updated: 3784060
	3696  -  MemoryUsage of job (MB)
	3784060  -  ResidentSetSize of job (KB)
...
006 (856066.000.000) 08/18 07:51:30 Image size of job updated: 4926336
	4811  -  MemoryUsage of job (MB)
	4926336  -  ResidentSetSize of job (KB)
...
006 (856066.000.000) 08/18 07:56:30 Image size of job updated: 5363976
	5239  -  MemoryUsage of job (MB)
	5363976  -  ResidentSetSize of job (KB)
...
006 (856066.000.000) 08/18 08:01:30 Image size of job updated: 5364120
	5239  -  MemoryUsage of job (MB)
	5364120  -  ResidentSetSize of job (KB)
...
006 (856066.000.000) 08/18 08:06:31 Image size of job updated: 5364800
	5240  -  MemoryUsage of job (MB)
	5364800  -  ResidentSetSize of job (KB)
...
006 (856066.000.000) 08/18 08:11:31 Image size of job updated: 5966552
	5827  -  MemoryUsage of job (MB)
	5966168  -  ResidentSetSize of job (KB)
...
005 (856066.000.000) 08/18 08:12:42 Job terminated.
	(1) Normal termination (return value 0)
		Usr 0 00:32:21, Sys 0 00:00:35  -  Run Remote Usage
		Usr 0 00:00:00, Sys 0 00:00:00  -  Run Local Usage
		Usr 0 00:32:21, Sys 0 00:00:35  -  Total Remote Usage
		Usr 0 00:00:00, Sys 0 00:00:00  -  Total Local Usage
	2113  -  Run Bytes Sent By Job
	412  -  Run Bytes Received By Job
	2113  -  Total Bytes Sent By Job
	412  -  Total Bytes Received By Job
	Partitionable Resources :    Usage  Request Allocated 
	   Cpus                 :     0.62        1         1 
	   Disk (KB)            :   803           1 479786084 
	   Memory (MB)          :  5827        7900      8033 
...
