000 (857496.000.000) 08/18 04:58:59 Job submitted from host: <172.20.3.187:9618?addrs=172.20.3.187-9618&noUDP&sock=2043_e813_3>
...
001 (857496.000.000) 08/18 11:39:06 Job executing on host: <172.20.225.6:9618?addrs=172.20.225.6-9618&noUDP&sock=3382_5963_3>
...
006 (857496.000.000) 08/18 11:39:15 Image size of job updated: 21116
	21  -  MemoryUsage of job (MB)
	21116  -  ResidentSetSize of job (KB)
...
006 (857496.000.000) 08/18 11:44:16 Image size of job updated: 4585064
	4478  -  MemoryUsage of job (MB)
	4585064  -  ResidentSetSize of job (KB)
...
006 (857496.000.000) 08/18 11:49:16 Image size of job updated: 5344480
	5220  -  MemoryUsage of job (MB)
	5344480  -  ResidentSetSize of job (KB)
...
006 (857496.000.000) 08/18 11:54:17 Image size of job updated: 5344600
	5220  -  MemoryUsage of job (MB)
	5344600  -  ResidentSetSize of job (KB)
...
006 (857496.000.000) 08/18 11:59:17 Image size of job updated: 5345064
	5220  -  MemoryUsage of job (MB)
	5345064  -  ResidentSetSize of job (KB)
...
006 (857496.000.000) 08/18 12:04:18 Image size of job updated: 5345412
	5221  -  MemoryUsage of job (MB)
	5345412  -  ResidentSetSize of job (KB)
...
005 (857496.000.000) 08/18 12:08:56 Job terminated.
	(1) Normal termination (return value 0)
		Usr 0 00:31:34, Sys 0 00:00:34  -  Run Remote Usage
		Usr 0 00:00:00, Sys 0 00:00:00  -  Run Local Usage
		Usr 0 00:31:34, Sys 0 00:00:34  -  Total Remote Usage
		Usr 0 00:00:00, Sys 0 00:00:00  -  Total Local Usage
	2116  -  Run Bytes Sent By Job
	415  -  Run Bytes Received By Job
	2116  -  Total Bytes Sent By Job
	415  -  Total Bytes Received By Job
	Partitionable Resources :    Usage  Request Allocated 
	   Cpus                 :     1.00        1         1 
	   Disk (KB)            :   803           1 479749220 
	   Memory (MB)          :  5221        7900      8033 
...
