000 (857185.000.000) 08/18 04:58:49 Job submitted from host: <172.20.3.187:9618?addrs=172.20.3.187-9618&noUDP&sock=2043_e813_3>
...
001 (857185.000.000) 08/18 10:14:51 Job executing on host: <172.20.225.2:9618?addrs=172.20.225.2-9618&noUDP&sock=3424_285d_3>
...
006 (857185.000.000) 08/18 10:15:00 Image size of job updated: 21124
	21  -  MemoryUsage of job (MB)
	21124  -  ResidentSetSize of job (KB)
...
006 (857185.000.000) 08/18 10:20:01 Image size of job updated: 5297236
	5172  -  MemoryUsage of job (MB)
	5296032  -  ResidentSetSize of job (KB)
...
006 (857185.000.000) 08/18 10:25:02 Image size of job updated: 6047000
	5905  -  MemoryUsage of job (MB)
	6046612  -  ResidentSetSize of job (KB)
...
006 (857185.000.000) 08/18 10:25:55 Image size of job updated: 9704120
	5905  -  MemoryUsage of job (MB)
	6046612  -  ResidentSetSize of job (KB)
...
005 (857185.000.000) 08/18 10:26:04 Job terminated.
	(1) Normal termination (return value 0)
		Usr 0 00:35:41, Sys 0 00:00:49  -  Run Remote Usage
		Usr 0 00:00:00, Sys 0 00:00:00  -  Run Local Usage
		Usr 0 00:35:41, Sys 0 00:00:49  -  Total Remote Usage
		Usr 0 00:00:00, Sys 0 00:00:00  -  Total Local Usage
	2112  -  Run Bytes Sent By Job
	411  -  Run Bytes Received By Job
	2112  -  Total Bytes Sent By Job
	411  -  Total Bytes Received By Job
	Partitionable Resources :    Usage  Request Allocated 
	   Cpus                 :        0        1         1 
	   Disk (KB)            :      803        1 479786084 
	   Memory (MB)          :     5905     7900      8033 
...
