000 (858728.000.000) 08/18 04:59:39 Job submitted from host: <172.20.3.187:9618?addrs=172.20.3.187-9618&noUDP&sock=2043_e813_3>
...
001 (858728.000.000) 08/18 13:56:38 Job executing on host: <172.20.225.4:9618?addrs=172.20.225.4-9618&noUDP&sock=3366_5fdf_3>
...
006 (858728.000.000) 08/18 13:56:46 Image size of job updated: 21124
	21  -  MemoryUsage of job (MB)
	21124  -  ResidentSetSize of job (KB)
...
006 (858728.000.000) 08/18 14:01:46 Image size of job updated: 4008712
	3881  -  MemoryUsage of job (MB)
	3974028  -  ResidentSetSize of job (KB)
...
006 (858728.000.000) 08/18 14:06:47 Image size of job updated: 4832268
	4686  -  MemoryUsage of job (MB)
	4797572  -  ResidentSetSize of job (KB)
...
006 (858728.000.000) 08/18 14:11:47 Image size of job updated: 5553996
	5424  -  MemoryUsage of job (MB)
	5553952  -  ResidentSetSize of job (KB)
...
006 (858728.000.000) 08/18 14:16:48 Image size of job updated: 5553996
	5424  -  MemoryUsage of job (MB)
	5553988  -  ResidentSetSize of job (KB)
...
006 (858728.000.000) 08/18 14:21:49 Image size of job updated: 5554472
	5425  -  MemoryUsage of job (MB)
	5554472  -  ResidentSetSize of job (KB)
...
006 (858728.000.000) 08/18 14:26:50 Image size of job updated: 5760204
	5626  -  MemoryUsage of job (MB)
	5760204  -  ResidentSetSize of job (KB)
...
006 (858728.000.000) 08/18 14:29:57 Image size of job updated: 10150204
	5626  -  MemoryUsage of job (MB)
	5760224  -  ResidentSetSize of job (KB)
...
005 (858728.000.000) 08/18 14:29:57 Job terminated.
	(1) Normal termination (return value 0)
		Usr 0 00:33:55, Sys 0 00:00:31  -  Run Remote Usage
		Usr 0 00:00:00, Sys 0 00:00:00  -  Run Local Usage
		Usr 0 00:33:55, Sys 0 00:00:31  -  Total Remote Usage
		Usr 0 00:00:00, Sys 0 00:00:00  -  Total Local Usage
	2113  -  Run Bytes Sent By Job
	412  -  Run Bytes Received By Job
	2113  -  Total Bytes Sent By Job
	412  -  Total Bytes Received By Job
	Partitionable Resources :    Usage  Request Allocated 
	   Cpus                 :     0.64        1         1 
	   Disk (KB)            :   803           1 479779449 
	   Memory (MB)          :  5626        7900      8033 
...
