000 (855216.000.000) 08/18 04:57:45 Job submitted from host: <172.20.3.187:9618?addrs=172.20.3.187-9618&noUDP&sock=2043_e813_3>
...
001 (855216.000.000) 08/18 06:06:06 Job executing on host: <172.20.225.2:9618?addrs=172.20.225.2-9618&noUDP&sock=3424_285d_3>
...
006 (855216.000.000) 08/18 06:06:16 Image size of job updated: 21120
	21  -  MemoryUsage of job (MB)
	21120  -  ResidentSetSize of job (KB)
...
006 (855216.000.000) 08/18 06:11:16 Image size of job updated: 4125628
	4029  -  MemoryUsage of job (MB)
	4125628  -  ResidentSetSize of job (KB)
...
006 (855216.000.000) 08/18 06:16:16 Image size of job updated: 4821020
	4709  -  MemoryUsage of job (MB)
	4821020  -  ResidentSetSize of job (KB)
...
006 (855216.000.000) 08/18 06:21:17 Image size of job updated: 5258660
	5136  -  MemoryUsage of job (MB)
	5258660  -  ResidentSetSize of job (KB)
...
006 (855216.000.000) 08/18 06:26:18 Image size of job updated: 5258808
	5136  -  MemoryUsage of job (MB)
	5258808  -  ResidentSetSize of job (KB)
...
006 (855216.000.000) 08/18 06:31:17 Image size of job updated: 5259488
	5137  -  MemoryUsage of job (MB)
	5259488  -  ResidentSetSize of job (KB)
...
006 (855216.000.000) 08/18 06:36:17 Image size of job updated: 6172836
	6026  -  MemoryUsage of job (MB)
	6170212  -  ResidentSetSize of job (KB)
...
006 (855216.000.000) 08/18 06:37:42 Image size of job updated: 11235520
	6026  -  MemoryUsage of job (MB)
	6170216  -  ResidentSetSize of job (KB)
...
005 (855216.000.000) 08/18 06:37:42 Job terminated.
	(1) Normal termination (return value 0)
		Usr 0 00:31:02, Sys 0 00:00:34  -  Run Remote Usage
		Usr 0 00:00:00, Sys 0 00:00:00  -  Run Local Usage
		Usr 0 00:31:02, Sys 0 00:00:34  -  Total Remote Usage
		Usr 0 00:00:00, Sys 0 00:00:00  -  Total Local Usage
	2099  -  Run Bytes Sent By Job
	400  -  Run Bytes Received By Job
	2099  -  Total Bytes Sent By Job
	400  -  Total Bytes Received By Job
	Partitionable Resources :    Usage  Request Allocated 
	   Cpus                 :     0.70        1         1 
	   Disk (KB)            :   803           1 479786084 
	   Memory (MB)          :  6026        7900      8033 
...
