000 (860556.000.000) 08/18 05:00:40 Job submitted from host: <172.20.3.187:9618?addrs=172.20.3.187-9618&noUDP&sock=2043_e813_3>
...
001 (860556.000.000) 08/18 17:55:48 Job executing on host: <172.20.225.4:9618?addrs=172.20.225.4-9618&noUDP&sock=3366_5fdf_3>
...
006 (860556.000.000) 08/18 17:55:57 Image size of job updated: 21112
	21  -  MemoryUsage of job (MB)
	21112  -  ResidentSetSize of job (KB)
...
006 (860556.000.000) 08/18 18:00:58 Image size of job updated: 4031436
	3937  -  MemoryUsage of job (MB)
	4031396  -  ResidentSetSize of job (KB)
...
006 (860556.000.000) 08/18 18:05:59 Image size of job updated: 4854960
	4742  -  MemoryUsage of job (MB)
	4854920  -  ResidentSetSize of job (KB)
...
006 (860556.000.000) 08/18 18:10:59 Image size of job updated: 5611340
	5480  -  MemoryUsage of job (MB)
	5611300  -  ResidentSetSize of job (KB)
...
006 (860556.000.000) 08/18 18:16:00 Image size of job updated: 5611376
	5480  -  MemoryUsage of job (MB)
	5611336  -  ResidentSetSize of job (KB)
...
006 (860556.000.000) 08/18 18:21:01 Image size of job updated: 5611852
	5481  -  MemoryUsage of job (MB)
	5611812  -  ResidentSetSize of job (KB)
...
006 (860556.000.000) 08/18 18:26:01 Image size of job updated: 5612156
	5481  -  MemoryUsage of job (MB)
	5612136  -  ResidentSetSize of job (KB)
...
006 (860556.000.000) 08/18 18:30:19 Image size of job updated: 7862168
	5481  -  MemoryUsage of job (MB)
	5612136  -  ResidentSetSize of job (KB)
...
005 (860556.000.000) 08/18 18:30:19 Job terminated.
	(1) Normal termination (return value 0)
		Usr 0 00:34:59, Sys 0 00:00:34  -  Run Remote Usage
		Usr 0 00:00:00, Sys 0 00:00:00  -  Run Local Usage
		Usr 0 00:34:59, Sys 0 00:00:34  -  Total Remote Usage
		Usr 0 00:00:00, Sys 0 00:00:00  -  Total Local Usage
	2113  -  Run Bytes Sent By Job
	412  -  Run Bytes Received By Job
	2113  -  Total Bytes Sent By Job
	412  -  Total Bytes Received By Job
	Partitionable Resources :    Usage  Request Allocated 
	   Cpus                 :     1.00        1         1 
	   Disk (KB)            :   803           1 479779449 
	   Memory (MB)          :  5481        7900      8033 
...
