000 (858274.000.000) 08/18 04:59:24 Job submitted from host: <172.20.3.187:9618?addrs=172.20.3.187-9618&noUDP&sock=2043_e813_3>
...
001 (858274.000.000) 08/18 13:04:37 Job executing on host: <172.20.225.6:9618?addrs=172.20.225.6-9618&noUDP&sock=3382_5963_3>
...
006 (858274.000.000) 08/18 13:04:46 Image size of job updated: 21120
	21  -  MemoryUsage of job (MB)
	21120  -  ResidentSetSize of job (KB)
...
006 (858274.000.000) 08/18 13:09:47 Image size of job updated: 3705040
	3619  -  MemoryUsage of job (MB)
	3704940  -  ResidentSetSize of job (KB)
...
006 (858274.000.000) 08/18 13:14:48 Image size of job updated: 4540964
	4435  -  MemoryUsage of job (MB)
	4540964  -  ResidentSetSize of job (KB)
...
006 (858274.000.000) 08/18 13:19:48 Image size of job updated: 5284848
	5161  -  MemoryUsage of job (MB)
	5284848  -  ResidentSetSize of job (KB)
...
006 (858274.000.000) 08/18 13:24:49 Image size of job updated: 5284996
	5162  -  MemoryUsage of job (MB)
	5284996  -  ResidentSetSize of job (KB)
...
006 (858274.000.000) 08/18 13:29:49 Image size of job updated: 5285676
	5162  -  MemoryUsage of job (MB)
	5285676  -  ResidentSetSize of job (KB)
...
006 (858274.000.000) 08/18 13:34:50 Image size of job updated: 5897188
	5759  -  MemoryUsage of job (MB)
	5897008  -  ResidentSetSize of job (KB)
...
005 (858274.000.000) 08/18 13:34:55 Job terminated.
	(1) Normal termination (return value 0)
		Usr 0 00:32:40, Sys 0 00:00:34  -  Run Remote Usage
		Usr 0 00:00:00, Sys 0 00:00:00  -  Run Local Usage
		Usr 0 00:32:40, Sys 0 00:00:34  -  Total Remote Usage
		Usr 0 00:00:00, Sys 0 00:00:00  -  Total Local Usage
	2106  -  Run Bytes Sent By Job
	407  -  Run Bytes Received By Job
	2106  -  Total Bytes Sent By Job
	407  -  Total Bytes Received By Job
	Partitionable Resources :    Usage  Request Allocated 
	   Cpus                 :     0.49        1         1 
	   Disk (KB)            :   803           1 479749220 
	   Memory (MB)          :  5759        7900      8033 
...
