000 (855754.000.000) 08/18 04:58:02 Job submitted from host: <172.20.3.187:9618?addrs=172.20.3.187-9618&noUDP&sock=2043_e813_3>
...
001 (855754.000.000) 08/18 07:07:53 Job executing on host: <172.20.225.6:9618?addrs=172.20.225.6-9618&noUDP&sock=3382_5963_3>
...
006 (855754.000.000) 08/18 07:08:01 Image size of job updated: 21108
	21  -  MemoryUsage of job (MB)
	21108  -  ResidentSetSize of job (KB)
...
006 (855754.000.000) 08/18 07:13:02 Image size of job updated: 4178840
	4081  -  MemoryUsage of job (MB)
	4178840  -  ResidentSetSize of job (KB)
...
006 (855754.000.000) 08/18 07:18:02 Image size of job updated: 5311748
	5188  -  MemoryUsage of job (MB)
	5311748  -  ResidentSetSize of job (KB)
...
006 (855754.000.000) 08/18 07:23:03 Image size of job updated: 5311880
	5188  -  MemoryUsage of job (MB)
	5311880  -  ResidentSetSize of job (KB)
...
006 (855754.000.000) 08/18 07:28:03 Image size of job updated: 5312016
	5188  -  MemoryUsage of job (MB)
	5312016  -  ResidentSetSize of job (KB)
...
006 (855754.000.000) 08/18 07:33:04 Image size of job updated: 5312708
	5189  -  MemoryUsage of job (MB)
	5312708  -  ResidentSetSize of job (KB)
...
006 (855754.000.000) 08/18 07:38:04 Image size of job updated: 5772204
	5636  -  MemoryUsage of job (MB)
	5770732  -  ResidentSetSize of job (KB)
...
006 (855754.000.000) 08/18 07:39:59 Image size of job updated: 5910060
	5636  -  MemoryUsage of job (MB)
	5770732  -  ResidentSetSize of job (KB)
...
005 (855754.000.000) 08/18 07:39:59 Job terminated.
	(1) Normal termination (return value 0)
		Usr 0 00:32:26, Sys 0 00:00:36  -  Run Remote Usage
		Usr 0 00:00:00, Sys 0 00:00:00  -  Run Local Usage
		Usr 0 00:32:26, Sys 0 00:00:36  -  Total Remote Usage
		Usr 0 00:00:00, Sys 0 00:00:00  -  Total Local Usage
	2109  -  Run Bytes Sent By Job
	408  -  Run Bytes Received By Job
	2109  -  Total Bytes Sent By Job
	408  -  Total Bytes Received By Job
	Partitionable Resources :    Usage  Request Allocated 
	   Cpus                 :     0.65        1         1 
	   Disk (KB)            :   803           1 479749220 
	   Memory (MB)          :  5636        7900      8033 
...
