000 (857090.000.000) 08/18 04:58:46 Job submitted from host: <172.20.3.187:9618?addrs=172.20.3.187-9618&noUDP&sock=2043_e813_3>
...
001 (857090.000.000) 08/18 09:37:55 Job executing on host: <172.20.225.4:9618?addrs=172.20.225.4-9618&noUDP&sock=3366_5fdf_3>
...
006 (857090.000.000) 08/18 09:38:04 Image size of job updated: 21120
	21  -  MemoryUsage of job (MB)
	21120  -  ResidentSetSize of job (KB)
...
006 (857090.000.000) 08/18 09:43:05 Image size of job updated: 3716268
	3630  -  MemoryUsage of job (MB)
	3716268  -  ResidentSetSize of job (KB)
...
006 (857090.000.000) 08/18 09:48:06 Image size of job updated: 5296172
	5173  -  MemoryUsage of job (MB)
	5296172  -  ResidentSetSize of job (KB)
...
006 (857090.000.000) 08/18 09:53:06 Image size of job updated: 5888956
	5751  -  MemoryUsage of job (MB)
	5888956  -  ResidentSetSize of job (KB)
...
006 (857090.000.000) 08/18 09:54:14 Image size of job updated: 10166776
	5751  -  MemoryUsage of job (MB)
	5888960  -  ResidentSetSize of job (KB)
...
005 (857090.000.000) 08/18 09:54:34 Job terminated.
	(1) Normal termination (return value 0)
		Usr 0 00:39:09, Sys 0 00:00:42  -  Run Remote Usage
		Usr 0 00:00:00, Sys 0 00:00:00  -  Run Local Usage
		Usr 0 00:39:09, Sys 0 00:00:42  -  Total Remote Usage
		Usr 0 00:00:00, Sys 0 00:00:00  -  Total Local Usage
	2109  -  Run Bytes Sent By Job
	410  -  Run Bytes Received By Job
	2109  -  Total Bytes Sent By Job
	410  -  Total Bytes Received By Job
	Partitionable Resources :    Usage  Request Allocated 
	   Cpus                 :     0.99        1         1 
	   Disk (KB)            :   803           1 479779449 
	   Memory (MB)          :  5751        7900      8033 
...
