000 (859893.000.000) 08/18 05:00:18 Job submitted from host: <172.20.3.187:9618?addrs=172.20.3.187-9618&noUDP&sock=2043_e813_3>
...
001 (859893.000.000) 08/18 16:14:27 Job executing on host: <172.20.225.1:9618?addrs=172.20.225.1-9618&noUDP&sock=3382_5963_3>
...
006 (859893.000.000) 08/18 16:14:36 Image size of job updated: 21116
	21  -  MemoryUsage of job (MB)
	21116  -  ResidentSetSize of job (KB)
...
006 (859893.000.000) 08/18 16:19:37 Image size of job updated: 3708876
	3622  -  MemoryUsage of job (MB)
	3708876  -  ResidentSetSize of job (KB)
...
006 (859893.000.000) 08/18 16:24:38 Image size of job updated: 4532396
	4427  -  MemoryUsage of job (MB)
	4532396  -  ResidentSetSize of job (KB)
...
006 (859893.000.000) 08/18 16:29:39 Image size of job updated: 5288776
	5165  -  MemoryUsage of job (MB)
	5288776  -  ResidentSetSize of job (KB)
...
006 (859893.000.000) 08/18 16:34:39 Image size of job updated: 5288808
	5165  -  MemoryUsage of job (MB)
	5288808  -  ResidentSetSize of job (KB)
...
006 (859893.000.000) 08/18 16:39:39 Image size of job updated: 5289288
	5166  -  MemoryUsage of job (MB)
	5289288  -  ResidentSetSize of job (KB)
...
006 (859893.000.000) 08/18 16:44:38 Image size of job updated: 5289620
	5166  -  MemoryUsage of job (MB)
	5289620  -  ResidentSetSize of job (KB)
...
005 (859893.000.000) 08/18 16:49:27 Job terminated.
	(1) Normal termination (return value 0)
		Usr 0 00:33:24, Sys 0 00:00:32  -  Run Remote Usage
		Usr 0 00:00:00, Sys 0 00:00:00  -  Run Local Usage
		Usr 0 00:33:24, Sys 0 00:00:32  -  Total Remote Usage
		Usr 0 00:00:00, Sys 0 00:00:00  -  Total Local Usage
	2109  -  Run Bytes Sent By Job
	408  -  Run Bytes Received By Job
	2109  -  Total Bytes Sent By Job
	408  -  Total Bytes Received By Job
	Partitionable Resources :    Usage  Request Allocated 
	   Cpus                 :     0.85        1         1 
	   Disk (KB)            :   803           1 479786105 
	   Memory (MB)          :  5166        7900      8033 
...
