000 (860005.000.000) 08/18 05:00:22 Job submitted from host: <172.20.3.187:9618?addrs=172.20.3.187-9618&noUDP&sock=2043_e813_3>
...
001 (860005.000.000) 08/18 16:39:00 Job executing on host: <172.20.225.6:9618?addrs=172.20.225.6-9618&noUDP&sock=3382_5963_3>
...
006 (860005.000.000) 08/18 16:39:08 Image size of job updated: 21120
	21  -  MemoryUsage of job (MB)
	21120  -  ResidentSetSize of job (KB)
...
006 (860005.000.000) 08/18 16:44:08 Image size of job updated: 4186916
	3938  -  MemoryUsage of job (MB)
	4031724  -  ResidentSetSize of job (KB)
...
006 (860005.000.000) 08/18 16:49:09 Image size of job updated: 5611648
	5481  -  MemoryUsage of job (MB)
	5611648  -  ResidentSetSize of job (KB)
...
006 (860005.000.000) 08/18 16:54:09 Image size of job updated: 5611884
	5481  -  MemoryUsage of job (MB)
	5611816  -  ResidentSetSize of job (KB)
...
006 (860005.000.000) 08/18 16:59:09 Image size of job updated: 5612540
	5481  -  MemoryUsage of job (MB)
	5612472  -  ResidentSetSize of job (KB)
...
006 (860005.000.000) 08/18 17:04:10 Image size of job updated: 6270996
	6123  -  MemoryUsage of job (MB)
	6269560  -  ResidentSetSize of job (KB)
...
005 (860005.000.000) 08/18 17:05:19 Job terminated.
	(1) Normal termination (return value 0)
		Usr 0 00:33:00, Sys 0 00:00:32  -  Run Remote Usage
		Usr 0 00:00:00, Sys 0 00:00:00  -  Run Local Usage
		Usr 0 00:33:00, Sys 0 00:00:32  -  Total Remote Usage
		Usr 0 00:00:00, Sys 0 00:00:00  -  Total Local Usage
	2110  -  Run Bytes Sent By Job
	411  -  Run Bytes Received By Job
	2110  -  Total Bytes Sent By Job
	411  -  Total Bytes Received By Job
	Partitionable Resources :    Usage  Request Allocated 
	   Cpus                 :     0.48        1         1 
	   Disk (KB)            :   803           1 479749220 
	   Memory (MB)          :  6123        7900      8033 
...
