000 (858078.000.000) 08/18 04:59:18 Job submitted from host: <172.20.3.187:9618?addrs=172.20.3.187-9618&noUDP&sock=2043_e813_3>
...
001 (858078.000.000) 08/18 12:44:30 Job executing on host: <172.20.225.5:9618?addrs=172.20.225.5-9618&noUDP&sock=3375_8c39_3>
...
006 (858078.000.000) 08/18 12:44:38 Image size of job updated: 21124
	21  -  MemoryUsage of job (MB)
	21124  -  ResidentSetSize of job (KB)
...
006 (858078.000.000) 08/18 12:49:38 Image size of job updated: 4508960
	4404  -  MemoryUsage of job (MB)
	4508960  -  ResidentSetSize of job (KB)
...
006 (858078.000.000) 08/18 12:54:40 Image size of job updated: 5291860
	5168  -  MemoryUsage of job (MB)
	5291860  -  ResidentSetSize of job (KB)
...
006 (858078.000.000) 08/18 12:59:40 Image size of job updated: 5291992
	5168  -  MemoryUsage of job (MB)
	5291992  -  ResidentSetSize of job (KB)
...
006 (858078.000.000) 08/18 13:04:41 Image size of job updated: 5292468
	5169  -  MemoryUsage of job (MB)
	5292468  -  ResidentSetSize of job (KB)
...
006 (858078.000.000) 08/18 13:09:41 Image size of job updated: 5368864
	5244  -  MemoryUsage of job (MB)
	5368864  -  ResidentSetSize of job (KB)
...
006 (858078.000.000) 08/18 13:13:36 Image size of job updated: 5368864
	5246  -  MemoryUsage of job (MB)
	5370968  -  ResidentSetSize of job (KB)
...
005 (858078.000.000) 08/18 13:13:36 Job terminated.
	(1) Normal termination (return value 0)
		Usr 0 00:33:59, Sys 0 00:00:40  -  Run Remote Usage
		Usr 0 00:00:00, Sys 0 00:00:00  -  Run Local Usage
		Usr 0 00:33:59, Sys 0 00:00:40  -  Total Remote Usage
		Usr 0 00:00:00, Sys 0 00:00:00  -  Total Local Usage
	2103  -  Run Bytes Sent By Job
	404  -  Run Bytes Received By Job
	2103  -  Total Bytes Sent By Job
	404  -  Total Bytes Received By Job
	Partitionable Resources :    Usage  Request Allocated 
	   Cpus                 :     0.75        1         1 
	   Disk (KB)            :   803           1 479749220 
	   Memory (MB)          :  5246        7900      8033 
...
