000 (857122.000.000) 08/18 04:58:47 Job submitted from host: <172.20.3.187:9618?addrs=172.20.3.187-9618&noUDP&sock=2043_e813_3>
...
001 (857122.000.000) 08/18 09:58:38 Job executing on host: <172.20.225.5:9618?addrs=172.20.225.5-9618&noUDP&sock=3375_8c39_3>
...
006 (857122.000.000) 08/18 09:58:46 Image size of job updated: 20804
	21  -  MemoryUsage of job (MB)
	20804  -  ResidentSetSize of job (KB)
...
006 (857122.000.000) 08/18 10:03:47 Image size of job updated: 5296576
	5173  -  MemoryUsage of job (MB)
	5296576  -  ResidentSetSize of job (KB)
...
006 (857122.000.000) 08/18 10:06:30 Image size of job updated: 10165780
	5173  -  MemoryUsage of job (MB)
	5296576  -  ResidentSetSize of job (KB)
...
005 (857122.000.000) 08/18 10:06:50 Job terminated.
	(1) Normal termination (return value 0)
		Usr 0 00:38:33, Sys 0 00:01:14  -  Run Remote Usage
		Usr 0 00:00:00, Sys 0 00:00:00  -  Run Local Usage
		Usr 0 00:38:33, Sys 0 00:01:14  -  Total Remote Usage
		Usr 0 00:00:00, Sys 0 00:00:00  -  Total Local Usage
	2112  -  Run Bytes Sent By Job
	411  -  Run Bytes Received By Job
	2112  -  Total Bytes Sent By Job
	411  -  Total Bytes Received By Job
	Partitionable Resources :    Usage  Request Allocated 
	   Cpus                 :     0.76        1         1 
	   Disk (KB)            :   803           1 479749220 
	   Memory (MB)          :  5173        7900      8033 
...
