000 (857746.000.000) 08/18 04:59:07 Job submitted from host: <172.20.3.187:9618?addrs=172.20.3.187-9618&noUDP&sock=2043_e813_3>
...
001 (857746.000.000) 08/18 11:54:37 Job executing on host: <172.20.225.5:9618?addrs=172.20.225.5-9618&noUDP&sock=3375_8c39_3>
...
006 (857746.000.000) 08/18 11:54:45 Image size of job updated: 21124
	21  -  MemoryUsage of job (MB)
	21124  -  ResidentSetSize of job (KB)
...
006 (857746.000.000) 08/18 11:59:45 Image size of job updated: 3723976
	3600  -  MemoryUsage of job (MB)
	3686144  -  ResidentSetSize of job (KB)
...
006 (857746.000.000) 08/18 12:04:46 Image size of job updated: 4522168
	4417  -  MemoryUsage of job (MB)
	4522168  -  ResidentSetSize of job (KB)
...
006 (857746.000.000) 08/18 12:09:46 Image size of job updated: 5266056
	5143  -  MemoryUsage of job (MB)
	5266056  -  ResidentSetSize of job (KB)
...
006 (857746.000.000) 08/18 12:14:47 Image size of job updated: 5266216
	5143  -  MemoryUsage of job (MB)
	5266216  -  ResidentSetSize of job (KB)
...
006 (857746.000.000) 08/18 12:19:48 Image size of job updated: 5266888
	5144  -  MemoryUsage of job (MB)
	5266888  -  ResidentSetSize of job (KB)
...
006 (857746.000.000) 08/18 12:24:48 Image size of job updated: 5886880
	5749  -  MemoryUsage of job (MB)
	5886880  -  ResidentSetSize of job (KB)
...
005 (857746.000.000) 08/18 12:26:35 Job terminated.
	(1) Normal termination (return value 0)
		Usr 0 00:32:34, Sys 0 00:00:36  -  Run Remote Usage
		Usr 0 00:00:00, Sys 0 00:00:00  -  Run Local Usage
		Usr 0 00:32:34, Sys 0 00:00:36  -  Total Remote Usage
		Usr 0 00:00:00, Sys 0 00:00:00  -  Total Local Usage
	2103  -  Run Bytes Sent By Job
	405  -  Run Bytes Received By Job
	2103  -  Total Bytes Sent By Job
	405  -  Total Bytes Received By Job
	Partitionable Resources :    Usage  Request Allocated 
	   Cpus                 :     0.52        1         1 
	   Disk (KB)            :   803           1 479749220 
	   Memory (MB)          :  5749        7900      8033 
...
