000 (854926.000.000) 08/18 04:57:31 Job submitted from host: <172.20.3.187:9618?addrs=172.20.3.187-9618&noUDP&sock=2043_e813_3>
...
001 (854926.000.000) 08/18 05:32:04 Job executing on host: <172.20.225.8:9618?addrs=172.20.225.8-9618&noUDP&sock=3440_21e1_3>
...
006 (854926.000.000) 08/18 05:32:13 Image size of job updated: 21120
	21  -  MemoryUsage of job (MB)
	21120  -  ResidentSetSize of job (KB)
...
006 (854926.000.000) 08/18 05:37:14 Image size of job updated: 3811824
	3719  -  MemoryUsage of job (MB)
	3807516  -  ResidentSetSize of job (KB)
...
006 (854926.000.000) 08/18 05:42:15 Image size of job updated: 4635352
	4523  -  MemoryUsage of job (MB)
	4631044  -  ResidentSetSize of job (KB)
...
006 (854926.000.000) 08/18 05:47:16 Image size of job updated: 5387424
	5262  -  MemoryUsage of job (MB)
	5387424  -  ResidentSetSize of job (KB)
...
006 (854926.000.000) 08/18 05:52:16 Image size of job updated: 5387460
	5262  -  MemoryUsage of job (MB)
	5387460  -  ResidentSetSize of job (KB)
...
006 (854926.000.000) 08/18 05:57:17 Image size of job updated: 5388268
	5262  -  MemoryUsage of job (MB)
	5388268  -  ResidentSetSize of job (KB)
...
006 (854926.000.000) 08/18 06:02:18 Image size of job updated: 5570868
	5441  -  MemoryUsage of job (MB)
	5570868  -  ResidentSetSize of job (KB)
...
006 (854926.000.000) 08/18 06:05:03 Image size of job updated: 5570868
	5441  -  MemoryUsage of job (MB)
	5570884  -  ResidentSetSize of job (KB)
...
005 (854926.000.000) 08/18 06:05:04 Job terminated.
	(1) Normal termination (return value 0)
		Usr 0 00:31:49, Sys 0 00:00:34  -  Run Remote Usage
		Usr 0 00:00:00, Sys 0 00:00:00  -  Run Local Usage
		Usr 0 00:31:49, Sys 0 00:00:34  -  Total Remote Usage
		Usr 0 00:00:00, Sys 0 00:00:00  -  Total Local Usage
	2104  -  Run Bytes Sent By Job
	403  -  Run Bytes Received By Job
	2104  -  Total Bytes Sent By Job
	403  -  Total Bytes Received By Job
	Partitionable Resources :    Usage  Request Allocated 
	   Cpus                 :        0        1         1 
	   Disk (KB)            :      803        1 479737977 
	   Memory (MB)          :     5441     7900      8033 
...
