000 (859186.000.000) 08/18 04:59:54 Job submitted from host: <172.20.3.187:9618?addrs=172.20.3.187-9618&noUDP&sock=2043_e813_3>
...
001 (859186.000.000) 08/18 14:53:35 Job executing on host: <172.20.225.2:9618?addrs=172.20.225.2-9618&noUDP&sock=3424_285d_3>
...
006 (859186.000.000) 08/18 14:53:43 Image size of job updated: 21112
	21  -  MemoryUsage of job (MB)
	21112  -  ResidentSetSize of job (KB)
...
006 (859186.000.000) 08/18 14:58:43 Image size of job updated: 3738568
	3651  -  MemoryUsage of job (MB)
	3738568  -  ResidentSetSize of job (KB)
...
006 (859186.000.000) 08/18 15:03:44 Image size of job updated: 4880840
	4767  -  MemoryUsage of job (MB)
	4880840  -  ResidentSetSize of job (KB)
...
006 (859186.000.000) 08/18 15:08:45 Image size of job updated: 5318484
	5194  -  MemoryUsage of job (MB)
	5318484  -  ResidentSetSize of job (KB)
...
006 (859186.000.000) 08/18 15:13:46 Image size of job updated: 5318640
	5194  -  MemoryUsage of job (MB)
	5318640  -  ResidentSetSize of job (KB)
...
006 (859186.000.000) 08/18 15:18:47 Image size of job updated: 5319320
	5195  -  MemoryUsage of job (MB)
	5319300  -  ResidentSetSize of job (KB)
...
006 (859186.000.000) 08/18 15:23:47 Image size of job updated: 7010976
	6847  -  MemoryUsage of job (MB)
	7010956  -  ResidentSetSize of job (KB)
...
005 (859186.000.000) 08/18 15:25:00 Job terminated.
	(1) Normal termination (return value 0)
		Usr 0 00:32:51, Sys 0 00:00:35  -  Run Remote Usage
		Usr 0 00:00:00, Sys 0 00:00:00  -  Run Local Usage
		Usr 0 00:32:51, Sys 0 00:00:35  -  Total Remote Usage
		Usr 0 00:00:00, Sys 0 00:00:00  -  Total Local Usage
	2099  -  Run Bytes Sent By Job
	400  -  Run Bytes Received By Job
	2099  -  Total Bytes Sent By Job
	400  -  Total Bytes Received By Job
	Partitionable Resources :    Usage  Request Allocated 
	   Cpus                 :     0.49        1         1 
	   Disk (KB)            :   803           1 479786084 
	   Memory (MB)          :  6847        7900      8033 
...
