000 (855541.000.000) 08/18 04:57:55 Job submitted from host: <172.20.3.187:9618?addrs=172.20.3.187-9618&noUDP&sock=2043_e813_3>
...
001 (855541.000.000) 08/18 06:40:07 Job executing on host: <172.20.225.2:9618?addrs=172.20.225.2-9618&noUDP&sock=3424_285d_3>
...
006 (855541.000.000) 08/18 06:40:16 Image size of job updated: 21128
	21  -  MemoryUsage of job (MB)
	21128  -  ResidentSetSize of job (KB)
...
006 (855541.000.000) 08/18 06:45:17 Image size of job updated: 4179228
	4082  -  MemoryUsage of job (MB)
	4179228  -  ResidentSetSize of job (KB)
...
006 (855541.000.000) 08/18 06:50:18 Image size of job updated: 4874624
	4761  -  MemoryUsage of job (MB)
	4874624  -  ResidentSetSize of job (KB)
...
006 (855541.000.000) 08/18 06:55:18 Image size of job updated: 5312260
	5188  -  MemoryUsage of job (MB)
	5312260  -  ResidentSetSize of job (KB)
...
006 (855541.000.000) 08/18 07:00:19 Image size of job updated: 5312440
	5188  -  MemoryUsage of job (MB)
	5312440  -  ResidentSetSize of job (KB)
...
006 (855541.000.000) 08/18 07:05:20 Image size of job updated: 5313096
	5189  -  MemoryUsage of job (MB)
	5313096  -  ResidentSetSize of job (KB)
...
006 (855541.000.000) 08/18 07:10:20 Image size of job updated: 5803948
	5668  -  MemoryUsage of job (MB)
	5803896  -  ResidentSetSize of job (KB)
...
006 (855541.000.000) 08/18 07:12:26 Image size of job updated: 9925296
	5668  -  MemoryUsage of job (MB)
	5803896  -  ResidentSetSize of job (KB)
...
005 (855541.000.000) 08/18 07:12:26 Job terminated.
	(1) Normal termination (return value 0)
		Usr 0 00:31:43, Sys 0 00:00:32  -  Run Remote Usage
		Usr 0 00:00:00, Sys 0 00:00:00  -  Run Local Usage
		Usr 0 00:31:43, Sys 0 00:00:32  -  Total Remote Usage
		Usr 0 00:00:00, Sys 0 00:00:00  -  Total Local Usage
	2103  -  Run Bytes Sent By Job
	406  -  Run Bytes Received By Job
	2103  -  Total Bytes Sent By Job
	406  -  Total Bytes Received By Job
	Partitionable Resources :    Usage  Request Allocated 
	   Cpus                 :     0.73        1         1 
	   Disk (KB)            :   803           1 479786084 
	   Memory (MB)          :  5668        7900      8033 
...
