000 (858161.000.000) 08/18 04:59:20 Job submitted from host: <172.20.3.187:9618?addrs=172.20.3.187-9618&noUDP&sock=2043_e813_3>
...
001 (858161.000.000) 08/18 12:49:30 Job executing on host: <172.20.225.2:9618?addrs=172.20.225.2-9618&noUDP&sock=3424_285d_3>
...
006 (858161.000.000) 08/18 12:49:39 Image size of job updated: 21128
	21  -  MemoryUsage of job (MB)
	21128  -  ResidentSetSize of job (KB)
...
006 (858161.000.000) 08/18 12:54:40 Image size of job updated: 4158968
	4062  -  MemoryUsage of job (MB)
	4158968  -  ResidentSetSize of job (KB)
...
006 (858161.000.000) 08/18 12:59:40 Image size of job updated: 5291872
	5168  -  MemoryUsage of job (MB)
	5291872  -  ResidentSetSize of job (KB)
...
006 (858161.000.000) 08/18 13:04:41 Image size of job updated: 5292016
	5168  -  MemoryUsage of job (MB)
	5292016  -  ResidentSetSize of job (KB)
...
006 (858161.000.000) 08/18 13:09:42 Image size of job updated: 5292492
	5169  -  MemoryUsage of job (MB)
	5292492  -  ResidentSetSize of job (KB)
...
006 (858161.000.000) 08/18 13:14:42 Image size of job updated: 5293412
	5170  -  MemoryUsage of job (MB)
	5293412  -  ResidentSetSize of job (KB)
...
006 (858161.000.000) 08/18 13:19:15 Image size of job updated: 5293412
	5171  -  MemoryUsage of job (MB)
	5294572  -  ResidentSetSize of job (KB)
...
005 (858161.000.000) 08/18 13:19:15 Job terminated.
	(1) Normal termination (return value 0)
		Usr 0 00:35:20, Sys 0 00:00:33  -  Run Remote Usage
		Usr 0 00:00:00, Sys 0 00:00:00  -  Run Local Usage
		Usr 0 00:35:20, Sys 0 00:00:33  -  Total Remote Usage
		Usr 0 00:00:00, Sys 0 00:00:00  -  Total Local Usage
	2106  -  Run Bytes Sent By Job
	405  -  Run Bytes Received By Job
	2106  -  Total Bytes Sent By Job
	405  -  Total Bytes Received By Job
	Partitionable Resources :    Usage  Request Allocated 
	   Cpus                 :     0.68        1         1 
	   Disk (KB)            :   803           1 479786084 
	   Memory (MB)          :  5171        7900      8033 
...
