000 (857319.000.000) 08/18 04:58:53 Job submitted from host: <172.20.3.187:9618?addrs=172.20.3.187-9618&noUDP&sock=2043_e813_3>
...
001 (857319.000.000) 08/18 10:50:14 Job executing on host: <172.20.225.5:9618?addrs=172.20.225.5-9618&noUDP&sock=3375_8c39_3>
...
006 (857319.000.000) 08/18 10:50:22 Image size of job updated: 21112
	21  -  MemoryUsage of job (MB)
	21112  -  ResidentSetSize of job (KB)
...
006 (857319.000.000) 08/18 10:55:23 Image size of job updated: 4211572
	4113  -  MemoryUsage of job (MB)
	4211572  -  ResidentSetSize of job (KB)
...
006 (857319.000.000) 08/18 11:00:24 Image size of job updated: 5344588
	5220  -  MemoryUsage of job (MB)
	5344588  -  ResidentSetSize of job (KB)
...
006 (857319.000.000) 08/18 11:05:23 Image size of job updated: 5344732
	5220  -  MemoryUsage of job (MB)
	5344732  -  ResidentSetSize of job (KB)
...
006 (857319.000.000) 08/18 11:10:23 Image size of job updated: 5345432
	5221  -  MemoryUsage of job (MB)
	5345432  -  ResidentSetSize of job (KB)
...
006 (857319.000.000) 08/18 11:14:39 Image size of job updated: 5964372
	5221  -  MemoryUsage of job (MB)
	5345432  -  ResidentSetSize of job (KB)
...
005 (857319.000.000) 08/18 11:14:39 Job terminated.
	(1) Normal termination (return value 0)
		Usr 0 00:34:39, Sys 0 00:00:32  -  Run Remote Usage
		Usr 0 00:00:00, Sys 0 00:00:00  -  Run Local Usage
		Usr 0 00:34:39, Sys 0 00:00:32  -  Total Remote Usage
		Usr 0 00:00:00, Sys 0 00:00:00  -  Total Local Usage
	2116  -  Run Bytes Sent By Job
	415  -  Run Bytes Received By Job
	2116  -  Total Bytes Sent By Job
	415  -  Total Bytes Received By Job
	Partitionable Resources :    Usage  Request Allocated 
	   Cpus                 :     0.68        1         1 
	   Disk (KB)            :   804           1 479749220 
	   Memory (MB)          :  5221        7900      8033 
...
