000 (859814.000.000) 08/18 05:00:15 Job submitted from host: <172.20.3.187:9618?addrs=172.20.3.187-9618&noUDP&sock=2043_e813_3>
...
001 (859814.000.000) 08/18 16:14:38 Job executing on host: <172.20.225.4:9618?addrs=172.20.225.4-9618&noUDP&sock=3366_5fdf_3>
...
006 (859814.000.000) 08/18 16:14:47 Image size of job updated: 21120
	21  -  MemoryUsage of job (MB)
	21120  -  ResidentSetSize of job (KB)
...
006 (859814.000.000) 08/18 16:19:48 Image size of job updated: 3716436
	3622  -  MemoryUsage of job (MB)
	3708656  -  ResidentSetSize of job (KB)
...
006 (859814.000.000) 08/18 16:24:49 Image size of job updated: 4544680
	4439  -  MemoryUsage of job (MB)
	4544680  -  ResidentSetSize of job (KB)
...
006 (859814.000.000) 08/18 16:29:49 Image size of job updated: 5288572
	5165  -  MemoryUsage of job (MB)
	5288572  -  ResidentSetSize of job (KB)
...
006 (859814.000.000) 08/18 16:34:49 Image size of job updated: 5288608
	5165  -  MemoryUsage of job (MB)
	5288608  -  ResidentSetSize of job (KB)
...
006 (859814.000.000) 08/18 16:39:50 Image size of job updated: 5289400
	5166  -  MemoryUsage of job (MB)
	5289400  -  ResidentSetSize of job (KB)
...
006 (859814.000.000) 08/18 16:44:51 Image size of job updated: 5499204
	5371  -  MemoryUsage of job (MB)
	5499096  -  ResidentSetSize of job (KB)
...
006 (859814.000.000) 08/18 16:48:57 Image size of job updated: 5499204
	5371  -  MemoryUsage of job (MB)
	5499120  -  ResidentSetSize of job (KB)
...
005 (859814.000.000) 08/18 16:48:57 Job terminated.
	(1) Normal termination (return value 0)
		Usr 0 00:33:54, Sys 0 00:00:32  -  Run Remote Usage
		Usr 0 00:00:00, Sys 0 00:00:00  -  Run Local Usage
		Usr 0 00:33:54, Sys 0 00:00:32  -  Total Remote Usage
		Usr 0 00:00:00, Sys 0 00:00:00  -  Total Local Usage
	2106  -  Run Bytes Sent By Job
	407  -  Run Bytes Received By Job
	2106  -  Total Bytes Sent By Job
	407  -  Total Bytes Received By Job
	Partitionable Resources :    Usage  Request Allocated 
	   Cpus                 :     0.91        1         1 
	   Disk (KB)            :   803           1 479779449 
	   Memory (MB)          :  5371        7900      8033 
...
