000 (860206.000.000) 08/18 05:00:28 Job submitted from host: <172.20.3.187:9618?addrs=172.20.3.187-9618&noUDP&sock=2043_e813_3>
...
001 (860206.000.000) 08/18 16:50:04 Job executing on host: <172.20.225.2:9618?addrs=172.20.225.2-9618&noUDP&sock=3424_285d_3>
...
006 (860206.000.000) 08/18 16:50:12 Image size of job updated: 21116
	21  -  MemoryUsage of job (MB)
	21116  -  ResidentSetSize of job (KB)
...
006 (860206.000.000) 08/18 16:55:14 Image size of job updated: 4036876
	3937  -  MemoryUsage of job (MB)
	4031224  -  ResidentSetSize of job (KB)
...
006 (860206.000.000) 08/18 17:00:14 Image size of job updated: 4860396
	4741  -  MemoryUsage of job (MB)
	4854744  -  ResidentSetSize of job (KB)
...
006 (860206.000.000) 08/18 17:05:14 Image size of job updated: 5616988
	5480  -  MemoryUsage of job (MB)
	5611132  -  ResidentSetSize of job (KB)
...
006 (860206.000.000) 08/18 17:10:14 Image size of job updated: 5616988
	5480  -  MemoryUsage of job (MB)
	5611164  -  ResidentSetSize of job (KB)
...
006 (860206.000.000) 08/18 17:15:15 Image size of job updated: 5616988
	5481  -  MemoryUsage of job (MB)
	5611636  -  ResidentSetSize of job (KB)
...
006 (860206.000.000) 08/18 17:20:15 Image size of job updated: 5616988
	5481  -  MemoryUsage of job (MB)
	5611968  -  ResidentSetSize of job (KB)
...
006 (860206.000.000) 08/18 17:24:12 Image size of job updated: 9393104
	5481  -  MemoryUsage of job (MB)
	5611968  -  ResidentSetSize of job (KB)
...
005 (860206.000.000) 08/18 17:24:12 Job terminated.
	(1) Normal termination (return value 0)
		Usr 0 00:33:22, Sys 0 00:00:30  -  Run Remote Usage
		Usr 0 00:00:00, Sys 0 00:00:00  -  Run Local Usage
		Usr 0 00:33:22, Sys 0 00:00:30  -  Total Remote Usage
		Usr 0 00:00:00, Sys 0 00:00:00  -  Total Local Usage
	2113  -  Run Bytes Sent By Job
	412  -  Run Bytes Received By Job
	2113  -  Total Bytes Sent By Job
	412  -  Total Bytes Received By Job
	Partitionable Resources :    Usage  Request Allocated 
	   Cpus                 :     0.69        1         1 
	   Disk (KB)            :   803           1 479786084 
	   Memory (MB)          :  5481        7900      8033 
...
