000 (858111.000.000) 08/18 04:59:19 Job submitted from host: <172.20.3.187:9618?addrs=172.20.3.187-9618&noUDP&sock=2043_e813_3>
...
001 (858111.000.000) 08/18 12:47:05 Job executing on host: <172.20.225.5:9618?addrs=172.20.225.5-9618&noUDP&sock=3375_8c39_3>
...
006 (858111.000.000) 08/18 12:47:14 Image size of job updated: 21100
	21  -  MemoryUsage of job (MB)
	21100  -  ResidentSetSize of job (KB)
...
006 (858111.000.000) 08/18 12:52:15 Image size of job updated: 3855128
	3763  -  MemoryUsage of job (MB)
	3852896  -  ResidentSetSize of job (KB)
...
006 (858111.000.000) 08/18 12:57:15 Image size of job updated: 5160796
	5040  -  MemoryUsage of job (MB)
	5160796  -  ResidentSetSize of job (KB)
...
006 (858111.000.000) 08/18 13:02:16 Image size of job updated: 5292192
	5169  -  MemoryUsage of job (MB)
	5292192  -  ResidentSetSize of job (KB)
...
006 (858111.000.000) 08/18 13:07:17 Image size of job updated: 5292360
	5169  -  MemoryUsage of job (MB)
	5292360  -  ResidentSetSize of job (KB)
...
006 (858111.000.000) 08/18 13:12:17 Image size of job updated: 5293012
	5169  -  MemoryUsage of job (MB)
	5293012  -  ResidentSetSize of job (KB)
...
006 (858111.000.000) 08/18 13:16:30 Image size of job updated: 5879108
	5169  -  MemoryUsage of job (MB)
	5293012  -  ResidentSetSize of job (KB)
...
005 (858111.000.000) 08/18 13:16:30 Job terminated.
	(1) Normal termination (return value 0)
		Usr 0 00:34:03, Sys 0 00:00:34  -  Run Remote Usage
		Usr 0 00:00:00, Sys 0 00:00:00  -  Run Local Usage
		Usr 0 00:34:03, Sys 0 00:00:34  -  Total Remote Usage
		Usr 0 00:00:00, Sys 0 00:00:00  -  Total Local Usage
	2103  -  Run Bytes Sent By Job
	404  -  Run Bytes Received By Job
	2103  -  Total Bytes Sent By Job
	404  -  Total Bytes Received By Job
	Partitionable Resources :    Usage  Request Allocated 
	   Cpus                 :     0.69        1         1 
	   Disk (KB)            :   803           1 479749220 
	   Memory (MB)          :  5169        7900      8033 
...
