000 (857012.000.000) 08/18 04:58:43 Job submitted from host: <172.20.3.187:9618?addrs=172.20.3.187-9618&noUDP&sock=2043_e813_3>
...
001 (857012.000.000) 08/18 09:25:29 Job executing on host: <172.20.225.1:9618?addrs=172.20.225.1-9618&noUDP&sock=3382_5963_3>
...
006 (857012.000.000) 08/18 09:25:37 Image size of job updated: 21120
	21  -  MemoryUsage of job (MB)
	21120  -  ResidentSetSize of job (KB)
...
006 (857012.000.000) 08/18 09:30:38 Image size of job updated: 3856712
	3767  -  MemoryUsage of job (MB)
	3856712  -  ResidentSetSize of job (KB)
...
006 (857012.000.000) 08/18 09:35:38 Image size of job updated: 4552112
	4446  -  MemoryUsage of job (MB)
	4552112  -  ResidentSetSize of job (KB)
...
006 (857012.000.000) 08/18 09:40:39 Image size of job updated: 5296000
	5172  -  MemoryUsage of job (MB)
	5296000  -  ResidentSetSize of job (KB)
...
006 (857012.000.000) 08/18 09:45:39 Image size of job updated: 5296136
	5173  -  MemoryUsage of job (MB)
	5296136  -  ResidentSetSize of job (KB)
...
006 (857012.000.000) 08/18 09:50:39 Image size of job updated: 5296832
	5173  -  MemoryUsage of job (MB)
	5296832  -  ResidentSetSize of job (KB)
...
006 (857012.000.000) 08/18 09:55:41 Image size of job updated: 6120212
	5977  -  MemoryUsage of job (MB)
	6120212  -  ResidentSetSize of job (KB)
...
006 (857012.000.000) 08/18 09:55:52 Image size of job updated: 9666792
	5977  -  MemoryUsage of job (MB)
	6120212  -  ResidentSetSize of job (KB)
...
005 (857012.000.000) 08/18 09:55:52 Job terminated.
	(1) Normal termination (return value 0)
		Usr 0 00:33:00, Sys 0 00:00:36  -  Run Remote Usage
		Usr 0 00:00:00, Sys 0 00:00:00  -  Run Local Usage
		Usr 0 00:33:00, Sys 0 00:00:36  -  Total Remote Usage
		Usr 0 00:00:00, Sys 0 00:00:00  -  Total Local Usage
	2106  -  Run Bytes Sent By Job
	409  -  Run Bytes Received By Job
	2106  -  Total Bytes Sent By Job
	409  -  Total Bytes Received By Job
	Partitionable Resources :    Usage  Request Allocated 
	   Cpus                 :     0.91        1         1 
	   Disk (KB)            :   803           1 479786105 
	   Memory (MB)          :  5977        7900      8033 
...
