000 (856442.000.000) 08/18 04:58:25 Job submitted from host: <172.20.3.187:9618?addrs=172.20.3.187-9618&noUDP&sock=2043_e813_3>
...
001 (856442.000.000) 08/18 08:19:49 Job executing on host: <172.20.225.6:9618?addrs=172.20.225.6-9618&noUDP&sock=3382_5963_3>
...
006 (856442.000.000) 08/18 08:19:58 Image size of job updated: 21120
	21  -  MemoryUsage of job (MB)
	21120  -  ResidentSetSize of job (KB)
...
006 (856442.000.000) 08/18 08:24:58 Image size of job updated: 3764520
	3677  -  MemoryUsage of job (MB)
	3764448  -  ResidentSetSize of job (KB)
...
006 (856442.000.000) 08/18 08:29:59 Image size of job updated: 4588036
	4481  -  MemoryUsage of job (MB)
	4587964  -  ResidentSetSize of job (KB)
...
006 (856442.000.000) 08/18 08:34:59 Image size of job updated: 5344356
	5220  -  MemoryUsage of job (MB)
	5344356  -  ResidentSetSize of job (KB)
...
006 (856442.000.000) 08/18 08:40:00 Image size of job updated: 5344392
	5220  -  MemoryUsage of job (MB)
	5344392  -  ResidentSetSize of job (KB)
...
006 (856442.000.000) 08/18 08:45:00 Image size of job updated: 5344868
	5220  -  MemoryUsage of job (MB)
	5344868  -  ResidentSetSize of job (KB)
...
006 (856442.000.000) 08/18 08:50:01 Image size of job updated: 5522352
	5393  -  MemoryUsage of job (MB)
	5522352  -  ResidentSetSize of job (KB)
...
006 (856442.000.000) 08/18 08:52:53 Image size of job updated: 5522352
	5393  -  MemoryUsage of job (MB)
	5522396  -  ResidentSetSize of job (KB)
...
005 (856442.000.000) 08/18 08:52:54 Job terminated.
	(1) Normal termination (return value 0)
		Usr 0 00:32:08, Sys 0 00:00:28  -  Run Remote Usage
		Usr 0 00:00:00, Sys 0 00:00:00  -  Run Local Usage
		Usr 0 00:32:08, Sys 0 00:00:28  -  Total Remote Usage
		Usr 0 00:00:00, Sys 0 00:00:00  -  Total Local Usage
	2107  -  Run Bytes Sent By Job
	406  -  Run Bytes Received By Job
	2107  -  Total Bytes Sent By Job
	406  -  Total Bytes Received By Job
	Partitionable Resources :    Usage  Request Allocated 
	   Cpus                 :     0.69        1         1 
	   Disk (KB)            :   803           1 479749220 
	   Memory (MB)          :  5393        7900      8033 
...
