000 (854998.000.000) 08/18 04:57:34 Job submitted from host: <172.20.3.187:9618?addrs=172.20.3.187-9618&noUDP&sock=2043_e813_3>
...
001 (854998.000.000) 08/18 05:32:12 Job executing on host: <172.20.225.2:9618?addrs=172.20.225.2-9618&noUDP&sock=3424_285d_3>
...
006 (854998.000.000) 08/18 05:32:21 Image size of job updated: 21120
	21  -  MemoryUsage of job (MB)
	21120  -  ResidentSetSize of job (KB)
...
006 (854998.000.000) 08/18 05:37:22 Image size of job updated: 3807948
	3719  -  MemoryUsage of job (MB)
	3807692  -  ResidentSetSize of job (KB)
...
006 (854998.000.000) 08/18 05:42:23 Image size of job updated: 4631472
	4523  -  MemoryUsage of job (MB)
	4631216  -  ResidentSetSize of job (KB)
...
006 (854998.000.000) 08/18 05:47:23 Image size of job updated: 5387592
	5262  -  MemoryUsage of job (MB)
	5387592  -  ResidentSetSize of job (KB)
...
006 (854998.000.000) 08/18 05:52:23 Image size of job updated: 5387624
	5262  -  MemoryUsage of job (MB)
	5387624  -  ResidentSetSize of job (KB)
...
006 (854998.000.000) 08/18 05:57:24 Image size of job updated: 5388112
	5262  -  MemoryUsage of job (MB)
	5388112  -  ResidentSetSize of job (KB)
...
006 (854998.000.000) 08/18 06:02:25 Image size of job updated: 5388440
	5263  -  MemoryUsage of job (MB)
	5388440  -  ResidentSetSize of job (KB)
...
006 (854998.000.000) 08/18 06:05:48 Image size of job updated: 6627668
	5263  -  MemoryUsage of job (MB)
	5388440  -  ResidentSetSize of job (KB)
...
005 (854998.000.000) 08/18 06:05:48 Job terminated.
	(1) Normal termination (return value 0)
		Usr 0 00:32:23, Sys 0 00:00:31  -  Run Remote Usage
		Usr 0 00:00:00, Sys 0 00:00:00  -  Run Local Usage
		Usr 0 00:32:23, Sys 0 00:00:31  -  Total Remote Usage
		Usr 0 00:00:00, Sys 0 00:00:00  -  Total Local Usage
	2104  -  Run Bytes Sent By Job
	403  -  Run Bytes Received By Job
	2104  -  Total Bytes Sent By Job
	403  -  Total Bytes Received By Job
	Partitionable Resources :    Usage  Request Allocated 
	   Cpus                 :     0.88        1         1 
	   Disk (KB)            :   803           1 479786084 
	   Memory (MB)          :  5263        7900      8033 
...
