000 (856895.000.000) 08/18 04:58:40 Job submitted from host: <172.20.3.187:9618?addrs=172.20.3.187-9618&noUDP&sock=2043_e813_3>
...
001 (856895.000.000) 08/18 09:15:29 Job executing on host: <172.20.225.5:9618?addrs=172.20.225.5-9618&noUDP&sock=3375_8c39_3>
...
006 (856895.000.000) 08/18 09:15:38 Image size of job updated: 21116
	21  -  MemoryUsage of job (MB)
	21116  -  ResidentSetSize of job (KB)
...
006 (856895.000.000) 08/18 09:20:39 Image size of job updated: 3778240
	3690  -  MemoryUsage of job (MB)
	3778240  -  ResidentSetSize of job (KB)
...
006 (856895.000.000) 08/18 09:25:39 Image size of job updated: 5086144
	4967  -  MemoryUsage of job (MB)
	5086144  -  ResidentSetSize of job (KB)
...
006 (856895.000.000) 08/18 09:30:40 Image size of job updated: 5217524
	5096  -  MemoryUsage of job (MB)
	5217524  -  ResidentSetSize of job (KB)
...
006 (856895.000.000) 08/18 09:35:41 Image size of job updated: 5217668
	5096  -  MemoryUsage of job (MB)
	5217668  -  ResidentSetSize of job (KB)
...
006 (856895.000.000) 08/18 09:40:41 Image size of job updated: 5218348
	5097  -  MemoryUsage of job (MB)
	5218348  -  ResidentSetSize of job (KB)
...
006 (856895.000.000) 08/18 09:45:41 Image size of job updated: 5789812
	5655  -  MemoryUsage of job (MB)
	5789812  -  ResidentSetSize of job (KB)
...
006 (856895.000.000) 08/18 09:46:56 Image size of job updated: 9589380
	5655  -  MemoryUsage of job (MB)
	5789812  -  ResidentSetSize of job (KB)
...
005 (856895.000.000) 08/18 09:46:56 Job terminated.
	(1) Normal termination (return value 0)
		Usr 0 00:31:43, Sys 0 00:00:32  -  Run Remote Usage
		Usr 0 00:00:00, Sys 0 00:00:00  -  Run Local Usage
		Usr 0 00:31:43, Sys 0 00:00:32  -  Total Remote Usage
		Usr 0 00:00:00, Sys 0 00:00:00  -  Total Local Usage
	2109  -  Run Bytes Sent By Job
	411  -  Run Bytes Received By Job
	2109  -  Total Bytes Sent By Job
	411  -  Total Bytes Received By Job
	Partitionable Resources :    Usage  Request Allocated 
	   Cpus                 :     0.53        1         1 
	   Disk (KB)            :   803           1 479749220 
	   Memory (MB)          :  5655        7900      8033 
...
