000 (855934.000.000) 08/18 04:58:08 Job submitted from host: <172.20.3.187:9618?addrs=172.20.3.187-9618&noUDP&sock=2043_e813_3>
...
001 (855934.000.000) 08/18 07:17:27 Job executing on host: <172.20.225.5:9618?addrs=172.20.225.5-9618&noUDP&sock=3375_8c39_3>
...
006 (855934.000.000) 08/18 07:17:35 Image size of job updated: 21124
	21  -  MemoryUsage of job (MB)
	21124  -  ResidentSetSize of job (KB)
...
006 (855934.000.000) 08/18 07:22:35 Image size of job updated: 3798584
	3696  -  MemoryUsage of job (MB)
	3784020  -  ResidentSetSize of job (KB)
...
006 (855934.000.000) 08/18 07:27:37 Image size of job updated: 4620044
	4512  -  MemoryUsage of job (MB)
	4620044  -  ResidentSetSize of job (KB)
...
006 (855934.000.000) 08/18 07:32:36 Image size of job updated: 5363924
	5239  -  MemoryUsage of job (MB)
	5363924  -  ResidentSetSize of job (KB)
...
006 (855934.000.000) 08/18 07:37:37 Image size of job updated: 5364068
	5239  -  MemoryUsage of job (MB)
	5364068  -  ResidentSetSize of job (KB)
...
006 (855934.000.000) 08/18 07:42:38 Image size of job updated: 5364772
	5240  -  MemoryUsage of job (MB)
	5364772  -  ResidentSetSize of job (KB)
...
006 (855934.000.000) 08/18 07:47:39 Image size of job updated: 5845920
	5709  -  MemoryUsage of job (MB)
	5845828  -  ResidentSetSize of job (KB)
...
005 (855934.000.000) 08/18 07:49:20 Job terminated.
	(1) Normal termination (return value 0)
		Usr 0 00:32:22, Sys 0 00:00:31  -  Run Remote Usage
		Usr 0 00:00:00, Sys 0 00:00:00  -  Run Local Usage
		Usr 0 00:32:22, Sys 0 00:00:31  -  Total Remote Usage
		Usr 0 00:00:00, Sys 0 00:00:00  -  Total Local Usage
	2113  -  Run Bytes Sent By Job
	412  -  Run Bytes Received By Job
	2113  -  Total Bytes Sent By Job
	412  -  Total Bytes Received By Job
	Partitionable Resources :    Usage  Request Allocated 
	   Cpus                 :     0.67        1         1 
	   Disk (KB)            :   803           1 479749220 
	   Memory (MB)          :  5709        7900      8033 
...
