000 (855990.000.000) 08/18 04:58:10 Job submitted from host: <172.20.3.187:9618?addrs=172.20.3.187-9618&noUDP&sock=2043_e813_3>
...
001 (855990.000.000) 08/18 07:34:45 Job executing on host: <172.20.225.4:9618?addrs=172.20.225.4-9618&noUDP&sock=3366_5fdf_3>
...
006 (855990.000.000) 08/18 07:34:54 Image size of job updated: 21124
	21  -  MemoryUsage of job (MB)
	21124  -  ResidentSetSize of job (KB)
...
006 (855990.000.000) 08/18 07:39:55 Image size of job updated: 4303920
	4204  -  MemoryUsage of job (MB)
	4303920  -  ResidentSetSize of job (KB)
...
006 (855990.000.000) 08/18 07:44:55 Image size of job updated: 5363856
	5239  -  MemoryUsage of job (MB)
	5363856  -  ResidentSetSize of job (KB)
...
006 (855990.000.000) 08/18 07:49:56 Image size of job updated: 5363976
	5239  -  MemoryUsage of job (MB)
	5363976  -  ResidentSetSize of job (KB)
...
006 (855990.000.000) 08/18 07:54:56 Image size of job updated: 5364136
	5239  -  MemoryUsage of job (MB)
	5364136  -  ResidentSetSize of job (KB)
...
006 (855990.000.000) 08/18 07:59:57 Image size of job updated: 5364792
	5240  -  MemoryUsage of job (MB)
	5364792  -  ResidentSetSize of job (KB)
...
006 (855990.000.000) 08/18 08:04:58 Image size of job updated: 6052328
	5911  -  MemoryUsage of job (MB)
	6052280  -  ResidentSetSize of job (KB)
...
005 (855990.000.000) 08/18 08:05:10 Job terminated.
	(1) Normal termination (return value 0)
		Usr 0 00:33:04, Sys 0 00:00:32  -  Run Remote Usage
		Usr 0 00:00:00, Sys 0 00:00:00  -  Run Local Usage
		Usr 0 00:33:04, Sys 0 00:00:32  -  Total Remote Usage
		Usr 0 00:00:00, Sys 0 00:00:00  -  Total Local Usage
	2113  -  Run Bytes Sent By Job
	412  -  Run Bytes Received By Job
	2113  -  Total Bytes Sent By Job
	412  -  Total Bytes Received By Job
	Partitionable Resources :    Usage  Request Allocated 
	   Cpus                 :     0.33        1         1 
	   Disk (KB)            :   809           1 479779449 
	   Memory (MB)          :  5911        7900      8033 
...
