000 (855344.000.000) 08/18 04:57:49 Job submitted from host: <172.20.3.187:9618?addrs=172.20.3.187-9618&noUDP&sock=2043_e813_3>
...
001 (855344.000.000) 08/18 06:08:03 Job executing on host: <172.20.225.1:9618?addrs=172.20.225.1-9618&noUDP&sock=3382_5963_3>
...
006 (855344.000.000) 08/18 06:08:11 Image size of job updated: 21112
	21  -  MemoryUsage of job (MB)
	21112  -  ResidentSetSize of job (KB)
...
006 (855344.000.000) 08/18 06:13:11 Image size of job updated: 3818416
	3723  -  MemoryUsage of job (MB)
	3812064  -  ResidentSetSize of job (KB)
...
006 (855344.000.000) 08/18 06:18:12 Image size of job updated: 4820060
	4701  -  MemoryUsage of job (MB)
	4813708  -  ResidentSetSize of job (KB)
...
006 (855344.000.000) 08/18 06:23:13 Image size of job updated: 5257732
	5129  -  MemoryUsage of job (MB)
	5251348  -  ResidentSetSize of job (KB)
...
006 (855344.000.000) 08/18 06:28:14 Image size of job updated: 5257732
	5129  -  MemoryUsage of job (MB)
	5251492  -  ResidentSetSize of job (KB)
...
006 (855344.000.000) 08/18 06:33:14 Image size of job updated: 5257732
	5130  -  MemoryUsage of job (MB)
	5252180  -  ResidentSetSize of job (KB)
...
006 (855344.000.000) 08/18 06:38:14 Image size of job updated: 5728752
	5590  -  MemoryUsage of job (MB)
	5723208  -  ResidentSetSize of job (KB)
...
005 (855344.000.000) 08/18 06:41:21 Job terminated.
	(1) Normal termination (return value 0)
		Usr 0 00:32:10, Sys 0 00:00:34  -  Run Remote Usage
		Usr 0 00:00:00, Sys 0 00:00:00  -  Run Local Usage
		Usr 0 00:32:10, Sys 0 00:00:34  -  Total Remote Usage
		Usr 0 00:00:00, Sys 0 00:00:00  -  Total Local Usage
	2096  -  Run Bytes Sent By Job
	398  -  Run Bytes Received By Job
	2096  -  Total Bytes Sent By Job
	398  -  Total Bytes Received By Job
	Partitionable Resources :    Usage  Request Allocated 
	   Cpus                 :     0.63        1         1 
	   Disk (KB)            :   803           1 479786105 
	   Memory (MB)          :  5590        7900      8033 
...
