000 (857875.000.000) 08/18 04:59:11 Job submitted from host: <172.20.3.187:9618?addrs=172.20.3.187-9618&noUDP&sock=2043_e813_3>
...
001 (857875.000.000) 08/18 12:16:08 Job executing on host: <172.20.225.5:9618?addrs=172.20.225.5-9618&noUDP&sock=3375_8c39_3>
...
006 (857875.000.000) 08/18 12:16:17 Image size of job updated: 21116
	21  -  MemoryUsage of job (MB)
	21116  -  ResidentSetSize of job (KB)
...
006 (857875.000.000) 08/18 12:21:17 Image size of job updated: 3790364
	3702  -  MemoryUsage of job (MB)
	3790364  -  ResidentSetSize of job (KB)
...
006 (857875.000.000) 08/18 12:26:18 Image size of job updated: 4792020
	4680  -  MemoryUsage of job (MB)
	4792020  -  ResidentSetSize of job (KB)
...
006 (857875.000.000) 08/18 12:31:18 Image size of job updated: 5229660
	5108  -  MemoryUsage of job (MB)
	5229660  -  ResidentSetSize of job (KB)
...
006 (857875.000.000) 08/18 12:36:19 Image size of job updated: 5229824
	5108  -  MemoryUsage of job (MB)
	5229824  -  ResidentSetSize of job (KB)
...
006 (857875.000.000) 08/18 12:41:20 Image size of job updated: 5230480
	5108  -  MemoryUsage of job (MB)
	5230480  -  ResidentSetSize of job (KB)
...
006 (857875.000.000) 08/18 12:46:20 Image size of job updated: 5898284
	5761  -  MemoryUsage of job (MB)
	5898284  -  ResidentSetSize of job (KB)
...
005 (857875.000.000) 08/18 12:46:46 Job terminated.
	(1) Normal termination (return value 0)
		Usr 0 00:34:05, Sys 0 00:00:34  -  Run Remote Usage
		Usr 0 00:00:00, Sys 0 00:00:00  -  Run Local Usage
		Usr 0 00:34:05, Sys 0 00:00:34  -  Total Remote Usage
		Usr 0 00:00:00, Sys 0 00:00:00  -  Total Local Usage
	2098  -  Run Bytes Sent By Job
	400  -  Run Bytes Received By Job
	2098  -  Total Bytes Sent By Job
	400  -  Total Bytes Received By Job
	Partitionable Resources :    Usage  Request Allocated 
	   Cpus                 :     0.71        1         1 
	   Disk (KB)            :   803           1 479749220 
	   Memory (MB)          :  5761        7900      8033 
...
