000 (859463.000.000) 08/18 05:00:04 Job submitted from host: <172.20.3.187:9618?addrs=172.20.3.187-9618&noUDP&sock=2043_e813_3>
...
001 (859463.000.000) 08/18 15:34:55 Job executing on host: <172.20.225.4:9618?addrs=172.20.225.4-9618&noUDP&sock=3366_5fdf_3>
...
006 (859463.000.000) 08/18 15:35:04 Image size of job updated: 21116
	21  -  MemoryUsage of job (MB)
	21116  -  ResidentSetSize of job (KB)
...
006 (859463.000.000) 08/18 15:40:05 Image size of job updated: 3840744
	3751  -  MemoryUsage of job (MB)
	3840744  -  ResidentSetSize of job (KB)
...
006 (859463.000.000) 08/18 15:45:06 Image size of job updated: 4536144
	4430  -  MemoryUsage of job (MB)
	4536144  -  ResidentSetSize of job (KB)
...
006 (859463.000.000) 08/18 15:50:07 Image size of job updated: 5280024
	5157  -  MemoryUsage of job (MB)
	5280024  -  ResidentSetSize of job (KB)
...
006 (859463.000.000) 08/18 15:55:07 Image size of job updated: 5280156
	5157  -  MemoryUsage of job (MB)
	5280156  -  ResidentSetSize of job (KB)
...
006 (859463.000.000) 08/18 16:00:07 Image size of job updated: 5280856
	5158  -  MemoryUsage of job (MB)
	5280856  -  ResidentSetSize of job (KB)
...
006 (859463.000.000) 08/18 16:05:08 Image size of job updated: 5511696
	5383  -  MemoryUsage of job (MB)
	5511696  -  ResidentSetSize of job (KB)
...
006 (859463.000.000) 08/18 16:09:00 Image size of job updated: 13187144
	5383  -  MemoryUsage of job (MB)
	5511724  -  ResidentSetSize of job (KB)
...
005 (859463.000.000) 08/18 16:09:00 Job terminated.
	(1) Normal termination (return value 0)
		Usr 0 00:33:55, Sys 0 00:00:31  -  Run Remote Usage
		Usr 0 00:00:00, Sys 0 00:00:00  -  Run Local Usage
		Usr 0 00:33:55, Sys 0 00:00:31  -  Total Remote Usage
		Usr 0 00:00:00, Sys 0 00:00:00  -  Total Local Usage
	2104  -  Run Bytes Sent By Job
	405  -  Run Bytes Received By Job
	2104  -  Total Bytes Sent By Job
	405  -  Total Bytes Received By Job
	Partitionable Resources :    Usage  Request Allocated 
	   Cpus                 :     1.00        1         1 
	   Disk (KB)            :   803           1 479779449 
	   Memory (MB)          :  5383        7900      8033 
...
