000 (858211.000.000) 08/18 04:59:22 Job submitted from host: <172.20.3.187:9618?addrs=172.20.3.187-9618&noUDP&sock=2043_e813_3>
...
001 (858211.000.000) 08/18 12:52:47 Job executing on host: <172.20.225.8:9618?addrs=172.20.225.8-9618&noUDP&sock=3440_21e1_3>
...
006 (858211.000.000) 08/18 12:52:56 Image size of job updated: 21112
	21  -  MemoryUsage of job (MB)
	21112  -  ResidentSetSize of job (KB)
...
006 (858211.000.000) 08/18 12:57:57 Image size of job updated: 4509604
	4404  -  MemoryUsage of job (MB)
	4509604  -  ResidentSetSize of job (KB)
...
006 (858211.000.000) 08/18 13:02:58 Image size of job updated: 5284644
	5161  -  MemoryUsage of job (MB)
	5284644  -  ResidentSetSize of job (KB)
...
006 (858211.000.000) 08/18 13:07:58 Image size of job updated: 5284768
	5161  -  MemoryUsage of job (MB)
	5284768  -  ResidentSetSize of job (KB)
...
006 (858211.000.000) 08/18 13:12:59 Image size of job updated: 5284920
	5162  -  MemoryUsage of job (MB)
	5284920  -  ResidentSetSize of job (KB)
...
006 (858211.000.000) 08/18 13:17:59 Image size of job updated: 5285588
	5162  -  MemoryUsage of job (MB)
	5285588  -  ResidentSetSize of job (KB)
...
006 (858211.000.000) 08/18 13:23:00 Image size of job updated: 5808284
	5665  -  MemoryUsage of job (MB)
	5799952  -  ResidentSetSize of job (KB)
...
005 (858211.000.000) 08/18 13:25:59 Job terminated.
	(1) Normal termination (return value 0)
		Usr 0 00:33:28, Sys 0 00:00:36  -  Run Remote Usage
		Usr 0 00:00:00, Sys 0 00:00:00  -  Run Local Usage
		Usr 0 00:33:28, Sys 0 00:00:36  -  Total Remote Usage
		Usr 0 00:00:00, Sys 0 00:00:00  -  Total Local Usage
	2106  -  Run Bytes Sent By Job
	407  -  Run Bytes Received By Job
	2106  -  Total Bytes Sent By Job
	407  -  Total Bytes Received By Job
	Partitionable Resources :    Usage  Request Allocated 
	   Cpus                 :     0.85        1         1 
	   Disk (KB)            :   803           1 479737977 
	   Memory (MB)          :  5665        7900      8033 
...
