000 (858043.000.000) 08/18 04:59:17 Job submitted from host: <172.20.3.187:9618?addrs=172.20.3.187-9618&noUDP&sock=2043_e813_3>
...
001 (858043.000.000) 08/18 12:41:32 Job executing on host: <172.20.225.4:9618?addrs=172.20.225.4-9618&noUDP&sock=3366_5fdf_3>
...
006 (858043.000.000) 08/18 12:41:41 Image size of job updated: 21108
	21  -  MemoryUsage of job (MB)
	21108  -  ResidentSetSize of job (KB)
...
006 (858043.000.000) 08/18 12:46:43 Image size of job updated: 4478692
	4374  -  MemoryUsage of job (MB)
	4478692  -  ResidentSetSize of job (KB)
...
006 (858043.000.000) 08/18 12:51:43 Image size of job updated: 5261604
	5139  -  MemoryUsage of job (MB)
	5261604  -  ResidentSetSize of job (KB)
...
006 (858043.000.000) 08/18 12:56:44 Image size of job updated: 5261724
	5139  -  MemoryUsage of job (MB)
	5261724  -  ResidentSetSize of job (KB)
...
006 (858043.000.000) 08/18 13:01:44 Image size of job updated: 5261888
	5139  -  MemoryUsage of job (MB)
	5261888  -  ResidentSetSize of job (KB)
...
006 (858043.000.000) 08/18 13:06:44 Image size of job updated: 5262536
	5140  -  MemoryUsage of job (MB)
	5262536  -  ResidentSetSize of job (KB)
...
006 (858043.000.000) 08/18 13:11:45 Image size of job updated: 6156416
	6013  -  MemoryUsage of job (MB)
	6156412  -  ResidentSetSize of job (KB)
...
006 (858043.000.000) 08/18 13:13:11 Image size of job updated: 6165660
	6013  -  MemoryUsage of job (MB)
	6156412  -  ResidentSetSize of job (KB)
...
005 (858043.000.000) 08/18 13:13:11 Job terminated.
	(1) Normal termination (return value 0)
		Usr 0 00:33:11, Sys 0 00:00:34  -  Run Remote Usage
		Usr 0 00:00:00, Sys 0 00:00:00  -  Run Local Usage
		Usr 0 00:33:11, Sys 0 00:00:34  -  Total Remote Usage
		Usr 0 00:00:00, Sys 0 00:00:00  -  Total Local Usage
	2107  -  Run Bytes Sent By Job
	406  -  Run Bytes Received By Job
	2107  -  Total Bytes Sent By Job
	406  -  Total Bytes Received By Job
	Partitionable Resources :    Usage  Request Allocated 
	   Cpus                 :     0.67        1         1 
	   Disk (KB)            :   803           1 479779449 
	   Memory (MB)          :  6013        7900      8033 
...
