000 (855214.000.000) 08/18 04:57:45 Job submitted from host: <172.20.3.187:9618?addrs=172.20.3.187-9618&noUDP&sock=2043_e813_3>
...
001 (855214.000.000) 08/18 06:06:05 Job executing on host: <172.20.225.2:9618?addrs=172.20.225.2-9618&noUDP&sock=3424_285d_3>
...
006 (855214.000.000) 08/18 06:06:14 Image size of job updated: 21116
	21  -  MemoryUsage of job (MB)
	21116  -  ResidentSetSize of job (KB)
...
006 (855214.000.000) 08/18 06:11:15 Image size of job updated: 4125564
	4029  -  MemoryUsage of job (MB)
	4125564  -  ResidentSetSize of job (KB)
...
006 (855214.000.000) 08/18 06:16:15 Image size of job updated: 5258468
	5136  -  MemoryUsage of job (MB)
	5258468  -  ResidentSetSize of job (KB)
...
006 (855214.000.000) 08/18 06:21:16 Image size of job updated: 5258600
	5136  -  MemoryUsage of job (MB)
	5258600  -  ResidentSetSize of job (KB)
...
006 (855214.000.000) 08/18 06:26:17 Image size of job updated: 5258768
	5136  -  MemoryUsage of job (MB)
	5258768  -  ResidentSetSize of job (KB)
...
006 (855214.000.000) 08/18 06:31:18 Image size of job updated: 5259420
	5137  -  MemoryUsage of job (MB)
	5259420  -  ResidentSetSize of job (KB)
...
006 (855214.000.000) 08/18 06:36:11 Image size of job updated: 12808504
	5137  -  MemoryUsage of job (MB)
	5259420  -  ResidentSetSize of job (KB)
...
005 (855214.000.000) 08/18 06:36:11 Job terminated.
	(1) Normal termination (return value 0)
		Usr 0 00:30:27, Sys 0 00:00:35  -  Run Remote Usage
		Usr 0 00:00:00, Sys 0 00:00:00  -  Run Local Usage
		Usr 0 00:30:27, Sys 0 00:00:35  -  Total Remote Usage
		Usr 0 00:00:00, Sys 0 00:00:00  -  Total Local Usage
	2099  -  Run Bytes Sent By Job
	400  -  Run Bytes Received By Job
	2099  -  Total Bytes Sent By Job
	400  -  Total Bytes Received By Job
	Partitionable Resources :    Usage  Request Allocated 
	   Cpus                 :     0.65        1         1 
	   Disk (KB)            :   803           1 479786084 
	   Memory (MB)          :  5137        7900      8033 
...
