000 (857714.000.000) 08/18 04:59:06 Job submitted from host: <172.20.3.187:9618?addrs=172.20.3.187-9618&noUDP&sock=2043_e813_3>
...
001 (857714.000.000) 08/18 11:44:02 Job executing on host: <172.20.225.2:9618?addrs=172.20.225.2-9618&noUDP&sock=3424_285d_3>
...
006 (857714.000.000) 08/18 11:44:11 Image size of job updated: 21120
	21  -  MemoryUsage of job (MB)
	21120  -  ResidentSetSize of job (KB)
...
006 (857714.000.000) 08/18 11:49:12 Image size of job updated: 3686920
	3601  -  MemoryUsage of job (MB)
	3686920  -  ResidentSetSize of job (KB)
...
006 (857714.000.000) 08/18 11:54:12 Image size of job updated: 4829196
	4717  -  MemoryUsage of job (MB)
	4829196  -  ResidentSetSize of job (KB)
...
006 (857714.000.000) 08/18 11:59:13 Image size of job updated: 5266828
	5144  -  MemoryUsage of job (MB)
	5266828  -  ResidentSetSize of job (KB)
...
006 (857714.000.000) 08/18 12:04:14 Image size of job updated: 5266960
	5144  -  MemoryUsage of job (MB)
	5266960  -  ResidentSetSize of job (KB)
...
006 (857714.000.000) 08/18 12:09:14 Image size of job updated: 5267656
	5145  -  MemoryUsage of job (MB)
	5267656  -  ResidentSetSize of job (KB)
...
006 (857714.000.000) 08/18 12:14:15 Image size of job updated: 5469960
	5340  -  MemoryUsage of job (MB)
	5467220  -  ResidentSetSize of job (KB)
...
006 (857714.000.000) 08/18 12:18:31 Image size of job updated: 5925828
	5340  -  MemoryUsage of job (MB)
	5467240  -  ResidentSetSize of job (KB)
...
005 (857714.000.000) 08/18 12:18:31 Job terminated.
	(1) Normal termination (return value 0)
		Usr 0 00:33:17, Sys 0 00:00:36  -  Run Remote Usage
		Usr 0 00:00:00, Sys 0 00:00:00  -  Run Local Usage
		Usr 0 00:33:17, Sys 0 00:00:36  -  Total Remote Usage
		Usr 0 00:00:00, Sys 0 00:00:00  -  Total Local Usage
	2103  -  Run Bytes Sent By Job
	405  -  Run Bytes Received By Job
	2103  -  Total Bytes Sent By Job
	405  -  Total Bytes Received By Job
	Partitionable Resources :    Usage  Request Allocated 
	   Cpus                 :     0.73        1         1 
	   Disk (KB)            :   803           1 479786084 
	   Memory (MB)          :  5340        7900      8033 
...
