000 (858591.000.000) 08/18 04:59:34 Job submitted from host: <172.20.3.187:9618?addrs=172.20.3.187-9618&noUDP&sock=2043_e813_3>
...
001 (858591.000.000) 08/18 13:43:38 Job executing on host: <172.20.225.8:9618?addrs=172.20.225.8-9618&noUDP&sock=3440_21e1_3>
...
006 (858591.000.000) 08/18 13:43:46 Image size of job updated: 21112
	21  -  MemoryUsage of job (MB)
	21112  -  ResidentSetSize of job (KB)
...
006 (858591.000.000) 08/18 13:48:46 Image size of job updated: 3974088
	3881  -  MemoryUsage of job (MB)
	3974088  -  ResidentSetSize of job (KB)
...
006 (858591.000.000) 08/18 13:53:47 Image size of job updated: 4797636
	4686  -  MemoryUsage of job (MB)
	4797636  -  ResidentSetSize of job (KB)
...
006 (858591.000.000) 08/18 13:58:48 Image size of job updated: 5554024
	5424  -  MemoryUsage of job (MB)
	5554024  -  ResidentSetSize of job (KB)
...
006 (858591.000.000) 08/18 14:03:48 Image size of job updated: 5554172
	5424  -  MemoryUsage of job (MB)
	5554172  -  ResidentSetSize of job (KB)
...
006 (858591.000.000) 08/18 14:08:48 Image size of job updated: 5554856
	5425  -  MemoryUsage of job (MB)
	5554856  -  ResidentSetSize of job (KB)
...
006 (858591.000.000) 08/18 14:13:49 Image size of job updated: 6240064
	6089  -  MemoryUsage of job (MB)
	6234736  -  ResidentSetSize of job (KB)
...
005 (858591.000.000) 08/18 14:15:17 Job terminated.
	(1) Normal termination (return value 0)
		Usr 0 00:33:59, Sys 0 00:00:33  -  Run Remote Usage
		Usr 0 00:00:00, Sys 0 00:00:00  -  Run Local Usage
		Usr 0 00:33:59, Sys 0 00:00:33  -  Total Remote Usage
		Usr 0 00:00:00, Sys 0 00:00:00  -  Total Local Usage
	2113  -  Run Bytes Sent By Job
	412  -  Run Bytes Received By Job
	2113  -  Total Bytes Sent By Job
	412  -  Total Bytes Received By Job
	Partitionable Resources :    Usage  Request Allocated 
	   Cpus                 :     0.49        1         1 
	   Disk (KB)            :   803           1 479737977 
	   Memory (MB)          :  6089        7900      8033 
...
