000 (856656.000.000) 08/18 04:58:32 Job submitted from host: <172.20.3.187:9618?addrs=172.20.3.187-9618&noUDP&sock=2043_e813_3>
...
001 (856656.000.000) 08/18 08:48:02 Job executing on host: <172.20.225.6:9618?addrs=172.20.225.6-9618&noUDP&sock=3382_5963_3>
...
006 (856656.000.000) 08/18 08:48:11 Image size of job updated: 21112
	21  -  MemoryUsage of job (MB)
	21112  -  ResidentSetSize of job (KB)
...
006 (856656.000.000) 08/18 08:53:12 Image size of job updated: 4093160
	3998  -  MemoryUsage of job (MB)
	4093160  -  ResidentSetSize of job (KB)
...
006 (856656.000.000) 08/18 08:58:13 Image size of job updated: 4788552
	4677  -  MemoryUsage of job (MB)
	4788552  -  ResidentSetSize of job (KB)
...
006 (856656.000.000) 08/18 09:03:13 Image size of job updated: 5226184
	5104  -  MemoryUsage of job (MB)
	5226184  -  ResidentSetSize of job (KB)
...
006 (856656.000.000) 08/18 09:08:14 Image size of job updated: 5226328
	5104  -  MemoryUsage of job (MB)
	5226328  -  ResidentSetSize of job (KB)
...
006 (856656.000.000) 08/18 09:13:14 Image size of job updated: 5227012
	5105  -  MemoryUsage of job (MB)
	5227012  -  ResidentSetSize of job (KB)
...
006 (856656.000.000) 08/18 09:18:15 Image size of job updated: 5710220
	5577  -  MemoryUsage of job (MB)
	5709960  -  ResidentSetSize of job (KB)
...
005 (856656.000.000) 08/18 09:20:13 Job terminated.
	(1) Normal termination (return value 0)
		Usr 0 00:31:36, Sys 0 00:00:33  -  Run Remote Usage
		Usr 0 00:00:00, Sys 0 00:00:00  -  Run Local Usage
		Usr 0 00:31:36, Sys 0 00:00:33  -  Total Remote Usage
		Usr 0 00:00:00, Sys 0 00:00:00  -  Total Local Usage
	2114  -  Run Bytes Sent By Job
	416  -  Run Bytes Received By Job
	2114  -  Total Bytes Sent By Job
	416  -  Total Bytes Received By Job
	Partitionable Resources :    Usage  Request Allocated 
	   Cpus                 :     0.54        1         1 
	   Disk (KB)            :   803           1 479749220 
	   Memory (MB)          :  5577        7900      8033 
...
