000 (855483.000.000) 08/18 04:57:53 Job submitted from host: <172.20.3.187:9618?addrs=172.20.3.187-9618&noUDP&sock=2043_e813_3>
...
001 (855483.000.000) 08/18 06:38:08 Job executing on host: <172.20.225.6:9618?addrs=172.20.225.6-9618&noUDP&sock=3382_5963_3>
...
006 (855483.000.000) 08/18 06:38:17 Image size of job updated: 21124
	21  -  MemoryUsage of job (MB)
	21124  -  ResidentSetSize of job (KB)
...
006 (855483.000.000) 08/18 06:43:18 Image size of job updated: 4455472
	4352  -  MemoryUsage of job (MB)
	4455472  -  ResidentSetSize of job (KB)
...
006 (855483.000.000) 08/18 06:48:18 Image size of job updated: 5238372
	5116  -  MemoryUsage of job (MB)
	5238372  -  ResidentSetSize of job (KB)
...
006 (855483.000.000) 08/18 06:53:19 Image size of job updated: 5238496
	5116  -  MemoryUsage of job (MB)
	5238496  -  ResidentSetSize of job (KB)
...
006 (855483.000.000) 08/18 06:58:19 Image size of job updated: 5238656
	5116  -  MemoryUsage of job (MB)
	5238656  -  ResidentSetSize of job (KB)
...
006 (855483.000.000) 08/18 07:03:21 Image size of job updated: 5239316
	5117  -  MemoryUsage of job (MB)
	5239316  -  ResidentSetSize of job (KB)
...
006 (855483.000.000) 08/18 07:08:20 Image size of job updated: 5983560
	5844  -  MemoryUsage of job (MB)
	5983268  -  ResidentSetSize of job (KB)
...
005 (855483.000.000) 08/18 07:08:46 Job terminated.
	(1) Normal termination (return value 0)
		Usr 0 00:31:32, Sys 0 00:00:31  -  Run Remote Usage
		Usr 0 00:00:00, Sys 0 00:00:00  -  Run Local Usage
		Usr 0 00:31:32, Sys 0 00:00:31  -  Total Remote Usage
		Usr 0 00:00:00, Sys 0 00:00:00  -  Total Local Usage
	2099  -  Run Bytes Sent By Job
	403  -  Run Bytes Received By Job
	2099  -  Total Bytes Sent By Job
	403  -  Total Bytes Received By Job
	Partitionable Resources :    Usage  Request Allocated 
	   Cpus                 :     0.62        1         1 
	   Disk (KB)            :   803           1 479749220 
	   Memory (MB)          :  5844        7900      8033 
...
