000 (854644.000.000) 08/18 04:57:22 Job submitted from host: <172.20.3.187:9618?addrs=172.20.3.187-9618&noUDP&sock=2043_e813_3>
...
001 (854644.000.000) 08/18 04:57:48 Job executing on host: <172.20.225.6:9618?addrs=172.20.225.6-9618&noUDP&sock=3382_5963_3>
...
006 (854644.000.000) 08/18 04:57:56 Image size of job updated: 20800
	21  -  MemoryUsage of job (MB)
	20800  -  ResidentSetSize of job (KB)
...
006 (854644.000.000) 08/18 05:02:56 Image size of job updated: 3810472
	3719  -  MemoryUsage of job (MB)
	3807648  -  ResidentSetSize of job (KB)
...
006 (854644.000.000) 08/18 05:07:57 Image size of job updated: 4633988
	4523  -  MemoryUsage of job (MB)
	4631164  -  ResidentSetSize of job (KB)
...
006 (854644.000.000) 08/18 05:12:58 Image size of job updated: 5390372
	5262  -  MemoryUsage of job (MB)
	5387548  -  ResidentSetSize of job (KB)
...
006 (854644.000.000) 08/18 05:17:58 Image size of job updated: 5390504
	5262  -  MemoryUsage of job (MB)
	5387680  -  ResidentSetSize of job (KB)
...
006 (854644.000.000) 08/18 05:22:59 Image size of job updated: 5390504
	5263  -  MemoryUsage of job (MB)
	5388380  -  ResidentSetSize of job (KB)
...
006 (854644.000.000) 08/18 05:27:59 Image size of job updated: 5596540
	5466  -  MemoryUsage of job (MB)
	5596288  -  ResidentSetSize of job (KB)
...
006 (854644.000.000) 08/18 05:31:02 Image size of job updated: 5596540
	5466  -  MemoryUsage of job (MB)
	5596316  -  ResidentSetSize of job (KB)
...
005 (854644.000.000) 08/18 05:31:08 Job terminated.
	(1) Normal termination (return value 0)
		Usr 0 00:32:26, Sys 0 00:00:32  -  Run Remote Usage
		Usr 0 00:00:00, Sys 0 00:00:00  -  Run Local Usage
		Usr 0 00:32:26, Sys 0 00:00:32  -  Total Remote Usage
		Usr 0 00:00:00, Sys 0 00:00:00  -  Total Local Usage
	2104  -  Run Bytes Sent By Job
	403  -  Run Bytes Received By Job
	2104  -  Total Bytes Sent By Job
	403  -  Total Bytes Received By Job
	Partitionable Resources :    Usage  Request Allocated 
	   Cpus                 :        0        1         1 
	   Disk (KB)            :      803        1 479749220 
	   Memory (MB)          :     5466     7900      8033 
...
