000 (854541.000.000) 08/18 04:57:19 Job submitted from host: <172.20.3.187:9618?addrs=172.20.3.187-9618&noUDP&sock=2043_e813_3>
...
001 (854541.000.000) 08/18 04:57:44 Job executing on host: <172.20.225.4:9618?addrs=172.20.225.4-9618&noUDP&sock=3366_5fdf_3>
...
006 (854541.000.000) 08/18 04:57:53 Image size of job updated: 21112
	21  -  MemoryUsage of job (MB)
	21112  -  ResidentSetSize of job (KB)
...
006 (854541.000.000) 08/18 05:02:54 Image size of job updated: 3948788
	3856  -  MemoryUsage of job (MB)
	3948176  -  ResidentSetSize of job (KB)
...
006 (854541.000.000) 08/18 05:07:54 Image size of job updated: 4631684
	4523  -  MemoryUsage of job (MB)
	4631072  -  ResidentSetSize of job (KB)
...
006 (854541.000.000) 08/18 05:12:55 Image size of job updated: 5388128
	5262  -  MemoryUsage of job (MB)
	5387516  -  ResidentSetSize of job (KB)
...
006 (854541.000.000) 08/18 05:17:56 Image size of job updated: 5388164
	5262  -  MemoryUsage of job (MB)
	5387552  -  ResidentSetSize of job (KB)
...
006 (854541.000.000) 08/18 05:22:56 Image size of job updated: 5388348
	5263  -  MemoryUsage of job (MB)
	5388348  -  ResidentSetSize of job (KB)
...
006 (854541.000.000) 08/18 05:27:57 Image size of job updated: 5565416
	5435  -  MemoryUsage of job (MB)
	5565416  -  ResidentSetSize of job (KB)
...
006 (854541.000.000) 08/18 05:31:28 Image size of job updated: 16662276
	5436  -  MemoryUsage of job (MB)
	5565472  -  ResidentSetSize of job (KB)
...
005 (854541.000.000) 08/18 05:31:28 Job terminated.
	(1) Normal termination (return value 0)
		Usr 0 00:32:18, Sys 0 00:00:36  -  Run Remote Usage
		Usr 0 00:00:00, Sys 0 00:00:00  -  Run Local Usage
		Usr 0 00:32:18, Sys 0 00:00:36  -  Total Remote Usage
		Usr 0 00:00:00, Sys 0 00:00:00  -  Total Local Usage
	2101  -  Run Bytes Sent By Job
	402  -  Run Bytes Received By Job
	2101  -  Total Bytes Sent By Job
	402  -  Total Bytes Received By Job
	Partitionable Resources :    Usage  Request Allocated 
	   Cpus                 :     0.83        1         1 
	   Disk (KB)            :   803           1 479779449 
	   Memory (MB)          :  5436        7900      8033 
...
