000 (860613.000.000) 08/18 05:00:42 Job submitted from host: <172.20.3.187:9618?addrs=172.20.3.187-9618&noUDP&sock=2043_e813_3>
...
001 (860613.000.000) 08/18 17:55:42 Job executing on host: <172.20.225.6:9618?addrs=172.20.225.6-9618&noUDP&sock=3382_5963_3>
...
006 (860613.000.000) 08/18 17:55:50 Image size of job updated: 20796
	21  -  MemoryUsage of job (MB)
	20796  -  ResidentSetSize of job (KB)
...
006 (860613.000.000) 08/18 18:00:50 Image size of job updated: 4854640
	4741  -  MemoryUsage of job (MB)
	4854640  -  ResidentSetSize of job (KB)
...
006 (860613.000.000) 08/18 18:05:51 Image size of job updated: 5611184
	5480  -  MemoryUsage of job (MB)
	5611184  -  ResidentSetSize of job (KB)
...
006 (860613.000.000) 08/18 18:10:52 Image size of job updated: 6103248
	5961  -  MemoryUsage of job (MB)
	6103248  -  ResidentSetSize of job (KB)
...
006 (860613.000.000) 08/18 18:12:30 Image size of job updated: 6323632
	5961  -  MemoryUsage of job (MB)
	6103248  -  ResidentSetSize of job (KB)
...
005 (860613.000.000) 08/18 18:12:30 Job terminated.
	(1) Normal termination (return value 0)
		Usr 0 00:35:00, Sys 0 00:00:34  -  Run Remote Usage
		Usr 0 00:00:00, Sys 0 00:00:00  -  Run Local Usage
		Usr 0 00:35:00, Sys 0 00:00:34  -  Total Remote Usage
		Usr 0 00:00:00, Sys 0 00:00:00  -  Total Local Usage
	2113  -  Run Bytes Sent By Job
	412  -  Run Bytes Received By Job
	2113  -  Total Bytes Sent By Job
	412  -  Total Bytes Received By Job
	Partitionable Resources :    Usage  Request Allocated 
	   Cpus                 :     0.99        1         1 
	   Disk (KB)            :   803           1 479749220 
	   Memory (MB)          :  5961        7900      8033 
...
