000 (856630.000.000) 08/18 04:58:31 Job submitted from host: <172.20.3.187:9618?addrs=172.20.3.187-9618&noUDP&sock=2043_e813_3>
...
001 (856630.000.000) 08/18 08:45:33 Job executing on host: <172.20.225.2:9618?addrs=172.20.225.2-9618&noUDP&sock=3424_285d_3>
...
006 (856630.000.000) 08/18 08:45:41 Image size of job updated: 21104
	21  -  MemoryUsage of job (MB)
	21104  -  ResidentSetSize of job (KB)
...
006 (856630.000.000) 08/18 08:50:41 Image size of job updated: 3782156
	3694  -  MemoryUsage of job (MB)
	3782156  -  ResidentSetSize of job (KB)
...
006 (856630.000.000) 08/18 08:55:42 Image size of job updated: 4783808
	4672  -  MemoryUsage of job (MB)
	4783808  -  ResidentSetSize of job (KB)
...
006 (856630.000.000) 08/18 09:00:43 Image size of job updated: 5221436
	5100  -  MemoryUsage of job (MB)
	5221436  -  ResidentSetSize of job (KB)
...
006 (856630.000.000) 08/18 09:05:43 Image size of job updated: 5221584
	5100  -  MemoryUsage of job (MB)
	5221584  -  ResidentSetSize of job (KB)
...
006 (856630.000.000) 08/18 09:10:44 Image size of job updated: 5222260
	5100  -  MemoryUsage of job (MB)
	5222260  -  ResidentSetSize of job (KB)
...
006 (856630.000.000) 08/18 09:15:45 Image size of job updated: 5705680
	5567  -  MemoryUsage of job (MB)
	5700388  -  ResidentSetSize of job (KB)
...
006 (856630.000.000) 08/18 09:18:07 Image size of job updated: 9637600
	5567  -  MemoryUsage of job (MB)
	5700392  -  ResidentSetSize of job (KB)
...
005 (856630.000.000) 08/18 09:18:08 Job terminated.
	(1) Normal termination (return value 0)
		Usr 0 00:31:54, Sys 0 00:00:34  -  Run Remote Usage
		Usr 0 00:00:00, Sys 0 00:00:00  -  Run Local Usage
		Usr 0 00:31:54, Sys 0 00:00:34  -  Total Remote Usage
		Usr 0 00:00:00, Sys 0 00:00:00  -  Total Local Usage
	2118  -  Run Bytes Sent By Job
	420  -  Run Bytes Received By Job
	2118  -  Total Bytes Sent By Job
	420  -  Total Bytes Received By Job
	Partitionable Resources :    Usage  Request Allocated 
	   Cpus                 :     0.48        1         1 
	   Disk (KB)            :   803           1 479786084 
	   Memory (MB)          :  5567        7900      8033 
...
