000 (855493.000.000) 08/18 04:57:54 Job submitted from host: <172.20.3.187:9618?addrs=172.20.3.187-9618&noUDP&sock=2043_e813_3>
...
001 (855493.000.000) 08/18 06:38:08 Job executing on host: <172.20.225.5:9618?addrs=172.20.225.5-9618&noUDP&sock=3375_8c39_3>
...
006 (855493.000.000) 08/18 06:38:18 Image size of job updated: 21120
	21  -  MemoryUsage of job (MB)
	21120  -  ResidentSetSize of job (KB)
...
006 (855493.000.000) 08/18 06:43:19 Image size of job updated: 4455004
	4351  -  MemoryUsage of job (MB)
	4455004  -  ResidentSetSize of job (KB)
...
006 (855493.000.000) 08/18 06:48:19 Image size of job updated: 5237908
	5116  -  MemoryUsage of job (MB)
	5237908  -  ResidentSetSize of job (KB)
...
006 (855493.000.000) 08/18 06:53:19 Image size of job updated: 5238020
	5116  -  MemoryUsage of job (MB)
	5238020  -  ResidentSetSize of job (KB)
...
006 (855493.000.000) 08/18 06:58:20 Image size of job updated: 5238176
	5116  -  MemoryUsage of job (MB)
	5238176  -  ResidentSetSize of job (KB)
...
006 (855493.000.000) 08/18 07:03:21 Image size of job updated: 5238844
	5117  -  MemoryUsage of job (MB)
	5238844  -  ResidentSetSize of job (KB)
...
005 (855493.000.000) 08/18 07:08:12 Job terminated.
	(1) Normal termination (return value 0)
		Usr 0 00:32:01, Sys 0 00:00:38  -  Run Remote Usage
		Usr 0 00:00:00, Sys 0 00:00:00  -  Run Local Usage
		Usr 0 00:32:01, Sys 0 00:00:38  -  Total Remote Usage
		Usr 0 00:00:00, Sys 0 00:00:00  -  Total Local Usage
	2102  -  Run Bytes Sent By Job
	404  -  Run Bytes Received By Job
	2102  -  Total Bytes Sent By Job
	404  -  Total Bytes Received By Job
	Partitionable Resources :    Usage  Request Allocated 
	   Cpus                 :     0.99        1         1 
	   Disk (KB)            :   803           1 479749220 
	   Memory (MB)          :  5117        7900      8033 
...
