000 (856031.000.000) 08/18 04:58:11 Job submitted from host: <172.20.3.187:9618?addrs=172.20.3.187-9618&noUDP&sock=2043_e813_3>
...
001 (856031.000.000) 08/18 07:38:58 Job executing on host: <172.20.225.1:9618?addrs=172.20.225.1-9618&noUDP&sock=3382_5963_3>
...
006 (856031.000.000) 08/18 07:39:07 Image size of job updated: 21112
	21  -  MemoryUsage of job (MB)
	21112  -  ResidentSetSize of job (KB)
...
006 (856031.000.000) 08/18 07:44:09 Image size of job updated: 3784276
	3696  -  MemoryUsage of job (MB)
	3784276  -  ResidentSetSize of job (KB)
...
006 (856031.000.000) 08/18 07:49:10 Image size of job updated: 4926552
	4812  -  MemoryUsage of job (MB)
	4926552  -  ResidentSetSize of job (KB)
...
006 (856031.000.000) 08/18 07:54:10 Image size of job updated: 5364196
	5239  -  MemoryUsage of job (MB)
	5364196  -  ResidentSetSize of job (KB)
...
006 (856031.000.000) 08/18 07:59:11 Image size of job updated: 5364352
	5239  -  MemoryUsage of job (MB)
	5364352  -  ResidentSetSize of job (KB)
...
006 (856031.000.000) 08/18 08:04:12 Image size of job updated: 5365008
	5240  -  MemoryUsage of job (MB)
	5365008  -  ResidentSetSize of job (KB)
...
006 (856031.000.000) 08/18 08:09:13 Image size of job updated: 5829400
	5691  -  MemoryUsage of job (MB)
	5826828  -  ResidentSetSize of job (KB)
...
005 (856031.000.000) 08/18 08:10:12 Job terminated.
	(1) Normal termination (return value 0)
		Usr 0 00:32:33, Sys 0 00:00:33  -  Run Remote Usage
		Usr 0 00:00:00, Sys 0 00:00:00  -  Run Local Usage
		Usr 0 00:32:33, Sys 0 00:00:33  -  Total Remote Usage
		Usr 0 00:00:00, Sys 0 00:00:00  -  Total Local Usage
	2113  -  Run Bytes Sent By Job
	412  -  Run Bytes Received By Job
	2113  -  Total Bytes Sent By Job
	412  -  Total Bytes Received By Job
	Partitionable Resources :    Usage  Request Allocated 
	   Cpus                 :     0.50        1         1 
	   Disk (KB)            :   803           1 479786105 
	   Memory (MB)          :  5691        7900      8033 
...
