000 (860657.000.000) 08/18 05:00:44 Job submitted from host: <172.20.3.187:9618?addrs=172.20.3.187-9618&noUDP&sock=2043_e813_3>
...
001 (860657.000.000) 08/18 17:55:42 Job executing on host: <172.20.225.1:9618?addrs=172.20.225.1-9618&noUDP&sock=3382_5963_3>
...
006 (860657.000.000) 08/18 17:55:50 Image size of job updated: 21112
	21  -  MemoryUsage of job (MB)
	21112  -  ResidentSetSize of job (KB)
...
006 (860657.000.000) 08/18 18:00:51 Image size of job updated: 4031548
	3938  -  MemoryUsage of job (MB)
	4031548  -  ResidentSetSize of job (KB)
...
006 (860657.000.000) 08/18 18:05:52 Image size of job updated: 4855100
	4742  -  MemoryUsage of job (MB)
	4855100  -  ResidentSetSize of job (KB)
...
006 (860657.000.000) 08/18 18:10:51 Image size of job updated: 5611484
	5480  -  MemoryUsage of job (MB)
	5611484  -  ResidentSetSize of job (KB)
...
006 (860657.000.000) 08/18 18:15:51 Image size of job updated: 5611516
	5480  -  MemoryUsage of job (MB)
	5611516  -  ResidentSetSize of job (KB)
...
006 (860657.000.000) 08/18 18:20:51 Image size of job updated: 5611988
	5481  -  MemoryUsage of job (MB)
	5611988  -  ResidentSetSize of job (KB)
...
006 (860657.000.000) 08/18 18:25:52 Image size of job updated: 5612324
	5481  -  MemoryUsage of job (MB)
	5612324  -  ResidentSetSize of job (KB)
...
006 (860657.000.000) 08/18 18:30:11 Image size of job updated: 6098772
	5481  -  MemoryUsage of job (MB)
	5612324  -  ResidentSetSize of job (KB)
...
005 (860657.000.000) 08/18 18:30:11 Job terminated.
	(1) Normal termination (return value 0)
		Usr 0 00:34:17, Sys 0 00:00:34  -  Run Remote Usage
		Usr 0 00:00:00, Sys 0 00:00:00  -  Run Local Usage
		Usr 0 00:34:17, Sys 0 00:00:34  -  Total Remote Usage
		Usr 0 00:00:00, Sys 0 00:00:00  -  Total Local Usage
	2113  -  Run Bytes Sent By Job
	412  -  Run Bytes Received By Job
	2113  -  Total Bytes Sent By Job
	412  -  Total Bytes Received By Job
	Partitionable Resources :    Usage  Request Allocated 
	   Cpus                 :     1.00        1         1 
	   Disk (KB)            :   803           1 479786105 
	   Memory (MB)          :  5481        7900      8033 
...
