000 (856874.000.000) 08/18 04:58:39 Job submitted from host: <172.20.3.187:9618?addrs=172.20.3.187-9618&noUDP&sock=2043_e813_3>
...
001 (856874.000.000) 08/18 09:12:30 Job executing on host: <172.20.225.6:9618?addrs=172.20.225.6-9618&noUDP&sock=3382_5963_3>
...
006 (856874.000.000) 08/18 09:12:39 Image size of job updated: 21120
	21  -  MemoryUsage of job (MB)
	21120  -  ResidentSetSize of job (KB)
...
006 (856874.000.000) 08/18 09:17:40 Image size of job updated: 3810424
	3722  -  MemoryUsage of job (MB)
	3810424  -  ResidentSetSize of job (KB)
...
006 (856874.000.000) 08/18 09:22:41 Image size of job updated: 4812068
	4700  -  MemoryUsage of job (MB)
	4812068  -  ResidentSetSize of job (KB)
...
006 (856874.000.000) 08/18 09:27:41 Image size of job updated: 5249708
	5127  -  MemoryUsage of job (MB)
	5249708  -  ResidentSetSize of job (KB)
...
006 (856874.000.000) 08/18 09:32:41 Image size of job updated: 5249848
	5127  -  MemoryUsage of job (MB)
	5249848  -  ResidentSetSize of job (KB)
...
006 (856874.000.000) 08/18 09:37:42 Image size of job updated: 5250532
	5128  -  MemoryUsage of job (MB)
	5250532  -  ResidentSetSize of job (KB)
...
006 (856874.000.000) 08/18 09:42:43 Image size of job updated: 5459436
	5332  -  MemoryUsage of job (MB)
	5459436  -  ResidentSetSize of job (KB)
...
005 (856874.000.000) 08/18 09:45:24 Job terminated.
	(1) Normal termination (return value 0)
		Usr 0 00:32:37, Sys 0 00:00:33  -  Run Remote Usage
		Usr 0 00:00:00, Sys 0 00:00:00  -  Run Local Usage
		Usr 0 00:32:37, Sys 0 00:00:33  -  Total Remote Usage
		Usr 0 00:00:00, Sys 0 00:00:00  -  Total Local Usage
	2099  -  Run Bytes Sent By Job
	401  -  Run Bytes Received By Job
	2099  -  Total Bytes Sent By Job
	401  -  Total Bytes Received By Job
	Partitionable Resources :    Usage  Request Allocated 
	   Cpus                 :     0.51        1         1 
	   Disk (KB)            :   803           1 479749220 
	   Memory (MB)          :  5332        7900      8033 
...
