000 (859343.000.000) 08/18 04:59:59 Job submitted from host: <172.20.3.187:9618?addrs=172.20.3.187-9618&noUDP&sock=2043_e813_3>
...
001 (859343.000.000) 08/18 15:08:35 Job executing on host: <172.20.225.6:9618?addrs=172.20.225.6-9618&noUDP&sock=3382_5963_3>
...
006 (859343.000.000) 08/18 15:08:43 Image size of job updated: 21124
	21  -  MemoryUsage of job (MB)
	21124  -  ResidentSetSize of job (KB)
...
006 (859343.000.000) 08/18 15:13:43 Image size of job updated: 3738468
	3651  -  MemoryUsage of job (MB)
	3738468  -  ResidentSetSize of job (KB)
...
006 (859343.000.000) 08/18 15:18:45 Image size of job updated: 4574492
	4468  -  MemoryUsage of job (MB)
	4574492  -  ResidentSetSize of job (KB)
...
006 (859343.000.000) 08/18 15:23:45 Image size of job updated: 5318376
	5194  -  MemoryUsage of job (MB)
	5318376  -  ResidentSetSize of job (KB)
...
006 (859343.000.000) 08/18 15:28:46 Image size of job updated: 5318524
	5194  -  MemoryUsage of job (MB)
	5318524  -  ResidentSetSize of job (KB)
...
006 (859343.000.000) 08/18 15:33:46 Image size of job updated: 5319208
	5195  -  MemoryUsage of job (MB)
	5319208  -  ResidentSetSize of job (KB)
...
006 (859343.000.000) 08/18 15:38:47 Image size of job updated: 6283324
	6136  -  MemoryUsage of job (MB)
	6283176  -  ResidentSetSize of job (KB)
...
006 (859343.000.000) 08/18 15:39:54 Image size of job updated: 13464236
	6136  -  MemoryUsage of job (MB)
	6283176  -  ResidentSetSize of job (KB)
...
005 (859343.000.000) 08/18 15:39:54 Job terminated.
	(1) Normal termination (return value 0)
		Usr 0 00:34:56, Sys 0 00:00:33  -  Run Remote Usage
		Usr 0 00:00:00, Sys 0 00:00:00  -  Run Local Usage
		Usr 0 00:34:56, Sys 0 00:00:33  -  Total Remote Usage
		Usr 0 00:00:00, Sys 0 00:00:00  -  Total Local Usage
	2102  -  Run Bytes Sent By Job
	401  -  Run Bytes Received By Job
	2102  -  Total Bytes Sent By Job
	401  -  Total Bytes Received By Job
	Partitionable Resources :    Usage  Request Allocated 
	   Cpus                 :     0.67        1         1 
	   Disk (KB)            :   803           1 479749220 
	   Memory (MB)          :  6136        7900      8033 
...
