000 (859313.000.000) 08/18 04:59:58 Job submitted from host: <172.20.3.187:9618?addrs=172.20.3.187-9618&noUDP&sock=2043_e813_3>
...
001 (859313.000.000) 08/18 15:05:35 Job executing on host: <172.20.225.8:9618?addrs=172.20.225.8-9618&noUDP&sock=3440_21e1_3>
...
006 (859313.000.000) 08/18 15:05:44 Image size of job updated: 21108
	21  -  MemoryUsage of job (MB)
	21108  -  ResidentSetSize of job (KB)
...
006 (859313.000.000) 08/18 15:10:45 Image size of job updated: 3738648
	3652  -  MemoryUsage of job (MB)
	3738648  -  ResidentSetSize of job (KB)
...
006 (859313.000.000) 08/18 15:15:46 Image size of job updated: 4574700
	4468  -  MemoryUsage of job (MB)
	4574700  -  ResidentSetSize of job (KB)
...
006 (859313.000.000) 08/18 15:20:47 Image size of job updated: 5318576
	5194  -  MemoryUsage of job (MB)
	5318576  -  ResidentSetSize of job (KB)
...
006 (859313.000.000) 08/18 15:25:47 Image size of job updated: 5319048
	5195  -  MemoryUsage of job (MB)
	5319048  -  ResidentSetSize of job (KB)
...
006 (859313.000.000) 08/18 15:30:47 Image size of job updated: 5319388
	5195  -  MemoryUsage of job (MB)
	5319388  -  ResidentSetSize of job (KB)
...
006 (859313.000.000) 08/18 15:34:29 Image size of job updated: 13468352
	5195  -  MemoryUsage of job (MB)
	5319388  -  ResidentSetSize of job (KB)
...
005 (859313.000.000) 08/18 15:34:30 Job terminated.
	(1) Normal termination (return value 0)
		Usr 0 00:34:35, Sys 0 00:00:40  -  Run Remote Usage
		Usr 0 00:00:00, Sys 0 00:00:00  -  Run Local Usage
		Usr 0 00:34:35, Sys 0 00:00:40  -  Total Remote Usage
		Usr 0 00:00:00, Sys 0 00:00:00  -  Total Local Usage
	2102  -  Run Bytes Sent By Job
	401  -  Run Bytes Received By Job
	2102  -  Total Bytes Sent By Job
	401  -  Total Bytes Received By Job
	Partitionable Resources :    Usage  Request Allocated 
	   Cpus                 :     1.00        1         1 
	   Disk (KB)            :   803           1 479737977 
	   Memory (MB)          :  5195        7900      8033 
...
