000 (856599.000.000) 08/18 04:58:30 Job submitted from host: <172.20.3.187:9618?addrs=172.20.3.187-9618&noUDP&sock=2043_e813_3>
...
001 (856599.000.000) 08/18 08:42:34 Job executing on host: <172.20.225.2:9618?addrs=172.20.225.2-9618&noUDP&sock=3424_285d_3>
...
006 (856599.000.000) 08/18 08:42:42 Image size of job updated: 21116
	21  -  MemoryUsage of job (MB)
	21116  -  ResidentSetSize of job (KB)
...
006 (856599.000.000) 08/18 08:47:43 Image size of job updated: 3793268
	3705  -  MemoryUsage of job (MB)
	3793268  -  ResidentSetSize of job (KB)
...
006 (856599.000.000) 08/18 08:52:43 Image size of job updated: 4794920
	4683  -  MemoryUsage of job (MB)
	4794920  -  ResidentSetSize of job (KB)
...
006 (856599.000.000) 08/18 08:57:43 Image size of job updated: 5232560
	5110  -  MemoryUsage of job (MB)
	5232560  -  ResidentSetSize of job (KB)
...
006 (856599.000.000) 08/18 09:02:44 Image size of job updated: 5232700
	5111  -  MemoryUsage of job (MB)
	5232700  -  ResidentSetSize of job (KB)
...
006 (856599.000.000) 08/18 09:07:44 Image size of job updated: 5233380
	5111  -  MemoryUsage of job (MB)
	5233380  -  ResidentSetSize of job (KB)
...
006 (856599.000.000) 08/18 09:12:45 Image size of job updated: 5810224
	5674  -  MemoryUsage of job (MB)
	5810168  -  ResidentSetSize of job (KB)
...
006 (856599.000.000) 08/18 09:13:51 Image size of job updated: 5874568
	5674  -  MemoryUsage of job (MB)
	5810168  -  ResidentSetSize of job (KB)
...
005 (856599.000.000) 08/18 09:13:51 Job terminated.
	(1) Normal termination (return value 0)
		Usr 0 00:32:03, Sys 0 00:00:31  -  Run Remote Usage
		Usr 0 00:00:00, Sys 0 00:00:00  -  Run Local Usage
		Usr 0 00:32:03, Sys 0 00:00:31  -  Total Remote Usage
		Usr 0 00:00:00, Sys 0 00:00:00  -  Total Local Usage
	2106  -  Run Bytes Sent By Job
	408  -  Run Bytes Received By Job
	2106  -  Total Bytes Sent By Job
	408  -  Total Bytes Received By Job
	Partitionable Resources :    Usage  Request Allocated 
	   Cpus                 :     0.80        1         1 
	   Disk (KB)            :   803           1 479786084 
	   Memory (MB)          :  5674        7900      8033 
...
