000 (857660.000.000) 08/18 04:59:04 Job submitted from host: <172.20.3.187:9618?addrs=172.20.3.187-9618&noUDP&sock=2043_e813_3>
...
001 (857660.000.000) 08/18 11:43:06 Job executing on host: <172.20.225.8:9618?addrs=172.20.225.8-9618&noUDP&sock=3440_21e1_3>
...
006 (857660.000.000) 08/18 11:43:16 Image size of job updated: 21116
	21  -  MemoryUsage of job (MB)
	21116  -  ResidentSetSize of job (KB)
...
006 (857660.000.000) 08/18 11:48:17 Image size of job updated: 4136844
	4040  -  MemoryUsage of job (MB)
	4136844  -  ResidentSetSize of job (KB)
...
006 (857660.000.000) 08/18 11:53:16 Image size of job updated: 4525988
	4420  -  MemoryUsage of job (MB)
	4525988  -  ResidentSetSize of job (KB)
...
006 (857660.000.000) 08/18 11:58:17 Image size of job updated: 5269880
	5147  -  MemoryUsage of job (MB)
	5269880  -  ResidentSetSize of job (KB)
...
006 (857660.000.000) 08/18 12:03:16 Image size of job updated: 5270012
	5147  -  MemoryUsage of job (MB)
	5270012  -  ResidentSetSize of job (KB)
...
006 (857660.000.000) 08/18 12:08:17 Image size of job updated: 5270712
	5148  -  MemoryUsage of job (MB)
	5270712  -  ResidentSetSize of job (KB)
...
006 (857660.000.000) 08/18 12:13:17 Image size of job updated: 5446468
	5319  -  MemoryUsage of job (MB)
	5446468  -  ResidentSetSize of job (KB)
...
006 (857660.000.000) 08/18 12:17:12 Image size of job updated: 6204216
	5319  -  MemoryUsage of job (MB)
	5446484  -  ResidentSetSize of job (KB)
...
005 (857660.000.000) 08/18 12:17:12 Job terminated.
	(1) Normal termination (return value 0)
		Usr 0 00:33:07, Sys 0 00:00:36  -  Run Remote Usage
		Usr 0 00:00:00, Sys 0 00:00:00  -  Run Local Usage
		Usr 0 00:33:07, Sys 0 00:00:36  -  Total Remote Usage
		Usr 0 00:00:00, Sys 0 00:00:00  -  Total Local Usage
	2104  -  Run Bytes Sent By Job
	403  -  Run Bytes Received By Job
	2104  -  Total Bytes Sent By Job
	403  -  Total Bytes Received By Job
	Partitionable Resources :    Usage  Request Allocated 
	   Cpus                 :     1.00        1         1 
	   Disk (KB)            :   803           1 479737977 
	   Memory (MB)          :  5319        7900      8033 
...
