000 (858343.000.000) 08/18 04:59:26 Job submitted from host: <172.20.3.187:9618?addrs=172.20.3.187-9618&noUDP&sock=2043_e813_3>
...
001 (858343.000.000) 08/18 13:15:30 Job executing on host: <172.20.225.5:9618?addrs=172.20.225.5-9618&noUDP&sock=3375_8c39_3>
...
006 (858343.000.000) 08/18 13:15:39 Image size of job updated: 21116
	21  -  MemoryUsage of job (MB)
	21116  -  ResidentSetSize of job (KB)
...
006 (858343.000.000) 08/18 13:20:39 Image size of job updated: 4771084
	4660  -  MemoryUsage of job (MB)
	4771084  -  ResidentSetSize of job (KB)
...
006 (858343.000.000) 08/18 13:25:39 Image size of job updated: 5553976
	5424  -  MemoryUsage of job (MB)
	5553976  -  ResidentSetSize of job (KB)
...
006 (858343.000.000) 08/18 13:30:40 Image size of job updated: 5554112
	5424  -  MemoryUsage of job (MB)
	5554112  -  ResidentSetSize of job (KB)
...
006 (858343.000.000) 08/18 13:35:40 Image size of job updated: 5554272
	5425  -  MemoryUsage of job (MB)
	5554272  -  ResidentSetSize of job (KB)
...
006 (858343.000.000) 08/18 13:40:41 Image size of job updated: 5554932
	5425  -  MemoryUsage of job (MB)
	5554932  -  ResidentSetSize of job (KB)
...
006 (858343.000.000) 08/18 13:45:42 Image size of job updated: 6233844
	6087  -  MemoryUsage of job (MB)
	6232880  -  ResidentSetSize of job (KB)
...
005 (858343.000.000) 08/18 13:47:15 Job terminated.
	(1) Normal termination (return value 0)
		Usr 0 00:32:07, Sys 0 00:00:37  -  Run Remote Usage
		Usr 0 00:00:00, Sys 0 00:00:00  -  Run Local Usage
		Usr 0 00:32:07, Sys 0 00:00:37  -  Total Remote Usage
		Usr 0 00:00:00, Sys 0 00:00:00  -  Total Local Usage
	2110  -  Run Bytes Sent By Job
	411  -  Run Bytes Received By Job
	2110  -  Total Bytes Sent By Job
	411  -  Total Bytes Received By Job
	Partitionable Resources :    Usage  Request Allocated 
	   Cpus                 :     0.67        1         1 
	   Disk (KB)            :   803           1 479749220 
	   Memory (MB)          :  6087        7900      8033 
...
