000 (854536.000.000) 08/18 04:57:19 Job submitted from host: <172.20.3.187:9618?addrs=172.20.3.187-9618&noUDP&sock=2043_e813_3>
...
001 (854536.000.000) 08/18 04:57:43 Job executing on host: <172.20.225.4:9618?addrs=172.20.225.4-9618&noUDP&sock=3366_5fdf_3>
...
006 (854536.000.000) 08/18 04:57:51 Image size of job updated: 21108
	21  -  MemoryUsage of job (MB)
	21108  -  ResidentSetSize of job (KB)
...
006 (854536.000.000) 08/18 05:02:52 Image size of job updated: 3808272
	3719  -  MemoryUsage of job (MB)
	3807624  -  ResidentSetSize of job (KB)
...
006 (854536.000.000) 08/18 05:07:53 Image size of job updated: 4950544
	4834  -  MemoryUsage of job (MB)
	4949896  -  ResidentSetSize of job (KB)
...
006 (854536.000.000) 08/18 05:12:54 Image size of job updated: 5388176
	5262  -  MemoryUsage of job (MB)
	5387528  -  ResidentSetSize of job (KB)
...
006 (854536.000.000) 08/18 05:17:54 Image size of job updated: 5388308
	5262  -  MemoryUsage of job (MB)
	5387660  -  ResidentSetSize of job (KB)
...
006 (854536.000.000) 08/18 05:22:55 Image size of job updated: 5388360
	5263  -  MemoryUsage of job (MB)
	5388360  -  ResidentSetSize of job (KB)
...
006 (854536.000.000) 08/18 05:27:56 Image size of job updated: 5567620
	5438  -  MemoryUsage of job (MB)
	5567620  -  ResidentSetSize of job (KB)
...
006 (854536.000.000) 08/18 05:31:06 Image size of job updated: 5567620
	5438  -  MemoryUsage of job (MB)
	5567668  -  ResidentSetSize of job (KB)
...
005 (854536.000.000) 08/18 05:31:11 Job terminated.
	(1) Normal termination (return value 0)
		Usr 0 00:32:17, Sys 0 00:00:33  -  Run Remote Usage
		Usr 0 00:00:00, Sys 0 00:00:00  -  Run Local Usage
		Usr 0 00:32:17, Sys 0 00:00:33  -  Total Remote Usage
		Usr 0 00:00:00, Sys 0 00:00:00  -  Total Local Usage
	2101  -  Run Bytes Sent By Job
	402  -  Run Bytes Received By Job
	2101  -  Total Bytes Sent By Job
	402  -  Total Bytes Received By Job
	Partitionable Resources :    Usage  Request Allocated 
	   Cpus                 :        0        1         1 
	   Disk (KB)            :      803        1 479779449 
	   Memory (MB)          :     5438     7900      8033 
...
