000 (858598.000.000) 08/18 04:59:35 Job submitted from host: <172.20.3.187:9618?addrs=172.20.3.187-9618&noUDP&sock=2043_e813_3>
...
001 (858598.000.000) 08/18 13:45:39 Job executing on host: <172.20.225.6:9618?addrs=172.20.225.6-9618&noUDP&sock=3382_5963_3>
...
006 (858598.000.000) 08/18 13:45:47 Image size of job updated: 21120
	21  -  MemoryUsage of job (MB)
	21120  -  ResidentSetSize of job (KB)
...
006 (858598.000.000) 08/18 13:50:49 Image size of job updated: 3974176
	3882  -  MemoryUsage of job (MB)
	3974176  -  ResidentSetSize of job (KB)
...
006 (858598.000.000) 08/18 13:55:49 Image size of job updated: 4797696
	4686  -  MemoryUsage of job (MB)
	4797696  -  ResidentSetSize of job (KB)
...
006 (858598.000.000) 08/18 14:00:51 Image size of job updated: 5554088
	5424  -  MemoryUsage of job (MB)
	5554088  -  ResidentSetSize of job (KB)
...
006 (858598.000.000) 08/18 14:05:50 Image size of job updated: 5554240
	5425  -  MemoryUsage of job (MB)
	5554240  -  ResidentSetSize of job (KB)
...
006 (858598.000.000) 08/18 14:10:51 Image size of job updated: 5554912
	5425  -  MemoryUsage of job (MB)
	5554912  -  ResidentSetSize of job (KB)
...
006 (858598.000.000) 08/18 14:15:52 Image size of job updated: 6071296
	5925  -  MemoryUsage of job (MB)
	6066300  -  ResidentSetSize of job (KB)
...
006 (858598.000.000) 08/18 14:18:47 Image size of job updated: 6091848
	5925  -  MemoryUsage of job (MB)
	6066308  -  ResidentSetSize of job (KB)
...
005 (858598.000.000) 08/18 14:18:47 Job terminated.
	(1) Normal termination (return value 0)
		Usr 0 00:33:19, Sys 0 00:00:33  -  Run Remote Usage
		Usr 0 00:00:00, Sys 0 00:00:00  -  Run Local Usage
		Usr 0 00:33:19, Sys 0 00:00:33  -  Total Remote Usage
		Usr 0 00:00:00, Sys 0 00:00:00  -  Total Local Usage
	2113  -  Run Bytes Sent By Job
	412  -  Run Bytes Received By Job
	2113  -  Total Bytes Sent By Job
	412  -  Total Bytes Received By Job
	Partitionable Resources :    Usage  Request Allocated 
	   Cpus                 :     0.53        1         1 
	   Disk (KB)            :   803           1 479749220 
	   Memory (MB)          :  5925        7900      8033 
...
