000 (860422.000.000) 08/18 05:00:36 Job submitted from host: <172.20.3.187:9618?addrs=172.20.3.187-9618&noUDP&sock=2043_e813_3>
...
001 (860422.000.000) 08/18 17:25:21 Job executing on host: <172.20.225.6:9618?addrs=172.20.225.6-9618&noUDP&sock=3382_5963_3>
...
006 (860422.000.000) 08/18 17:25:29 Image size of job updated: 21116
	21  -  MemoryUsage of job (MB)
	21116  -  ResidentSetSize of job (KB)
...
006 (860422.000.000) 08/18 17:30:29 Image size of job updated: 4034588
	3938  -  MemoryUsage of job (MB)
	4031504  -  ResidentSetSize of job (KB)
...
006 (860422.000.000) 08/18 17:35:30 Image size of job updated: 4858016
	4742  -  MemoryUsage of job (MB)
	4855048  -  ResidentSetSize of job (KB)
...
006 (860422.000.000) 08/18 17:40:30 Image size of job updated: 5614404
	5480  -  MemoryUsage of job (MB)
	5611436  -  ResidentSetSize of job (KB)
...
006 (860422.000.000) 08/18 17:45:31 Image size of job updated: 5614560
	5480  -  MemoryUsage of job (MB)
	5611476  -  ResidentSetSize of job (KB)
...
006 (860422.000.000) 08/18 17:50:32 Image size of job updated: 5614560
	5481  -  MemoryUsage of job (MB)
	5612276  -  ResidentSetSize of job (KB)
...
006 (860422.000.000) 08/18 17:55:32 Image size of job updated: 6266996
	6121  -  MemoryUsage of job (MB)
	6266996  -  ResidentSetSize of job (KB)
...
005 (860422.000.000) 08/18 17:57:03 Job terminated.
	(1) Normal termination (return value 0)
		Usr 0 00:34:15, Sys 0 00:00:33  -  Run Remote Usage
		Usr 0 00:00:00, Sys 0 00:00:00  -  Run Local Usage
		Usr 0 00:34:15, Sys 0 00:00:33  -  Total Remote Usage
		Usr 0 00:00:00, Sys 0 00:00:00  -  Total Local Usage
	2113  -  Run Bytes Sent By Job
	412  -  Run Bytes Received By Job
	2113  -  Total Bytes Sent By Job
	412  -  Total Bytes Received By Job
	Partitionable Resources :    Usage  Request Allocated 
	   Cpus                 :     1.00        1         1 
	   Disk (KB)            :   803           1 479749220 
	   Memory (MB)          :  6121        7900      8033 
...
