000 (854743.000.000) 08/18 04:57:26 Job submitted from host: <172.20.3.187:9618?addrs=172.20.3.187-9618&noUDP&sock=2043_e813_3>
...
001 (854743.000.000) 08/18 04:58:02 Job executing on host: <172.20.225.1:9618?addrs=172.20.225.1-9618&noUDP&sock=3382_5963_3>
...
006 (854743.000.000) 08/18 04:58:10 Image size of job updated: 21116
	21  -  MemoryUsage of job (MB)
	21116  -  ResidentSetSize of job (KB)
...
006 (854743.000.000) 08/18 05:03:11 Image size of job updated: 3807700
	3719  -  MemoryUsage of job (MB)
	3807688  -  ResidentSetSize of job (KB)
...
006 (854743.000.000) 08/18 05:08:11 Image size of job updated: 4631220
	4523  -  MemoryUsage of job (MB)
	4631208  -  ResidentSetSize of job (KB)
...
006 (854743.000.000) 08/18 05:13:12 Image size of job updated: 5387604
	5262  -  MemoryUsage of job (MB)
	5387592  -  ResidentSetSize of job (KB)
...
006 (854743.000.000) 08/18 05:18:13 Image size of job updated: 5387640
	5262  -  MemoryUsage of job (MB)
	5387628  -  ResidentSetSize of job (KB)
...
006 (854743.000.000) 08/18 05:23:12 Image size of job updated: 5388100
	5262  -  MemoryUsage of job (MB)
	5388100  -  ResidentSetSize of job (KB)
...
006 (854743.000.000) 08/18 05:28:12 Image size of job updated: 5388424
	5263  -  MemoryUsage of job (MB)
	5388424  -  ResidentSetSize of job (KB)
...
006 (854743.000.000) 08/18 05:31:07 Image size of job updated: 16815424
	5263  -  MemoryUsage of job (MB)
	5388424  -  ResidentSetSize of job (KB)
...
005 (854743.000.000) 08/18 05:31:08 Job terminated.
	(1) Normal termination (return value 0)
		Usr 0 00:32:05, Sys 0 00:00:38  -  Run Remote Usage
		Usr 0 00:00:00, Sys 0 00:00:00  -  Run Local Usage
		Usr 0 00:32:05, Sys 0 00:00:38  -  Total Remote Usage
		Usr 0 00:00:00, Sys 0 00:00:00  -  Total Local Usage
	2104  -  Run Bytes Sent By Job
	403  -  Run Bytes Received By Job
	2104  -  Total Bytes Sent By Job
	403  -  Total Bytes Received By Job
	Partitionable Resources :    Usage  Request Allocated 
	   Cpus                 :     1.01        1         1 
	   Disk (KB)            :   803           1 479786105 
	   Memory (MB)          :  5263        7900      8033 
...
