000 (859816.000.000) 08/18 05:00:15 Job submitted from host: <172.20.3.187:9618?addrs=172.20.3.187-9618&noUDP&sock=2043_e813_3>
...
001 (859816.000.000) 08/18 16:14:40 Job executing on host: <172.20.225.4:9618?addrs=172.20.225.4-9618&noUDP&sock=3366_5fdf_3>
...
006 (859816.000.000) 08/18 16:14:49 Image size of job updated: 21120
	21  -  MemoryUsage of job (MB)
	21120  -  ResidentSetSize of job (KB)
...
006 (859816.000.000) 08/18 16:19:50 Image size of job updated: 3711176
	3622  -  MemoryUsage of job (MB)
	3708812  -  ResidentSetSize of job (KB)
...
006 (859816.000.000) 08/18 16:24:50 Image size of job updated: 4544836
	4439  -  MemoryUsage of job (MB)
	4544836  -  ResidentSetSize of job (KB)
...
006 (859816.000.000) 08/18 16:29:51 Image size of job updated: 5288716
	5165  -  MemoryUsage of job (MB)
	5288716  -  ResidentSetSize of job (KB)
...
006 (859816.000.000) 08/18 16:34:52 Image size of job updated: 5288752
	5165  -  MemoryUsage of job (MB)
	5288752  -  ResidentSetSize of job (KB)
...
006 (859816.000.000) 08/18 16:39:52 Image size of job updated: 5289552
	5166  -  MemoryUsage of job (MB)
	5289552  -  ResidentSetSize of job (KB)
...
006 (859816.000.000) 08/18 16:44:53 Image size of job updated: 5511988
	5373  -  MemoryUsage of job (MB)
	5501700  -  ResidentSetSize of job (KB)
...
006 (859816.000.000) 08/18 16:48:26 Image size of job updated: 9884608
	5373  -  MemoryUsage of job (MB)
	5501724  -  ResidentSetSize of job (KB)
...
005 (859816.000.000) 08/18 16:48:26 Job terminated.
	(1) Normal termination (return value 0)
		Usr 0 00:33:23, Sys 0 00:00:36  -  Run Remote Usage
		Usr 0 00:00:00, Sys 0 00:00:00  -  Run Local Usage
		Usr 0 00:33:23, Sys 0 00:00:36  -  Total Remote Usage
		Usr 0 00:00:00, Sys 0 00:00:00  -  Total Local Usage
	2106  -  Run Bytes Sent By Job
	407  -  Run Bytes Received By Job
	2106  -  Total Bytes Sent By Job
	407  -  Total Bytes Received By Job
	Partitionable Resources :    Usage  Request Allocated 
	   Cpus                 :     0.92        1         1 
	   Disk (KB)            :   803           1 479779449 
	   Memory (MB)          :  5373        7900      8033 
...
