000 (858823.000.000) 08/18 04:59:42 Job submitted from host: <172.20.3.187:9618?addrs=172.20.3.187-9618&noUDP&sock=2043_e813_3>
...
001 (858823.000.000) 08/18 14:04:42 Job executing on host: <172.20.225.8:9618?addrs=172.20.225.8-9618&noUDP&sock=3440_21e1_3>
...
006 (858823.000.000) 08/18 14:04:51 Image size of job updated: 21116
	21  -  MemoryUsage of job (MB)
	21116  -  ResidentSetSize of job (KB)
...
006 (858823.000.000) 08/18 14:09:52 Image size of job updated: 3975116
	3882  -  MemoryUsage of job (MB)
	3974244  -  ResidentSetSize of job (KB)
...
006 (858823.000.000) 08/18 14:14:53 Image size of job updated: 4797760
	4686  -  MemoryUsage of job (MB)
	4797760  -  ResidentSetSize of job (KB)
...
006 (858823.000.000) 08/18 14:19:53 Image size of job updated: 5554148
	5424  -  MemoryUsage of job (MB)
	5554148  -  ResidentSetSize of job (KB)
...
006 (858823.000.000) 08/18 14:24:54 Image size of job updated: 5554184
	5425  -  MemoryUsage of job (MB)
	5554184  -  ResidentSetSize of job (KB)
...
006 (858823.000.000) 08/18 14:29:55 Image size of job updated: 5554976
	5425  -  MemoryUsage of job (MB)
	5554976  -  ResidentSetSize of job (KB)
...
006 (858823.000.000) 08/18 14:34:55 Image size of job updated: 5739396
	5605  -  MemoryUsage of job (MB)
	5738528  -  ResidentSetSize of job (KB)
...
006 (858823.000.000) 08/18 14:38:50 Image size of job updated: 6044204
	5605  -  MemoryUsage of job (MB)
	5738536  -  ResidentSetSize of job (KB)
...
005 (858823.000.000) 08/18 14:38:50 Job terminated.
	(1) Normal termination (return value 0)
		Usr 0 00:33:13, Sys 0 00:00:32  -  Run Remote Usage
		Usr 0 00:00:00, Sys 0 00:00:00  -  Run Local Usage
		Usr 0 00:33:13, Sys 0 00:00:32  -  Total Remote Usage
		Usr 0 00:00:00, Sys 0 00:00:00  -  Total Local Usage
	2113  -  Run Bytes Sent By Job
	412  -  Run Bytes Received By Job
	2113  -  Total Bytes Sent By Job
	412  -  Total Bytes Received By Job
	Partitionable Resources :    Usage  Request Allocated 
	   Cpus                 :     0.73        1         1 
	   Disk (KB)            :   803           1 479737977 
	   Memory (MB)          :  5605        7900      8033 
...
