000 (856910.000.000) 08/18 04:58:40 Job submitted from host: <172.20.3.187:9618?addrs=172.20.3.187-9618&noUDP&sock=2043_e813_3>
...
001 (856910.000.000) 08/18 09:17:31 Job executing on host: <172.20.225.6:9618?addrs=172.20.225.6-9618&noUDP&sock=3382_5963_3>
...
006 (856910.000.000) 08/18 09:17:41 Image size of job updated: 21108
	21  -  MemoryUsage of job (MB)
	21108  -  ResidentSetSize of job (KB)
...
006 (856910.000.000) 08/18 09:22:41 Image size of job updated: 4095168
	4000  -  MemoryUsage of job (MB)
	4095168  -  ResidentSetSize of job (KB)
...
006 (856910.000.000) 08/18 09:27:42 Image size of job updated: 5228080
	5106  -  MemoryUsage of job (MB)
	5228080  -  ResidentSetSize of job (KB)
...
006 (856910.000.000) 08/18 09:32:42 Image size of job updated: 5228208
	5106  -  MemoryUsage of job (MB)
	5228208  -  ResidentSetSize of job (KB)
...
006 (856910.000.000) 08/18 09:37:43 Image size of job updated: 5228376
	5106  -  MemoryUsage of job (MB)
	5228376  -  ResidentSetSize of job (KB)
...
006 (856910.000.000) 08/18 09:42:44 Image size of job updated: 5229028
	5107  -  MemoryUsage of job (MB)
	5229028  -  ResidentSetSize of job (KB)
...
006 (856910.000.000) 08/18 09:47:22 Image size of job updated: 6009528
	5107  -  MemoryUsage of job (MB)
	5229028  -  ResidentSetSize of job (KB)
...
005 (856910.000.000) 08/18 09:47:22 Job terminated.
	(1) Normal termination (return value 0)
		Usr 0 00:31:04, Sys 0 00:00:33  -  Run Remote Usage
		Usr 0 00:00:00, Sys 0 00:00:00  -  Run Local Usage
		Usr 0 00:31:04, Sys 0 00:00:33  -  Total Remote Usage
		Usr 0 00:00:00, Sys 0 00:00:00  -  Total Local Usage
	2106  -  Run Bytes Sent By Job
	408  -  Run Bytes Received By Job
	2106  -  Total Bytes Sent By Job
	408  -  Total Bytes Received By Job
	Partitionable Resources :    Usage  Request Allocated 
	   Cpus                 :     0.52        1         1 
	   Disk (KB)            :   803           1 479749220 
	   Memory (MB)          :  5107        7900      8033 
...
