000 (858029.000.000) 08/18 04:59:16 Job submitted from host: <172.20.3.187:9618?addrs=172.20.3.187-9618&noUDP&sock=2043_e813_3>
...
001 (858029.000.000) 08/18 12:40:27 Job executing on host: <172.20.225.4:9618?addrs=172.20.225.4-9618&noUDP&sock=3366_5fdf_3>
...
006 (858029.000.000) 08/18 12:40:35 Image size of job updated: 21116
	21  -  MemoryUsage of job (MB)
	21116  -  ResidentSetSize of job (KB)
...
006 (858029.000.000) 08/18 12:45:35 Image size of job updated: 4478816
	4374  -  MemoryUsage of job (MB)
	4478816  -  ResidentSetSize of job (KB)
...
006 (858029.000.000) 08/18 12:50:36 Image size of job updated: 5261728
	5139  -  MemoryUsage of job (MB)
	5261728  -  ResidentSetSize of job (KB)
...
006 (858029.000.000) 08/18 12:55:37 Image size of job updated: 5261852
	5139  -  MemoryUsage of job (MB)
	5261852  -  ResidentSetSize of job (KB)
...
006 (858029.000.000) 08/18 13:00:37 Image size of job updated: 5262028
	5139  -  MemoryUsage of job (MB)
	5262028  -  ResidentSetSize of job (KB)
...
006 (858029.000.000) 08/18 13:05:37 Image size of job updated: 5262676
	5140  -  MemoryUsage of job (MB)
	5262676  -  ResidentSetSize of job (KB)
...
006 (858029.000.000) 08/18 13:10:37 Image size of job updated: 6168520
	6021  -  MemoryUsage of job (MB)
	6165424  -  ResidentSetSize of job (KB)
...
006 (858029.000.000) 08/18 13:10:57 Image size of job updated: 6170160
	6021  -  MemoryUsage of job (MB)
	6165424  -  ResidentSetSize of job (KB)
...
005 (858029.000.000) 08/18 13:10:57 Job terminated.
	(1) Normal termination (return value 0)
		Usr 0 00:33:17, Sys 0 00:00:39  -  Run Remote Usage
		Usr 0 00:00:00, Sys 0 00:00:00  -  Run Local Usage
		Usr 0 00:33:17, Sys 0 00:00:39  -  Total Remote Usage
		Usr 0 00:00:00, Sys 0 00:00:00  -  Total Local Usage
	2107  -  Run Bytes Sent By Job
	406  -  Run Bytes Received By Job
	2107  -  Total Bytes Sent By Job
	406  -  Total Bytes Received By Job
	Partitionable Resources :    Usage  Request Allocated 
	   Cpus                 :     1.04        1         1 
	   Disk (KB)            :   803           1 479779449 
	   Memory (MB)          :  6021        7900      8033 
...
