000 (858700.000.000) 08/18 04:59:38 Job submitted from host: <172.20.3.187:9618?addrs=172.20.3.187-9618&noUDP&sock=2043_e813_3>
...
001 (858700.000.000) 08/18 13:54:42 Job executing on host: <172.20.225.2:9618?addrs=172.20.225.2-9618&noUDP&sock=3424_285d_3>
...
006 (858700.000.000) 08/18 13:54:50 Image size of job updated: 21120
	21  -  MemoryUsage of job (MB)
	21120  -  ResidentSetSize of job (KB)
...
006 (858700.000.000) 08/18 13:59:50 Image size of job updated: 3974136
	3881  -  MemoryUsage of job (MB)
	3974136  -  ResidentSetSize of job (KB)
...
006 (858700.000.000) 08/18 14:04:51 Image size of job updated: 4810164
	4698  -  MemoryUsage of job (MB)
	4810164  -  ResidentSetSize of job (KB)
...
006 (858700.000.000) 08/18 14:09:51 Image size of job updated: 5554040
	5424  -  MemoryUsage of job (MB)
	5554040  -  ResidentSetSize of job (KB)
...
006 (858700.000.000) 08/18 14:14:52 Image size of job updated: 5554176
	5424  -  MemoryUsage of job (MB)
	5554176  -  ResidentSetSize of job (KB)
...
006 (858700.000.000) 08/18 14:19:53 Image size of job updated: 5554876
	5425  -  MemoryUsage of job (MB)
	5554876  -  ResidentSetSize of job (KB)
...
006 (858700.000.000) 08/18 14:24:53 Image size of job updated: 5888704
	5751  -  MemoryUsage of job (MB)
	5888704  -  ResidentSetSize of job (KB)
...
006 (858700.000.000) 08/18 14:28:03 Image size of job updated: 5888704
	5752  -  MemoryUsage of job (MB)
	5889084  -  ResidentSetSize of job (KB)
...
005 (858700.000.000) 08/18 14:28:04 Job terminated.
	(1) Normal termination (return value 0)
		Usr 0 00:32:34, Sys 0 00:00:37  -  Run Remote Usage
		Usr 0 00:00:00, Sys 0 00:00:00  -  Run Local Usage
		Usr 0 00:32:34, Sys 0 00:00:37  -  Total Remote Usage
		Usr 0 00:00:00, Sys 0 00:00:00  -  Total Local Usage
	2113  -  Run Bytes Sent By Job
	412  -  Run Bytes Received By Job
	2113  -  Total Bytes Sent By Job
	412  -  Total Bytes Received By Job
	Partitionable Resources :    Usage  Request Allocated 
	   Cpus                 :     0.68        1         1 
	   Disk (KB)            :   803           1 479786084 
	   Memory (MB)          :  5752        7900      8033 
...
