000 (859886.000.000) 08/18 05:00:18 Job submitted from host: <172.20.3.187:9618?addrs=172.20.3.187-9618&noUDP&sock=2043_e813_3>
...
001 (859886.000.000) 08/18 16:14:35 Job executing on host: <172.20.225.2:9618?addrs=172.20.225.2-9618&noUDP&sock=3424_285d_3>
...
006 (859886.000.000) 08/18 16:14:44 Image size of job updated: 21120
	21  -  MemoryUsage of job (MB)
	21120  -  ResidentSetSize of job (KB)
...
006 (859886.000.000) 08/18 16:19:45 Image size of job updated: 3711820
	3622  -  MemoryUsage of job (MB)
	3708908  -  ResidentSetSize of job (KB)
...
006 (859886.000.000) 08/18 16:24:46 Image size of job updated: 4544920
	4439  -  MemoryUsage of job (MB)
	4544920  -  ResidentSetSize of job (KB)
...
006 (859886.000.000) 08/18 16:29:46 Image size of job updated: 5288804
	5165  -  MemoryUsage of job (MB)
	5288804  -  ResidentSetSize of job (KB)
...
006 (859886.000.000) 08/18 16:34:46 Image size of job updated: 5288840
	5165  -  MemoryUsage of job (MB)
	5288840  -  ResidentSetSize of job (KB)
...
006 (859886.000.000) 08/18 16:39:46 Image size of job updated: 5289640
	5166  -  MemoryUsage of job (MB)
	5289640  -  ResidentSetSize of job (KB)
...
006 (859886.000.000) 08/18 16:44:47 Image size of job updated: 5509864
	5381  -  MemoryUsage of job (MB)
	5509436  -  ResidentSetSize of job (KB)
...
006 (859886.000.000) 08/18 16:48:26 Image size of job updated: 9806332
	5381  -  MemoryUsage of job (MB)
	5509452  -  ResidentSetSize of job (KB)
...
005 (859886.000.000) 08/18 16:48:26 Job terminated.
	(1) Normal termination (return value 0)
		Usr 0 00:32:41, Sys 0 00:00:33  -  Run Remote Usage
		Usr 0 00:00:00, Sys 0 00:00:00  -  Run Local Usage
		Usr 0 00:32:41, Sys 0 00:00:33  -  Total Remote Usage
		Usr 0 00:00:00, Sys 0 00:00:00  -  Total Local Usage
	2109  -  Run Bytes Sent By Job
	408  -  Run Bytes Received By Job
	2109  -  Total Bytes Sent By Job
	408  -  Total Bytes Received By Job
	Partitionable Resources :    Usage  Request Allocated 
	   Cpus                 :     0.80        1         1 
	   Disk (KB)            :   803           1 479786084 
	   Memory (MB)          :  5381        7900      8033 
...
