000 (859487.000.000) 08/18 05:00:04 Job submitted from host: <172.20.3.187:9618?addrs=172.20.3.187-9618&noUDP&sock=2043_e813_3>
...
001 (859487.000.000) 08/18 15:34:42 Job executing on host: <172.20.225.6:9618?addrs=172.20.225.6-9618&noUDP&sock=3382_5963_3>
...
006 (859487.000.000) 08/18 15:34:51 Image size of job updated: 21124
	21  -  MemoryUsage of job (MB)
	21124  -  ResidentSetSize of job (KB)
...
006 (859487.000.000) 08/18 15:39:51 Image size of job updated: 3840796
	3751  -  MemoryUsage of job (MB)
	3840796  -  ResidentSetSize of job (KB)
...
006 (859487.000.000) 08/18 15:44:52 Image size of job updated: 4842444
	4729  -  MemoryUsage of job (MB)
	4842444  -  ResidentSetSize of job (KB)
...
006 (859487.000.000) 08/18 15:49:52 Image size of job updated: 5280080
	5157  -  MemoryUsage of job (MB)
	5280080  -  ResidentSetSize of job (KB)
...
006 (859487.000.000) 08/18 15:54:53 Image size of job updated: 5280224
	5157  -  MemoryUsage of job (MB)
	5280224  -  ResidentSetSize of job (KB)
...
006 (859487.000.000) 08/18 15:59:54 Image size of job updated: 5280904
	5158  -  MemoryUsage of job (MB)
	5280904  -  ResidentSetSize of job (KB)
...
006 (859487.000.000) 08/18 16:04:54 Image size of job updated: 8439992
	8243  -  MemoryUsage of job (MB)
	8439992  -  ResidentSetSize of job (KB)
...
006 (859487.000.000) 08/18 16:09:40 Image size of job updated: 15313924
	8243  -  MemoryUsage of job (MB)
	8440072  -  ResidentSetSize of job (KB)
...
005 (859487.000.000) 08/18 16:09:40 Job terminated.
	(1) Normal termination (return value 0)
		Usr 0 00:33:48, Sys 0 00:00:37  -  Run Remote Usage
		Usr 0 00:00:00, Sys 0 00:00:00  -  Run Local Usage
		Usr 0 00:33:48, Sys 0 00:00:37  -  Total Remote Usage
		Usr 0 00:00:00, Sys 0 00:00:00  -  Total Local Usage
	2107  -  Run Bytes Sent By Job
	406  -  Run Bytes Received By Job
	2107  -  Total Bytes Sent By Job
	406  -  Total Bytes Received By Job
	Partitionable Resources :    Usage  Request Allocated 
	   Cpus                 :     0.79        1         1 
	   Disk (KB)            :   803           1 479749220 
	   Memory (MB)          :  8243        7900      8033 
...
