000 (860114.000.000) 08/18 05:00:25 Job submitted from host: <172.20.3.187:9618?addrs=172.20.3.187-9618&noUDP&sock=2043_e813_3>
...
001 (860114.000.000) 08/18 16:49:09 Job executing on host: <172.20.225.4:9618?addrs=172.20.225.4-9618&noUDP&sock=3366_5fdf_3>
...
006 (860114.000.000) 08/18 16:49:17 Image size of job updated: 21108
	21  -  MemoryUsage of job (MB)
	21108  -  ResidentSetSize of job (KB)
...
006 (860114.000.000) 08/18 16:54:18 Image size of job updated: 4033412
	3937  -  MemoryUsage of job (MB)
	4031376  -  ResidentSetSize of job (KB)
...
006 (860114.000.000) 08/18 16:59:18 Image size of job updated: 4856936
	4742  -  MemoryUsage of job (MB)
	4854900  -  ResidentSetSize of job (KB)
...
006 (860114.000.000) 08/18 17:04:18 Image size of job updated: 5613368
	5480  -  MemoryUsage of job (MB)
	5611284  -  ResidentSetSize of job (KB)
...
006 (860114.000.000) 08/18 17:09:18 Image size of job updated: 5613368
	5480  -  MemoryUsage of job (MB)
	5611316  -  ResidentSetSize of job (KB)
...
006 (860114.000.000) 08/18 17:14:19 Image size of job updated: 5613368
	5481  -  MemoryUsage of job (MB)
	5612120  -  ResidentSetSize of job (KB)
...
006 (860114.000.000) 08/18 17:19:19 Image size of job updated: 5788844
	5654  -  MemoryUsage of job (MB)
	5788844  -  ResidentSetSize of job (KB)
...
006 (860114.000.000) 08/18 17:24:14 Image size of job updated: 5788844
	5654  -  MemoryUsage of job (MB)
	5788856  -  ResidentSetSize of job (KB)
...
005 (860114.000.000) 08/18 17:24:15 Job terminated.
	(1) Normal termination (return value 0)
		Usr 0 00:34:34, Sys 0 00:00:34  -  Run Remote Usage
		Usr 0 00:00:00, Sys 0 00:00:00  -  Run Local Usage
		Usr 0 00:34:34, Sys 0 00:00:34  -  Total Remote Usage
		Usr 0 00:00:00, Sys 0 00:00:00  -  Total Local Usage
	2113  -  Run Bytes Sent By Job
	412  -  Run Bytes Received By Job
	2113  -  Total Bytes Sent By Job
	412  -  Total Bytes Received By Job
	Partitionable Resources :    Usage  Request Allocated 
	   Cpus                 :        0        1         1 
	   Disk (KB)            :      803        1 479779449 
	   Memory (MB)          :     5654     7900      8033 
...
