000 (858594.000.000) 08/18 04:59:34 Job submitted from host: <172.20.3.187:9618?addrs=172.20.3.187-9618&noUDP&sock=2043_e813_3>
...
001 (858594.000.000) 08/18 13:44:38 Job executing on host: <172.20.225.1:9618?addrs=172.20.225.1-9618&noUDP&sock=3382_5963_3>
...
006 (858594.000.000) 08/18 13:44:47 Image size of job updated: 21112
	21  -  MemoryUsage of job (MB)
	21112  -  ResidentSetSize of job (KB)
...
006 (858594.000.000) 08/18 13:49:49 Image size of job updated: 3973900
	3881  -  MemoryUsage of job (MB)
	3973900  -  ResidentSetSize of job (KB)
...
006 (858594.000.000) 08/18 13:54:49 Image size of job updated: 4797444
	4686  -  MemoryUsage of job (MB)
	4797444  -  ResidentSetSize of job (KB)
...
006 (858594.000.000) 08/18 13:59:50 Image size of job updated: 5553840
	5424  -  MemoryUsage of job (MB)
	5553840  -  ResidentSetSize of job (KB)
...
006 (858594.000.000) 08/18 14:04:50 Image size of job updated: 5554004
	5424  -  MemoryUsage of job (MB)
	5554004  -  ResidentSetSize of job (KB)
...
006 (858594.000.000) 08/18 14:09:50 Image size of job updated: 5554664
	5425  -  MemoryUsage of job (MB)
	5554664  -  ResidentSetSize of job (KB)
...
006 (858594.000.000) 08/18 14:14:51 Image size of job updated: 6081220
	5938  -  MemoryUsage of job (MB)
	6079524  -  ResidentSetSize of job (KB)
...
005 (858594.000.000) 08/18 14:16:27 Job terminated.
	(1) Normal termination (return value 0)
		Usr 0 00:33:44, Sys 0 00:00:35  -  Run Remote Usage
		Usr 0 00:00:00, Sys 0 00:00:00  -  Run Local Usage
		Usr 0 00:33:44, Sys 0 00:00:35  -  Total Remote Usage
		Usr 0 00:00:00, Sys 0 00:00:00  -  Total Local Usage
	2113  -  Run Bytes Sent By Job
	412  -  Run Bytes Received By Job
	2113  -  Total Bytes Sent By Job
	412  -  Total Bytes Received By Job
	Partitionable Resources :    Usage  Request Allocated 
	   Cpus                 :     1.00        1         1 
	   Disk (KB)            :   803           1 479786105 
	   Memory (MB)          :  5938        7900      8033 
...
