000 (858719.000.000) 08/18 04:59:39 Job submitted from host: <172.20.3.187:9618?addrs=172.20.3.187-9618&noUDP&sock=2043_e813_3>
...
001 (858719.000.000) 08/18 13:55:41 Job executing on host: <172.20.225.2:9618?addrs=172.20.225.2-9618&noUDP&sock=3424_285d_3>
...
006 (858719.000.000) 08/18 13:55:50 Image size of job updated: 21116
	21  -  MemoryUsage of job (MB)
	21116  -  ResidentSetSize of job (KB)
...
006 (858719.000.000) 08/18 14:00:50 Image size of job updated: 3974320
	3882  -  MemoryUsage of job (MB)
	3974320  -  ResidentSetSize of job (KB)
...
006 (858719.000.000) 08/18 14:05:50 Image size of job updated: 4797852
	4686  -  MemoryUsage of job (MB)
	4797852  -  ResidentSetSize of job (KB)
...
006 (858719.000.000) 08/18 14:10:51 Image size of job updated: 5554236
	5425  -  MemoryUsage of job (MB)
	5554236  -  ResidentSetSize of job (KB)
...
006 (858719.000.000) 08/18 14:15:52 Image size of job updated: 5554268
	5425  -  MemoryUsage of job (MB)
	5554268  -  ResidentSetSize of job (KB)
...
006 (858719.000.000) 08/18 14:20:52 Image size of job updated: 5554776
	5425  -  MemoryUsage of job (MB)
	5554748  -  ResidentSetSize of job (KB)
...
006 (858719.000.000) 08/18 14:25:53 Image size of job updated: 5555076
	5425  -  MemoryUsage of job (MB)
	5555076  -  ResidentSetSize of job (KB)
...
006 (858719.000.000) 08/18 14:30:30 Image size of job updated: 6064604
	5425  -  MemoryUsage of job (MB)
	5555076  -  ResidentSetSize of job (KB)
...
005 (858719.000.000) 08/18 14:30:30 Job terminated.
	(1) Normal termination (return value 0)
		Usr 0 00:33:23, Sys 0 00:00:37  -  Run Remote Usage
		Usr 0 00:00:00, Sys 0 00:00:00  -  Run Local Usage
		Usr 0 00:33:23, Sys 0 00:00:37  -  Total Remote Usage
		Usr 0 00:00:00, Sys 0 00:00:00  -  Total Local Usage
	2113  -  Run Bytes Sent By Job
	412  -  Run Bytes Received By Job
	2113  -  Total Bytes Sent By Job
	412  -  Total Bytes Received By Job
	Partitionable Resources :    Usage  Request Allocated 
	   Cpus                 :     0.92        1         1 
	   Disk (KB)            :   803           1 479786084 
	   Memory (MB)          :  5425        7900      8033 
...
