000 (857362.000.000) 08/18 04:58:55 Job submitted from host: <172.20.3.187:9618?addrs=172.20.3.187-9618&noUDP&sock=2043_e813_3>
...
001 (857362.000.000) 08/18 11:03:46 Job executing on host: <172.20.225.6:9618?addrs=172.20.225.6-9618&noUDP&sock=3382_5963_3>
...
006 (857362.000.000) 08/18 11:03:56 Image size of job updated: 21120
	21  -  MemoryUsage of job (MB)
	21120  -  ResidentSetSize of job (KB)
...
006 (857362.000.000) 08/18 11:08:56 Image size of job updated: 5344628
	5220  -  MemoryUsage of job (MB)
	5344628  -  ResidentSetSize of job (KB)
...
006 (857362.000.000) 08/18 11:13:56 Image size of job updated: 6042944
	5902  -  MemoryUsage of job (MB)
	6042924  -  ResidentSetSize of job (KB)
...
006 (857362.000.000) 08/18 11:14:23 Image size of job updated: 6042972
	5902  -  MemoryUsage of job (MB)
	6042924  -  ResidentSetSize of job (KB)
...
005 (857362.000.000) 08/18 11:14:23 Job terminated.
	(1) Normal termination (return value 0)
		Usr 0 00:39:53, Sys 0 00:00:51  -  Run Remote Usage
		Usr 0 00:00:00, Sys 0 00:00:00  -  Run Local Usage
		Usr 0 00:39:53, Sys 0 00:00:51  -  Total Remote Usage
		Usr 0 00:00:00, Sys 0 00:00:00  -  Total Local Usage
	2116  -  Run Bytes Sent By Job
	415  -  Run Bytes Received By Job
	2116  -  Total Bytes Sent By Job
	415  -  Total Bytes Received By Job
	Partitionable Resources :    Usage  Request Allocated 
	   Cpus                 :     0.93        1         1 
	   Disk (KB)            :   803           1 479749220 
	   Memory (MB)          :  5902        7900      8033 
...
