000 (859732.000.000) 08/18 05:00:13 Job submitted from host: <172.20.3.187:9618?addrs=172.20.3.187-9618&noUDP&sock=2043_e813_3>
...
001 (859732.000.000) 08/18 16:13:28 Job executing on host: <172.20.225.8:9618?addrs=172.20.225.8-9618&noUDP&sock=3440_21e1_3>
...
006 (859732.000.000) 08/18 16:13:36 Image size of job updated: 21120
	21  -  MemoryUsage of job (MB)
	21120  -  ResidentSetSize of job (KB)
...
006 (859732.000.000) 08/18 16:18:37 Image size of job updated: 4522404
	4417  -  MemoryUsage of job (MB)
	4522404  -  ResidentSetSize of job (KB)
...
006 (859732.000.000) 08/18 16:23:37 Image size of job updated: 5305320
	5181  -  MemoryUsage of job (MB)
	5305320  -  ResidentSetSize of job (KB)
...
006 (859732.000.000) 08/18 16:28:38 Image size of job updated: 5305448
	5182  -  MemoryUsage of job (MB)
	5305448  -  ResidentSetSize of job (KB)
...
006 (859732.000.000) 08/18 16:33:38 Image size of job updated: 5305608
	5182  -  MemoryUsage of job (MB)
	5305608  -  ResidentSetSize of job (KB)
...
006 (859732.000.000) 08/18 16:38:39 Image size of job updated: 5306256
	5182  -  MemoryUsage of job (MB)
	5306256  -  ResidentSetSize of job (KB)
...
006 (859732.000.000) 08/18 16:43:33 Image size of job updated: 5793124
	5182  -  MemoryUsage of job (MB)
	5306256  -  ResidentSetSize of job (KB)
...
005 (859732.000.000) 08/18 16:43:33 Job terminated.
	(1) Normal termination (return value 0)
		Usr 0 00:32:07, Sys 0 00:00:37  -  Run Remote Usage
		Usr 0 00:00:00, Sys 0 00:00:00  -  Run Local Usage
		Usr 0 00:32:07, Sys 0 00:00:37  -  Total Remote Usage
		Usr 0 00:00:00, Sys 0 00:00:00  -  Total Local Usage
	2106  -  Run Bytes Sent By Job
	405  -  Run Bytes Received By Job
	2106  -  Total Bytes Sent By Job
	405  -  Total Bytes Received By Job
	Partitionable Resources :    Usage  Request Allocated 
	   Cpus                 :     0.57        1         1 
	   Disk (KB)            :   803           1 479737977 
	   Memory (MB)          :  5182        7900      8033 
...
