000 (860410.000.000) 08/18 05:00:35 Job submitted from host: <172.20.3.187:9618?addrs=172.20.3.187-9618&noUDP&sock=2043_e813_3>
...
001 (860410.000.000) 08/18 17:25:18 Job executing on host: <172.20.225.6:9618?addrs=172.20.225.6-9618&noUDP&sock=3382_5963_3>
...
006 (860410.000.000) 08/18 17:25:26 Image size of job updated: 21128
	21  -  MemoryUsage of job (MB)
	21128  -  ResidentSetSize of job (KB)
...
006 (860410.000.000) 08/18 17:30:26 Image size of job updated: 4032420
	3937  -  MemoryUsage of job (MB)
	4031284  -  ResidentSetSize of job (KB)
...
006 (860410.000.000) 08/18 17:35:28 Image size of job updated: 4855960
	4742  -  MemoryUsage of job (MB)
	4854832  -  ResidentSetSize of job (KB)
...
006 (860410.000.000) 08/18 17:40:28 Image size of job updated: 5612348
	5480  -  MemoryUsage of job (MB)
	5611220  -  ResidentSetSize of job (KB)
...
006 (860410.000.000) 08/18 17:45:29 Image size of job updated: 5612392
	5480  -  MemoryUsage of job (MB)
	5611256  -  ResidentSetSize of job (KB)
...
006 (860410.000.000) 08/18 17:50:30 Image size of job updated: 5612392
	5481  -  MemoryUsage of job (MB)
	5612052  -  ResidentSetSize of job (KB)
...
006 (860410.000.000) 08/18 17:55:30 Image size of job updated: 6276492
	6130  -  MemoryUsage of job (MB)
	6276492  -  ResidentSetSize of job (KB)
...
005 (860410.000.000) 08/18 17:56:58 Job terminated.
	(1) Normal termination (return value 0)
		Usr 0 00:34:16, Sys 0 00:00:30  -  Run Remote Usage
		Usr 0 00:00:00, Sys 0 00:00:00  -  Run Local Usage
		Usr 0 00:34:16, Sys 0 00:00:30  -  Total Remote Usage
		Usr 0 00:00:00, Sys 0 00:00:00  -  Total Local Usage
	2113  -  Run Bytes Sent By Job
	412  -  Run Bytes Received By Job
	2113  -  Total Bytes Sent By Job
	412  -  Total Bytes Received By Job
	Partitionable Resources :    Usage  Request Allocated 
	   Cpus                 :     1.00        1         1 
	   Disk (KB)            :   803           1 479749220 
	   Memory (MB)          :  6130        7900      8033 
...
