000 (855770.000.000) 08/18 04:58:03 Job submitted from host: <172.20.3.187:9618?addrs=172.20.3.187-9618&noUDP&sock=2043_e813_3>
...
001 (855770.000.000) 08/18 07:10:02 Job executing on host: <172.20.225.4:9618?addrs=172.20.225.4-9618&noUDP&sock=3366_5fdf_3>
...
006 (855770.000.000) 08/18 07:10:12 Image size of job updated: 21124
	21  -  MemoryUsage of job (MB)
	21124  -  ResidentSetSize of job (KB)
...
006 (855770.000.000) 08/18 07:15:13 Image size of job updated: 4246948
	4132  -  MemoryUsage of job (MB)
	4230840  -  ResidentSetSize of job (KB)
...
006 (855770.000.000) 08/18 07:20:14 Image size of job updated: 5379852
	5239  -  MemoryUsage of job (MB)
	5363744  -  ResidentSetSize of job (KB)
...
006 (855770.000.000) 08/18 07:25:14 Image size of job updated: 5380248
	5239  -  MemoryUsage of job (MB)
	5363888  -  ResidentSetSize of job (KB)
...
006 (855770.000.000) 08/18 07:30:16 Image size of job updated: 5380248
	5239  -  MemoryUsage of job (MB)
	5364364  -  ResidentSetSize of job (KB)
...
006 (855770.000.000) 08/18 07:35:16 Image size of job updated: 5557452
	5426  -  MemoryUsage of job (MB)
	5555620  -  ResidentSetSize of job (KB)
...
006 (855770.000.000) 08/18 07:38:28 Image size of job updated: 5557452
	5426  -  MemoryUsage of job (MB)
	5555792  -  ResidentSetSize of job (KB)
...
005 (855770.000.000) 08/18 07:38:30 Job terminated.
	(1) Normal termination (return value 0)
		Usr 0 00:32:34, Sys 0 00:00:29  -  Run Remote Usage
		Usr 0 00:00:00, Sys 0 00:00:00  -  Run Local Usage
		Usr 0 00:32:34, Sys 0 00:00:29  -  Total Remote Usage
		Usr 0 00:00:00, Sys 0 00:00:00  -  Total Local Usage
	2107  -  Run Bytes Sent By Job
	410  -  Run Bytes Received By Job
	2107  -  Total Bytes Sent By Job
	410  -  Total Bytes Received By Job
	Partitionable Resources :    Usage  Request Allocated 
	   Cpus                 :        0        1         1 
	   Disk (KB)            :      803        1 479779449 
	   Memory (MB)          :     5426     7900      8033 
...
