000 (860445.000.000) 08/18 05:00:37 Job submitted from host: <172.20.3.187:9618?addrs=172.20.3.187-9618&noUDP&sock=2043_e813_3>
...
001 (860445.000.000) 08/18 17:25:19 Job executing on host: <172.20.225.2:9618?addrs=172.20.225.2-9618&noUDP&sock=3424_285d_3>
...
006 (860445.000.000) 08/18 17:25:28 Image size of job updated: 21128
	21  -  MemoryUsage of job (MB)
	21128  -  ResidentSetSize of job (KB)
...
006 (860445.000.000) 08/18 17:30:29 Image size of job updated: 4034624
	3938  -  MemoryUsage of job (MB)
	4031808  -  ResidentSetSize of job (KB)
...
006 (860445.000.000) 08/18 17:35:30 Image size of job updated: 4858220
	4742  -  MemoryUsage of job (MB)
	4855356  -  ResidentSetSize of job (KB)
...
006 (860445.000.000) 08/18 17:40:30 Image size of job updated: 5614612
	5481  -  MemoryUsage of job (MB)
	5611748  -  ResidentSetSize of job (KB)
...
006 (860445.000.000) 08/18 17:45:30 Image size of job updated: 5614672
	5481  -  MemoryUsage of job (MB)
	5611784  -  ResidentSetSize of job (KB)
...
006 (860445.000.000) 08/18 17:50:30 Image size of job updated: 5614672
	5482  -  MemoryUsage of job (MB)
	5612588  -  ResidentSetSize of job (KB)
...
006 (860445.000.000) 08/18 17:55:31 Image size of job updated: 6265216
	6119  -  MemoryUsage of job (MB)
	6265216  -  ResidentSetSize of job (KB)
...
005 (860445.000.000) 08/18 17:57:13 Job terminated.
	(1) Normal termination (return value 0)
		Usr 0 00:34:38, Sys 0 00:00:32  -  Run Remote Usage
		Usr 0 00:00:00, Sys 0 00:00:00  -  Run Local Usage
		Usr 0 00:34:38, Sys 0 00:00:32  -  Total Remote Usage
		Usr 0 00:00:00, Sys 0 00:00:00  -  Total Local Usage
	2113  -  Run Bytes Sent By Job
	412  -  Run Bytes Received By Job
	2113  -  Total Bytes Sent By Job
	412  -  Total Bytes Received By Job
	Partitionable Resources :    Usage  Request Allocated 
	   Cpus                 :     1.00        1         1 
	   Disk (KB)            :   803           1 479786084 
	   Memory (MB)          :  6119        7900      8033 
...
