000 (854753.000.000) 08/18 04:57:26 Job submitted from host: <172.20.3.187:9618?addrs=172.20.3.187-9618&noUDP&sock=2043_e813_3>
...
001 (854753.000.000) 08/18 04:57:43 Job executing on host: <172.20.225.5:9618?addrs=172.20.225.5-9618&noUDP&sock=3375_8c39_3>
...
006 (854753.000.000) 08/18 04:57:51 Image size of job updated: 21116
	21  -  MemoryUsage of job (MB)
	21116  -  ResidentSetSize of job (KB)
...
006 (854753.000.000) 08/18 05:02:52 Image size of job updated: 3948484
	3856  -  MemoryUsage of job (MB)
	3947932  -  ResidentSetSize of job (KB)
...
006 (854753.000.000) 08/18 05:07:52 Image size of job updated: 4794808
	4682  -  MemoryUsage of job (MB)
	4794256  -  ResidentSetSize of job (KB)
...
006 (854753.000.000) 08/18 05:12:52 Image size of job updated: 5387776
	5261  -  MemoryUsage of job (MB)
	5387224  -  ResidentSetSize of job (KB)
...
006 (854753.000.000) 08/18 05:17:52 Image size of job updated: 5387944
	5262  -  MemoryUsage of job (MB)
	5387392  -  ResidentSetSize of job (KB)
...
006 (854753.000.000) 08/18 05:22:53 Image size of job updated: 5388060
	5262  -  MemoryUsage of job (MB)
	5388044  -  ResidentSetSize of job (KB)
...
005 (854753.000.000) 08/18 05:27:20 Job terminated.
	(1) Normal termination (return value 0)
		Usr 0 00:29:11, Sys 0 00:00:33  -  Run Remote Usage
		Usr 0 00:00:00, Sys 0 00:00:00  -  Run Local Usage
		Usr 0 00:29:11, Sys 0 00:00:33  -  Total Remote Usage
		Usr 0 00:00:00, Sys 0 00:00:00  -  Total Local Usage
	2104  -  Run Bytes Sent By Job
	403  -  Run Bytes Received By Job
	2104  -  Total Bytes Sent By Job
	403  -  Total Bytes Received By Job
	Partitionable Resources :    Usage  Request Allocated 
	   Cpus                 :     0.52        1         1 
	   Disk (KB)            :   803           1 479749220 
	   Memory (MB)          :  5262        7900      8033 
...
