000 (859733.000.000) 08/18 05:00:13 Job submitted from host: <172.20.3.187:9618?addrs=172.20.3.187-9618&noUDP&sock=2043_e813_3>
...
001 (859733.000.000) 08/18 16:13:29 Job executing on host: <172.20.225.8:9618?addrs=172.20.225.8-9618&noUDP&sock=3440_21e1_3>
...
006 (859733.000.000) 08/18 16:13:37 Image size of job updated: 21112
	21  -  MemoryUsage of job (MB)
	21112  -  ResidentSetSize of job (KB)
...
006 (859733.000.000) 08/18 16:18:37 Image size of job updated: 4522420
	4417  -  MemoryUsage of job (MB)
	4522420  -  ResidentSetSize of job (KB)
...
006 (859733.000.000) 08/18 16:23:38 Image size of job updated: 5305328
	5181  -  MemoryUsage of job (MB)
	5305328  -  ResidentSetSize of job (KB)
...
006 (859733.000.000) 08/18 16:28:38 Image size of job updated: 5305456
	5182  -  MemoryUsage of job (MB)
	5305456  -  ResidentSetSize of job (KB)
...
006 (859733.000.000) 08/18 16:33:39 Image size of job updated: 5305616
	5182  -  MemoryUsage of job (MB)
	5305616  -  ResidentSetSize of job (KB)
...
006 (859733.000.000) 08/18 16:38:40 Image size of job updated: 5306276
	5182  -  MemoryUsage of job (MB)
	5306276  -  ResidentSetSize of job (KB)
...
006 (859733.000.000) 08/18 16:43:41 Image size of job updated: 5931400
	5793  -  MemoryUsage of job (MB)
	5931400  -  ResidentSetSize of job (KB)
...
005 (859733.000.000) 08/18 16:44:50 Job terminated.
	(1) Normal termination (return value 0)
		Usr 0 00:32:46, Sys 0 00:00:40  -  Run Remote Usage
		Usr 0 00:00:00, Sys 0 00:00:00  -  Run Local Usage
		Usr 0 00:32:46, Sys 0 00:00:40  -  Total Remote Usage
		Usr 0 00:00:00, Sys 0 00:00:00  -  Total Local Usage
	2106  -  Run Bytes Sent By Job
	405  -  Run Bytes Received By Job
	2106  -  Total Bytes Sent By Job
	405  -  Total Bytes Received By Job
	Partitionable Resources :    Usage  Request Allocated 
	   Cpus                 :     0.71        1         1 
	   Disk (KB)            :   803           1 479737977 
	   Memory (MB)          :  5793        7900      8033 
...
