000 (855411.000.000) 08/18 04:57:51 Job submitted from host: <172.20.3.187:9618?addrs=172.20.3.187-9618&noUDP&sock=2043_e813_3>
...
001 (855411.000.000) 08/18 06:31:07 Job executing on host: <172.20.225.2:9618?addrs=172.20.225.2-9618&noUDP&sock=3424_285d_3>
...
006 (855411.000.000) 08/18 06:31:16 Image size of job updated: 21116
	21  -  MemoryUsage of job (MB)
	21116  -  ResidentSetSize of job (KB)
...
006 (855411.000.000) 08/18 06:36:17 Image size of job updated: 4085392
	3990  -  MemoryUsage of job (MB)
	4085392  -  ResidentSetSize of job (KB)
...
006 (855411.000.000) 08/18 06:41:19 Image size of job updated: 5218468
	5097  -  MemoryUsage of job (MB)
	5218400  -  ResidentSetSize of job (KB)
...
006 (855411.000.000) 08/18 06:46:18 Image size of job updated: 5218468
	5097  -  MemoryUsage of job (MB)
	5218440  -  ResidentSetSize of job (KB)
...
006 (855411.000.000) 08/18 06:51:18 Image size of job updated: 5218920
	5097  -  MemoryUsage of job (MB)
	5218920  -  ResidentSetSize of job (KB)
...
006 (855411.000.000) 08/18 06:56:19 Image size of job updated: 5219264
	5097  -  MemoryUsage of job (MB)
	5219264  -  ResidentSetSize of job (KB)
...
005 (855411.000.000) 08/18 06:58:57 Job terminated.
	(1) Normal termination (return value 0)
		Usr 0 00:31:48, Sys 0 00:00:35  -  Run Remote Usage
		Usr 0 00:00:00, Sys 0 00:00:00  -  Run Local Usage
		Usr 0 00:31:48, Sys 0 00:00:35  -  Total Remote Usage
		Usr 0 00:00:00, Sys 0 00:00:00  -  Total Local Usage
	2103  -  Run Bytes Sent By Job
	407  -  Run Bytes Received By Job
	2103  -  Total Bytes Sent By Job
	407  -  Total Bytes Received By Job
	Partitionable Resources :    Usage  Request Allocated 
	   Cpus                 :     0.99        1         1 
	   Disk (KB)            :   803           1 479786084 
	   Memory (MB)          :  5097        7900      8033 
...
