000 (854715.000.000) 08/18 04:57:25 Job submitted from host: <172.20.3.187:9618?addrs=172.20.3.187-9618&noUDP&sock=2043_e813_3>
...
001 (854715.000.000) 08/18 04:57:43 Job executing on host: <172.20.225.1:9618?addrs=172.20.225.1-9618&noUDP&sock=3382_5963_3>
...
006 (854715.000.000) 08/18 04:57:53 Image size of job updated: 21116
	21  -  MemoryUsage of job (MB)
	21116  -  ResidentSetSize of job (KB)
...
006 (854715.000.000) 08/18 05:02:53 Image size of job updated: 3808148
	3719  -  MemoryUsage of job (MB)
	3807740  -  ResidentSetSize of job (KB)
...
006 (854715.000.000) 08/18 05:07:53 Image size of job updated: 4631668
	4523  -  MemoryUsage of job (MB)
	4631260  -  ResidentSetSize of job (KB)
...
006 (854715.000.000) 08/18 05:12:53 Image size of job updated: 5388048
	5262  -  MemoryUsage of job (MB)
	5387640  -  ResidentSetSize of job (KB)
...
006 (854715.000.000) 08/18 05:17:54 Image size of job updated: 5388084
	5262  -  MemoryUsage of job (MB)
	5387676  -  ResidentSetSize of job (KB)
...
006 (854715.000.000) 08/18 05:22:54 Image size of job updated: 5388212
	5262  -  MemoryUsage of job (MB)
	5388136  -  ResidentSetSize of job (KB)
...
006 (854715.000.000) 08/18 05:27:55 Image size of job updated: 5388556
	5263  -  MemoryUsage of job (MB)
	5388480  -  ResidentSetSize of job (KB)
...
005 (854715.000.000) 08/18 05:32:00 Job terminated.
	(1) Normal termination (return value 0)
		Usr 0 00:32:34, Sys 0 00:00:39  -  Run Remote Usage
		Usr 0 00:00:00, Sys 0 00:00:00  -  Run Local Usage
		Usr 0 00:32:34, Sys 0 00:00:39  -  Total Remote Usage
		Usr 0 00:00:00, Sys 0 00:00:00  -  Total Local Usage
	2104  -  Run Bytes Sent By Job
	403  -  Run Bytes Received By Job
	2104  -  Total Bytes Sent By Job
	403  -  Total Bytes Received By Job
	Partitionable Resources :    Usage  Request Allocated 
	   Cpus                 :     0.99        1         1 
	   Disk (KB)            :   803           1 479786105 
	   Memory (MB)          :  5263        7900      8033 
...
