000 (860337.000.000) 08/18 05:00:33 Job submitted from host: <172.20.3.187:9618?addrs=172.20.3.187-9618&noUDP&sock=2043_e813_3>
...
001 (860337.000.000) 08/18 17:19:49 Job executing on host: <172.20.225.5:9618?addrs=172.20.225.5-9618&noUDP&sock=3375_8c39_3>
...
006 (860337.000.000) 08/18 17:19:57 Image size of job updated: 21124
	21  -  MemoryUsage of job (MB)
	21124  -  ResidentSetSize of job (KB)
...
006 (860337.000.000) 08/18 17:24:57 Image size of job updated: 4851444
	4738  -  MemoryUsage of job (MB)
	4851444  -  ResidentSetSize of job (KB)
...
006 (860337.000.000) 08/18 17:29:58 Image size of job updated: 5610984
	5480  -  MemoryUsage of job (MB)
	5610984  -  ResidentSetSize of job (KB)
...
006 (860337.000.000) 08/18 17:34:59 Image size of job updated: 5611444
	5480  -  MemoryUsage of job (MB)
	5611444  -  ResidentSetSize of job (KB)
...
006 (860337.000.000) 08/18 17:39:59 Image size of job updated: 5611792
	5481  -  MemoryUsage of job (MB)
	5611792  -  ResidentSetSize of job (KB)
...
006 (860337.000.000) 08/18 17:44:59 Image size of job updated: 6364744
	6216  -  MemoryUsage of job (MB)
	6364744  -  ResidentSetSize of job (KB)
...
005 (860337.000.000) 08/18 17:45:12 Job terminated.
	(1) Normal termination (return value 0)
		Usr 0 00:33:53, Sys 0 00:00:35  -  Run Remote Usage
		Usr 0 00:00:00, Sys 0 00:00:00  -  Run Local Usage
		Usr 0 00:33:53, Sys 0 00:00:35  -  Total Remote Usage
		Usr 0 00:00:00, Sys 0 00:00:00  -  Total Local Usage
	2113  -  Run Bytes Sent By Job
	412  -  Run Bytes Received By Job
	2113  -  Total Bytes Sent By Job
	412  -  Total Bytes Received By Job
	Partitionable Resources :    Usage  Request Allocated 
	   Cpus                 :     0.58        1         1 
	   Disk (KB)            :   803           1 479749220 
	   Memory (MB)          :  6216        7900      8033 
...
