000 (855986.000.000) 08/18 04:58:10 Job submitted from host: <172.20.3.187:9618?addrs=172.20.3.187-9618&noUDP&sock=2043_e813_3>
...
001 (855986.000.000) 08/18 07:34:42 Job executing on host: <172.20.225.4:9618?addrs=172.20.225.4-9618&noUDP&sock=3366_5fdf_3>
...
006 (855986.000.000) 08/18 07:34:52 Image size of job updated: 21116
	21  -  MemoryUsage of job (MB)
	21116  -  ResidentSetSize of job (KB)
...
006 (855986.000.000) 08/18 07:39:52 Image size of job updated: 4231224
	4133  -  MemoryUsage of job (MB)
	4231224  -  ResidentSetSize of job (KB)
...
006 (855986.000.000) 08/18 07:44:52 Image size of job updated: 5364140
	5239  -  MemoryUsage of job (MB)
	5364140  -  ResidentSetSize of job (KB)
...
006 (855986.000.000) 08/18 07:49:53 Image size of job updated: 5364272
	5239  -  MemoryUsage of job (MB)
	5364272  -  ResidentSetSize of job (KB)
...
006 (855986.000.000) 08/18 07:54:53 Image size of job updated: 5364432
	5239  -  MemoryUsage of job (MB)
	5364432  -  ResidentSetSize of job (KB)
...
006 (855986.000.000) 08/18 07:59:54 Image size of job updated: 5365092
	5240  -  MemoryUsage of job (MB)
	5365092  -  ResidentSetSize of job (KB)
...
006 (855986.000.000) 08/18 08:04:55 Image size of job updated: 6065496
	5924  -  MemoryUsage of job (MB)
	6065244  -  ResidentSetSize of job (KB)
...
005 (855986.000.000) 08/18 08:05:33 Job terminated.
	(1) Normal termination (return value 0)
		Usr 0 00:33:09, Sys 0 00:00:32  -  Run Remote Usage
		Usr 0 00:00:00, Sys 0 00:00:00  -  Run Local Usage
		Usr 0 00:33:09, Sys 0 00:00:32  -  Total Remote Usage
		Usr 0 00:00:00, Sys 0 00:00:00  -  Total Local Usage
	2113  -  Run Bytes Sent By Job
	412  -  Run Bytes Received By Job
	2113  -  Total Bytes Sent By Job
	412  -  Total Bytes Received By Job
	Partitionable Resources :    Usage  Request Allocated 
	   Cpus                 :     0.64        1         1 
	   Disk (KB)            :   803           1 479779449 
	   Memory (MB)          :  5924        7900      8033 
...
