000 (856688.000.000) 08/18 04:58:33 Job submitted from host: <172.20.3.187:9618?addrs=172.20.3.187-9618&noUDP&sock=2043_e813_3>
...
001 (856688.000.000) 08/18 08:50:55 Job executing on host: <172.20.225.6:9618?addrs=172.20.225.6-9618&noUDP&sock=3382_5963_3>
...
006 (856688.000.000) 08/18 08:51:03 Image size of job updated: 21116
	21  -  MemoryUsage of job (MB)
	21116  -  ResidentSetSize of job (KB)
...
006 (856688.000.000) 08/18 08:56:03 Image size of job updated: 4116740
	4021  -  MemoryUsage of job (MB)
	4116740  -  ResidentSetSize of job (KB)
...
006 (856688.000.000) 08/18 09:01:04 Image size of job updated: 4812132
	4700  -  MemoryUsage of job (MB)
	4812132  -  ResidentSetSize of job (KB)
...
006 (856688.000.000) 08/18 09:06:05 Image size of job updated: 5249764
	5127  -  MemoryUsage of job (MB)
	5249764  -  ResidentSetSize of job (KB)
...
006 (856688.000.000) 08/18 09:11:05 Image size of job updated: 5249896
	5127  -  MemoryUsage of job (MB)
	5249896  -  ResidentSetSize of job (KB)
...
006 (856688.000.000) 08/18 09:16:06 Image size of job updated: 5250592
	5128  -  MemoryUsage of job (MB)
	5250592  -  ResidentSetSize of job (KB)
...
006 (856688.000.000) 08/18 09:21:06 Image size of job updated: 5904176
	5766  -  MemoryUsage of job (MB)
	5904008  -  ResidentSetSize of job (KB)
...
006 (856688.000.000) 08/18 09:22:50 Image size of job updated: 6113340
	5766  -  MemoryUsage of job (MB)
	5904232  -  ResidentSetSize of job (KB)
...
005 (856688.000.000) 08/18 09:22:50 Job terminated.
	(1) Normal termination (return value 0)
		Usr 0 00:31:37, Sys 0 00:00:33  -  Run Remote Usage
		Usr 0 00:00:00, Sys 0 00:00:00  -  Run Local Usage
		Usr 0 00:31:37, Sys 0 00:00:33  -  Total Remote Usage
		Usr 0 00:00:00, Sys 0 00:00:00  -  Total Local Usage
	2099  -  Run Bytes Sent By Job
	402  -  Run Bytes Received By Job
	2099  -  Total Bytes Sent By Job
	402  -  Total Bytes Received By Job
	Partitionable Resources :    Usage  Request Allocated 
	   Cpus                 :     0.60        1         1 
	   Disk (KB)            :   803           1 479749220 
	   Memory (MB)          :  5766        7900      8033 
...
