000 (855856.000.000) 08/18 04:58:06 Job submitted from host: <172.20.3.187:9618?addrs=172.20.3.187-9618&noUDP&sock=2043_e813_3>
...
001 (855856.000.000) 08/18 07:14:16 Job executing on host: <172.20.225.2:9618?addrs=172.20.225.2-9618&noUDP&sock=3424_285d_3>
...
006 (855856.000.000) 08/18 07:14:24 Image size of job updated: 21116
	21  -  MemoryUsage of job (MB)
	21116  -  ResidentSetSize of job (KB)
...
006 (855856.000.000) 08/18 07:19:25 Image size of job updated: 3784012
	3696  -  MemoryUsage of job (MB)
	3784012  -  ResidentSetSize of job (KB)
...
006 (855856.000.000) 08/18 07:24:25 Image size of job updated: 4620036
	4512  -  MemoryUsage of job (MB)
	4620036  -  ResidentSetSize of job (KB)
...
006 (855856.000.000) 08/18 07:29:26 Image size of job updated: 5363928
	5239  -  MemoryUsage of job (MB)
	5363928  -  ResidentSetSize of job (KB)
...
006 (855856.000.000) 08/18 07:34:26 Image size of job updated: 5364064
	5239  -  MemoryUsage of job (MB)
	5364064  -  ResidentSetSize of job (KB)
...
006 (855856.000.000) 08/18 07:39:27 Image size of job updated: 5364764
	5240  -  MemoryUsage of job (MB)
	5364764  -  ResidentSetSize of job (KB)
...
006 (855856.000.000) 08/18 07:44:27 Image size of job updated: 5861924
	5725  -  MemoryUsage of job (MB)
	5861756  -  ResidentSetSize of job (KB)
...
005 (855856.000.000) 08/18 07:46:30 Job terminated.
	(1) Normal termination (return value 0)
		Usr 0 00:32:14, Sys 0 00:00:35  -  Run Remote Usage
		Usr 0 00:00:00, Sys 0 00:00:00  -  Run Local Usage
		Usr 0 00:32:14, Sys 0 00:00:35  -  Total Remote Usage
		Usr 0 00:00:00, Sys 0 00:00:00  -  Total Local Usage
	2110  -  Run Bytes Sent By Job
	411  -  Run Bytes Received By Job
	2110  -  Total Bytes Sent By Job
	411  -  Total Bytes Received By Job
	Partitionable Resources :    Usage  Request Allocated 
	   Cpus                 :     0.52        1         1 
	   Disk (KB)            :   803           1 479786084 
	   Memory (MB)          :  5725        7900      8033 
...
