000 (856017.000.000) 08/18 04:58:11 Job submitted from host: <172.20.3.187:9618?addrs=172.20.3.187-9618&noUDP&sock=2043_e813_3>
...
001 (856017.000.000) 08/18 07:39:03 Job executing on host: <172.20.225.4:9618?addrs=172.20.225.4-9618&noUDP&sock=3366_5fdf_3>
...
006 (856017.000.000) 08/18 07:39:12 Image size of job updated: 21116
	21  -  MemoryUsage of job (MB)
	21116  -  ResidentSetSize of job (KB)
...
006 (856017.000.000) 08/18 07:44:13 Image size of job updated: 3924624
	3833  -  MemoryUsage of job (MB)
	3924624  -  ResidentSetSize of job (KB)
...
006 (856017.000.000) 08/18 07:49:14 Image size of job updated: 4926276
	4811  -  MemoryUsage of job (MB)
	4926276  -  ResidentSetSize of job (KB)
...
006 (856017.000.000) 08/18 07:54:14 Image size of job updated: 5363916
	5239  -  MemoryUsage of job (MB)
	5363916  -  ResidentSetSize of job (KB)
...
006 (856017.000.000) 08/18 07:59:15 Image size of job updated: 5364072
	5239  -  MemoryUsage of job (MB)
	5364072  -  ResidentSetSize of job (KB)
...
006 (856017.000.000) 08/18 08:04:16 Image size of job updated: 5364748
	5240  -  MemoryUsage of job (MB)
	5364748  -  ResidentSetSize of job (KB)
...
005 (856017.000.000) 08/18 08:08:45 Job terminated.
	(1) Normal termination (return value 0)
		Usr 0 00:32:20, Sys 0 00:00:28  -  Run Remote Usage
		Usr 0 00:00:00, Sys 0 00:00:00  -  Run Local Usage
		Usr 0 00:32:20, Sys 0 00:00:28  -  Total Remote Usage
		Usr 0 00:00:00, Sys 0 00:00:00  -  Total Local Usage
	2113  -  Run Bytes Sent By Job
	412  -  Run Bytes Received By Job
	2113  -  Total Bytes Sent By Job
	412  -  Total Bytes Received By Job
	Partitionable Resources :    Usage  Request Allocated 
	   Cpus                 :     0.51        1         1 
	   Disk (KB)            :   803           1 479779449 
	   Memory (MB)          :  5240        7900      8033 
...
