000 (857262.000.000) 08/18 04:58:51 Job submitted from host: <172.20.3.187:9618?addrs=172.20.3.187-9618&noUDP&sock=2043_e813_3>
...
001 (857262.000.000) 08/18 10:37:51 Job executing on host: <172.20.225.6:9618?addrs=172.20.225.6-9618&noUDP&sock=3382_5963_3>
...
006 (857262.000.000) 08/18 10:37:59 Image size of job updated: 21116
	21  -  MemoryUsage of job (MB)
	21116  -  ResidentSetSize of job (KB)
...
006 (857262.000.000) 08/18 10:42:59 Image size of job updated: 5787888
	5649  -  MemoryUsage of job (MB)
	5784448  -  ResidentSetSize of job (KB)
...
006 (857262.000.000) 08/18 10:44:20 Image size of job updated: 9741992
	5649  -  MemoryUsage of job (MB)
	5784448  -  ResidentSetSize of job (KB)
...
005 (857262.000.000) 08/18 10:44:22 Job terminated.
	(1) Normal termination (return value 0)
		Usr 0 00:47:59, Sys 0 00:01:21  -  Run Remote Usage
		Usr 0 00:00:00, Sys 0 00:00:00  -  Run Local Usage
		Usr 0 00:47:59, Sys 0 00:01:21  -  Total Remote Usage
		Usr 0 00:00:00, Sys 0 00:00:00  -  Total Local Usage
	2113  -  Run Bytes Sent By Job
	414  -  Run Bytes Received By Job
	2113  -  Total Bytes Sent By Job
	414  -  Total Bytes Received By Job
	Partitionable Resources :    Usage  Request Allocated 
	   Cpus                 :     0.99        1         1 
	   Disk (KB)            :   803           1 479749220 
	   Memory (MB)          :  5649        7900      8033 
...
