000 (856983.000.000) 08/18 04:58:42 Job submitted from host: <172.20.3.187:9618?addrs=172.20.3.187-9618&noUDP&sock=2043_e813_3>
...
001 (856983.000.000) 08/18 09:24:29 Job executing on host: <172.20.225.6:9618?addrs=172.20.225.6-9618&noUDP&sock=3382_5963_3>
...
006 (856983.000.000) 08/18 09:24:38 Image size of job updated: 21112
	21  -  MemoryUsage of job (MB)
	21112  -  ResidentSetSize of job (KB)
...
006 (856983.000.000) 08/18 09:29:39 Image size of job updated: 3793036
	3705  -  MemoryUsage of job (MB)
	3793036  -  ResidentSetSize of job (KB)
...
006 (856983.000.000) 08/18 09:34:40 Image size of job updated: 4488436
	4384  -  MemoryUsage of job (MB)
	4488436  -  ResidentSetSize of job (KB)
...
006 (856983.000.000) 08/18 09:39:40 Image size of job updated: 5232312
	5110  -  MemoryUsage of job (MB)
	5232312  -  ResidentSetSize of job (KB)
...
006 (856983.000.000) 08/18 09:44:41 Image size of job updated: 5232448
	5110  -  MemoryUsage of job (MB)
	5232448  -  ResidentSetSize of job (KB)
...
006 (856983.000.000) 08/18 09:49:41 Image size of job updated: 5233144
	5111  -  MemoryUsage of job (MB)
	5233144  -  ResidentSetSize of job (KB)
...
005 (856983.000.000) 08/18 09:54:27 Job terminated.
	(1) Normal termination (return value 0)
		Usr 0 00:32:42, Sys 0 00:00:36  -  Run Remote Usage
		Usr 0 00:00:00, Sys 0 00:00:00  -  Run Local Usage
		Usr 0 00:32:42, Sys 0 00:00:36  -  Total Remote Usage
		Usr 0 00:00:00, Sys 0 00:00:00  -  Total Local Usage
	2105  -  Run Bytes Sent By Job
	407  -  Run Bytes Received By Job
	2105  -  Total Bytes Sent By Job
	407  -  Total Bytes Received By Job
	Partitionable Resources :    Usage  Request Allocated 
	   Cpus                 :     0.96        1         1 
	   Disk (KB)            :   803           1 479749220 
	   Memory (MB)          :  5111        7900      8033 
...
