000 (855882.000.000) 08/18 04:58:06 Job submitted from host: <172.20.3.187:9618?addrs=172.20.3.187-9618&noUDP&sock=2043_e813_3>
...
001 (855882.000.000) 08/18 07:15:21 Job executing on host: <172.20.225.8:9618?addrs=172.20.225.8-9618&noUDP&sock=3440_21e1_3>
...
006 (855882.000.000) 08/18 07:15:29 Image size of job updated: 21116
	21  -  MemoryUsage of job (MB)
	21116  -  ResidentSetSize of job (KB)
...
006 (855882.000.000) 08/18 07:20:29 Image size of job updated: 3924628
	3833  -  MemoryUsage of job (MB)
	3924628  -  ResidentSetSize of job (KB)
...
006 (855882.000.000) 08/18 07:25:30 Image size of job updated: 4926276
	4811  -  MemoryUsage of job (MB)
	4926276  -  ResidentSetSize of job (KB)
...
006 (855882.000.000) 08/18 07:30:31 Image size of job updated: 5363916
	5239  -  MemoryUsage of job (MB)
	5363916  -  ResidentSetSize of job (KB)
...
006 (855882.000.000) 08/18 07:35:32 Image size of job updated: 5364064
	5239  -  MemoryUsage of job (MB)
	5364064  -  ResidentSetSize of job (KB)
...
006 (855882.000.000) 08/18 07:40:32 Image size of job updated: 5364744
	5240  -  MemoryUsage of job (MB)
	5364744  -  ResidentSetSize of job (KB)
...
006 (855882.000.000) 08/18 07:45:32 Image size of job updated: 5981980
	5842  -  MemoryUsage of job (MB)
	5981860  -  ResidentSetSize of job (KB)
...
006 (855882.000.000) 08/18 07:47:02 Image size of job updated: 7562736
	5842  -  MemoryUsage of job (MB)
	5981860  -  ResidentSetSize of job (KB)
...
005 (855882.000.000) 08/18 07:47:02 Job terminated.
	(1) Normal termination (return value 0)
		Usr 0 00:31:39, Sys 0 00:00:32  -  Run Remote Usage
		Usr 0 00:00:00, Sys 0 00:00:00  -  Run Local Usage
		Usr 0 00:31:39, Sys 0 00:00:32  -  Total Remote Usage
		Usr 0 00:00:00, Sys 0 00:00:00  -  Total Local Usage
	2113  -  Run Bytes Sent By Job
	412  -  Run Bytes Received By Job
	2113  -  Total Bytes Sent By Job
	412  -  Total Bytes Received By Job
	Partitionable Resources :    Usage  Request Allocated 
	   Cpus                 :     0.60        1         1 
	   Disk (KB)            :   803           1 479737977 
	   Memory (MB)          :  5842        7900      8033 
...
