000 (854775.000.000) 08/18 04:57:27 Job submitted from host: <172.20.3.187:9618?addrs=172.20.3.187-9618&noUDP&sock=2043_e813_3>
...
001 (854775.000.000) 08/18 04:57:47 Job executing on host: <172.20.225.5:9618?addrs=172.20.225.5-9618&noUDP&sock=3375_8c39_3>
...
006 (854775.000.000) 08/18 04:57:55 Image size of job updated: 21128
	21  -  MemoryUsage of job (MB)
	21128  -  ResidentSetSize of job (KB)
...
006 (854775.000.000) 08/18 05:02:55 Image size of job updated: 3808732
	3719  -  MemoryUsage of job (MB)
	3807352  -  ResidentSetSize of job (KB)
...
006 (854775.000.000) 08/18 05:07:56 Image size of job updated: 4632248
	4523  -  MemoryUsage of job (MB)
	4630868  -  ResidentSetSize of job (KB)
...
006 (854775.000.000) 08/18 05:12:57 Image size of job updated: 5388628
	5261  -  MemoryUsage of job (MB)
	5387248  -  ResidentSetSize of job (KB)
...
006 (854775.000.000) 08/18 05:17:57 Image size of job updated: 5388660
	5262  -  MemoryUsage of job (MB)
	5387280  -  ResidentSetSize of job (KB)
...
006 (854775.000.000) 08/18 05:22:59 Image size of job updated: 5388660
	5262  -  MemoryUsage of job (MB)
	5387748  -  ResidentSetSize of job (KB)
...
006 (854775.000.000) 08/18 05:27:58 Image size of job updated: 5388660
	5262  -  MemoryUsage of job (MB)
	5388080  -  ResidentSetSize of job (KB)
...
006 (854775.000.000) 08/18 05:31:38 Image size of job updated: 9783692
	5262  -  MemoryUsage of job (MB)
	5388080  -  ResidentSetSize of job (KB)
...
005 (854775.000.000) 08/18 05:31:38 Job terminated.
	(1) Normal termination (return value 0)
		Usr 0 00:32:36, Sys 0 00:00:36  -  Run Remote Usage
		Usr 0 00:00:00, Sys 0 00:00:00  -  Run Local Usage
		Usr 0 00:32:36, Sys 0 00:00:36  -  Total Remote Usage
		Usr 0 00:00:00, Sys 0 00:00:00  -  Total Local Usage
	2104  -  Run Bytes Sent By Job
	403  -  Run Bytes Received By Job
	2104  -  Total Bytes Sent By Job
	403  -  Total Bytes Received By Job
	Partitionable Resources :    Usage  Request Allocated 
	   Cpus                 :     0.91        1         1 
	   Disk (KB)            :   803           1 479749220 
	   Memory (MB)          :  5262        7900      8033 
...
