000 (857860.000.000) 08/18 04:59:11 Job submitted from host: <172.20.3.187:9618?addrs=172.20.3.187-9618&noUDP&sock=2043_e813_3>
...
001 (857860.000.000) 08/18 12:16:06 Job executing on host: <172.20.225.2:9618?addrs=172.20.225.2-9618&noUDP&sock=3424_285d_3>
...
006 (857860.000.000) 08/18 12:16:14 Image size of job updated: 21120
	21  -  MemoryUsage of job (MB)
	21120  -  ResidentSetSize of job (KB)
...
006 (857860.000.000) 08/18 12:21:14 Image size of job updated: 3457344
	3377  -  MemoryUsage of job (MB)
	3457344  -  ResidentSetSize of job (KB)
...
006 (857860.000.000) 08/18 12:26:15 Image size of job updated: 4134060
	4038  -  MemoryUsage of job (MB)
	4134060  -  ResidentSetSize of job (KB)
...
006 (857860.000.000) 08/18 12:31:15 Image size of job updated: 4135424
	4039  -  MemoryUsage of job (MB)
	4135424  -  ResidentSetSize of job (KB)
...
006 (857860.000.000) 08/18 12:36:16 Image size of job updated: 4136752
	4040  -  MemoryUsage of job (MB)
	4136752  -  ResidentSetSize of job (KB)
...
006 (857860.000.000) 08/18 12:39:35 Image size of job updated: 4793608
	4040  -  MemoryUsage of job (MB)
	4136752  -  ResidentSetSize of job (KB)
...
005 (857860.000.000) 08/18 12:39:37 Job terminated.
	(1) Normal termination (return value 0)
		Usr 0 00:29:15, Sys 0 00:00:27  -  Run Remote Usage
		Usr 0 00:00:00, Sys 0 00:00:00  -  Run Local Usage
		Usr 0 00:29:15, Sys 0 00:00:27  -  Total Remote Usage
		Usr 0 00:00:00, Sys 0 00:00:00  -  Total Local Usage
	2109  -  Run Bytes Sent By Job
	414  -  Run Bytes Received By Job
	2109  -  Total Bytes Sent By Job
	414  -  Total Bytes Received By Job
	Partitionable Resources :    Usage  Request Allocated 
	   Cpus                 :     0.53        1         1 
	   Disk (KB)            :   803           1 479786084 
	   Memory (MB)          :  4040        7900      8033 
...
