000 (860472.000.000) 08/18 05:00:38 Job submitted from host: <172.20.3.187:9618?addrs=172.20.3.187-9618&noUDP&sock=2043_e813_3>
...
001 (860472.000.000) 08/18 17:25:20 Job executing on host: <172.20.225.1:9618?addrs=172.20.225.1-9618&noUDP&sock=3382_5963_3>
...
006 (860472.000.000) 08/18 17:25:30 Image size of job updated: 21112
	21  -  MemoryUsage of job (MB)
	21112  -  ResidentSetSize of job (KB)
...
006 (860472.000.000) 08/18 17:30:30 Image size of job updated: 4033344
	3937  -  MemoryUsage of job (MB)
	4031184  -  ResidentSetSize of job (KB)
...
006 (860472.000.000) 08/18 17:35:30 Image size of job updated: 5613184
	5480  -  MemoryUsage of job (MB)
	5610968  -  ResidentSetSize of job (KB)
...
006 (860472.000.000) 08/18 17:40:31 Image size of job updated: 5613336
	5480  -  MemoryUsage of job (MB)
	5611120  -  ResidentSetSize of job (KB)
...
006 (860472.000.000) 08/18 17:45:32 Image size of job updated: 5614076
	5481  -  MemoryUsage of job (MB)
	5611916  -  ResidentSetSize of job (KB)
...
005 (860472.000.000) 08/18 17:49:27 Job terminated.
	(1) Normal termination (return value 0)
		Usr 0 00:37:01, Sys 0 00:00:40  -  Run Remote Usage
		Usr 0 00:00:00, Sys 0 00:00:00  -  Run Local Usage
		Usr 0 00:37:01, Sys 0 00:00:40  -  Total Remote Usage
		Usr 0 00:00:00, Sys 0 00:00:00  -  Total Local Usage
	2113  -  Run Bytes Sent By Job
	412  -  Run Bytes Received By Job
	2113  -  Total Bytes Sent By Job
	412  -  Total Bytes Received By Job
	Partitionable Resources :    Usage  Request Allocated 
	   Cpus                 :     1.00        1         1 
	   Disk (KB)            :   804           1 479786105 
	   Memory (MB)          :  5481        7900      8033 
...
