000 (857677.000.000) 08/18 04:59:05 Job submitted from host: <172.20.3.187:9618?addrs=172.20.3.187-9618&noUDP&sock=2043_e813_3>
...
001 (857677.000.000) 08/18 11:43:15 Job executing on host: <172.20.225.8:9618?addrs=172.20.225.8-9618&noUDP&sock=3440_21e1_3>
...
006 (857677.000.000) 08/18 11:43:24 Image size of job updated: 21116
	21  -  MemoryUsage of job (MB)
	21116  -  ResidentSetSize of job (KB)
...
006 (857677.000.000) 08/18 11:48:25 Image size of job updated: 3830648
	3741  -  MemoryUsage of job (MB)
	3830648  -  ResidentSetSize of job (KB)
...
006 (857677.000.000) 08/18 11:53:26 Image size of job updated: 4526048
	4420  -  MemoryUsage of job (MB)
	4526048  -  ResidentSetSize of job (KB)
...
006 (857677.000.000) 08/18 11:58:26 Image size of job updated: 5269932
	5147  -  MemoryUsage of job (MB)
	5269932  -  ResidentSetSize of job (KB)
...
006 (857677.000.000) 08/18 12:03:27 Image size of job updated: 5269964
	5147  -  MemoryUsage of job (MB)
	5269964  -  ResidentSetSize of job (KB)
...
006 (857677.000.000) 08/18 12:08:27 Image size of job updated: 5270436
	5147  -  MemoryUsage of job (MB)
	5270436  -  ResidentSetSize of job (KB)
...
006 (857677.000.000) 08/18 12:13:28 Image size of job updated: 5270760
	5148  -  MemoryUsage of job (MB)
	5270760  -  ResidentSetSize of job (KB)
...
006 (857677.000.000) 08/18 12:17:51 Image size of job updated: 7364400
	5148  -  MemoryUsage of job (MB)
	5270760  -  ResidentSetSize of job (KB)
...
005 (857677.000.000) 08/18 12:17:51 Job terminated.
	(1) Normal termination (return value 0)
		Usr 0 00:33:58, Sys 0 00:00:35  -  Run Remote Usage
		Usr 0 00:00:00, Sys 0 00:00:00  -  Run Local Usage
		Usr 0 00:33:58, Sys 0 00:00:35  -  Total Remote Usage
		Usr 0 00:00:00, Sys 0 00:00:00  -  Total Local Usage
	2104  -  Run Bytes Sent By Job
	403  -  Run Bytes Received By Job
	2104  -  Total Bytes Sent By Job
	403  -  Total Bytes Received By Job
	Partitionable Resources :    Usage  Request Allocated 
	   Cpus                 :     0.97        1         1 
	   Disk (KB)            :   803           1 479737977 
	   Memory (MB)          :  5148        7900      8033 
...
