000 (856123.000.000) 08/18 04:58:14 Job submitted from host: <172.20.3.187:9618?addrs=172.20.3.187-9618&noUDP&sock=2043_e813_3>
...
001 (856123.000.000) 08/18 07:47:37 Job executing on host: <172.20.225.8:9618?addrs=172.20.225.8-9618&noUDP&sock=3440_21e1_3>
...
006 (856123.000.000) 08/18 07:47:46 Image size of job updated: 21120
	21  -  MemoryUsage of job (MB)
	21120  -  ResidentSetSize of job (KB)
...
006 (856123.000.000) 08/18 07:52:46 Image size of job updated: 3779344
	3691  -  MemoryUsage of job (MB)
	3779344  -  ResidentSetSize of job (KB)
...
006 (856123.000.000) 08/18 07:57:47 Image size of job updated: 4474740
	4370  -  MemoryUsage of job (MB)
	4474740  -  ResidentSetSize of job (KB)
...
006 (856123.000.000) 08/18 08:02:48 Image size of job updated: 5218628
	5097  -  MemoryUsage of job (MB)
	5218628  -  ResidentSetSize of job (KB)
...
006 (856123.000.000) 08/18 08:07:47 Image size of job updated: 5218768
	5097  -  MemoryUsage of job (MB)
	5218768  -  ResidentSetSize of job (KB)
...
006 (856123.000.000) 08/18 08:12:48 Image size of job updated: 5219456
	5098  -  MemoryUsage of job (MB)
	5219456  -  ResidentSetSize of job (KB)
...
006 (856123.000.000) 08/18 08:17:48 Image size of job updated: 5706052
	5572  -  MemoryUsage of job (MB)
	5705080  -  ResidentSetSize of job (KB)
...
005 (856123.000.000) 08/18 08:20:10 Job terminated.
	(1) Normal termination (return value 0)
		Usr 0 00:32:16, Sys 0 00:00:32  -  Run Remote Usage
		Usr 0 00:00:00, Sys 0 00:00:00  -  Run Local Usage
		Usr 0 00:32:16, Sys 0 00:00:32  -  Total Remote Usage
		Usr 0 00:00:00, Sys 0 00:00:00  -  Total Local Usage
	2102  -  Run Bytes Sent By Job
	404  -  Run Bytes Received By Job
	2102  -  Total Bytes Sent By Job
	404  -  Total Bytes Received By Job
	Partitionable Resources :    Usage  Request Allocated 
	   Cpus                 :     0.63        1         1 
	   Disk (KB)            :   803           1 479737977 
	   Memory (MB)          :  5572        7900      8033 
...
