000 (860316.000.000) 08/18 05:00:32 Job submitted from host: <172.20.3.187:9618?addrs=172.20.3.187-9618&noUDP&sock=2043_e813_3>
...
001 (860316.000.000) 08/18 17:16:01 Job executing on host: <172.20.225.8:9618?addrs=172.20.225.8-9618&noUDP&sock=3440_21e1_3>
...
006 (860316.000.000) 08/18 17:16:11 Image size of job updated: 21124
	21  -  MemoryUsage of job (MB)
	21124  -  ResidentSetSize of job (KB)
...
006 (860316.000.000) 08/18 17:21:11 Image size of job updated: 4031444
	3937  -  MemoryUsage of job (MB)
	4031444  -  ResidentSetSize of job (KB)
...
006 (860316.000.000) 08/18 17:26:12 Image size of job updated: 5611348
	5480  -  MemoryUsage of job (MB)
	5611348  -  ResidentSetSize of job (KB)
...
006 (860316.000.000) 08/18 17:31:13 Image size of job updated: 5611516
	5480  -  MemoryUsage of job (MB)
	5611516  -  ResidentSetSize of job (KB)
...
006 (860316.000.000) 08/18 17:36:14 Image size of job updated: 5612180
	5481  -  MemoryUsage of job (MB)
	5612180  -  ResidentSetSize of job (KB)
...
005 (860316.000.000) 08/18 17:41:14 Job terminated.
	(1) Normal termination (return value 0)
		Usr 0 00:35:46, Sys 0 00:00:33  -  Run Remote Usage
		Usr 0 00:00:00, Sys 0 00:00:00  -  Run Local Usage
		Usr 0 00:35:46, Sys 0 00:00:33  -  Total Remote Usage
		Usr 0 00:00:00, Sys 0 00:00:00  -  Total Local Usage
	2113  -  Run Bytes Sent By Job
	412  -  Run Bytes Received By Job
	2113  -  Total Bytes Sent By Job
	412  -  Total Bytes Received By Job
	Partitionable Resources :    Usage  Request Allocated 
	   Cpus                 :     0.54        1         1 
	   Disk (KB)            :   803           1 479737977 
	   Memory (MB)          :  5481        7900      8033 
...
