000 (857547.000.000) 08/18 04:59:01 Job submitted from host: <172.20.3.187:9618?addrs=172.20.3.187-9618&noUDP&sock=2043_e813_3>
...
001 (857547.000.000) 08/18 11:41:10 Job executing on host: <172.20.225.4:9618?addrs=172.20.225.4-9618&noUDP&sock=3366_5fdf_3>
...
006 (857547.000.000) 08/18 11:41:19 Image size of job updated: 21120
	21  -  MemoryUsage of job (MB)
	21120  -  ResidentSetSize of job (KB)
...
006 (857547.000.000) 08/18 11:46:20 Image size of job updated: 3690224
	3604  -  MemoryUsage of job (MB)
	3690224  -  ResidentSetSize of job (KB)
...
006 (857547.000.000) 08/18 11:51:20 Image size of job updated: 4513748
	4408  -  MemoryUsage of job (MB)
	4513748  -  ResidentSetSize of job (KB)
...
006 (857547.000.000) 08/18 11:56:21 Image size of job updated: 5270132
	5147  -  MemoryUsage of job (MB)
	5270132  -  ResidentSetSize of job (KB)
...
006 (857547.000.000) 08/18 12:01:22 Image size of job updated: 5270264
	5147  -  MemoryUsage of job (MB)
	5270264  -  ResidentSetSize of job (KB)
...
006 (857547.000.000) 08/18 12:06:22 Image size of job updated: 5270964
	5148  -  MemoryUsage of job (MB)
	5270964  -  ResidentSetSize of job (KB)
...
006 (857547.000.000) 08/18 12:11:22 Image size of job updated: 6069876
	5928  -  MemoryUsage of job (MB)
	6069712  -  ResidentSetSize of job (KB)
...
005 (857547.000.000) 08/18 12:14:07 Job terminated.
	(1) Normal termination (return value 0)
		Usr 0 00:33:07, Sys 0 00:00:32  -  Run Remote Usage
		Usr 0 00:00:00, Sys 0 00:00:00  -  Run Local Usage
		Usr 0 00:33:07, Sys 0 00:00:32  -  Total Remote Usage
		Usr 0 00:00:00, Sys 0 00:00:00  -  Total Local Usage
	2093  -  Run Bytes Sent By Job
	401  -  Run Bytes Received By Job
	2093  -  Total Bytes Sent By Job
	401  -  Total Bytes Received By Job
	Partitionable Resources :    Usage  Request Allocated 
	   Cpus                 :     0.01        1         1 
	   Disk (KB)            :   803           1 479779449 
	   Memory (MB)          :  5928        7900      8033 
...
