000 (855045.000.000) 08/18 04:57:35 Job submitted from host: <172.20.3.187:9618?addrs=172.20.3.187-9618&noUDP&sock=2043_e813_3>
...
001 (855045.000.000) 08/18 05:32:15 Job executing on host: <172.20.225.5:9618?addrs=172.20.225.5-9618&noUDP&sock=3375_8c39_3>
...
006 (855045.000.000) 08/18 05:32:23 Image size of job updated: 21116
	21  -  MemoryUsage of job (MB)
	21116  -  ResidentSetSize of job (KB)
...
006 (855045.000.000) 08/18 05:37:23 Image size of job updated: 3807704
	3719  -  MemoryUsage of job (MB)
	3807640  -  ResidentSetSize of job (KB)
...
006 (855045.000.000) 08/18 05:42:24 Image size of job updated: 4631248
	4523  -  MemoryUsage of job (MB)
	4631184  -  ResidentSetSize of job (KB)
...
006 (855045.000.000) 08/18 05:47:25 Image size of job updated: 5387480
	5262  -  MemoryUsage of job (MB)
	5387480  -  ResidentSetSize of job (KB)
...
006 (855045.000.000) 08/18 05:52:26 Image size of job updated: 5387612
	5262  -  MemoryUsage of job (MB)
	5387612  -  ResidentSetSize of job (KB)
...
006 (855045.000.000) 08/18 05:57:26 Image size of job updated: 5388084
	5262  -  MemoryUsage of job (MB)
	5388084  -  ResidentSetSize of job (KB)
...
006 (855045.000.000) 08/18 06:02:26 Image size of job updated: 5388416
	5263  -  MemoryUsage of job (MB)
	5388416  -  ResidentSetSize of job (KB)
...
006 (855045.000.000) 08/18 06:06:43 Image size of job updated: 13935708
	5263  -  MemoryUsage of job (MB)
	5388416  -  ResidentSetSize of job (KB)
...
005 (855045.000.000) 08/18 06:06:43 Job terminated.
	(1) Normal termination (return value 0)
		Usr 0 00:33:04, Sys 0 00:00:30  -  Run Remote Usage
		Usr 0 00:00:00, Sys 0 00:00:00  -  Run Local Usage
		Usr 0 00:33:04, Sys 0 00:00:30  -  Total Remote Usage
		Usr 0 00:00:00, Sys 0 00:00:00  -  Total Local Usage
	2104  -  Run Bytes Sent By Job
	403  -  Run Bytes Received By Job
	2104  -  Total Bytes Sent By Job
	403  -  Total Bytes Received By Job
	Partitionable Resources :    Usage  Request Allocated 
	   Cpus                 :     0.78        1         1 
	   Disk (KB)            :   803           1 479749220 
	   Memory (MB)          :  5263        7900      8033 
...
