000 (858950.000.000) 08/18 04:59:46 Job submitted from host: <172.20.3.187:9618?addrs=172.20.3.187-9618&noUDP&sock=2043_e813_3>
...
001 (858950.000.000) 08/18 14:26:29 Job executing on host: <172.20.225.4:9618?addrs=172.20.225.4-9618&noUDP&sock=3366_5fdf_3>
...
006 (858950.000.000) 08/18 14:26:38 Image size of job updated: 21108
	21  -  MemoryUsage of job (MB)
	21108  -  ResidentSetSize of job (KB)
...
006 (858950.000.000) 08/18 14:31:39 Image size of job updated: 4360564
	4259  -  MemoryUsage of job (MB)
	4360564  -  ResidentSetSize of job (KB)
...
006 (858950.000.000) 08/18 14:36:39 Image size of job updated: 4820852
	4708  -  MemoryUsage of job (MB)
	4820852  -  ResidentSetSize of job (KB)
...
006 (858950.000.000) 08/18 14:41:40 Image size of job updated: 5258496
	5136  -  MemoryUsage of job (MB)
	5258496  -  ResidentSetSize of job (KB)
...
006 (858950.000.000) 08/18 14:46:40 Image size of job updated: 5258636
	5136  -  MemoryUsage of job (MB)
	5258636  -  ResidentSetSize of job (KB)
...
006 (858950.000.000) 08/18 14:51:41 Image size of job updated: 5259320
	5137  -  MemoryUsage of job (MB)
	5259320  -  ResidentSetSize of job (KB)
...
006 (858950.000.000) 08/18 14:56:42 Image size of job updated: 5763904
	5629  -  MemoryUsage of job (MB)
	5763768  -  ResidentSetSize of job (KB)
...
005 (858950.000.000) 08/18 14:58:06 Job terminated.
	(1) Normal termination (return value 0)
		Usr 0 00:32:24, Sys 0 00:00:33  -  Run Remote Usage
		Usr 0 00:00:00, Sys 0 00:00:00  -  Run Local Usage
		Usr 0 00:32:24, Sys 0 00:00:33  -  Total Remote Usage
		Usr 0 00:00:00, Sys 0 00:00:00  -  Total Local Usage
	2103  -  Run Bytes Sent By Job
	405  -  Run Bytes Received By Job
	2103  -  Total Bytes Sent By Job
	405  -  Total Bytes Received By Job
	Partitionable Resources :    Usage  Request Allocated 
	   Cpus                 :     0.63        1         1 
	   Disk (KB)            :   803           1 479779449 
	   Memory (MB)          :  5629        7900      8033 
...
