000 (855726.000.000) 08/18 04:58:01 Job submitted from host: <172.20.3.187:9618?addrs=172.20.3.187-9618&noUDP&sock=2043_e813_3>
...
001 (855726.000.000) 08/18 07:05:44 Job executing on host: <172.20.225.6:9618?addrs=172.20.225.6-9618&noUDP&sock=3382_5963_3>
...
006 (855726.000.000) 08/18 07:05:54 Image size of job updated: 21120
	21  -  MemoryUsage of job (MB)
	21120  -  ResidentSetSize of job (KB)
...
006 (855726.000.000) 08/18 07:10:54 Image size of job updated: 3873056
	3783  -  MemoryUsage of job (MB)
	3873056  -  ResidentSetSize of job (KB)
...
006 (855726.000.000) 08/18 07:15:55 Image size of job updated: 5312228
	5188  -  MemoryUsage of job (MB)
	5312228  -  ResidentSetSize of job (KB)
...
006 (855726.000.000) 08/18 07:20:55 Image size of job updated: 5312356
	5188  -  MemoryUsage of job (MB)
	5312356  -  ResidentSetSize of job (KB)
...
006 (855726.000.000) 08/18 07:25:56 Image size of job updated: 5312500
	5188  -  MemoryUsage of job (MB)
	5312500  -  ResidentSetSize of job (KB)
...
006 (855726.000.000) 08/18 07:30:56 Image size of job updated: 5313172
	5189  -  MemoryUsage of job (MB)
	5313172  -  ResidentSetSize of job (KB)
...
006 (855726.000.000) 08/18 07:35:57 Image size of job updated: 5774472
	5637  -  MemoryUsage of job (MB)
	5772180  -  ResidentSetSize of job (KB)
...
006 (855726.000.000) 08/18 07:37:44 Image size of job updated: 5774472
	5637  -  MemoryUsage of job (MB)
	5772192  -  ResidentSetSize of job (KB)
...
005 (855726.000.000) 08/18 07:37:44 Job terminated.
	(1) Normal termination (return value 0)
		Usr 0 00:32:05, Sys 0 00:00:33  -  Run Remote Usage
		Usr 0 00:00:00, Sys 0 00:00:00  -  Run Local Usage
		Usr 0 00:32:05, Sys 0 00:00:33  -  Total Remote Usage
		Usr 0 00:00:00, Sys 0 00:00:00  -  Total Local Usage
	2109  -  Run Bytes Sent By Job
	408  -  Run Bytes Received By Job
	2109  -  Total Bytes Sent By Job
	408  -  Total Bytes Received By Job
	Partitionable Resources :    Usage  Request Allocated 
	   Cpus                 :     0.55        1         1 
	   Disk (KB)            :   803           1 479749220 
	   Memory (MB)          :  5637        7900      8033 
...
