000 (858388.000.000) 08/18 04:59:28 Job submitted from host: <172.20.3.187:9618?addrs=172.20.3.187-9618&noUDP&sock=2043_e813_3>
...
001 (858388.000.000) 08/18 13:19:15 Job executing on host: <172.20.225.2:9618?addrs=172.20.225.2-9618&noUDP&sock=3424_285d_3>
...
006 (858388.000.000) 08/18 13:19:24 Image size of job updated: 21112
	21  -  MemoryUsage of job (MB)
	21112  -  ResidentSetSize of job (KB)
...
006 (858388.000.000) 08/18 13:24:24 Image size of job updated: 4771248
	4660  -  MemoryUsage of job (MB)
	4771236  -  ResidentSetSize of job (KB)
...
006 (858388.000.000) 08/18 13:29:25 Image size of job updated: 5554136
	5424  -  MemoryUsage of job (MB)
	5554136  -  ResidentSetSize of job (KB)
...
006 (858388.000.000) 08/18 13:34:25 Image size of job updated: 5554264
	5425  -  MemoryUsage of job (MB)
	5554264  -  ResidentSetSize of job (KB)
...
006 (858388.000.000) 08/18 13:39:26 Image size of job updated: 5554408
	5425  -  MemoryUsage of job (MB)
	5554408  -  ResidentSetSize of job (KB)
...
006 (858388.000.000) 08/18 13:44:26 Image size of job updated: 5555080
	5425  -  MemoryUsage of job (MB)
	5555080  -  ResidentSetSize of job (KB)
...
006 (858388.000.000) 08/18 13:49:26 Image size of job updated: 6082384
	5940  -  MemoryUsage of job (MB)
	6082364  -  ResidentSetSize of job (KB)
...
005 (858388.000.000) 08/18 13:52:22 Job terminated.
	(1) Normal termination (return value 0)
		Usr 0 00:32:40, Sys 0 00:00:33  -  Run Remote Usage
		Usr 0 00:00:00, Sys 0 00:00:00  -  Run Local Usage
		Usr 0 00:32:40, Sys 0 00:00:33  -  Total Remote Usage
		Usr 0 00:00:00, Sys 0 00:00:00  -  Total Local Usage
	2110  -  Run Bytes Sent By Job
	411  -  Run Bytes Received By Job
	2110  -  Total Bytes Sent By Job
	411  -  Total Bytes Received By Job
	Partitionable Resources :    Usage  Request Allocated 
	   Cpus                 :     0.76        1         1 
	   Disk (KB)            :   803           1 479786084 
	   Memory (MB)          :  5940        7900      8033 
...
