000 (855598.000.000) 08/18 04:57:57 Job submitted from host: <172.20.3.187:9618?addrs=172.20.3.187-9618&noUDP&sock=2043_e813_3>
...
001 (855598.000.000) 08/18 06:41:38 Job executing on host: <172.20.225.2:9618?addrs=172.20.225.2-9618&noUDP&sock=3424_285d_3>
...
006 (855598.000.000) 08/18 06:41:47 Image size of job updated: 21124
	21  -  MemoryUsage of job (MB)
	21124  -  ResidentSetSize of job (KB)
...
006 (855598.000.000) 08/18 06:46:48 Image size of job updated: 3743900
	3645  -  MemoryUsage of job (MB)
	3732208  -  ResidentSetSize of job (KB)
...
006 (855598.000.000) 08/18 06:51:48 Image size of job updated: 4555732
	4449  -  MemoryUsage of job (MB)
	4555732  -  ResidentSetSize of job (KB)
...
006 (855598.000.000) 08/18 06:56:49 Image size of job updated: 5312116
	5188  -  MemoryUsage of job (MB)
	5312116  -  ResidentSetSize of job (KB)
...
006 (855598.000.000) 08/18 07:01:49 Image size of job updated: 5312148
	5188  -  MemoryUsage of job (MB)
	5312148  -  ResidentSetSize of job (KB)
...
006 (855598.000.000) 08/18 07:06:51 Image size of job updated: 5312624
	5189  -  MemoryUsage of job (MB)
	5312624  -  ResidentSetSize of job (KB)
...
006 (855598.000.000) 08/18 07:11:50 Image size of job updated: 5516592
	5388  -  MemoryUsage of job (MB)
	5516592  -  ResidentSetSize of job (KB)
...
006 (855598.000.000) 08/18 07:14:37 Image size of job updated: 5516592
	5388  -  MemoryUsage of job (MB)
	5516612  -  ResidentSetSize of job (KB)
...
005 (855598.000.000) 08/18 07:14:39 Job terminated.
	(1) Normal termination (return value 0)
		Usr 0 00:32:38, Sys 0 00:00:30  -  Run Remote Usage
		Usr 0 00:00:00, Sys 0 00:00:00  -  Run Local Usage
		Usr 0 00:32:38, Sys 0 00:00:30  -  Total Remote Usage
		Usr 0 00:00:00, Sys 0 00:00:00  -  Total Local Usage
	2106  -  Run Bytes Sent By Job
	407  -  Run Bytes Received By Job
	2106  -  Total Bytes Sent By Job
	407  -  Total Bytes Received By Job
	Partitionable Resources :    Usage  Request Allocated 
	   Cpus                 :     0.50        1         1 
	   Disk (KB)            :   803           1 479786084 
	   Memory (MB)          :  5388        7900      8033 
...
