000 (855514.000.000) 08/18 04:57:54 Job submitted from host: <172.20.3.187:9618?addrs=172.20.3.187-9618&noUDP&sock=2043_e813_3>
...
001 (855514.000.000) 08/18 06:39:08 Job executing on host: <172.20.225.2:9618?addrs=172.20.225.2-9618&noUDP&sock=3424_285d_3>
...
006 (855514.000.000) 08/18 06:39:17 Image size of job updated: 20780
	21  -  MemoryUsage of job (MB)
	20780  -  ResidentSetSize of job (KB)
...
006 (855514.000.000) 08/18 06:44:18 Image size of job updated: 4455212
	4351  -  MemoryUsage of job (MB)
	4455212  -  ResidentSetSize of job (KB)
...
006 (855514.000.000) 08/18 06:49:19 Image size of job updated: 5238104
	5116  -  MemoryUsage of job (MB)
	5238104  -  ResidentSetSize of job (KB)
...
006 (855514.000.000) 08/18 06:54:19 Image size of job updated: 5238236
	5116  -  MemoryUsage of job (MB)
	5238236  -  ResidentSetSize of job (KB)
...
006 (855514.000.000) 08/18 06:59:20 Image size of job updated: 5238380
	5116  -  MemoryUsage of job (MB)
	5238380  -  ResidentSetSize of job (KB)
...
006 (855514.000.000) 08/18 07:04:20 Image size of job updated: 5239064
	5117  -  MemoryUsage of job (MB)
	5239064  -  ResidentSetSize of job (KB)
...
006 (855514.000.000) 08/18 07:09:21 Image size of job updated: 5743960
	5602  -  MemoryUsage of job (MB)
	5736340  -  ResidentSetSize of job (KB)
...
006 (855514.000.000) 08/18 07:11:21 Image size of job updated: 9705760
	5602  -  MemoryUsage of job (MB)
	5736340  -  ResidentSetSize of job (KB)
...
005 (855514.000.000) 08/18 07:11:21 Job terminated.
	(1) Normal termination (return value 0)
		Usr 0 00:32:04, Sys 0 00:00:31  -  Run Remote Usage
		Usr 0 00:00:00, Sys 0 00:00:00  -  Run Local Usage
		Usr 0 00:32:04, Sys 0 00:00:31  -  Total Remote Usage
		Usr 0 00:00:00, Sys 0 00:00:00  -  Total Local Usage
	2102  -  Run Bytes Sent By Job
	404  -  Run Bytes Received By Job
	2102  -  Total Bytes Sent By Job
	404  -  Total Bytes Received By Job
	Partitionable Resources :    Usage  Request Allocated 
	   Cpus                 :     0.75        1         1 
	   Disk (KB)            :   803           1 479786084 
	   Memory (MB)          :  5602        7900      8033 
...
