000 (856476.000.000) 08/18 04:58:26 Job submitted from host: <172.20.3.187:9618?addrs=172.20.3.187-9618&noUDP&sock=2043_e813_3>
...
001 (856476.000.000) 08/18 08:21:13 Job executing on host: <172.20.225.2:9618?addrs=172.20.225.2-9618&noUDP&sock=3424_285d_3>
...
006 (856476.000.000) 08/18 08:21:21 Image size of job updated: 21124
	21  -  MemoryUsage of job (MB)
	21124  -  ResidentSetSize of job (KB)
...
006 (856476.000.000) 08/18 08:26:21 Image size of job updated: 3772692
	3676  -  MemoryUsage of job (MB)
	3763964  -  ResidentSetSize of job (KB)
...
006 (856476.000.000) 08/18 08:31:22 Image size of job updated: 4596660
	4480  -  MemoryUsage of job (MB)
	4587508  -  ResidentSetSize of job (KB)
...
006 (856476.000.000) 08/18 08:36:22 Image size of job updated: 5343892
	5219  -  MemoryUsage of job (MB)
	5343892  -  ResidentSetSize of job (KB)
...
006 (856476.000.000) 08/18 08:41:23 Image size of job updated: 5343928
	5219  -  MemoryUsage of job (MB)
	5343928  -  ResidentSetSize of job (KB)
...
006 (856476.000.000) 08/18 08:46:23 Image size of job updated: 5344728
	5220  -  MemoryUsage of job (MB)
	5344728  -  ResidentSetSize of job (KB)
...
006 (856476.000.000) 08/18 08:51:24 Image size of job updated: 5523356
	5394  -  MemoryUsage of job (MB)
	5523352  -  ResidentSetSize of job (KB)
...
006 (856476.000.000) 08/18 08:54:50 Image size of job updated: 5523356
	5394  -  MemoryUsage of job (MB)
	5523392  -  ResidentSetSize of job (KB)
...
005 (856476.000.000) 08/18 08:54:50 Job terminated.
	(1) Normal termination (return value 0)
		Usr 0 00:32:23, Sys 0 00:00:31  -  Run Remote Usage
		Usr 0 00:00:00, Sys 0 00:00:00  -  Run Local Usage
		Usr 0 00:32:23, Sys 0 00:00:31  -  Total Remote Usage
		Usr 0 00:00:00, Sys 0 00:00:00  -  Total Local Usage
	2107  -  Run Bytes Sent By Job
	406  -  Run Bytes Received By Job
	2107  -  Total Bytes Sent By Job
	406  -  Total Bytes Received By Job
	Partitionable Resources :    Usage  Request Allocated 
	   Cpus                 :     0.60        1         1 
	   Disk (KB)            :   803           1 479786084 
	   Memory (MB)          :  5394        7900      8033 
...
