000 (859921.000.000) 08/18 05:00:19 Job submitted from host: <172.20.3.187:9618?addrs=172.20.3.187-9618&noUDP&sock=2043_e813_3>
...
001 (859921.000.000) 08/18 16:14:42 Job executing on host: <172.20.225.1:9618?addrs=172.20.225.1-9618&noUDP&sock=3382_5963_3>
...
006 (859921.000.000) 08/18 16:14:50 Image size of job updated: 21116
	21  -  MemoryUsage of job (MB)
	21116  -  ResidentSetSize of job (KB)
...
006 (859921.000.000) 08/18 16:19:51 Image size of job updated: 4172056
	4075  -  MemoryUsage of job (MB)
	4172056  -  ResidentSetSize of job (KB)
...
006 (859921.000.000) 08/18 16:24:52 Image size of job updated: 4867456
	4754  -  MemoryUsage of job (MB)
	4867456  -  ResidentSetSize of job (KB)
...
006 (859921.000.000) 08/18 16:29:52 Image size of job updated: 5611340
	5480  -  MemoryUsage of job (MB)
	5611340  -  ResidentSetSize of job (KB)
...
006 (859921.000.000) 08/18 16:34:53 Image size of job updated: 5611372
	5480  -  MemoryUsage of job (MB)
	5611372  -  ResidentSetSize of job (KB)
...
006 (859921.000.000) 08/18 16:39:53 Image size of job updated: 5612172
	5481  -  MemoryUsage of job (MB)
	5612172  -  ResidentSetSize of job (KB)
...
006 (859921.000.000) 08/18 16:44:53 Image size of job updated: 5799536
	5664  -  MemoryUsage of job (MB)
	5799536  -  ResidentSetSize of job (KB)
...
006 (859921.000.000) 08/18 16:48:23 Image size of job updated: 5799536
	5664  -  MemoryUsage of job (MB)
	5799560  -  ResidentSetSize of job (KB)
...
005 (859921.000.000) 08/18 16:48:23 Job terminated.
	(1) Normal termination (return value 0)
		Usr 0 00:32:24, Sys 0 00:00:35  -  Run Remote Usage
		Usr 0 00:00:00, Sys 0 00:00:00  -  Run Local Usage
		Usr 0 00:32:24, Sys 0 00:00:35  -  Total Remote Usage
		Usr 0 00:00:00, Sys 0 00:00:00  -  Total Local Usage
	2110  -  Run Bytes Sent By Job
	411  -  Run Bytes Received By Job
	2110  -  Total Bytes Sent By Job
	411  -  Total Bytes Received By Job
	Partitionable Resources :    Usage  Request Allocated 
	   Cpus                 :     0.84        1         1 
	   Disk (KB)            :   803           1 479786105 
	   Memory (MB)          :  5664        7900      8033 
...
