000 (856720.000.000) 08/18 04:58:34 Job submitted from host: <172.20.3.187:9618?addrs=172.20.3.187-9618&noUDP&sock=2043_e813_3>
...
001 (856720.000.000) 08/18 08:52:39 Job executing on host: <172.20.225.1:9618?addrs=172.20.225.1-9618&noUDP&sock=3382_5963_3>
...
006 (856720.000.000) 08/18 08:52:49 Image size of job updated: 21108
	21  -  MemoryUsage of job (MB)
	21108  -  ResidentSetSize of job (KB)
...
006 (856720.000.000) 08/18 08:57:49 Image size of job updated: 3810644
	3722  -  MemoryUsage of job (MB)
	3810644  -  ResidentSetSize of job (KB)
...
006 (856720.000.000) 08/18 09:02:50 Image size of job updated: 4506040
	4401  -  MemoryUsage of job (MB)
	4506040  -  ResidentSetSize of job (KB)
...
006 (856720.000.000) 08/18 09:07:50 Image size of job updated: 5249924
	5127  -  MemoryUsage of job (MB)
	5249924  -  ResidentSetSize of job (KB)
...
006 (856720.000.000) 08/18 09:12:51 Image size of job updated: 5250072
	5128  -  MemoryUsage of job (MB)
	5250072  -  ResidentSetSize of job (KB)
...
006 (856720.000.000) 08/18 09:17:52 Image size of job updated: 5250760
	5128  -  MemoryUsage of job (MB)
	5250760  -  ResidentSetSize of job (KB)
...
006 (856720.000.000) 08/18 09:22:52 Image size of job updated: 5983504
	5838  -  MemoryUsage of job (MB)
	5977288  -  ResidentSetSize of job (KB)
...
005 (856720.000.000) 08/18 09:24:30 Job terminated.
	(1) Normal termination (return value 0)
		Usr 0 00:31:28, Sys 0 00:00:31  -  Run Remote Usage
		Usr 0 00:00:00, Sys 0 00:00:00  -  Run Local Usage
		Usr 0 00:31:28, Sys 0 00:00:31  -  Total Remote Usage
		Usr 0 00:00:00, Sys 0 00:00:00  -  Total Local Usage
	2102  -  Run Bytes Sent By Job
	403  -  Run Bytes Received By Job
	2102  -  Total Bytes Sent By Job
	403  -  Total Bytes Received By Job
	Partitionable Resources :    Usage  Request Allocated 
	   Cpus                 :     0.49        1         1 
	   Disk (KB)            :   803           1 479786105 
	   Memory (MB)          :  5838        7900      8033 
...
