000 (858003.000.000) 08/18 04:59:15 Job submitted from host: <172.20.3.187:9618?addrs=172.20.3.187-9618&noUDP&sock=2043_e813_3>
...
001 (858003.000.000) 08/18 12:19:13 Job executing on host: <172.20.225.2:9618?addrs=172.20.225.2-9618&noUDP&sock=3424_285d_3>
...
006 (858003.000.000) 08/18 12:19:22 Image size of job updated: 21112
	21  -  MemoryUsage of job (MB)
	21112  -  ResidentSetSize of job (KB)
...
006 (858003.000.000) 08/18 12:24:23 Image size of job updated: 3829948
	3733  -  MemoryUsage of job (MB)
	3822580  -  ResidentSetSize of job (KB)
...
006 (858003.000.000) 08/18 12:29:23 Image size of job updated: 5269000
	5139  -  MemoryUsage of job (MB)
	5261736  -  ResidentSetSize of job (KB)
...
006 (858003.000.000) 08/18 12:34:24 Image size of job updated: 5269132
	5139  -  MemoryUsage of job (MB)
	5261868  -  ResidentSetSize of job (KB)
...
006 (858003.000.000) 08/18 12:39:24 Image size of job updated: 5269708
	5140  -  MemoryUsage of job (MB)
	5262340  -  ResidentSetSize of job (KB)
...
006 (858003.000.000) 08/18 12:44:25 Image size of job updated: 5269708
	5140  -  MemoryUsage of job (MB)
	5262684  -  ResidentSetSize of job (KB)
...
005 (858003.000.000) 08/18 12:48:23 Job terminated.
	(1) Normal termination (return value 0)
		Usr 0 00:34:34, Sys 0 00:00:36  -  Run Remote Usage
		Usr 0 00:00:00, Sys 0 00:00:00  -  Run Local Usage
		Usr 0 00:34:34, Sys 0 00:00:36  -  Total Remote Usage
		Usr 0 00:00:00, Sys 0 00:00:00  -  Total Local Usage
	2104  -  Run Bytes Sent By Job
	405  -  Run Bytes Received By Job
	2104  -  Total Bytes Sent By Job
	405  -  Total Bytes Received By Job
	Partitionable Resources :    Usage  Request Allocated 
	   Cpus                 :     0.87        1         1 
	   Disk (KB)            :   803           1 479786084 
	   Memory (MB)          :  5140        7900      8033 
...
