000 (858901.000.000) 08/18 04:59:45 Job submitted from host: <172.20.3.187:9618?addrs=172.20.3.187-9618&noUDP&sock=2043_e813_3>
...
001 (858901.000.000) 08/18 14:20:39 Job executing on host: <172.20.225.5:9618?addrs=172.20.225.5-9618&noUDP&sock=3375_8c39_3>
...
006 (858901.000.000) 08/18 14:20:48 Image size of job updated: 21128
	21  -  MemoryUsage of job (MB)
	21128  -  ResidentSetSize of job (KB)
...
006 (858901.000.000) 08/18 14:25:49 Image size of job updated: 3974436
	3882  -  MemoryUsage of job (MB)
	3974436  -  ResidentSetSize of job (KB)
...
006 (858901.000.000) 08/18 14:30:50 Image size of job updated: 4797988
	4686  -  MemoryUsage of job (MB)
	4797988  -  ResidentSetSize of job (KB)
...
006 (858901.000.000) 08/18 14:35:50 Image size of job updated: 5554372
	5425  -  MemoryUsage of job (MB)
	5554372  -  ResidentSetSize of job (KB)
...
006 (858901.000.000) 08/18 14:40:51 Image size of job updated: 5554516
	5425  -  MemoryUsage of job (MB)
	5554516  -  ResidentSetSize of job (KB)
...
006 (858901.000.000) 08/18 14:45:51 Image size of job updated: 5555212
	5426  -  MemoryUsage of job (MB)
	5555212  -  ResidentSetSize of job (KB)
...
006 (858901.000.000) 08/18 14:50:52 Image size of job updated: 5762728
	5626  -  MemoryUsage of job (MB)
	5760028  -  ResidentSetSize of job (KB)
...
006 (858901.000.000) 08/18 14:54:31 Image size of job updated: 5762728
	5626  -  MemoryUsage of job (MB)
	5760052  -  ResidentSetSize of job (KB)
...
005 (858901.000.000) 08/18 14:54:31 Job terminated.
	(1) Normal termination (return value 0)
		Usr 0 00:33:15, Sys 0 00:00:34  -  Run Remote Usage
		Usr 0 00:00:00, Sys 0 00:00:00  -  Run Local Usage
		Usr 0 00:33:15, Sys 0 00:00:34  -  Total Remote Usage
		Usr 0 00:00:00, Sys 0 00:00:00  -  Total Local Usage
	2113  -  Run Bytes Sent By Job
	412  -  Run Bytes Received By Job
	2113  -  Total Bytes Sent By Job
	412  -  Total Bytes Received By Job
	Partitionable Resources :    Usage  Request Allocated 
	   Cpus                 :     0.59        1         1 
	   Disk (KB)            :   803           1 479749220 
	   Memory (MB)          :  5626        7900      8033 
...
