000 (855402.000.000) 08/18 04:57:51 Job submitted from host: <172.20.3.187:9618?addrs=172.20.3.187-9618&noUDP&sock=2043_e813_3>
...
001 (855402.000.000) 08/18 06:29:07 Job executing on host: <172.20.225.5:9618?addrs=172.20.225.5-9618&noUDP&sock=3375_8c39_3>
...
006 (855402.000.000) 08/18 06:29:15 Image size of job updated: 21112
	21  -  MemoryUsage of job (MB)
	21112  -  ResidentSetSize of job (KB)
...
006 (855402.000.000) 08/18 06:34:15 Image size of job updated: 1328964
	1298  -  MemoryUsage of job (MB)
	1328964  -  ResidentSetSize of job (KB)
...
006 (855402.000.000) 08/18 06:39:16 Image size of job updated: 1523116
	1488  -  MemoryUsage of job (MB)
	1523116  -  ResidentSetSize of job (KB)
...
005 (855402.000.000) 08/18 06:43:26 Job terminated.
	(1) Normal termination (return value 0)
		Usr 0 00:19:29, Sys 0 00:00:09  -  Run Remote Usage
		Usr 0 00:00:00, Sys 0 00:00:00  -  Run Local Usage
		Usr 0 00:19:29, Sys 0 00:00:09  -  Total Remote Usage
		Usr 0 00:00:00, Sys 0 00:00:00  -  Total Local Usage
	2096  -  Run Bytes Sent By Job
	398  -  Run Bytes Received By Job
	2096  -  Total Bytes Sent By Job
	398  -  Total Bytes Received By Job
	Partitionable Resources :    Usage  Request Allocated 
	   Cpus                 :     0.37        1         1 
	   Disk (KB)            :   803           1 479749220 
	   Memory (MB)          :  1488        7900      8033 
...
