000 (860394.000.000) 08/18 05:00:35 Job submitted from host: <172.20.3.187:9618?addrs=172.20.3.187-9618&noUDP&sock=2043_e813_3>
...
001 (860394.000.000) 08/18 17:25:20 Job executing on host: <172.20.225.8:9618?addrs=172.20.225.8-9618&noUDP&sock=3440_21e1_3>
...
006 (860394.000.000) 08/18 17:25:30 Image size of job updated: 21112
	21  -  MemoryUsage of job (MB)
	21112  -  ResidentSetSize of job (KB)
...
006 (860394.000.000) 08/18 17:30:30 Image size of job updated: 4035416
	3937  -  MemoryUsage of job (MB)
	4031272  -  ResidentSetSize of job (KB)
...
006 (860394.000.000) 08/18 17:35:31 Image size of job updated: 5177700
	5053  -  MemoryUsage of job (MB)
	5173556  -  ResidentSetSize of job (KB)
...
006 (860394.000.000) 08/18 17:40:31 Image size of job updated: 5615492
	5480  -  MemoryUsage of job (MB)
	5611196  -  ResidentSetSize of job (KB)
...
006 (860394.000.000) 08/18 17:45:32 Image size of job updated: 5615972
	5481  -  MemoryUsage of job (MB)
	5611676  -  ResidentSetSize of job (KB)
...
006 (860394.000.000) 08/18 17:50:33 Image size of job updated: 6132972
	5990  -  MemoryUsage of job (MB)
	6132972  -  ResidentSetSize of job (KB)
...
005 (860394.000.000) 08/18 17:52:05 Job terminated.
	(1) Normal termination (return value 0)
		Usr 0 00:35:27, Sys 0 00:00:35  -  Run Remote Usage
		Usr 0 00:00:00, Sys 0 00:00:00  -  Run Local Usage
		Usr 0 00:35:27, Sys 0 00:00:35  -  Total Remote Usage
		Usr 0 00:00:00, Sys 0 00:00:00  -  Total Local Usage
	2113  -  Run Bytes Sent By Job
	412  -  Run Bytes Received By Job
	2113  -  Total Bytes Sent By Job
	412  -  Total Bytes Received By Job
	Partitionable Resources :    Usage  Request Allocated 
	   Cpus                 :     1.00        1         1 
	   Disk (KB)            :   803           1 479737977 
	   Memory (MB)          :  5990        7900      8033 
...
