000 (860322.000.000) 08/18 05:00:32 Job submitted from host: <172.20.3.187:9618?addrs=172.20.3.187-9618&noUDP&sock=2043_e813_3>
...
001 (860322.000.000) 08/18 17:18:01 Job executing on host: <172.20.225.8:9618?addrs=172.20.225.8-9618&noUDP&sock=3440_21e1_3>
...
006 (860322.000.000) 08/18 17:18:10 Image size of job updated: 21124
	21  -  MemoryUsage of job (MB)
	21124  -  ResidentSetSize of job (KB)
...
006 (860322.000.000) 08/18 17:23:11 Image size of job updated: 4172152
	4075  -  MemoryUsage of job (MB)
	4172052  -  ResidentSetSize of job (KB)
...
006 (860322.000.000) 08/18 17:28:12 Image size of job updated: 5611332
	5480  -  MemoryUsage of job (MB)
	5611332  -  ResidentSetSize of job (KB)
...
006 (860322.000.000) 08/18 17:33:13 Image size of job updated: 5611492
	5480  -  MemoryUsage of job (MB)
	5611492  -  ResidentSetSize of job (KB)
...
006 (860322.000.000) 08/18 17:38:13 Image size of job updated: 5612160
	5481  -  MemoryUsage of job (MB)
	5612160  -  ResidentSetSize of job (KB)
...
006 (860322.000.000) 08/18 17:42:54 Image size of job updated: 6098352
	5481  -  MemoryUsage of job (MB)
	5612160  -  ResidentSetSize of job (KB)
...
005 (860322.000.000) 08/18 17:42:54 Job terminated.
	(1) Normal termination (return value 0)
		Usr 0 00:35:47, Sys 0 00:00:35  -  Run Remote Usage
		Usr 0 00:00:00, Sys 0 00:00:00  -  Run Local Usage
		Usr 0 00:35:47, Sys 0 00:00:35  -  Total Remote Usage
		Usr 0 00:00:00, Sys 0 00:00:00  -  Total Local Usage
	2113  -  Run Bytes Sent By Job
	412  -  Run Bytes Received By Job
	2113  -  Total Bytes Sent By Job
	412  -  Total Bytes Received By Job
	Partitionable Resources :    Usage  Request Allocated 
	   Cpus                 :     0.60        1         1 
	   Disk (KB)            :   803           1 479737977 
	   Memory (MB)          :  5481        7900      8033 
...
