000 (856781.000.000) 08/18 04:58:36 Job submitted from host: <172.20.3.187:9618?addrs=172.20.3.187-9618&noUDP&sock=2043_e813_3>
...
001 (856781.000.000) 08/18 08:55:41 Job executing on host: <172.20.225.5:9618?addrs=172.20.225.5-9618&noUDP&sock=3375_8c39_3>
...
006 (856781.000.000) 08/18 08:55:50 Image size of job updated: 21128
	21  -  MemoryUsage of job (MB)
	21128  -  ResidentSetSize of job (KB)
...
006 (856781.000.000) 08/18 09:00:51 Image size of job updated: 3669680
	3584  -  MemoryUsage of job (MB)
	3669680  -  ResidentSetSize of job (KB)
...
006 (856781.000.000) 08/18 09:05:51 Image size of job updated: 4493224
	4388  -  MemoryUsage of job (MB)
	4493224  -  ResidentSetSize of job (KB)
...
006 (856781.000.000) 08/18 09:10:52 Image size of job updated: 5249584
	5127  -  MemoryUsage of job (MB)
	5249584  -  ResidentSetSize of job (KB)
...
006 (856781.000.000) 08/18 09:15:53 Image size of job updated: 5249720
	5127  -  MemoryUsage of job (MB)
	5249720  -  ResidentSetSize of job (KB)
...
006 (856781.000.000) 08/18 09:20:53 Image size of job updated: 5250420
	5128  -  MemoryUsage of job (MB)
	5250420  -  ResidentSetSize of job (KB)
...
006 (856781.000.000) 08/18 09:25:54 Image size of job updated: 5706856
	5573  -  MemoryUsage of job (MB)
	5706712  -  ResidentSetSize of job (KB)
...
006 (856781.000.000) 08/18 09:27:46 Image size of job updated: 11291484
	5574  -  MemoryUsage of job (MB)
	5706816  -  ResidentSetSize of job (KB)
...
005 (856781.000.000) 08/18 09:27:46 Job terminated.
	(1) Normal termination (return value 0)
		Usr 0 00:31:42, Sys 0 00:00:32  -  Run Remote Usage
		Usr 0 00:00:00, Sys 0 00:00:00  -  Run Local Usage
		Usr 0 00:31:42, Sys 0 00:00:32  -  Total Remote Usage
		Usr 0 00:00:00, Sys 0 00:00:00  -  Total Local Usage
	2105  -  Run Bytes Sent By Job
	404  -  Run Bytes Received By Job
	2105  -  Total Bytes Sent By Job
	404  -  Total Bytes Received By Job
	Partitionable Resources :    Usage  Request Allocated 
	   Cpus                 :     0.58        1         1 
	   Disk (KB)            :   803           1 479749220 
	   Memory (MB)          :  5574        7900      8033 
...
