000 (856009.000.000) 08/18 04:58:10 Job submitted from host: <172.20.3.187:9618?addrs=172.20.3.187-9618&noUDP&sock=2043_e813_3>
...
001 (856009.000.000) 08/18 07:36:30 Job executing on host: <172.20.225.2:9618?addrs=172.20.225.2-9618&noUDP&sock=3424_285d_3>
...
006 (856009.000.000) 08/18 07:36:38 Image size of job updated: 21128
	21  -  MemoryUsage of job (MB)
	21128  -  ResidentSetSize of job (KB)
...
006 (856009.000.000) 08/18 07:41:39 Image size of job updated: 3784332
	3696  -  MemoryUsage of job (MB)
	3784332  -  ResidentSetSize of job (KB)
...
006 (856009.000.000) 08/18 07:46:40 Image size of job updated: 4926600
	4812  -  MemoryUsage of job (MB)
	4926600  -  ResidentSetSize of job (KB)
...
006 (856009.000.000) 08/18 07:51:39 Image size of job updated: 5364240
	5239  -  MemoryUsage of job (MB)
	5364240  -  ResidentSetSize of job (KB)
...
006 (856009.000.000) 08/18 07:56:41 Image size of job updated: 5364384
	5239  -  MemoryUsage of job (MB)
	5364384  -  ResidentSetSize of job (KB)
...
006 (856009.000.000) 08/18 08:01:41 Image size of job updated: 5365064
	5240  -  MemoryUsage of job (MB)
	5365064  -  ResidentSetSize of job (KB)
...
006 (856009.000.000) 08/18 08:06:41 Image size of job updated: 5963652
	5824  -  MemoryUsage of job (MB)
	5962784  -  ResidentSetSize of job (KB)
...
006 (856009.000.000) 08/18 08:07:47 Image size of job updated: 5963652
	5824  -  MemoryUsage of job (MB)
	5962824  -  ResidentSetSize of job (KB)
...
005 (856009.000.000) 08/18 08:07:47 Job terminated.
	(1) Normal termination (return value 0)
		Usr 0 00:33:04, Sys 0 00:00:33  -  Run Remote Usage
		Usr 0 00:00:00, Sys 0 00:00:00  -  Run Local Usage
		Usr 0 00:33:04, Sys 0 00:00:33  -  Total Remote Usage
		Usr 0 00:00:00, Sys 0 00:00:00  -  Total Local Usage
	2113  -  Run Bytes Sent By Job
	412  -  Run Bytes Received By Job
	2113  -  Total Bytes Sent By Job
	412  -  Total Bytes Received By Job
	Partitionable Resources :    Usage  Request Allocated 
	   Cpus                 :     0.98        1         1 
	   Disk (KB)            :   803           1 479786084 
	   Memory (MB)          :  5824        7900      8033 
...
