000 (860545.000.000) 08/18 05:00:40 Job submitted from host: <172.20.3.187:9618?addrs=172.20.3.187-9618&noUDP&sock=2043_e813_3>
...
001 (860545.000.000) 08/18 17:55:43 Job executing on host: <172.20.225.4:9618?addrs=172.20.225.4-9618&noUDP&sock=3366_5fdf_3>
...
006 (860545.000.000) 08/18 17:55:51 Image size of job updated: 21108
	21  -  MemoryUsage of job (MB)
	21108  -  ResidentSetSize of job (KB)
...
006 (860545.000.000) 08/18 18:00:52 Image size of job updated: 4035604
	3937  -  MemoryUsage of job (MB)
	4031124  -  ResidentSetSize of job (KB)
...
006 (860545.000.000) 08/18 18:05:52 Image size of job updated: 4859104
	4741  -  MemoryUsage of job (MB)
	4854624  -  ResidentSetSize of job (KB)
...
006 (860545.000.000) 08/18 18:10:52 Image size of job updated: 5615500
	5480  -  MemoryUsage of job (MB)
	5611020  -  ResidentSetSize of job (KB)
...
006 (860545.000.000) 08/18 18:15:53 Image size of job updated: 5615536
	5480  -  MemoryUsage of job (MB)
	5611056  -  ResidentSetSize of job (KB)
...
006 (860545.000.000) 08/18 18:20:54 Image size of job updated: 5616008
	5481  -  MemoryUsage of job (MB)
	5611528  -  ResidentSetSize of job (KB)
...
006 (860545.000.000) 08/18 18:25:54 Image size of job updated: 5616008
	5481  -  MemoryUsage of job (MB)
	5611852  -  ResidentSetSize of job (KB)
...
006 (860545.000.000) 08/18 18:30:27 Image size of job updated: 7862880
	5481  -  MemoryUsage of job (MB)
	5611852  -  ResidentSetSize of job (KB)
...
005 (860545.000.000) 08/18 18:30:27 Job terminated.
	(1) Normal termination (return value 0)
		Usr 0 00:35:15, Sys 0 00:00:34  -  Run Remote Usage
		Usr 0 00:00:00, Sys 0 00:00:00  -  Run Local Usage
		Usr 0 00:35:15, Sys 0 00:00:34  -  Total Remote Usage
		Usr 0 00:00:00, Sys 0 00:00:00  -  Total Local Usage
	2113  -  Run Bytes Sent By Job
	412  -  Run Bytes Received By Job
	2113  -  Total Bytes Sent By Job
	412  -  Total Bytes Received By Job
	Partitionable Resources :    Usage  Request Allocated 
	   Cpus                 :     1.00        1         1 
	   Disk (KB)            :   803           1 479779449 
	   Memory (MB)          :  5481        7900      8033 
...
