000 (859950.000.000) 08/18 05:00:20 Job submitted from host: <172.20.3.187:9618?addrs=172.20.3.187-9618&noUDP&sock=2043_e813_3>
...
001 (859950.000.000) 08/18 16:14:31 Job executing on host: <172.20.225.5:9618?addrs=172.20.225.5-9618&noUDP&sock=3375_8c39_3>
...
006 (859950.000.000) 08/18 16:14:40 Image size of job updated: 21120
	21  -  MemoryUsage of job (MB)
	21120  -  ResidentSetSize of job (KB)
...
006 (859950.000.000) 08/18 16:19:41 Image size of job updated: 4031548
	3938  -  MemoryUsage of job (MB)
	4031548  -  ResidentSetSize of job (KB)
...
006 (859950.000.000) 08/18 16:24:41 Image size of job updated: 4855068
	4742  -  MemoryUsage of job (MB)
	4855068  -  ResidentSetSize of job (KB)
...
006 (859950.000.000) 08/18 16:29:42 Image size of job updated: 5611448
	5480  -  MemoryUsage of job (MB)
	5611448  -  ResidentSetSize of job (KB)
...
006 (859950.000.000) 08/18 16:34:43 Image size of job updated: 5611484
	5480  -  MemoryUsage of job (MB)
	5611484  -  ResidentSetSize of job (KB)
...
006 (859950.000.000) 08/18 16:39:44 Image size of job updated: 5611948
	5481  -  MemoryUsage of job (MB)
	5611948  -  ResidentSetSize of job (KB)
...
006 (859950.000.000) 08/18 16:44:45 Image size of job updated: 5612284
	5481  -  MemoryUsage of job (MB)
	5612284  -  ResidentSetSize of job (KB)
...
005 (859950.000.000) 08/18 16:49:09 Job terminated.
	(1) Normal termination (return value 0)
		Usr 0 00:32:57, Sys 0 00:00:31  -  Run Remote Usage
		Usr 0 00:00:00, Sys 0 00:00:00  -  Run Local Usage
		Usr 0 00:32:57, Sys 0 00:00:31  -  Total Remote Usage
		Usr 0 00:00:00, Sys 0 00:00:00  -  Total Local Usage
	2110  -  Run Bytes Sent By Job
	411  -  Run Bytes Received By Job
	2110  -  Total Bytes Sent By Job
	411  -  Total Bytes Received By Job
	Partitionable Resources :    Usage  Request Allocated 
	   Cpus                 :     0.02        1         1 
	   Disk (KB)            :   803           1 479749220 
	   Memory (MB)          :  5481        7900      8033 
...
