000 (857011.000.000) 08/18 04:58:43 Job submitted from host: <172.20.3.187:9618?addrs=172.20.3.187-9618&noUDP&sock=2043_e813_3>
...
001 (857011.000.000) 08/18 09:25:29 Job executing on host: <172.20.225.2:9618?addrs=172.20.225.2-9618&noUDP&sock=3424_285d_3>
...
006 (857011.000.000) 08/18 09:25:38 Image size of job updated: 21116
	21  -  MemoryUsage of job (MB)
	21116  -  ResidentSetSize of job (KB)
...
006 (857011.000.000) 08/18 09:30:39 Image size of job updated: 3856596
	3767  -  MemoryUsage of job (MB)
	3856596  -  ResidentSetSize of job (KB)
...
006 (857011.000.000) 08/18 09:35:40 Image size of job updated: 4551992
	4446  -  MemoryUsage of job (MB)
	4551992  -  ResidentSetSize of job (KB)
...
006 (857011.000.000) 08/18 09:40:40 Image size of job updated: 5295876
	5172  -  MemoryUsage of job (MB)
	5295876  -  ResidentSetSize of job (KB)
...
006 (857011.000.000) 08/18 09:45:41 Image size of job updated: 5296016
	5172  -  MemoryUsage of job (MB)
	5296016  -  ResidentSetSize of job (KB)
...
006 (857011.000.000) 08/18 09:50:42 Image size of job updated: 5296700
	5173  -  MemoryUsage of job (MB)
	5296700  -  ResidentSetSize of job (KB)
...
005 (857011.000.000) 08/18 09:55:31 Job terminated.
	(1) Normal termination (return value 0)
		Usr 0 00:32:17, Sys 0 00:00:34  -  Run Remote Usage
		Usr 0 00:00:00, Sys 0 00:00:00  -  Run Local Usage
		Usr 0 00:32:17, Sys 0 00:00:34  -  Total Remote Usage
		Usr 0 00:00:00, Sys 0 00:00:00  -  Total Local Usage
	2101  -  Run Bytes Sent By Job
	409  -  Run Bytes Received By Job
	2101  -  Total Bytes Sent By Job
	409  -  Total Bytes Received By Job
	Partitionable Resources :    Usage  Request Allocated 
	   Cpus                 :     0.87        1         1 
	   Disk (KB)            :   803           1 479786084 
	   Memory (MB)          :  5173        7900      8033 
...
