000 (858791.000.000) 08/18 04:59:41 Job submitted from host: <172.20.3.187:9618?addrs=172.20.3.187-9618&noUDP&sock=2043_e813_3>
...
001 (858791.000.000) 08/18 14:01:42 Job executing on host: <172.20.225.6:9618?addrs=172.20.225.6-9618&noUDP&sock=3382_5963_3>
...
006 (858791.000.000) 08/18 14:01:50 Image size of job updated: 21108
	21  -  MemoryUsage of job (MB)
	21108  -  ResidentSetSize of job (KB)
...
006 (858791.000.000) 08/18 14:06:50 Image size of job updated: 3973936
	3881  -  MemoryUsage of job (MB)
	3973936  -  ResidentSetSize of job (KB)
...
006 (858791.000.000) 08/18 14:11:51 Image size of job updated: 4797476
	4686  -  MemoryUsage of job (MB)
	4797476  -  ResidentSetSize of job (KB)
...
006 (858791.000.000) 08/18 14:16:52 Image size of job updated: 5553868
	5424  -  MemoryUsage of job (MB)
	5553868  -  ResidentSetSize of job (KB)
...
006 (858791.000.000) 08/18 14:21:53 Image size of job updated: 5554000
	5424  -  MemoryUsage of job (MB)
	5554000  -  ResidentSetSize of job (KB)
...
006 (858791.000.000) 08/18 14:26:53 Image size of job updated: 5554700
	5425  -  MemoryUsage of job (MB)
	5554700  -  ResidentSetSize of job (KB)
...
006 (858791.000.000) 08/18 14:31:54 Image size of job updated: 5745980
	5612  -  MemoryUsage of job (MB)
	5745780  -  ResidentSetSize of job (KB)
...
006 (858791.000.000) 08/18 14:36:25 Image size of job updated: 6061160
	5612  -  MemoryUsage of job (MB)
	5745824  -  ResidentSetSize of job (KB)
...
005 (858791.000.000) 08/18 14:36:25 Job terminated.
	(1) Normal termination (return value 0)
		Usr 0 00:33:35, Sys 0 00:00:32  -  Run Remote Usage
		Usr 0 00:00:00, Sys 0 00:00:00  -  Run Local Usage
		Usr 0 00:33:35, Sys 0 00:00:32  -  Total Remote Usage
		Usr 0 00:00:00, Sys 0 00:00:00  -  Total Local Usage
	2113  -  Run Bytes Sent By Job
	412  -  Run Bytes Received By Job
	2113  -  Total Bytes Sent By Job
	412  -  Total Bytes Received By Job
	Partitionable Resources :    Usage  Request Allocated 
	   Cpus                 :     0.99        1         1 
	   Disk (KB)            :   803           1 479749220 
	   Memory (MB)          :  5612        7900      8033 
...
