000 (859432.000.000) 08/18 05:00:02 Job submitted from host: <172.20.3.187:9618?addrs=172.20.3.187-9618&noUDP&sock=2043_e813_3>
...
001 (859432.000.000) 08/18 15:34:42 Job executing on host: <172.20.225.4:9618?addrs=172.20.225.4-9618&noUDP&sock=3366_5fdf_3>
...
006 (859432.000.000) 08/18 15:34:51 Image size of job updated: 21112
	21  -  MemoryUsage of job (MB)
	21112  -  ResidentSetSize of job (KB)
...
006 (859432.000.000) 08/18 15:39:52 Image size of job updated: 4147052
	4050  -  MemoryUsage of job (MB)
	4147052  -  ResidentSetSize of job (KB)
...
006 (859432.000.000) 08/18 15:44:52 Image size of job updated: 4536192
	4430  -  MemoryUsage of job (MB)
	4536192  -  ResidentSetSize of job (KB)
...
006 (859432.000.000) 08/18 15:49:53 Image size of job updated: 5280080
	5157  -  MemoryUsage of job (MB)
	5280080  -  ResidentSetSize of job (KB)
...
006 (859432.000.000) 08/18 15:54:53 Image size of job updated: 5280224
	5157  -  MemoryUsage of job (MB)
	5280224  -  ResidentSetSize of job (KB)
...
006 (859432.000.000) 08/18 15:59:53 Image size of job updated: 5280928
	5158  -  MemoryUsage of job (MB)
	5280928  -  ResidentSetSize of job (KB)
...
006 (859432.000.000) 08/18 16:04:54 Image size of job updated: 5503160
	5375  -  MemoryUsage of job (MB)
	5503160  -  ResidentSetSize of job (KB)
...
006 (859432.000.000) 08/18 16:09:10 Image size of job updated: 13132228
	5375  -  MemoryUsage of job (MB)
	5503184  -  ResidentSetSize of job (KB)
...
005 (859432.000.000) 08/18 16:09:10 Job terminated.
	(1) Normal termination (return value 0)
		Usr 0 00:34:09, Sys 0 00:00:34  -  Run Remote Usage
		Usr 0 00:00:00, Sys 0 00:00:00  -  Run Local Usage
		Usr 0 00:34:09, Sys 0 00:00:34  -  Total Remote Usage
		Usr 0 00:00:00, Sys 0 00:00:00  -  Total Local Usage
	2104  -  Run Bytes Sent By Job
	405  -  Run Bytes Received By Job
	2104  -  Total Bytes Sent By Job
	405  -  Total Bytes Received By Job
	Partitionable Resources :    Usage  Request Allocated 
	   Cpus                 :     1.01        1         1 
	   Disk (KB)            :   803           1 479779449 
	   Memory (MB)          :  5375        7900      8033 
...
