000 (858570.000.000) 08/18 04:59:34 Job submitted from host: <172.20.3.187:9618?addrs=172.20.3.187-9618&noUDP&sock=2043_e813_3>
...
001 (858570.000.000) 08/18 13:37:38 Job executing on host: <172.20.225.2:9618?addrs=172.20.225.2-9618&noUDP&sock=3424_285d_3>
...
006 (858570.000.000) 08/18 13:37:47 Image size of job updated: 20792
	21  -  MemoryUsage of job (MB)
	20792  -  ResidentSetSize of job (KB)
...
006 (858570.000.000) 08/18 13:42:48 Image size of job updated: 4137620
	3881  -  MemoryUsage of job (MB)
	3974132  -  ResidentSetSize of job (KB)
...
006 (858570.000.000) 08/18 13:47:49 Image size of job updated: 4797652
	4686  -  MemoryUsage of job (MB)
	4797652  -  ResidentSetSize of job (KB)
...
006 (858570.000.000) 08/18 13:52:50 Image size of job updated: 5554048
	5424  -  MemoryUsage of job (MB)
	5554048  -  ResidentSetSize of job (KB)
...
006 (858570.000.000) 08/18 13:57:50 Image size of job updated: 5554528
	5425  -  MemoryUsage of job (MB)
	5554528  -  ResidentSetSize of job (KB)
...
006 (858570.000.000) 08/18 14:02:50 Image size of job updated: 5554872
	5425  -  MemoryUsage of job (MB)
	5554872  -  ResidentSetSize of job (KB)
...
006 (858570.000.000) 08/18 14:07:50 Image size of job updated: 6314640
	6166  -  MemoryUsage of job (MB)
	6313524  -  ResidentSetSize of job (KB)
...
005 (858570.000.000) 08/18 14:08:06 Job terminated.
	(1) Normal termination (return value 0)
		Usr 0 00:33:42, Sys 0 00:00:36  -  Run Remote Usage
		Usr 0 00:00:00, Sys 0 00:00:00  -  Run Local Usage
		Usr 0 00:33:42, Sys 0 00:00:36  -  Total Remote Usage
		Usr 0 00:00:00, Sys 0 00:00:00  -  Total Local Usage
	2113  -  Run Bytes Sent By Job
	412  -  Run Bytes Received By Job
	2113  -  Total Bytes Sent By Job
	412  -  Total Bytes Received By Job
	Partitionable Resources :    Usage  Request Allocated 
	   Cpus                 :     0.50        1         1 
	   Disk (KB)            :   803           1 479786084 
	   Memory (MB)          :  6166        7900      8033 
...
