000 (857169.000.000) 08/18 04:58:48 Job submitted from host: <172.20.3.187:9618?addrs=172.20.3.187-9618&noUDP&sock=2043_e813_3>
...
001 (857169.000.000) 08/18 10:13:04 Job executing on host: <172.20.225.6:9618?addrs=172.20.225.6-9618&noUDP&sock=3382_5963_3>
...
006 (857169.000.000) 08/18 10:13:12 Image size of job updated: 21112
	21  -  MemoryUsage of job (MB)
	21112  -  ResidentSetSize of job (KB)
...
006 (857169.000.000) 08/18 10:18:13 Image size of job updated: 6260512
	5946  -  MemoryUsage of job (MB)
	6088324  -  ResidentSetSize of job (KB)
...
006 (857169.000.000) 08/18 10:18:41 Image size of job updated: 10168972
	5947  -  MemoryUsage of job (MB)
	6089664  -  ResidentSetSize of job (KB)
...
005 (857169.000.000) 08/18 10:19:01 Job terminated.
	(1) Normal termination (return value 0)
		Usr 0 00:52:09, Sys 0 00:01:36  -  Run Remote Usage
		Usr 0 00:00:00, Sys 0 00:00:00  -  Run Local Usage
		Usr 0 00:52:09, Sys 0 00:01:36  -  Total Remote Usage
		Usr 0 00:00:00, Sys 0 00:00:00  -  Total Local Usage
	2112  -  Run Bytes Sent By Job
	411  -  Run Bytes Received By Job
	2112  -  Total Bytes Sent By Job
	411  -  Total Bytes Received By Job
	Partitionable Resources :    Usage  Request Allocated 
	   Cpus                 :     1.00        1         1 
	   Disk (KB)            :   803           1 479749220 
	   Memory (MB)          :  5947        7900      8033 
...
