000 (855978.000.000) 08/18 04:58:09 Job submitted from host: <172.20.3.187:9618?addrs=172.20.3.187-9618&noUDP&sock=2043_e813_3>
...
001 (855978.000.000) 08/18 07:34:12 Job executing on host: <172.20.225.6:9618?addrs=172.20.225.6-9618&noUDP&sock=3382_5963_3>
...
006 (855978.000.000) 08/18 07:34:20 Image size of job updated: 21116
	21  -  MemoryUsage of job (MB)
	21116  -  ResidentSetSize of job (KB)
...
006 (855978.000.000) 08/18 07:39:20 Image size of job updated: 3784436
	3696  -  MemoryUsage of job (MB)
	3784436  -  ResidentSetSize of job (KB)
...
006 (855978.000.000) 08/18 07:44:21 Image size of job updated: 5232972
	5111  -  MemoryUsage of job (MB)
	5232972  -  ResidentSetSize of job (KB)
...
006 (855978.000.000) 08/18 07:49:21 Image size of job updated: 5364364
	5239  -  MemoryUsage of job (MB)
	5364364  -  ResidentSetSize of job (KB)
...
006 (855978.000.000) 08/18 07:54:22 Image size of job updated: 5364520
	5239  -  MemoryUsage of job (MB)
	5364520  -  ResidentSetSize of job (KB)
...
006 (855978.000.000) 08/18 07:59:23 Image size of job updated: 5365180
	5240  -  MemoryUsage of job (MB)
	5365180  -  ResidentSetSize of job (KB)
...
006 (855978.000.000) 08/18 08:04:23 Image size of job updated: 5978216
	5839  -  MemoryUsage of job (MB)
	5978196  -  ResidentSetSize of job (KB)
...
005 (855978.000.000) 08/18 08:05:38 Job terminated.
	(1) Normal termination (return value 0)
		Usr 0 00:32:33, Sys 0 00:00:33  -  Run Remote Usage
		Usr 0 00:00:00, Sys 0 00:00:00  -  Run Local Usage
		Usr 0 00:32:33, Sys 0 00:00:33  -  Total Remote Usage
		Usr 0 00:00:00, Sys 0 00:00:00  -  Total Local Usage
	2113  -  Run Bytes Sent By Job
	412  -  Run Bytes Received By Job
	2113  -  Total Bytes Sent By Job
	412  -  Total Bytes Received By Job
	Partitionable Resources :    Usage  Request Allocated 
	   Cpus                 :     0.53        1         1 
	   Disk (KB)            :   803           1 479749220 
	   Memory (MB)          :  5839        7900      8033 
...
