000 (854872.000.000) 08/18 04:57:30 Job submitted from host: <172.20.3.187:9618?addrs=172.20.3.187-9618&noUDP&sock=2043_e813_3>
...
001 (854872.000.000) 08/18 05:31:02 Job executing on host: <172.20.225.2:9618?addrs=172.20.225.2-9618&noUDP&sock=3424_285d_3>
...
006 (854872.000.000) 08/18 05:31:11 Image size of job updated: 20796
	21  -  MemoryUsage of job (MB)
	20796  -  ResidentSetSize of job (KB)
...
006 (854872.000.000) 08/18 05:36:12 Image size of job updated: 4254764
	4156  -  MemoryUsage of job (MB)
	4254764  -  ResidentSetSize of job (KB)
...
006 (854872.000.000) 08/18 05:41:13 Image size of job updated: 4643904
	4536  -  MemoryUsage of job (MB)
	4643904  -  ResidentSetSize of job (KB)
...
006 (854872.000.000) 08/18 05:46:14 Image size of job updated: 5387788
	5262  -  MemoryUsage of job (MB)
	5387788  -  ResidentSetSize of job (KB)
...
006 (854872.000.000) 08/18 05:51:14 Image size of job updated: 5387824
	5262  -  MemoryUsage of job (MB)
	5387824  -  ResidentSetSize of job (KB)
...
006 (854872.000.000) 08/18 05:56:14 Image size of job updated: 5388300
	5263  -  MemoryUsage of job (MB)
	5388300  -  ResidentSetSize of job (KB)
...
006 (854872.000.000) 08/18 06:01:14 Image size of job updated: 5388624
	5263  -  MemoryUsage of job (MB)
	5388624  -  ResidentSetSize of job (KB)
...
005 (854872.000.000) 08/18 06:05:05 Job terminated.
	(1) Normal termination (return value 0)
		Usr 0 00:33:15, Sys 0 00:00:35  -  Run Remote Usage
		Usr 0 00:00:00, Sys 0 00:00:00  -  Run Local Usage
		Usr 0 00:33:15, Sys 0 00:00:35  -  Total Remote Usage
		Usr 0 00:00:00, Sys 0 00:00:00  -  Total Local Usage
	2104  -  Run Bytes Sent By Job
	403  -  Run Bytes Received By Job
	2104  -  Total Bytes Sent By Job
	403  -  Total Bytes Received By Job
	Partitionable Resources :    Usage  Request Allocated 
	   Cpus                 :     0.82        1         1 
	   Disk (KB)            :   803           1 479786084 
	   Memory (MB)          :  5263        7900      8033 
...
