000 (856681.000.000) 08/18 04:58:32 Job submitted from host: <172.20.3.187:9618?addrs=172.20.3.187-9618&noUDP&sock=2043_e813_3>
...
001 (856681.000.000) 08/18 08:50:04 Job executing on host: <172.20.225.2:9618?addrs=172.20.225.2-9618&noUDP&sock=3424_285d_3>
...
006 (856681.000.000) 08/18 08:50:12 Image size of job updated: 21120
	21  -  MemoryUsage of job (MB)
	21120  -  ResidentSetSize of job (KB)
...
006 (856681.000.000) 08/18 08:55:12 Image size of job updated: 4466904
	4363  -  MemoryUsage of job (MB)
	4466904  -  ResidentSetSize of job (KB)
...
006 (856681.000.000) 08/18 09:00:13 Image size of job updated: 5249796
	5127  -  MemoryUsage of job (MB)
	5249796  -  ResidentSetSize of job (KB)
...
006 (856681.000.000) 08/18 09:05:15 Image size of job updated: 5249932
	5127  -  MemoryUsage of job (MB)
	5249932  -  ResidentSetSize of job (KB)
...
006 (856681.000.000) 08/18 09:10:15 Image size of job updated: 5250084
	5128  -  MemoryUsage of job (MB)
	5250084  -  ResidentSetSize of job (KB)
...
006 (856681.000.000) 08/18 09:15:16 Image size of job updated: 5250756
	5128  -  MemoryUsage of job (MB)
	5250756  -  ResidentSetSize of job (KB)
...
006 (856681.000.000) 08/18 09:20:16 Image size of job updated: 5969028
	5830  -  MemoryUsage of job (MB)
	5968976  -  ResidentSetSize of job (KB)
...
006 (856681.000.000) 08/18 09:21:43 Image size of job updated: 10497420
	5830  -  MemoryUsage of job (MB)
	5968976  -  ResidentSetSize of job (KB)
...
005 (856681.000.000) 08/18 09:21:43 Job terminated.
	(1) Normal termination (return value 0)
		Usr 0 00:31:34, Sys 0 00:00:36  -  Run Remote Usage
		Usr 0 00:00:00, Sys 0 00:00:00  -  Run Local Usage
		Usr 0 00:31:34, Sys 0 00:00:36  -  Total Remote Usage
		Usr 0 00:00:00, Sys 0 00:00:00  -  Total Local Usage
	2099  -  Run Bytes Sent By Job
	402  -  Run Bytes Received By Job
	2099  -  Total Bytes Sent By Job
	402  -  Total Bytes Received By Job
	Partitionable Resources :    Usage  Request Allocated 
	   Cpus                 :     0.51        1         1 
	   Disk (KB)            :   803           1 479786084 
	   Memory (MB)          :  5830        7900      8033 
...
