000 (858884.000.000) 08/18 04:59:44 Job submitted from host: <172.20.3.187:9618?addrs=172.20.3.187-9618&noUDP&sock=2043_e813_3>
...
001 (858884.000.000) 08/18 14:18:39 Job executing on host: <172.20.225.2:9618?addrs=172.20.225.2-9618&noUDP&sock=3424_285d_3>
...
006 (858884.000.000) 08/18 14:18:47 Image size of job updated: 21116
	21  -  MemoryUsage of job (MB)
	21116  -  ResidentSetSize of job (KB)
...
006 (858884.000.000) 08/18 14:23:47 Image size of job updated: 3974176
	3882  -  MemoryUsage of job (MB)
	3974176  -  ResidentSetSize of job (KB)
...
006 (858884.000.000) 08/18 14:28:47 Image size of job updated: 4797732
	4686  -  MemoryUsage of job (MB)
	4797732  -  ResidentSetSize of job (KB)
...
006 (858884.000.000) 08/18 14:33:47 Image size of job updated: 5554132
	5424  -  MemoryUsage of job (MB)
	5554132  -  ResidentSetSize of job (KB)
...
006 (858884.000.000) 08/18 14:38:48 Image size of job updated: 5554272
	5425  -  MemoryUsage of job (MB)
	5554272  -  ResidentSetSize of job (KB)
...
006 (858884.000.000) 08/18 14:43:48 Image size of job updated: 5554956
	5425  -  MemoryUsage of job (MB)
	5554956  -  ResidentSetSize of job (KB)
...
006 (858884.000.000) 08/18 14:48:48 Image size of job updated: 6110988
	5905  -  MemoryUsage of job (MB)
	6046348  -  ResidentSetSize of job (KB)
...
005 (858884.000.000) 08/18 14:51:16 Job terminated.
	(1) Normal termination (return value 0)
		Usr 0 00:33:49, Sys 0 00:00:31  -  Run Remote Usage
		Usr 0 00:00:00, Sys 0 00:00:00  -  Run Local Usage
		Usr 0 00:33:49, Sys 0 00:00:31  -  Total Remote Usage
		Usr 0 00:00:00, Sys 0 00:00:00  -  Total Local Usage
	2113  -  Run Bytes Sent By Job
	412  -  Run Bytes Received By Job
	2113  -  Total Bytes Sent By Job
	412  -  Total Bytes Received By Job
	Partitionable Resources :    Usage  Request Allocated 
	   Cpus                 :     1.00        1         1 
	   Disk (KB)            :   803           1 479786084 
	   Memory (MB)          :  5905        7900      8033 
...
