000 (857460.000.000) 08/18 04:58:58 Job submitted from host: <172.20.3.187:9618?addrs=172.20.3.187-9618&noUDP&sock=2043_e813_3>
...
001 (857460.000.000) 08/18 11:33:04 Job executing on host: <172.20.225.2:9618?addrs=172.20.225.2-9618&noUDP&sock=3424_285d_3>
...
006 (857460.000.000) 08/18 11:33:12 Image size of job updated: 21116
	21  -  MemoryUsage of job (MB)
	21116  -  ResidentSetSize of job (KB)
...
006 (857460.000.000) 08/18 11:38:13 Image size of job updated: 4605264
	4455  -  MemoryUsage of job (MB)
	4561384  -  ResidentSetSize of job (KB)
...
006 (857460.000.000) 08/18 11:43:15 Image size of job updated: 5388424
	5220  -  MemoryUsage of job (MB)
	5344544  -  ResidentSetSize of job (KB)
...
006 (857460.000.000) 08/18 11:48:13 Image size of job updated: 5388424
	5220  -  MemoryUsage of job (MB)
	5345220  -  ResidentSetSize of job (KB)
...
006 (857460.000.000) 08/18 11:53:14 Image size of job updated: 6045224
	5904  -  MemoryUsage of job (MB)
	6044924  -  ResidentSetSize of job (KB)
...
005 (857460.000.000) 08/18 11:53:38 Job terminated.
	(1) Normal termination (return value 0)
		Usr 0 00:34:33, Sys 0 00:00:36  -  Run Remote Usage
		Usr 0 00:00:00, Sys 0 00:00:00  -  Run Local Usage
		Usr 0 00:34:33, Sys 0 00:00:36  -  Total Remote Usage
		Usr 0 00:00:00, Sys 0 00:00:00  -  Total Local Usage
	2116  -  Run Bytes Sent By Job
	415  -  Run Bytes Received By Job
	2116  -  Total Bytes Sent By Job
	415  -  Total Bytes Received By Job
	Partitionable Resources :    Usage  Request Allocated 
	   Cpus                 :     0.39        1         1 
	   Disk (KB)            :   803           1 479786084 
	   Memory (MB)          :  5904        7900      8033 
...
