000 (854517.000.000) 08/18 04:57:18 Job submitted from host: <172.20.3.187:9618?addrs=172.20.3.187-9618&noUDP&sock=2043_e813_3>
...
001 (854517.000.000) 08/18 04:57:40 Job executing on host: <172.20.225.4:9618?addrs=172.20.225.4-9618&noUDP&sock=3366_5fdf_3>
...
006 (854517.000.000) 08/18 04:57:48 Image size of job updated: 20800
	21  -  MemoryUsage of job (MB)
	20800  -  ResidentSetSize of job (KB)
...
006 (854517.000.000) 08/18 05:02:48 Image size of job updated: 3949260
	3856  -  MemoryUsage of job (MB)
	3948032  -  ResidentSetSize of job (KB)
...
006 (854517.000.000) 08/18 05:07:49 Image size of job updated: 4644660
	4535  -  MemoryUsage of job (MB)
	4643432  -  ResidentSetSize of job (KB)
...
006 (854517.000.000) 08/18 05:12:49 Image size of job updated: 5388540
	5262  -  MemoryUsage of job (MB)
	5387312  -  ResidentSetSize of job (KB)
...
006 (854517.000.000) 08/18 05:17:50 Image size of job updated: 5388676
	5262  -  MemoryUsage of job (MB)
	5387448  -  ResidentSetSize of job (KB)
...
006 (854517.000.000) 08/18 05:22:50 Image size of job updated: 5388676
	5262  -  MemoryUsage of job (MB)
	5388148  -  ResidentSetSize of job (KB)
...
006 (854517.000.000) 08/18 05:31:21 Image size of job updated: 16797424
	5262  -  MemoryUsage of job (MB)
	5388148  -  ResidentSetSize of job (KB)
...
005 (854517.000.000) 08/18 05:31:21 Job terminated.
	(1) Normal termination (return value 0)
		Usr 0 00:32:19, Sys 0 00:00:36  -  Run Remote Usage
		Usr 0 00:00:00, Sys 0 00:00:00  -  Run Local Usage
		Usr 0 00:32:19, Sys 0 00:00:36  -  Total Remote Usage
		Usr 0 00:00:00, Sys 0 00:00:00  -  Total Local Usage
	2099  -  Run Bytes Sent By Job
	401  -  Run Bytes Received By Job
	2099  -  Total Bytes Sent By Job
	401  -  Total Bytes Received By Job
	Partitionable Resources :    Usage  Request Allocated 
	   Cpus                 :     0.83        1         1 
	   Disk (KB)            :   803           1 479779449 
	   Memory (MB)          :  5262        7900      8033 
...
