000 (854999.000.000) 08/18 04:57:34 Job submitted from host: <172.20.3.187:9618?addrs=172.20.3.187-9618&noUDP&sock=2043_e813_3>
...
001 (854999.000.000) 08/18 05:32:13 Job executing on host: <172.20.225.2:9618?addrs=172.20.225.2-9618&noUDP&sock=3424_285d_3>
...
006 (854999.000.000) 08/18 05:32:21 Image size of job updated: 21108
	21  -  MemoryUsage of job (MB)
	21108  -  ResidentSetSize of job (KB)
...
006 (854999.000.000) 08/18 05:37:21 Image size of job updated: 3810152
	3719  -  MemoryUsage of job (MB)
	3807692  -  ResidentSetSize of job (KB)
...
006 (854999.000.000) 08/18 05:42:22 Image size of job updated: 4633692
	4523  -  MemoryUsage of job (MB)
	4631232  -  ResidentSetSize of job (KB)
...
006 (854999.000.000) 08/18 05:47:22 Image size of job updated: 5387616
	5262  -  MemoryUsage of job (MB)
	5387616  -  ResidentSetSize of job (KB)
...
006 (854999.000.000) 08/18 05:52:22 Image size of job updated: 5387644
	5262  -  MemoryUsage of job (MB)
	5387644  -  ResidentSetSize of job (KB)
...
006 (854999.000.000) 08/18 05:57:22 Image size of job updated: 5388116
	5262  -  MemoryUsage of job (MB)
	5388116  -  ResidentSetSize of job (KB)
...
006 (854999.000.000) 08/18 06:02:24 Image size of job updated: 5388448
	5263  -  MemoryUsage of job (MB)
	5388448  -  ResidentSetSize of job (KB)
...
005 (854999.000.000) 08/18 06:06:25 Job terminated.
	(1) Normal termination (return value 0)
		Usr 0 00:32:54, Sys 0 00:00:31  -  Run Remote Usage
		Usr 0 00:00:00, Sys 0 00:00:00  -  Run Local Usage
		Usr 0 00:32:54, Sys 0 00:00:31  -  Total Remote Usage
		Usr 0 00:00:00, Sys 0 00:00:00  -  Total Local Usage
	2104  -  Run Bytes Sent By Job
	403  -  Run Bytes Received By Job
	2104  -  Total Bytes Sent By Job
	403  -  Total Bytes Received By Job
	Partitionable Resources :    Usage  Request Allocated 
	   Cpus                 :     0.78        1         1 
	   Disk (KB)            :   803           1 479786084 
	   Memory (MB)          :  5263        7900      8033 
...
