000 (858223.000.000) 08/18 04:59:22 Job submitted from host: <172.20.3.187:9618?addrs=172.20.3.187-9618&noUDP&sock=2043_e813_3>
...
001 (858223.000.000) 08/18 12:52:48 Job executing on host: <172.20.225.1:9618?addrs=172.20.225.1-9618&noUDP&sock=3382_5963_3>
...
006 (858223.000.000) 08/18 12:52:57 Image size of job updated: 21120
	21  -  MemoryUsage of job (MB)
	21120  -  ResidentSetSize of job (KB)
...
006 (858223.000.000) 08/18 12:57:58 Image size of job updated: 3860432
	3756  -  MemoryUsage of job (MB)
	3845516  -  ResidentSetSize of job (KB)
...
006 (858223.000.000) 08/18 13:02:59 Image size of job updated: 4862080
	4734  -  MemoryUsage of job (MB)
	4847164  -  ResidentSetSize of job (KB)
...
006 (858223.000.000) 08/18 13:07:59 Image size of job updated: 5284808
	5161  -  MemoryUsage of job (MB)
	5284808  -  ResidentSetSize of job (KB)
...
006 (858223.000.000) 08/18 13:13:00 Image size of job updated: 5284952
	5162  -  MemoryUsage of job (MB)
	5284952  -  ResidentSetSize of job (KB)
...
006 (858223.000.000) 08/18 13:18:01 Image size of job updated: 5285628
	5162  -  MemoryUsage of job (MB)
	5285628  -  ResidentSetSize of job (KB)
...
006 (858223.000.000) 08/18 13:23:02 Image size of job updated: 5960200
	5821  -  MemoryUsage of job (MB)
	5959952  -  ResidentSetSize of job (KB)
...
005 (858223.000.000) 08/18 13:24:17 Job terminated.
	(1) Normal termination (return value 0)
		Usr 0 00:33:02, Sys 0 00:00:34  -  Run Remote Usage
		Usr 0 00:00:00, Sys 0 00:00:00  -  Run Local Usage
		Usr 0 00:33:02, Sys 0 00:00:34  -  Total Remote Usage
		Usr 0 00:00:00, Sys 0 00:00:00  -  Total Local Usage
	2106  -  Run Bytes Sent By Job
	407  -  Run Bytes Received By Job
	2106  -  Total Bytes Sent By Job
	407  -  Total Bytes Received By Job
	Partitionable Resources :    Usage  Request Allocated 
	   Cpus                 :     0.74        1         1 
	   Disk (KB)            :   803           1 479786105 
	   Memory (MB)          :  5821        7900      8033 
...
