000 (858277.000.000) 08/18 04:59:24 Job submitted from host: <172.20.3.187:9618?addrs=172.20.3.187-9618&noUDP&sock=2043_e813_3>
...
001 (858277.000.000) 08/18 13:05:37 Job executing on host: <172.20.225.5:9618?addrs=172.20.225.5-9618&noUDP&sock=3375_8c39_3>
...
006 (858277.000.000) 08/18 13:05:46 Image size of job updated: 21120
	21  -  MemoryUsage of job (MB)
	21120  -  ResidentSetSize of job (KB)
...
006 (858277.000.000) 08/18 13:10:47 Image size of job updated: 4151880
	4055  -  MemoryUsage of job (MB)
	4151880  -  ResidentSetSize of job (KB)
...
006 (858277.000.000) 08/18 13:15:48 Image size of job updated: 5284896
	5162  -  MemoryUsage of job (MB)
	5284896  -  ResidentSetSize of job (KB)
...
006 (858277.000.000) 08/18 13:20:48 Image size of job updated: 5285036
	5162  -  MemoryUsage of job (MB)
	5285036  -  ResidentSetSize of job (KB)
...
006 (858277.000.000) 08/18 13:25:49 Image size of job updated: 5285744
	5162  -  MemoryUsage of job (MB)
	5285744  -  ResidentSetSize of job (KB)
...
006 (858277.000.000) 08/18 13:30:50 Image size of job updated: 5517444
	5386  -  MemoryUsage of job (MB)
	5515036  -  ResidentSetSize of job (KB)
...
006 (858277.000.000) 08/18 13:34:07 Image size of job updated: 5517444
	5386  -  MemoryUsage of job (MB)
	5515052  -  ResidentSetSize of job (KB)
...
005 (858277.000.000) 08/18 13:34:07 Job terminated.
	(1) Normal termination (return value 0)
		Usr 0 00:33:47, Sys 0 00:00:38  -  Run Remote Usage
		Usr 0 00:00:00, Sys 0 00:00:00  -  Run Local Usage
		Usr 0 00:33:47, Sys 0 00:00:38  -  Total Remote Usage
		Usr 0 00:00:00, Sys 0 00:00:00  -  Total Local Usage
	2106  -  Run Bytes Sent By Job
	407  -  Run Bytes Received By Job
	2106  -  Total Bytes Sent By Job
	407  -  Total Bytes Received By Job
	Partitionable Resources :    Usage  Request Allocated 
	   Cpus                 :     0.49        1         1 
	   Disk (KB)            :   803           1 479749220 
	   Memory (MB)          :  5386        7900      8033 
...
