000 (855922.000.000) 08/18 04:58:08 Job submitted from host: <172.20.3.187:9618?addrs=172.20.3.187-9618&noUDP&sock=2043_e813_3>
...
001 (855922.000.000) 08/18 07:17:26 Job executing on host: <172.20.225.1:9618?addrs=172.20.225.1-9618&noUDP&sock=3382_5963_3>
...
006 (855922.000.000) 08/18 07:17:36 Image size of job updated: 21120
	21  -  MemoryUsage of job (MB)
	21120  -  ResidentSetSize of job (KB)
...
006 (855922.000.000) 08/18 07:22:36 Image size of job updated: 3801592
	3696  -  MemoryUsage of job (MB)
	3784064  -  ResidentSetSize of job (KB)
...
006 (855922.000.000) 08/18 07:27:37 Image size of job updated: 4625464
	4500  -  MemoryUsage of job (MB)
	4607584  -  ResidentSetSize of job (KB)
...
006 (855922.000.000) 08/18 07:32:37 Image size of job updated: 5363976
	5239  -  MemoryUsage of job (MB)
	5363976  -  ResidentSetSize of job (KB)
...
006 (855922.000.000) 08/18 07:37:38 Image size of job updated: 5364012
	5239  -  MemoryUsage of job (MB)
	5364012  -  ResidentSetSize of job (KB)
...
006 (855922.000.000) 08/18 07:42:40 Image size of job updated: 5364804
	5240  -  MemoryUsage of job (MB)
	5364804  -  ResidentSetSize of job (KB)
...
006 (855922.000.000) 08/18 07:47:40 Image size of job updated: 5794596
	5659  -  MemoryUsage of job (MB)
	5794596  -  ResidentSetSize of job (KB)
...
006 (855922.000.000) 08/18 07:50:06 Image size of job updated: 9893540
	5659  -  MemoryUsage of job (MB)
	5794692  -  ResidentSetSize of job (KB)
...
005 (855922.000.000) 08/18 07:50:06 Job terminated.
	(1) Normal termination (return value 0)
		Usr 0 00:32:50, Sys 0 00:00:31  -  Run Remote Usage
		Usr 0 00:00:00, Sys 0 00:00:00  -  Run Local Usage
		Usr 0 00:32:50, Sys 0 00:00:31  -  Total Remote Usage
		Usr 0 00:00:00, Sys 0 00:00:00  -  Total Local Usage
	2113  -  Run Bytes Sent By Job
	412  -  Run Bytes Received By Job
	2113  -  Total Bytes Sent By Job
	412  -  Total Bytes Received By Job
	Partitionable Resources :    Usage  Request Allocated 
	   Cpus                 :     0.65        1         1 
	   Disk (KB)            :   803           1 479786105 
	   Memory (MB)          :  5659        7900      8033 
...
