000 (857391.000.000) 08/18 04:58:56 Job submitted from host: <172.20.3.187:9618?addrs=172.20.3.187-9618&noUDP&sock=2043_e813_3>
...
001 (857391.000.000) 08/18 11:14:06 Job executing on host: <172.20.225.5:9618?addrs=172.20.225.5-9618&noUDP&sock=3375_8c39_3>
...
006 (857391.000.000) 08/18 11:14:15 Image size of job updated: 21128
	21  -  MemoryUsage of job (MB)
	21128  -  ResidentSetSize of job (KB)
...
006 (857391.000.000) 08/18 11:19:16 Image size of job updated: 3905240
	3814  -  MemoryUsage of job (MB)
	3905240  -  ResidentSetSize of job (KB)
...
006 (857391.000.000) 08/18 11:24:17 Image size of job updated: 5344416
	5220  -  MemoryUsage of job (MB)
	5344416  -  ResidentSetSize of job (KB)
...
006 (857391.000.000) 08/18 11:29:17 Image size of job updated: 5344548
	5220  -  MemoryUsage of job (MB)
	5344548  -  ResidentSetSize of job (KB)
...
006 (857391.000.000) 08/18 11:34:18 Image size of job updated: 5345348
	5221  -  MemoryUsage of job (MB)
	5345348  -  ResidentSetSize of job (KB)
...
006 (857391.000.000) 08/18 11:39:20 Image size of job updated: 6045872
	5904  -  MemoryUsage of job (MB)
	6045616  -  ResidentSetSize of job (KB)
...
005 (857391.000.000) 08/18 11:40:11 Job terminated.
	(1) Normal termination (return value 0)
		Usr 0 00:34:07, Sys 0 00:00:35  -  Run Remote Usage
		Usr 0 00:00:00, Sys 0 00:00:00  -  Run Local Usage
		Usr 0 00:34:07, Sys 0 00:00:35  -  Total Remote Usage
		Usr 0 00:00:00, Sys 0 00:00:00  -  Total Local Usage
	2116  -  Run Bytes Sent By Job
	415  -  Run Bytes Received By Job
	2116  -  Total Bytes Sent By Job
	415  -  Total Bytes Received By Job
	Partitionable Resources :    Usage  Request Allocated 
	   Cpus                 :     0.76        1         1 
	   Disk (KB)            :   803           1 479749220 
	   Memory (MB)          :  5904        7900      8033 
...
