000 (859674.000.000) 08/18 05:00:11 Job submitted from host: <172.20.3.187:9618?addrs=172.20.3.187-9618&noUDP&sock=2043_e813_3>
...
001 (859674.000.000) 08/18 15:43:42 Job executing on host: <172.20.225.1:9618?addrs=172.20.225.1-9618&noUDP&sock=3382_5963_3>
...
006 (859674.000.000) 08/18 15:43:52 Image size of job updated: 21116
	21  -  MemoryUsage of job (MB)
	21116  -  ResidentSetSize of job (KB)
...
006 (859674.000.000) 08/18 15:48:53 Image size of job updated: 3725412
	3639  -  MemoryUsage of job (MB)
	3725412  -  ResidentSetSize of job (KB)
...
006 (859674.000.000) 08/18 15:53:54 Image size of job updated: 4561440
	4455  -  MemoryUsage of job (MB)
	4561440  -  ResidentSetSize of job (KB)
...
006 (859674.000.000) 08/18 15:58:55 Image size of job updated: 5305332
	5181  -  MemoryUsage of job (MB)
	5305332  -  ResidentSetSize of job (KB)
...
006 (859674.000.000) 08/18 16:03:55 Image size of job updated: 5305460
	5182  -  MemoryUsage of job (MB)
	5305460  -  ResidentSetSize of job (KB)
...
006 (859674.000.000) 08/18 16:08:56 Image size of job updated: 5306152
	5182  -  MemoryUsage of job (MB)
	5306152  -  ResidentSetSize of job (KB)
...
006 (859674.000.000) 08/18 16:13:57 Image size of job updated: 6032412
	5891  -  MemoryUsage of job (MB)
	6032208  -  ResidentSetSize of job (KB)
...
005 (859674.000.000) 08/18 16:14:08 Job terminated.
	(1) Normal termination (return value 0)
		Usr 0 00:33:06, Sys 0 00:00:37  -  Run Remote Usage
		Usr 0 00:00:00, Sys 0 00:00:00  -  Run Local Usage
		Usr 0 00:33:06, Sys 0 00:00:37  -  Total Remote Usage
		Usr 0 00:00:00, Sys 0 00:00:00  -  Total Local Usage
	2106  -  Run Bytes Sent By Job
	405  -  Run Bytes Received By Job
	2106  -  Total Bytes Sent By Job
	405  -  Total Bytes Received By Job
	Partitionable Resources :    Usage  Request Allocated 
	   Cpus                 :     0.94        1         1 
	   Disk (KB)            :   803           1 479786105 
	   Memory (MB)          :  5891        7900      8033 
...
