000 (858423.000.000) 08/18 04:59:29 Job submitted from host: <172.20.3.187:9618?addrs=172.20.3.187-9618&noUDP&sock=2043_e813_3>
...
001 (858423.000.000) 08/18 13:21:11 Job executing on host: <172.20.225.6:9618?addrs=172.20.225.6-9618&noUDP&sock=3382_5963_3>
...
006 (858423.000.000) 08/18 13:21:20 Image size of job updated: 21116
	21  -  MemoryUsage of job (MB)
	21116  -  ResidentSetSize of job (KB)
...
006 (858423.000.000) 08/18 13:26:22 Image size of job updated: 4420944
	4318  -  MemoryUsage of job (MB)
	4420944  -  ResidentSetSize of job (KB)
...
006 (858423.000.000) 08/18 13:31:22 Image size of job updated: 5553848
	5424  -  MemoryUsage of job (MB)
	5553848  -  ResidentSetSize of job (KB)
...
006 (858423.000.000) 08/18 13:36:23 Image size of job updated: 5553980
	5424  -  MemoryUsage of job (MB)
	5553980  -  ResidentSetSize of job (KB)
...
006 (858423.000.000) 08/18 13:41:23 Image size of job updated: 5554124
	5424  -  MemoryUsage of job (MB)
	5554124  -  ResidentSetSize of job (KB)
...
006 (858423.000.000) 08/18 13:46:23 Image size of job updated: 5554796
	5425  -  MemoryUsage of job (MB)
	5554796  -  ResidentSetSize of job (KB)
...
006 (858423.000.000) 08/18 13:51:23 Image size of job updated: 6236740
	6091  -  MemoryUsage of job (MB)
	6236644  -  ResidentSetSize of job (KB)
...
006 (858423.000.000) 08/18 13:52:05 Image size of job updated: 8869392
	6091  -  MemoryUsage of job (MB)
	6236644  -  ResidentSetSize of job (KB)
...
005 (858423.000.000) 08/18 13:52:05 Job terminated.
	(1) Normal termination (return value 0)
		Usr 0 00:32:40, Sys 0 00:00:38  -  Run Remote Usage
		Usr 0 00:00:00, Sys 0 00:00:00  -  Run Local Usage
		Usr 0 00:32:40, Sys 0 00:00:38  -  Total Remote Usage
		Usr 0 00:00:00, Sys 0 00:00:00  -  Total Local Usage
	2110  -  Run Bytes Sent By Job
	411  -  Run Bytes Received By Job
	2110  -  Total Bytes Sent By Job
	411  -  Total Bytes Received By Job
	Partitionable Resources :    Usage  Request Allocated 
	   Cpus                 :     0.49        1         1 
	   Disk (KB)            :   803           1 479749220 
	   Memory (MB)          :  6091        7900      8033 
...
