000 (856466.000.000) 08/18 04:58:25 Job submitted from host: <172.20.3.187:9618?addrs=172.20.3.187-9618&noUDP&sock=2043_e813_3>
...
001 (856466.000.000) 08/18 08:21:10 Job executing on host: <172.20.225.6:9618?addrs=172.20.225.6-9618&noUDP&sock=3382_5963_3>
...
006 (856466.000.000) 08/18 08:21:19 Image size of job updated: 21116
	21  -  MemoryUsage of job (MB)
	21116  -  ResidentSetSize of job (KB)
...
006 (856466.000.000) 08/18 08:26:20 Image size of job updated: 3764056
	3676  -  MemoryUsage of job (MB)
	3763824  -  ResidentSetSize of job (KB)
...
006 (856466.000.000) 08/18 08:31:20 Image size of job updated: 4587640
	4480  -  MemoryUsage of job (MB)
	4587380  -  ResidentSetSize of job (KB)
...
006 (856466.000.000) 08/18 08:36:21 Image size of job updated: 5343768
	5219  -  MemoryUsage of job (MB)
	5343768  -  ResidentSetSize of job (KB)
...
006 (856466.000.000) 08/18 08:41:21 Image size of job updated: 5343804
	5219  -  MemoryUsage of job (MB)
	5343804  -  ResidentSetSize of job (KB)
...
006 (856466.000.000) 08/18 08:46:22 Image size of job updated: 5344604
	5220  -  MemoryUsage of job (MB)
	5344604  -  ResidentSetSize of job (KB)
...
006 (856466.000.000) 08/18 08:51:23 Image size of job updated: 5581776
	5434  -  MemoryUsage of job (MB)
	5563916  -  ResidentSetSize of job (KB)
...
006 (856466.000.000) 08/18 08:53:26 Image size of job updated: 5581776
	5435  -  MemoryUsage of job (MB)
	5565108  -  ResidentSetSize of job (KB)
...
005 (856466.000.000) 08/18 08:53:27 Job terminated.
	(1) Normal termination (return value 0)
		Usr 0 00:31:49, Sys 0 00:00:27  -  Run Remote Usage
		Usr 0 00:00:00, Sys 0 00:00:00  -  Run Local Usage
		Usr 0 00:31:49, Sys 0 00:00:27  -  Total Remote Usage
		Usr 0 00:00:00, Sys 0 00:00:00  -  Total Local Usage
	2107  -  Run Bytes Sent By Job
	406  -  Run Bytes Received By Job
	2107  -  Total Bytes Sent By Job
	406  -  Total Bytes Received By Job
	Partitionable Resources :    Usage  Request Allocated 
	   Cpus                 :     0.62        1         1 
	   Disk (KB)            :   803           1 479749220 
	   Memory (MB)          :  5435        7900      8033 
...
