000 (859114.000.000) 08/18 04:59:52 Job submitted from host: <172.20.3.187:9618?addrs=172.20.3.187-9618&noUDP&sock=2043_e813_3>
...
001 (859114.000.000) 08/18 14:40:14 Job executing on host: <172.20.225.8:9618?addrs=172.20.225.8-9618&noUDP&sock=3440_21e1_3>
...
006 (859114.000.000) 08/18 14:40:23 Image size of job updated: 21120
	21  -  MemoryUsage of job (MB)
	21120  -  ResidentSetSize of job (KB)
...
006 (859114.000.000) 08/18 14:45:23 Image size of job updated: 4185536
	4088  -  MemoryUsage of job (MB)
	4185536  -  ResidentSetSize of job (KB)
...
006 (859114.000.000) 08/18 14:50:24 Image size of job updated: 5318496
	5194  -  MemoryUsage of job (MB)
	5318496  -  ResidentSetSize of job (KB)
...
006 (859114.000.000) 08/18 14:55:25 Image size of job updated: 5318632
	5194  -  MemoryUsage of job (MB)
	5318632  -  ResidentSetSize of job (KB)
...
006 (859114.000.000) 08/18 15:00:25 Image size of job updated: 5318780
	5195  -  MemoryUsage of job (MB)
	5318780  -  ResidentSetSize of job (KB)
...
006 (859114.000.000) 08/18 15:05:26 Image size of job updated: 5319464
	5195  -  MemoryUsage of job (MB)
	5319464  -  ResidentSetSize of job (KB)
...
006 (859114.000.000) 08/18 15:10:27 Image size of job updated: 6344540
	6196  -  MemoryUsage of job (MB)
	6344464  -  ResidentSetSize of job (KB)
...
006 (859114.000.000) 08/18 15:12:04 Image size of job updated: 8512164
	6196  -  MemoryUsage of job (MB)
	6344468  -  ResidentSetSize of job (KB)
...
005 (859114.000.000) 08/18 15:12:04 Job terminated.
	(1) Normal termination (return value 0)
		Usr 0 00:32:14, Sys 0 00:00:36  -  Run Remote Usage
		Usr 0 00:00:00, Sys 0 00:00:00  -  Run Local Usage
		Usr 0 00:32:14, Sys 0 00:00:36  -  Total Remote Usage
		Usr 0 00:00:00, Sys 0 00:00:00  -  Total Local Usage
	2096  -  Run Bytes Sent By Job
	399  -  Run Bytes Received By Job
	2096  -  Total Bytes Sent By Job
	399  -  Total Bytes Received By Job
	Partitionable Resources :    Usage  Request Allocated 
	   Cpus                 :     0.80        1         1 
	   Disk (KB)            :   803           1 479737977 
	   Memory (MB)          :  6196        7900      8033 
...
