000 (856924.000.000) 08/18 04:58:40 Job submitted from host: <172.20.3.187:9618?addrs=172.20.3.187-9618&noUDP&sock=2043_e813_3>
...
001 (856924.000.000) 08/18 09:18:30 Job executing on host: <172.20.225.2:9618?addrs=172.20.225.2-9618&noUDP&sock=3424_285d_3>
...
006 (856924.000.000) 08/18 09:18:38 Image size of job updated: 21120
	21  -  MemoryUsage of job (MB)
	21120  -  ResidentSetSize of job (KB)
...
006 (856924.000.000) 08/18 09:23:38 Image size of job updated: 3788744
	3700  -  MemoryUsage of job (MB)
	3788744  -  ResidentSetSize of job (KB)
...
006 (856924.000.000) 08/18 09:28:39 Image size of job updated: 5096676
	4978  -  MemoryUsage of job (MB)
	5096644  -  ResidentSetSize of job (KB)
...
006 (856924.000.000) 08/18 09:33:40 Image size of job updated: 5228032
	5106  -  MemoryUsage of job (MB)
	5228032  -  ResidentSetSize of job (KB)
...
006 (856924.000.000) 08/18 09:38:40 Image size of job updated: 5228180
	5106  -  MemoryUsage of job (MB)
	5228180  -  ResidentSetSize of job (KB)
...
006 (856924.000.000) 08/18 09:43:40 Image size of job updated: 5228852
	5107  -  MemoryUsage of job (MB)
	5228852  -  ResidentSetSize of job (KB)
...
006 (856924.000.000) 08/18 09:48:41 Image size of job updated: 5857584
	5721  -  MemoryUsage of job (MB)
	5857584  -  ResidentSetSize of job (KB)
...
006 (856924.000.000) 08/18 09:49:39 Image size of job updated: 5857584
	5721  -  MemoryUsage of job (MB)
	5857588  -  ResidentSetSize of job (KB)
...
005 (856924.000.000) 08/18 09:49:39 Job terminated.
	(1) Normal termination (return value 0)
		Usr 0 00:31:33, Sys 0 00:00:33  -  Run Remote Usage
		Usr 0 00:00:00, Sys 0 00:00:00  -  Run Local Usage
		Usr 0 00:31:33, Sys 0 00:00:33  -  Total Remote Usage
		Usr 0 00:00:00, Sys 0 00:00:00  -  Total Local Usage
	2106  -  Run Bytes Sent By Job
	408  -  Run Bytes Received By Job
	2106  -  Total Bytes Sent By Job
	408  -  Total Bytes Received By Job
	Partitionable Resources :    Usage  Request Allocated 
	   Cpus                 :     0.60        1         1 
	   Disk (KB)            :   803           1 479786084 
	   Memory (MB)          :  5721        7900      8033 
...
