000 (854597.000.000) 08/18 04:57:21 Job submitted from host: <172.20.3.187:9618?addrs=172.20.3.187-9618&noUDP&sock=2043_e813_3>
...
001 (854597.000.000) 08/18 04:57:52 Job executing on host: <172.20.225.8:9618?addrs=172.20.225.8-9618&noUDP&sock=3440_21e1_3>
...
006 (854597.000.000) 08/18 04:58:01 Image size of job updated: 21128
	21  -  MemoryUsage of job (MB)
	21128  -  ResidentSetSize of job (KB)
...
006 (854597.000.000) 08/18 05:03:02 Image size of job updated: 3809680
	3719  -  MemoryUsage of job (MB)
	3807448  -  ResidentSetSize of job (KB)
...
006 (854597.000.000) 08/18 05:08:02 Image size of job updated: 4645700
	4535  -  MemoryUsage of job (MB)
	4643468  -  ResidentSetSize of job (KB)
...
006 (854597.000.000) 08/18 05:13:03 Image size of job updated: 5389588
	5262  -  MemoryUsage of job (MB)
	5387356  -  ResidentSetSize of job (KB)
...
006 (854597.000.000) 08/18 05:18:04 Image size of job updated: 5389620
	5262  -  MemoryUsage of job (MB)
	5387388  -  ResidentSetSize of job (KB)
...
006 (854597.000.000) 08/18 05:23:04 Image size of job updated: 5389620
	5262  -  MemoryUsage of job (MB)
	5387860  -  ResidentSetSize of job (KB)
...
006 (854597.000.000) 08/18 05:28:04 Image size of job updated: 5389620
	5262  -  MemoryUsage of job (MB)
	5388184  -  ResidentSetSize of job (KB)
...
006 (854597.000.000) 08/18 05:31:32 Image size of job updated: 5845248
	5262  -  MemoryUsage of job (MB)
	5388184  -  ResidentSetSize of job (KB)
...
005 (854597.000.000) 08/18 05:31:32 Job terminated.
	(1) Normal termination (return value 0)
		Usr 0 00:32:26, Sys 0 00:00:35  -  Run Remote Usage
		Usr 0 00:00:00, Sys 0 00:00:00  -  Run Local Usage
		Usr 0 00:32:26, Sys 0 00:00:35  -  Total Remote Usage
		Usr 0 00:00:00, Sys 0 00:00:00  -  Total Local Usage
	2101  -  Run Bytes Sent By Job
	402  -  Run Bytes Received By Job
	2101  -  Total Bytes Sent By Job
	402  -  Total Bytes Received By Job
	Partitionable Resources :    Usage  Request Allocated 
	   Cpus                 :     0.98        1         1 
	   Disk (KB)            :   803           1 479737977 
	   Memory (MB)          :  5262        7900      8033 
...
