000 (860385.000.000) 08/18 05:00:35 Job submitted from host: <172.20.3.187:9618?addrs=172.20.3.187-9618&noUDP&sock=2043_e813_3>
...
001 (860385.000.000) 08/18 17:25:29 Job executing on host: <172.20.225.4:9618?addrs=172.20.225.4-9618&noUDP&sock=3366_5fdf_3>
...
006 (860385.000.000) 08/18 17:25:38 Image size of job updated: 21128
	21  -  MemoryUsage of job (MB)
	21128  -  ResidentSetSize of job (KB)
...
006 (860385.000.000) 08/18 17:30:39 Image size of job updated: 4187168
	4075  -  MemoryUsage of job (MB)
	4171780  -  ResidentSetSize of job (KB)
...
006 (860385.000.000) 08/18 17:35:40 Image size of job updated: 5626332
	5480  -  MemoryUsage of job (MB)
	5610944  -  ResidentSetSize of job (KB)
...
006 (860385.000.000) 08/18 17:40:40 Image size of job updated: 5626460
	5480  -  MemoryUsage of job (MB)
	5611072  -  ResidentSetSize of job (KB)
...
006 (860385.000.000) 08/18 17:45:40 Image size of job updated: 5626460
	5481  -  MemoryUsage of job (MB)
	5611544  -  ResidentSetSize of job (KB)
...
006 (860385.000.000) 08/18 17:50:41 Image size of job updated: 5626460
	5481  -  MemoryUsage of job (MB)
	5611888  -  ResidentSetSize of job (KB)
...
006 (860385.000.000) 08/18 17:53:44 Image size of job updated: 10278112
	5481  -  MemoryUsage of job (MB)
	5611888  -  ResidentSetSize of job (KB)
...
005 (860385.000.000) 08/18 17:53:44 Job terminated.
	(1) Normal termination (return value 0)
		Usr 0 00:35:28, Sys 0 00:00:35  -  Run Remote Usage
		Usr 0 00:00:00, Sys 0 00:00:00  -  Run Local Usage
		Usr 0 00:35:28, Sys 0 00:00:35  -  Total Remote Usage
		Usr 0 00:00:00, Sys 0 00:00:00  -  Total Local Usage
	2113  -  Run Bytes Sent By Job
	412  -  Run Bytes Received By Job
	2113  -  Total Bytes Sent By Job
	412  -  Total Bytes Received By Job
	Partitionable Resources :    Usage  Request Allocated 
	   Cpus                 :     1.01        1         1 
	   Disk (KB)            :   803           1 479779449 
	   Memory (MB)          :  5481        7900      8033 
...
