000 (855350.000.000) 08/18 04:57:49 Job submitted from host: <172.20.3.187:9618?addrs=172.20.3.187-9618&noUDP&sock=2043_e813_3>
...
001 (855350.000.000) 08/18 06:08:05 Job executing on host: <172.20.225.1:9618?addrs=172.20.225.1-9618&noUDP&sock=3382_5963_3>
...
006 (855350.000.000) 08/18 06:08:14 Image size of job updated: 21120
	21  -  MemoryUsage of job (MB)
	21120  -  ResidentSetSize of job (KB)
...
006 (855350.000.000) 08/18 06:13:15 Image size of job updated: 3672756
	3586  -  MemoryUsage of job (MB)
	3671948  -  ResidentSetSize of job (KB)
...
006 (855350.000.000) 08/18 06:18:16 Image size of job updated: 4496276
	4391  -  MemoryUsage of job (MB)
	4495468  -  ResidentSetSize of job (KB)
...
006 (855350.000.000) 08/18 06:23:16 Image size of job updated: 5252716
	5129  -  MemoryUsage of job (MB)
	5251856  -  ResidentSetSize of job (KB)
...
006 (855350.000.000) 08/18 06:28:17 Image size of job updated: 5252716
	5129  -  MemoryUsage of job (MB)
	5251996  -  ResidentSetSize of job (KB)
...
006 (855350.000.000) 08/18 06:33:18 Image size of job updated: 5252716
	5130  -  MemoryUsage of job (MB)
	5252688  -  ResidentSetSize of job (KB)
...
006 (855350.000.000) 08/18 06:38:19 Image size of job updated: 5455072
	5328  -  MemoryUsage of job (MB)
	5454960  -  ResidentSetSize of job (KB)
...
006 (855350.000.000) 08/18 06:41:34 Image size of job updated: 5455072
	5328  -  MemoryUsage of job (MB)
	5454980  -  ResidentSetSize of job (KB)
...
005 (855350.000.000) 08/18 06:41:39 Job terminated.
	(1) Normal termination (return value 0)
		Usr 0 00:32:23, Sys 0 00:00:34  -  Run Remote Usage
		Usr 0 00:00:00, Sys 0 00:00:00  -  Run Local Usage
		Usr 0 00:32:23, Sys 0 00:00:34  -  Total Remote Usage
		Usr 0 00:00:00, Sys 0 00:00:00  -  Total Local Usage
	2096  -  Run Bytes Sent By Job
	398  -  Run Bytes Received By Job
	2096  -  Total Bytes Sent By Job
	398  -  Total Bytes Received By Job
	Partitionable Resources :    Usage  Request Allocated 
	   Cpus                 :     0.62        1         1 
	   Disk (KB)            :   803           1 479786105 
	   Memory (MB)          :  5328        7900      8033 
...
