000 (856635.000.000) 08/18 04:58:31 Job submitted from host: <172.20.3.187:9618?addrs=172.20.3.187-9618&noUDP&sock=2043_e813_3>
...
001 (856635.000.000) 08/18 08:45:35 Job executing on host: <172.20.225.5:9618?addrs=172.20.225.5-9618&noUDP&sock=3375_8c39_3>
...
006 (856635.000.000) 08/18 08:45:43 Image size of job updated: 21112
	21  -  MemoryUsage of job (MB)
	21112  -  ResidentSetSize of job (KB)
...
006 (856635.000.000) 08/18 08:50:43 Image size of job updated: 1907056
	1863  -  MemoryUsage of job (MB)
	1907056  -  ResidentSetSize of job (KB)
...
006 (856635.000.000) 08/18 08:55:44 Image size of job updated: 2273756
	2221  -  MemoryUsage of job (MB)
	2273756  -  ResidentSetSize of job (KB)
...
006 (856635.000.000) 08/18 09:00:44 Image size of job updated: 2277040
	2224  -  MemoryUsage of job (MB)
	2277040  -  ResidentSetSize of job (KB)
...
006 (856635.000.000) 08/18 09:05:44 Image size of job updated: 2389128
	2331  -  MemoryUsage of job (MB)
	2386480  -  ResidentSetSize of job (KB)
...
006 (856635.000.000) 08/18 09:07:04 Image size of job updated: 2389128
	2331  -  MemoryUsage of job (MB)
	2386512  -  ResidentSetSize of job (KB)
...
005 (856635.000.000) 08/18 09:07:04 Job terminated.
	(1) Normal termination (return value 0)
		Usr 0 00:22:36, Sys 0 00:00:15  -  Run Remote Usage
		Usr 0 00:00:00, Sys 0 00:00:00  -  Run Local Usage
		Usr 0 00:22:36, Sys 0 00:00:15  -  Total Remote Usage
		Usr 0 00:00:00, Sys 0 00:00:00  -  Total Local Usage
	2118  -  Run Bytes Sent By Job
	420  -  Run Bytes Received By Job
	2118  -  Total Bytes Sent By Job
	420  -  Total Bytes Received By Job
	Partitionable Resources :    Usage  Request Allocated 
	   Cpus                 :     0.51        1         1 
	   Disk (KB)            :   803           1 479749220 
	   Memory (MB)          :  2331        7900      8033 
...
