000 (857510.000.000) 08/18 04:59:00 Job submitted from host: <172.20.3.187:9618?addrs=172.20.3.187-9618&noUDP&sock=2043_e813_3>
...
001 (857510.000.000) 08/18 11:40:02 Job executing on host: <172.20.225.5:9618?addrs=172.20.225.5-9618&noUDP&sock=3375_8c39_3>
...
006 (857510.000.000) 08/18 11:40:11 Image size of job updated: 21116
	21  -  MemoryUsage of job (MB)
	21116  -  ResidentSetSize of job (KB)
...
006 (857510.000.000) 08/18 11:45:12 Image size of job updated: 3779924
	3692  -  MemoryUsage of job (MB)
	3779924  -  ResidentSetSize of job (KB)
...
006 (857510.000.000) 08/18 11:50:13 Image size of job updated: 4781580
	4670  -  MemoryUsage of job (MB)
	4781580  -  ResidentSetSize of job (KB)
...
006 (857510.000.000) 08/18 11:55:13 Image size of job updated: 5219216
	5097  -  MemoryUsage of job (MB)
	5219216  -  ResidentSetSize of job (KB)
...
006 (857510.000.000) 08/18 12:00:13 Image size of job updated: 5219368
	5098  -  MemoryUsage of job (MB)
	5219368  -  ResidentSetSize of job (KB)
...
006 (857510.000.000) 08/18 12:05:13 Image size of job updated: 5220040
	5098  -  MemoryUsage of job (MB)
	5220040  -  ResidentSetSize of job (KB)
...
006 (857510.000.000) 08/18 12:10:14 Image size of job updated: 5815268
	5679  -  MemoryUsage of job (MB)
	5814432  -  ResidentSetSize of job (KB)
...
006 (857510.000.000) 08/18 12:11:48 Image size of job updated: 5829620
	5679  -  MemoryUsage of job (MB)
	5814432  -  ResidentSetSize of job (KB)
...
005 (857510.000.000) 08/18 12:11:48 Job terminated.
	(1) Normal termination (return value 0)
		Usr 0 00:31:16, Sys 0 00:00:33  -  Run Remote Usage
		Usr 0 00:00:00, Sys 0 00:00:00  -  Run Local Usage
		Usr 0 00:31:16, Sys 0 00:00:33  -  Total Remote Usage
		Usr 0 00:00:00, Sys 0 00:00:00  -  Total Local Usage
	2102  -  Run Bytes Sent By Job
	406  -  Run Bytes Received By Job
	2102  -  Total Bytes Sent By Job
	406  -  Total Bytes Received By Job
	Partitionable Resources :    Usage  Request Allocated 
	   Cpus                 :     0.74        1         1 
	   Disk (KB)            :   803           1 479749220 
	   Memory (MB)          :  5679        7900      8033 
...
