000 (858896.000.000) 08/18 04:59:45 Job submitted from host: <172.20.3.187:9618?addrs=172.20.3.187-9618&noUDP&sock=2043_e813_3>
...
001 (858896.000.000) 08/18 14:19:39 Job executing on host: <172.20.225.5:9618?addrs=172.20.225.5-9618&noUDP&sock=3375_8c39_3>
...
006 (858896.000.000) 08/18 14:19:48 Image size of job updated: 21108
	21  -  MemoryUsage of job (MB)
	21108  -  ResidentSetSize of job (KB)
...
006 (858896.000.000) 08/18 14:24:50 Image size of job updated: 3974180
	3882  -  MemoryUsage of job (MB)
	3974180  -  ResidentSetSize of job (KB)
...
006 (858896.000.000) 08/18 14:29:51 Image size of job updated: 4797732
	4686  -  MemoryUsage of job (MB)
	4797732  -  ResidentSetSize of job (KB)
...
006 (858896.000.000) 08/18 14:34:51 Image size of job updated: 5554116
	5424  -  MemoryUsage of job (MB)
	5554116  -  ResidentSetSize of job (KB)
...
006 (858896.000.000) 08/18 14:39:52 Image size of job updated: 5554320
	5425  -  MemoryUsage of job (MB)
	5554252  -  ResidentSetSize of job (KB)
...
006 (858896.000.000) 08/18 14:44:52 Image size of job updated: 5554944
	5425  -  MemoryUsage of job (MB)
	5554944  -  ResidentSetSize of job (KB)
...
006 (858896.000.000) 08/18 14:49:53 Image size of job updated: 6057120
	5916  -  MemoryUsage of job (MB)
	6057120  -  ResidentSetSize of job (KB)
...
005 (858896.000.000) 08/18 14:52:03 Job terminated.
	(1) Normal termination (return value 0)
		Usr 0 00:32:40, Sys 0 00:00:33  -  Run Remote Usage
		Usr 0 00:00:00, Sys 0 00:00:00  -  Run Local Usage
		Usr 0 00:32:40, Sys 0 00:00:33  -  Total Remote Usage
		Usr 0 00:00:00, Sys 0 00:00:00  -  Total Local Usage
	2113  -  Run Bytes Sent By Job
	412  -  Run Bytes Received By Job
	2113  -  Total Bytes Sent By Job
	412  -  Total Bytes Received By Job
	Partitionable Resources :    Usage  Request Allocated 
	   Cpus                 :     0.87        1         1 
	   Disk (KB)            :   803           1 479749220 
	   Memory (MB)          :  5916        7900      8033 
...
