000 (860578.000.000) 08/18 05:00:41 Job submitted from host: <172.20.3.187:9618?addrs=172.20.3.187-9618&noUDP&sock=2043_e813_3>
...
001 (860578.000.000) 08/18 17:55:41 Job executing on host: <172.20.225.8:9618?addrs=172.20.225.8-9618&noUDP&sock=3440_21e1_3>
...
006 (860578.000.000) 08/18 17:55:49 Image size of job updated: 21124
	21  -  MemoryUsage of job (MB)
	21124  -  ResidentSetSize of job (KB)
...
006 (860578.000.000) 08/18 18:00:49 Image size of job updated: 4034128
	3937  -  MemoryUsage of job (MB)
	4031372  -  ResidentSetSize of job (KB)
...
006 (860578.000.000) 08/18 18:05:50 Image size of job updated: 4857672
	4742  -  MemoryUsage of job (MB)
	4854916  -  ResidentSetSize of job (KB)
...
006 (860578.000.000) 08/18 18:10:51 Image size of job updated: 5614052
	5480  -  MemoryUsage of job (MB)
	5611296  -  ResidentSetSize of job (KB)
...
006 (860578.000.000) 08/18 18:15:51 Image size of job updated: 5614088
	5480  -  MemoryUsage of job (MB)
	5611332  -  ResidentSetSize of job (KB)
...
006 (860578.000.000) 08/18 18:20:51 Image size of job updated: 5614548
	5481  -  MemoryUsage of job (MB)
	5611792  -  ResidentSetSize of job (KB)
...
006 (860578.000.000) 08/18 18:25:51 Image size of job updated: 5614548
	5481  -  MemoryUsage of job (MB)
	5612140  -  ResidentSetSize of job (KB)
...
006 (860578.000.000) 08/18 18:30:53 Image size of job updated: 6324768
	6177  -  MemoryUsage of job (MB)
	6324768  -  ResidentSetSize of job (KB)
...
006 (860578.000.000) 08/18 18:31:21 Image size of job updated: 9660244
	6177  -  MemoryUsage of job (MB)
	6324768  -  ResidentSetSize of job (KB)
...
005 (860578.000.000) 08/18 18:31:21 Job terminated.
	(1) Normal termination (return value 0)
		Usr 0 00:34:28, Sys 0 00:00:35  -  Run Remote Usage
		Usr 0 00:00:00, Sys 0 00:00:00  -  Run Local Usage
		Usr 0 00:34:28, Sys 0 00:00:35  -  Total Remote Usage
		Usr 0 00:00:00, Sys 0 00:00:00  -  Total Local Usage
	2113  -  Run Bytes Sent By Job
	412  -  Run Bytes Received By Job
	2113  -  Total Bytes Sent By Job
	412  -  Total Bytes Received By Job
	Partitionable Resources :    Usage  Request Allocated 
	   Cpus                 :     0.98        1         1 
	   Disk (KB)            :   803           1 479737977 
	   Memory (MB)          :  6177        7900      8033 
...
