000 (858365.000.000) 08/18 04:59:27 Job submitted from host: <172.20.3.187:9618?addrs=172.20.3.187-9618&noUDP&sock=2043_e813_3>
...
001 (858365.000.000) 08/18 13:17:10 Job executing on host: <172.20.225.5:9618?addrs=172.20.225.5-9618&noUDP&sock=3375_8c39_3>
...
006 (858365.000.000) 08/18 13:17:19 Image size of job updated: 21120
	21  -  MemoryUsage of job (MB)
	21120  -  ResidentSetSize of job (KB)
...
006 (858365.000.000) 08/18 13:22:21 Image size of job updated: 4114804
	4019  -  MemoryUsage of job (MB)
	4114804  -  ResidentSetSize of job (KB)
...
006 (858365.000.000) 08/18 13:27:21 Image size of job updated: 5116440
	4997  -  MemoryUsage of job (MB)
	5116440  -  ResidentSetSize of job (KB)
...
006 (858365.000.000) 08/18 13:32:21 Image size of job updated: 5554076
	5424  -  MemoryUsage of job (MB)
	5554076  -  ResidentSetSize of job (KB)
...
006 (858365.000.000) 08/18 13:37:22 Image size of job updated: 5554216
	5425  -  MemoryUsage of job (MB)
	5554216  -  ResidentSetSize of job (KB)
...
006 (858365.000.000) 08/18 13:42:22 Image size of job updated: 5554900
	5425  -  MemoryUsage of job (MB)
	5554900  -  ResidentSetSize of job (KB)
...
006 (858365.000.000) 08/18 13:47:24 Image size of job updated: 6082948
	5941  -  MemoryUsage of job (MB)
	6082904  -  ResidentSetSize of job (KB)
...
006 (858365.000.000) 08/18 13:50:10 Image size of job updated: 6082948
	5941  -  MemoryUsage of job (MB)
	6082908  -  ResidentSetSize of job (KB)
...
005 (858365.000.000) 08/18 13:50:10 Job terminated.
	(1) Normal termination (return value 0)
		Usr 0 00:32:43, Sys 0 00:00:34  -  Run Remote Usage
		Usr 0 00:00:00, Sys 0 00:00:00  -  Run Local Usage
		Usr 0 00:32:43, Sys 0 00:00:34  -  Total Remote Usage
		Usr 0 00:00:00, Sys 0 00:00:00  -  Total Local Usage
	2110  -  Run Bytes Sent By Job
	411  -  Run Bytes Received By Job
	2110  -  Total Bytes Sent By Job
	411  -  Total Bytes Received By Job
	Partitionable Resources :    Usage  Request Allocated 
	   Cpus                 :     0.70        1         1 
	   Disk (KB)            :   803           1 479749220 
	   Memory (MB)          :  5941        7900      8033 
...
