000 (855838.000.000) 08/18 04:58:05 Job submitted from host: <172.20.3.187:9618?addrs=172.20.3.187-9618&noUDP&sock=2043_e813_3>
...
001 (855838.000.000) 08/18 07:14:17 Job executing on host: <172.20.225.8:9618?addrs=172.20.225.8-9618&noUDP&sock=3440_21e1_3>
...
006 (855838.000.000) 08/18 07:14:27 Image size of job updated: 21120
	21  -  MemoryUsage of job (MB)
	21120  -  ResidentSetSize of job (KB)
...
006 (855838.000.000) 08/18 07:19:27 Image size of job updated: 3784220
	3696  -  MemoryUsage of job (MB)
	3784220  -  ResidentSetSize of job (KB)
...
006 (855838.000.000) 08/18 07:24:28 Image size of job updated: 4620244
	4512  -  MemoryUsage of job (MB)
	4620244  -  ResidentSetSize of job (KB)
...
006 (855838.000.000) 08/18 07:29:28 Image size of job updated: 5364128
	5239  -  MemoryUsage of job (MB)
	5364128  -  ResidentSetSize of job (KB)
...
006 (855838.000.000) 08/18 07:34:29 Image size of job updated: 5364276
	5239  -  MemoryUsage of job (MB)
	5364276  -  ResidentSetSize of job (KB)
...
006 (855838.000.000) 08/18 07:39:30 Image size of job updated: 5364960
	5240  -  MemoryUsage of job (MB)
	5364960  -  ResidentSetSize of job (KB)
...
006 (855838.000.000) 08/18 07:44:30 Image size of job updated: 5988692
	5846  -  MemoryUsage of job (MB)
	5985516  -  ResidentSetSize of job (KB)
...
005 (855838.000.000) 08/18 07:46:03 Job terminated.
	(1) Normal termination (return value 0)
		Usr 0 00:31:59, Sys 0 00:00:32  -  Run Remote Usage
		Usr 0 00:00:00, Sys 0 00:00:00  -  Run Local Usage
		Usr 0 00:31:59, Sys 0 00:00:32  -  Total Remote Usage
		Usr 0 00:00:00, Sys 0 00:00:00  -  Total Local Usage
	2110  -  Run Bytes Sent By Job
	411  -  Run Bytes Received By Job
	2110  -  Total Bytes Sent By Job
	411  -  Total Bytes Received By Job
	Partitionable Resources :    Usage  Request Allocated 
	   Cpus                 :     0.62        1         1 
	   Disk (KB)            :   803           1 479737977 
	   Memory (MB)          :  5846        7900      8033 
...
