000 (858797.000.000) 08/18 04:59:41 Job submitted from host: <172.20.3.187:9618?addrs=172.20.3.187-9618&noUDP&sock=2043_e813_3>
...
001 (858797.000.000) 08/18 14:01:41 Job executing on host: <172.20.225.1:9618?addrs=172.20.225.1-9618&noUDP&sock=3382_5963_3>
...
006 (858797.000.000) 08/18 14:01:49 Image size of job updated: 21120
	21  -  MemoryUsage of job (MB)
	21120  -  ResidentSetSize of job (KB)
...
006 (858797.000.000) 08/18 14:06:50 Image size of job updated: 3974148
	3882  -  MemoryUsage of job (MB)
	3974148  -  ResidentSetSize of job (KB)
...
006 (858797.000.000) 08/18 14:11:50 Image size of job updated: 4797696
	4686  -  MemoryUsage of job (MB)
	4797696  -  ResidentSetSize of job (KB)
...
006 (858797.000.000) 08/18 14:16:50 Image size of job updated: 5554084
	5424  -  MemoryUsage of job (MB)
	5554084  -  ResidentSetSize of job (KB)
...
006 (858797.000.000) 08/18 14:21:51 Image size of job updated: 5554116
	5424  -  MemoryUsage of job (MB)
	5554116  -  ResidentSetSize of job (KB)
...
006 (858797.000.000) 08/18 14:26:52 Image size of job updated: 5554596
	5425  -  MemoryUsage of job (MB)
	5554596  -  ResidentSetSize of job (KB)
...
006 (858797.000.000) 08/18 14:31:52 Image size of job updated: 5554920
	5425  -  MemoryUsage of job (MB)
	5554920  -  ResidentSetSize of job (KB)
...
005 (858797.000.000) 08/18 14:35:16 Job terminated.
	(1) Normal termination (return value 0)
		Usr 0 00:32:59, Sys 0 00:00:34  -  Run Remote Usage
		Usr 0 00:00:00, Sys 0 00:00:00  -  Run Local Usage
		Usr 0 00:32:59, Sys 0 00:00:34  -  Total Remote Usage
		Usr 0 00:00:00, Sys 0 00:00:00  -  Total Local Usage
	2113  -  Run Bytes Sent By Job
	412  -  Run Bytes Received By Job
	2113  -  Total Bytes Sent By Job
	412  -  Total Bytes Received By Job
	Partitionable Resources :    Usage  Request Allocated 
	   Cpus                 :     0.69        1         1 
	   Disk (KB)            :   803           1 479786105 
	   Memory (MB)          :  5425        7900      8033 
...
