000 (855599.000.000) 08/18 04:57:57 Job submitted from host: <172.20.3.187:9618?addrs=172.20.3.187-9618&noUDP&sock=2043_e813_3>
...
001 (855599.000.000) 08/18 06:41:39 Job executing on host: <172.20.225.2:9618?addrs=172.20.225.2-9618&noUDP&sock=3424_285d_3>
...
006 (855599.000.000) 08/18 06:41:47 Image size of job updated: 21132
	21  -  MemoryUsage of job (MB)
	21132  -  ResidentSetSize of job (KB)
...
006 (855599.000.000) 08/18 06:46:48 Image size of job updated: 3738360
	3645  -  MemoryUsage of job (MB)
	3732208  -  ResidentSetSize of job (KB)
...
006 (855599.000.000) 08/18 06:51:48 Image size of job updated: 4568228
	4462  -  MemoryUsage of job (MB)
	4568228  -  ResidentSetSize of job (KB)
...
006 (855599.000.000) 08/18 06:56:49 Image size of job updated: 5312108
	5188  -  MemoryUsage of job (MB)
	5312108  -  ResidentSetSize of job (KB)
...
006 (855599.000.000) 08/18 07:01:49 Image size of job updated: 5312140
	5188  -  MemoryUsage of job (MB)
	5312140  -  ResidentSetSize of job (KB)
...
006 (855599.000.000) 08/18 07:06:50 Image size of job updated: 5312940
	5189  -  MemoryUsage of job (MB)
	5312940  -  ResidentSetSize of job (KB)
...
006 (855599.000.000) 08/18 07:11:51 Image size of job updated: 5721532
	5588  -  MemoryUsage of job (MB)
	5721532  -  ResidentSetSize of job (KB)
...
005 (855599.000.000) 08/18 07:14:37 Job terminated.
	(1) Normal termination (return value 0)
		Usr 0 00:32:30, Sys 0 00:00:31  -  Run Remote Usage
		Usr 0 00:00:00, Sys 0 00:00:00  -  Run Local Usage
		Usr 0 00:32:30, Sys 0 00:00:31  -  Total Remote Usage
		Usr 0 00:00:00, Sys 0 00:00:00  -  Total Local Usage
	2106  -  Run Bytes Sent By Job
	407  -  Run Bytes Received By Job
	2106  -  Total Bytes Sent By Job
	407  -  Total Bytes Received By Job
	Partitionable Resources :    Usage  Request Allocated 
	   Cpus                 :        0        1         1 
	   Disk (KB)            :      803        1 479786084 
	   Memory (MB)          :     5588     7900      8033 
...
