000 (856192.000.000) 08/18 04:58:16 Job submitted from host: <172.20.3.187:9618?addrs=172.20.3.187-9618&noUDP&sock=2043_e813_3>
...
001 (856192.000.000) 08/18 07:48:57 Job executing on host: <172.20.225.2:9618?addrs=172.20.225.2-9618&noUDP&sock=3424_285d_3>
...
006 (856192.000.000) 08/18 07:49:06 Image size of job updated: 21112
	21  -  MemoryUsage of job (MB)
	21112  -  ResidentSetSize of job (KB)
...
006 (856192.000.000) 08/18 07:54:07 Image size of job updated: 3780916
	3676  -  MemoryUsage of job (MB)
	3763952  -  ResidentSetSize of job (KB)
...
006 (856192.000.000) 08/18 07:59:07 Image size of job updated: 4587472
	4480  -  MemoryUsage of job (MB)
	4587472  -  ResidentSetSize of job (KB)
...
006 (856192.000.000) 08/18 08:04:08 Image size of job updated: 5343860
	5219  -  MemoryUsage of job (MB)
	5343860  -  ResidentSetSize of job (KB)
...
006 (856192.000.000) 08/18 08:09:09 Image size of job updated: 5344000
	5219  -  MemoryUsage of job (MB)
	5344000  -  ResidentSetSize of job (KB)
...
006 (856192.000.000) 08/18 08:14:09 Image size of job updated: 5344692
	5220  -  MemoryUsage of job (MB)
	5344692  -  ResidentSetSize of job (KB)
...
006 (856192.000.000) 08/18 08:19:10 Image size of job updated: 6661896
	6506  -  MemoryUsage of job (MB)
	6661740  -  ResidentSetSize of job (KB)
...
006 (856192.000.000) 08/18 08:20:36 Image size of job updated: 13160120
	6506  -  MemoryUsage of job (MB)
	6661740  -  ResidentSetSize of job (KB)
...
005 (856192.000.000) 08/18 08:20:37 Job terminated.
	(1) Normal termination (return value 0)
		Usr 0 00:31:52, Sys 0 00:00:29  -  Run Remote Usage
		Usr 0 00:00:00, Sys 0 00:00:00  -  Run Local Usage
		Usr 0 00:31:52, Sys 0 00:00:29  -  Total Remote Usage
		Usr 0 00:00:00, Sys 0 00:00:00  -  Total Local Usage
	2104  -  Run Bytes Sent By Job
	405  -  Run Bytes Received By Job
	2104  -  Total Bytes Sent By Job
	405  -  Total Bytes Received By Job
	Partitionable Resources :    Usage  Request Allocated 
	   Cpus                 :     0.64        1         1 
	   Disk (KB)            :   803           1 479786084 
	   Memory (MB)          :  6506        7900      8033 
...
