000 (860424.000.000) 08/18 05:00:36 Job submitted from host: <172.20.3.187:9618?addrs=172.20.3.187-9618&noUDP&sock=2043_e813_3>
...
001 (860424.000.000) 08/18 17:25:21 Job executing on host: <172.20.225.6:9618?addrs=172.20.225.6-9618&noUDP&sock=3382_5963_3>
...
006 (860424.000.000) 08/18 17:25:30 Image size of job updated: 21120
	21  -  MemoryUsage of job (MB)
	21120  -  ResidentSetSize of job (KB)
...
006 (860424.000.000) 08/18 17:30:31 Image size of job updated: 4034880
	3937  -  MemoryUsage of job (MB)
	4031340  -  ResidentSetSize of job (KB)
...
006 (860424.000.000) 08/18 17:35:31 Image size of job updated: 4858252
	4742  -  MemoryUsage of job (MB)
	4854884  -  ResidentSetSize of job (KB)
...
006 (860424.000.000) 08/18 17:40:32 Image size of job updated: 5614640
	5480  -  MemoryUsage of job (MB)
	5611272  -  ResidentSetSize of job (KB)
...
006 (860424.000.000) 08/18 17:45:33 Image size of job updated: 5614848
	5480  -  MemoryUsage of job (MB)
	5611308  -  ResidentSetSize of job (KB)
...
006 (860424.000.000) 08/18 17:50:33 Image size of job updated: 5614848
	5481  -  MemoryUsage of job (MB)
	5612104  -  ResidentSetSize of job (KB)
...
006 (860424.000.000) 08/18 17:55:34 Image size of job updated: 6132576
	5989  -  MemoryUsage of job (MB)
	6132576  -  ResidentSetSize of job (KB)
...
006 (860424.000.000) 08/18 17:57:34 Image size of job updated: 9951068
	5989  -  MemoryUsage of job (MB)
	6132576  -  ResidentSetSize of job (KB)
...
005 (860424.000.000) 08/18 17:57:34 Job terminated.
	(1) Normal termination (return value 0)
		Usr 0 00:34:51, Sys 0 00:00:32  -  Run Remote Usage
		Usr 0 00:00:00, Sys 0 00:00:00  -  Run Local Usage
		Usr 0 00:34:51, Sys 0 00:00:32  -  Total Remote Usage
		Usr 0 00:00:00, Sys 0 00:00:00  -  Total Local Usage
	2113  -  Run Bytes Sent By Job
	412  -  Run Bytes Received By Job
	2113  -  Total Bytes Sent By Job
	412  -  Total Bytes Received By Job
	Partitionable Resources :    Usage  Request Allocated 
	   Cpus                 :     1.00        1         1 
	   Disk (KB)            :   803           1 479749220 
	   Memory (MB)          :  5989        7900      8033 
...
