000 (859728.000.000) 08/18 05:00:13 Job submitted from host: <172.20.3.187:9618?addrs=172.20.3.187-9618&noUDP&sock=2043_e813_3>
...
001 (859728.000.000) 08/18 16:13:29 Job executing on host: <172.20.225.4:9618?addrs=172.20.225.4-9618&noUDP&sock=3366_5fdf_3>
...
006 (859728.000.000) 08/18 16:13:37 Image size of job updated: 21112
	21  -  MemoryUsage of job (MB)
	21112  -  ResidentSetSize of job (KB)
...
006 (859728.000.000) 08/18 16:18:38 Image size of job updated: 4561272
	4455  -  MemoryUsage of job (MB)
	4561272  -  ResidentSetSize of job (KB)
...
006 (859728.000.000) 08/18 16:23:38 Image size of job updated: 5305164
	5181  -  MemoryUsage of job (MB)
	5305164  -  ResidentSetSize of job (KB)
...
006 (859728.000.000) 08/18 16:28:39 Image size of job updated: 5305200
	5181  -  MemoryUsage of job (MB)
	5305200  -  ResidentSetSize of job (KB)
...
006 (859728.000.000) 08/18 16:33:40 Image size of job updated: 5305996
	5182  -  MemoryUsage of job (MB)
	5305996  -  ResidentSetSize of job (KB)
...
005 (859728.000.000) 08/18 16:42:46 Job terminated.
	(1) Normal termination (return value 0)
		Usr 0 00:32:53, Sys 0 00:00:44  -  Run Remote Usage
		Usr 0 00:00:00, Sys 0 00:00:00  -  Run Local Usage
		Usr 0 00:32:53, Sys 0 00:00:44  -  Total Remote Usage
		Usr 0 00:00:00, Sys 0 00:00:00  -  Total Local Usage
	2106  -  Run Bytes Sent By Job
	405  -  Run Bytes Received By Job
	2106  -  Total Bytes Sent By Job
	405  -  Total Bytes Received By Job
	Partitionable Resources :    Usage  Request Allocated 
	   Cpus                 :     0.49        1         1 
	   Disk (KB)            :   803           1 479779449 
	   Memory (MB)          :  5182        7900      8033 
...
