000 (855505.000.000) 08/18 04:57:54 Job submitted from host: <172.20.3.187:9618?addrs=172.20.3.187-9618&noUDP&sock=2043_e813_3>
...
001 (855505.000.000) 08/18 06:39:07 Job executing on host: <172.20.225.6:9618?addrs=172.20.225.6-9618&noUDP&sock=3382_5963_3>
...
006 (855505.000.000) 08/18 06:39:16 Image size of job updated: 21112
	21  -  MemoryUsage of job (MB)
	21112  -  ResidentSetSize of job (KB)
...
006 (855505.000.000) 08/18 06:44:18 Image size of job updated: 4104792
	4009  -  MemoryUsage of job (MB)
	4104792  -  ResidentSetSize of job (KB)
...
006 (855505.000.000) 08/18 06:49:18 Image size of job updated: 4800184
	4688  -  MemoryUsage of job (MB)
	4800184  -  ResidentSetSize of job (KB)
...
006 (855505.000.000) 08/18 06:54:18 Image size of job updated: 5237820
	5116  -  MemoryUsage of job (MB)
	5237820  -  ResidentSetSize of job (KB)
...
006 (855505.000.000) 08/18 06:59:18 Image size of job updated: 5237956
	5116  -  MemoryUsage of job (MB)
	5237956  -  ResidentSetSize of job (KB)
...
006 (855505.000.000) 08/18 07:04:20 Image size of job updated: 5238652
	5116  -  MemoryUsage of job (MB)
	5238652  -  ResidentSetSize of job (KB)
...
006 (855505.000.000) 08/18 07:09:20 Image size of job updated: 5734968
	5601  -  MemoryUsage of job (MB)
	5734728  -  ResidentSetSize of job (KB)
...
006 (855505.000.000) 08/18 07:11:09 Image size of job updated: 5734968
	5601  -  MemoryUsage of job (MB)
	5734744  -  ResidentSetSize of job (KB)
...
005 (855505.000.000) 08/18 07:11:09 Job terminated.
	(1) Normal termination (return value 0)
		Usr 0 00:32:16, Sys 0 00:00:35  -  Run Remote Usage
		Usr 0 00:00:00, Sys 0 00:00:00  -  Run Local Usage
		Usr 0 00:32:16, Sys 0 00:00:35  -  Total Remote Usage
		Usr 0 00:00:00, Sys 0 00:00:00  -  Total Local Usage
	2102  -  Run Bytes Sent By Job
	404  -  Run Bytes Received By Job
	2102  -  Total Bytes Sent By Job
	404  -  Total Bytes Received By Job
	Partitionable Resources :    Usage  Request Allocated 
	   Cpus                 :     0.55        1         1 
	   Disk (KB)            :   803           1 479749220 
	   Memory (MB)          :  5601        7900      8033 
...
