000 (859936.000.000) 08/18 05:00:19 Job submitted from host: <172.20.3.187:9618?addrs=172.20.3.187-9618&noUDP&sock=2043_e813_3>
...
001 (859936.000.000) 08/18 16:14:27 Job executing on host: <172.20.225.5:9618?addrs=172.20.225.5-9618&noUDP&sock=3375_8c39_3>
...
006 (859936.000.000) 08/18 16:14:36 Image size of job updated: 21104
	21  -  MemoryUsage of job (MB)
	21104  -  ResidentSetSize of job (KB)
...
006 (859936.000.000) 08/18 16:19:37 Image size of job updated: 4031148
	3937  -  MemoryUsage of job (MB)
	4031148  -  ResidentSetSize of job (KB)
...
006 (859936.000.000) 08/18 16:24:38 Image size of job updated: 4867172
	4754  -  MemoryUsage of job (MB)
	4867172  -  ResidentSetSize of job (KB)
...
006 (859936.000.000) 08/18 16:29:39 Image size of job updated: 5611056
	5480  -  MemoryUsage of job (MB)
	5611056  -  ResidentSetSize of job (KB)
...
006 (859936.000.000) 08/18 16:34:40 Image size of job updated: 5611188
	5480  -  MemoryUsage of job (MB)
	5611188  -  ResidentSetSize of job (KB)
...
006 (859936.000.000) 08/18 16:39:41 Image size of job updated: 5611888
	5481  -  MemoryUsage of job (MB)
	5611888  -  ResidentSetSize of job (KB)
...
006 (859936.000.000) 08/18 16:48:56 Image size of job updated: 10035220
	5481  -  MemoryUsage of job (MB)
	5611888  -  ResidentSetSize of job (KB)
...
005 (859936.000.000) 08/18 16:48:56 Job terminated.
	(1) Normal termination (return value 0)
		Usr 0 00:33:05, Sys 0 00:00:33  -  Run Remote Usage
		Usr 0 00:00:00, Sys 0 00:00:00  -  Run Local Usage
		Usr 0 00:33:05, Sys 0 00:00:33  -  Total Remote Usage
		Usr 0 00:00:00, Sys 0 00:00:00  -  Total Local Usage
	2110  -  Run Bytes Sent By Job
	411  -  Run Bytes Received By Job
	2110  -  Total Bytes Sent By Job
	411  -  Total Bytes Received By Job
	Partitionable Resources :    Usage  Request Allocated 
	   Cpus                 :     0.92        1         1 
	   Disk (KB)            :   803           1 479749220 
	   Memory (MB)          :  5481        7900      8033 
...
