000 (855079.000.000) 08/18 04:57:36 Job submitted from host: <172.20.3.187:9618?addrs=172.20.3.187-9618&noUDP&sock=2043_e813_3>
...
001 (855079.000.000) 08/18 05:33:04 Job executing on host: <172.20.225.5:9618?addrs=172.20.225.5-9618&noUDP&sock=3375_8c39_3>
...
006 (855079.000.000) 08/18 05:33:12 Image size of job updated: 21112
	21  -  MemoryUsage of job (MB)
	21112  -  ResidentSetSize of job (KB)
...
006 (855079.000.000) 08/18 05:38:13 Image size of job updated: 3813760
	3706  -  MemoryUsage of job (MB)
	3794248  -  ResidentSetSize of job (KB)
...
006 (855079.000.000) 08/18 05:43:13 Image size of job updated: 4509156
	4385  -  MemoryUsage of job (MB)
	4489644  -  ResidentSetSize of job (KB)
...
006 (855079.000.000) 08/18 05:48:14 Image size of job updated: 5233524
	5111  -  MemoryUsage of job (MB)
	5233524  -  ResidentSetSize of job (KB)
...
006 (855079.000.000) 08/18 05:53:15 Image size of job updated: 5233560
	5111  -  MemoryUsage of job (MB)
	5233560  -  ResidentSetSize of job (KB)
...
006 (855079.000.000) 08/18 05:58:15 Image size of job updated: 5234032
	5112  -  MemoryUsage of job (MB)
	5234032  -  ResidentSetSize of job (KB)
...
006 (855079.000.000) 08/18 06:03:16 Image size of job updated: 5376224
	5251  -  MemoryUsage of job (MB)
	5376224  -  ResidentSetSize of job (KB)
...
006 (855079.000.000) 08/18 06:07:38 Image size of job updated: 5900160
	5255  -  MemoryUsage of job (MB)
	5380516  -  ResidentSetSize of job (KB)
...
005 (855079.000.000) 08/18 06:07:38 Job terminated.
	(1) Normal termination (return value 0)
		Usr 0 00:32:57, Sys 0 00:00:30  -  Run Remote Usage
		Usr 0 00:00:00, Sys 0 00:00:00  -  Run Local Usage
		Usr 0 00:32:57, Sys 0 00:00:30  -  Total Remote Usage
		Usr 0 00:00:00, Sys 0 00:00:00  -  Total Local Usage
	2103  -  Run Bytes Sent By Job
	405  -  Run Bytes Received By Job
	2103  -  Total Bytes Sent By Job
	405  -  Total Bytes Received By Job
	Partitionable Resources :    Usage  Request Allocated 
	   Cpus                 :     0.72        1         1 
	   Disk (KB)            :   803           1 479749220 
	   Memory (MB)          :  5255        7900      8033 
...
