000 (857164.000.000) 08/18 04:58:48 Job submitted from host: <172.20.3.187:9618?addrs=172.20.3.187-9618&noUDP&sock=2043_e813_3>
...
001 (857164.000.000) 08/18 10:11:06 Job executing on host: <172.20.225.5:9618?addrs=172.20.225.5-9618&noUDP&sock=3375_8c39_3>
...
006 (857164.000.000) 08/18 10:11:15 Image size of job updated: 21116
	21  -  MemoryUsage of job (MB)
	21116  -  ResidentSetSize of job (KB)
...
006 (857164.000.000) 08/18 10:16:16 Image size of job updated: 5296036
	5172  -  MemoryUsage of job (MB)
	5296004  -  ResidentSetSize of job (KB)
...
006 (857164.000.000) 08/18 10:21:17 Image size of job updated: 5296952
	5173  -  MemoryUsage of job (MB)
	5296952  -  ResidentSetSize of job (KB)
...
006 (857164.000.000) 08/18 10:24:47 Image size of job updated: 5891412
	5173  -  MemoryUsage of job (MB)
	5296952  -  ResidentSetSize of job (KB)
...
005 (857164.000.000) 08/18 10:24:47 Job terminated.
	(1) Normal termination (return value 0)
		Usr 0 00:36:28, Sys 0 00:00:44  -  Run Remote Usage
		Usr 0 00:00:00, Sys 0 00:00:00  -  Run Local Usage
		Usr 0 00:36:28, Sys 0 00:00:44  -  Total Remote Usage
		Usr 0 00:00:00, Sys 0 00:00:00  -  Total Local Usage
	2112  -  Run Bytes Sent By Job
	411  -  Run Bytes Received By Job
	2112  -  Total Bytes Sent By Job
	411  -  Total Bytes Received By Job
	Partitionable Resources :    Usage  Request Allocated 
	   Cpus                 :     0.78        1         1 
	   Disk (KB)            :   804           1 479749220 
	   Memory (MB)          :  5173        7900      8033 
...
