000 (857703.000.000) 08/18 04:59:06 Job submitted from host: <172.20.3.187:9618?addrs=172.20.3.187-9618&noUDP&sock=2043_e813_3>
...
001 (857703.000.000) 08/18 11:43:11 Job executing on host: <172.20.225.2:9618?addrs=172.20.225.2-9618&noUDP&sock=3424_285d_3>
...
006 (857703.000.000) 08/18 11:43:20 Image size of job updated: 21120
	21  -  MemoryUsage of job (MB)
	21120  -  ResidentSetSize of job (KB)
...
006 (857703.000.000) 08/18 11:48:21 Image size of job updated: 3686616
	3601  -  MemoryUsage of job (MB)
	3686616  -  ResidentSetSize of job (KB)
...
006 (857703.000.000) 08/18 11:53:22 Image size of job updated: 4522640
	4417  -  MemoryUsage of job (MB)
	4522640  -  ResidentSetSize of job (KB)
...
006 (857703.000.000) 08/18 11:58:23 Image size of job updated: 5266524
	5144  -  MemoryUsage of job (MB)
	5266524  -  ResidentSetSize of job (KB)
...
006 (857703.000.000) 08/18 12:03:23 Image size of job updated: 5266668
	5144  -  MemoryUsage of job (MB)
	5266668  -  ResidentSetSize of job (KB)
...
006 (857703.000.000) 08/18 12:08:23 Image size of job updated: 5267360
	5144  -  MemoryUsage of job (MB)
	5267360  -  ResidentSetSize of job (KB)
...
006 (857703.000.000) 08/18 12:13:23 Image size of job updated: 5775720
	5641  -  MemoryUsage of job (MB)
	5775720  -  ResidentSetSize of job (KB)
...
005 (857703.000.000) 08/18 12:18:14 Job terminated.
	(1) Normal termination (return value 0)
		Usr 0 00:33:35, Sys 0 00:00:31  -  Run Remote Usage
		Usr 0 00:00:00, Sys 0 00:00:00  -  Run Local Usage
		Usr 0 00:33:35, Sys 0 00:00:31  -  Total Remote Usage
		Usr 0 00:00:00, Sys 0 00:00:00  -  Total Local Usage
	2103  -  Run Bytes Sent By Job
	405  -  Run Bytes Received By Job
	2103  -  Total Bytes Sent By Job
	405  -  Total Bytes Received By Job
	Partitionable Resources :    Usage  Request Allocated 
	   Cpus                 :     0.75        1         1 
	   Disk (KB)            :   803           1 479786084 
	   Memory (MB)          :  5641        7900      8033 
...
