000 (857794.000.000) 08/18 04:59:09 Job submitted from host: <172.20.3.187:9618?addrs=172.20.3.187-9618&noUDP&sock=2043_e813_3>
...
001 (857794.000.000) 08/18 12:11:39 Job executing on host: <172.20.225.6:9618?addrs=172.20.225.6-9618&noUDP&sock=3382_5963_3>
...
006 (857794.000.000) 08/18 12:11:47 Image size of job updated: 21120
	21  -  MemoryUsage of job (MB)
	21120  -  ResidentSetSize of job (KB)
...
006 (857794.000.000) 08/18 12:16:47 Image size of job updated: 4472872
	4369  -  MemoryUsage of job (MB)
	4472872  -  ResidentSetSize of job (KB)
...
006 (857794.000.000) 08/18 12:21:48 Image size of job updated: 5232380
	5110  -  MemoryUsage of job (MB)
	5232380  -  ResidentSetSize of job (KB)
...
006 (857794.000.000) 08/18 12:26:48 Image size of job updated: 5232412
	5110  -  MemoryUsage of job (MB)
	5232412  -  ResidentSetSize of job (KB)
...
006 (857794.000.000) 08/18 12:31:49 Image size of job updated: 5232900
	5111  -  MemoryUsage of job (MB)
	5232900  -  ResidentSetSize of job (KB)
...
006 (857794.000.000) 08/18 12:36:49 Image size of job updated: 5233224
	5111  -  MemoryUsage of job (MB)
	5233224  -  ResidentSetSize of job (KB)
...
006 (857794.000.000) 08/18 12:41:43 Image size of job updated: 5327228
	5111  -  MemoryUsage of job (MB)
	5233224  -  ResidentSetSize of job (KB)
...
005 (857794.000.000) 08/18 12:41:43 Job terminated.
	(1) Normal termination (return value 0)
		Usr 0 00:32:14, Sys 0 00:00:37  -  Run Remote Usage
		Usr 0 00:00:00, Sys 0 00:00:00  -  Run Local Usage
		Usr 0 00:32:14, Sys 0 00:00:37  -  Total Remote Usage
		Usr 0 00:00:00, Sys 0 00:00:00  -  Total Local Usage
	2115  -  Run Bytes Sent By Job
	417  -  Run Bytes Received By Job
	2115  -  Total Bytes Sent By Job
	417  -  Total Bytes Received By Job
	Partitionable Resources :    Usage  Request Allocated 
	   Cpus                 :     0.52        1         1 
	   Disk (KB)            :   803           1 479749220 
	   Memory (MB)          :  5111        7900      8033 
...
