000 (857446.000.000) 08/18 04:58:57 Job submitted from host: <172.20.3.187:9618?addrs=172.20.3.187-9618&noUDP&sock=2043_e813_3>
...
001 (857446.000.000) 08/18 11:30:13 Job executing on host: <172.20.225.8:9618?addrs=172.20.225.8-9618&noUDP&sock=3440_21e1_3>
...
006 (857446.000.000) 08/18 11:30:21 Image size of job updated: 21120
	21  -  MemoryUsage of job (MB)
	21120  -  ResidentSetSize of job (KB)
...
006 (857446.000.000) 08/18 11:35:22 Image size of job updated: 5430704
	5221  -  MemoryUsage of job (MB)
	5345628  -  ResidentSetSize of job (KB)
...
005 (857446.000.000) 08/18 11:38:08 Job terminated.
	(1) Normal termination (return value 0)
		Usr 0 00:41:07, Sys 0 00:01:07  -  Run Remote Usage
		Usr 0 00:00:00, Sys 0 00:00:00  -  Run Local Usage
		Usr 0 00:41:07, Sys 0 00:01:07  -  Total Remote Usage
		Usr 0 00:00:00, Sys 0 00:00:00  -  Total Local Usage
	2116  -  Run Bytes Sent By Job
	415  -  Run Bytes Received By Job
	2116  -  Total Bytes Sent By Job
	415  -  Total Bytes Received By Job
	Partitionable Resources :    Usage  Request Allocated 
	   Cpus                 :        0        1         1 
	   Disk (KB)            :      803        1 479737977 
	   Memory (MB)          :     5221     7900      8033 
...
