000 (855510.000.000) 08/18 04:57:54 Job submitted from host: <172.20.3.187:9618?addrs=172.20.3.187-9618&noUDP&sock=2043_e813_3>
...
001 (855510.000.000) 08/18 06:39:10 Job executing on host: <172.20.225.6:9618?addrs=172.20.225.6-9618&noUDP&sock=3382_5963_3>
...
006 (855510.000.000) 08/18 06:39:19 Image size of job updated: 20800
	21  -  MemoryUsage of job (MB)
	20800  -  ResidentSetSize of job (KB)
...
006 (855510.000.000) 08/18 06:44:20 Image size of job updated: 4105224
	4010  -  MemoryUsage of job (MB)
	4105224  -  ResidentSetSize of job (KB)
...
006 (855510.000.000) 08/18 06:49:21 Image size of job updated: 5106872
	4988  -  MemoryUsage of job (MB)
	5106872  -  ResidentSetSize of job (KB)
...
006 (855510.000.000) 08/18 06:54:21 Image size of job updated: 5238260
	5116  -  MemoryUsage of job (MB)
	5238260  -  ResidentSetSize of job (KB)
...
006 (855510.000.000) 08/18 06:59:22 Image size of job updated: 5238396
	5116  -  MemoryUsage of job (MB)
	5238396  -  ResidentSetSize of job (KB)
...
006 (855510.000.000) 08/18 07:04:22 Image size of job updated: 5239088
	5117  -  MemoryUsage of job (MB)
	5239088  -  ResidentSetSize of job (KB)
...
006 (855510.000.000) 08/18 07:09:24 Image size of job updated: 5741776
	5602  -  MemoryUsage of job (MB)
	5736148  -  ResidentSetSize of job (KB)
...
005 (855510.000.000) 08/18 07:11:04 Job terminated.
	(1) Normal termination (return value 0)
		Usr 0 00:32:08, Sys 0 00:00:35  -  Run Remote Usage
		Usr 0 00:00:00, Sys 0 00:00:00  -  Run Local Usage
		Usr 0 00:32:08, Sys 0 00:00:35  -  Total Remote Usage
		Usr 0 00:00:00, Sys 0 00:00:00  -  Total Local Usage
	2102  -  Run Bytes Sent By Job
	404  -  Run Bytes Received By Job
	2102  -  Total Bytes Sent By Job
	404  -  Total Bytes Received By Job
	Partitionable Resources :    Usage  Request Allocated 
	   Cpus                 :        0        1         1 
	   Disk (KB)            :      803        1 479749220 
	   Memory (MB)          :     5602     7900      8033 
...
