000 (854657.000.000) 08/18 04:57:23 Job submitted from host: <172.20.3.187:9618?addrs=172.20.3.187-9618&noUDP&sock=2043_e813_3>
...
001 (854657.000.000) 08/18 04:57:40 Job executing on host: <172.20.225.2:9618?addrs=172.20.225.2-9618&noUDP&sock=3424_285d_3>
...
006 (854657.000.000) 08/18 04:57:49 Image size of job updated: 21116
	21  -  MemoryUsage of job (MB)
	21116  -  ResidentSetSize of job (KB)
...
006 (854657.000.000) 08/18 05:02:50 Image size of job updated: 3807320
	3719  -  MemoryUsage of job (MB)
	3807304  -  ResidentSetSize of job (KB)
...
006 (854657.000.000) 08/18 05:07:51 Image size of job updated: 4630840
	4523  -  MemoryUsage of job (MB)
	4630824  -  ResidentSetSize of job (KB)
...
006 (854657.000.000) 08/18 05:12:52 Image size of job updated: 5387228
	5261  -  MemoryUsage of job (MB)
	5387212  -  ResidentSetSize of job (KB)
...
006 (854657.000.000) 08/18 05:17:53 Image size of job updated: 5387260
	5261  -  MemoryUsage of job (MB)
	5387244  -  ResidentSetSize of job (KB)
...
006 (854657.000.000) 08/18 05:22:54 Image size of job updated: 5387736
	5262  -  MemoryUsage of job (MB)
	5387720  -  ResidentSetSize of job (KB)
...
006 (854657.000.000) 08/18 05:27:55 Image size of job updated: 5388064
	5262  -  MemoryUsage of job (MB)
	5388048  -  ResidentSetSize of job (KB)
...
006 (854657.000.000) 08/18 05:31:09 Image size of job updated: 16661836
	5262  -  MemoryUsage of job (MB)
	5388048  -  ResidentSetSize of job (KB)
...
005 (854657.000.000) 08/18 05:31:09 Job terminated.
	(1) Normal termination (return value 0)
		Usr 0 00:31:48, Sys 0 00:00:37  -  Run Remote Usage
		Usr 0 00:00:00, Sys 0 00:00:00  -  Run Local Usage
		Usr 0 00:31:48, Sys 0 00:00:37  -  Total Remote Usage
		Usr 0 00:00:00, Sys 0 00:00:00  -  Total Local Usage
	2104  -  Run Bytes Sent By Job
	403  -  Run Bytes Received By Job
	2104  -  Total Bytes Sent By Job
	403  -  Total Bytes Received By Job
	Partitionable Resources :    Usage  Request Allocated 
	   Cpus                 :     0.97        1         1 
	   Disk (KB)            :   803           1 479786084 
	   Memory (MB)          :  5262        7900      8033 
...
