000 (856871.000.000) 08/18 04:58:39 Job submitted from host: <172.20.3.187:9618?addrs=172.20.3.187-9618&noUDP&sock=2043_e813_3>
...
001 (856871.000.000) 08/18 09:12:29 Job executing on host: <172.20.225.6:9618?addrs=172.20.225.6-9618&noUDP&sock=3382_5963_3>
...
006 (856871.000.000) 08/18 09:12:38 Image size of job updated: 21112
	21  -  MemoryUsage of job (MB)
	21112  -  ResidentSetSize of job (KB)
...
006 (856871.000.000) 08/18 09:17:40 Image size of job updated: 3810336
	3722  -  MemoryUsage of job (MB)
	3810336  -  ResidentSetSize of job (KB)
...
006 (856871.000.000) 08/18 09:22:40 Image size of job updated: 4811984
	4700  -  MemoryUsage of job (MB)
	4811984  -  ResidentSetSize of job (KB)
...
006 (856871.000.000) 08/18 09:27:40 Image size of job updated: 5249624
	5127  -  MemoryUsage of job (MB)
	5249624  -  ResidentSetSize of job (KB)
...
006 (856871.000.000) 08/18 09:32:40 Image size of job updated: 5249780
	5127  -  MemoryUsage of job (MB)
	5249780  -  ResidentSetSize of job (KB)
...
006 (856871.000.000) 08/18 09:37:41 Image size of job updated: 5250456
	5128  -  MemoryUsage of job (MB)
	5250456  -  ResidentSetSize of job (KB)
...
006 (856871.000.000) 08/18 09:42:17 Image size of job updated: 5863300
	5128  -  MemoryUsage of job (MB)
	5250456  -  ResidentSetSize of job (KB)
...
005 (856871.000.000) 08/18 09:42:17 Job terminated.
	(1) Normal termination (return value 0)
		Usr 0 00:31:33, Sys 0 00:00:33  -  Run Remote Usage
		Usr 0 00:00:00, Sys 0 00:00:00  -  Run Local Usage
		Usr 0 00:31:33, Sys 0 00:00:33  -  Total Remote Usage
		Usr 0 00:00:00, Sys 0 00:00:00  -  Total Local Usage
	2099  -  Run Bytes Sent By Job
	401  -  Run Bytes Received By Job
	2099  -  Total Bytes Sent By Job
	401  -  Total Bytes Received By Job
	Partitionable Resources :    Usage  Request Allocated 
	   Cpus                 :     1.00        1         1 
	   Disk (KB)            :   803           1 479749220 
	   Memory (MB)          :  5128        7900      8033 
...
