000 (859201.000.000) 08/18 04:59:55 Job submitted from host: <172.20.3.187:9618?addrs=172.20.3.187-9618&noUDP&sock=2043_e813_3>
...
001 (859201.000.000) 08/18 14:54:35 Job executing on host: <172.20.225.5:9618?addrs=172.20.225.5-9618&noUDP&sock=3375_8c39_3>
...
006 (859201.000.000) 08/18 14:54:45 Image size of job updated: 21112
	21  -  MemoryUsage of job (MB)
	21112  -  ResidentSetSize of job (KB)
...
006 (859201.000.000) 08/18 14:59:45 Image size of job updated: 4023704
	3930  -  MemoryUsage of job (MB)
	4023704  -  ResidentSetSize of job (KB)
...
006 (859201.000.000) 08/18 15:04:46 Image size of job updated: 5318356
	5194  -  MemoryUsage of job (MB)
	5318356  -  ResidentSetSize of job (KB)
...
006 (859201.000.000) 08/18 15:09:46 Image size of job updated: 5318500
	5194  -  MemoryUsage of job (MB)
	5318500  -  ResidentSetSize of job (KB)
...
006 (859201.000.000) 08/18 15:14:47 Image size of job updated: 5318644
	5194  -  MemoryUsage of job (MB)
	5318644  -  ResidentSetSize of job (KB)
...
006 (859201.000.000) 08/18 15:19:47 Image size of job updated: 5319316
	5195  -  MemoryUsage of job (MB)
	5319316  -  ResidentSetSize of job (KB)
...
006 (859201.000.000) 08/18 15:24:48 Image size of job updated: 6857120
	6697  -  MemoryUsage of job (MB)
	6857120  -  ResidentSetSize of job (KB)
...
006 (859201.000.000) 08/18 15:26:20 Image size of job updated: 9004912
	6697  -  MemoryUsage of job (MB)
	6857132  -  ResidentSetSize of job (KB)
...
005 (859201.000.000) 08/18 15:26:20 Job terminated.
	(1) Normal termination (return value 0)
		Usr 0 00:32:27, Sys 0 00:00:35  -  Run Remote Usage
		Usr 0 00:00:00, Sys 0 00:00:00  -  Run Local Usage
		Usr 0 00:32:27, Sys 0 00:00:35  -  Total Remote Usage
		Usr 0 00:00:00, Sys 0 00:00:00  -  Total Local Usage
	2099  -  Run Bytes Sent By Job
	400  -  Run Bytes Received By Job
	2099  -  Total Bytes Sent By Job
	400  -  Total Bytes Received By Job
	Partitionable Resources :    Usage  Request Allocated 
	   Cpus                 :     0.62        1         1 
	   Disk (KB)            :   803           1 479749220 
	   Memory (MB)          :  6697        7900      8033 
...
