000 (854604.000.000) 08/18 04:57:21 Job submitted from host: <172.20.3.187:9618?addrs=172.20.3.187-9618&noUDP&sock=2043_e813_3>
...
001 (854604.000.000) 08/18 04:57:40 Job executing on host: <172.20.225.6:9618?addrs=172.20.225.6-9618&noUDP&sock=3382_5963_3>
...
006 (854604.000.000) 08/18 04:57:49 Image size of job updated: 21108
	21  -  MemoryUsage of job (MB)
	21108  -  ResidentSetSize of job (KB)
...
006 (854604.000.000) 08/18 05:02:50 Image size of job updated: 3808788
	3719  -  MemoryUsage of job (MB)
	3807604  -  ResidentSetSize of job (KB)
...
006 (854604.000.000) 08/18 05:07:51 Image size of job updated: 4632304
	4523  -  MemoryUsage of job (MB)
	4631120  -  ResidentSetSize of job (KB)
...
006 (854604.000.000) 08/18 05:12:51 Image size of job updated: 5388684
	5262  -  MemoryUsage of job (MB)
	5387500  -  ResidentSetSize of job (KB)
...
006 (854604.000.000) 08/18 05:17:52 Image size of job updated: 5388820
	5262  -  MemoryUsage of job (MB)
	5387636  -  ResidentSetSize of job (KB)
...
006 (854604.000.000) 08/18 05:22:53 Image size of job updated: 5388820
	5263  -  MemoryUsage of job (MB)
	5388336  -  ResidentSetSize of job (KB)
...
006 (854604.000.000) 08/18 05:27:54 Image size of job updated: 5599292
	5469  -  MemoryUsage of job (MB)
	5599292  -  ResidentSetSize of job (KB)
...
006 (854604.000.000) 08/18 05:30:59 Image size of job updated: 7591952
	5469  -  MemoryUsage of job (MB)
	5599360  -  ResidentSetSize of job (KB)
...
005 (854604.000.000) 08/18 05:30:59 Job terminated.
	(1) Normal termination (return value 0)
		Usr 0 00:32:31, Sys 0 00:00:38  -  Run Remote Usage
		Usr 0 00:00:00, Sys 0 00:00:00  -  Run Local Usage
		Usr 0 00:32:31, Sys 0 00:00:38  -  Total Remote Usage
		Usr 0 00:00:00, Sys 0 00:00:00  -  Total Local Usage
	2101  -  Run Bytes Sent By Job
	402  -  Run Bytes Received By Job
	2101  -  Total Bytes Sent By Job
	402  -  Total Bytes Received By Job
	Partitionable Resources :    Usage  Request Allocated 
	   Cpus                 :     0.97        1         1 
	   Disk (KB)            :   803           1 479749220 
	   Memory (MB)          :  5469        7900      8033 
...
