000 (859238.000.000) 08/18 04:59:56 Job submitted from host: <172.20.3.187:9618?addrs=172.20.3.187-9618&noUDP&sock=2043_e813_3>
...
001 (859238.000.000) 08/18 14:58:35 Job executing on host: <172.20.225.6:9618?addrs=172.20.225.6-9618&noUDP&sock=3382_5963_3>
...
006 (859238.000.000) 08/18 14:58:44 Image size of job updated: 21112
	21  -  MemoryUsage of job (MB)
	21112  -  ResidentSetSize of job (KB)
...
006 (859238.000.000) 08/18 15:03:44 Image size of job updated: 3738332
	3651  -  MemoryUsage of job (MB)
	3738332  -  ResidentSetSize of job (KB)
...
006 (859238.000.000) 08/18 15:08:45 Image size of job updated: 4574376
	4468  -  MemoryUsage of job (MB)
	4574352  -  ResidentSetSize of job (KB)
...
006 (859238.000.000) 08/18 15:13:46 Image size of job updated: 5318240
	5194  -  MemoryUsage of job (MB)
	5318240  -  ResidentSetSize of job (KB)
...
006 (859238.000.000) 08/18 15:18:47 Image size of job updated: 5318380
	5194  -  MemoryUsage of job (MB)
	5318380  -  ResidentSetSize of job (KB)
...
006 (859238.000.000) 08/18 15:23:47 Image size of job updated: 5319064
	5195  -  MemoryUsage of job (MB)
	5319064  -  ResidentSetSize of job (KB)
...
006 (859238.000.000) 08/18 15:28:48 Image size of job updated: 6685036
	6529  -  MemoryUsage of job (MB)
	6685036  -  ResidentSetSize of job (KB)
...
006 (859238.000.000) 08/18 15:29:54 Image size of job updated: 6685036
	6529  -  MemoryUsage of job (MB)
	6685044  -  ResidentSetSize of job (KB)
...
005 (859238.000.000) 08/18 15:29:54 Job terminated.
	(1) Normal termination (return value 0)
		Usr 0 00:33:04, Sys 0 00:00:34  -  Run Remote Usage
		Usr 0 00:00:00, Sys 0 00:00:00  -  Run Local Usage
		Usr 0 00:33:04, Sys 0 00:00:34  -  Total Remote Usage
		Usr 0 00:00:00, Sys 0 00:00:00  -  Total Local Usage
	2102  -  Run Bytes Sent By Job
	401  -  Run Bytes Received By Job
	2102  -  Total Bytes Sent By Job
	401  -  Total Bytes Received By Job
	Partitionable Resources :    Usage  Request Allocated 
	   Cpus                 :     0.88        1         1 
	   Disk (KB)            :   803           1 479749220 
	   Memory (MB)          :  6529        7900      8033 
...
