000 (860156.000.000) 08/18 05:00:27 Job submitted from host: <172.20.3.187:9618?addrs=172.20.3.187-9618&noUDP&sock=2043_e813_3>
...
001 (860156.000.000) 08/18 16:49:05 Job executing on host: <172.20.225.2:9618?addrs=172.20.225.2-9618&noUDP&sock=3424_285d_3>
...
006 (860156.000.000) 08/18 16:49:14 Image size of job updated: 21108
	21  -  MemoryUsage of job (MB)
	21108  -  ResidentSetSize of job (KB)
...
006 (860156.000.000) 08/18 16:54:15 Image size of job updated: 4033196
	3937  -  MemoryUsage of job (MB)
	4031388  -  ResidentSetSize of job (KB)
...
006 (860156.000.000) 08/18 16:59:15 Image size of job updated: 4856724
	4742  -  MemoryUsage of job (MB)
	4854916  -  ResidentSetSize of job (KB)
...
006 (860156.000.000) 08/18 17:04:15 Image size of job updated: 5613116
	5480  -  MemoryUsage of job (MB)
	5611296  -  ResidentSetSize of job (KB)
...
006 (860156.000.000) 08/18 17:09:15 Image size of job updated: 5613116
	5480  -  MemoryUsage of job (MB)
	5611332  -  ResidentSetSize of job (KB)
...
006 (860156.000.000) 08/18 17:14:16 Image size of job updated: 5613116
	5481  -  MemoryUsage of job (MB)
	5611804  -  ResidentSetSize of job (KB)
...
006 (860156.000.000) 08/18 17:19:17 Image size of job updated: 5613116
	5481  -  MemoryUsage of job (MB)
	5612136  -  ResidentSetSize of job (KB)
...
006 (860156.000.000) 08/18 17:24:18 Image size of job updated: 6359252
	6211  -  MemoryUsage of job (MB)
	6359224  -  ResidentSetSize of job (KB)
...
005 (860156.000.000) 08/18 17:24:39 Job terminated.
	(1) Normal termination (return value 0)
		Usr 0 00:33:59, Sys 0 00:00:34  -  Run Remote Usage
		Usr 0 00:00:00, Sys 0 00:00:00  -  Run Local Usage
		Usr 0 00:33:59, Sys 0 00:00:34  -  Total Remote Usage
		Usr 0 00:00:00, Sys 0 00:00:00  -  Total Local Usage
	2113  -  Run Bytes Sent By Job
	412  -  Run Bytes Received By Job
	2113  -  Total Bytes Sent By Job
	412  -  Total Bytes Received By Job
	Partitionable Resources :    Usage  Request Allocated 
	   Cpus                 :     0.58        1         1 
	   Disk (KB)            :   803           1 479786084 
	   Memory (MB)          :  6211        7900      8033 
...
