000 (858609.000.000) 08/18 04:59:35 Job submitted from host: <172.20.3.187:9618?addrs=172.20.3.187-9618&noUDP&sock=2043_e813_3>
...
001 (858609.000.000) 08/18 13:46:39 Job executing on host: <172.20.225.5:9618?addrs=172.20.225.5-9618&noUDP&sock=3375_8c39_3>
...
006 (858609.000.000) 08/18 13:46:48 Image size of job updated: 21120
	21  -  MemoryUsage of job (MB)
	21120  -  ResidentSetSize of job (KB)
...
006 (858609.000.000) 08/18 13:51:49 Image size of job updated: 3974232
	3882  -  MemoryUsage of job (MB)
	3974232  -  ResidentSetSize of job (KB)
...
006 (858609.000.000) 08/18 13:56:50 Image size of job updated: 5116516
	4997  -  MemoryUsage of job (MB)
	5116516  -  ResidentSetSize of job (KB)
...
006 (858609.000.000) 08/18 14:01:50 Image size of job updated: 5554160
	5424  -  MemoryUsage of job (MB)
	5554160  -  ResidentSetSize of job (KB)
...
006 (858609.000.000) 08/18 14:06:51 Image size of job updated: 5554300
	5425  -  MemoryUsage of job (MB)
	5554300  -  ResidentSetSize of job (KB)
...
006 (858609.000.000) 08/18 14:11:52 Image size of job updated: 5554988
	5425  -  MemoryUsage of job (MB)
	5554988  -  ResidentSetSize of job (KB)
...
006 (858609.000.000) 08/18 14:16:53 Image size of job updated: 6061312
	5912  -  MemoryUsage of job (MB)
	6053424  -  ResidentSetSize of job (KB)
...
006 (858609.000.000) 08/18 14:19:39 Image size of job updated: 6061312
	5912  -  MemoryUsage of job (MB)
	6053460  -  ResidentSetSize of job (KB)
...
005 (858609.000.000) 08/18 14:19:39 Job terminated.
	(1) Normal termination (return value 0)
		Usr 0 00:32:55, Sys 0 00:00:36  -  Run Remote Usage
		Usr 0 00:00:00, Sys 0 00:00:00  -  Run Local Usage
		Usr 0 00:32:55, Sys 0 00:00:36  -  Total Remote Usage
		Usr 0 00:00:00, Sys 0 00:00:00  -  Total Local Usage
	2113  -  Run Bytes Sent By Job
	412  -  Run Bytes Received By Job
	2113  -  Total Bytes Sent By Job
	412  -  Total Bytes Received By Job
	Partitionable Resources :    Usage  Request Allocated 
	   Cpus                 :     0.51        1         1 
	   Disk (KB)            :   803           1 479749220 
	   Memory (MB)          :  5912        7900      8033 
...
