000 (859561.000.000) 08/18 05:00:07 Job submitted from host: <172.20.3.187:9618?addrs=172.20.3.187-9618&noUDP&sock=2043_e813_3>
...
001 (859561.000.000) 08/18 15:34:45 Job executing on host: <172.20.225.5:9618?addrs=172.20.225.5-9618&noUDP&sock=3375_8c39_3>
...
006 (859561.000.000) 08/18 15:34:53 Image size of job updated: 21112
	21  -  MemoryUsage of job (MB)
	21112  -  ResidentSetSize of job (KB)
...
006 (859561.000.000) 08/18 15:39:54 Image size of job updated: 3840320
	3751  -  MemoryUsage of job (MB)
	3840320  -  ResidentSetSize of job (KB)
...
006 (859561.000.000) 08/18 15:44:55 Image size of job updated: 4535720
	4430  -  MemoryUsage of job (MB)
	4535720  -  ResidentSetSize of job (KB)
...
006 (859561.000.000) 08/18 15:49:56 Image size of job updated: 5279600
	5156  -  MemoryUsage of job (MB)
	5279600  -  ResidentSetSize of job (KB)
...
006 (859561.000.000) 08/18 15:54:57 Image size of job updated: 5279632
	5156  -  MemoryUsage of job (MB)
	5279632  -  ResidentSetSize of job (KB)
...
006 (859561.000.000) 08/18 15:59:57 Image size of job updated: 5280112
	5157  -  MemoryUsage of job (MB)
	5280112  -  ResidentSetSize of job (KB)
...
006 (859561.000.000) 08/18 16:04:58 Image size of job updated: 5280436
	5157  -  MemoryUsage of job (MB)
	5280436  -  ResidentSetSize of job (KB)
...
006 (859561.000.000) 08/18 16:09:30 Image size of job updated: 15313312
	5157  -  MemoryUsage of job (MB)
	5280436  -  ResidentSetSize of job (KB)
...
005 (859561.000.000) 08/18 16:09:30 Job terminated.
	(1) Normal termination (return value 0)
		Usr 0 00:33:35, Sys 0 00:00:32  -  Run Remote Usage
		Usr 0 00:00:00, Sys 0 00:00:00  -  Run Local Usage
		Usr 0 00:33:35, Sys 0 00:00:32  -  Total Remote Usage
		Usr 0 00:00:00, Sys 0 00:00:00  -  Total Local Usage
	2107  -  Run Bytes Sent By Job
	406  -  Run Bytes Received By Job
	2107  -  Total Bytes Sent By Job
	406  -  Total Bytes Received By Job
	Partitionable Resources :    Usage  Request Allocated 
	   Cpus                 :     1.00        1         1 
	   Disk (KB)            :   803           1 479749220 
	   Memory (MB)          :  5157        7900      8033 
...
