000 (856446.000.000) 08/18 04:58:25 Job submitted from host: <172.20.3.187:9618?addrs=172.20.3.187-9618&noUDP&sock=2043_e813_3>
...
001 (856446.000.000) 08/18 08:19:50 Job executing on host: <172.20.225.2:9618?addrs=172.20.225.2-9618&noUDP&sock=3424_285d_3>
...
006 (856446.000.000) 08/18 08:19:59 Image size of job updated: 21108
	21  -  MemoryUsage of job (MB)
	21108  -  ResidentSetSize of job (KB)
...
006 (856446.000.000) 08/18 08:25:00 Image size of job updated: 3764168
	3676  -  MemoryUsage of job (MB)
	3764168  -  ResidentSetSize of job (KB)
...
006 (856446.000.000) 08/18 08:30:00 Image size of job updated: 4587692
	4481  -  MemoryUsage of job (MB)
	4587692  -  ResidentSetSize of job (KB)
...
006 (856446.000.000) 08/18 08:35:01 Image size of job updated: 5344076
	5219  -  MemoryUsage of job (MB)
	5344076  -  ResidentSetSize of job (KB)
...
006 (856446.000.000) 08/18 08:40:02 Image size of job updated: 5344212
	5219  -  MemoryUsage of job (MB)
	5344212  -  ResidentSetSize of job (KB)
...
006 (856446.000.000) 08/18 08:45:02 Image size of job updated: 5344912
	5220  -  MemoryUsage of job (MB)
	5344912  -  ResidentSetSize of job (KB)
...
006 (856446.000.000) 08/18 08:50:04 Image size of job updated: 5553144
	5422  -  MemoryUsage of job (MB)
	5551312  -  ResidentSetSize of job (KB)
...
006 (856446.000.000) 08/18 08:52:15 Image size of job updated: 5553144
	5422  -  MemoryUsage of job (MB)
	5551348  -  ResidentSetSize of job (KB)
...
005 (856446.000.000) 08/18 08:52:15 Job terminated.
	(1) Normal termination (return value 0)
		Usr 0 00:31:50, Sys 0 00:00:32  -  Run Remote Usage
		Usr 0 00:00:00, Sys 0 00:00:00  -  Run Local Usage
		Usr 0 00:31:50, Sys 0 00:00:32  -  Total Remote Usage
		Usr 0 00:00:00, Sys 0 00:00:00  -  Total Local Usage
	2107  -  Run Bytes Sent By Job
	406  -  Run Bytes Received By Job
	2107  -  Total Bytes Sent By Job
	406  -  Total Bytes Received By Job
	Partitionable Resources :    Usage  Request Allocated 
	   Cpus                 :     0.58        1         1 
	   Disk (KB)            :   803           1 479786084 
	   Memory (MB)          :  5422        7900      8033 
...
