000 (856834.000.000) 08/18 04:58:37 Job submitted from host: <172.20.3.187:9618?addrs=172.20.3.187-9618&noUDP&sock=2043_e813_3>
...
001 (856834.000.000) 08/18 09:10:30 Job executing on host: <172.20.225.4:9618?addrs=172.20.225.4-9618&noUDP&sock=3366_5fdf_3>
...
006 (856834.000.000) 08/18 09:10:39 Image size of job updated: 21124
	21  -  MemoryUsage of job (MB)
	21124  -  ResidentSetSize of job (KB)
...
006 (856834.000.000) 08/18 09:15:40 Image size of job updated: 4116296
	4020  -  MemoryUsage of job (MB)
	4116296  -  ResidentSetSize of job (KB)
...
006 (856834.000.000) 08/18 09:20:41 Image size of job updated: 5249192
	5127  -  MemoryUsage of job (MB)
	5249192  -  ResidentSetSize of job (KB)
...
006 (856834.000.000) 08/18 09:25:41 Image size of job updated: 5249324
	5127  -  MemoryUsage of job (MB)
	5249324  -  ResidentSetSize of job (KB)
...
006 (856834.000.000) 08/18 09:30:42 Image size of job updated: 5249468
	5127  -  MemoryUsage of job (MB)
	5249468  -  ResidentSetSize of job (KB)
...
006 (856834.000.000) 08/18 09:35:42 Image size of job updated: 5250144
	5128  -  MemoryUsage of job (MB)
	5250144  -  ResidentSetSize of job (KB)
...
006 (856834.000.000) 08/18 09:40:43 Image size of job updated: 5737396
	5600  -  MemoryUsage of job (MB)
	5733600  -  ResidentSetSize of job (KB)
...
006 (856834.000.000) 08/18 09:42:20 Image size of job updated: 9822100
	5600  -  MemoryUsage of job (MB)
	5733600  -  ResidentSetSize of job (KB)
...
005 (856834.000.000) 08/18 09:42:20 Job terminated.
	(1) Normal termination (return value 0)
		Usr 0 00:32:23, Sys 0 00:00:33  -  Run Remote Usage
		Usr 0 00:00:00, Sys 0 00:00:00  -  Run Local Usage
		Usr 0 00:32:23, Sys 0 00:00:33  -  Total Remote Usage
		Usr 0 00:00:00, Sys 0 00:00:00  -  Total Local Usage
	2099  -  Run Bytes Sent By Job
	401  -  Run Bytes Received By Job
	2099  -  Total Bytes Sent By Job
	401  -  Total Bytes Received By Job
	Partitionable Resources :    Usage  Request Allocated 
	   Cpus                 :     0.69        1         1 
	   Disk (KB)            :   803           1 479779449 
	   Memory (MB)          :  5600        7900      8033 
...
