000 (860453.000.000) 08/18 05:00:37 Job submitted from host: <172.20.3.187:9618?addrs=172.20.3.187-9618&noUDP&sock=2043_e813_3>
...
001 (860453.000.000) 08/18 17:25:22 Job executing on host: <172.20.225.2:9618?addrs=172.20.225.2-9618&noUDP&sock=3424_285d_3>
...
006 (860453.000.000) 08/18 17:25:30 Image size of job updated: 21112
	21  -  MemoryUsage of job (MB)
	21112  -  ResidentSetSize of job (KB)
...
006 (860453.000.000) 08/18 17:30:31 Image size of job updated: 4035196
	3938  -  MemoryUsage of job (MB)
	4031504  -  ResidentSetSize of job (KB)
...
006 (860453.000.000) 08/18 17:35:31 Image size of job updated: 4858884
	4742  -  MemoryUsage of job (MB)
	4855052  -  ResidentSetSize of job (KB)
...
006 (860453.000.000) 08/18 17:40:31 Image size of job updated: 5615260
	5480  -  MemoryUsage of job (MB)
	5611428  -  ResidentSetSize of job (KB)
...
006 (860453.000.000) 08/18 17:45:32 Image size of job updated: 5615300
	5480  -  MemoryUsage of job (MB)
	5611468  -  ResidentSetSize of job (KB)
...
006 (860453.000.000) 08/18 17:50:32 Image size of job updated: 5615300
	5481  -  MemoryUsage of job (MB)
	5612272  -  ResidentSetSize of job (KB)
...
006 (860453.000.000) 08/18 17:55:33 Image size of job updated: 6124860
	5982  -  MemoryUsage of job (MB)
	6124860  -  ResidentSetSize of job (KB)
...
006 (860453.000.000) 08/18 17:57:00 Image size of job updated: 10277556
	5982  -  MemoryUsage of job (MB)
	6124864  -  ResidentSetSize of job (KB)
...
005 (860453.000.000) 08/18 17:57:00 Job terminated.
	(1) Normal termination (return value 0)
		Usr 0 00:34:13, Sys 0 00:00:31  -  Run Remote Usage
		Usr 0 00:00:00, Sys 0 00:00:00  -  Run Local Usage
		Usr 0 00:34:13, Sys 0 00:00:31  -  Total Remote Usage
		Usr 0 00:00:00, Sys 0 00:00:00  -  Total Local Usage
	2113  -  Run Bytes Sent By Job
	412  -  Run Bytes Received By Job
	2113  -  Total Bytes Sent By Job
	412  -  Total Bytes Received By Job
	Partitionable Resources :    Usage  Request Allocated 
	   Cpus                 :     1.00        1         1 
	   Disk (KB)            :   803           1 479786084 
	   Memory (MB)          :  5982        7900      8033 
...
