000 (859791.000.000) 08/18 05:00:15 Job submitted from host: <172.20.3.187:9618?addrs=172.20.3.187-9618&noUDP&sock=2043_e813_3>
...
001 (859791.000.000) 08/18 16:14:26 Job executing on host: <172.20.225.4:9618?addrs=172.20.225.4-9618&noUDP&sock=3366_5fdf_3>
...
006 (859791.000.000) 08/18 16:14:35 Image size of job updated: 21120
	21  -  MemoryUsage of job (MB)
	21120  -  ResidentSetSize of job (KB)
...
006 (859791.000.000) 08/18 16:19:35 Image size of job updated: 3850904
	3760  -  MemoryUsage of job (MB)
	3849256  -  ResidentSetSize of job (KB)
...
006 (859791.000.000) 08/18 16:24:36 Image size of job updated: 4544656
	4439  -  MemoryUsage of job (MB)
	4544656  -  ResidentSetSize of job (KB)
...
006 (859791.000.000) 08/18 16:29:36 Image size of job updated: 5288532
	5165  -  MemoryUsage of job (MB)
	5288532  -  ResidentSetSize of job (KB)
...
006 (859791.000.000) 08/18 16:34:37 Image size of job updated: 5288676
	5165  -  MemoryUsage of job (MB)
	5288676  -  ResidentSetSize of job (KB)
...
006 (859791.000.000) 08/18 16:39:38 Image size of job updated: 5289376
	5166  -  MemoryUsage of job (MB)
	5289376  -  ResidentSetSize of job (KB)
...
006 (859791.000.000) 08/18 16:44:39 Image size of job updated: 5497940
	5370  -  MemoryUsage of job (MB)
	5497940  -  ResidentSetSize of job (KB)
...
006 (859791.000.000) 08/18 16:48:34 Image size of job updated: 9812852
	5370  -  MemoryUsage of job (MB)
	5497992  -  ResidentSetSize of job (KB)
...
005 (859791.000.000) 08/18 16:48:34 Job terminated.
	(1) Normal termination (return value 0)
		Usr 0 00:33:34, Sys 0 00:00:33  -  Run Remote Usage
		Usr 0 00:00:00, Sys 0 00:00:00  -  Run Local Usage
		Usr 0 00:33:34, Sys 0 00:00:33  -  Total Remote Usage
		Usr 0 00:00:00, Sys 0 00:00:00  -  Total Local Usage
	2106  -  Run Bytes Sent By Job
	407  -  Run Bytes Received By Job
	2106  -  Total Bytes Sent By Job
	407  -  Total Bytes Received By Job
	Partitionable Resources :    Usage  Request Allocated 
	   Cpus                 :     1.00        1         1 
	   Disk (KB)            :   803           1 479779449 
	   Memory (MB)          :  5370        7900      8033 
...
