000 (858807.000.000) 08/18 04:59:42 Job submitted from host: <172.20.3.187:9618?addrs=172.20.3.187-9618&noUDP&sock=2043_e813_3>
...
001 (858807.000.000) 08/18 14:02:39 Job executing on host: <172.20.225.8:9618?addrs=172.20.225.8-9618&noUDP&sock=3440_21e1_3>
...
006 (858807.000.000) 08/18 14:02:47 Image size of job updated: 21112
	21  -  MemoryUsage of job (MB)
	21112  -  ResidentSetSize of job (KB)
...
006 (858807.000.000) 08/18 14:07:48 Image size of job updated: 4114688
	4019  -  MemoryUsage of job (MB)
	4114688  -  ResidentSetSize of job (KB)
...
006 (858807.000.000) 08/18 14:12:48 Image size of job updated: 5116336
	4997  -  MemoryUsage of job (MB)
	5116336  -  ResidentSetSize of job (KB)
...
006 (858807.000.000) 08/18 14:17:48 Image size of job updated: 5553976
	5424  -  MemoryUsage of job (MB)
	5553976  -  ResidentSetSize of job (KB)
...
006 (858807.000.000) 08/18 14:22:49 Image size of job updated: 5554116
	5424  -  MemoryUsage of job (MB)
	5554116  -  ResidentSetSize of job (KB)
...
006 (858807.000.000) 08/18 14:27:49 Image size of job updated: 5554800
	5425  -  MemoryUsage of job (MB)
	5554800  -  ResidentSetSize of job (KB)
...
006 (858807.000.000) 08/18 14:32:50 Image size of job updated: 6032020
	5886  -  MemoryUsage of job (MB)
	6026568  -  ResidentSetSize of job (KB)
...
005 (858807.000.000) 08/18 14:35:52 Job terminated.
	(1) Normal termination (return value 0)
		Usr 0 00:33:00, Sys 0 00:00:37  -  Run Remote Usage
		Usr 0 00:00:00, Sys 0 00:00:00  -  Run Local Usage
		Usr 0 00:33:00, Sys 0 00:00:37  -  Total Remote Usage
		Usr 0 00:00:00, Sys 0 00:00:00  -  Total Local Usage
	2113  -  Run Bytes Sent By Job
	412  -  Run Bytes Received By Job
	2113  -  Total Bytes Sent By Job
	412  -  Total Bytes Received By Job
	Partitionable Resources :    Usage  Request Allocated 
	   Cpus                 :     0.56        1         1 
	   Disk (KB)            :   803           1 479737977 
	   Memory (MB)          :  5886        7900      8033 
...
