000 (854729.000.000) 08/18 04:57:25 Job submitted from host: <172.20.3.187:9618?addrs=172.20.3.187-9618&noUDP&sock=2043_e813_3>
...
001 (854729.000.000) 08/18 04:57:47 Job executing on host: <172.20.225.1:9618?addrs=172.20.225.1-9618&noUDP&sock=3382_5963_3>
...
006 (854729.000.000) 08/18 04:57:56 Image size of job updated: 21112
	21  -  MemoryUsage of job (MB)
	21112  -  ResidentSetSize of job (KB)
...
006 (854729.000.000) 08/18 05:02:57 Image size of job updated: 3807824
	3719  -  MemoryUsage of job (MB)
	3807436  -  ResidentSetSize of job (KB)
...
006 (854729.000.000) 08/18 05:07:57 Image size of job updated: 4631344
	4523  -  MemoryUsage of job (MB)
	4630956  -  ResidentSetSize of job (KB)
...
006 (854729.000.000) 08/18 05:12:58 Image size of job updated: 5387732
	5262  -  MemoryUsage of job (MB)
	5387344  -  ResidentSetSize of job (KB)
...
006 (854729.000.000) 08/18 05:17:59 Image size of job updated: 5387876
	5262  -  MemoryUsage of job (MB)
	5387488  -  ResidentSetSize of job (KB)
...
006 (854729.000.000) 08/18 05:22:59 Image size of job updated: 5388184
	5262  -  MemoryUsage of job (MB)
	5388184  -  ResidentSetSize of job (KB)
...
006 (854729.000.000) 08/18 05:28:00 Image size of job updated: 5579056
	5449  -  MemoryUsage of job (MB)
	5579056  -  ResidentSetSize of job (KB)
...
006 (854729.000.000) 08/18 05:31:47 Image size of job updated: 9761796
	5449  -  MemoryUsage of job (MB)
	5579096  -  ResidentSetSize of job (KB)
...
005 (854729.000.000) 08/18 05:31:47 Job terminated.
	(1) Normal termination (return value 0)
		Usr 0 00:32:33, Sys 0 00:00:36  -  Run Remote Usage
		Usr 0 00:00:00, Sys 0 00:00:00  -  Run Local Usage
		Usr 0 00:32:33, Sys 0 00:00:36  -  Total Remote Usage
		Usr 0 00:00:00, Sys 0 00:00:00  -  Total Local Usage
	2104  -  Run Bytes Sent By Job
	403  -  Run Bytes Received By Job
	2104  -  Total Bytes Sent By Job
	403  -  Total Bytes Received By Job
	Partitionable Resources :    Usage  Request Allocated 
	   Cpus                 :     1.01        1         1 
	   Disk (KB)            :   803           1 479786105 
	   Memory (MB)          :  5449        7900      8033 
...
