000 (858209.000.000) 08/18 04:59:22 Job submitted from host: <172.20.3.187:9618?addrs=172.20.3.187-9618&noUDP&sock=2043_e813_3>
...
001 (858209.000.000) 08/18 12:52:46 Job executing on host: <172.20.225.8:9618?addrs=172.20.225.8-9618&noUDP&sock=3440_21e1_3>
...
006 (858209.000.000) 08/18 12:52:55 Image size of job updated: 21120
	21  -  MemoryUsage of job (MB)
	21120  -  ResidentSetSize of job (KB)
...
006 (858209.000.000) 08/18 12:57:56 Image size of job updated: 4509856
	4405  -  MemoryUsage of job (MB)
	4509856  -  ResidentSetSize of job (KB)
...
006 (858209.000.000) 08/18 13:02:56 Image size of job updated: 5284936
	5162  -  MemoryUsage of job (MB)
	5284936  -  ResidentSetSize of job (KB)
...
006 (858209.000.000) 08/18 13:07:57 Image size of job updated: 5285064
	5162  -  MemoryUsage of job (MB)
	5285064  -  ResidentSetSize of job (KB)
...
006 (858209.000.000) 08/18 13:12:58 Image size of job updated: 5285220
	5162  -  MemoryUsage of job (MB)
	5285220  -  ResidentSetSize of job (KB)
...
006 (858209.000.000) 08/18 13:17:58 Image size of job updated: 5285884
	5162  -  MemoryUsage of job (MB)
	5285884  -  ResidentSetSize of job (KB)
...
006 (858209.000.000) 08/18 13:22:59 Image size of job updated: 5926184
	5756  -  MemoryUsage of job (MB)
	5894064  -  ResidentSetSize of job (KB)
...
006 (858209.000.000) 08/18 13:24:39 Image size of job updated: 5961868
	5756  -  MemoryUsage of job (MB)
	5894064  -  ResidentSetSize of job (KB)
...
005 (858209.000.000) 08/18 13:24:39 Job terminated.
	(1) Normal termination (return value 0)
		Usr 0 00:32:19, Sys 0 00:00:37  -  Run Remote Usage
		Usr 0 00:00:00, Sys 0 00:00:00  -  Run Local Usage
		Usr 0 00:32:19, Sys 0 00:00:37  -  Total Remote Usage
		Usr 0 00:00:00, Sys 0 00:00:00  -  Total Local Usage
	2106  -  Run Bytes Sent By Job
	407  -  Run Bytes Received By Job
	2106  -  Total Bytes Sent By Job
	407  -  Total Bytes Received By Job
	Partitionable Resources :    Usage  Request Allocated 
	   Cpus                 :     0.61        1         1 
	   Disk (KB)            :   803           1 479737977 
	   Memory (MB)          :  5756        7900      8033 
...
