000 (854634.000.000) 08/18 04:57:22 Job submitted from host: <172.20.3.187:9618?addrs=172.20.3.187-9618&noUDP&sock=2043_e813_3>
...
001 (854634.000.000) 08/18 04:57:45 Job executing on host: <172.20.225.6:9618?addrs=172.20.225.6-9618&noUDP&sock=3382_5963_3>
...
006 (854634.000.000) 08/18 04:57:53 Image size of job updated: 20800
	21  -  MemoryUsage of job (MB)
	20800  -  ResidentSetSize of job (KB)
...
006 (854634.000.000) 08/18 05:02:54 Image size of job updated: 4257844
	4155  -  MemoryUsage of job (MB)
	4254612  -  ResidentSetSize of job (KB)
...
006 (854634.000.000) 08/18 05:07:55 Image size of job updated: 4646984
	4535  -  MemoryUsage of job (MB)
	4643752  -  ResidentSetSize of job (KB)
...
006 (854634.000.000) 08/18 05:12:56 Image size of job updated: 5390872
	5262  -  MemoryUsage of job (MB)
	5387640  -  ResidentSetSize of job (KB)
...
006 (854634.000.000) 08/18 05:17:57 Image size of job updated: 5391004
	5262  -  MemoryUsage of job (MB)
	5387772  -  ResidentSetSize of job (KB)
...
006 (854634.000.000) 08/18 05:22:57 Image size of job updated: 5391004
	5263  -  MemoryUsage of job (MB)
	5388468  -  ResidentSetSize of job (KB)
...
006 (854634.000.000) 08/18 05:27:58 Image size of job updated: 5578924
	5449  -  MemoryUsage of job (MB)
	5578924  -  ResidentSetSize of job (KB)
...
006 (854634.000.000) 08/18 05:29:55 Image size of job updated: 9776756
	5449  -  MemoryUsage of job (MB)
	5578940  -  ResidentSetSize of job (KB)
...
005 (854634.000.000) 08/18 05:29:55 Job terminated.
	(1) Normal termination (return value 0)
		Usr 0 00:31:03, Sys 0 00:00:33  -  Run Remote Usage
		Usr 0 00:00:00, Sys 0 00:00:00  -  Run Local Usage
		Usr 0 00:31:03, Sys 0 00:00:33  -  Total Remote Usage
		Usr 0 00:00:00, Sys 0 00:00:00  -  Total Local Usage
	2104  -  Run Bytes Sent By Job
	403  -  Run Bytes Received By Job
	2104  -  Total Bytes Sent By Job
	403  -  Total Bytes Received By Job
	Partitionable Resources :    Usage  Request Allocated 
	   Cpus                 :     0.80        1         1 
	   Disk (KB)            :   803           1 479749220 
	   Memory (MB)          :  5449        7900      8033 
...
