000 (855096.000.000) 08/18 04:57:37 Job submitted from host: <172.20.3.187:9618?addrs=172.20.3.187-9618&noUDP&sock=2043_e813_3>
...
001 (855096.000.000) 08/18 05:56:01 Job executing on host: <172.20.225.5:9618?addrs=172.20.225.5-9618&noUDP&sock=3375_8c39_3>
...
006 (855096.000.000) 08/18 05:56:10 Image size of job updated: 21112
	21  -  MemoryUsage of job (MB)
	21112  -  ResidentSetSize of job (KB)
...
006 (855096.000.000) 08/18 06:01:11 Image size of job updated: 3653192
	3568  -  MemoryUsage of job (MB)
	3653192  -  ResidentSetSize of job (KB)
...
006 (855096.000.000) 08/18 06:06:12 Image size of job updated: 5232976
	5111  -  MemoryUsage of job (MB)
	5232976  -  ResidentSetSize of job (KB)
...
006 (855096.000.000) 08/18 06:11:12 Image size of job updated: 5233124
	5111  -  MemoryUsage of job (MB)
	5233124  -  ResidentSetSize of job (KB)
...
006 (855096.000.000) 08/18 06:16:12 Image size of job updated: 5233292
	5111  -  MemoryUsage of job (MB)
	5233292  -  ResidentSetSize of job (KB)
...
006 (855096.000.000) 08/18 06:21:13 Image size of job updated: 5233940
	5112  -  MemoryUsage of job (MB)
	5233940  -  ResidentSetSize of job (KB)
...
006 (855096.000.000) 08/18 06:26:13 Image size of job updated: 5873412
	5735  -  MemoryUsage of job (MB)
	5872628  -  ResidentSetSize of job (KB)
...
005 (855096.000.000) 08/18 06:27:18 Job terminated.
	(1) Normal termination (return value 0)
		Usr 0 00:32:28, Sys 0 00:00:34  -  Run Remote Usage
		Usr 0 00:00:00, Sys 0 00:00:00  -  Run Local Usage
		Usr 0 00:32:28, Sys 0 00:00:34  -  Total Remote Usage
		Usr 0 00:00:00, Sys 0 00:00:00  -  Total Local Usage
	2103  -  Run Bytes Sent By Job
	405  -  Run Bytes Received By Job
	2103  -  Total Bytes Sent By Job
	405  -  Total Bytes Received By Job
	Partitionable Resources :    Usage  Request Allocated 
	   Cpus                 :     0.46        1         1 
	   Disk (KB)            :   803           1 479749220 
	   Memory (MB)          :  5735        7900      8033 
...
