000 (855069.000.000) 08/18 04:57:36 Job submitted from host: <172.20.3.187:9618?addrs=172.20.3.187-9618&noUDP&sock=2043_e813_3>
...
001 (855069.000.000) 08/18 05:33:05 Job executing on host: <172.20.225.1:9618?addrs=172.20.225.1-9618&noUDP&sock=3382_5963_3>
...
006 (855069.000.000) 08/18 05:33:15 Image size of job updated: 21116
	21  -  MemoryUsage of job (MB)
	21116  -  ResidentSetSize of job (KB)
...
006 (855069.000.000) 08/18 05:38:15 Image size of job updated: 3829300
	3706  -  MemoryUsage of job (MB)
	3793980  -  ResidentSetSize of job (KB)
...
006 (855069.000.000) 08/18 05:43:15 Image size of job updated: 4524696
	4385  -  MemoryUsage of job (MB)
	4489376  -  ResidentSetSize of job (KB)
...
006 (855069.000.000) 08/18 05:48:16 Image size of job updated: 5268572
	5111  -  MemoryUsage of job (MB)
	5233252  -  ResidentSetSize of job (KB)
...
006 (855069.000.000) 08/18 05:53:16 Image size of job updated: 5268572
	5111  -  MemoryUsage of job (MB)
	5233288  -  ResidentSetSize of job (KB)
...
006 (855069.000.000) 08/18 05:58:16 Image size of job updated: 5268572
	5112  -  MemoryUsage of job (MB)
	5234088  -  ResidentSetSize of job (KB)
...
006 (855069.000.000) 08/18 06:06:54 Image size of job updated: 9622076
	5112  -  MemoryUsage of job (MB)
	5234088  -  ResidentSetSize of job (KB)
...
005 (855069.000.000) 08/18 06:06:54 Job terminated.
	(1) Normal termination (return value 0)
		Usr 0 00:32:39, Sys 0 00:00:31  -  Run Remote Usage
		Usr 0 00:00:00, Sys 0 00:00:00  -  Run Local Usage
		Usr 0 00:32:39, Sys 0 00:00:31  -  Total Remote Usage
		Usr 0 00:00:00, Sys 0 00:00:00  -  Total Local Usage
	2103  -  Run Bytes Sent By Job
	405  -  Run Bytes Received By Job
	2103  -  Total Bytes Sent By Job
	405  -  Total Bytes Received By Job
	Partitionable Resources :    Usage  Request Allocated 
	   Cpus                 :     0.83        1         1 
	   Disk (KB)            :   803           1 479786105 
	   Memory (MB)          :  5112        7900      8033 
...
