000 (860054.000.000) 08/18 05:00:23 Job submitted from host: <172.20.3.187:9618?addrs=172.20.3.187-9618&noUDP&sock=2043_e813_3>
...
001 (860054.000.000) 08/18 16:48:00 Job executing on host: <172.20.225.8:9618?addrs=172.20.225.8-9618&noUDP&sock=3440_21e1_3>
...
006 (860054.000.000) 08/18 16:48:09 Image size of job updated: 21120
	21  -  MemoryUsage of job (MB)
	21120  -  ResidentSetSize of job (KB)
...
006 (860054.000.000) 08/18 16:53:10 Image size of job updated: 4478256
	4374  -  MemoryUsage of job (MB)
	4478256  -  ResidentSetSize of job (KB)
...
006 (860054.000.000) 08/18 16:58:11 Image size of job updated: 5611172
	5480  -  MemoryUsage of job (MB)
	5611172  -  ResidentSetSize of job (KB)
...
006 (860054.000.000) 08/18 17:03:11 Image size of job updated: 5611292
	5480  -  MemoryUsage of job (MB)
	5611292  -  ResidentSetSize of job (KB)
...
006 (860054.000.000) 08/18 17:08:12 Image size of job updated: 5611448
	5480  -  MemoryUsage of job (MB)
	5611448  -  ResidentSetSize of job (KB)
...
006 (860054.000.000) 08/18 17:13:12 Image size of job updated: 5612116
	5481  -  MemoryUsage of job (MB)
	5612116  -  ResidentSetSize of job (KB)
...
006 (860054.000.000) 08/18 17:18:12 Image size of job updated: 6127412
	5984  -  MemoryUsage of job (MB)
	6127324  -  ResidentSetSize of job (KB)
...
006 (860054.000.000) 08/18 17:20:31 Image size of job updated: 9990480
	5984  -  MemoryUsage of job (MB)
	6127324  -  ResidentSetSize of job (KB)
...
005 (860054.000.000) 08/18 17:20:31 Job terminated.
	(1) Normal termination (return value 0)
		Usr 0 00:32:23, Sys 0 00:00:38  -  Run Remote Usage
		Usr 0 00:00:00, Sys 0 00:00:00  -  Run Local Usage
		Usr 0 00:32:23, Sys 0 00:00:38  -  Total Remote Usage
		Usr 0 00:00:00, Sys 0 00:00:00  -  Total Local Usage
	2113  -  Run Bytes Sent By Job
	412  -  Run Bytes Received By Job
	2113  -  Total Bytes Sent By Job
	412  -  Total Bytes Received By Job
	Partitionable Resources :    Usage  Request Allocated 
	   Cpus                 :     0.69        1         1 
	   Disk (KB)            :   803           1 479737977 
	   Memory (MB)          :  5984        7900      8033 
...
