000 (854675.000.000) 08/18 04:57:23 Job submitted from host: <172.20.3.187:9618?addrs=172.20.3.187-9618&noUDP&sock=2043_e813_3>
...
001 (854675.000.000) 08/18 04:57:44 Job executing on host: <172.20.225.2:9618?addrs=172.20.225.2-9618&noUDP&sock=3424_285d_3>
...
006 (854675.000.000) 08/18 04:57:54 Image size of job updated: 21116
	21  -  MemoryUsage of job (MB)
	21116  -  ResidentSetSize of job (KB)
...
006 (854675.000.000) 08/18 05:02:55 Image size of job updated: 3809204
	3719  -  MemoryUsage of job (MB)
	3807640  -  ResidentSetSize of job (KB)
...
006 (854675.000.000) 08/18 05:07:55 Image size of job updated: 4632724
	4523  -  MemoryUsage of job (MB)
	4631160  -  ResidentSetSize of job (KB)
...
006 (854675.000.000) 08/18 05:12:56 Image size of job updated: 5389104
	5262  -  MemoryUsage of job (MB)
	5387540  -  ResidentSetSize of job (KB)
...
006 (854675.000.000) 08/18 05:17:56 Image size of job updated: 5389136
	5262  -  MemoryUsage of job (MB)
	5387572  -  ResidentSetSize of job (KB)
...
006 (854675.000.000) 08/18 05:22:56 Image size of job updated: 5389136
	5262  -  MemoryUsage of job (MB)
	5388040  -  ResidentSetSize of job (KB)
...
006 (854675.000.000) 08/18 05:27:57 Image size of job updated: 5389136
	5263  -  MemoryUsage of job (MB)
	5388376  -  ResidentSetSize of job (KB)
...
006 (854675.000.000) 08/18 05:31:52 Image size of job updated: 9179908
	5263  -  MemoryUsage of job (MB)
	5388376  -  ResidentSetSize of job (KB)
...
005 (854675.000.000) 08/18 05:31:52 Job terminated.
	(1) Normal termination (return value 0)
		Usr 0 00:32:46, Sys 0 00:00:35  -  Run Remote Usage
		Usr 0 00:00:00, Sys 0 00:00:00  -  Run Local Usage
		Usr 0 00:32:46, Sys 0 00:00:35  -  Total Remote Usage
		Usr 0 00:00:00, Sys 0 00:00:00  -  Total Local Usage
	2104  -  Run Bytes Sent By Job
	403  -  Run Bytes Received By Job
	2104  -  Total Bytes Sent By Job
	403  -  Total Bytes Received By Job
	Partitionable Resources :    Usage  Request Allocated 
	   Cpus                 :     0.97        1         1 
	   Disk (KB)            :   803           1 479786084 
	   Memory (MB)          :  5263        7900      8033 
...
