000 (854931.000.000) 08/18 04:57:32 Job submitted from host: <172.20.3.187:9618?addrs=172.20.3.187-9618&noUDP&sock=2043_e813_3>
...
001 (854931.000.000) 08/18 05:32:05 Job executing on host: <172.20.225.8:9618?addrs=172.20.225.8-9618&noUDP&sock=3440_21e1_3>
...
006 (854931.000.000) 08/18 05:32:14 Image size of job updated: 21124
	21  -  MemoryUsage of job (MB)
	21124  -  ResidentSetSize of job (KB)
...
006 (854931.000.000) 08/18 05:37:14 Image size of job updated: 3807588
	3719  -  MemoryUsage of job (MB)
	3807488  -  ResidentSetSize of job (KB)
...
006 (854931.000.000) 08/18 05:42:15 Image size of job updated: 4631132
	4523  -  MemoryUsage of job (MB)
	4631032  -  ResidentSetSize of job (KB)
...
006 (854931.000.000) 08/18 05:47:16 Image size of job updated: 5387412
	5262  -  MemoryUsage of job (MB)
	5387412  -  ResidentSetSize of job (KB)
...
006 (854931.000.000) 08/18 05:52:16 Image size of job updated: 5387448
	5262  -  MemoryUsage of job (MB)
	5387448  -  ResidentSetSize of job (KB)
...
006 (854931.000.000) 08/18 05:57:17 Image size of job updated: 5387924
	5262  -  MemoryUsage of job (MB)
	5387924  -  ResidentSetSize of job (KB)
...
006 (854931.000.000) 08/18 06:02:17 Image size of job updated: 5388256
	5262  -  MemoryUsage of job (MB)
	5388256  -  ResidentSetSize of job (KB)
...
006 (854931.000.000) 08/18 06:05:54 Image size of job updated: 6638832
	5262  -  MemoryUsage of job (MB)
	5388256  -  ResidentSetSize of job (KB)
...
005 (854931.000.000) 08/18 06:05:54 Job terminated.
	(1) Normal termination (return value 0)
		Usr 0 00:32:26, Sys 0 00:00:32  -  Run Remote Usage
		Usr 0 00:00:00, Sys 0 00:00:00  -  Run Local Usage
		Usr 0 00:32:26, Sys 0 00:00:32  -  Total Remote Usage
		Usr 0 00:00:00, Sys 0 00:00:00  -  Total Local Usage
	2104  -  Run Bytes Sent By Job
	403  -  Run Bytes Received By Job
	2104  -  Total Bytes Sent By Job
	403  -  Total Bytes Received By Job
	Partitionable Resources :    Usage  Request Allocated 
	   Cpus                 :     0.91        1         1 
	   Disk (KB)            :   803           1 479737977 
	   Memory (MB)          :  5262        7900      8033 
...
