000 (860175.000.000) 08/18 05:00:27 Job submitted from host: <172.20.3.187:9618?addrs=172.20.3.187-9618&noUDP&sock=2043_e813_3>
...
001 (860175.000.000) 08/18 16:49:06 Job executing on host: <172.20.225.5:9618?addrs=172.20.225.5-9618&noUDP&sock=3375_8c39_3>
...
006 (860175.000.000) 08/18 16:49:14 Image size of job updated: 21116
	21  -  MemoryUsage of job (MB)
	21116  -  ResidentSetSize of job (KB)
...
006 (860175.000.000) 08/18 16:54:15 Image size of job updated: 4032108
	3937  -  MemoryUsage of job (MB)
	4031404  -  ResidentSetSize of job (KB)
...
006 (860175.000.000) 08/18 16:59:15 Image size of job updated: 4854924
	4742  -  MemoryUsage of job (MB)
	4854924  -  ResidentSetSize of job (KB)
...
006 (860175.000.000) 08/18 17:04:15 Image size of job updated: 5611300
	5480  -  MemoryUsage of job (MB)
	5611300  -  ResidentSetSize of job (KB)
...
006 (860175.000.000) 08/18 17:09:16 Image size of job updated: 5611336
	5480  -  MemoryUsage of job (MB)
	5611336  -  ResidentSetSize of job (KB)
...
006 (860175.000.000) 08/18 17:14:16 Image size of job updated: 5611812
	5481  -  MemoryUsage of job (MB)
	5611812  -  ResidentSetSize of job (KB)
...
006 (860175.000.000) 08/18 17:19:17 Image size of job updated: 5612136
	5481  -  MemoryUsage of job (MB)
	5612136  -  ResidentSetSize of job (KB)
...
006 (860175.000.000) 08/18 17:23:49 Image size of job updated: 6115368
	5481  -  MemoryUsage of job (MB)
	5612136  -  ResidentSetSize of job (KB)
...
005 (860175.000.000) 08/18 17:23:49 Job terminated.
	(1) Normal termination (return value 0)
		Usr 0 00:33:09, Sys 0 00:00:30  -  Run Remote Usage
		Usr 0 00:00:00, Sys 0 00:00:00  -  Run Local Usage
		Usr 0 00:33:09, Sys 0 00:00:30  -  Total Remote Usage
		Usr 0 00:00:00, Sys 0 00:00:00  -  Total Local Usage
	2113  -  Run Bytes Sent By Job
	412  -  Run Bytes Received By Job
	2113  -  Total Bytes Sent By Job
	412  -  Total Bytes Received By Job
	Partitionable Resources :    Usage  Request Allocated 
	   Cpus                 :     0.83        1         1 
	   Disk (KB)            :   803           1 479749220 
	   Memory (MB)          :  5481        7900      8033 
...
