000 (857162.000.000) 08/18 04:58:48 Job submitted from host: <172.20.3.187:9618?addrs=172.20.3.187-9618&noUDP&sock=2043_e813_3>
...
001 (857162.000.000) 08/18 10:09:22 Job executing on host: <172.20.225.4:9618?addrs=172.20.225.4-9618&noUDP&sock=3366_5fdf_3>
...
006 (857162.000.000) 08/18 10:09:30 Image size of job updated: 21124
	21  -  MemoryUsage of job (MB)
	21124  -  ResidentSetSize of job (KB)
...
006 (857162.000.000) 08/18 10:14:31 Image size of job updated: 5306720
	5173  -  MemoryUsage of job (MB)
	5296844  -  ResidentSetSize of job (KB)
...
006 (857162.000.000) 08/18 10:16:27 Image size of job updated: 5894328
	5173  -  MemoryUsage of job (MB)
	5296844  -  ResidentSetSize of job (KB)
...
005 (857162.000.000) 08/18 10:16:27 Job terminated.
	(1) Normal termination (return value 0)
		Usr 0 00:44:17, Sys 0 00:01:16  -  Run Remote Usage
		Usr 0 00:00:00, Sys 0 00:00:00  -  Run Local Usage
		Usr 0 00:44:17, Sys 0 00:01:16  -  Total Remote Usage
		Usr 0 00:00:00, Sys 0 00:00:00  -  Total Local Usage
	2112  -  Run Bytes Sent By Job
	411  -  Run Bytes Received By Job
	2112  -  Total Bytes Sent By Job
	411  -  Total Bytes Received By Job
	Partitionable Resources :    Usage  Request Allocated 
	   Cpus                 :     0.97        1         1 
	   Disk (KB)            :   803           1 479779449 
	   Memory (MB)          :  5173        7900      8033 
...
