000 (857468.000.000) 08/18 04:58:58 Job submitted from host: <172.20.3.187:9618?addrs=172.20.3.187-9618&noUDP&sock=2043_e813_3>
...
001 (857468.000.000) 08/18 11:37:04 Job executing on host: <172.20.225.4:9618?addrs=172.20.225.4-9618&noUDP&sock=3366_5fdf_3>
...
006 (857468.000.000) 08/18 11:37:14 Image size of job updated: 20804
	21  -  MemoryUsage of job (MB)
	20804  -  ResidentSetSize of job (KB)
...
006 (857468.000.000) 08/18 11:42:14 Image size of job updated: 4588112
	4481  -  MemoryUsage of job (MB)
	4588112  -  ResidentSetSize of job (KB)
...
006 (857468.000.000) 08/18 11:47:15 Image size of job updated: 5344492
	5220  -  MemoryUsage of job (MB)
	5344492  -  ResidentSetSize of job (KB)
...
006 (857468.000.000) 08/18 11:52:15 Image size of job updated: 5344528
	5220  -  MemoryUsage of job (MB)
	5344528  -  ResidentSetSize of job (KB)
...
006 (857468.000.000) 08/18 11:57:16 Image size of job updated: 5345008
	5220  -  MemoryUsage of job (MB)
	5345008  -  ResidentSetSize of job (KB)
...
006 (857468.000.000) 08/18 12:02:16 Image size of job updated: 5345340
	5221  -  MemoryUsage of job (MB)
	5345340  -  ResidentSetSize of job (KB)
...
006 (857468.000.000) 08/18 12:07:18 Image size of job updated: 6047640
	5905  -  MemoryUsage of job (MB)
	6046672  -  ResidentSetSize of job (KB)
...
006 (857468.000.000) 08/18 12:07:55 Image size of job updated: 7559024
	5905  -  MemoryUsage of job (MB)
	6046672  -  ResidentSetSize of job (KB)
...
005 (857468.000.000) 08/18 12:07:55 Job terminated.
	(1) Normal termination (return value 0)
		Usr 0 00:33:13, Sys 0 00:00:33  -  Run Remote Usage
		Usr 0 00:00:00, Sys 0 00:00:00  -  Run Local Usage
		Usr 0 00:33:13, Sys 0 00:00:33  -  Total Remote Usage
		Usr 0 00:00:00, Sys 0 00:00:00  -  Total Local Usage
	2116  -  Run Bytes Sent By Job
	415  -  Run Bytes Received By Job
	2116  -  Total Bytes Sent By Job
	415  -  Total Bytes Received By Job
	Partitionable Resources :    Usage  Request Allocated 
	   Cpus                 :     0.57        1         1 
	   Disk (KB)            :   803           1 479779449 
	   Memory (MB)          :  5905        7900      8033 
...
