000 (860078.000.000) 08/18 05:00:24 Job submitted from host: <172.20.3.187:9618?addrs=172.20.3.187-9618&noUDP&sock=2043_e813_3>
...
001 (860078.000.000) 08/18 16:48:05 Job executing on host: <172.20.225.6:9618?addrs=172.20.225.6-9618&noUDP&sock=3382_5963_3>
...
006 (860078.000.000) 08/18 16:48:14 Image size of job updated: 20768
	21  -  MemoryUsage of job (MB)
	20768  -  ResidentSetSize of job (KB)
...
006 (860078.000.000) 08/18 16:53:15 Image size of job updated: 4171832
	4075  -  MemoryUsage of job (MB)
	4171832  -  ResidentSetSize of job (KB)
...
006 (860078.000.000) 08/18 16:58:15 Image size of job updated: 5173476
	5053  -  MemoryUsage of job (MB)
	5173476  -  ResidentSetSize of job (KB)
...
006 (860078.000.000) 08/18 17:03:16 Image size of job updated: 5611116
	5480  -  MemoryUsage of job (MB)
	5611116  -  ResidentSetSize of job (KB)
...
006 (860078.000.000) 08/18 17:08:16 Image size of job updated: 5611248
	5480  -  MemoryUsage of job (MB)
	5611248  -  ResidentSetSize of job (KB)
...
006 (860078.000.000) 08/18 17:13:17 Image size of job updated: 5611940
	5481  -  MemoryUsage of job (MB)
	5611940  -  ResidentSetSize of job (KB)
...
006 (860078.000.000) 08/18 17:18:18 Image size of job updated: 5818764
	5683  -  MemoryUsage of job (MB)
	5818764  -  ResidentSetSize of job (KB)
...
006 (860078.000.000) 08/18 17:21:44 Image size of job updated: 10279220
	5683  -  MemoryUsage of job (MB)
	5818792  -  ResidentSetSize of job (KB)
...
005 (860078.000.000) 08/18 17:21:44 Job terminated.
	(1) Normal termination (return value 0)
		Usr 0 00:33:07, Sys 0 00:00:36  -  Run Remote Usage
		Usr 0 00:00:00, Sys 0 00:00:00  -  Run Local Usage
		Usr 0 00:33:07, Sys 0 00:00:36  -  Total Remote Usage
		Usr 0 00:00:00, Sys 0 00:00:00  -  Total Local Usage
	2113  -  Run Bytes Sent By Job
	412  -  Run Bytes Received By Job
	2113  -  Total Bytes Sent By Job
	412  -  Total Bytes Received By Job
	Partitionable Resources :    Usage  Request Allocated 
	   Cpus                 :     0.83        1         1 
	   Disk (KB)            :   803           1 479749220 
	   Memory (MB)          :  5683        7900      8033 
...
