000 (854732.000.000) 08/18 04:57:25 Job submitted from host: <172.20.3.187:9618?addrs=172.20.3.187-9618&noUDP&sock=2043_e813_3>
...
001 (854732.000.000) 08/18 04:57:49 Job executing on host: <172.20.225.1:9618?addrs=172.20.225.1-9618&noUDP&sock=3382_5963_3>
...
006 (854732.000.000) 08/18 04:57:59 Image size of job updated: 21112
	21  -  MemoryUsage of job (MB)
	21112  -  ResidentSetSize of job (KB)
...
006 (854732.000.000) 08/18 05:02:59 Image size of job updated: 3809036
	3719  -  MemoryUsage of job (MB)
	3807936  -  ResidentSetSize of job (KB)
...
006 (854732.000.000) 08/18 05:07:59 Image size of job updated: 4632552
	4523  -  MemoryUsage of job (MB)
	4631452  -  ResidentSetSize of job (KB)
...
006 (854732.000.000) 08/18 05:13:00 Image size of job updated: 5388932
	5262  -  MemoryUsage of job (MB)
	5387832  -  ResidentSetSize of job (KB)
...
006 (854732.000.000) 08/18 05:18:00 Image size of job updated: 5388976
	5262  -  MemoryUsage of job (MB)
	5387876  -  ResidentSetSize of job (KB)
...
006 (854732.000.000) 08/18 05:23:01 Image size of job updated: 5388976
	5263  -  MemoryUsage of job (MB)
	5388340  -  ResidentSetSize of job (KB)
...
006 (854732.000.000) 08/18 05:28:01 Image size of job updated: 5388976
	5263  -  MemoryUsage of job (MB)
	5388688  -  ResidentSetSize of job (KB)
...
006 (854732.000.000) 08/18 05:31:53 Image size of job updated: 16787396
	5263  -  MemoryUsage of job (MB)
	5388688  -  ResidentSetSize of job (KB)
...
005 (854732.000.000) 08/18 05:31:53 Job terminated.
	(1) Normal termination (return value 0)
		Usr 0 00:32:30, Sys 0 00:00:38  -  Run Remote Usage
		Usr 0 00:00:00, Sys 0 00:00:00  -  Run Local Usage
		Usr 0 00:32:30, Sys 0 00:00:38  -  Total Remote Usage
		Usr 0 00:00:00, Sys 0 00:00:00  -  Total Local Usage
	2104  -  Run Bytes Sent By Job
	403  -  Run Bytes Received By Job
	2104  -  Total Bytes Sent By Job
	403  -  Total Bytes Received By Job
	Partitionable Resources :    Usage  Request Allocated 
	   Cpus                 :     1.00        1         1 
	   Disk (KB)            :   803           1 479786105 
	   Memory (MB)          :  5263        7900      8033 
...
