000 (857884.000.000) 08/18 04:59:11 Job submitted from host: <172.20.3.187:9618?addrs=172.20.3.187-9618&noUDP&sock=2043_e813_3>
...
001 (857884.000.000) 08/18 12:17:06 Job executing on host: <172.20.225.6:9618?addrs=172.20.225.6-9618&noUDP&sock=3382_5963_3>
...
006 (857884.000.000) 08/18 12:17:15 Image size of job updated: 21124
	21  -  MemoryUsage of job (MB)
	21124  -  ResidentSetSize of job (KB)
...
006 (857884.000.000) 08/18 12:22:16 Image size of job updated: 3650204
	3565  -  MemoryUsage of job (MB)
	3650204  -  ResidentSetSize of job (KB)
...
006 (857884.000.000) 08/18 12:27:17 Image size of job updated: 4473724
	4369  -  MemoryUsage of job (MB)
	4473724  -  ResidentSetSize of job (KB)
...
006 (857884.000.000) 08/18 12:32:17 Image size of job updated: 5230112
	5108  -  MemoryUsage of job (MB)
	5230112  -  ResidentSetSize of job (KB)
...
006 (857884.000.000) 08/18 12:37:17 Image size of job updated: 5230148
	5108  -  MemoryUsage of job (MB)
	5230148  -  ResidentSetSize of job (KB)
...
006 (857884.000.000) 08/18 12:42:17 Image size of job updated: 5230944
	5109  -  MemoryUsage of job (MB)
	5230944  -  ResidentSetSize of job (KB)
...
006 (857884.000.000) 08/18 12:47:18 Image size of job updated: 5429800
	5303  -  MemoryUsage of job (MB)
	5429800  -  ResidentSetSize of job (KB)
...
006 (857884.000.000) 08/18 12:51:02 Image size of job updated: 9736104
	5303  -  MemoryUsage of job (MB)
	5429816  -  ResidentSetSize of job (KB)
...
005 (857884.000.000) 08/18 12:51:02 Job terminated.
	(1) Normal termination (return value 0)
		Usr 0 00:32:44, Sys 0 00:00:30  -  Run Remote Usage
		Usr 0 00:00:00, Sys 0 00:00:00  -  Run Local Usage
		Usr 0 00:32:44, Sys 0 00:00:30  -  Total Remote Usage
		Usr 0 00:00:00, Sys 0 00:00:00  -  Total Local Usage
	2098  -  Run Bytes Sent By Job
	400  -  Run Bytes Received By Job
	2098  -  Total Bytes Sent By Job
	400  -  Total Bytes Received By Job
	Partitionable Resources :    Usage  Request Allocated 
	   Cpus                 :     0.67        1         1 
	   Disk (KB)            :   803           1 479749220 
	   Memory (MB)          :  5303        7900      8033 
...
