000 (856814.000.000) 08/18 04:58:37 Job submitted from host: <172.20.3.187:9618?addrs=172.20.3.187-9618&noUDP&sock=2043_e813_3>
...
001 (856814.000.000) 08/18 09:06:29 Job executing on host: <172.20.225.8:9618?addrs=172.20.225.8-9618&noUDP&sock=3440_21e1_3>
...
006 (856814.000.000) 08/18 09:06:39 Image size of job updated: 21116
	21  -  MemoryUsage of job (MB)
	21116  -  ResidentSetSize of job (KB)
...
006 (856814.000.000) 08/18 09:11:39 Image size of job updated: 3810440
	3722  -  MemoryUsage of job (MB)
	3810440  -  ResidentSetSize of job (KB)
...
006 (856814.000.000) 08/18 09:16:39 Image size of job updated: 4505836
	4401  -  MemoryUsage of job (MB)
	4505836  -  ResidentSetSize of job (KB)
...
006 (856814.000.000) 08/18 09:21:40 Image size of job updated: 5249724
	5127  -  MemoryUsage of job (MB)
	5249724  -  ResidentSetSize of job (KB)
...
006 (856814.000.000) 08/18 09:26:41 Image size of job updated: 5249872
	5127  -  MemoryUsage of job (MB)
	5249872  -  ResidentSetSize of job (KB)
...
006 (856814.000.000) 08/18 09:31:41 Image size of job updated: 5250552
	5128  -  MemoryUsage of job (MB)
	5250552  -  ResidentSetSize of job (KB)
...
006 (856814.000.000) 08/18 09:36:41 Image size of job updated: 5742676
	5609  -  MemoryUsage of job (MB)
	5742676  -  ResidentSetSize of job (KB)
...
006 (856814.000.000) 08/18 09:38:44 Image size of job updated: 5851832
	5609  -  MemoryUsage of job (MB)
	5742676  -  ResidentSetSize of job (KB)
...
005 (856814.000.000) 08/18 09:38:44 Job terminated.
	(1) Normal termination (return value 0)
		Usr 0 00:32:22, Sys 0 00:00:35  -  Run Remote Usage
		Usr 0 00:00:00, Sys 0 00:00:00  -  Run Local Usage
		Usr 0 00:32:22, Sys 0 00:00:35  -  Total Remote Usage
		Usr 0 00:00:00, Sys 0 00:00:00  -  Total Local Usage
	2099  -  Run Bytes Sent By Job
	401  -  Run Bytes Received By Job
	2099  -  Total Bytes Sent By Job
	401  -  Total Bytes Received By Job
	Partitionable Resources :    Usage  Request Allocated 
	   Cpus                 :     0.51        1         1 
	   Disk (KB)            :   803           1 479737977 
	   Memory (MB)          :  5609        7900      8033 
...
