000 (858925.000.000) 08/18 04:59:45 Job submitted from host: <172.20.3.187:9618?addrs=172.20.3.187-9618&noUDP&sock=2043_e813_3>
...
001 (858925.000.000) 08/18 14:23:39 Job executing on host: <172.20.225.4:9618?addrs=172.20.225.4-9618&noUDP&sock=3366_5fdf_3>
...
006 (858925.000.000) 08/18 14:23:48 Image size of job updated: 21112
	21  -  MemoryUsage of job (MB)
	21112  -  ResidentSetSize of job (KB)
...
006 (858925.000.000) 08/18 14:28:49 Image size of job updated: 925508
	904  -  MemoryUsage of job (MB)
	925508  -  ResidentSetSize of job (KB)
...
006 (858925.000.000) 08/18 14:33:48 Image size of job updated: 958484
	937  -  MemoryUsage of job (MB)
	958484  -  ResidentSetSize of job (KB)
...
006 (858925.000.000) 08/18 14:36:32 Image size of job updated: 1284508
	937  -  MemoryUsage of job (MB)
	958484  -  ResidentSetSize of job (KB)
...
005 (858925.000.000) 08/18 14:36:32 Job terminated.
	(1) Normal termination (return value 0)
		Usr 0 00:16:47, Sys 0 00:00:06  -  Run Remote Usage
		Usr 0 00:00:00, Sys 0 00:00:00  -  Run Local Usage
		Usr 0 00:16:47, Sys 0 00:00:06  -  Total Remote Usage
		Usr 0 00:00:00, Sys 0 00:00:00  -  Total Local Usage
	2089  -  Run Bytes Sent By Job
	400  -  Run Bytes Received By Job
	2089  -  Total Bytes Sent By Job
	400  -  Total Bytes Received By Job
	Partitionable Resources :    Usage  Request Allocated 
	   Cpus                 :     0.49        1         1 
	   Disk (KB)            :   803           1 479779449 
	   Memory (MB)          :   937        7900      8033 
...
