000 (856631.000.000) 08/18 04:58:31 Job submitted from host: <172.20.3.187:9618?addrs=172.20.3.187-9618&noUDP&sock=2043_e813_3>
...
001 (856631.000.000) 08/18 08:45:33 Job executing on host: <172.20.225.2:9618?addrs=172.20.225.2-9618&noUDP&sock=3424_285d_3>
...
006 (856631.000.000) 08/18 08:45:42 Image size of job updated: 21116
	21  -  MemoryUsage of job (MB)
	21116  -  ResidentSetSize of job (KB)
...
006 (856631.000.000) 08/18 08:50:43 Image size of job updated: 3782496
	3694  -  MemoryUsage of job (MB)
	3782432  -  ResidentSetSize of job (KB)
...
006 (856631.000.000) 08/18 08:55:44 Image size of job updated: 4784084
	4672  -  MemoryUsage of job (MB)
	4784084  -  ResidentSetSize of job (KB)
...
006 (856631.000.000) 08/18 09:00:45 Image size of job updated: 5221724
	5100  -  MemoryUsage of job (MB)
	5221724  -  ResidentSetSize of job (KB)
...
006 (856631.000.000) 08/18 09:05:45 Image size of job updated: 5221860
	5100  -  MemoryUsage of job (MB)
	5221860  -  ResidentSetSize of job (KB)
...
006 (856631.000.000) 08/18 09:10:46 Image size of job updated: 5222544
	5101  -  MemoryUsage of job (MB)
	5222544  -  ResidentSetSize of job (KB)
...
006 (856631.000.000) 08/18 09:15:47 Image size of job updated: 5754200
	5569  -  MemoryUsage of job (MB)
	5702628  -  ResidentSetSize of job (KB)
...
006 (856631.000.000) 08/18 09:17:06 Image size of job updated: 9433828
	5569  -  MemoryUsage of job (MB)
	5702640  -  ResidentSetSize of job (KB)
...
005 (856631.000.000) 08/18 09:17:08 Job terminated.
	(1) Normal termination (return value 0)
		Usr 0 00:31:52, Sys 0 00:00:33  -  Run Remote Usage
		Usr 0 00:00:00, Sys 0 00:00:00  -  Run Local Usage
		Usr 0 00:31:52, Sys 0 00:00:33  -  Total Remote Usage
		Usr 0 00:00:00, Sys 0 00:00:00  -  Total Local Usage
	2118  -  Run Bytes Sent By Job
	420  -  Run Bytes Received By Job
	2118  -  Total Bytes Sent By Job
	420  -  Total Bytes Received By Job
	Partitionable Resources :    Usage  Request Allocated 
	   Cpus                 :     0.88        1         1 
	   Disk (KB)            :   803           1 479786084 
	   Memory (MB)          :  5569        7900      8033 
...
