000 (857986.000.000) 08/18 04:59:15 Job submitted from host: <172.20.3.187:9618?addrs=172.20.3.187-9618&noUDP&sock=2043_e813_3>
...
001 (857986.000.000) 08/18 12:19:05 Job executing on host: <172.20.225.2:9618?addrs=172.20.225.2-9618&noUDP&sock=3424_285d_3>
...
006 (857986.000.000) 08/18 12:19:13 Image size of job updated: 21128
	21  -  MemoryUsage of job (MB)
	21128  -  ResidentSetSize of job (KB)
...
006 (857986.000.000) 08/18 12:24:14 Image size of job updated: 3824244
	3734  -  MemoryUsage of job (MB)
	3822712  -  ResidentSetSize of job (KB)
...
006 (857986.000.000) 08/18 12:29:14 Image size of job updated: 5263388
	5139  -  MemoryUsage of job (MB)
	5261868  -  ResidentSetSize of job (KB)
...
006 (857986.000.000) 08/18 12:34:14 Image size of job updated: 5263528
	5139  -  MemoryUsage of job (MB)
	5262008  -  ResidentSetSize of job (KB)
...
006 (857986.000.000) 08/18 12:39:15 Image size of job updated: 5264020
	5140  -  MemoryUsage of job (MB)
	5262492  -  ResidentSetSize of job (KB)
...
006 (857986.000.000) 08/18 12:44:15 Image size of job updated: 5439884
	5313  -  MemoryUsage of job (MB)
	5439884  -  ResidentSetSize of job (KB)
...
006 (857986.000.000) 08/18 12:48:51 Image size of job updated: 14732344
	5313  -  MemoryUsage of job (MB)
	5439940  -  ResidentSetSize of job (KB)
...
005 (857986.000.000) 08/18 12:48:51 Job terminated.
	(1) Normal termination (return value 0)
		Usr 0 00:34:52, Sys 0 00:00:37  -  Run Remote Usage
		Usr 0 00:00:00, Sys 0 00:00:00  -  Run Local Usage
		Usr 0 00:34:52, Sys 0 00:00:37  -  Total Remote Usage
		Usr 0 00:00:00, Sys 0 00:00:00  -  Total Local Usage
	2104  -  Run Bytes Sent By Job
	405  -  Run Bytes Received By Job
	2104  -  Total Bytes Sent By Job
	405  -  Total Bytes Received By Job
	Partitionable Resources :    Usage  Request Allocated 
	   Cpus                 :     0.93        1         1 
	   Disk (KB)            :   803           1 479786084 
	   Memory (MB)          :  5313        7900      8033 
...
