000 (855842.000.000) 08/18 04:58:05 Job submitted from host: <172.20.3.187:9618?addrs=172.20.3.187-9618&noUDP&sock=2043_e813_3>
...
001 (855842.000.000) 08/18 07:14:14 Job executing on host: <172.20.225.6:9618?addrs=172.20.225.6-9618&noUDP&sock=3382_5963_3>
...
006 (855842.000.000) 08/18 07:14:24 Image size of job updated: 21124
	21  -  MemoryUsage of job (MB)
	21124  -  ResidentSetSize of job (KB)
...
006 (855842.000.000) 08/18 07:19:26 Image size of job updated: 3784372
	3696  -  MemoryUsage of job (MB)
	3784340  -  ResidentSetSize of job (KB)
...
006 (855842.000.000) 08/18 07:24:26 Image size of job updated: 4607888
	4500  -  MemoryUsage of job (MB)
	4607856  -  ResidentSetSize of job (KB)
...
006 (855842.000.000) 08/18 07:29:27 Image size of job updated: 5364272
	5239  -  MemoryUsage of job (MB)
	5364240  -  ResidentSetSize of job (KB)
...
006 (855842.000.000) 08/18 07:34:28 Image size of job updated: 5364276
	5239  -  MemoryUsage of job (MB)
	5364276  -  ResidentSetSize of job (KB)
...
006 (855842.000.000) 08/18 07:39:28 Image size of job updated: 5365076
	5240  -  MemoryUsage of job (MB)
	5365076  -  ResidentSetSize of job (KB)
...
006 (855842.000.000) 08/18 07:44:29 Image size of job updated: 5743204
	5609  -  MemoryUsage of job (MB)
	5742712  -  ResidentSetSize of job (KB)
...
006 (855842.000.000) 08/18 07:47:08 Image size of job updated: 7577816
	5614  -  MemoryUsage of job (MB)
	5748596  -  ResidentSetSize of job (KB)
...
005 (855842.000.000) 08/18 07:47:08 Job terminated.
	(1) Normal termination (return value 0)
		Usr 0 00:32:51, Sys 0 00:00:27  -  Run Remote Usage
		Usr 0 00:00:00, Sys 0 00:00:00  -  Run Local Usage
		Usr 0 00:32:51, Sys 0 00:00:27  -  Total Remote Usage
		Usr 0 00:00:00, Sys 0 00:00:00  -  Total Local Usage
	2110  -  Run Bytes Sent By Job
	411  -  Run Bytes Received By Job
	2110  -  Total Bytes Sent By Job
	411  -  Total Bytes Received By Job
	Partitionable Resources :    Usage  Request Allocated 
	   Cpus                 :     0.66        1         1 
	   Disk (KB)            :   803           1 479749220 
	   Memory (MB)          :  5614        7900      8033 
...
