000 (854683.000.000) 08/18 04:57:24 Job submitted from host: <172.20.3.187:9618?addrs=172.20.3.187-9618&noUDP&sock=2043_e813_3>
...
001 (854683.000.000) 08/18 04:57:47 Job executing on host: <172.20.225.2:9618?addrs=172.20.225.2-9618&noUDP&sock=3424_285d_3>
...
006 (854683.000.000) 08/18 04:57:55 Image size of job updated: 21120
	21  -  MemoryUsage of job (MB)
	21120  -  ResidentSetSize of job (KB)
...
006 (854683.000.000) 08/18 05:02:56 Image size of job updated: 3808640
	3719  -  MemoryUsage of job (MB)
	3807280  -  ResidentSetSize of job (KB)
...
006 (854683.000.000) 08/18 05:07:56 Image size of job updated: 4644660
	4535  -  MemoryUsage of job (MB)
	4643300  -  ResidentSetSize of job (KB)
...
006 (854683.000.000) 08/18 05:12:58 Image size of job updated: 5388548
	5261  -  MemoryUsage of job (MB)
	5387188  -  ResidentSetSize of job (KB)
...
006 (854683.000.000) 08/18 05:17:58 Image size of job updated: 5388688
	5262  -  MemoryUsage of job (MB)
	5387328  -  ResidentSetSize of job (KB)
...
006 (854683.000.000) 08/18 05:22:58 Image size of job updated: 5389376
	5262  -  MemoryUsage of job (MB)
	5388016  -  ResidentSetSize of job (KB)
...
006 (854683.000.000) 08/18 05:27:59 Image size of job updated: 5586264
	5455  -  MemoryUsage of job (MB)
	5584904  -  ResidentSetSize of job (KB)
...
006 (854683.000.000) 08/18 05:30:26 Image size of job updated: 16643876
	5455  -  MemoryUsage of job (MB)
	5584924  -  ResidentSetSize of job (KB)
...
005 (854683.000.000) 08/18 05:30:26 Job terminated.
	(1) Normal termination (return value 0)
		Usr 0 00:31:23, Sys 0 00:00:35  -  Run Remote Usage
		Usr 0 00:00:00, Sys 0 00:00:00  -  Run Local Usage
		Usr 0 00:31:23, Sys 0 00:00:35  -  Total Remote Usage
		Usr 0 00:00:00, Sys 0 00:00:00  -  Total Local Usage
	2104  -  Run Bytes Sent By Job
	403  -  Run Bytes Received By Job
	2104  -  Total Bytes Sent By Job
	403  -  Total Bytes Received By Job
	Partitionable Resources :    Usage  Request Allocated 
	   Cpus                 :     1.00        1         1 
	   Disk (KB)            :   803           1 479786084 
	   Memory (MB)          :  5455        7900      8033 
...
