000 (858472.000.000) 08/18 04:59:31 Job submitted from host: <172.20.3.187:9618?addrs=172.20.3.187-9618&noUDP&sock=2043_e813_3>
...
001 (858472.000.000) 08/18 13:25:13 Job executing on host: <172.20.225.6:9618?addrs=172.20.225.6-9618&noUDP&sock=3382_5963_3>
...
006 (858472.000.000) 08/18 13:25:21 Image size of job updated: 21132
	21  -  MemoryUsage of job (MB)
	21132  -  ResidentSetSize of job (KB)
...
006 (858472.000.000) 08/18 13:30:21 Image size of job updated: 3974104
	3881  -  MemoryUsage of job (MB)
	3974104  -  ResidentSetSize of job (KB)
...
006 (858472.000.000) 08/18 13:35:23 Image size of job updated: 4810124
	4698  -  MemoryUsage of job (MB)
	4810124  -  ResidentSetSize of job (KB)
...
006 (858472.000.000) 08/18 13:40:23 Image size of job updated: 5554012
	5424  -  MemoryUsage of job (MB)
	5554012  -  ResidentSetSize of job (KB)
...
006 (858472.000.000) 08/18 13:45:24 Image size of job updated: 5554144
	5424  -  MemoryUsage of job (MB)
	5554144  -  ResidentSetSize of job (KB)
...
006 (858472.000.000) 08/18 13:50:24 Image size of job updated: 5554840
	5425  -  MemoryUsage of job (MB)
	5554840  -  ResidentSetSize of job (KB)
...
006 (858472.000.000) 08/18 13:55:25 Image size of job updated: 5761156
	5626  -  MemoryUsage of job (MB)
	5760532  -  ResidentSetSize of job (KB)
...
006 (858472.000.000) 08/18 14:00:25 Image size of job updated: 5761156
	5626  -  MemoryUsage of job (MB)
	5760540  -  ResidentSetSize of job (KB)
...
005 (858472.000.000) 08/18 14:00:27 Job terminated.
	(1) Normal termination (return value 0)
		Usr 0 00:34:09, Sys 0 00:00:35  -  Run Remote Usage
		Usr 0 00:00:00, Sys 0 00:00:00  -  Run Local Usage
		Usr 0 00:34:09, Sys 0 00:00:35  -  Total Remote Usage
		Usr 0 00:00:00, Sys 0 00:00:00  -  Total Local Usage
	2113  -  Run Bytes Sent By Job
	412  -  Run Bytes Received By Job
	2113  -  Total Bytes Sent By Job
	412  -  Total Bytes Received By Job
	Partitionable Resources :    Usage  Request Allocated 
	   Cpus                 :     0.70        1         1 
	   Disk (KB)            :   803           1 479749220 
	   Memory (MB)          :  5626        7900      8033 
...
