000 (855697.000.000) 08/18 04:58:00 Job submitted from host: <172.20.3.187:9618?addrs=172.20.3.187-9618&noUDP&sock=2043_e813_3>
...
001 (855697.000.000) 08/18 07:01:31 Job executing on host: <172.20.225.1:9618?addrs=172.20.225.1-9618&noUDP&sock=3382_5963_3>
...
006 (855697.000.000) 08/18 07:01:41 Image size of job updated: 21120
	21  -  MemoryUsage of job (MB)
	21120  -  ResidentSetSize of job (KB)
...
006 (855697.000.000) 08/18 07:06:41 Image size of job updated: 3732312
	3645  -  MemoryUsage of job (MB)
	3732312  -  ResidentSetSize of job (KB)
...
006 (855697.000.000) 08/18 07:11:42 Image size of job updated: 4568336
	4462  -  MemoryUsage of job (MB)
	4568336  -  ResidentSetSize of job (KB)
...
006 (855697.000.000) 08/18 07:16:43 Image size of job updated: 5312232
	5188  -  MemoryUsage of job (MB)
	5312232  -  ResidentSetSize of job (KB)
...
006 (855697.000.000) 08/18 07:21:42 Image size of job updated: 5312384
	5188  -  MemoryUsage of job (MB)
	5312384  -  ResidentSetSize of job (KB)
...
006 (855697.000.000) 08/18 07:26:43 Image size of job updated: 5313052
	5189  -  MemoryUsage of job (MB)
	5313052  -  ResidentSetSize of job (KB)
...
006 (855697.000.000) 08/18 07:31:43 Image size of job updated: 5715364
	5580  -  MemoryUsage of job (MB)
	5713880  -  ResidentSetSize of job (KB)
...
006 (855697.000.000) 08/18 07:34:21 Image size of job updated: 9088852
	5580  -  MemoryUsage of job (MB)
	5713908  -  ResidentSetSize of job (KB)
...
005 (855697.000.000) 08/18 07:34:21 Job terminated.
	(1) Normal termination (return value 0)
		Usr 0 00:33:16, Sys 0 00:00:30  -  Run Remote Usage
		Usr 0 00:00:00, Sys 0 00:00:00  -  Run Local Usage
		Usr 0 00:33:16, Sys 0 00:00:30  -  Total Remote Usage
		Usr 0 00:00:00, Sys 0 00:00:00  -  Total Local Usage
	2109  -  Run Bytes Sent By Job
	408  -  Run Bytes Received By Job
	2109  -  Total Bytes Sent By Job
	408  -  Total Bytes Received By Job
	Partitionable Resources :    Usage  Request Allocated 
	   Cpus                 :     0.56        1         1 
	   Disk (KB)            :   803           1 479786105 
	   Memory (MB)          :  5580        7900      8033 
...
