000 (857494.000.000) 08/18 04:58:59 Job submitted from host: <172.20.3.187:9618?addrs=172.20.3.187-9618&noUDP&sock=2043_e813_3>
...
001 (857494.000.000) 08/18 11:38:40 Job executing on host: <172.20.225.8:9618?addrs=172.20.225.8-9618&noUDP&sock=3440_21e1_3>
...
006 (857494.000.000) 08/18 11:38:48 Image size of job updated: 21112
	21  -  MemoryUsage of job (MB)
	21112  -  ResidentSetSize of job (KB)
...
006 (857494.000.000) 08/18 11:43:49 Image size of job updated: 6033040
	5892  -  MemoryUsage of job (MB)
	6032624  -  ResidentSetSize of job (KB)
...
006 (857494.000.000) 08/18 11:43:58 Image size of job updated: 9686448
	5892  -  MemoryUsage of job (MB)
	6032624  -  ResidentSetSize of job (KB)
...
005 (857494.000.000) 08/18 11:43:58 Job terminated.
	(1) Normal termination (return value 0)
		Usr 0 00:42:41, Sys 0 00:02:07  -  Run Remote Usage
		Usr 0 00:00:00, Sys 0 00:00:00  -  Run Local Usage
		Usr 0 00:42:41, Sys 0 00:02:07  -  Total Remote Usage
		Usr 0 00:00:00, Sys 0 00:00:00  -  Total Local Usage
	2116  -  Run Bytes Sent By Job
	415  -  Run Bytes Received By Job
	2116  -  Total Bytes Sent By Job
	415  -  Total Bytes Received By Job
	Partitionable Resources :    Usage  Request Allocated 
	   Cpus                 :     1.00        1         1 
	   Disk (KB)            :   803           1 479737977 
	   Memory (MB)          :  5892        7900      8033 
...
