000 (858146.000.000) 08/18 04:59:20 Job submitted from host: <172.20.3.187:9618?addrs=172.20.3.187-9618&noUDP&sock=2043_e813_3>
...
001 (858146.000.000) 08/18 12:49:05 Job executing on host: <172.20.225.2:9618?addrs=172.20.225.2-9618&noUDP&sock=3424_285d_3>
...
006 (858146.000.000) 08/18 12:49:13 Image size of job updated: 21108
	21  -  MemoryUsage of job (MB)
	21108  -  ResidentSetSize of job (KB)
...
006 (858146.000.000) 08/18 12:54:14 Image size of job updated: 4158944
	4062  -  MemoryUsage of job (MB)
	4158944  -  ResidentSetSize of job (KB)
...
006 (858146.000.000) 08/18 12:59:14 Image size of job updated: 5291848
	5168  -  MemoryUsage of job (MB)
	5291848  -  ResidentSetSize of job (KB)
...
006 (858146.000.000) 08/18 13:04:15 Image size of job updated: 5291980
	5168  -  MemoryUsage of job (MB)
	5291980  -  ResidentSetSize of job (KB)
...
006 (858146.000.000) 08/18 13:09:15 Image size of job updated: 5292532
	5169  -  MemoryUsage of job (MB)
	5292460  -  ResidentSetSize of job (KB)
...
006 (858146.000.000) 08/18 13:14:16 Image size of job updated: 5292796
	5169  -  MemoryUsage of job (MB)
	5292796  -  ResidentSetSize of job (KB)
...
005 (858146.000.000) 08/18 13:19:17 Job terminated.
	(1) Normal termination (return value 0)
		Usr 0 00:35:47, Sys 0 00:00:37  -  Run Remote Usage
		Usr 0 00:00:00, Sys 0 00:00:00  -  Run Local Usage
		Usr 0 00:35:47, Sys 0 00:00:37  -  Total Remote Usage
		Usr 0 00:00:00, Sys 0 00:00:00  -  Total Local Usage
	2103  -  Run Bytes Sent By Job
	404  -  Run Bytes Received By Job
	2103  -  Total Bytes Sent By Job
	404  -  Total Bytes Received By Job
	Partitionable Resources :    Usage  Request Allocated 
	   Cpus                 :     0.78        1         1 
	   Disk (KB)            :   803           1 479786084 
	   Memory (MB)          :  5169        7900      8033 
...
