000 (855686.000.000) 08/18 04:58:00 Job submitted from host: <172.20.3.187:9618?addrs=172.20.3.187-9618&noUDP&sock=2043_e813_3>
...
001 (855686.000.000) 08/18 07:01:36 Job executing on host: <172.20.225.4:9618?addrs=172.20.225.4-9618&noUDP&sock=3366_5fdf_3>
...
006 (855686.000.000) 08/18 07:01:44 Image size of job updated: 21124
	21  -  MemoryUsage of job (MB)
	21124  -  ResidentSetSize of job (KB)
...
006 (855686.000.000) 08/18 07:06:45 Image size of job updated: 4179564
	4082  -  MemoryUsage of job (MB)
	4179564  -  ResidentSetSize of job (KB)
...
006 (855686.000.000) 08/18 07:11:45 Image size of job updated: 5312492
	5188  -  MemoryUsage of job (MB)
	5312492  -  ResidentSetSize of job (KB)
...
006 (855686.000.000) 08/18 07:16:47 Image size of job updated: 5312604
	5189  -  MemoryUsage of job (MB)
	5312604  -  ResidentSetSize of job (KB)
...
006 (855686.000.000) 08/18 07:21:47 Image size of job updated: 5313076
	5189  -  MemoryUsage of job (MB)
	5313076  -  ResidentSetSize of job (KB)
...
006 (855686.000.000) 08/18 07:26:48 Image size of job updated: 5313412
	5189  -  MemoryUsage of job (MB)
	5313412  -  ResidentSetSize of job (KB)
...
006 (855686.000.000) 08/18 07:29:47 Image size of job updated: 9683392
	5189  -  MemoryUsage of job (MB)
	5313412  -  ResidentSetSize of job (KB)
...
005 (855686.000.000) 08/18 07:29:47 Job terminated.
	(1) Normal termination (return value 0)
		Usr 0 00:32:20, Sys 0 00:00:35  -  Run Remote Usage
		Usr 0 00:00:00, Sys 0 00:00:00  -  Run Local Usage
		Usr 0 00:32:20, Sys 0 00:00:35  -  Total Remote Usage
		Usr 0 00:00:00, Sys 0 00:00:00  -  Total Local Usage
	2109  -  Run Bytes Sent By Job
	408  -  Run Bytes Received By Job
	2109  -  Total Bytes Sent By Job
	408  -  Total Bytes Received By Job
	Partitionable Resources :    Usage  Request Allocated 
	   Cpus                 :     0.99        1         1 
	   Disk (KB)            :   803           1 479779449 
	   Memory (MB)          :  5189        7900      8033 
...
