000 (856304.000.000) 08/18 04:58:20 Job submitted from host: <172.20.3.187:9618?addrs=172.20.3.187-9618&noUDP&sock=2043_e813_3>
...
001 (856304.000.000) 08/18 08:10:19 Job executing on host: <172.20.225.4:9618?addrs=172.20.225.4-9618&noUDP&sock=3366_5fdf_3>
...
006 (856304.000.000) 08/18 08:10:28 Image size of job updated: 21112
	21  -  MemoryUsage of job (MB)
	21112  -  ResidentSetSize of job (KB)
...
006 (856304.000.000) 08/18 08:15:29 Image size of job updated: 3904608
	3814  -  MemoryUsage of job (MB)
	3904608  -  ResidentSetSize of job (KB)
...
006 (856304.000.000) 08/18 08:20:30 Image size of job updated: 4600004
	4493  -  MemoryUsage of job (MB)
	4600004  -  ResidentSetSize of job (KB)
...
006 (856304.000.000) 08/18 08:25:30 Image size of job updated: 5343888
	5219  -  MemoryUsage of job (MB)
	5343888  -  ResidentSetSize of job (KB)
...
006 (856304.000.000) 08/18 08:30:30 Image size of job updated: 5344020
	5219  -  MemoryUsage of job (MB)
	5344020  -  ResidentSetSize of job (KB)
...
006 (856304.000.000) 08/18 08:35:31 Image size of job updated: 5344720
	5220  -  MemoryUsage of job (MB)
	5344720  -  ResidentSetSize of job (KB)
...
006 (856304.000.000) 08/18 08:40:31 Image size of job updated: 6702496
	6546  -  MemoryUsage of job (MB)
	6702436  -  ResidentSetSize of job (KB)
...
006 (856304.000.000) 08/18 08:42:19 Image size of job updated: 6702496
	6546  -  MemoryUsage of job (MB)
	6702444  -  ResidentSetSize of job (KB)
...
005 (856304.000.000) 08/18 08:42:19 Job terminated.
	(1) Normal termination (return value 0)
		Usr 0 00:32:36, Sys 0 00:00:31  -  Run Remote Usage
		Usr 0 00:00:00, Sys 0 00:00:00  -  Run Local Usage
		Usr 0 00:32:36, Sys 0 00:00:31  -  Total Remote Usage
		Usr 0 00:00:00, Sys 0 00:00:00  -  Total Local Usage
	2107  -  Run Bytes Sent By Job
	406  -  Run Bytes Received By Job
	2107  -  Total Bytes Sent By Job
	406  -  Total Bytes Received By Job
	Partitionable Resources :    Usage  Request Allocated 
	   Cpus                 :     0.52        1         1 
	   Disk (KB)            :   803           1 479779449 
	   Memory (MB)          :  6546        7900      8033 
...
