000 (860468.000.000) 08/18 05:00:37 Job submitted from host: <172.20.3.187:9618?addrs=172.20.3.187-9618&noUDP&sock=2043_e813_3>
...
001 (860468.000.000) 08/18 17:25:30 Job executing on host: <172.20.225.2:9618?addrs=172.20.225.2-9618&noUDP&sock=3424_285d_3>
...
006 (860468.000.000) 08/18 17:25:39 Image size of job updated: 21116
	21  -  MemoryUsage of job (MB)
	21116  -  ResidentSetSize of job (KB)
...
006 (860468.000.000) 08/18 17:30:40 Image size of job updated: 4036432
	3937  -  MemoryUsage of job (MB)
	4031404  -  ResidentSetSize of job (KB)
...
006 (860468.000.000) 08/18 17:35:41 Image size of job updated: 4856928
	4739  -  MemoryUsage of job (MB)
	4851832  -  ResidentSetSize of job (KB)
...
006 (860468.000.000) 08/18 17:40:41 Image size of job updated: 5616348
	5480  -  MemoryUsage of job (MB)
	5611252  -  ResidentSetSize of job (KB)
...
006 (860468.000.000) 08/18 17:45:41 Image size of job updated: 5616472
	5480  -  MemoryUsage of job (MB)
	5611376  -  ResidentSetSize of job (KB)
...
006 (860468.000.000) 08/18 17:50:42 Image size of job updated: 5616472
	5481  -  MemoryUsage of job (MB)
	5612184  -  ResidentSetSize of job (KB)
...
006 (860468.000.000) 08/18 17:55:43 Image size of job updated: 6133052
	5990  -  MemoryUsage of job (MB)
	6133052  -  ResidentSetSize of job (KB)
...
006 (860468.000.000) 08/18 17:57:00 Image size of job updated: 10278036
	5990  -  MemoryUsage of job (MB)
	6133052  -  ResidentSetSize of job (KB)
...
005 (860468.000.000) 08/18 17:57:00 Job terminated.
	(1) Normal termination (return value 0)
		Usr 0 00:34:31, Sys 0 00:00:33  -  Run Remote Usage
		Usr 0 00:00:00, Sys 0 00:00:00  -  Run Local Usage
		Usr 0 00:34:31, Sys 0 00:00:33  -  Total Remote Usage
		Usr 0 00:00:00, Sys 0 00:00:00  -  Total Local Usage
	2113  -  Run Bytes Sent By Job
	412  -  Run Bytes Received By Job
	2113  -  Total Bytes Sent By Job
	412  -  Total Bytes Received By Job
	Partitionable Resources :    Usage  Request Allocated 
	   Cpus                 :     1.00        1         1 
	   Disk (KB)            :   803           1 479786084 
	   Memory (MB)          :  5990        7900      8033 
...
