000 (858941.000.000) 08/18 04:59:46 Job submitted from host: <172.20.3.187:9618?addrs=172.20.3.187-9618&noUDP&sock=2043_e813_3>
...
001 (858941.000.000) 08/18 14:24:41 Job executing on host: <172.20.225.4:9618?addrs=172.20.225.4-9618&noUDP&sock=3366_5fdf_3>
...
006 (858941.000.000) 08/18 14:24:49 Image size of job updated: 21108
	21  -  MemoryUsage of job (MB)
	21108  -  ResidentSetSize of job (KB)
...
006 (858941.000.000) 08/18 14:29:50 Image size of job updated: 4125856
	4030  -  MemoryUsage of job (MB)
	4125856  -  ResidentSetSize of job (KB)
...
006 (858941.000.000) 08/18 14:34:51 Image size of job updated: 4850524
	4737  -  MemoryUsage of job (MB)
	4850524  -  ResidentSetSize of job (KB)
...
006 (858941.000.000) 08/18 14:39:51 Image size of job updated: 5258888
	5136  -  MemoryUsage of job (MB)
	5258888  -  ResidentSetSize of job (KB)
...
006 (858941.000.000) 08/18 14:44:52 Image size of job updated: 5259032
	5136  -  MemoryUsage of job (MB)
	5259032  -  ResidentSetSize of job (KB)
...
006 (858941.000.000) 08/18 14:49:53 Image size of job updated: 5259716
	5137  -  MemoryUsage of job (MB)
	5259716  -  ResidentSetSize of job (KB)
...
006 (858941.000.000) 08/18 14:54:53 Image size of job updated: 5750120
	5613  -  MemoryUsage of job (MB)
	5747044  -  ResidentSetSize of job (KB)
...
006 (858941.000.000) 08/18 14:57:41 Image size of job updated: 9084800
	5613  -  MemoryUsage of job (MB)
	5747044  -  ResidentSetSize of job (KB)
...
005 (858941.000.000) 08/18 14:57:41 Job terminated.
	(1) Normal termination (return value 0)
		Usr 0 00:33:05, Sys 0 00:00:35  -  Run Remote Usage
		Usr 0 00:00:00, Sys 0 00:00:00  -  Run Local Usage
		Usr 0 00:33:05, Sys 0 00:00:35  -  Total Remote Usage
		Usr 0 00:00:00, Sys 0 00:00:00  -  Total Local Usage
	2103  -  Run Bytes Sent By Job
	405  -  Run Bytes Received By Job
	2103  -  Total Bytes Sent By Job
	405  -  Total Bytes Received By Job
	Partitionable Resources :    Usage  Request Allocated 
	   Cpus                 :     0.70        1         1 
	   Disk (KB)            :   803           1 479779449 
	   Memory (MB)          :  5613        7900      8033 
...
