000 (855711.000.000) 08/18 04:58:01 Job submitted from host: <172.20.3.187:9618?addrs=172.20.3.187-9618&noUDP&sock=2043_e813_3>
...
001 (855711.000.000) 08/18 07:03:38 Job executing on host: <172.20.225.6:9618?addrs=172.20.225.6-9618&noUDP&sock=3382_5963_3>
...
006 (855711.000.000) 08/18 07:03:47 Image size of job updated: 21120
	21  -  MemoryUsage of job (MB)
	21120  -  ResidentSetSize of job (KB)
...
006 (855711.000.000) 08/18 07:08:48 Image size of job updated: 3732308
	3645  -  MemoryUsage of job (MB)
	3732308  -  ResidentSetSize of job (KB)
...
006 (855711.000.000) 08/18 07:13:48 Image size of job updated: 5312092
	5188  -  MemoryUsage of job (MB)
	5312092  -  ResidentSetSize of job (KB)
...
006 (855711.000.000) 08/18 07:18:49 Image size of job updated: 5312224
	5188  -  MemoryUsage of job (MB)
	5312224  -  ResidentSetSize of job (KB)
...
006 (855711.000.000) 08/18 07:23:50 Image size of job updated: 5312376
	5188  -  MemoryUsage of job (MB)
	5312376  -  ResidentSetSize of job (KB)
...
006 (855711.000.000) 08/18 07:28:50 Image size of job updated: 5313052
	5189  -  MemoryUsage of job (MB)
	5313052  -  ResidentSetSize of job (KB)
...
006 (855711.000.000) 08/18 07:33:50 Image size of job updated: 5791840
	5657  -  MemoryUsage of job (MB)
	5791836  -  ResidentSetSize of job (KB)
...
005 (855711.000.000) 08/18 07:35:33 Job terminated.
	(1) Normal termination (return value 0)
		Usr 0 00:32:27, Sys 0 00:00:31  -  Run Remote Usage
		Usr 0 00:00:00, Sys 0 00:00:00  -  Run Local Usage
		Usr 0 00:32:27, Sys 0 00:00:31  -  Total Remote Usage
		Usr 0 00:00:00, Sys 0 00:00:00  -  Total Local Usage
	2109  -  Run Bytes Sent By Job
	408  -  Run Bytes Received By Job
	2109  -  Total Bytes Sent By Job
	408  -  Total Bytes Received By Job
	Partitionable Resources :    Usage  Request Allocated 
	   Cpus                 :     0.67        1         1 
	   Disk (KB)            :   803           1 479749220 
	   Memory (MB)          :  5657        7900      8033 
...
