000 (856295.000.000) 08/18 04:58:20 Job submitted from host: <172.20.3.187:9618?addrs=172.20.3.187-9618&noUDP&sock=2043_e813_3>
...
001 (856295.000.000) 08/18 08:07:36 Job executing on host: <172.20.225.1:9618?addrs=172.20.225.1-9618&noUDP&sock=3382_5963_3>
...
006 (856295.000.000) 08/18 08:07:44 Image size of job updated: 21116
	21  -  MemoryUsage of job (MB)
	21116  -  ResidentSetSize of job (KB)
...
006 (856295.000.000) 08/18 08:12:44 Image size of job updated: 3763984
	3676  -  MemoryUsage of job (MB)
	3763984  -  ResidentSetSize of job (KB)
...
006 (856295.000.000) 08/18 08:17:46 Image size of job updated: 4906260
	4792  -  MemoryUsage of job (MB)
	4906260  -  ResidentSetSize of job (KB)
...
006 (856295.000.000) 08/18 08:22:46 Image size of job updated: 5343900
	5219  -  MemoryUsage of job (MB)
	5343900  -  ResidentSetSize of job (KB)
...
006 (856295.000.000) 08/18 08:27:47 Image size of job updated: 5344064
	5219  -  MemoryUsage of job (MB)
	5344064  -  ResidentSetSize of job (KB)
...
006 (856295.000.000) 08/18 08:32:47 Image size of job updated: 5344724
	5220  -  MemoryUsage of job (MB)
	5344724  -  ResidentSetSize of job (KB)
...
006 (856295.000.000) 08/18 08:37:47 Image size of job updated: 6716916
	6560  -  MemoryUsage of job (MB)
	6716916  -  ResidentSetSize of job (KB)
...
006 (856295.000.000) 08/18 08:39:03 Image size of job updated: 6716916
	6560  -  MemoryUsage of job (MB)
	6716920  -  ResidentSetSize of job (KB)
...
005 (856295.000.000) 08/18 08:39:03 Job terminated.
	(1) Normal termination (return value 0)
		Usr 0 00:32:32, Sys 0 00:00:32  -  Run Remote Usage
		Usr 0 00:00:00, Sys 0 00:00:00  -  Run Local Usage
		Usr 0 00:32:32, Sys 0 00:00:32  -  Total Remote Usage
		Usr 0 00:00:00, Sys 0 00:00:00  -  Total Local Usage
	2107  -  Run Bytes Sent By Job
	406  -  Run Bytes Received By Job
	2107  -  Total Bytes Sent By Job
	406  -  Total Bytes Received By Job
	Partitionable Resources :    Usage  Request Allocated 
	   Cpus                 :     0.50        1         1 
	   Disk (KB)            :   803           1 479786105 
	   Memory (MB)          :  6560        7900      8033 
...
