000 (856470.000.000) 08/18 04:58:26 Job submitted from host: <172.20.3.187:9618?addrs=172.20.3.187-9618&noUDP&sock=2043_e813_3>
...
001 (856470.000.000) 08/18 08:21:10 Job executing on host: <172.20.225.2:9618?addrs=172.20.225.2-9618&noUDP&sock=3424_285d_3>
...
006 (856470.000.000) 08/18 08:21:18 Image size of job updated: 21108
	21  -  MemoryUsage of job (MB)
	21108  -  ResidentSetSize of job (KB)
...
006 (856470.000.000) 08/18 08:26:19 Image size of job updated: 3784460
	3676  -  MemoryUsage of job (MB)
	3763988  -  ResidentSetSize of job (KB)
...
006 (856470.000.000) 08/18 08:31:19 Image size of job updated: 4608836
	4481  -  MemoryUsage of job (MB)
	4587536  -  ResidentSetSize of job (KB)
...
006 (856470.000.000) 08/18 08:36:19 Image size of job updated: 5343920
	5219  -  MemoryUsage of job (MB)
	5343920  -  ResidentSetSize of job (KB)
...
006 (856470.000.000) 08/18 08:41:20 Image size of job updated: 5343956
	5219  -  MemoryUsage of job (MB)
	5343956  -  ResidentSetSize of job (KB)
...
006 (856470.000.000) 08/18 08:46:20 Image size of job updated: 5344752
	5220  -  MemoryUsage of job (MB)
	5344752  -  ResidentSetSize of job (KB)
...
006 (856470.000.000) 08/18 08:51:21 Image size of job updated: 5541032
	5412  -  MemoryUsage of job (MB)
	5540868  -  ResidentSetSize of job (KB)
...
006 (856470.000.000) 08/18 08:53:53 Image size of job updated: 5849788
	5412  -  MemoryUsage of job (MB)
	5540896  -  ResidentSetSize of job (KB)
...
005 (856470.000.000) 08/18 08:53:54 Job terminated.
	(1) Normal termination (return value 0)
		Usr 0 00:32:26, Sys 0 00:00:35  -  Run Remote Usage
		Usr 0 00:00:00, Sys 0 00:00:00  -  Run Local Usage
		Usr 0 00:32:26, Sys 0 00:00:35  -  Total Remote Usage
		Usr 0 00:00:00, Sys 0 00:00:00  -  Total Local Usage
	2107  -  Run Bytes Sent By Job
	406  -  Run Bytes Received By Job
	2107  -  Total Bytes Sent By Job
	406  -  Total Bytes Received By Job
	Partitionable Resources :    Usage  Request Allocated 
	   Cpus                 :     0.51        1         1 
	   Disk (KB)            :   803           1 479786084 
	   Memory (MB)          :  5412        7900      8033 
...
