000 (855816.000.000) 08/18 04:58:04 Job submitted from host: <172.20.3.187:9618?addrs=172.20.3.187-9618&noUDP&sock=2043_e813_3>
...
001 (855816.000.000) 08/18 07:12:12 Job executing on host: <172.20.225.6:9618?addrs=172.20.225.6-9618&noUDP&sock=3382_5963_3>
...
006 (855816.000.000) 08/18 07:12:20 Image size of job updated: 21120
	21  -  MemoryUsage of job (MB)
	21120  -  ResidentSetSize of job (KB)
...
006 (855816.000.000) 08/18 07:17:20 Image size of job updated: 3925016
	3834  -  MemoryUsage of job (MB)
	3925016  -  ResidentSetSize of job (KB)
...
006 (855816.000.000) 08/18 07:22:21 Image size of job updated: 4620416
	4513  -  MemoryUsage of job (MB)
	4620416  -  ResidentSetSize of job (KB)
...
006 (855816.000.000) 08/18 07:27:21 Image size of job updated: 5364304
	5239  -  MemoryUsage of job (MB)
	5364304  -  ResidentSetSize of job (KB)
...
006 (855816.000.000) 08/18 07:32:22 Image size of job updated: 5364436
	5239  -  MemoryUsage of job (MB)
	5364436  -  ResidentSetSize of job (KB)
...
006 (855816.000.000) 08/18 07:37:23 Image size of job updated: 5365204
	5240  -  MemoryUsage of job (MB)
	5365136  -  ResidentSetSize of job (KB)
...
006 (855816.000.000) 08/18 07:42:23 Image size of job updated: 5806996
	5669  -  MemoryUsage of job (MB)
	5804408  -  ResidentSetSize of job (KB)
...
005 (855816.000.000) 08/18 07:44:15 Job terminated.
	(1) Normal termination (return value 0)
		Usr 0 00:32:17, Sys 0 00:00:30  -  Run Remote Usage
		Usr 0 00:00:00, Sys 0 00:00:00  -  Run Local Usage
		Usr 0 00:32:17, Sys 0 00:00:30  -  Total Remote Usage
		Usr 0 00:00:00, Sys 0 00:00:00  -  Total Local Usage
	2110  -  Run Bytes Sent By Job
	411  -  Run Bytes Received By Job
	2110  -  Total Bytes Sent By Job
	411  -  Total Bytes Received By Job
	Partitionable Resources :    Usage  Request Allocated 
	   Cpus                 :     0.96        1         1 
	   Disk (KB)            :   803           1 479749220 
	   Memory (MB)          :  5669        7900      8033 
...
