000 (858781.000.000) 08/18 04:59:41 Job submitted from host: <172.20.3.187:9618?addrs=172.20.3.187-9618&noUDP&sock=2043_e813_3>
...
001 (858781.000.000) 08/18 14:01:38 Job executing on host: <172.20.225.8:9618?addrs=172.20.225.8-9618&noUDP&sock=3440_21e1_3>
...
006 (858781.000.000) 08/18 14:01:47 Image size of job updated: 21112
	21  -  MemoryUsage of job (MB)
	21112  -  ResidentSetSize of job (KB)
...
006 (858781.000.000) 08/18 14:06:48 Image size of job updated: 4421196
	4318  -  MemoryUsage of job (MB)
	4421196  -  ResidentSetSize of job (KB)
...
006 (858781.000.000) 08/18 14:11:48 Image size of job updated: 5116600
	4997  -  MemoryUsage of job (MB)
	5116600  -  ResidentSetSize of job (KB)
...
006 (858781.000.000) 08/18 14:16:49 Image size of job updated: 5554232
	5425  -  MemoryUsage of job (MB)
	5554232  -  ResidentSetSize of job (KB)
...
006 (858781.000.000) 08/18 14:21:49 Image size of job updated: 5554368
	5425  -  MemoryUsage of job (MB)
	5554368  -  ResidentSetSize of job (KB)
...
006 (858781.000.000) 08/18 14:26:50 Image size of job updated: 5555052
	5425  -  MemoryUsage of job (MB)
	5555052  -  ResidentSetSize of job (KB)
...
006 (858781.000.000) 08/18 14:31:51 Image size of job updated: 5992852
	5853  -  MemoryUsage of job (MB)
	5992852  -  ResidentSetSize of job (KB)
...
005 (858781.000.000) 08/18 14:34:28 Job terminated.
	(1) Normal termination (return value 0)
		Usr 0 00:33:38, Sys 0 00:00:39  -  Run Remote Usage
		Usr 0 00:00:00, Sys 0 00:00:00  -  Run Local Usage
		Usr 0 00:33:38, Sys 0 00:00:39  -  Total Remote Usage
		Usr 0 00:00:00, Sys 0 00:00:00  -  Total Local Usage
	2113  -  Run Bytes Sent By Job
	412  -  Run Bytes Received By Job
	2113  -  Total Bytes Sent By Job
	412  -  Total Bytes Received By Job
	Partitionable Resources :    Usage  Request Allocated 
	   Cpus                 :     0.47        1         1 
	   Disk (KB)            :   803           1 479737977 
	   Memory (MB)          :  5853        7900      8033 
...
