000 (855419.000.000) 08/18 04:57:51 Job submitted from host: <172.20.3.187:9618?addrs=172.20.3.187-9618&noUDP&sock=2043_e813_3>
...
001 (855419.000.000) 08/18 06:32:06 Job executing on host: <172.20.225.1:9618?addrs=172.20.225.1-9618&noUDP&sock=3382_5963_3>
...
006 (855419.000.000) 08/18 06:32:15 Image size of job updated: 21112
	21  -  MemoryUsage of job (MB)
	21112  -  ResidentSetSize of job (KB)
...
006 (855419.000.000) 08/18 06:37:17 Image size of job updated: 3786696
	3698  -  MemoryUsage of job (MB)
	3786696  -  ResidentSetSize of job (KB)
...
006 (855419.000.000) 08/18 06:42:17 Image size of job updated: 5225872
	5104  -  MemoryUsage of job (MB)
	5225872  -  ResidentSetSize of job (KB)
...
006 (855419.000.000) 08/18 06:47:17 Image size of job updated: 5226028
	5104  -  MemoryUsage of job (MB)
	5225992  -  ResidentSetSize of job (KB)
...
006 (855419.000.000) 08/18 06:52:17 Image size of job updated: 5226156
	5104  -  MemoryUsage of job (MB)
	5226156  -  ResidentSetSize of job (KB)
...
006 (855419.000.000) 08/18 06:57:18 Image size of job updated: 5226808
	5105  -  MemoryUsage of job (MB)
	5226808  -  ResidentSetSize of job (KB)
...
005 (855419.000.000) 08/18 07:02:02 Job terminated.
	(1) Normal termination (return value 0)
		Usr 0 00:32:02, Sys 0 00:00:33  -  Run Remote Usage
		Usr 0 00:00:00, Sys 0 00:00:00  -  Run Local Usage
		Usr 0 00:32:02, Sys 0 00:00:33  -  Total Remote Usage
		Usr 0 00:00:00, Sys 0 00:00:00  -  Total Local Usage
	2095  -  Run Bytes Sent By Job
	404  -  Run Bytes Received By Job
	2095  -  Total Bytes Sent By Job
	404  -  Total Bytes Received By Job
	Partitionable Resources :    Usage  Request Allocated 
	   Cpus                 :     0.52        1         1 
	   Disk (KB)            :   803           1 479786105 
	   Memory (MB)          :  5105        7900      8033 
...
