000 (859707.000.000) 08/18 05:00:12 Job submitted from host: <172.20.3.187:9618?addrs=172.20.3.187-9618&noUDP&sock=2043_e813_3>
...
001 (859707.000.000) 08/18 15:49:48 Job executing on host: <172.20.225.8:9618?addrs=172.20.225.8-9618&noUDP&sock=3440_21e1_3>
...
006 (859707.000.000) 08/18 15:49:57 Image size of job updated: 21124
	21  -  MemoryUsage of job (MB)
	21124  -  ResidentSetSize of job (KB)
...
006 (859707.000.000) 08/18 15:54:59 Image size of job updated: 3725088
	3638  -  MemoryUsage of job (MB)
	3725088  -  ResidentSetSize of job (KB)
...
006 (859707.000.000) 08/18 16:00:00 Image size of job updated: 4548612
	4443  -  MemoryUsage of job (MB)
	4548612  -  ResidentSetSize of job (KB)
...
006 (859707.000.000) 08/18 16:05:01 Image size of job updated: 5304996
	5181  -  MemoryUsage of job (MB)
	5304996  -  ResidentSetSize of job (KB)
...
006 (859707.000.000) 08/18 16:10:02 Image size of job updated: 5305156
	5181  -  MemoryUsage of job (MB)
	5305156  -  ResidentSetSize of job (KB)
...
006 (859707.000.000) 08/18 16:15:04 Image size of job updated: 5501820
	5373  -  MemoryUsage of job (MB)
	5501652  -  ResidentSetSize of job (KB)
...
006 (859707.000.000) 08/18 16:18:47 Image size of job updated: 9706400
	5373  -  MemoryUsage of job (MB)
	5501716  -  ResidentSetSize of job (KB)
...
005 (859707.000.000) 08/18 16:18:47 Job terminated.
	(1) Normal termination (return value 0)
		Usr 0 00:34:19, Sys 0 00:00:32  -  Run Remote Usage
		Usr 0 00:00:00, Sys 0 00:00:00  -  Run Local Usage
		Usr 0 00:34:19, Sys 0 00:00:32  -  Total Remote Usage
		Usr 0 00:00:00, Sys 0 00:00:00  -  Total Local Usage
	2106  -  Run Bytes Sent By Job
	405  -  Run Bytes Received By Job
	2106  -  Total Bytes Sent By Job
	405  -  Total Bytes Received By Job
	Partitionable Resources :    Usage  Request Allocated 
	   Cpus                 :     0.63        1         1 
	   Disk (KB)            :   803           1 479737977 
	   Memory (MB)          :  5373        7900      8033 
...
