000 (855462.000.000) 08/18 04:57:53 Job submitted from host: <172.20.3.187:9618?addrs=172.20.3.187-9618&noUDP&sock=2043_e813_3>
...
001 (855462.000.000) 08/18 06:37:08 Job executing on host: <172.20.225.8:9618?addrs=172.20.225.8-9618&noUDP&sock=3440_21e1_3>
...
006 (855462.000.000) 08/18 06:37:16 Image size of job updated: 21124
	21  -  MemoryUsage of job (MB)
	21124  -  ResidentSetSize of job (KB)
...
006 (855462.000.000) 08/18 06:42:16 Image size of job updated: 4442780
	4339  -  MemoryUsage of job (MB)
	4442780  -  ResidentSetSize of job (KB)
...
006 (855462.000.000) 08/18 06:47:17 Image size of job updated: 5225684
	5104  -  MemoryUsage of job (MB)
	5225684  -  ResidentSetSize of job (KB)
...
006 (855462.000.000) 08/18 06:52:18 Image size of job updated: 5225800
	5104  -  MemoryUsage of job (MB)
	5225800  -  ResidentSetSize of job (KB)
...
006 (855462.000.000) 08/18 06:57:18 Image size of job updated: 5225956
	5104  -  MemoryUsage of job (MB)
	5225956  -  ResidentSetSize of job (KB)
...
006 (855462.000.000) 08/18 07:02:19 Image size of job updated: 5226612
	5105  -  MemoryUsage of job (MB)
	5226612  -  ResidentSetSize of job (KB)
...
005 (855462.000.000) 08/18 07:06:31 Job terminated.
	(1) Normal termination (return value 0)
		Usr 0 00:31:49, Sys 0 00:00:34  -  Run Remote Usage
		Usr 0 00:00:00, Sys 0 00:00:00  -  Run Local Usage
		Usr 0 00:31:49, Sys 0 00:00:34  -  Total Remote Usage
		Usr 0 00:00:00, Sys 0 00:00:00  -  Total Local Usage
	2103  -  Run Bytes Sent By Job
	405  -  Run Bytes Received By Job
	2103  -  Total Bytes Sent By Job
	405  -  Total Bytes Received By Job
	Partitionable Resources :    Usage  Request Allocated 
	   Cpus                 :     1.31        1         1 
	   Disk (KB)            :   803           1 479737977 
	   Memory (MB)          :  5105        7900      8033 
...
