000 (855318.000.000) 08/18 04:57:48 Job submitted from host: <172.20.3.187:9618?addrs=172.20.3.187-9618&noUDP&sock=2043_e813_3>
...
001 (855318.000.000) 08/18 06:07:05 Job executing on host: <172.20.225.5:9618?addrs=172.20.225.5-9618&noUDP&sock=3375_8c39_3>
...
006 (855318.000.000) 08/18 06:07:15 Image size of job updated: 21108
	21  -  MemoryUsage of job (MB)
	21108  -  ResidentSetSize of job (KB)
...
006 (855318.000.000) 08/18 06:12:15 Image size of job updated: 3679544
	3593  -  MemoryUsage of job (MB)
	3678776  -  ResidentSetSize of job (KB)
...
006 (855318.000.000) 08/18 06:17:15 Image size of job updated: 4514872
	4409  -  MemoryUsage of job (MB)
	4514800  -  ResidentSetSize of job (KB)
...
006 (855318.000.000) 08/18 06:22:15 Image size of job updated: 5258752
	5136  -  MemoryUsage of job (MB)
	5258680  -  ResidentSetSize of job (KB)
...
006 (855318.000.000) 08/18 06:27:16 Image size of job updated: 5258752
	5136  -  MemoryUsage of job (MB)
	5258712  -  ResidentSetSize of job (KB)
...
006 (855318.000.000) 08/18 06:32:16 Image size of job updated: 5259516
	5137  -  MemoryUsage of job (MB)
	5259516  -  ResidentSetSize of job (KB)
...
006 (855318.000.000) 08/18 06:37:17 Image size of job updated: 5450816
	5324  -  MemoryUsage of job (MB)
	5450816  -  ResidentSetSize of job (KB)
...
006 (855318.000.000) 08/18 06:39:54 Image size of job updated: 5450816
	5324  -  MemoryUsage of job (MB)
	5450840  -  ResidentSetSize of job (KB)
...
005 (855318.000.000) 08/18 06:39:54 Job terminated.
	(1) Normal termination (return value 0)
		Usr 0 00:31:43, Sys 0 00:00:33  -  Run Remote Usage
		Usr 0 00:00:00, Sys 0 00:00:00  -  Run Local Usage
		Usr 0 00:31:43, Sys 0 00:00:33  -  Total Remote Usage
		Usr 0 00:00:00, Sys 0 00:00:00  -  Total Local Usage
	2102  -  Run Bytes Sent By Job
	401  -  Run Bytes Received By Job
	2102  -  Total Bytes Sent By Job
	401  -  Total Bytes Received By Job
	Partitionable Resources :    Usage  Request Allocated 
	   Cpus                 :     0.73        1         1 
	   Disk (KB)            :   803           1 479749220 
	   Memory (MB)          :  5324        7900      8033 
...
