000 (856954.000.000) 08/18 04:58:41 Job submitted from host: <172.20.3.187:9618?addrs=172.20.3.187-9618&noUDP&sock=2043_e813_3>
...
001 (856954.000.000) 08/18 09:21:30 Job executing on host: <172.20.225.6:9618?addrs=172.20.225.6-9618&noUDP&sock=3382_5963_3>
...
006 (856954.000.000) 08/18 09:21:38 Image size of job updated: 21132
	21  -  MemoryUsage of job (MB)
	21132  -  ResidentSetSize of job (KB)
...
006 (856954.000.000) 08/18 09:26:38 Image size of job updated: 4444864
	4341  -  MemoryUsage of job (MB)
	4444864  -  ResidentSetSize of job (KB)
...
006 (856954.000.000) 08/18 09:31:39 Image size of job updated: 5227760
	5106  -  MemoryUsage of job (MB)
	5227760  -  ResidentSetSize of job (KB)
...
006 (856954.000.000) 08/18 09:36:39 Image size of job updated: 5227892
	5106  -  MemoryUsage of job (MB)
	5227892  -  ResidentSetSize of job (KB)
...
006 (856954.000.000) 08/18 09:41:39 Image size of job updated: 5228032
	5106  -  MemoryUsage of job (MB)
	5228032  -  ResidentSetSize of job (KB)
...
006 (856954.000.000) 08/18 09:46:39 Image size of job updated: 5228720
	5107  -  MemoryUsage of job (MB)
	5228720  -  ResidentSetSize of job (KB)
...
006 (856954.000.000) 08/18 09:51:41 Image size of job updated: 5877304
	5740  -  MemoryUsage of job (MB)
	5877148  -  ResidentSetSize of job (KB)
...
005 (856954.000.000) 08/18 09:51:57 Job terminated.
	(1) Normal termination (return value 0)
		Usr 0 00:31:58, Sys 0 00:00:37  -  Run Remote Usage
		Usr 0 00:00:00, Sys 0 00:00:00  -  Run Local Usage
		Usr 0 00:31:58, Sys 0 00:00:37  -  Total Remote Usage
		Usr 0 00:00:00, Sys 0 00:00:00  -  Total Local Usage
	2106  -  Run Bytes Sent By Job
	408  -  Run Bytes Received By Job
	2106  -  Total Bytes Sent By Job
	408  -  Total Bytes Received By Job
	Partitionable Resources :    Usage  Request Allocated 
	   Cpus                 :     0.68        1         1 
	   Disk (KB)            :   803           1 479749220 
	   Memory (MB)          :  5740        7900      8033 
...
