000 (860017.000.000) 08/18 05:00:22 Job submitted from host: <172.20.3.187:9618?addrs=172.20.3.187-9618&noUDP&sock=2043_e813_3>
...
001 (860017.000.000) 08/18 16:43:01 Job executing on host: <172.20.225.4:9618?addrs=172.20.225.4-9618&noUDP&sock=3366_5fdf_3>
...
006 (860017.000.000) 08/18 16:43:09 Image size of job updated: 21112
	21  -  MemoryUsage of job (MB)
	21112  -  ResidentSetSize of job (KB)
...
006 (860017.000.000) 08/18 16:48:09 Image size of job updated: 4856964
	4740  -  MemoryUsage of job (MB)
	4852968  -  ResidentSetSize of job (KB)
...
006 (860017.000.000) 08/18 16:53:10 Image size of job updated: 5612644
	5482  -  MemoryUsage of job (MB)
	5612644  -  ResidentSetSize of job (KB)
...
006 (860017.000.000) 08/18 16:58:11 Image size of job updated: 5613328
	5482  -  MemoryUsage of job (MB)
	5613328  -  ResidentSetSize of job (KB)
...
006 (860017.000.000) 08/18 17:03:12 Image size of job updated: 5814520
	5679  -  MemoryUsage of job (MB)
	5814520  -  ResidentSetSize of job (KB)
...
006 (860017.000.000) 08/18 17:06:25 Image size of job updated: 5814520
	5679  -  MemoryUsage of job (MB)
	5814552  -  ResidentSetSize of job (KB)
...
005 (860017.000.000) 08/18 17:06:25 Job terminated.
	(1) Normal termination (return value 0)
		Usr 0 00:33:55, Sys 0 00:00:40  -  Run Remote Usage
		Usr 0 00:00:00, Sys 0 00:00:00  -  Run Local Usage
		Usr 0 00:33:55, Sys 0 00:00:40  -  Total Remote Usage
		Usr 0 00:00:00, Sys 0 00:00:00  -  Total Local Usage
	2113  -  Run Bytes Sent By Job
	412  -  Run Bytes Received By Job
	2113  -  Total Bytes Sent By Job
	412  -  Total Bytes Received By Job
	Partitionable Resources :    Usage  Request Allocated 
	   Cpus                 :     0.89        1         1 
	   Disk (KB)            :   803           1 479779449 
	   Memory (MB)          :  5679        7900      8033 
...
