000 (858149.000.000) 08/18 04:59:20 Job submitted from host: <172.20.3.187:9618?addrs=172.20.3.187-9618&noUDP&sock=2043_e813_3>
...
001 (858149.000.000) 08/18 12:49:08 Job executing on host: <172.20.225.2:9618?addrs=172.20.225.2-9618&noUDP&sock=3424_285d_3>
...
006 (858149.000.000) 08/18 12:49:17 Image size of job updated: 21116
	21  -  MemoryUsage of job (MB)
	21116  -  ResidentSetSize of job (KB)
...
006 (858149.000.000) 08/18 12:54:17 Image size of job updated: 4158736
	4062  -  MemoryUsage of job (MB)
	4158736  -  ResidentSetSize of job (KB)
...
006 (858149.000.000) 08/18 12:59:18 Image size of job updated: 5291644
	5168  -  MemoryUsage of job (MB)
	5291644  -  ResidentSetSize of job (KB)
...
006 (858149.000.000) 08/18 13:04:19 Image size of job updated: 5291792
	5168  -  MemoryUsage of job (MB)
	5291792  -  ResidentSetSize of job (KB)
...
006 (858149.000.000) 08/18 13:09:19 Image size of job updated: 5292296
	5169  -  MemoryUsage of job (MB)
	5292264  -  ResidentSetSize of job (KB)
...
006 (858149.000.000) 08/18 13:14:19 Image size of job updated: 5492344
	5364  -  MemoryUsage of job (MB)
	5492336  -  ResidentSetSize of job (KB)
...
006 (858149.000.000) 08/18 13:18:26 Image size of job updated: 5878268
	5364  -  MemoryUsage of job (MB)
	5492356  -  ResidentSetSize of job (KB)
...
005 (858149.000.000) 08/18 13:18:26 Job terminated.
	(1) Normal termination (return value 0)
		Usr 0 00:34:45, Sys 0 00:00:36  -  Run Remote Usage
		Usr 0 00:00:00, Sys 0 00:00:00  -  Run Local Usage
		Usr 0 00:34:45, Sys 0 00:00:36  -  Total Remote Usage
		Usr 0 00:00:00, Sys 0 00:00:00  -  Total Local Usage
	2103  -  Run Bytes Sent By Job
	404  -  Run Bytes Received By Job
	2103  -  Total Bytes Sent By Job
	404  -  Total Bytes Received By Job
	Partitionable Resources :    Usage  Request Allocated 
	   Cpus                 :     1.00        1         1 
	   Disk (KB)            :   803           1 479786084 
	   Memory (MB)          :  5364        7900      8033 
...
