000 (859517.000.000) 08/18 05:00:05 Job submitted from host: <172.20.3.187:9618?addrs=172.20.3.187-9618&noUDP&sock=2043_e813_3>
...
001 (859517.000.000) 08/18 15:34:47 Job executing on host: <172.20.225.2:9618?addrs=172.20.225.2-9618&noUDP&sock=3424_285d_3>
...
006 (859517.000.000) 08/18 15:34:55 Image size of job updated: 21116
	21  -  MemoryUsage of job (MB)
	21116  -  ResidentSetSize of job (KB)
...
006 (859517.000.000) 08/18 15:39:55 Image size of job updated: 4497108
	4392  -  MemoryUsage of job (MB)
	4497040  -  ResidentSetSize of job (KB)
...
006 (859517.000.000) 08/18 15:44:55 Image size of job updated: 5279944
	5157  -  MemoryUsage of job (MB)
	5279944  -  ResidentSetSize of job (KB)
...
006 (859517.000.000) 08/18 15:49:56 Image size of job updated: 5280072
	5157  -  MemoryUsage of job (MB)
	5280072  -  ResidentSetSize of job (KB)
...
006 (859517.000.000) 08/18 15:54:55 Image size of job updated: 5280208
	5157  -  MemoryUsage of job (MB)
	5280208  -  ResidentSetSize of job (KB)
...
006 (859517.000.000) 08/18 15:59:55 Image size of job updated: 5280896
	5158  -  MemoryUsage of job (MB)
	5280896  -  ResidentSetSize of job (KB)
...
006 (859517.000.000) 08/18 16:04:56 Image size of job updated: 5787524
	5652  -  MemoryUsage of job (MB)
	5787524  -  ResidentSetSize of job (KB)
...
006 (859517.000.000) 08/18 16:08:49 Image size of job updated: 5787524
	5652  -  MemoryUsage of job (MB)
	5787548  -  ResidentSetSize of job (KB)
...
005 (859517.000.000) 08/18 16:08:49 Job terminated.
	(1) Normal termination (return value 0)
		Usr 0 00:33:43, Sys 0 00:00:37  -  Run Remote Usage
		Usr 0 00:00:00, Sys 0 00:00:00  -  Run Local Usage
		Usr 0 00:33:43, Sys 0 00:00:37  -  Total Remote Usage
		Usr 0 00:00:00, Sys 0 00:00:00  -  Total Local Usage
	2107  -  Run Bytes Sent By Job
	406  -  Run Bytes Received By Job
	2107  -  Total Bytes Sent By Job
	406  -  Total Bytes Received By Job
	Partitionable Resources :    Usage  Request Allocated 
	   Cpus                 :     0.65        1         1 
	   Disk (KB)            :   803           1 479786084 
	   Memory (MB)          :  5652        7900      8033 
...
