000 (857293.000.000) 08/18 04:58:52 Job submitted from host: <172.20.3.187:9618?addrs=172.20.3.187-9618&noUDP&sock=2043_e813_3>
...
001 (857293.000.000) 08/18 10:47:46 Job executing on host: <172.20.225.5:9618?addrs=172.20.225.5-9618&noUDP&sock=3375_8c39_3>
...
006 (857293.000.000) 08/18 10:47:55 Image size of job updated: 21108
	21  -  MemoryUsage of job (MB)
	21108  -  ResidentSetSize of job (KB)
...
006 (857293.000.000) 08/18 10:52:56 Image size of job updated: 4585256
	4478  -  MemoryUsage of job (MB)
	4585256  -  ResidentSetSize of job (KB)
...
006 (857293.000.000) 08/18 10:57:57 Image size of job updated: 5344776
	5220  -  MemoryUsage of job (MB)
	5344776  -  ResidentSetSize of job (KB)
...
006 (857293.000.000) 08/18 11:02:57 Image size of job updated: 5345264
	5220  -  MemoryUsage of job (MB)
	5345264  -  ResidentSetSize of job (KB)
...
006 (857293.000.000) 08/18 11:07:56 Image size of job updated: 5345608
	5221  -  MemoryUsage of job (MB)
	5345608  -  ResidentSetSize of job (KB)
...
006 (857293.000.000) 08/18 11:11:37 Image size of job updated: 9728896
	5221  -  MemoryUsage of job (MB)
	5345608  -  ResidentSetSize of job (KB)
...
005 (857293.000.000) 08/18 11:11:37 Job terminated.
	(1) Normal termination (return value 0)
		Usr 0 00:33:56, Sys 0 00:00:39  -  Run Remote Usage
		Usr 0 00:00:00, Sys 0 00:00:00  -  Run Local Usage
		Usr 0 00:33:56, Sys 0 00:00:39  -  Total Remote Usage
		Usr 0 00:00:00, Sys 0 00:00:00  -  Total Local Usage
	2113  -  Run Bytes Sent By Job
	414  -  Run Bytes Received By Job
	2113  -  Total Bytes Sent By Job
	414  -  Total Bytes Received By Job
	Partitionable Resources :    Usage  Request Allocated 
	   Cpus                 :     0.75        1         1 
	   Disk (KB)            :   803           1 479749220 
	   Memory (MB)          :  5221        7900      8033 
...
