000 (856175.000.000) 08/18 04:58:16 Job submitted from host: <172.20.3.187:9618?addrs=172.20.3.187-9618&noUDP&sock=2043_e813_3>
...
001 (856175.000.000) 08/18 07:48:55 Job executing on host: <172.20.225.4:9618?addrs=172.20.225.4-9618&noUDP&sock=3366_5fdf_3>
...
006 (856175.000.000) 08/18 07:49:03 Image size of job updated: 21120
	21  -  MemoryUsage of job (MB)
	21120  -  ResidentSetSize of job (KB)
...
006 (856175.000.000) 08/18 07:54:03 Image size of job updated: 3764148
	3676  -  MemoryUsage of job (MB)
	3764148  -  ResidentSetSize of job (KB)
...
006 (856175.000.000) 08/18 07:59:04 Image size of job updated: 4587672
	4481  -  MemoryUsage of job (MB)
	4587672  -  ResidentSetSize of job (KB)
...
006 (856175.000.000) 08/18 08:04:05 Image size of job updated: 5344064
	5219  -  MemoryUsage of job (MB)
	5344064  -  ResidentSetSize of job (KB)
...
006 (856175.000.000) 08/18 08:09:06 Image size of job updated: 5344220
	5219  -  MemoryUsage of job (MB)
	5344220  -  ResidentSetSize of job (KB)
...
006 (856175.000.000) 08/18 08:14:07 Image size of job updated: 5344892
	5220  -  MemoryUsage of job (MB)
	5344892  -  ResidentSetSize of job (KB)
...
006 (856175.000.000) 08/18 08:19:06 Image size of job updated: 6794328
	6636  -  MemoryUsage of job (MB)
	6794312  -  ResidentSetSize of job (KB)
...
005 (856175.000.000) 08/18 08:19:39 Job terminated.
	(1) Normal termination (return value 0)
		Usr 0 00:32:58, Sys 0 00:00:31  -  Run Remote Usage
		Usr 0 00:00:00, Sys 0 00:00:00  -  Run Local Usage
		Usr 0 00:32:58, Sys 0 00:00:31  -  Total Remote Usage
		Usr 0 00:00:00, Sys 0 00:00:00  -  Total Local Usage
	2104  -  Run Bytes Sent By Job
	405  -  Run Bytes Received By Job
	2104  -  Total Bytes Sent By Job
	405  -  Total Bytes Received By Job
	Partitionable Resources :    Usage  Request Allocated 
	   Cpus                 :     0.48        1         1 
	   Disk (KB)            :   803           1 479779449 
	   Memory (MB)          :  6636        7900      8033 
...
