000 (857203.000.000) 08/18 04:58:50 Job submitted from host: <172.20.3.187:9618?addrs=172.20.3.187-9618&noUDP&sock=2043_e813_3>
...
001 (857203.000.000) 08/18 10:22:02 Job executing on host: <172.20.225.5:9618?addrs=172.20.225.5-9618&noUDP&sock=3375_8c39_3>
...
006 (857203.000.000) 08/18 10:22:11 Image size of job updated: 21116
	21  -  MemoryUsage of job (MB)
	21116  -  ResidentSetSize of job (KB)
...
006 (857203.000.000) 08/18 10:27:12 Image size of job updated: 1975524
	1930  -  MemoryUsage of job (MB)
	1975524  -  ResidentSetSize of job (KB)
...
006 (857203.000.000) 08/18 10:29:14 Image size of job updated: 2283992
	1930  -  MemoryUsage of job (MB)
	1975524  -  ResidentSetSize of job (KB)
...
005 (857203.000.000) 08/18 10:29:17 Job terminated.
	(1) Normal termination (return value 0)
		Usr 0 00:23:21, Sys 0 00:00:18  -  Run Remote Usage
		Usr 0 00:00:00, Sys 0 00:00:00  -  Run Local Usage
		Usr 0 00:23:21, Sys 0 00:00:18  -  Total Remote Usage
		Usr 0 00:00:00, Sys 0 00:00:00  -  Total Local Usage
	2112  -  Run Bytes Sent By Job
	411  -  Run Bytes Received By Job
	2112  -  Total Bytes Sent By Job
	411  -  Total Bytes Received By Job
	Partitionable Resources :    Usage  Request Allocated 
	   Cpus                 :     0.93        1         1 
	   Disk (KB)            :   804           1 479749220 
	   Memory (MB)          :  1930        7900      8033 
...
