000 (858037.000.000) 08/18 04:59:16 Job submitted from host: <172.20.3.187:9618?addrs=172.20.3.187-9618&noUDP&sock=2043_e813_3>
...
001 (858037.000.000) 08/18 12:41:29 Job executing on host: <172.20.225.4:9618?addrs=172.20.225.4-9618&noUDP&sock=3366_5fdf_3>
...
006 (858037.000.000) 08/18 12:41:39 Image size of job updated: 21108
	21  -  MemoryUsage of job (MB)
	21108  -  ResidentSetSize of job (KB)
...
006 (858037.000.000) 08/18 12:46:40 Image size of job updated: 4478736
	4374  -  MemoryUsage of job (MB)
	4478736  -  ResidentSetSize of job (KB)
...
006 (858037.000.000) 08/18 12:51:40 Image size of job updated: 5261644
	5139  -  MemoryUsage of job (MB)
	5261644  -  ResidentSetSize of job (KB)
...
006 (858037.000.000) 08/18 12:56:40 Image size of job updated: 5261764
	5139  -  MemoryUsage of job (MB)
	5261764  -  ResidentSetSize of job (KB)
...
006 (858037.000.000) 08/18 13:01:41 Image size of job updated: 5261924
	5139  -  MemoryUsage of job (MB)
	5261924  -  ResidentSetSize of job (KB)
...
006 (858037.000.000) 08/18 13:06:41 Image size of job updated: 5262580
	5140  -  MemoryUsage of job (MB)
	5262580  -  ResidentSetSize of job (KB)
...
006 (858037.000.000) 08/18 13:11:42 Image size of job updated: 6158520
	6015  -  MemoryUsage of job (MB)
	6158520  -  ResidentSetSize of job (KB)
...
006 (858037.000.000) 08/18 13:13:36 Image size of job updated: 12688732
	6015  -  MemoryUsage of job (MB)
	6158520  -  ResidentSetSize of job (KB)
...
005 (858037.000.000) 08/18 13:13:36 Job terminated.
	(1) Normal termination (return value 0)
		Usr 0 00:33:47, Sys 0 00:00:35  -  Run Remote Usage
		Usr 0 00:00:00, Sys 0 00:00:00  -  Run Local Usage
		Usr 0 00:33:47, Sys 0 00:00:35  -  Total Remote Usage
		Usr 0 00:00:00, Sys 0 00:00:00  -  Total Local Usage
	2107  -  Run Bytes Sent By Job
	406  -  Run Bytes Received By Job
	2107  -  Total Bytes Sent By Job
	406  -  Total Bytes Received By Job
	Partitionable Resources :    Usage  Request Allocated 
	   Cpus                 :     0.68        1         1 
	   Disk (KB)            :   803           1 479779449 
	   Memory (MB)          :  6015        7900      8033 
...
