000 (856052.000.000) 08/18 04:58:12 Job submitted from host: <172.20.3.187:9618?addrs=172.20.3.187-9618&noUDP&sock=2043_e813_3>
...
001 (856052.000.000) 08/18 07:41:20 Job executing on host: <172.20.225.8:9618?addrs=172.20.225.8-9618&noUDP&sock=3440_21e1_3>
...
006 (856052.000.000) 08/18 07:41:29 Image size of job updated: 21108
	21  -  MemoryUsage of job (MB)
	21108  -  ResidentSetSize of job (KB)
...
006 (856052.000.000) 08/18 07:46:30 Image size of job updated: 3784004
	3696  -  MemoryUsage of job (MB)
	3784004  -  ResidentSetSize of job (KB)
...
006 (856052.000.000) 08/18 07:51:31 Image size of job updated: 4926280
	4811  -  MemoryUsage of job (MB)
	4926280  -  ResidentSetSize of job (KB)
...
006 (856052.000.000) 08/18 07:56:32 Image size of job updated: 5363920
	5239  -  MemoryUsage of job (MB)
	5363920  -  ResidentSetSize of job (KB)
...
006 (856052.000.000) 08/18 08:01:32 Image size of job updated: 5364068
	5239  -  MemoryUsage of job (MB)
	5364068  -  ResidentSetSize of job (KB)
...
006 (856052.000.000) 08/18 08:06:33 Image size of job updated: 5364744
	5240  -  MemoryUsage of job (MB)
	5364744  -  ResidentSetSize of job (KB)
...
006 (856052.000.000) 08/18 08:11:33 Image size of job updated: 5962700
	5823  -  MemoryUsage of job (MB)
	5962384  -  ResidentSetSize of job (KB)
...
005 (856052.000.000) 08/18 08:13:08 Job terminated.
	(1) Normal termination (return value 0)
		Usr 0 00:32:39, Sys 0 00:00:32  -  Run Remote Usage
		Usr 0 00:00:00, Sys 0 00:00:00  -  Run Local Usage
		Usr 0 00:32:39, Sys 0 00:00:32  -  Total Remote Usage
		Usr 0 00:00:00, Sys 0 00:00:00  -  Total Local Usage
	2113  -  Run Bytes Sent By Job
	412  -  Run Bytes Received By Job
	2113  -  Total Bytes Sent By Job
	412  -  Total Bytes Received By Job
	Partitionable Resources :    Usage  Request Allocated 
	   Cpus                 :     0.56        1         1 
	   Disk (KB)            :   803           1 479737977 
	   Memory (MB)          :  5823        7900      8033 
...
