000 (857411.000.000) 08/18 04:58:56 Job submitted from host: <172.20.3.187:9618?addrs=172.20.3.187-9618&noUDP&sock=2043_e813_3>
...
001 (857411.000.000) 08/18 11:16:34 Job executing on host: <172.20.225.2:9618?addrs=172.20.225.2-9618&noUDP&sock=3424_285d_3>
...
006 (857411.000.000) 08/18 11:16:43 Image size of job updated: 21108
	21  -  MemoryUsage of job (MB)
	21108  -  ResidentSetSize of job (KB)
...
006 (857411.000.000) 08/18 11:21:44 Image size of job updated: 4569392
	4463  -  MemoryUsage of job (MB)
	4569392  -  ResidentSetSize of job (KB)
...
006 (857411.000.000) 08/18 11:26:46 Image size of job updated: 5344604
	5220  -  MemoryUsage of job (MB)
	5344604  -  ResidentSetSize of job (KB)
...
006 (857411.000.000) 08/18 11:31:50 Image size of job updated: 5952280
	5813  -  MemoryUsage of job (MB)
	5952252  -  ResidentSetSize of job (KB)
...
006 (857411.000.000) 08/18 11:32:26 Image size of job updated: 9718260
	5813  -  MemoryUsage of job (MB)
	5952252  -  ResidentSetSize of job (KB)
...
005 (857411.000.000) 08/18 11:32:26 Job terminated.
	(1) Normal termination (return value 0)
		Usr 0 00:34:47, Sys 0 00:00:35  -  Run Remote Usage
		Usr 0 00:00:00, Sys 0 00:00:00  -  Run Local Usage
		Usr 0 00:34:47, Sys 0 00:00:35  -  Total Remote Usage
		Usr 0 00:00:00, Sys 0 00:00:00  -  Total Local Usage
	2116  -  Run Bytes Sent By Job
	415  -  Run Bytes Received By Job
	2116  -  Total Bytes Sent By Job
	415  -  Total Bytes Received By Job
	Partitionable Resources :    Usage  Request Allocated 
	   Cpus                 :        0        1         1 
	   Disk (KB)            :      803        1 479786084 
	   Memory (MB)          :     5813     7900      8033 
...
