000 (860687.000.000) 08/18 05:00:45 Job submitted from host: <172.20.3.187:9618?addrs=172.20.3.187-9618&noUDP&sock=2043_e813_3>
...
001 (860687.000.000) 08/18 17:56:01 Job executing on host: <172.20.225.1:9618?addrs=172.20.225.1-9618&noUDP&sock=3382_5963_3>
...
006 (860687.000.000) 08/18 17:56:09 Image size of job updated: 21124
	21  -  MemoryUsage of job (MB)
	21124  -  ResidentSetSize of job (KB)
...
006 (860687.000.000) 08/18 18:01:10 Image size of job updated: 4030964
	3937  -  MemoryUsage of job (MB)
	4030824  -  ResidentSetSize of job (KB)
...
006 (860687.000.000) 08/18 18:06:11 Image size of job updated: 4854504
	4741  -  MemoryUsage of job (MB)
	4854364  -  ResidentSetSize of job (KB)
...
006 (860687.000.000) 08/18 18:11:11 Image size of job updated: 5610888
	5480  -  MemoryUsage of job (MB)
	5610748  -  ResidentSetSize of job (KB)
...
006 (860687.000.000) 08/18 18:16:11 Image size of job updated: 5610928
	5480  -  MemoryUsage of job (MB)
	5610788  -  ResidentSetSize of job (KB)
...
006 (860687.000.000) 08/18 18:21:11 Image size of job updated: 5611400
	5480  -  MemoryUsage of job (MB)
	5611260  -  ResidentSetSize of job (KB)
...
006 (860687.000.000) 08/18 18:26:12 Image size of job updated: 5611940
	5481  -  MemoryUsage of job (MB)
	5611596  -  ResidentSetSize of job (KB)
...
005 (860687.000.000) 08/18 18:30:48 Job terminated.
	(1) Normal termination (return value 0)
		Usr 0 00:34:57, Sys 0 00:00:34  -  Run Remote Usage
		Usr 0 00:00:00, Sys 0 00:00:00  -  Run Local Usage
		Usr 0 00:34:57, Sys 0 00:00:34  -  Total Remote Usage
		Usr 0 00:00:00, Sys 0 00:00:00  -  Total Local Usage
	2113  -  Run Bytes Sent By Job
	412  -  Run Bytes Received By Job
	2113  -  Total Bytes Sent By Job
	412  -  Total Bytes Received By Job
	Partitionable Resources :    Usage  Request Allocated 
	   Cpus                 :        0        1         1 
	   Disk (KB)            :      803        1 479786105 
	   Memory (MB)          :     5481     7900      8033 
...
