000 (860679.000.000) 08/18 05:00:44 Job submitted from host: <172.20.3.187:9618?addrs=172.20.3.187-9618&noUDP&sock=2043_e813_3>
...
001 (860679.000.000) 08/18 17:55:52 Job executing on host: <172.20.225.1:9618?addrs=172.20.225.1-9618&noUDP&sock=3382_5963_3>
...
006 (860679.000.000) 08/18 17:56:00 Image size of job updated: 21124
	21  -  MemoryUsage of job (MB)
	21124  -  ResidentSetSize of job (KB)
...
006 (860679.000.000) 08/18 18:01:01 Image size of job updated: 4031392
	3937  -  MemoryUsage of job (MB)
	4031372  -  ResidentSetSize of job (KB)
...
006 (860679.000.000) 08/18 18:06:01 Image size of job updated: 4854940
	4742  -  MemoryUsage of job (MB)
	4854920  -  ResidentSetSize of job (KB)
...
006 (860679.000.000) 08/18 18:11:02 Image size of job updated: 5611320
	5480  -  MemoryUsage of job (MB)
	5611300  -  ResidentSetSize of job (KB)
...
006 (860679.000.000) 08/18 18:16:02 Image size of job updated: 5611356
	5480  -  MemoryUsage of job (MB)
	5611336  -  ResidentSetSize of job (KB)
...
006 (860679.000.000) 08/18 18:21:03 Image size of job updated: 5611832
	5481  -  MemoryUsage of job (MB)
	5611812  -  ResidentSetSize of job (KB)
...
006 (860679.000.000) 08/18 18:26:04 Image size of job updated: 5612164
	5481  -  MemoryUsage of job (MB)
	5612144  -  ResidentSetSize of job (KB)
...
006 (860679.000.000) 08/18 18:30:37 Image size of job updated: 9994980
	5481  -  MemoryUsage of job (MB)
	5612144  -  ResidentSetSize of job (KB)
...
005 (860679.000.000) 08/18 18:30:37 Job terminated.
	(1) Normal termination (return value 0)
		Usr 0 00:34:55, Sys 0 00:00:31  -  Run Remote Usage
		Usr 0 00:00:00, Sys 0 00:00:00  -  Run Local Usage
		Usr 0 00:34:55, Sys 0 00:00:31  -  Total Remote Usage
		Usr 0 00:00:00, Sys 0 00:00:00  -  Total Local Usage
	2113  -  Run Bytes Sent By Job
	412  -  Run Bytes Received By Job
	2113  -  Total Bytes Sent By Job
	412  -  Total Bytes Received By Job
	Partitionable Resources :    Usage  Request Allocated 
	   Cpus                 :     1.00        1         1 
	   Disk (KB)            :   803           1 479786105 
	   Memory (MB)          :  5481        7900      8033 
...
