000 (858185.000.000) 08/18 04:59:21 Job submitted from host: <172.20.3.187:9618?addrs=172.20.3.187-9618&noUDP&sock=2043_e813_3>
...
001 (858185.000.000) 08/18 12:50:48 Job executing on host: <172.20.225.1:9618?addrs=172.20.225.1-9618&noUDP&sock=3382_5963_3>
...
006 (858185.000.000) 08/18 12:50:57 Image size of job updated: 21120
	21  -  MemoryUsage of job (MB)
	21120  -  ResidentSetSize of job (KB)
...
006 (858185.000.000) 08/18 12:55:57 Image size of job updated: 3852604
	3763  -  MemoryUsage of job (MB)
	3852604  -  ResidentSetSize of job (KB)
...
006 (858185.000.000) 08/18 13:00:58 Image size of job updated: 4854248
	4741  -  MemoryUsage of job (MB)
	4854248  -  ResidentSetSize of job (KB)
...
006 (858185.000.000) 08/18 13:05:58 Image size of job updated: 5291888
	5168  -  MemoryUsage of job (MB)
	5291888  -  ResidentSetSize of job (KB)
...
006 (858185.000.000) 08/18 13:10:58 Image size of job updated: 5292036
	5169  -  MemoryUsage of job (MB)
	5292036  -  ResidentSetSize of job (KB)
...
006 (858185.000.000) 08/18 13:15:59 Image size of job updated: 5292712
	5169  -  MemoryUsage of job (MB)
	5292712  -  ResidentSetSize of job (KB)
...
006 (858185.000.000) 08/18 13:21:00 Image size of job updated: 6049156
	5908  -  MemoryUsage of job (MB)
	6049116  -  ResidentSetSize of job (KB)
...
005 (858185.000.000) 08/18 13:22:47 Job terminated.
	(1) Normal termination (return value 0)
		Usr 0 00:33:15, Sys 0 00:00:32  -  Run Remote Usage
		Usr 0 00:00:00, Sys 0 00:00:00  -  Run Local Usage
		Usr 0 00:33:15, Sys 0 00:00:32  -  Total Remote Usage
		Usr 0 00:00:00, Sys 0 00:00:00  -  Total Local Usage
	2106  -  Run Bytes Sent By Job
	405  -  Run Bytes Received By Job
	2106  -  Total Bytes Sent By Job
	405  -  Total Bytes Received By Job
	Partitionable Resources :    Usage  Request Allocated 
	   Cpus                 :     0.77        1         1 
	   Disk (KB)            :   803           1 479786105 
	   Memory (MB)          :  5908        7900      8033 
...
