000 (855205.000.000) 08/18 04:57:44 Job submitted from host: <172.20.3.187:9618?addrs=172.20.3.187-9618&noUDP&sock=2043_e813_3>
...
001 (855205.000.000) 08/18 06:06:02 Job executing on host: <172.20.225.6:9618?addrs=172.20.225.6-9618&noUDP&sock=3382_5963_3>
...
006 (855205.000.000) 08/18 06:06:12 Image size of job updated: 21116
	21  -  MemoryUsage of job (MB)
	21116  -  ResidentSetSize of job (KB)
...
006 (855205.000.000) 08/18 06:11:12 Image size of job updated: 3819380
	3730  -  MemoryUsage of job (MB)
	3819380  -  ResidentSetSize of job (KB)
...
006 (855205.000.000) 08/18 06:16:13 Image size of job updated: 4514776
	4409  -  MemoryUsage of job (MB)
	4514776  -  ResidentSetSize of job (KB)
...
006 (855205.000.000) 08/18 06:21:13 Image size of job updated: 5258660
	5136  -  MemoryUsage of job (MB)
	5258660  -  ResidentSetSize of job (KB)
...
006 (855205.000.000) 08/18 06:26:13 Image size of job updated: 5258692
	5136  -  MemoryUsage of job (MB)
	5258692  -  ResidentSetSize of job (KB)
...
006 (855205.000.000) 08/18 06:31:14 Image size of job updated: 5259492
	5137  -  MemoryUsage of job (MB)
	5259492  -  ResidentSetSize of job (KB)
...
006 (855205.000.000) 08/18 06:36:14 Image size of job updated: 5444432
	5317  -  MemoryUsage of job (MB)
	5444432  -  ResidentSetSize of job (KB)
...
006 (855205.000.000) 08/18 06:39:27 Image size of job updated: 5444432
	5317  -  MemoryUsage of job (MB)
	5444464  -  ResidentSetSize of job (KB)
...
005 (855205.000.000) 08/18 06:39:27 Job terminated.
	(1) Normal termination (return value 0)
		Usr 0 00:32:32, Sys 0 00:00:31  -  Run Remote Usage
		Usr 0 00:00:00, Sys 0 00:00:00  -  Run Local Usage
		Usr 0 00:32:32, Sys 0 00:00:31  -  Total Remote Usage
		Usr 0 00:00:00, Sys 0 00:00:00  -  Total Local Usage
	2099  -  Run Bytes Sent By Job
	400  -  Run Bytes Received By Job
	2099  -  Total Bytes Sent By Job
	400  -  Total Bytes Received By Job
	Partitionable Resources :    Usage  Request Allocated 
	   Cpus                 :     0.71        1         1 
	   Disk (KB)            :   803           1 479749220 
	   Memory (MB)          :  5317        7900      8033 
...
