000 (857959.000.000) 08/18 04:59:14 Job submitted from host: <172.20.3.187:9618?addrs=172.20.3.187-9618&noUDP&sock=2043_e813_3>
...
001 (857959.000.000) 08/18 12:18:10 Job executing on host: <172.20.225.2:9618?addrs=172.20.225.2-9618&noUDP&sock=3424_285d_3>
...
006 (857959.000.000) 08/18 12:18:18 Image size of job updated: 21108
	21  -  MemoryUsage of job (MB)
	21108  -  ResidentSetSize of job (KB)
...
006 (857959.000.000) 08/18 12:23:19 Image size of job updated: 4128616
	4032  -  MemoryUsage of job (MB)
	4128616  -  ResidentSetSize of job (KB)
...
006 (857959.000.000) 08/18 12:28:20 Image size of job updated: 5261524
	5139  -  MemoryUsage of job (MB)
	5261524  -  ResidentSetSize of job (KB)
...
006 (857959.000.000) 08/18 12:33:20 Image size of job updated: 5261664
	5139  -  MemoryUsage of job (MB)
	5261664  -  ResidentSetSize of job (KB)
...
006 (857959.000.000) 08/18 12:38:21 Image size of job updated: 5262140
	5139  -  MemoryUsage of job (MB)
	5262140  -  ResidentSetSize of job (KB)
...
006 (857959.000.000) 08/18 12:43:22 Image size of job updated: 5262472
	5140  -  MemoryUsage of job (MB)
	5262472  -  ResidentSetSize of job (KB)
...
006 (857959.000.000) 08/18 12:48:22 Image size of job updated: 6606784
	6452  -  MemoryUsage of job (MB)
	6606732  -  ResidentSetSize of job (KB)
...
006 (857959.000.000) 08/18 12:48:27 Image size of job updated: 10084308
	6452  -  MemoryUsage of job (MB)
	6606732  -  ResidentSetSize of job (KB)
...
005 (857959.000.000) 08/18 12:48:27 Job terminated.
	(1) Normal termination (return value 0)
		Usr 0 00:35:04, Sys 0 00:00:35  -  Run Remote Usage
		Usr 0 00:00:00, Sys 0 00:00:00  -  Run Local Usage
		Usr 0 00:35:04, Sys 0 00:00:35  -  Total Remote Usage
		Usr 0 00:00:00, Sys 0 00:00:00  -  Total Local Usage
	2104  -  Run Bytes Sent By Job
	405  -  Run Bytes Received By Job
	2104  -  Total Bytes Sent By Job
	405  -  Total Bytes Received By Job
	Partitionable Resources :    Usage  Request Allocated 
	   Cpus                 :     0.79        1         1 
	   Disk (KB)            :   803           1 479786084 
	   Memory (MB)          :  6452        7900      8033 
...
