000 (856780.000.000) 08/18 04:58:36 Job submitted from host: <172.20.3.187:9618?addrs=172.20.3.187-9618&noUDP&sock=2043_e813_3>
...
001 (856780.000.000) 08/18 08:55:40 Job executing on host: <172.20.225.5:9618?addrs=172.20.225.5-9618&noUDP&sock=3375_8c39_3>
...
006 (856780.000.000) 08/18 08:55:49 Image size of job updated: 21124
	21  -  MemoryUsage of job (MB)
	21124  -  ResidentSetSize of job (KB)
...
006 (856780.000.000) 08/18 09:00:49 Image size of job updated: 3669604
	3584  -  MemoryUsage of job (MB)
	3669604  -  ResidentSetSize of job (KB)
...
006 (856780.000.000) 08/18 09:05:50 Image size of job updated: 4493124
	4388  -  MemoryUsage of job (MB)
	4493124  -  ResidentSetSize of job (KB)
...
006 (856780.000.000) 08/18 09:10:50 Image size of job updated: 5249508
	5127  -  MemoryUsage of job (MB)
	5249508  -  ResidentSetSize of job (KB)
...
006 (856780.000.000) 08/18 09:15:51 Image size of job updated: 5249648
	5127  -  MemoryUsage of job (MB)
	5249648  -  ResidentSetSize of job (KB)
...
006 (856780.000.000) 08/18 09:20:52 Image size of job updated: 5250344
	5128  -  MemoryUsage of job (MB)
	5250344  -  ResidentSetSize of job (KB)
...
006 (856780.000.000) 08/18 09:25:52 Image size of job updated: 5723808
	5590  -  MemoryUsage of job (MB)
	5723652  -  ResidentSetSize of job (KB)
...
006 (856780.000.000) 08/18 09:27:40 Image size of job updated: 5723808
	5592  -  MemoryUsage of job (MB)
	5725868  -  ResidentSetSize of job (KB)
...
005 (856780.000.000) 08/18 09:27:40 Job terminated.
	(1) Normal termination (return value 0)
		Usr 0 00:31:34, Sys 0 00:00:32  -  Run Remote Usage
		Usr 0 00:00:00, Sys 0 00:00:00  -  Run Local Usage
		Usr 0 00:31:34, Sys 0 00:00:32  -  Total Remote Usage
		Usr 0 00:00:00, Sys 0 00:00:00  -  Total Local Usage
	2105  -  Run Bytes Sent By Job
	404  -  Run Bytes Received By Job
	2105  -  Total Bytes Sent By Job
	404  -  Total Bytes Received By Job
	Partitionable Resources :    Usage  Request Allocated 
	   Cpus                 :     0.57        1         1 
	   Disk (KB)            :   803           1 479749220 
	   Memory (MB)          :  5592        7900      8033 
...
