000 (858358.000.000) 08/18 04:59:27 Job submitted from host: <172.20.3.187:9618?addrs=172.20.3.187-9618&noUDP&sock=2043_e813_3>
...
001 (858358.000.000) 08/18 13:17:10 Job executing on host: <172.20.225.2:9618?addrs=172.20.225.2-9618&noUDP&sock=3424_285d_3>
...
006 (858358.000.000) 08/18 13:17:19 Image size of job updated: 21116
	21  -  MemoryUsage of job (MB)
	21116  -  ResidentSetSize of job (KB)
...
006 (858358.000.000) 08/18 13:22:20 Image size of job updated: 4797800
	4686  -  MemoryUsage of job (MB)
	4797800  -  ResidentSetSize of job (KB)
...
006 (858358.000.000) 08/18 13:27:21 Image size of job updated: 5554184
	5425  -  MemoryUsage of job (MB)
	5554184  -  ResidentSetSize of job (KB)
...
006 (858358.000.000) 08/18 13:32:21 Image size of job updated: 5554220
	5425  -  MemoryUsage of job (MB)
	5554220  -  ResidentSetSize of job (KB)
...
006 (858358.000.000) 08/18 13:37:21 Image size of job updated: 5554692
	5425  -  MemoryUsage of job (MB)
	5554692  -  ResidentSetSize of job (KB)
...
006 (858358.000.000) 08/18 13:42:22 Image size of job updated: 5555024
	5425  -  MemoryUsage of job (MB)
	5555024  -  ResidentSetSize of job (KB)
...
006 (858358.000.000) 08/18 13:47:02 Image size of job updated: 6038372
	5425  -  MemoryUsage of job (MB)
	5555024  -  ResidentSetSize of job (KB)
...
005 (858358.000.000) 08/18 13:47:02 Job terminated.
	(1) Normal termination (return value 0)
		Usr 0 00:32:38, Sys 0 00:00:38  -  Run Remote Usage
		Usr 0 00:00:00, Sys 0 00:00:00  -  Run Local Usage
		Usr 0 00:32:38, Sys 0 00:00:38  -  Total Remote Usage
		Usr 0 00:00:00, Sys 0 00:00:00  -  Total Local Usage
	2110  -  Run Bytes Sent By Job
	411  -  Run Bytes Received By Job
	2110  -  Total Bytes Sent By Job
	411  -  Total Bytes Received By Job
	Partitionable Resources :    Usage  Request Allocated 
	   Cpus                 :     0.60        1         1 
	   Disk (KB)            :   803           1 479786084 
	   Memory (MB)          :  5425        7900      8033 
...
