000 (860302.000.000) 08/18 05:00:32 Job submitted from host: <172.20.3.187:9618?addrs=172.20.3.187-9618&noUDP&sock=2043_e813_3>
...
001 (860302.000.000) 08/18 17:12:01 Job executing on host: <172.20.225.2:9618?addrs=172.20.225.2-9618&noUDP&sock=3424_285d_3>
...
006 (860302.000.000) 08/18 17:12:10 Image size of job updated: 21112
	21  -  MemoryUsage of job (MB)
	21112  -  ResidentSetSize of job (KB)
...
006 (860302.000.000) 08/18 17:17:11 Image size of job updated: 4031596
	3938  -  MemoryUsage of job (MB)
	4031596  -  ResidentSetSize of job (KB)
...
006 (860302.000.000) 08/18 17:22:12 Image size of job updated: 4867652
	4754  -  MemoryUsage of job (MB)
	4867652  -  ResidentSetSize of job (KB)
...
006 (860302.000.000) 08/18 17:27:12 Image size of job updated: 5611556
	5481  -  MemoryUsage of job (MB)
	5611556  -  ResidentSetSize of job (KB)
...
006 (860302.000.000) 08/18 17:32:13 Image size of job updated: 5612024
	5481  -  MemoryUsage of job (MB)
	5612024  -  ResidentSetSize of job (KB)
...
006 (860302.000.000) 08/18 17:37:14 Image size of job updated: 5612380
	5481  -  MemoryUsage of job (MB)
	5612380  -  ResidentSetSize of job (KB)
...
006 (860302.000.000) 08/18 17:42:14 Image size of job updated: 6366756
	6218  -  MemoryUsage of job (MB)
	6366756  -  ResidentSetSize of job (KB)
...
005 (860302.000.000) 08/18 17:42:51 Job terminated.
	(1) Normal termination (return value 0)
		Usr 0 00:33:49, Sys 0 00:00:34  -  Run Remote Usage
		Usr 0 00:00:00, Sys 0 00:00:00  -  Run Local Usage
		Usr 0 00:33:49, Sys 0 00:00:34  -  Total Remote Usage
		Usr 0 00:00:00, Sys 0 00:00:00  -  Total Local Usage
	2113  -  Run Bytes Sent By Job
	412  -  Run Bytes Received By Job
	2113  -  Total Bytes Sent By Job
	412  -  Total Bytes Received By Job
	Partitionable Resources :    Usage  Request Allocated 
	   Cpus                 :     0.56        1         1 
	   Disk (KB)            :   803           1 479786084 
	   Memory (MB)          :  6218        7900      8033 
...
