000 (858878.000.000) 08/18 04:59:44 Job submitted from host: <172.20.3.187:9618?addrs=172.20.3.187-9618&noUDP&sock=2043_e813_3>
...
001 (858878.000.000) 08/18 14:16:38 Job executing on host: <172.20.225.4:9618?addrs=172.20.225.4-9618&noUDP&sock=3366_5fdf_3>
...
006 (858878.000.000) 08/18 14:16:47 Image size of job updated: 21112
	21  -  MemoryUsage of job (MB)
	21112  -  ResidentSetSize of job (KB)
...
006 (858878.000.000) 08/18 14:21:48 Image size of job updated: 3974200
	3882  -  MemoryUsage of job (MB)
	3974156  -  ResidentSetSize of job (KB)
...
006 (858878.000.000) 08/18 14:26:48 Image size of job updated: 4810184
	4698  -  MemoryUsage of job (MB)
	4810184  -  ResidentSetSize of job (KB)
...
006 (858878.000.000) 08/18 14:31:49 Image size of job updated: 5554076
	5424  -  MemoryUsage of job (MB)
	5554076  -  ResidentSetSize of job (KB)
...
006 (858878.000.000) 08/18 14:36:50 Image size of job updated: 5554224
	5425  -  MemoryUsage of job (MB)
	5554224  -  ResidentSetSize of job (KB)
...
006 (858878.000.000) 08/18 14:41:50 Image size of job updated: 5554900
	5425  -  MemoryUsage of job (MB)
	5554900  -  ResidentSetSize of job (KB)
...
006 (858878.000.000) 08/18 14:46:51 Image size of job updated: 5921716
	5783  -  MemoryUsage of job (MB)
	5921716  -  ResidentSetSize of job (KB)
...
006 (858878.000.000) 08/18 14:49:49 Image size of job updated: 6060756
	5783  -  MemoryUsage of job (MB)
	5921716  -  ResidentSetSize of job (KB)
...
005 (858878.000.000) 08/18 14:49:49 Job terminated.
	(1) Normal termination (return value 0)
		Usr 0 00:34:18, Sys 0 00:00:37  -  Run Remote Usage
		Usr 0 00:00:00, Sys 0 00:00:00  -  Run Local Usage
		Usr 0 00:34:18, Sys 0 00:00:37  -  Total Remote Usage
		Usr 0 00:00:00, Sys 0 00:00:00  -  Total Local Usage
	2113  -  Run Bytes Sent By Job
	412  -  Run Bytes Received By Job
	2113  -  Total Bytes Sent By Job
	412  -  Total Bytes Received By Job
	Partitionable Resources :    Usage  Request Allocated 
	   Cpus                 :     0.51        1         1 
	   Disk (KB)            :   803           1 479779449 
	   Memory (MB)          :  5783        7900      8033 
...
