000 (854556.000.000) 08/18 04:57:20 Job submitted from host: <172.20.3.187:9618?addrs=172.20.3.187-9618&noUDP&sock=2043_e813_3>
...
001 (854556.000.000) 08/18 04:57:40 Job executing on host: <172.20.225.8:9618?addrs=172.20.225.8-9618&noUDP&sock=3440_21e1_3>
...
006 (854556.000.000) 08/18 04:57:48 Image size of job updated: 21112
	21  -  MemoryUsage of job (MB)
	21112  -  ResidentSetSize of job (KB)
...
006 (854556.000.000) 08/18 05:02:49 Image size of job updated: 3807648
	3719  -  MemoryUsage of job (MB)
	3807380  -  ResidentSetSize of job (KB)
...
006 (854556.000.000) 08/18 05:07:49 Image size of job updated: 4631172
	4523  -  MemoryUsage of job (MB)
	4630904  -  ResidentSetSize of job (KB)
...
006 (854556.000.000) 08/18 05:12:50 Image size of job updated: 5387552
	5262  -  MemoryUsage of job (MB)
	5387284  -  ResidentSetSize of job (KB)
...
006 (854556.000.000) 08/18 05:17:50 Image size of job updated: 5387584
	5262  -  MemoryUsage of job (MB)
	5387316  -  ResidentSetSize of job (KB)
...
006 (854556.000.000) 08/18 05:22:50 Image size of job updated: 5387820
	5262  -  MemoryUsage of job (MB)
	5387784  -  ResidentSetSize of job (KB)
...
006 (854556.000.000) 08/18 05:27:50 Image size of job updated: 5388156
	5262  -  MemoryUsage of job (MB)
	5388120  -  ResidentSetSize of job (KB)
...
006 (854556.000.000) 08/18 05:31:52 Image size of job updated: 5840248
	5262  -  MemoryUsage of job (MB)
	5388120  -  ResidentSetSize of job (KB)
...
005 (854556.000.000) 08/18 05:31:52 Job terminated.
	(1) Normal termination (return value 0)
		Usr 0 00:32:27, Sys 0 00:00:38  -  Run Remote Usage
		Usr 0 00:00:00, Sys 0 00:00:00  -  Run Local Usage
		Usr 0 00:32:27, Sys 0 00:00:38  -  Total Remote Usage
		Usr 0 00:00:00, Sys 0 00:00:00  -  Total Local Usage
	2101  -  Run Bytes Sent By Job
	402  -  Run Bytes Received By Job
	2101  -  Total Bytes Sent By Job
	402  -  Total Bytes Received By Job
	Partitionable Resources :    Usage  Request Allocated 
	   Cpus                 :     0.98        1         1 
	   Disk (KB)            :   803           1 479737977 
	   Memory (MB)          :  5262        7900      8033 
...
