000 (859357.000.000) 08/18 05:00:00 Job submitted from host: <172.20.3.187:9618?addrs=172.20.3.187-9618&noUDP&sock=2043_e813_3>
...
001 (859357.000.000) 08/18 15:09:38 Job executing on host: <172.20.225.6:9618?addrs=172.20.225.6-9618&noUDP&sock=3382_5963_3>
...
006 (859357.000.000) 08/18 15:09:47 Image size of job updated: 21124
	21  -  MemoryUsage of job (MB)
	21124  -  ResidentSetSize of job (KB)
...
006 (859357.000.000) 08/18 15:14:48 Image size of job updated: 3738620
	3651  -  MemoryUsage of job (MB)
	3738620  -  ResidentSetSize of job (KB)
...
006 (859357.000.000) 08/18 15:19:48 Image size of job updated: 4574644
	4468  -  MemoryUsage of job (MB)
	4574644  -  ResidentSetSize of job (KB)
...
006 (859357.000.000) 08/18 15:24:47 Image size of job updated: 5318528
	5194  -  MemoryUsage of job (MB)
	5318528  -  ResidentSetSize of job (KB)
...
006 (859357.000.000) 08/18 15:29:48 Image size of job updated: 5318672
	5195  -  MemoryUsage of job (MB)
	5318672  -  ResidentSetSize of job (KB)
...
006 (859357.000.000) 08/18 15:34:50 Image size of job updated: 5319356
	5195  -  MemoryUsage of job (MB)
	5319356  -  ResidentSetSize of job (KB)
...
006 (859357.000.000) 08/18 15:39:50 Image size of job updated: 6355584
	6207  -  MemoryUsage of job (MB)
	6355580  -  ResidentSetSize of job (KB)
...
005 (859357.000.000) 08/18 15:40:36 Job terminated.
	(1) Normal termination (return value 0)
		Usr 0 00:34:45, Sys 0 00:00:34  -  Run Remote Usage
		Usr 0 00:00:00, Sys 0 00:00:00  -  Run Local Usage
		Usr 0 00:34:45, Sys 0 00:00:34  -  Total Remote Usage
		Usr 0 00:00:00, Sys 0 00:00:00  -  Total Local Usage
	2102  -  Run Bytes Sent By Job
	401  -  Run Bytes Received By Job
	2102  -  Total Bytes Sent By Job
	401  -  Total Bytes Received By Job
	Partitionable Resources :    Usage  Request Allocated 
	   Cpus                 :     0.58        1         1 
	   Disk (KB)            :   803           1 479749220 
	   Memory (MB)          :  6207        7900      8033 
...
