000 (856542.000.000) 08/18 04:58:28 Job submitted from host: <172.20.3.187:9618?addrs=172.20.3.187-9618&noUDP&sock=2043_e813_3>
...
001 (856542.000.000) 08/18 08:36:57 Job executing on host: <172.20.225.4:9618?addrs=172.20.225.4-9618&noUDP&sock=3366_5fdf_3>
...
006 (856542.000.000) 08/18 08:37:06 Image size of job updated: 21128
	21  -  MemoryUsage of job (MB)
	21128  -  ResidentSetSize of job (KB)
...
006 (856542.000.000) 08/18 08:42:07 Image size of job updated: 3764192
	3676  -  MemoryUsage of job (MB)
	3764192  -  ResidentSetSize of job (KB)
...
006 (856542.000.000) 08/18 08:47:09 Image size of job updated: 4587716
	4481  -  MemoryUsage of job (MB)
	4587716  -  ResidentSetSize of job (KB)
...
006 (856542.000.000) 08/18 08:52:09 Image size of job updated: 5344108
	5219  -  MemoryUsage of job (MB)
	5344108  -  ResidentSetSize of job (KB)
...
006 (856542.000.000) 08/18 08:57:09 Image size of job updated: 5344240
	5219  -  MemoryUsage of job (MB)
	5344240  -  ResidentSetSize of job (KB)
...
006 (856542.000.000) 08/18 09:02:09 Image size of job updated: 5344936
	5220  -  MemoryUsage of job (MB)
	5344936  -  ResidentSetSize of job (KB)
...
006 (856542.000.000) 08/18 09:07:09 Image size of job updated: 5530628
	5401  -  MemoryUsage of job (MB)
	5530400  -  ResidentSetSize of job (KB)
...
006 (856542.000.000) 08/18 09:09:54 Image size of job updated: 7604508
	5401  -  MemoryUsage of job (MB)
	5530424  -  ResidentSetSize of job (KB)
...
005 (856542.000.000) 08/18 09:09:55 Job terminated.
	(1) Normal termination (return value 0)
		Usr 0 00:32:50, Sys 0 00:00:35  -  Run Remote Usage
		Usr 0 00:00:00, Sys 0 00:00:00  -  Run Local Usage
		Usr 0 00:32:50, Sys 0 00:00:35  -  Total Remote Usage
		Usr 0 00:00:00, Sys 0 00:00:00  -  Total Local Usage
	2107  -  Run Bytes Sent By Job
	406  -  Run Bytes Received By Job
	2107  -  Total Bytes Sent By Job
	406  -  Total Bytes Received By Job
	Partitionable Resources :    Usage  Request Allocated 
	   Cpus                 :     0.62        1         1 
	   Disk (KB)            :   803           1 479779449 
	   Memory (MB)          :  5401        7900      8033 
...
