000 (859614.000.000) 08/18 05:00:09 Job submitted from host: <172.20.3.187:9618?addrs=172.20.3.187-9618&noUDP&sock=2043_e813_3>
...
001 (859614.000.000) 08/18 15:37:42 Job executing on host: <172.20.225.6:9618?addrs=172.20.225.6-9618&noUDP&sock=3382_5963_3>
...
006 (859614.000.000) 08/18 15:37:50 Image size of job updated: 21128
	21  -  MemoryUsage of job (MB)
	21128  -  ResidentSetSize of job (KB)
...
006 (859614.000.000) 08/18 15:42:50 Image size of job updated: 4172256
	4075  -  MemoryUsage of job (MB)
	4172256  -  ResidentSetSize of job (KB)
...
006 (859614.000.000) 08/18 15:47:51 Image size of job updated: 4867652
	4754  -  MemoryUsage of job (MB)
	4867652  -  ResidentSetSize of job (KB)
...
006 (859614.000.000) 08/18 15:52:51 Image size of job updated: 5305292
	5181  -  MemoryUsage of job (MB)
	5305292  -  ResidentSetSize of job (KB)
...
006 (859614.000.000) 08/18 15:57:51 Image size of job updated: 5305452
	5182  -  MemoryUsage of job (MB)
	5305452  -  ResidentSetSize of job (KB)
...
006 (859614.000.000) 08/18 16:02:51 Image size of job updated: 5306112
	5182  -  MemoryUsage of job (MB)
	5306112  -  ResidentSetSize of job (KB)
...
006 (859614.000.000) 08/18 16:07:52 Image size of job updated: 5952968
	5814  -  MemoryUsage of job (MB)
	5952968  -  ResidentSetSize of job (KB)
...
005 (859614.000.000) 08/18 16:09:04 Job terminated.
	(1) Normal termination (return value 0)
		Usr 0 00:31:34, Sys 0 00:00:36  -  Run Remote Usage
		Usr 0 00:00:00, Sys 0 00:00:00  -  Run Local Usage
		Usr 0 00:31:34, Sys 0 00:00:36  -  Total Remote Usage
		Usr 0 00:00:00, Sys 0 00:00:00  -  Total Local Usage
	2103  -  Run Bytes Sent By Job
	404  -  Run Bytes Received By Job
	2103  -  Total Bytes Sent By Job
	404  -  Total Bytes Received By Job
	Partitionable Resources :    Usage  Request Allocated 
	   Cpus                 :     0.66        1         1 
	   Disk (KB)            :   803           1 479749220 
	   Memory (MB)          :  5814        7900      8033 
...
