000 (860623.000.000) 08/18 05:00:43 Job submitted from host: <172.20.3.187:9618?addrs=172.20.3.187-9618&noUDP&sock=2043_e813_3>
...
001 (860623.000.000) 08/18 17:55:43 Job executing on host: <172.20.225.2:9618?addrs=172.20.225.2-9618&noUDP&sock=3424_285d_3>
...
006 (860623.000.000) 08/18 17:55:52 Image size of job updated: 21120
	21  -  MemoryUsage of job (MB)
	21120  -  ResidentSetSize of job (KB)
...
006 (860623.000.000) 08/18 18:00:52 Image size of job updated: 4828460
	4716  -  MemoryUsage of job (MB)
	4828460  -  ResidentSetSize of job (KB)
...
006 (860623.000.000) 08/18 18:05:53 Image size of job updated: 5611492
	5480  -  MemoryUsage of job (MB)
	5611492  -  ResidentSetSize of job (KB)
...
006 (860623.000.000) 08/18 18:10:54 Image size of job updated: 5612308
	5481  -  MemoryUsage of job (MB)
	5612308  -  ResidentSetSize of job (KB)
...
005 (860623.000.000) 08/18 18:14:46 Job terminated.
	(1) Normal termination (return value 0)
		Usr 0 00:33:57, Sys 0 00:00:35  -  Run Remote Usage
		Usr 0 00:00:00, Sys 0 00:00:00  -  Run Local Usage
		Usr 0 00:33:57, Sys 0 00:00:35  -  Total Remote Usage
		Usr 0 00:00:00, Sys 0 00:00:00  -  Total Local Usage
	2113  -  Run Bytes Sent By Job
	412  -  Run Bytes Received By Job
	2113  -  Total Bytes Sent By Job
	412  -  Total Bytes Received By Job
	Partitionable Resources :    Usage  Request Allocated 
	   Cpus                 :     0.93        1         1 
	   Disk (KB)            :   803           1 479786084 
	   Memory (MB)          :  5481        7900      8033 
...
