000 (855513.000.000) 08/18 04:57:54 Job submitted from host: <172.20.3.187:9618?addrs=172.20.3.187-9618&noUDP&sock=2043_e813_3>
...
001 (855513.000.000) 08/18 06:39:08 Job executing on host: <172.20.225.2:9618?addrs=172.20.225.2-9618&noUDP&sock=3424_285d_3>
...
006 (855513.000.000) 08/18 06:39:16 Image size of job updated: 21124
	21  -  MemoryUsage of job (MB)
	21124  -  ResidentSetSize of job (KB)
...
006 (855513.000.000) 08/18 06:44:16 Image size of job updated: 4454972
	4351  -  MemoryUsage of job (MB)
	4454972  -  ResidentSetSize of job (KB)
...
006 (855513.000.000) 08/18 06:49:17 Image size of job updated: 5237872
	5116  -  MemoryUsage of job (MB)
	5237872  -  ResidentSetSize of job (KB)
...
006 (855513.000.000) 08/18 06:54:17 Image size of job updated: 5237996
	5116  -  MemoryUsage of job (MB)
	5237996  -  ResidentSetSize of job (KB)
...
006 (855513.000.000) 08/18 06:59:17 Image size of job updated: 5238144
	5116  -  MemoryUsage of job (MB)
	5238144  -  ResidentSetSize of job (KB)
...
006 (855513.000.000) 08/18 07:04:18 Image size of job updated: 5238824
	5117  -  MemoryUsage of job (MB)
	5238824  -  ResidentSetSize of job (KB)
...
006 (855513.000.000) 08/18 07:09:19 Image size of job updated: 5918068
	5779  -  MemoryUsage of job (MB)
	5917500  -  ResidentSetSize of job (KB)
...
005 (855513.000.000) 08/18 07:10:44 Job terminated.
	(1) Normal termination (return value 0)
		Usr 0 00:31:40, Sys 0 00:00:35  -  Run Remote Usage
		Usr 0 00:00:00, Sys 0 00:00:00  -  Run Local Usage
		Usr 0 00:31:40, Sys 0 00:00:35  -  Total Remote Usage
		Usr 0 00:00:00, Sys 0 00:00:00  -  Total Local Usage
	2102  -  Run Bytes Sent By Job
	404  -  Run Bytes Received By Job
	2102  -  Total Bytes Sent By Job
	404  -  Total Bytes Received By Job
	Partitionable Resources :    Usage  Request Allocated 
	   Cpus                 :     0.65        1         1 
	   Disk (KB)            :   803           1 479786084 
	   Memory (MB)          :  5779        7900      8033 
...
