000 (858102.000.000) 08/18 04:59:18 Job submitted from host: <172.20.3.187:9618?addrs=172.20.3.187-9618&noUDP&sock=2043_e813_3>
...
001 (858102.000.000) 08/18 12:47:07 Job executing on host: <172.20.225.4:9618?addrs=172.20.225.4-9618&noUDP&sock=3366_5fdf_3>
...
006 (858102.000.000) 08/18 12:47:16 Image size of job updated: 21128
	21  -  MemoryUsage of job (MB)
	21128  -  ResidentSetSize of job (KB)
...
006 (858102.000.000) 08/18 12:52:18 Image size of job updated: 3712088
	3626  -  MemoryUsage of job (MB)
	3712088  -  ResidentSetSize of job (KB)
...
006 (858102.000.000) 08/18 12:57:18 Image size of job updated: 4548108
	4442  -  MemoryUsage of job (MB)
	4548108  -  ResidentSetSize of job (KB)
...
006 (858102.000.000) 08/18 13:02:19 Image size of job updated: 5291988
	5168  -  MemoryUsage of job (MB)
	5291988  -  ResidentSetSize of job (KB)
...
006 (858102.000.000) 08/18 13:07:19 Image size of job updated: 5292124
	5169  -  MemoryUsage of job (MB)
	5292124  -  ResidentSetSize of job (KB)
...
006 (858102.000.000) 08/18 13:12:20 Image size of job updated: 5292820
	5169  -  MemoryUsage of job (MB)
	5292820  -  ResidentSetSize of job (KB)
...
006 (858102.000.000) 08/18 13:17:21 Image size of job updated: 6051792
	5910  -  MemoryUsage of job (MB)
	6051652  -  ResidentSetSize of job (KB)
...
005 (858102.000.000) 08/18 13:20:32 Job terminated.
	(1) Normal termination (return value 0)
		Usr 0 00:33:59, Sys 0 00:00:31  -  Run Remote Usage
		Usr 0 00:00:00, Sys 0 00:00:00  -  Run Local Usage
		Usr 0 00:33:59, Sys 0 00:00:31  -  Total Remote Usage
		Usr 0 00:00:00, Sys 0 00:00:00  -  Total Local Usage
	2103  -  Run Bytes Sent By Job
	404  -  Run Bytes Received By Job
	2103  -  Total Bytes Sent By Job
	404  -  Total Bytes Received By Job
	Partitionable Resources :    Usage  Request Allocated 
	   Cpus                 :     0.67        1         1 
	   Disk (KB)            :   803           1 479779449 
	   Memory (MB)          :  5910        7900      8033 
...
