000 (858693.000.000) 08/18 04:59:38 Job submitted from host: <172.20.3.187:9618?addrs=172.20.3.187-9618&noUDP&sock=2043_e813_3>
...
001 (858693.000.000) 08/18 13:54:41 Job executing on host: <172.20.225.4:9618?addrs=172.20.225.4-9618&noUDP&sock=3366_5fdf_3>
...
006 (858693.000.000) 08/18 13:54:50 Image size of job updated: 21116
	21  -  MemoryUsage of job (MB)
	21116  -  ResidentSetSize of job (KB)
...
006 (858693.000.000) 08/18 13:59:51 Image size of job updated: 3974224
	3882  -  MemoryUsage of job (MB)
	3974224  -  ResidentSetSize of job (KB)
...
006 (858693.000.000) 08/18 14:04:52 Image size of job updated: 4797764
	4686  -  MemoryUsage of job (MB)
	4797764  -  ResidentSetSize of job (KB)
...
006 (858693.000.000) 08/18 14:09:52 Image size of job updated: 5554144
	5424  -  MemoryUsage of job (MB)
	5554144  -  ResidentSetSize of job (KB)
...
006 (858693.000.000) 08/18 14:14:53 Image size of job updated: 5554176
	5424  -  MemoryUsage of job (MB)
	5554176  -  ResidentSetSize of job (KB)
...
006 (858693.000.000) 08/18 14:19:54 Image size of job updated: 5554660
	5425  -  MemoryUsage of job (MB)
	5554660  -  ResidentSetSize of job (KB)
...
006 (858693.000.000) 08/18 14:24:55 Image size of job updated: 5761508
	5626  -  MemoryUsage of job (MB)
	5760972  -  ResidentSetSize of job (KB)
...
006 (858693.000.000) 08/18 14:28:59 Image size of job updated: 5761508
	5626  -  MemoryUsage of job (MB)
	5760988  -  ResidentSetSize of job (KB)
...
005 (858693.000.000) 08/18 14:28:59 Job terminated.
	(1) Normal termination (return value 0)
		Usr 0 00:34:24, Sys 0 00:00:34  -  Run Remote Usage
		Usr 0 00:00:00, Sys 0 00:00:00  -  Run Local Usage
		Usr 0 00:34:24, Sys 0 00:00:34  -  Total Remote Usage
		Usr 0 00:00:00, Sys 0 00:00:00  -  Total Local Usage
	2113  -  Run Bytes Sent By Job
	412  -  Run Bytes Received By Job
	2113  -  Total Bytes Sent By Job
	412  -  Total Bytes Received By Job
	Partitionable Resources :    Usage  Request Allocated 
	   Cpus                 :     0.63        1         1 
	   Disk (KB)            :   803           1 479779449 
	   Memory (MB)          :  5626        7900      8033 
...
