000 (858828.000.000) 08/18 04:59:42 Job submitted from host: <172.20.3.187:9618?addrs=172.20.3.187-9618&noUDP&sock=2043_e813_3>
...
001 (858828.000.000) 08/18 14:05:39 Job executing on host: <172.20.225.8:9618?addrs=172.20.225.8-9618&noUDP&sock=3440_21e1_3>
...
006 (858828.000.000) 08/18 14:05:48 Image size of job updated: 21116
	21  -  MemoryUsage of job (MB)
	21116  -  ResidentSetSize of job (KB)
...
006 (858828.000.000) 08/18 14:10:49 Image size of job updated: 3974344
	3882  -  MemoryUsage of job (MB)
	3974344  -  ResidentSetSize of job (KB)
...
006 (858828.000.000) 08/18 14:15:51 Image size of job updated: 4797892
	4686  -  MemoryUsage of job (MB)
	4797892  -  ResidentSetSize of job (KB)
...
006 (858828.000.000) 08/18 14:20:50 Image size of job updated: 5554276
	5425  -  MemoryUsage of job (MB)
	5554276  -  ResidentSetSize of job (KB)
...
006 (858828.000.000) 08/18 14:25:51 Image size of job updated: 5554320
	5425  -  MemoryUsage of job (MB)
	5554320  -  ResidentSetSize of job (KB)
...
006 (858828.000.000) 08/18 14:30:52 Image size of job updated: 5554788
	5425  -  MemoryUsage of job (MB)
	5554788  -  ResidentSetSize of job (KB)
...
006 (858828.000.000) 08/18 14:35:53 Image size of job updated: 5555120
	5425  -  MemoryUsage of job (MB)
	5555120  -  ResidentSetSize of job (KB)
...
006 (858828.000.000) 08/18 14:40:53 Image size of job updated: 6274776
	6128  -  MemoryUsage of job (MB)
	6274680  -  ResidentSetSize of job (KB)
...
005 (858828.000.000) 08/18 14:41:36 Job terminated.
	(1) Normal termination (return value 0)
		Usr 0 00:34:15, Sys 0 00:00:32  -  Run Remote Usage
		Usr 0 00:00:00, Sys 0 00:00:00  -  Run Local Usage
		Usr 0 00:34:15, Sys 0 00:00:32  -  Total Remote Usage
		Usr 0 00:00:00, Sys 0 00:00:00  -  Total Local Usage
	2113  -  Run Bytes Sent By Job
	412  -  Run Bytes Received By Job
	2113  -  Total Bytes Sent By Job
	412  -  Total Bytes Received By Job
	Partitionable Resources :    Usage  Request Allocated 
	   Cpus                 :     0.67        1         1 
	   Disk (KB)            :   803           1 479737977 
	   Memory (MB)          :  6128        7900      8033 
...
