000 (855813.000.000) 08/18 04:58:04 Job submitted from host: <172.20.3.187:9618?addrs=172.20.3.187-9618&noUDP&sock=2043_e813_3>
...
001 (855813.000.000) 08/18 07:12:10 Job executing on host: <172.20.225.6:9618?addrs=172.20.225.6-9618&noUDP&sock=3382_5963_3>
...
006 (855813.000.000) 08/18 07:12:18 Image size of job updated: 21108
	21  -  MemoryUsage of job (MB)
	21108  -  ResidentSetSize of job (KB)
...
006 (855813.000.000) 08/18 07:17:18 Image size of job updated: 3925056
	3834  -  MemoryUsage of job (MB)
	3925056  -  ResidentSetSize of job (KB)
...
006 (855813.000.000) 08/18 07:22:19 Image size of job updated: 4620448
	4513  -  MemoryUsage of job (MB)
	4620448  -  ResidentSetSize of job (KB)
...
006 (855813.000.000) 08/18 07:27:20 Image size of job updated: 5364332
	5239  -  MemoryUsage of job (MB)
	5364332  -  ResidentSetSize of job (KB)
...
006 (855813.000.000) 08/18 07:32:20 Image size of job updated: 5364468
	5239  -  MemoryUsage of job (MB)
	5364468  -  ResidentSetSize of job (KB)
...
006 (855813.000.000) 08/18 07:37:21 Image size of job updated: 5365164
	5240  -  MemoryUsage of job (MB)
	5365164  -  ResidentSetSize of job (KB)
...
006 (855813.000.000) 08/18 07:42:22 Image size of job updated: 5834280
	5690  -  MemoryUsage of job (MB)
	5826168  -  ResidentSetSize of job (KB)
...
006 (855813.000.000) 08/18 07:44:34 Image size of job updated: 5834280
	5690  -  MemoryUsage of job (MB)
	5826172  -  ResidentSetSize of job (KB)
...
005 (855813.000.000) 08/18 07:44:34 Job terminated.
	(1) Normal termination (return value 0)
		Usr 0 00:32:25, Sys 0 00:00:32  -  Run Remote Usage
		Usr 0 00:00:00, Sys 0 00:00:00  -  Run Local Usage
		Usr 0 00:32:25, Sys 0 00:00:32  -  Total Remote Usage
		Usr 0 00:00:00, Sys 0 00:00:00  -  Total Local Usage
	2110  -  Run Bytes Sent By Job
	411  -  Run Bytes Received By Job
	2110  -  Total Bytes Sent By Job
	411  -  Total Bytes Received By Job
	Partitionable Resources :    Usage  Request Allocated 
	   Cpus                 :     0.67        1         1 
	   Disk (KB)            :   803           1 479749220 
	   Memory (MB)          :  5690        7900      8033 
...
