000 (857559.000.000) 08/18 04:59:01 Job submitted from host: <172.20.3.187:9618?addrs=172.20.3.187-9618&noUDP&sock=2043_e813_3>
...
001 (857559.000.000) 08/18 11:41:04 Job executing on host: <172.20.225.6:9618?addrs=172.20.225.6-9618&noUDP&sock=3382_5963_3>
...
006 (857559.000.000) 08/18 11:41:12 Image size of job updated: 21124
	21  -  MemoryUsage of job (MB)
	21124  -  ResidentSetSize of job (KB)
...
006 (857559.000.000) 08/18 11:46:13 Image size of job updated: 3831160
	3742  -  MemoryUsage of job (MB)
	3831140  -  ResidentSetSize of job (KB)
...
006 (857559.000.000) 08/18 11:51:13 Image size of job updated: 4526556
	4421  -  MemoryUsage of job (MB)
	4526536  -  ResidentSetSize of job (KB)
...
006 (857559.000.000) 08/18 11:56:14 Image size of job updated: 5270436
	5147  -  MemoryUsage of job (MB)
	5270416  -  ResidentSetSize of job (KB)
...
006 (857559.000.000) 08/18 12:01:14 Image size of job updated: 5270552
	5148  -  MemoryUsage of job (MB)
	5270552  -  ResidentSetSize of job (KB)
...
006 (857559.000.000) 08/18 12:06:15 Image size of job updated: 5271252
	5148  -  MemoryUsage of job (MB)
	5271252  -  ResidentSetSize of job (KB)
...
006 (857559.000.000) 08/18 12:11:16 Image size of job updated: 5470884
	5343  -  MemoryUsage of job (MB)
	5470644  -  ResidentSetSize of job (KB)
...
006 (857559.000.000) 08/18 12:16:16 Image size of job updated: 6210416
	6065  -  MemoryUsage of job (MB)
	6210004  -  ResidentSetSize of job (KB)
...
006 (857559.000.000) 08/18 12:16:23 Image size of job updated: 11589624
	6065  -  MemoryUsage of job (MB)
	6210004  -  ResidentSetSize of job (KB)
...
005 (857559.000.000) 08/18 12:16:23 Job terminated.
	(1) Normal termination (return value 0)
		Usr 0 00:33:21, Sys 0 00:00:33  -  Run Remote Usage
		Usr 0 00:00:00, Sys 0 00:00:00  -  Run Local Usage
		Usr 0 00:33:21, Sys 0 00:00:33  -  Total Remote Usage
		Usr 0 00:00:00, Sys 0 00:00:00  -  Total Local Usage
	2101  -  Run Bytes Sent By Job
	402  -  Run Bytes Received By Job
	2101  -  Total Bytes Sent By Job
	402  -  Total Bytes Received By Job
	Partitionable Resources :    Usage  Request Allocated 
	   Cpus                 :     0.76        1         1 
	   Disk (KB)            :   803           1 479749220 
	   Memory (MB)          :  6065        7900      8033 
...
