000 (858766.000.000) 08/18 04:59:40 Job submitted from host: <172.20.3.187:9618?addrs=172.20.3.187-9618&noUDP&sock=2043_e813_3>
...
001 (858766.000.000) 08/18 14:00:39 Job executing on host: <172.20.225.6:9618?addrs=172.20.225.6-9618&noUDP&sock=3382_5963_3>
...
006 (858766.000.000) 08/18 14:00:48 Image size of job updated: 21116
	21  -  MemoryUsage of job (MB)
	21116  -  ResidentSetSize of job (KB)
...
006 (858766.000.000) 08/18 14:05:49 Image size of job updated: 3975068
	3882  -  MemoryUsage of job (MB)
	3974216  -  ResidentSetSize of job (KB)
...
006 (858766.000.000) 08/18 14:10:49 Image size of job updated: 4797760
	4686  -  MemoryUsage of job (MB)
	4797760  -  ResidentSetSize of job (KB)
...
006 (858766.000.000) 08/18 14:15:50 Image size of job updated: 5554152
	5424  -  MemoryUsage of job (MB)
	5554152  -  ResidentSetSize of job (KB)
...
006 (858766.000.000) 08/18 14:20:51 Image size of job updated: 5554192
	5425  -  MemoryUsage of job (MB)
	5554192  -  ResidentSetSize of job (KB)
...
006 (858766.000.000) 08/18 14:25:51 Image size of job updated: 5554664
	5425  -  MemoryUsage of job (MB)
	5554664  -  ResidentSetSize of job (KB)
...
006 (858766.000.000) 08/18 14:30:52 Image size of job updated: 5554988
	5425  -  MemoryUsage of job (MB)
	5554988  -  ResidentSetSize of job (KB)
...
006 (858766.000.000) 08/18 14:35:49 Image size of job updated: 6026152
	5425  -  MemoryUsage of job (MB)
	5554988  -  ResidentSetSize of job (KB)
...
005 (858766.000.000) 08/18 14:35:49 Job terminated.
	(1) Normal termination (return value 0)
		Usr 0 00:33:38, Sys 0 00:00:34  -  Run Remote Usage
		Usr 0 00:00:00, Sys 0 00:00:00  -  Run Local Usage
		Usr 0 00:33:38, Sys 0 00:00:34  -  Total Remote Usage
		Usr 0 00:00:00, Sys 0 00:00:00  -  Total Local Usage
	2113  -  Run Bytes Sent By Job
	412  -  Run Bytes Received By Job
	2113  -  Total Bytes Sent By Job
	412  -  Total Bytes Received By Job
	Partitionable Resources :    Usage  Request Allocated 
	   Cpus                 :     0.59        1         1 
	   Disk (KB)            :   803           1 479749220 
	   Memory (MB)          :  5425        7900      8033 
...
