000 (859077.000.000) 08/18 04:59:50 Job submitted from host: <172.20.3.187:9618?addrs=172.20.3.187-9618&noUDP&sock=2043_e813_3>
...
001 (859077.000.000) 08/18 14:37:12 Job executing on host: <172.20.225.6:9618?addrs=172.20.225.6-9618&noUDP&sock=3382_5963_3>
...
006 (859077.000.000) 08/18 14:37:21 Image size of job updated: 21116
	21  -  MemoryUsage of job (MB)
	21116  -  ResidentSetSize of job (KB)
...
006 (859077.000.000) 08/18 14:42:23 Image size of job updated: 3800148
	3712  -  MemoryUsage of job (MB)
	3800148  -  ResidentSetSize of job (KB)
...
006 (859077.000.000) 08/18 14:47:23 Image size of job updated: 4495544
	4391  -  MemoryUsage of job (MB)
	4495544  -  ResidentSetSize of job (KB)
...
006 (859077.000.000) 08/18 14:52:23 Image size of job updated: 5239428
	5117  -  MemoryUsage of job (MB)
	5239428  -  ResidentSetSize of job (KB)
...
006 (859077.000.000) 08/18 14:57:23 Image size of job updated: 5239568
	5117  -  MemoryUsage of job (MB)
	5239568  -  ResidentSetSize of job (KB)
...
006 (859077.000.000) 08/18 15:02:24 Image size of job updated: 5240264
	5118  -  MemoryUsage of job (MB)
	5240264  -  ResidentSetSize of job (KB)
...
006 (859077.000.000) 08/18 15:07:25 Image size of job updated: 5764924
	5630  -  MemoryUsage of job (MB)
	5764764  -  ResidentSetSize of job (KB)
...
005 (859077.000.000) 08/18 15:09:40 Job terminated.
	(1) Normal termination (return value 0)
		Usr 0 00:32:19, Sys 0 00:00:32  -  Run Remote Usage
		Usr 0 00:00:00, Sys 0 00:00:00  -  Run Local Usage
		Usr 0 00:32:19, Sys 0 00:00:32  -  Total Remote Usage
		Usr 0 00:00:00, Sys 0 00:00:00  -  Total Local Usage
	2111  -  Run Bytes Sent By Job
	413  -  Run Bytes Received By Job
	2111  -  Total Bytes Sent By Job
	413  -  Total Bytes Received By Job
	Partitionable Resources :    Usage  Request Allocated 
	   Cpus                 :     0.55        1         1 
	   Disk (KB)            :   803           1 479749220 
	   Memory (MB)          :  5630        7900      8033 
...
