000 (857461.000.000) 08/18 04:58:58 Job submitted from host: <172.20.3.187:9618?addrs=172.20.3.187-9618&noUDP&sock=2043_e813_3>
...
001 (857461.000.000) 08/18 11:35:12 Job executing on host: <172.20.225.5:9618?addrs=172.20.225.5-9618&noUDP&sock=3375_8c39_3>
...
006 (857461.000.000) 08/18 11:35:20 Image size of job updated: 21124
	21  -  MemoryUsage of job (MB)
	21124  -  ResidentSetSize of job (KB)
...
006 (857461.000.000) 08/18 11:40:20 Image size of job updated: 4584960
	4478  -  MemoryUsage of job (MB)
	4584960  -  ResidentSetSize of job (KB)
...
006 (857461.000.000) 08/18 11:45:21 Image size of job updated: 5344472
	5220  -  MemoryUsage of job (MB)
	5344472  -  ResidentSetSize of job (KB)
...
006 (857461.000.000) 08/18 11:50:22 Image size of job updated: 5344508
	5220  -  MemoryUsage of job (MB)
	5344508  -  ResidentSetSize of job (KB)
...
006 (857461.000.000) 08/18 11:55:22 Image size of job updated: 5345312
	5221  -  MemoryUsage of job (MB)
	5345312  -  ResidentSetSize of job (KB)
...
005 (857461.000.000) 08/18 12:04:15 Job terminated.
	(1) Normal termination (return value 0)
		Usr 0 00:33:23, Sys 0 00:00:38  -  Run Remote Usage
		Usr 0 00:00:00, Sys 0 00:00:00  -  Run Local Usage
		Usr 0 00:33:23, Sys 0 00:00:38  -  Total Remote Usage
		Usr 0 00:00:00, Sys 0 00:00:00  -  Total Local Usage
	2116  -  Run Bytes Sent By Job
	415  -  Run Bytes Received By Job
	2116  -  Total Bytes Sent By Job
	415  -  Total Bytes Received By Job
	Partitionable Resources :    Usage  Request Allocated 
	   Cpus                 :     0.48        1         1 
	   Disk (KB)            :   803           1 479749220 
	   Memory (MB)          :  5221        7900      8033 
...
