000 (858918.000.000) 08/18 04:59:45 Job submitted from host: <172.20.3.187:9618?addrs=172.20.3.187-9618&noUDP&sock=2043_e813_3>
...
001 (858918.000.000) 08/18 14:21:38 Job executing on host: <172.20.225.5:9618?addrs=172.20.225.5-9618&noUDP&sock=3375_8c39_3>
...
006 (858918.000.000) 08/18 14:21:46 Image size of job updated: 21116
	21  -  MemoryUsage of job (MB)
	21116  -  ResidentSetSize of job (KB)
...
006 (858918.000.000) 08/18 14:26:47 Image size of job updated: 4433624
	4330  -  MemoryUsage of job (MB)
	4433624  -  ResidentSetSize of job (KB)
...
006 (858918.000.000) 08/18 14:31:47 Image size of job updated: 5216524
	5095  -  MemoryUsage of job (MB)
	5216524  -  ResidentSetSize of job (KB)
...
006 (858918.000.000) 08/18 14:36:47 Image size of job updated: 5216656
	5095  -  MemoryUsage of job (MB)
	5216656  -  ResidentSetSize of job (KB)
...
006 (858918.000.000) 08/18 14:41:47 Image size of job updated: 5216800
	5095  -  MemoryUsage of job (MB)
	5216800  -  ResidentSetSize of job (KB)
...
006 (858918.000.000) 08/18 14:46:48 Image size of job updated: 5217472
	5096  -  MemoryUsage of job (MB)
	5217472  -  ResidentSetSize of job (KB)
...
006 (858918.000.000) 08/18 14:51:48 Image size of job updated: 5874984
	5737  -  MemoryUsage of job (MB)
	5874352  -  ResidentSetSize of job (KB)
...
005 (858918.000.000) 08/18 14:53:24 Job terminated.
	(1) Normal termination (return value 0)
		Usr 0 00:32:14, Sys 0 00:00:35  -  Run Remote Usage
		Usr 0 00:00:00, Sys 0 00:00:00  -  Run Local Usage
		Usr 0 00:32:14, Sys 0 00:00:35  -  Total Remote Usage
		Usr 0 00:00:00, Sys 0 00:00:00  -  Total Local Usage
	2093  -  Run Bytes Sent By Job
	403  -  Run Bytes Received By Job
	2093  -  Total Bytes Sent By Job
	403  -  Total Bytes Received By Job
	Partitionable Resources :    Usage  Request Allocated 
	   Cpus                 :     0.58        1         1 
	   Disk (KB)            :   803           1 479749220 
	   Memory (MB)          :  5737        7900      8033 
...
