000 (859326.000.000) 08/18 04:59:59 Job submitted from host: <172.20.3.187:9618?addrs=172.20.3.187-9618&noUDP&sock=2043_e813_3>
...
001 (859326.000.000) 08/18 15:06:35 Job executing on host: <172.20.225.6:9618?addrs=172.20.225.6-9618&noUDP&sock=3382_5963_3>
...
006 (859326.000.000) 08/18 15:06:44 Image size of job updated: 21116
	21  -  MemoryUsage of job (MB)
	21116  -  ResidentSetSize of job (KB)
...
006 (859326.000.000) 08/18 15:11:46 Image size of job updated: 3878988
	3789  -  MemoryUsage of job (MB)
	3878988  -  ResidentSetSize of job (KB)
...
006 (859326.000.000) 08/18 15:16:46 Image size of job updated: 4880632
	4767  -  MemoryUsage of job (MB)
	4880632  -  ResidentSetSize of job (KB)
...
006 (859326.000.000) 08/18 15:21:47 Image size of job updated: 5318272
	5194  -  MemoryUsage of job (MB)
	5318272  -  ResidentSetSize of job (KB)
...
006 (859326.000.000) 08/18 15:26:47 Image size of job updated: 5318424
	5194  -  MemoryUsage of job (MB)
	5318424  -  ResidentSetSize of job (KB)
...
006 (859326.000.000) 08/18 15:31:48 Image size of job updated: 5319096
	5195  -  MemoryUsage of job (MB)
	5319096  -  ResidentSetSize of job (KB)
...
006 (859326.000.000) 08/18 15:36:22 Image size of job updated: 6302724
	5195  -  MemoryUsage of job (MB)
	5319096  -  ResidentSetSize of job (KB)
...
005 (859326.000.000) 08/18 15:36:22 Job terminated.
	(1) Normal termination (return value 0)
		Usr 0 00:33:11, Sys 0 00:00:33  -  Run Remote Usage
		Usr 0 00:00:00, Sys 0 00:00:00  -  Run Local Usage
		Usr 0 00:33:11, Sys 0 00:00:33  -  Total Remote Usage
		Usr 0 00:00:00, Sys 0 00:00:00  -  Total Local Usage
	2102  -  Run Bytes Sent By Job
	401  -  Run Bytes Received By Job
	2102  -  Total Bytes Sent By Job
	401  -  Total Bytes Received By Job
	Partitionable Resources :    Usage  Request Allocated 
	   Cpus                 :     0.88        1         1 
	   Disk (KB)            :   803           1 479749220 
	   Memory (MB)          :  5195        7900      8033 
...
