000 (858838.000.000) 08/18 04:59:43 Job submitted from host: <172.20.3.187:9618?addrs=172.20.3.187-9618&noUDP&sock=2043_e813_3>
...
001 (858838.000.000) 08/18 14:05:38 Job executing on host: <172.20.225.6:9618?addrs=172.20.225.6-9618&noUDP&sock=3382_5963_3>
...
006 (858838.000.000) 08/18 14:05:47 Image size of job updated: 21120
	21  -  MemoryUsage of job (MB)
	21120  -  ResidentSetSize of job (KB)
...
006 (858838.000.000) 08/18 14:10:48 Image size of job updated: 3974192
	3882  -  MemoryUsage of job (MB)
	3974192  -  ResidentSetSize of job (KB)
...
006 (858838.000.000) 08/18 14:15:48 Image size of job updated: 4795504
	4684  -  MemoryUsage of job (MB)
	4795504  -  ResidentSetSize of job (KB)
...
006 (858838.000.000) 08/18 14:20:49 Image size of job updated: 5554136
	5424  -  MemoryUsage of job (MB)
	5554136  -  ResidentSetSize of job (KB)
...
006 (858838.000.000) 08/18 14:25:50 Image size of job updated: 5554172
	5424  -  MemoryUsage of job (MB)
	5554172  -  ResidentSetSize of job (KB)
...
006 (858838.000.000) 08/18 14:30:50 Image size of job updated: 5554644
	5425  -  MemoryUsage of job (MB)
	5554644  -  ResidentSetSize of job (KB)
...
006 (858838.000.000) 08/18 14:35:51 Image size of job updated: 5554968
	5425  -  MemoryUsage of job (MB)
	5554968  -  ResidentSetSize of job (KB)
...
006 (858838.000.000) 08/18 14:39:17 Image size of job updated: 9949512
	5425  -  MemoryUsage of job (MB)
	5554968  -  ResidentSetSize of job (KB)
...
005 (858838.000.000) 08/18 14:39:17 Job terminated.
	(1) Normal termination (return value 0)
		Usr 0 00:33:24, Sys 0 00:00:31  -  Run Remote Usage
		Usr 0 00:00:00, Sys 0 00:00:00  -  Run Local Usage
		Usr 0 00:33:24, Sys 0 00:00:31  -  Total Remote Usage
		Usr 0 00:00:00, Sys 0 00:00:00  -  Total Local Usage
	2113  -  Run Bytes Sent By Job
	412  -  Run Bytes Received By Job
	2113  -  Total Bytes Sent By Job
	412  -  Total Bytes Received By Job
	Partitionable Resources :    Usage  Request Allocated 
	   Cpus                 :     0.86        1         1 
	   Disk (KB)            :   803           1 479749220 
	   Memory (MB)          :  5425        7900      8033 
...
