000 (855009.000.000) 08/18 04:57:34 Job submitted from host: <172.20.3.187:9618?addrs=172.20.3.187-9618&noUDP&sock=2043_e813_3>
...
001 (855009.000.000) 08/18 05:32:05 Job executing on host: <172.20.225.1:9618?addrs=172.20.225.1-9618&noUDP&sock=3382_5963_3>
...
006 (855009.000.000) 08/18 05:32:13 Image size of job updated: 21124
	21  -  MemoryUsage of job (MB)
	21124  -  ResidentSetSize of job (KB)
...
006 (855009.000.000) 08/18 05:37:15 Image size of job updated: 3807604
	3719  -  MemoryUsage of job (MB)
	3807588  -  ResidentSetSize of job (KB)
...
006 (855009.000.000) 08/18 05:42:15 Image size of job updated: 4631144
	4523  -  MemoryUsage of job (MB)
	4631128  -  ResidentSetSize of job (KB)
...
006 (855009.000.000) 08/18 05:47:16 Image size of job updated: 5387532
	5262  -  MemoryUsage of job (MB)
	5387516  -  ResidentSetSize of job (KB)
...
006 (855009.000.000) 08/18 05:52:17 Image size of job updated: 5387648
	5262  -  MemoryUsage of job (MB)
	5387648  -  ResidentSetSize of job (KB)
...
006 (855009.000.000) 08/18 05:57:18 Image size of job updated: 5388348
	5263  -  MemoryUsage of job (MB)
	5388348  -  ResidentSetSize of job (KB)
...
006 (855009.000.000) 08/18 06:02:18 Image size of job updated: 6437328
	6264  -  MemoryUsage of job (MB)
	6413540  -  ResidentSetSize of job (KB)
...
006 (855009.000.000) 08/18 06:03:34 Image size of job updated: 9236352
	6264  -  MemoryUsage of job (MB)
	6413540  -  ResidentSetSize of job (KB)
...
005 (855009.000.000) 08/18 06:03:34 Job terminated.
	(1) Normal termination (return value 0)
		Usr 0 00:30:51, Sys 0 00:00:29  -  Run Remote Usage
		Usr 0 00:00:00, Sys 0 00:00:00  -  Run Local Usage
		Usr 0 00:30:51, Sys 0 00:00:29  -  Total Remote Usage
		Usr 0 00:00:00, Sys 0 00:00:00  -  Total Local Usage
	2104  -  Run Bytes Sent By Job
	403  -  Run Bytes Received By Job
	2104  -  Total Bytes Sent By Job
	403  -  Total Bytes Received By Job
	Partitionable Resources :    Usage  Request Allocated 
	   Cpus                 :     0.59        1         1 
	   Disk (KB)            :   803           1 479786105 
	   Memory (MB)          :  6264        7900      8033 
...
