000 (838572.000.000) 08/15 12:25:23 Job submitted from host: <172.20.3.187:9618?addrs=172.20.3.187-9618&noUDP&sock=2043_e813_3>
...
001 (838572.000.000) 08/15 12:48:16 Job executing on host: <172.20.225.2:9618?addrs=172.20.225.2-9618&noUDP&sock=3424_285d_3>
...
006 (838572.000.000) 08/15 12:48:26 Image size of job updated: 21116
	21  -  MemoryUsage of job (MB)
	21116  -  ResidentSetSize of job (KB)
...
006 (838572.000.000) 08/15 12:52:47 Image size of job updated: 10375048
	21  -  MemoryUsage of job (MB)
	21116  -  ResidentSetSize of job (KB)
...
005 (838572.000.000) 08/15 12:52:47 Job terminated.
	(1) Normal termination (return value 137)
		Usr 0 00:02:44, Sys 0 00:00:34  -  Run Remote Usage
		Usr 0 00:00:00, Sys 0 00:00:00  -  Run Local Usage
		Usr 0 00:02:44, Sys 0 00:00:34  -  Total Remote Usage
		Usr 0 00:00:00, Sys 0 00:00:00  -  Total Local Usage
	1386  -  Run Bytes Sent By Job
	399  -  Run Bytes Received By Job
	1386  -  Total Bytes Sent By Job
	399  -  Total Bytes Received By Job
	Partitionable Resources :    Usage  Request Allocated 
	   Cpus                 :     1.23        1         1 
	   Disk (KB)            :   803           1 479786084 
	   Memory (MB)          :    21        7900      8033 
...
000 (843711.000.000) 08/15 13:29:24 Job submitted from host: <172.20.3.187:9618?addrs=172.20.3.187-9618&noUDP&sock=2043_e813_3>
...
001 (843711.000.000) 08/15 17:54:00 Job executing on host: <172.20.225.4:9618?addrs=172.20.225.4-9618&noUDP&sock=3366_5fdf_3>
...
006 (843711.000.000) 08/15 17:54:10 Image size of job updated: 21124
	21  -  MemoryUsage of job (MB)
	21124  -  ResidentSetSize of job (KB)
...
006 (843711.000.000) 08/15 17:59:10 Image size of job updated: 4906584
	4792  -  MemoryUsage of job (MB)
	4906584  -  ResidentSetSize of job (KB)
...
006 (843711.000.000) 08/15 18:04:10 Image size of job updated: 5862776
	5726  -  MemoryUsage of job (MB)
	5862776  -  ResidentSetSize of job (KB)
...
006 (843711.000.000) 08/15 18:09:11 Image size of job updated: 5868740
	5732  -  MemoryUsage of job (MB)
	5868740  -  ResidentSetSize of job (KB)
...
005 (843711.000.000) 08/15 18:12:33 Job terminated.
	(1) Normal termination (return value 0)
		Usr 0 00:22:36, Sys 0 00:00:35  -  Run Remote Usage
		Usr 0 00:00:00, Sys 0 00:00:00  -  Run Local Usage
		Usr 0 00:22:36, Sys 0 00:00:35  -  Total Remote Usage
		Usr 0 00:00:00, Sys 0 00:00:00  -  Total Local Usage
	1213  -  Run Bytes Sent By Job
	399  -  Run Bytes Received By Job
	1213  -  Total Bytes Sent By Job
	399  -  Total Bytes Received By Job
	Partitionable Resources :    Usage  Request Allocated 
	   Cpus                 :     0.47        1         1 
	   Disk (KB)            :   802           1 479779449 
	   Memory (MB)          :  5732        7900      8033 
...
