000 (840236.000.000) 08/15 13:25:37 Job submitted from host: <172.20.3.187:9618?addrs=172.20.3.187-9618&noUDP&sock=2043_e813_3>
...
001 (840236.000.000) 08/15 14:25:02 Job executing on host: <172.20.225.6:9618?addrs=172.20.225.6-9618&noUDP&sock=3382_5963_3>
...
006 (840236.000.000) 08/15 14:25:10 Image size of job updated: 21112
	21  -  MemoryUsage of job (MB)
	21112  -  ResidentSetSize of job (KB)
...
006 (840236.000.000) 08/15 14:30:10 Image size of job updated: 5055392
	4937  -  MemoryUsage of job (MB)
	5055392  -  ResidentSetSize of job (KB)
...
006 (840236.000.000) 08/15 14:35:11 Image size of job updated: 6011560
	5871  -  MemoryUsage of job (MB)
	6011560  -  ResidentSetSize of job (KB)
...
006 (840236.000.000) 08/15 14:40:11 Image size of job updated: 6011872
	5871  -  MemoryUsage of job (MB)
	6011872  -  ResidentSetSize of job (KB)
...
006 (840236.000.000) 08/15 14:45:12 Image size of job updated: 6397432
	6239  -  MemoryUsage of job (MB)
	6388240  -  ResidentSetSize of job (KB)
...
005 (840236.000.000) 08/15 14:47:21 Job terminated.
	(1) Normal termination (return value 0)
		Usr 0 00:22:27, Sys 0 00:00:30  -  Run Remote Usage
		Usr 0 00:00:00, Sys 0 00:00:00  -  Run Local Usage
		Usr 0 00:22:27, Sys 0 00:00:30  -  Total Remote Usage
		Usr 0 00:00:00, Sys 0 00:00:00  -  Total Local Usage
	1229  -  Run Bytes Sent By Job
	404  -  Run Bytes Received By Job
	1229  -  Total Bytes Sent By Job
	404  -  Total Bytes Received By Job
	Partitionable Resources :    Usage  Request Allocated 
	   Cpus                 :     0.53        1         1 
	   Disk (KB)            :   802           1 479749220 
	   Memory (MB)          :  6239        7900      8033 
...
