000 (841427.000.000) 08/15 13:26:54 Job submitted from host: <172.20.3.187:9618?addrs=172.20.3.187-9618&noUDP&sock=2043_e813_3>
...
001 (841427.000.000) 08/15 15:16:01 Job executing on host: <172.20.225.5:9618?addrs=172.20.225.5-9618&noUDP&sock=3375_8c39_3>
...
006 (841427.000.000) 08/15 15:16:09 Image size of job updated: 21112
	21  -  MemoryUsage of job (MB)
	21112  -  ResidentSetSize of job (KB)
...
006 (841427.000.000) 08/15 15:21:09 Image size of job updated: 4987128
	4871  -  MemoryUsage of job (MB)
	4987128  -  ResidentSetSize of job (KB)
...
006 (841427.000.000) 08/15 15:26:10 Image size of job updated: 5943296
	5804  -  MemoryUsage of job (MB)
	5943296  -  ResidentSetSize of job (KB)
...
006 (841427.000.000) 08/15 15:31:11 Image size of job updated: 5944688
	5806  -  MemoryUsage of job (MB)
	5944688  -  ResidentSetSize of job (KB)
...
006 (841427.000.000) 08/15 15:36:12 Image size of job updated: 6613432
	6458  -  MemoryUsage of job (MB)
	6612952  -  ResidentSetSize of job (KB)
...
006 (841427.000.000) 08/15 15:38:16 Image size of job updated: 11554684
	6458  -  MemoryUsage of job (MB)
	6612952  -  ResidentSetSize of job (KB)
...
005 (841427.000.000) 08/15 15:38:16 Job terminated.
	(1) Normal termination (return value 0)
		Usr 0 00:23:57, Sys 0 00:00:33  -  Run Remote Usage
		Usr 0 00:00:00, Sys 0 00:00:00  -  Run Local Usage
		Usr 0 00:23:57, Sys 0 00:00:33  -  Total Remote Usage
		Usr 0 00:00:00, Sys 0 00:00:00  -  Total Local Usage
	1225  -  Run Bytes Sent By Job
	402  -  Run Bytes Received By Job
	1225  -  Total Bytes Sent By Job
	402  -  Total Bytes Received By Job
	Partitionable Resources :    Usage  Request Allocated 
	   Cpus                 :     0.88        1         1 
	   Disk (KB)            :   802           1 479749220 
	   Memory (MB)          :  6458        7900      8033 
...
