000 (843908.000.000) 08/15 13:29:37 Job submitted from host: <172.20.3.187:9618?addrs=172.20.3.187-9618&noUDP&sock=2043_e813_3>
...
001 (843908.000.000) 08/15 17:56:01 Job executing on host: <172.20.225.5:9618?addrs=172.20.225.5-9618&noUDP&sock=3375_8c39_3>
...
006 (843908.000.000) 08/15 17:56:09 Image size of job updated: 21116
	21  -  MemoryUsage of job (MB)
	21116  -  ResidentSetSize of job (KB)
...
006 (843908.000.000) 08/15 17:56:42 Image size of job updated: 372876
	21  -  MemoryUsage of job (MB)
	21116  -  ResidentSetSize of job (KB)
...
005 (843908.000.000) 08/15 17:56:42 Job terminated.
	(1) Normal termination (return value 1)
		Usr 0 00:00:19, Sys 0 00:00:02  -  Run Remote Usage
		Usr 0 00:00:00, Sys 0 00:00:00  -  Run Local Usage
		Usr 0 00:00:19, Sys 0 00:00:02  -  Total Remote Usage
		Usr 0 00:00:00, Sys 0 00:00:00  -  Total Local Usage
	1437  -  Run Bytes Sent By Job
	398  -  Run Bytes Received By Job
	1437  -  Total Bytes Sent By Job
	398  -  Total Bytes Received By Job
	Partitionable Resources :    Usage  Request Allocated 
	   Cpus                 :        0        1         1 
	   Disk (KB)            :      803        1 479749220 
	   Memory (MB)          :       21     7900      8033 
...
000 (847162.000.000) 08/16 03:55:00 Job submitted from host: <172.20.3.187:9618?addrs=172.20.3.187-9618&noUDP&sock=2043_e813_3>
...
001 (847162.000.000) 08/16 06:30:11 Job executing on host: <172.20.225.1:9618?addrs=172.20.225.1-9618&noUDP&sock=3382_5963_3>
...
006 (847162.000.000) 08/16 06:30:20 Image size of job updated: 21116
	21  -  MemoryUsage of job (MB)
	21116  -  ResidentSetSize of job (KB)
...
006 (847162.000.000) 08/16 06:35:22 Image size of job updated: 4986800
	4855  -  MemoryUsage of job (MB)
	4971292  -  ResidentSetSize of job (KB)
...
006 (847162.000.000) 08/16 06:40:23 Image size of job updated: 5941104
	5789  -  MemoryUsage of job (MB)
	5927464  -  ResidentSetSize of job (KB)
...
006 (847162.000.000) 08/16 06:44:54 Image size of job updated: 17241852
	5789  -  MemoryUsage of job (MB)
	5927464  -  ResidentSetSize of job (KB)
...
005 (847162.000.000) 08/16 06:44:54 Job terminated.
	(1) Normal termination (return value 0)
		Usr 0 00:25:48, Sys 0 00:00:36  -  Run Remote Usage
		Usr 0 00:00:00, Sys 0 00:00:00  -  Run Local Usage
		Usr 0 00:25:48, Sys 0 00:00:36  -  Total Remote Usage
		Usr 0 00:00:00, Sys 0 00:00:00  -  Total Local Usage
	1223  -  Run Bytes Sent By Job
	398  -  Run Bytes Received By Job
	1223  -  Total Bytes Sent By Job
	398  -  Total Bytes Received By Job
	Partitionable Resources :    Usage  Request Allocated 
	   Cpus                 :     1.00        1         1 
	   Disk (KB)            :   802           1 479786105 
	   Memory (MB)          :  5789        7900      8033 
...
