000 (842999.000.000) 08/15 13:28:37 Job submitted from host: <172.20.3.187:9618?addrs=172.20.3.187-9618&noUDP&sock=2043_e813_3>
...
001 (842999.000.000) 08/15 17:07:03 Job executing on host: <172.20.225.1:9618?addrs=172.20.225.1-9618&noUDP&sock=3382_5963_3>
...
006 (842999.000.000) 08/15 17:07:12 Image size of job updated: 21112
	21  -  MemoryUsage of job (MB)
	21112  -  ResidentSetSize of job (KB)
...
006 (842999.000.000) 08/15 17:12:13 Image size of job updated: 5247108
	5125  -  MemoryUsage of job (MB)
	5247108  -  ResidentSetSize of job (KB)
...
006 (842999.000.000) 08/15 17:17:14 Image size of job updated: 6203288
	6058  -  MemoryUsage of job (MB)
	6203288  -  ResidentSetSize of job (KB)
...
006 (842999.000.000) 08/15 17:22:14 Image size of job updated: 6209372
	6064  -  MemoryUsage of job (MB)
	6209372  -  ResidentSetSize of job (KB)
...
006 (842999.000.000) 08/15 17:27:15 Image size of job updated: 6796512
	6638  -  MemoryUsage of job (MB)
	6796412  -  ResidentSetSize of job (KB)
...
005 (842999.000.000) 08/15 17:28:20 Job terminated.
	(1) Normal termination (return value 0)
		Usr 0 00:24:06, Sys 0 00:00:35  -  Run Remote Usage
		Usr 0 00:00:00, Sys 0 00:00:00  -  Run Local Usage
		Usr 0 00:24:06, Sys 0 00:00:35  -  Total Remote Usage
		Usr 0 00:00:00, Sys 0 00:00:00  -  Total Local Usage
	1229  -  Run Bytes Sent By Job
	404  -  Run Bytes Received By Job
	1229  -  Total Bytes Sent By Job
	404  -  Total Bytes Received By Job
	Partitionable Resources :    Usage  Request Allocated 
	   Cpus                 :     0.54        1         1 
	   Disk (KB)            :   802           1 479786105 
	   Memory (MB)          :  6638        7900      8033 
...
