000 (841436.000.000) 08/15 13:26:55 Job submitted from host: <172.20.3.187:9618?addrs=172.20.3.187-9618&noUDP&sock=2043_e813_3>
...
001 (841436.000.000) 08/15 15:16:05 Job executing on host: <172.20.225.5:9618?addrs=172.20.225.5-9618&noUDP&sock=3375_8c39_3>
...
006 (841436.000.000) 08/15 15:16:14 Image size of job updated: 21128
	21  -  MemoryUsage of job (MB)
	21128  -  ResidentSetSize of job (KB)
...
006 (841436.000.000) 08/15 15:21:15 Image size of job updated: 4987116
	4871  -  MemoryUsage of job (MB)
	4987116  -  ResidentSetSize of job (KB)
...
006 (841436.000.000) 08/15 15:26:15 Image size of job updated: 5943280
	5804  -  MemoryUsage of job (MB)
	5943280  -  ResidentSetSize of job (KB)
...
006 (841436.000.000) 08/15 15:31:16 Image size of job updated: 5944676
	5806  -  MemoryUsage of job (MB)
	5944676  -  ResidentSetSize of job (KB)
...
006 (841436.000.000) 08/15 15:36:17 Image size of job updated: 6611152
	6457  -  MemoryUsage of job (MB)
	6611044  -  ResidentSetSize of job (KB)
...
006 (841436.000.000) 08/15 15:38:10 Image size of job updated: 12601184
	6457  -  MemoryUsage of job (MB)
	6611044  -  ResidentSetSize of job (KB)
...
005 (841436.000.000) 08/15 15:38:10 Job terminated.
	(1) Normal termination (return value 0)
		Usr 0 00:23:57, Sys 0 00:00:29  -  Run Remote Usage
		Usr 0 00:00:00, Sys 0 00:00:00  -  Run Local Usage
		Usr 0 00:23:57, Sys 0 00:00:29  -  Total Remote Usage
		Usr 0 00:00:00, Sys 0 00:00:00  -  Total Local Usage
	1225  -  Run Bytes Sent By Job
	402  -  Run Bytes Received By Job
	1225  -  Total Bytes Sent By Job
	402  -  Total Bytes Received By Job
	Partitionable Resources :    Usage  Request Allocated 
	   Cpus                 :     0.83        1         1 
	   Disk (KB)            :   802           1 479749220 
	   Memory (MB)          :  6457        7900      8033 
...
