000 (837762.000.000) 08/15 12:24:28 Job submitted from host: <172.20.3.187:9618?addrs=172.20.3.187-9618&noUDP&sock=2043_e813_3>
...
001 (837762.000.000) 08/15 12:34:06 Job executing on host: <172.20.225.1:9618?addrs=172.20.225.1-9618&noUDP&sock=3382_5963_3>
...
006 (837762.000.000) 08/15 12:34:15 Image size of job updated: 21124
	21  -  MemoryUsage of job (MB)
	21124  -  ResidentSetSize of job (KB)
...
006 (837762.000.000) 08/15 12:39:16 Image size of job updated: 19572176
	19113  -  MemoryUsage of job (MB)
	19571648  -  ResidentSetSize of job (KB)
...
005 (837762.000.000) 08/15 12:43:07 Job terminated.
	(1) Normal termination (return value 137)
		Usr 0 00:10:08, Sys 0 00:02:10  -  Run Remote Usage
		Usr 0 00:00:00, Sys 0 00:00:00  -  Run Local Usage
		Usr 0 00:10:08, Sys 0 00:02:10  -  Total Remote Usage
		Usr 0 00:00:00, Sys 0 00:00:00  -  Total Local Usage
	1381  -  Run Bytes Sent By Job
	396  -  Run Bytes Received By Job
	1381  -  Total Bytes Sent By Job
	396  -  Total Bytes Received By Job
	Partitionable Resources :    Usage  Request Allocated 
	   Cpus                 :     0.53        1         1 
	   Disk (KB)            :   802           1 479786105 
	   Memory (MB)          : 19113        7900      8033 
...
000 (839826.000.000) 08/15 13:25:11 Job submitted from host: <172.20.3.187:9618?addrs=172.20.3.187-9618&noUDP&sock=2043_e813_3>
...
001 (839826.000.000) 08/15 13:51:19 Job executing on host: <172.20.225.1:9618?addrs=172.20.225.1-9618&noUDP&sock=3382_5963_3>
...
006 (839826.000.000) 08/15 13:51:28 Image size of job updated: 21128
	21  -  MemoryUsage of job (MB)
	21128  -  ResidentSetSize of job (KB)
...
006 (839826.000.000) 08/15 13:56:29 Image size of job updated: 4929420
	4814  -  MemoryUsage of job (MB)
	4929420  -  ResidentSetSize of job (KB)
...
006 (839826.000.000) 08/15 14:01:30 Image size of job updated: 5885600
	5748  -  MemoryUsage of job (MB)
	5885600  -  ResidentSetSize of job (KB)
...
006 (839826.000.000) 08/15 14:06:31 Image size of job updated: 5891692
	5754  -  MemoryUsage of job (MB)
	5891692  -  ResidentSetSize of job (KB)
...
006 (839826.000.000) 08/15 14:10:31 Image size of job updated: 6329424
	5754  -  MemoryUsage of job (MB)
	5891692  -  ResidentSetSize of job (KB)
...
005 (839826.000.000) 08/15 14:10:31 Job terminated.
	(1) Normal termination (return value 0)
		Usr 0 00:22:36, Sys 0 00:00:27  -  Run Remote Usage
		Usr 0 00:00:00, Sys 0 00:00:00  -  Run Local Usage
		Usr 0 00:22:36, Sys 0 00:00:27  -  Total Remote Usage
		Usr 0 00:00:00, Sys 0 00:00:00  -  Total Local Usage
	1218  -  Run Bytes Sent By Job
	396  -  Run Bytes Received By Job
	1218  -  Total Bytes Sent By Job
	396  -  Total Bytes Received By Job
	Partitionable Resources :    Usage  Request Allocated 
	   Cpus                 :     0.88        1         1 
	   Disk (KB)            :   802           1 479786105 
	   Memory (MB)          :  5754        7900      8033 
...
