000 (843964.000.000) 08/15 13:29:40 Job submitted from host: <172.20.3.187:9618?addrs=172.20.3.187-9618&noUDP&sock=2043_e813_3>
...
001 (843964.000.000) 08/15 17:56:33 Job executing on host: <172.20.225.2:9618?addrs=172.20.225.2-9618&noUDP&sock=3424_285d_3>
...
006 (843964.000.000) 08/15 17:56:43 Image size of job updated: 21120
	21  -  MemoryUsage of job (MB)
	21120  -  ResidentSetSize of job (KB)
...
006 (843964.000.000) 08/15 18:01:43 Image size of job updated: 4997592
	4881  -  MemoryUsage of job (MB)
	4997592  -  ResidentSetSize of job (KB)
...
006 (843964.000.000) 08/15 18:06:44 Image size of job updated: 5953756
	5815  -  MemoryUsage of job (MB)
	5953756  -  ResidentSetSize of job (KB)
...
006 (843964.000.000) 08/15 18:11:44 Image size of job updated: 5955144
	5816  -  MemoryUsage of job (MB)
	5955144  -  ResidentSetSize of job (KB)
...
006 (843964.000.000) 08/15 18:16:44 Image size of job updated: 6318448
	6171  -  MemoryUsage of job (MB)
	6318448  -  ResidentSetSize of job (KB)
...
006 (843964.000.000) 08/15 18:20:02 Image size of job updated: 6318448
	6171  -  MemoryUsage of job (MB)
	6318480  -  ResidentSetSize of job (KB)
...
005 (843964.000.000) 08/15 18:20:02 Job terminated.
	(1) Normal termination (return value 0)
		Usr 0 00:23:14, Sys 0 00:00:36  -  Run Remote Usage
		Usr 0 00:00:00, Sys 0 00:00:00  -  Run Local Usage
		Usr 0 00:23:14, Sys 0 00:00:36  -  Total Remote Usage
		Usr 0 00:00:00, Sys 0 00:00:00  -  Total Local Usage
	1219  -  Run Bytes Sent By Job
	396  -  Run Bytes Received By Job
	1219  -  Total Bytes Sent By Job
	396  -  Total Bytes Received By Job
	Partitionable Resources :    Usage  Request Allocated 
	   Cpus                 :     0.64        1         1 
	   Disk (KB)            :   803           1 479786084 
	   Memory (MB)          :  6171        7900      8033 
...
