000 (843980.000.000) 08/15 13:29:41 Job submitted from host: <172.20.3.187:9618?addrs=172.20.3.187-9618&noUDP&sock=2043_e813_3>
...
001 (843980.000.000) 08/15 17:56:42 Job executing on host: <172.20.225.5:9618?addrs=172.20.225.5-9618&noUDP&sock=3375_8c39_3>
...
006 (843980.000.000) 08/15 17:56:51 Image size of job updated: 21108
	21  -  MemoryUsage of job (MB)
	21108  -  ResidentSetSize of job (KB)
...
006 (843980.000.000) 08/15 18:01:52 Image size of job updated: 4996468
	4880  -  MemoryUsage of job (MB)
	4996468  -  ResidentSetSize of job (KB)
...
006 (843980.000.000) 08/15 18:06:53 Image size of job updated: 5952636
	5814  -  MemoryUsage of job (MB)
	5952636  -  ResidentSetSize of job (KB)
...
006 (843980.000.000) 08/15 18:11:53 Image size of job updated: 5952944
	5814  -  MemoryUsage of job (MB)
	5952944  -  ResidentSetSize of job (KB)
...
006 (843980.000.000) 08/15 18:16:53 Image size of job updated: 6349236
	6201  -  MemoryUsage of job (MB)
	6349236  -  ResidentSetSize of job (KB)
...
005 (843980.000.000) 08/15 18:20:05 Job terminated.
	(1) Normal termination (return value 0)
		Usr 0 00:23:14, Sys 0 00:00:28  -  Run Remote Usage
		Usr 0 00:00:00, Sys 0 00:00:00  -  Run Local Usage
		Usr 0 00:23:14, Sys 0 00:00:28  -  Total Remote Usage
		Usr 0 00:00:00, Sys 0 00:00:00  -  Total Local Usage
	1219  -  Run Bytes Sent By Job
	396  -  Run Bytes Received By Job
	1219  -  Total Bytes Sent By Job
	396  -  Total Bytes Received By Job
	Partitionable Resources :    Usage  Request Allocated 
	   Cpus                 :     0.71        1         1 
	   Disk (KB)            :   803           1 479749220 
	   Memory (MB)          :  6201        7900      8033 
...
