000 (840016.000.000) 08/15 13:25:23 Job submitted from host: <172.20.3.187:9618?addrs=172.20.3.187-9618&noUDP&sock=2043_e813_3>
...
001 (840016.000.000) 08/15 14:03:58 Job executing on host: <172.20.225.2:9618?addrs=172.20.225.2-9618&noUDP&sock=3424_285d_3>
...
006 (840016.000.000) 08/15 14:04:07 Image size of job updated: 21120
	21  -  MemoryUsage of job (MB)
	21120  -  ResidentSetSize of job (KB)
...
006 (840016.000.000) 08/15 14:09:09 Image size of job updated: 5003724
	4887  -  MemoryUsage of job (MB)
	5003724  -  ResidentSetSize of job (KB)
...
006 (840016.000.000) 08/15 14:14:10 Image size of job updated: 5003828
	4887  -  MemoryUsage of job (MB)
	5003828  -  ResidentSetSize of job (KB)
...
006 (840016.000.000) 08/15 14:19:11 Image size of job updated: 5960204
	5821  -  MemoryUsage of job (MB)
	5960204  -  ResidentSetSize of job (KB)
...
006 (840016.000.000) 08/15 14:24:11 Image size of job updated: 6355948
	6206  -  MemoryUsage of job (MB)
	6354344  -  ResidentSetSize of job (KB)
...
005 (840016.000.000) 08/15 14:26:00 Job terminated.
	(1) Normal termination (return value 0)
		Usr 0 00:22:48, Sys 0 00:00:27  -  Run Remote Usage
		Usr 0 00:00:00, Sys 0 00:00:00  -  Run Local Usage
		Usr 0 00:22:48, Sys 0 00:00:27  -  Total Remote Usage
		Usr 0 00:00:00, Sys 0 00:00:00  -  Total Local Usage
	1225  -  Run Bytes Sent By Job
	400  -  Run Bytes Received By Job
	1225  -  Total Bytes Sent By Job
	400  -  Total Bytes Received By Job
	Partitionable Resources :    Usage  Request Allocated 
	   Cpus                 :     0.51        1         1 
	   Disk (KB)            :   802           1 479786084 
	   Memory (MB)          :  6206        7900      8033 
...
