000 (840370.000.000) 08/15 13:25:46 Job submitted from host: <172.20.3.187:9618?addrs=172.20.3.187-9618&noUDP&sock=2043_e813_3>
...
001 (840370.000.000) 08/15 14:33:57 Job executing on host: <172.20.225.4:9618?addrs=172.20.225.4-9618&noUDP&sock=3366_5fdf_3>
...
006 (840370.000.000) 08/15 14:34:06 Image size of job updated: 21120
	21  -  MemoryUsage of job (MB)
	21120  -  ResidentSetSize of job (KB)
...
006 (840370.000.000) 08/15 14:39:07 Image size of job updated: 5070216
	4937  -  MemoryUsage of job (MB)
	5055376  -  ResidentSetSize of job (KB)
...
006 (840370.000.000) 08/15 14:44:08 Image size of job updated: 5070216
	4938  -  MemoryUsage of job (MB)
	5055580  -  ResidentSetSize of job (KB)
...
006 (840370.000.000) 08/15 14:49:08 Image size of job updated: 6011948
	5872  -  MemoryUsage of job (MB)
	6011948  -  ResidentSetSize of job (KB)
...
006 (840370.000.000) 08/15 14:54:09 Image size of job updated: 6622224
	6467  -  MemoryUsage of job (MB)
	6621852  -  ResidentSetSize of job (KB)
...
005 (840370.000.000) 08/15 14:54:28 Job terminated.
	(1) Normal termination (return value 0)
		Usr 0 00:22:35, Sys 0 00:00:30  -  Run Remote Usage
		Usr 0 00:00:00, Sys 0 00:00:00  -  Run Local Usage
		Usr 0 00:22:35, Sys 0 00:00:30  -  Total Remote Usage
		Usr 0 00:00:00, Sys 0 00:00:00  -  Total Local Usage
	1229  -  Run Bytes Sent By Job
	404  -  Run Bytes Received By Job
	1229  -  Total Bytes Sent By Job
	404  -  Total Bytes Received By Job
	Partitionable Resources :    Usage  Request Allocated 
	   Cpus                 :     0.76        1         1 
	   Disk (KB)            :   802           1 479779449 
	   Memory (MB)          :  6467        7900      8033 
...
