000 (839245.000.000) 08/15 13:24:33 Job submitted from host: <172.20.3.187:9618?addrs=172.20.3.187-9618&noUDP&sock=2043_e813_3>
...
001 (839245.000.000) 08/15 13:38:42 Job executing on host: <172.20.225.1:9618?addrs=172.20.225.1-9618&noUDP&sock=3382_5963_3>
...
006 (839245.000.000) 08/15 13:38:50 Image size of job updated: 21112
	21  -  MemoryUsage of job (MB)
	21112  -  ResidentSetSize of job (KB)
...
006 (839245.000.000) 08/15 13:39:39 Image size of job updated: 4270824
	21  -  MemoryUsage of job (MB)
	21112  -  ResidentSetSize of job (KB)
...
005 (839245.000.000) 08/15 13:39:40 Job terminated.
	(1) Normal termination (return value 1)
		Usr 0 00:00:29, Sys 0 00:00:01  -  Run Remote Usage
		Usr 0 00:00:00, Sys 0 00:00:00  -  Run Local Usage
		Usr 0 00:00:29, Sys 0 00:00:01  -  Total Remote Usage
		Usr 0 00:00:00, Sys 0 00:00:00  -  Total Local Usage
	1437  -  Run Bytes Sent By Job
	395  -  Run Bytes Received By Job
	1437  -  Total Bytes Sent By Job
	395  -  Total Bytes Received By Job
	Partitionable Resources :    Usage  Request Allocated 
	   Cpus                 :     0.83        1         1 
	   Disk (KB)            :   803           1 479786105 
	   Memory (MB)          :    21        7900      8033 
...
000 (845447.000.000) 08/16 03:53:10 Job submitted from host: <172.20.3.187:9618?addrs=172.20.3.187-9618&noUDP&sock=2043_e813_3>
...
001 (845447.000.000) 08/16 04:17:17 Job executing on host: <172.20.225.8:9618?addrs=172.20.225.8-9618&noUDP&sock=3440_21e1_3>
...
006 (845447.000.000) 08/16 04:17:26 Image size of job updated: 21108
	21  -  MemoryUsage of job (MB)
	21108  -  ResidentSetSize of job (KB)
...
006 (845447.000.000) 08/16 04:22:28 Image size of job updated: 5078900
	4960  -  MemoryUsage of job (MB)
	5078900  -  ResidentSetSize of job (KB)
...
006 (845447.000.000) 08/16 04:27:28 Image size of job updated: 5079032
	4960  -  MemoryUsage of job (MB)
	5079032  -  ResidentSetSize of job (KB)
...
006 (845447.000.000) 08/16 04:32:29 Image size of job updated: 6035232
	5894  -  MemoryUsage of job (MB)
	6035232  -  ResidentSetSize of job (KB)
...
006 (845447.000.000) 08/16 04:37:30 Image size of job updated: 6041196
	5900  -  MemoryUsage of job (MB)
	6041196  -  ResidentSetSize of job (KB)
...
005 (845447.000.000) 08/16 04:40:55 Job terminated.
	(1) Normal termination (return value 0)
		Usr 0 00:22:22, Sys 0 00:00:29  -  Run Remote Usage
		Usr 0 00:00:00, Sys 0 00:00:00  -  Run Local Usage
		Usr 0 00:22:22, Sys 0 00:00:29  -  Total Remote Usage
		Usr 0 00:00:00, Sys 0 00:00:00  -  Total Local Usage
	1220  -  Run Bytes Sent By Job
	395  -  Run Bytes Received By Job
	1220  -  Total Bytes Sent By Job
	395  -  Total Bytes Received By Job
	Partitionable Resources :    Usage  Request Allocated 
	   Cpus                 :     0.85        1         1 
	   Disk (KB)            :   802           1 479737977 
	   Memory (MB)          :  5900        7900      8033 
...
