000 (841115.000.000) 08/15 13:26:34 Job submitted from host: <172.20.3.187:9618?addrs=172.20.3.187-9618&noUDP&sock=2043_e813_3>
...
001 (841115.000.000) 08/15 14:55:48 Job executing on host: <172.20.225.1:9618?addrs=172.20.225.1-9618&noUDP&sock=3382_5963_3>
...
006 (841115.000.000) 08/15 14:55:57 Image size of job updated: 21116
	21  -  MemoryUsage of job (MB)
	21116  -  ResidentSetSize of job (KB)
...
006 (841115.000.000) 08/15 14:56:50 Image size of job updated: 4128424
	21  -  MemoryUsage of job (MB)
	21116  -  ResidentSetSize of job (KB)
...
005 (841115.000.000) 08/15 14:56:51 Job terminated.
	(1) Normal termination (return value 1)
		Usr 0 00:00:13, Sys 0 00:00:01  -  Run Remote Usage
		Usr 0 00:00:00, Sys 0 00:00:00  -  Run Local Usage
		Usr 0 00:00:13, Sys 0 00:00:01  -  Total Remote Usage
		Usr 0 00:00:00, Sys 0 00:00:00  -  Total Local Usage
	1435  -  Run Bytes Sent By Job
	395  -  Run Bytes Received By Job
	1435  -  Total Bytes Sent By Job
	395  -  Total Bytes Received By Job
	Partitionable Resources :    Usage  Request Allocated 
	   Cpus                 :     0.45        1         1 
	   Disk (KB)            :   803           1 479786105 
	   Memory (MB)          :    21        7900      8033 
...
000 (846325.000.000) 08/16 03:54:07 Job submitted from host: <172.20.3.187:9618?addrs=172.20.3.187-9618&noUDP&sock=2043_e813_3>
...
001 (846325.000.000) 08/16 05:28:09 Job executing on host: <172.20.225.8:9618?addrs=172.20.225.8-9618&noUDP&sock=3440_21e1_3>
...
006 (846325.000.000) 08/16 05:28:17 Image size of job updated: 21124
	21  -  MemoryUsage of job (MB)
	21124  -  ResidentSetSize of job (KB)
...
006 (846325.000.000) 08/16 05:33:17 Image size of job updated: 4941392
	4826  -  MemoryUsage of job (MB)
	4941392  -  ResidentSetSize of job (KB)
...
006 (846325.000.000) 08/16 05:38:18 Image size of job updated: 5897552
	5760  -  MemoryUsage of job (MB)
	5897552  -  ResidentSetSize of job (KB)
...
006 (846325.000.000) 08/16 05:43:18 Image size of job updated: 5898948
	5761  -  MemoryUsage of job (MB)
	5898948  -  ResidentSetSize of job (KB)
...
006 (846325.000.000) 08/16 05:48:19 Image size of job updated: 6547496
	6394  -  MemoryUsage of job (MB)
	6547192  -  ResidentSetSize of job (KB)
...
006 (846325.000.000) 08/16 05:49:08 Image size of job updated: 6818192
	6394  -  MemoryUsage of job (MB)
	6547192  -  ResidentSetSize of job (KB)
...
005 (846325.000.000) 08/16 05:49:08 Job terminated.
	(1) Normal termination (return value 0)
		Usr 0 00:21:26, Sys 0 00:00:32  -  Run Remote Usage
		Usr 0 00:00:00, Sys 0 00:00:00  -  Run Local Usage
		Usr 0 00:21:26, Sys 0 00:00:32  -  Total Remote Usage
		Usr 0 00:00:00, Sys 0 00:00:00  -  Total Local Usage
	1218  -  Run Bytes Sent By Job
	395  -  Run Bytes Received By Job
	1218  -  Total Bytes Sent By Job
	395  -  Total Bytes Received By Job
	Partitionable Resources :    Usage  Request Allocated 
	   Cpus                 :     0.83        1         1 
	   Disk (KB)            :   802           1 479737977 
	   Memory (MB)          :  6394        7900      8033 
...
