000 (837714.000.000) 08/15 12:24:25 Job submitted from host: <172.20.3.187:9618?addrs=172.20.3.187-9618&noUDP&sock=2043_e813_3>
...
001 (837714.000.000) 08/15 12:33:58 Job executing on host: <172.20.225.8:9618?addrs=172.20.225.8-9618&noUDP&sock=3440_21e1_3>
...
006 (837714.000.000) 08/15 12:34:07 Image size of job updated: 20796
	21  -  MemoryUsage of job (MB)
	20796  -  ResidentSetSize of job (KB)
...
005 (837714.000.000) 08/15 12:34:51 Job terminated.
	(1) Normal termination (return value 1)
		Usr 0 00:00:18, Sys 0 00:00:01  -  Run Remote Usage
		Usr 0 00:00:00, Sys 0 00:00:00  -  Run Local Usage
		Usr 0 00:00:18, Sys 0 00:00:01  -  Total Remote Usage
		Usr 0 00:00:00, Sys 0 00:00:00  -  Total Local Usage
	1437  -  Run Bytes Sent By Job
	392  -  Run Bytes Received By Job
	1437  -  Total Bytes Sent By Job
	392  -  Total Bytes Received By Job
	Partitionable Resources :    Usage  Request Allocated 
	   Cpus                 :     0.74        1         1 
	   Disk (KB)            :   802           1 479737977 
	   Memory (MB)          :    21        7900      8033 
...
000 (839537.000.000) 08/15 13:24:52 Job submitted from host: <172.20.3.187:9618?addrs=172.20.3.187-9618&noUDP&sock=2043_e813_3>
...
001 (839537.000.000) 08/15 13:40:19 Job executing on host: <172.20.225.2:9618?addrs=172.20.225.2-9618&noUDP&sock=3424_285d_3>
...
006 (839537.000.000) 08/15 13:40:28 Image size of job updated: 21112
	21  -  MemoryUsage of job (MB)
	21112  -  ResidentSetSize of job (KB)
...
006 (839537.000.000) 08/15 13:41:19 Image size of job updated: 4123576
	21  -  MemoryUsage of job (MB)
	21112  -  ResidentSetSize of job (KB)
...
005 (839537.000.000) 08/15 13:41:19 Job terminated.
	(1) Normal termination (return value 1)
		Usr 0 00:00:10, Sys 0 00:00:01  -  Run Remote Usage
		Usr 0 00:00:00, Sys 0 00:00:00  -  Run Local Usage
		Usr 0 00:00:10, Sys 0 00:00:01  -  Total Remote Usage
		Usr 0 00:00:00, Sys 0 00:00:00  -  Total Local Usage
	1435  -  Run Bytes Sent By Job
	392  -  Run Bytes Received By Job
	1435  -  Total Bytes Sent By Job
	392  -  Total Bytes Received By Job
	Partitionable Resources :    Usage  Request Allocated 
	   Cpus                 :        0        1         1 
	   Disk (KB)            :      803        1 479786084 
	   Memory (MB)          :       21     7900      8033 
...
000 (845628.000.000) 08/16 03:53:22 Job submitted from host: <172.20.3.187:9618?addrs=172.20.3.187-9618&noUDP&sock=2043_e813_3>
...
001 (845628.000.000) 08/16 04:26:07 Job executing on host: <172.20.225.8:9618?addrs=172.20.225.8-9618&noUDP&sock=3440_21e1_3>
...
006 (845628.000.000) 08/16 04:26:15 Image size of job updated: 21128
	21  -  MemoryUsage of job (MB)
	21128  -  ResidentSetSize of job (KB)
...
006 (845628.000.000) 08/16 04:31:15 Image size of job updated: 5123600
	4835  -  MemoryUsage of job (MB)
	4950140  -  ResidentSetSize of job (KB)
...
006 (845628.000.000) 08/16 04:36:16 Image size of job updated: 5123600
	4835  -  MemoryUsage of job (MB)
	4950252  -  ResidentSetSize of job (KB)
...
006 (845628.000.000) 08/16 04:41:17 Image size of job updated: 5907736
	5770  -  MemoryUsage of job (MB)
	5907716  -  ResidentSetSize of job (KB)
...
006 (845628.000.000) 08/16 04:45:36 Image size of job updated: 15295084
	5770  -  MemoryUsage of job (MB)
	5907716  -  ResidentSetSize of job (KB)
...
005 (845628.000.000) 08/16 04:45:36 Job terminated.
	(1) Normal termination (return value 0)
		Usr 0 00:21:58, Sys 0 00:00:27  -  Run Remote Usage
		Usr 0 00:00:00, Sys 0 00:00:00  -  Run Local Usage
		Usr 0 00:21:58, Sys 0 00:00:27  -  Total Remote Usage
		Usr 0 00:00:00, Sys 0 00:00:00  -  Total Local Usage
	1215  -  Run Bytes Sent By Job
	392  -  Run Bytes Received By Job
	1215  -  Total Bytes Sent By Job
	392  -  Total Bytes Received By Job
	Partitionable Resources :    Usage  Request Allocated 
	   Cpus                 :     0.51        1         1 
	   Disk (KB)            :   802           1 479737977 
	   Memory (MB)          :  5770        7900      8033 
...
