000 (839591.000.000) 08/15 13:24:55 Job submitted from host: <172.20.3.187:9618?addrs=172.20.3.187-9618&noUDP&sock=2043_e813_3>
...
001 (839591.000.000) 08/15 13:40:33 Job executing on host: <172.20.225.8:9618?addrs=172.20.225.8-9618&noUDP&sock=3440_21e1_3>
...
006 (839591.000.000) 08/15 13:40:42 Image size of job updated: 21120
	21  -  MemoryUsage of job (MB)
	21120  -  ResidentSetSize of job (KB)
...
005 (839591.000.000) 08/15 13:41:34 Job terminated.
	(1) Normal termination (return value 1)
		Usr 0 00:00:13, Sys 0 00:00:01  -  Run Remote Usage
		Usr 0 00:00:00, Sys 0 00:00:00  -  Run Local Usage
		Usr 0 00:00:13, Sys 0 00:00:01  -  Total Remote Usage
		Usr 0 00:00:00, Sys 0 00:00:00  -  Total Local Usage
	1435  -  Run Bytes Sent By Job
	392  -  Run Bytes Received By Job
	1435  -  Total Bytes Sent By Job
	392  -  Total Bytes Received By Job
	Partitionable Resources :    Usage  Request Allocated 
	   Cpus                 :        0        1         1 
	   Disk (KB)            :      803        1 479737977 
	   Memory (MB)          :       21     7900      8033 
...
000 (845682.000.000) 08/16 03:53:25 Job submitted from host: <172.20.3.187:9618?addrs=172.20.3.187-9618&noUDP&sock=2043_e813_3>
...
001 (845682.000.000) 08/16 04:39:08 Job executing on host: <172.20.225.4:9618?addrs=172.20.225.4-9618&noUDP&sock=3366_5fdf_3>
...
006 (845682.000.000) 08/16 04:39:17 Image size of job updated: 21112
	21  -  MemoryUsage of job (MB)
	21112  -  ResidentSetSize of job (KB)
...
006 (845682.000.000) 08/16 04:44:18 Image size of job updated: 4950160
	4835  -  MemoryUsage of job (MB)
	4950160  -  ResidentSetSize of job (KB)
...
006 (845682.000.000) 08/16 04:49:18 Image size of job updated: 5906316
	5768  -  MemoryUsage of job (MB)
	5906316  -  ResidentSetSize of job (KB)
...
006 (845682.000.000) 08/16 04:54:19 Image size of job updated: 5907716
	5770  -  MemoryUsage of job (MB)
	5907716  -  ResidentSetSize of job (KB)
...
006 (845682.000.000) 08/16 04:59:20 Image size of job updated: 6919896
	6755  -  MemoryUsage of job (MB)
	6916812  -  ResidentSetSize of job (KB)
...
006 (845682.000.000) 08/16 04:59:56 Image size of job updated: 8791044
	6757  -  MemoryUsage of job (MB)
	6918684  -  ResidentSetSize of job (KB)
...
005 (845682.000.000) 08/16 04:59:56 Job terminated.
	(1) Normal termination (return value 0)
		Usr 0 00:21:34, Sys 0 00:00:34  -  Run Remote Usage
		Usr 0 00:00:00, Sys 0 00:00:00  -  Run Local Usage
		Usr 0 00:21:34, Sys 0 00:00:34  -  Total Remote Usage
		Usr 0 00:00:00, Sys 0 00:00:00  -  Total Local Usage
	1215  -  Run Bytes Sent By Job
	392  -  Run Bytes Received By Job
	1215  -  Total Bytes Sent By Job
	392  -  Total Bytes Received By Job
	Partitionable Resources :    Usage  Request Allocated 
	   Cpus                 :     0.58        1         1 
	   Disk (KB)            :   802           1 479779449 
	   Memory (MB)          :  6757        7900      8033 
...
