000 (841324.000.000) 08/15 13:26:48 Job submitted from host: <172.20.3.187:9618?addrs=172.20.3.187-9618&noUDP&sock=2043_e813_3>
...
001 (841324.000.000) 08/15 15:03:10 Job executing on host: <172.20.225.6:9618?addrs=172.20.225.6-9618&noUDP&sock=3382_5963_3>
...
006 (841324.000.000) 08/15 15:03:19 Image size of job updated: 21124
	21  -  MemoryUsage of job (MB)
	21124  -  ResidentSetSize of job (KB)
...
006 (841324.000.000) 08/15 15:08:20 Image size of job updated: 4924052
	4809  -  MemoryUsage of job (MB)
	4924052  -  ResidentSetSize of job (KB)
...
006 (841324.000.000) 08/15 15:13:20 Image size of job updated: 4924152
	4809  -  MemoryUsage of job (MB)
	4924152  -  ResidentSetSize of job (KB)
...
006 (841324.000.000) 08/15 15:18:21 Image size of job updated: 5881620
	5744  -  MemoryUsage of job (MB)
	5881620  -  ResidentSetSize of job (KB)
...
006 (841324.000.000) 08/15 15:23:22 Image size of job updated: 6447392
	6296  -  MemoryUsage of job (MB)
	6446516  -  ResidentSetSize of job (KB)
...
006 (841324.000.000) 08/15 15:24:18 Image size of job updated: 11591924
	6296  -  MemoryUsage of job (MB)
	6446516  -  ResidentSetSize of job (KB)
...
005 (841324.000.000) 08/15 15:24:18 Job terminated.
	(1) Normal termination (return value 0)
		Usr 0 00:22:44, Sys 0 00:00:28  -  Run Remote Usage
		Usr 0 00:00:00, Sys 0 00:00:00  -  Run Local Usage
		Usr 0 00:22:44, Sys 0 00:00:28  -  Total Remote Usage
		Usr 0 00:00:00, Sys 0 00:00:00  -  Total Local Usage
	1221  -  Run Bytes Sent By Job
	399  -  Run Bytes Received By Job
	1221  -  Total Bytes Sent By Job
	399  -  Total Bytes Received By Job
	Partitionable Resources :    Usage  Request Allocated 
	   Cpus                 :     0.58        1         1 
	   Disk (KB)            :   802           1 479749220 
	   Memory (MB)          :  6296        7900      8033 
...
