000 (838312.000.000) 08/15 12:25:05 Job submitted from host: <172.20.3.187:9618?addrs=172.20.3.187-9618&noUDP&sock=2043_e813_3>
...
001 (838312.000.000) 08/15 12:42:26 Job executing on host: <172.20.225.6:9618?addrs=172.20.225.6-9618&noUDP&sock=3382_5963_3>
...
006 (838312.000.000) 08/15 12:42:34 Image size of job updated: 21112
	21  -  MemoryUsage of job (MB)
	21112  -  ResidentSetSize of job (KB)
...
006 (838312.000.000) 08/15 12:46:15 Image size of job updated: 1952624
	21  -  MemoryUsage of job (MB)
	21112  -  ResidentSetSize of job (KB)
...
005 (838312.000.000) 08/15 12:46:15 Job terminated.
	(1) Normal termination (return value 1)
		Usr 0 00:02:00, Sys 0 00:00:18  -  Run Remote Usage
		Usr 0 00:00:00, Sys 0 00:00:00  -  Run Local Usage
		Usr 0 00:02:00, Sys 0 00:00:18  -  Total Remote Usage
		Usr 0 00:00:00, Sys 0 00:00:00  -  Total Local Usage
	2459  -  Run Bytes Sent By Job
	396  -  Run Bytes Received By Job
	2459  -  Total Bytes Sent By Job
	396  -  Total Bytes Received By Job
	Partitionable Resources :    Usage  Request Allocated 
	   Cpus                 :     0.58        1         1 
	   Disk (KB)            :   804           1 479749220 
	   Memory (MB)          :    21        7900      8033 
...
000 (842410.000.000) 08/15 13:27:58 Job submitted from host: <172.20.3.187:9618?addrs=172.20.3.187-9618&noUDP&sock=2043_e813_3>
...
001 (842410.000.000) 08/15 16:13:26 Job executing on host: <172.20.225.8:9618?addrs=172.20.225.8-9618&noUDP&sock=3440_21e1_3>
...
006 (842410.000.000) 08/15 16:13:34 Image size of job updated: 21120
	21  -  MemoryUsage of job (MB)
	21120  -  ResidentSetSize of job (KB)
...
006 (842410.000.000) 08/15 16:18:34 Image size of job updated: 4990400
	4867  -  MemoryUsage of job (MB)
	4983724  -  ResidentSetSize of job (KB)
...
006 (842410.000.000) 08/15 16:23:35 Image size of job updated: 4990400
	4868  -  MemoryUsage of job (MB)
	4983832  -  ResidentSetSize of job (KB)
...
006 (842410.000.000) 08/15 16:28:36 Image size of job updated: 5941292
	5803  -  MemoryUsage of job (MB)
	5941292  -  ResidentSetSize of job (KB)
...
006 (842410.000.000) 08/15 16:33:37 Image size of job updated: 6610772
	6456  -  MemoryUsage of job (MB)
	6610468  -  ResidentSetSize of job (KB)
...
005 (842410.000.000) 08/15 16:35:50 Job terminated.
	(1) Normal termination (return value 0)
		Usr 0 00:23:04, Sys 0 00:00:30  -  Run Remote Usage
		Usr 0 00:00:00, Sys 0 00:00:00  -  Run Local Usage
		Usr 0 00:23:04, Sys 0 00:00:30  -  Total Remote Usage
		Usr 0 00:00:00, Sys 0 00:00:00  -  Total Local Usage
	1219  -  Run Bytes Sent By Job
	396  -  Run Bytes Received By Job
	1219  -  Total Bytes Sent By Job
	396  -  Total Bytes Received By Job
	Partitionable Resources :    Usage  Request Allocated 
	   Cpus                 :     0.64        1         1 
	   Disk (KB)            :   803           1 479737977 
	   Memory (MB)          :  6456        7900      8033 
...
