000 (837707.000.000) 08/15 12:24:25 Job submitted from host: <172.20.3.187:9618?addrs=172.20.3.187-9618&noUDP&sock=2043_e813_3>
...
001 (837707.000.000) 08/15 12:33:58 Job executing on host: <172.20.225.4:9618?addrs=172.20.225.4-9618&noUDP&sock=3366_5fdf_3>
...
006 (837707.000.000) 08/15 12:34:07 Image size of job updated: 21120
	21  -  MemoryUsage of job (MB)
	21120  -  ResidentSetSize of job (KB)
...
005 (837707.000.000) 08/15 12:34:40 Job terminated.
	(1) Normal termination (return value 1)
		Usr 0 00:00:16, Sys 0 00:00:02  -  Run Remote Usage
		Usr 0 00:00:00, Sys 0 00:00:00  -  Run Local Usage
		Usr 0 00:00:16, Sys 0 00:00:02  -  Total Remote Usage
		Usr 0 00:00:00, Sys 0 00:00:00  -  Total Local Usage
	1436  -  Run Bytes Sent By Job
	392  -  Run Bytes Received By Job
	1436  -  Total Bytes Sent By Job
	392  -  Total Bytes Received By Job
	Partitionable Resources :    Usage  Request Allocated 
	   Cpus                 :     0.01        1         1 
	   Disk (KB)            :   802           1 479779449 
	   Memory (MB)          :    21        7900      8033 
...
000 (839530.000.000) 08/15 13:24:51 Job submitted from host: <172.20.3.187:9618?addrs=172.20.3.187-9618&noUDP&sock=2043_e813_3>
...
001 (839530.000.000) 08/15 13:40:09 Job executing on host: <172.20.225.6:9618?addrs=172.20.225.6-9618&noUDP&sock=3382_5963_3>
...
006 (839530.000.000) 08/15 13:40:17 Image size of job updated: 21124
	21  -  MemoryUsage of job (MB)
	21124  -  ResidentSetSize of job (KB)
...
005 (839530.000.000) 08/15 13:41:01 Job terminated.
	(1) Normal termination (return value 1)
		Usr 0 00:00:10, Sys 0 00:00:01  -  Run Remote Usage
		Usr 0 00:00:00, Sys 0 00:00:00  -  Run Local Usage
		Usr 0 00:00:10, Sys 0 00:00:01  -  Total Remote Usage
		Usr 0 00:00:00, Sys 0 00:00:00  -  Total Local Usage
	1435  -  Run Bytes Sent By Job
	392  -  Run Bytes Received By Job
	1435  -  Total Bytes Sent By Job
	392  -  Total Bytes Received By Job
	Partitionable Resources :    Usage  Request Allocated 
	   Cpus                 :        0        1         1 
	   Disk (KB)            :      803        1 479749220 
	   Memory (MB)          :       21     7900      8033 
...
000 (845621.000.000) 08/16 03:53:21 Job submitted from host: <172.20.3.187:9618?addrs=172.20.3.187-9618&noUDP&sock=2043_e813_3>
...
001 (845621.000.000) 08/16 04:18:13 Job executing on host: <172.20.225.5:9618?addrs=172.20.225.5-9618&noUDP&sock=3375_8c39_3>
...
006 (845621.000.000) 08/16 04:18:21 Image size of job updated: 21128
	21  -  MemoryUsage of job (MB)
	21128  -  ResidentSetSize of job (KB)
...
006 (845621.000.000) 08/16 04:23:21 Image size of job updated: 4959740
	4835  -  MemoryUsage of job (MB)
	4950140  -  ResidentSetSize of job (KB)
...
006 (845621.000.000) 08/16 04:28:22 Image size of job updated: 4959740
	4835  -  MemoryUsage of job (MB)
	4950252  -  ResidentSetSize of job (KB)
...
006 (845621.000.000) 08/16 04:33:23 Image size of job updated: 5906612
	5769  -  MemoryUsage of job (MB)
	5906612  -  ResidentSetSize of job (KB)
...
006 (845621.000.000) 08/16 04:38:24 Image size of job updated: 6013076
	5873  -  MemoryUsage of job (MB)
	6013076  -  ResidentSetSize of job (KB)
...
006 (845621.000.000) 08/16 04:41:51 Image size of job updated: 17130252
	5873  -  MemoryUsage of job (MB)
	6013124  -  ResidentSetSize of job (KB)
...
005 (845621.000.000) 08/16 04:41:51 Job terminated.
	(1) Normal termination (return value 0)
		Usr 0 00:22:35, Sys 0 00:00:30  -  Run Remote Usage
		Usr 0 00:00:00, Sys 0 00:00:00  -  Run Local Usage
		Usr 0 00:22:35, Sys 0 00:00:30  -  Total Remote Usage
		Usr 0 00:00:00, Sys 0 00:00:00  -  Total Local Usage
	1215  -  Run Bytes Sent By Job
	392  -  Run Bytes Received By Job
	1215  -  Total Bytes Sent By Job
	392  -  Total Bytes Received By Job
	Partitionable Resources :    Usage  Request Allocated 
	   Cpus                 :     0.83        1         1 
	   Disk (KB)            :   802           1 479749220 
	   Memory (MB)          :  5873        7900      8033 
...
