000 (841619.000.000) 08/15 13:27:07 Job submitted from host: <172.20.3.187:9618?addrs=172.20.3.187-9618&noUDP&sock=2043_e813_3>
...
001 (841619.000.000) 08/15 15:27:00 Job executing on host: <172.20.225.8:9618?addrs=172.20.225.8-9618&noUDP&sock=3440_21e1_3>
...
006 (841619.000.000) 08/15 15:27:10 Image size of job updated: 21124
	21  -  MemoryUsage of job (MB)
	21124  -  ResidentSetSize of job (KB)
...
006 (841619.000.000) 08/15 15:32:10 Image size of job updated: 5036064
	4919  -  MemoryUsage of job (MB)
	5036064  -  ResidentSetSize of job (KB)
...
006 (841619.000.000) 08/15 15:37:11 Image size of job updated: 5036168
	4919  -  MemoryUsage of job (MB)
	5036168  -  ResidentSetSize of job (KB)
...
006 (841619.000.000) 08/15 15:42:11 Image size of job updated: 5992540
	5853  -  MemoryUsage of job (MB)
	5992540  -  ResidentSetSize of job (KB)
...
006 (841619.000.000) 08/15 15:47:12 Image size of job updated: 6505664
	6354  -  MemoryUsage of job (MB)
	6505660  -  ResidentSetSize of job (KB)
...
006 (841619.000.000) 08/15 15:48:15 Image size of job updated: 6508500
	6354  -  MemoryUsage of job (MB)
	6505660  -  ResidentSetSize of job (KB)
...
005 (841619.000.000) 08/15 15:48:15 Job terminated.
	(1) Normal termination (return value 0)
		Usr 0 00:22:19, Sys 0 00:00:29  -  Run Remote Usage
		Usr 0 00:00:00, Sys 0 00:00:00  -  Run Local Usage
		Usr 0 00:22:19, Sys 0 00:00:29  -  Total Remote Usage
		Usr 0 00:00:00, Sys 0 00:00:00  -  Total Local Usage
	1229  -  Run Bytes Sent By Job
	406  -  Run Bytes Received By Job
	1229  -  Total Bytes Sent By Job
	406  -  Total Bytes Received By Job
	Partitionable Resources :    Usage  Request Allocated 
	   Cpus                 :     0.69        1         1 
	   Disk (KB)            :   802           1 479737977 
	   Memory (MB)          :  6354        7900      8033 
...
