000 (837592.000.000) 08/15 12:24:17 Job submitted from host: <172.20.3.187:9618?addrs=172.20.3.187-9618&noUDP&sock=2043_e813_3>
...
001 (837592.000.000) 08/15 12:32:42 Job executing on host: <172.20.225.6:9618?addrs=172.20.225.6-9618&noUDP&sock=3382_5963_3>
...
006 (837592.000.000) 08/15 12:32:50 Image size of job updated: 20796
	21  -  MemoryUsage of job (MB)
	20796  -  ResidentSetSize of job (KB)
...
005 (837592.000.000) 08/15 12:33:21 Job terminated.
	(1) Normal termination (return value 1)
		Usr 0 00:00:23, Sys 0 00:00:02  -  Run Remote Usage
		Usr 0 00:00:00, Sys 0 00:00:00  -  Run Local Usage
		Usr 0 00:00:23, Sys 0 00:00:02  -  Total Remote Usage
		Usr 0 00:00:00, Sys 0 00:00:00  -  Total Local Usage
	1437  -  Run Bytes Sent By Job
	394  -  Run Bytes Received By Job
	1437  -  Total Bytes Sent By Job
	394  -  Total Bytes Received By Job
	Partitionable Resources :    Usage  Request Allocated 
	   Cpus                 :     0.84        1         1 
	   Disk (KB)            :   803           1 479749220 
	   Memory (MB)          :    21        7900      8033 
...
000 (838891.000.000) 08/15 13:24:10 Job submitted from host: <172.20.3.187:9618?addrs=172.20.3.187-9618&noUDP&sock=2043_e813_3>
...
001 (838891.000.000) 08/15 13:35:58 Job executing on host: <172.20.225.6:9618?addrs=172.20.225.6-9618&noUDP&sock=3382_5963_3>
...
006 (838891.000.000) 08/15 13:36:07 Image size of job updated: 20784
	21  -  MemoryUsage of job (MB)
	20784  -  ResidentSetSize of job (KB)
...
006 (838891.000.000) 08/15 13:36:26 Image size of job updated: 4187416
	21  -  MemoryUsage of job (MB)
	20784  -  ResidentSetSize of job (KB)
...
005 (838891.000.000) 08/15 13:36:26 Job terminated.
	(1) Normal termination (return value 1)
		Usr 0 00:00:12, Sys 0 00:00:02  -  Run Remote Usage
		Usr 0 00:00:00, Sys 0 00:00:00  -  Run Local Usage
		Usr 0 00:00:12, Sys 0 00:00:02  -  Total Remote Usage
		Usr 0 00:00:00, Sys 0 00:00:00  -  Total Local Usage
	1435  -  Run Bytes Sent By Job
	394  -  Run Bytes Received By Job
	1435  -  Total Bytes Sent By Job
	394  -  Total Bytes Received By Job
	Partitionable Resources :    Usage  Request Allocated 
	   Cpus                 :     0.02        1         1 
	   Disk (KB)            :   803           1 479749220 
	   Memory (MB)          :    21        7900      8033 
...
000 (845093.000.000) 08/16 03:52:28 Job submitted from host: <172.20.3.187:9618?addrs=172.20.3.187-9618&noUDP&sock=2043_e813_3>
...
001 (845093.000.000) 08/16 03:52:59 Job executing on host: <172.20.225.4:9618?addrs=172.20.225.4-9618&noUDP&sock=3366_5fdf_3>
...
006 (845093.000.000) 08/16 03:53:08 Image size of job updated: 21112
	21  -  MemoryUsage of job (MB)
	21112  -  ResidentSetSize of job (KB)
...
006 (845093.000.000) 08/16 03:58:09 Image size of job updated: 5088004
	4960  -  MemoryUsage of job (MB)
	5078840  -  ResidentSetSize of job (KB)
...
006 (845093.000.000) 08/16 04:03:10 Image size of job updated: 5088104
	4960  -  MemoryUsage of job (MB)
	5078940  -  ResidentSetSize of job (KB)
...
006 (845093.000.000) 08/16 04:08:10 Image size of job updated: 6044464
	5894  -  MemoryUsage of job (MB)
	6035300  -  ResidentSetSize of job (KB)
...
006 (845093.000.000) 08/16 04:13:11 Image size of job updated: 6044464
	5900  -  MemoryUsage of job (MB)
	6041100  -  ResidentSetSize of job (KB)
...
006 (845093.000.000) 08/16 04:16:49 Image size of job updated: 20719304
	5900  -  MemoryUsage of job (MB)
	6041100  -  ResidentSetSize of job (KB)
...
005 (845093.000.000) 08/16 04:16:49 Job terminated.
	(1) Normal termination (return value 0)
		Usr 0 00:22:33, Sys 0 00:00:30  -  Run Remote Usage
		Usr 0 00:00:00, Sys 0 00:00:00  -  Run Local Usage
		Usr 0 00:22:33, Sys 0 00:00:30  -  Total Remote Usage
		Usr 0 00:00:00, Sys 0 00:00:00  -  Total Local Usage
	1217  -  Run Bytes Sent By Job
	394  -  Run Bytes Received By Job
	1217  -  Total Bytes Sent By Job
	394  -  Total Bytes Received By Job
	Partitionable Resources :    Usage  Request Allocated 
	   Cpus                 :     0.91        1         1 
	   Disk (KB)            :   802           1 479779449 
	   Memory (MB)          :  5900        7900      8033 
...
