000 (838084.000.000) 08/15 12:24:50 Job submitted from host: <172.20.3.187:9618?addrs=172.20.3.187-9618&noUDP&sock=2043_e813_3>
...
001 (838084.000.000) 08/15 12:38:12 Job executing on host: <172.20.225.2:9618?addrs=172.20.225.2-9618&noUDP&sock=3424_285d_3>
...
006 (838084.000.000) 08/15 12:38:21 Image size of job updated: 21120
	21  -  MemoryUsage of job (MB)
	21120  -  ResidentSetSize of job (KB)
...
006 (838084.000.000) 08/15 12:43:21 Image size of job updated: 19396464
	18942  -  MemoryUsage of job (MB)
	19396420  -  ResidentSetSize of job (KB)
...
006 (838084.000.000) 08/15 12:48:21 Image size of job updated: 19458988
	19003  -  MemoryUsage of job (MB)
	19458952  -  ResidentSetSize of job (KB)
...
005 (838084.000.000) 08/15 12:51:17 Job terminated.
	(1) Normal termination (return value 137)
		Usr 0 00:13:26, Sys 0 00:02:03  -  Run Remote Usage
		Usr 0 00:00:00, Sys 0 00:00:00  -  Run Local Usage
		Usr 0 00:13:26, Sys 0 00:02:03  -  Total Remote Usage
		Usr 0 00:00:00, Sys 0 00:00:00  -  Total Local Usage
	1389  -  Run Bytes Sent By Job
	402  -  Run Bytes Received By Job
	1389  -  Total Bytes Sent By Job
	402  -  Total Bytes Received By Job
	Partitionable Resources :    Usage  Request Allocated 
	   Cpus                 :     1.39        1         1 
	   Disk (KB)            :   802           1 479786084 
	   Memory (MB)          : 19003        7900      8033 
...
000 (841362.000.000) 08/15 13:26:50 Job submitted from host: <172.20.3.187:9618?addrs=172.20.3.187-9618&noUDP&sock=2043_e813_3>
...
001 (841362.000.000) 08/15 15:06:47 Job executing on host: <172.20.225.5:9618?addrs=172.20.225.5-9618&noUDP&sock=3375_8c39_3>
...
006 (841362.000.000) 08/15 15:06:55 Image size of job updated: 21128
	21  -  MemoryUsage of job (MB)
	21128  -  ResidentSetSize of job (KB)
...
006 (841362.000.000) 08/15 15:11:55 Image size of job updated: 4987124
	4871  -  MemoryUsage of job (MB)
	4987124  -  ResidentSetSize of job (KB)
...
006 (841362.000.000) 08/15 15:16:56 Image size of job updated: 5943608
	5805  -  MemoryUsage of job (MB)
	5943608  -  ResidentSetSize of job (KB)
...
006 (841362.000.000) 08/15 15:21:57 Image size of job updated: 6611500
	6457  -  MemoryUsage of job (MB)
	6611404  -  ResidentSetSize of job (KB)
...
005 (841362.000.000) 08/15 15:23:10 Job terminated.
	(1) Normal termination (return value 0)
		Usr 0 00:23:50, Sys 0 00:00:31  -  Run Remote Usage
		Usr 0 00:00:00, Sys 0 00:00:00  -  Run Local Usage
		Usr 0 00:23:50, Sys 0 00:00:31  -  Total Remote Usage
		Usr 0 00:00:00, Sys 0 00:00:00  -  Total Local Usage
	1225  -  Run Bytes Sent By Job
	402  -  Run Bytes Received By Job
	1225  -  Total Bytes Sent By Job
	402  -  Total Bytes Received By Job
	Partitionable Resources :    Usage  Request Allocated 
	   Cpus                 :     0.57        1         1 
	   Disk (KB)            :   803           1 479749220 
	   Memory (MB)          :  6457        7900      8033 
...
