000 (839042.000.000) 08/15 13:24:20 Job submitted from host: <172.20.3.187:9618?addrs=172.20.3.187-9618&noUDP&sock=2043_e813_3>
...
001 (839042.000.000) 08/15 13:37:40 Job executing on host: <172.20.225.4:9618?addrs=172.20.225.4-9618&noUDP&sock=3366_5fdf_3>
...
006 (839042.000.000) 08/15 13:37:50 Image size of job updated: 20800
	21  -  MemoryUsage of job (MB)
	20800  -  ResidentSetSize of job (KB)
...
006 (839042.000.000) 08/15 13:38:19 Image size of job updated: 4271828
	21  -  MemoryUsage of job (MB)
	20800  -  ResidentSetSize of job (KB)
...
005 (839042.000.000) 08/15 13:38:19 Job terminated.
	(1) Normal termination (return value 1)
		Usr 0 00:00:19, Sys 0 00:00:02  -  Run Remote Usage
		Usr 0 00:00:00, Sys 0 00:00:00  -  Run Local Usage
		Usr 0 00:00:19, Sys 0 00:00:02  -  Total Remote Usage
		Usr 0 00:00:00, Sys 0 00:00:00  -  Total Local Usage
	1437  -  Run Bytes Sent By Job
	395  -  Run Bytes Received By Job
	1437  -  Total Bytes Sent By Job
	395  -  Total Bytes Received By Job
	Partitionable Resources :    Usage  Request Allocated 
	   Cpus                 :     1.00        1         1 
	   Disk (KB)            :   803           1 479779449 
	   Memory (MB)          :    21        7900      8033 
...
000 (845244.000.000) 08/16 03:52:38 Job submitted from host: <172.20.3.187:9618?addrs=172.20.3.187-9618&noUDP&sock=2043_e813_3>
...
001 (845244.000.000) 08/16 03:52:57 Job executing on host: <172.20.225.1:9618?addrs=172.20.225.1-9618&noUDP&sock=3382_5963_3>
...
006 (845244.000.000) 08/16 03:53:06 Image size of job updated: 21116
	21  -  MemoryUsage of job (MB)
	21116  -  ResidentSetSize of job (KB)
...
006 (845244.000.000) 08/16 03:58:07 Image size of job updated: 5081300
	4960  -  MemoryUsage of job (MB)
	5078956  -  ResidentSetSize of job (KB)
...
006 (845244.000.000) 08/16 04:03:07 Image size of job updated: 5081432
	4961  -  MemoryUsage of job (MB)
	5079088  -  ResidentSetSize of job (KB)
...
006 (845244.000.000) 08/16 04:08:07 Image size of job updated: 6037796
	5894  -  MemoryUsage of job (MB)
	6035452  -  ResidentSetSize of job (KB)
...
006 (845244.000.000) 08/16 04:13:08 Image size of job updated: 6043652
	5900  -  MemoryUsage of job (MB)
	6041252  -  ResidentSetSize of job (KB)
...
005 (845244.000.000) 08/16 04:16:56 Job terminated.
	(1) Normal termination (return value 0)
		Usr 0 00:22:33, Sys 0 00:00:33  -  Run Remote Usage
		Usr 0 00:00:00, Sys 0 00:00:00  -  Run Local Usage
		Usr 0 00:22:33, Sys 0 00:00:33  -  Total Remote Usage
		Usr 0 00:00:00, Sys 0 00:00:00  -  Total Local Usage
	1220  -  Run Bytes Sent By Job
	395  -  Run Bytes Received By Job
	1220  -  Total Bytes Sent By Job
	395  -  Total Bytes Received By Job
	Partitionable Resources :    Usage  Request Allocated 
	   Cpus                 :     1.00        1         1 
	   Disk (KB)            :   802           1 479786105 
	   Memory (MB)          :  5900        7900      8033 
...
