000 (840751.000.000) 08/15 13:26:11 Job submitted from host: <172.20.3.187:9618?addrs=172.20.3.187-9618&noUDP&sock=2043_e813_3>
...
001 (840751.000.000) 08/15 14:52:00 Job executing on host: <172.20.225.4:9618?addrs=172.20.225.4-9618&noUDP&sock=3366_5fdf_3>
...
006 (840751.000.000) 08/15 14:52:09 Image size of job updated: 21128
	21  -  MemoryUsage of job (MB)
	21128  -  ResidentSetSize of job (KB)
...
005 (840751.000.000) 08/15 14:53:10 Job terminated.
	(1) Normal termination (return value 1)
		Usr 0 00:00:23, Sys 0 00:00:01  -  Run Remote Usage
		Usr 0 00:00:00, Sys 0 00:00:00  -  Run Local Usage
		Usr 0 00:00:23, Sys 0 00:00:01  -  Total Remote Usage
		Usr 0 00:00:00, Sys 0 00:00:00  -  Total Local Usage
	1437  -  Run Bytes Sent By Job
	398  -  Run Bytes Received By Job
	1437  -  Total Bytes Sent By Job
	398  -  Total Bytes Received By Job
	Partitionable Resources :    Usage  Request Allocated 
	   Cpus                 :     0.46        1         1 
	   Disk (KB)            :   803           1 479779449 
	   Memory (MB)          :    21        7900      8033 
...
000 (846069.000.000) 08/16 03:53:50 Job submitted from host: <172.20.3.187:9618?addrs=172.20.3.187-9618&noUDP&sock=2043_e813_3>
...
001 (846069.000.000) 08/16 05:06:12 Job executing on host: <172.20.225.4:9618?addrs=172.20.225.4-9618&noUDP&sock=3366_5fdf_3>
...
006 (846069.000.000) 08/16 05:06:22 Image size of job updated: 21116
	21  -  MemoryUsage of job (MB)
	21116  -  ResidentSetSize of job (KB)
...
006 (846069.000.000) 08/16 05:11:22 Image size of job updated: 5035332
	4918  -  MemoryUsage of job (MB)
	5035332  -  ResidentSetSize of job (KB)
...
006 (846069.000.000) 08/16 05:16:23 Image size of job updated: 5035460
	4918  -  MemoryUsage of job (MB)
	5035460  -  ResidentSetSize of job (KB)
...
006 (846069.000.000) 08/16 05:21:24 Image size of job updated: 5991820
	5852  -  MemoryUsage of job (MB)
	5991820  -  ResidentSetSize of job (KB)
...
006 (846069.000.000) 08/16 05:26:24 Image size of job updated: 6093660
	5951  -  MemoryUsage of job (MB)
	6093660  -  ResidentSetSize of job (KB)
...
006 (846069.000.000) 08/16 05:29:50 Image size of job updated: 13823096
	5951  -  MemoryUsage of job (MB)
	6093676  -  ResidentSetSize of job (KB)
...
005 (846069.000.000) 08/16 05:29:50 Job terminated.
	(1) Normal termination (return value 0)
		Usr 0 00:22:23, Sys 0 00:00:27  -  Run Remote Usage
		Usr 0 00:00:00, Sys 0 00:00:00  -  Run Local Usage
		Usr 0 00:22:23, Sys 0 00:00:27  -  Total Remote Usage
		Usr 0 00:00:00, Sys 0 00:00:00  -  Total Local Usage
	1223  -  Run Bytes Sent By Job
	398  -  Run Bytes Received By Job
	1223  -  Total Bytes Sent By Job
	398  -  Total Bytes Received By Job
	Partitionable Resources :    Usage  Request Allocated 
	   Cpus                 :     0.66        1         1 
	   Disk (KB)            :   802           1 479779449 
	   Memory (MB)          :  5951        7900      8033 
...
