000 (837689.000.000) 08/15 12:24:23 Job submitted from host: <172.20.3.187:9618?addrs=172.20.3.187-9618&noUDP&sock=2043_e813_3>
...
001 (837689.000.000) 08/15 12:33:52 Job executing on host: <172.20.225.6:9618?addrs=172.20.225.6-9618&noUDP&sock=3382_5963_3>
...
006 (837689.000.000) 08/15 12:34:01 Image size of job updated: 20808
	21  -  MemoryUsage of job (MB)
	20808  -  ResidentSetSize of job (KB)
...
006 (837689.000.000) 08/15 12:34:23 Image size of job updated: 4114020
	21  -  MemoryUsage of job (MB)
	20808  -  ResidentSetSize of job (KB)
...
005 (837689.000.000) 08/15 12:34:23 Job terminated.
	(1) Normal termination (return value 1)
		Usr 0 00:00:12, Sys 0 00:00:02  -  Run Remote Usage
		Usr 0 00:00:00, Sys 0 00:00:00  -  Run Local Usage
		Usr 0 00:00:12, Sys 0 00:00:02  -  Total Remote Usage
		Usr 0 00:00:00, Sys 0 00:00:00  -  Total Local Usage
	1434  -  Run Bytes Sent By Job
	391  -  Run Bytes Received By Job
	1434  -  Total Bytes Sent By Job
	391  -  Total Bytes Received By Job
	Partitionable Resources :    Usage  Request Allocated 
	   Cpus                 :        0        1         1 
	   Disk (KB)            :      803        1 479749220 
	   Memory (MB)          :       21     7900      8033 
...
000 (839512.000.000) 08/15 13:24:50 Job submitted from host: <172.20.3.187:9618?addrs=172.20.3.187-9618&noUDP&sock=2043_e813_3>
...
001 (839512.000.000) 08/15 13:40:08 Job executing on host: <172.20.225.5:9618?addrs=172.20.225.5-9618&noUDP&sock=3375_8c39_3>
...
006 (839512.000.000) 08/15 13:40:16 Image size of job updated: 21116
	21  -  MemoryUsage of job (MB)
	21116  -  ResidentSetSize of job (KB)
...
006 (839512.000.000) 08/15 13:41:03 Image size of job updated: 4137184
	21  -  MemoryUsage of job (MB)
	21116  -  ResidentSetSize of job (KB)
...
005 (839512.000.000) 08/15 13:41:03 Job terminated.
	(1) Normal termination (return value 1)
		Usr 0 00:00:09, Sys 0 00:00:01  -  Run Remote Usage
		Usr 0 00:00:00, Sys 0 00:00:00  -  Run Local Usage
		Usr 0 00:00:09, Sys 0 00:00:01  -  Total Remote Usage
		Usr 0 00:00:00, Sys 0 00:00:00  -  Total Local Usage
	1433  -  Run Bytes Sent By Job
	391  -  Run Bytes Received By Job
	1433  -  Total Bytes Sent By Job
	391  -  Total Bytes Received By Job
	Partitionable Resources :    Usage  Request Allocated 
	   Cpus                 :     0.19        1         1 
	   Disk (KB)            :   803           1 479749220 
	   Memory (MB)          :    21        7900      8033 
...
000 (845603.000.000) 08/16 03:53:20 Job submitted from host: <172.20.3.187:9618?addrs=172.20.3.187-9618&noUDP&sock=2043_e813_3>
...
001 (845603.000.000) 08/16 04:18:12 Job executing on host: <172.20.225.1:9618?addrs=172.20.225.1-9618&noUDP&sock=3382_5963_3>
...
006 (845603.000.000) 08/16 04:18:21 Image size of job updated: 21104
	21  -  MemoryUsage of job (MB)
	21104  -  ResidentSetSize of job (KB)
...
006 (845603.000.000) 08/16 04:23:22 Image size of job updated: 4954448
	4834  -  MemoryUsage of job (MB)
	4949904  -  ResidentSetSize of job (KB)
...
006 (845603.000.000) 08/16 04:28:23 Image size of job updated: 4954448
	4834  -  MemoryUsage of job (MB)
	4950008  -  ResidentSetSize of job (KB)
...
006 (845603.000.000) 08/16 04:33:23 Image size of job updated: 5906372
	5768  -  MemoryUsage of job (MB)
	5906372  -  ResidentSetSize of job (KB)
...
006 (845603.000.000) 08/16 04:38:23 Image size of job updated: 5912172
	5774  -  MemoryUsage of job (MB)
	5912172  -  ResidentSetSize of job (KB)
...
006 (845603.000.000) 08/16 04:41:12 Image size of job updated: 17541136
	5774  -  MemoryUsage of job (MB)
	5912172  -  ResidentSetSize of job (KB)
...
005 (845603.000.000) 08/16 04:41:12 Job terminated.
	(1) Normal termination (return value 0)
		Usr 0 00:21:53, Sys 0 00:00:29  -  Run Remote Usage
		Usr 0 00:00:00, Sys 0 00:00:00  -  Run Local Usage
		Usr 0 00:21:53, Sys 0 00:00:29  -  Total Remote Usage
		Usr 0 00:00:00, Sys 0 00:00:00  -  Total Local Usage
	1212  -  Run Bytes Sent By Job
	391  -  Run Bytes Received By Job
	1212  -  Total Bytes Sent By Job
	391  -  Total Bytes Received By Job
	Partitionable Resources :    Usage  Request Allocated 
	   Cpus                 :     0.91        1         1 
	   Disk (KB)            :   802           1 479786105 
	   Memory (MB)          :  5774        7900      8033 
...
