000 (839107.000.000) 08/15 13:24:24 Job submitted from host: <172.20.3.187:9618?addrs=172.20.3.187-9618&noUDP&sock=2043_e813_3>
...
001 (839107.000.000) 08/15 13:37:49 Job executing on host: <172.20.225.6:9618?addrs=172.20.225.6-9618&noUDP&sock=3382_5963_3>
...
006 (839107.000.000) 08/15 13:37:57 Image size of job updated: 20800
	21  -  MemoryUsage of job (MB)
	20800  -  ResidentSetSize of job (KB)
...
006 (839107.000.000) 08/15 13:38:25 Image size of job updated: 4207312
	21  -  MemoryUsage of job (MB)
	20800  -  ResidentSetSize of job (KB)
...
005 (839107.000.000) 08/15 13:38:26 Job terminated.
	(1) Normal termination (return value 1)
		Usr 0 00:00:22, Sys 0 00:00:02  -  Run Remote Usage
		Usr 0 00:00:00, Sys 0 00:00:00  -  Run Local Usage
		Usr 0 00:00:22, Sys 0 00:00:02  -  Total Remote Usage
		Usr 0 00:00:00, Sys 0 00:00:00  -  Total Local Usage
	1437  -  Run Bytes Sent By Job
	395  -  Run Bytes Received By Job
	1437  -  Total Bytes Sent By Job
	395  -  Total Bytes Received By Job
	Partitionable Resources :    Usage  Request Allocated 
	   Cpus                 :     0.97        1         1 
	   Disk (KB)            :   803           1 479749220 
	   Memory (MB)          :    21        7900      8033 
...
000 (845309.000.000) 08/16 03:52:42 Job submitted from host: <172.20.3.187:9618?addrs=172.20.3.187-9618&noUDP&sock=2043_e813_3>
...
001 (845309.000.000) 08/16 03:53:00 Job executing on host: <172.20.225.5:9618?addrs=172.20.225.5-9618&noUDP&sock=3375_8c39_3>
...
006 (845309.000.000) 08/16 03:53:09 Image size of job updated: 21124
	21  -  MemoryUsage of job (MB)
	21124  -  ResidentSetSize of job (KB)
...
006 (845309.000.000) 08/16 03:58:10 Image size of job updated: 5082696
	4960  -  MemoryUsage of job (MB)
	5078928  -  ResidentSetSize of job (KB)
...
006 (845309.000.000) 08/16 04:03:11 Image size of job updated: 5082800
	4960  -  MemoryUsage of job (MB)
	5079032  -  ResidentSetSize of job (KB)
...
006 (845309.000.000) 08/16 04:08:11 Image size of job updated: 6038996
	5894  -  MemoryUsage of job (MB)
	6035228  -  ResidentSetSize of job (KB)
...
006 (845309.000.000) 08/16 04:13:12 Image size of job updated: 6045064
	5900  -  MemoryUsage of job (MB)
	6041188  -  ResidentSetSize of job (KB)
...
005 (845309.000.000) 08/16 04:17:02 Job terminated.
	(1) Normal termination (return value 0)
		Usr 0 00:22:43, Sys 0 00:00:33  -  Run Remote Usage
		Usr 0 00:00:00, Sys 0 00:00:00  -  Run Local Usage
		Usr 0 00:22:43, Sys 0 00:00:33  -  Total Remote Usage
		Usr 0 00:00:00, Sys 0 00:00:00  -  Total Local Usage
	1220  -  Run Bytes Sent By Job
	395  -  Run Bytes Received By Job
	1220  -  Total Bytes Sent By Job
	395  -  Total Bytes Received By Job
	Partitionable Resources :    Usage  Request Allocated 
	   Cpus                 :     0.97        1         1 
	   Disk (KB)            :   802           1 479749220 
	   Memory (MB)          :  5900        7900      8033 
...
