000 (842892.000.000) 08/15 13:28:29 Job submitted from host: <172.20.3.187:9618?addrs=172.20.3.187-9618&noUDP&sock=2043_e813_3>
...
001 (842892.000.000) 08/15 16:54:02 Job executing on host: <172.20.225.8:9618?addrs=172.20.225.8-9618&noUDP&sock=3440_21e1_3>
...
006 (842892.000.000) 08/15 16:54:11 Image size of job updated: 21120
	21  -  MemoryUsage of job (MB)
	21120  -  ResidentSetSize of job (KB)
...
006 (842892.000.000) 08/15 16:59:11 Image size of job updated: 5245760
	5123  -  MemoryUsage of job (MB)
	5245760  -  ResidentSetSize of job (KB)
...
006 (842892.000.000) 08/15 17:04:12 Image size of job updated: 5245856
	5123  -  MemoryUsage of job (MB)
	5245856  -  ResidentSetSize of job (KB)
...
006 (842892.000.000) 08/15 17:09:14 Image size of job updated: 6202228
	6057  -  MemoryUsage of job (MB)
	6202228  -  ResidentSetSize of job (KB)
...
006 (842892.000.000) 08/15 17:14:14 Image size of job updated: 6589960
	6435  -  MemoryUsage of job (MB)
	6588864  -  ResidentSetSize of job (KB)
...
005 (842892.000.000) 08/15 17:17:36 Job terminated.
	(1) Normal termination (return value 0)
		Usr 0 00:23:30, Sys 0 00:00:29  -  Run Remote Usage
		Usr 0 00:00:00, Sys 0 00:00:00  -  Run Local Usage
		Usr 0 00:23:30, Sys 0 00:00:29  -  Total Remote Usage
		Usr 0 00:00:00, Sys 0 00:00:00  -  Total Local Usage
	1229  -  Run Bytes Sent By Job
	404  -  Run Bytes Received By Job
	1229  -  Total Bytes Sent By Job
	404  -  Total Bytes Received By Job
	Partitionable Resources :    Usage  Request Allocated 
	   Cpus                 :     0.55        1         1 
	   Disk (KB)            :   802           1 479737977 
	   Memory (MB)          :  6435        7900      8033 
...
