000 (837948.000.000) 08/15 12:24:41 Job submitted from host: <172.20.3.187:9618?addrs=172.20.3.187-9618&noUDP&sock=2043_e813_3>
...
001 (837948.000.000) 08/15 12:36:16 Job executing on host: <172.20.225.1:9618?addrs=172.20.225.1-9618&noUDP&sock=3382_5963_3>
...
006 (837948.000.000) 08/15 12:36:24 Image size of job updated: 21120
	21  -  MemoryUsage of job (MB)
	21120  -  ResidentSetSize of job (KB)
...
006 (837948.000.000) 08/15 12:38:37 Image size of job updated: 582184
	21  -  MemoryUsage of job (MB)
	21120  -  ResidentSetSize of job (KB)
...
005 (837948.000.000) 08/15 12:38:40 Job terminated.
	(1) Normal termination (return value 1)
		Usr 0 00:00:27, Sys 0 00:00:03  -  Run Remote Usage
		Usr 0 00:00:00, Sys 0 00:00:00  -  Run Local Usage
		Usr 0 00:00:27, Sys 0 00:00:03  -  Total Remote Usage
		Usr 0 00:00:00, Sys 0 00:00:00  -  Total Local Usage
	1437  -  Run Bytes Sent By Job
	397  -  Run Bytes Received By Job
	1437  -  Total Bytes Sent By Job
	397  -  Total Bytes Received By Job
	Partitionable Resources :    Usage  Request Allocated 
	   Cpus                 :        0        1         1 
	   Disk (KB)            :      803        1 479786105 
	   Memory (MB)          :       21     7900      8033 
...
000 (840546.000.000) 08/15 13:25:57 Job submitted from host: <172.20.3.187:9618?addrs=172.20.3.187-9618&noUDP&sock=2043_e813_3>
...
001 (840546.000.000) 08/15 14:48:58 Job executing on host: <172.20.225.4:9618?addrs=172.20.225.4-9618&noUDP&sock=3366_5fdf_3>
...
006 (840546.000.000) 08/15 14:49:08 Image size of job updated: 21120
	21  -  MemoryUsage of job (MB)
	21120  -  ResidentSetSize of job (KB)
...
005 (840546.000.000) 08/15 14:49:58 Job terminated.
	(1) Normal termination (return value 1)
		Usr 0 00:00:14, Sys 0 00:00:01  -  Run Remote Usage
		Usr 0 00:00:00, Sys 0 00:00:00  -  Run Local Usage
		Usr 0 00:00:14, Sys 0 00:00:01  -  Total Remote Usage
		Usr 0 00:00:00, Sys 0 00:00:00  -  Total Local Usage
	1435  -  Run Bytes Sent By Job
	397  -  Run Bytes Received By Job
	1435  -  Total Bytes Sent By Job
	397  -  Total Bytes Received By Job
	Partitionable Resources :    Usage  Request Allocated 
	   Cpus                 :        0        1         1 
	   Disk (KB)            :      803        1 479779449 
	   Memory (MB)          :       21     7900      8033 
...
000 (845864.000.000) 08/16 03:53:37 Job submitted from host: <172.20.3.187:9618?addrs=172.20.3.187-9618&noUDP&sock=2043_e813_3>
...
001 (845864.000.000) 08/16 04:43:14 Job executing on host: <172.20.225.8:9618?addrs=172.20.225.8-9618&noUDP&sock=3440_21e1_3>
...
006 (845864.000.000) 08/16 04:43:22 Image size of job updated: 21128
	21  -  MemoryUsage of job (MB)
	21128  -  ResidentSetSize of job (KB)
...
006 (845864.000.000) 08/16 04:48:22 Image size of job updated: 5035488
	4918  -  MemoryUsage of job (MB)
	5035488  -  ResidentSetSize of job (KB)
...
006 (845864.000.000) 08/16 04:53:23 Image size of job updated: 5035596
	4918  -  MemoryUsage of job (MB)
	5035596  -  ResidentSetSize of job (KB)
...
006 (845864.000.000) 08/16 04:58:23 Image size of job updated: 5992008
	5852  -  MemoryUsage of job (MB)
	5991956  -  ResidentSetSize of job (KB)
...
006 (845864.000.000) 08/16 05:03:24 Image size of job updated: 5997756
	5858  -  MemoryUsage of job (MB)
	5997756  -  ResidentSetSize of job (KB)
...
006 (845864.000.000) 08/16 05:05:58 Image size of job updated: 7402068
	5858  -  MemoryUsage of job (MB)
	5997756  -  ResidentSetSize of job (KB)
...
005 (845864.000.000) 08/16 05:05:58 Job terminated.
	(1) Normal termination (return value 0)
		Usr 0 00:21:54, Sys 0 00:00:30  -  Run Remote Usage
		Usr 0 00:00:00, Sys 0 00:00:00  -  Run Local Usage
		Usr 0 00:21:54, Sys 0 00:00:30  -  Total Remote Usage
		Usr 0 00:00:00, Sys 0 00:00:00  -  Total Local Usage
	1220  -  Run Bytes Sent By Job
	397  -  Run Bytes Received By Job
	1220  -  Total Bytes Sent By Job
	397  -  Total Bytes Received By Job
	Partitionable Resources :    Usage  Request Allocated 
	   Cpus                 :     1.00        1         1 
	   Disk (KB)            :   802           1 479737977 
	   Memory (MB)          :  5858        7900      8033 
...
