000 (843067.000.000) 08/15 13:28:41 Job submitted from host: <172.20.3.187:9618?addrs=172.20.3.187-9618&noUDP&sock=2043_e813_3>
...
001 (843067.000.000) 08/15 17:13:00 Job executing on host: <172.20.225.6:9618?addrs=172.20.225.6-9618&noUDP&sock=3382_5963_3>
...
006 (843067.000.000) 08/15 17:13:09 Image size of job updated: 21116
	21  -  MemoryUsage of job (MB)
	21116  -  ResidentSetSize of job (KB)
...
006 (843067.000.000) 08/15 17:18:10 Image size of job updated: 5245632
	5123  -  MemoryUsage of job (MB)
	5245632  -  ResidentSetSize of job (KB)
...
006 (843067.000.000) 08/15 17:23:11 Image size of job updated: 5245804
	5123  -  MemoryUsage of job (MB)
	5245736  -  ResidentSetSize of job (KB)
...
006 (843067.000.000) 08/15 17:28:11 Image size of job updated: 6202116
	6057  -  MemoryUsage of job (MB)
	6202116  -  ResidentSetSize of job (KB)
...
006 (843067.000.000) 08/15 17:33:11 Image size of job updated: 6625132
	6468  -  MemoryUsage of job (MB)
	6623124  -  ResidentSetSize of job (KB)
...
005 (843067.000.000) 08/15 17:36:08 Job terminated.
	(1) Normal termination (return value 0)
		Usr 0 00:23:15, Sys 0 00:00:32  -  Run Remote Usage
		Usr 0 00:00:00, Sys 0 00:00:00  -  Run Local Usage
		Usr 0 00:23:15, Sys 0 00:00:32  -  Total Remote Usage
		Usr 0 00:00:00, Sys 0 00:00:00  -  Total Local Usage
	1229  -  Run Bytes Sent By Job
	404  -  Run Bytes Received By Job
	1229  -  Total Bytes Sent By Job
	404  -  Total Bytes Received By Job
	Partitionable Resources :    Usage  Request Allocated 
	   Cpus                 :     0.56        1         1 
	   Disk (KB)            :   802           1 479749220 
	   Memory (MB)          :  6468        7900      8033 
...
