000 (843698.000.000) 08/15 13:29:23 Job submitted from host: <172.20.3.187:9618?addrs=172.20.3.187-9618&noUDP&sock=2043_e813_3>
...
001 (843698.000.000) 08/15 17:53:42 Job executing on host: <172.20.225.4:9618?addrs=172.20.225.4-9618&noUDP&sock=3366_5fdf_3>
...
006 (843698.000.000) 08/15 17:53:50 Image size of job updated: 21112
	21  -  MemoryUsage of job (MB)
	21112  -  ResidentSetSize of job (KB)
...
005 (843698.000.000) 08/15 17:54:51 Job terminated.
	(1) Normal termination (return value 1)
		Usr 0 00:00:22, Sys 0 00:00:01  -  Run Remote Usage
		Usr 0 00:00:00, Sys 0 00:00:00  -  Run Local Usage
		Usr 0 00:00:22, Sys 0 00:00:01  -  Total Remote Usage
		Usr 0 00:00:00, Sys 0 00:00:00  -  Total Local Usage
	1437  -  Run Bytes Sent By Job
	393  -  Run Bytes Received By Job
	1437  -  Total Bytes Sent By Job
	393  -  Total Bytes Received By Job
	Partitionable Resources :    Usage  Request Allocated 
	   Cpus                 :     0.69        1         1 
	   Disk (KB)            :   803           1 479779449 
	   Memory (MB)          :    21        7900      8033 
...
000 (846964.000.000) 08/16 03:54:47 Job submitted from host: <172.20.3.187:9618?addrs=172.20.3.187-9618&noUDP&sock=2043_e813_3>
...
001 (846964.000.000) 08/16 06:18:10 Job executing on host: <172.20.225.4:9618?addrs=172.20.225.4-9618&noUDP&sock=3366_5fdf_3>
...
006 (846964.000.000) 08/16 06:18:19 Image size of job updated: 21104
	21  -  MemoryUsage of job (MB)
	21104  -  ResidentSetSize of job (KB)
...
006 (846964.000.000) 08/16 06:23:19 Image size of job updated: 5009940
	4893  -  MemoryUsage of job (MB)
	5009904  -  ResidentSetSize of job (KB)
...
006 (846964.000.000) 08/16 06:28:19 Image size of job updated: 5010008
	4893  -  MemoryUsage of job (MB)
	5010008  -  ResidentSetSize of job (KB)
...
006 (846964.000.000) 08/16 06:33:20 Image size of job updated: 5966376
	5827  -  MemoryUsage of job (MB)
	5966376  -  ResidentSetSize of job (KB)
...
006 (846964.000.000) 08/16 06:38:20 Image size of job updated: 6712728
	6556  -  MemoryUsage of job (MB)
	6712728  -  ResidentSetSize of job (KB)
...
006 (846964.000.000) 08/16 06:39:35 Image size of job updated: 17880652
	6556  -  MemoryUsage of job (MB)
	6712728  -  ResidentSetSize of job (KB)
...
005 (846964.000.000) 08/16 06:39:35 Job terminated.
	(1) Normal termination (return value 0)
		Usr 0 00:22:56, Sys 0 00:00:31  -  Run Remote Usage
		Usr 0 00:00:00, Sys 0 00:00:00  -  Run Local Usage
		Usr 0 00:22:56, Sys 0 00:00:31  -  Total Remote Usage
		Usr 0 00:00:00, Sys 0 00:00:00  -  Total Local Usage
	1218  -  Run Bytes Sent By Job
	393  -  Run Bytes Received By Job
	1218  -  Total Bytes Sent By Job
	393  -  Total Bytes Received By Job
	Partitionable Resources :    Usage  Request Allocated 
	   Cpus                 :     1.71        1         1 
	   Disk (KB)            :   802           1 479779449 
	   Memory (MB)          :  6556        7900      8033 
...
