000 (843385.000.000) 08/15 13:29:02 Job submitted from host: <172.20.3.187:9618?addrs=172.20.3.187-9618&noUDP&sock=2043_e813_3>
...
001 (843385.000.000) 08/15 17:40:02 Job executing on host: <172.20.225.2:9618?addrs=172.20.225.2-9618&noUDP&sock=3424_285d_3>
...
006 (843385.000.000) 08/15 17:40:10 Image size of job updated: 21128
	21  -  MemoryUsage of job (MB)
	21128  -  ResidentSetSize of job (KB)
...
006 (843385.000.000) 08/15 17:45:11 Image size of job updated: 4922032
	4807  -  MemoryUsage of job (MB)
	4922032  -  ResidentSetSize of job (KB)
...
006 (843385.000.000) 08/15 17:50:12 Image size of job updated: 5879300
	5742  -  MemoryUsage of job (MB)
	5879300  -  ResidentSetSize of job (KB)
...
006 (843385.000.000) 08/15 17:55:12 Image size of job updated: 5880692
	5743  -  MemoryUsage of job (MB)
	5880692  -  ResidentSetSize of job (KB)
...
006 (843385.000.000) 08/15 18:00:13 Image size of job updated: 6509076
	6357  -  MemoryUsage of job (MB)
	6508908  -  ResidentSetSize of job (KB)
...
006 (843385.000.000) 08/15 18:00:54 Image size of job updated: 13741616
	6357  -  MemoryUsage of job (MB)
	6508908  -  ResidentSetSize of job (KB)
...
005 (843385.000.000) 08/15 18:00:54 Job terminated.
	(1) Normal termination (return value 0)
		Usr 0 00:22:33, Sys 0 00:00:31  -  Run Remote Usage
		Usr 0 00:00:00, Sys 0 00:00:00  -  Run Local Usage
		Usr 0 00:22:33, Sys 0 00:00:31  -  Total Remote Usage
		Usr 0 00:00:00, Sys 0 00:00:00  -  Total Local Usage
	1231  -  Run Bytes Sent By Job
	409  -  Run Bytes Received By Job
	1231  -  Total Bytes Sent By Job
	409  -  Total Bytes Received By Job
	Partitionable Resources :    Usage  Request Allocated 
	   Cpus                 :     0.67        1         1 
	   Disk (KB)            :   802           1 479786084 
	   Memory (MB)          :  6357        7900      8033 
...
