000 (843856.000.000) 08/15 13:29:33 Job submitted from host: <172.20.3.187:9618?addrs=172.20.3.187-9618&noUDP&sock=2043_e813_3>
...
001 (843856.000.000) 08/15 17:55:38 Job executing on host: <172.20.225.1:9618?addrs=172.20.225.1-9618&noUDP&sock=3382_5963_3>
...
006 (843856.000.000) 08/15 17:55:46 Image size of job updated: 21116
	21  -  MemoryUsage of job (MB)
	21116  -  ResidentSetSize of job (KB)
...
006 (843856.000.000) 08/15 17:56:27 Image size of job updated: 4158808
	21  -  MemoryUsage of job (MB)
	21116  -  ResidentSetSize of job (KB)
...
005 (843856.000.000) 08/15 17:56:27 Job terminated.
	(1) Normal termination (return value 1)
		Usr 0 00:00:16, Sys 0 00:00:01  -  Run Remote Usage
		Usr 0 00:00:00, Sys 0 00:00:00  -  Run Local Usage
		Usr 0 00:00:16, Sys 0 00:00:01  -  Total Remote Usage
		Usr 0 00:00:00, Sys 0 00:00:00  -  Total Local Usage
	1437  -  Run Bytes Sent By Job
	398  -  Run Bytes Received By Job
	1437  -  Total Bytes Sent By Job
	398  -  Total Bytes Received By Job
	Partitionable Resources :    Usage  Request Allocated 
	   Cpus                 :     0.92        1         1 
	   Disk (KB)            :   803           1 479786105 
	   Memory (MB)          :    21        7900      8033 
...
000 (847110.000.000) 08/16 03:54:56 Job submitted from host: <172.20.3.187:9618?addrs=172.20.3.187-9618&noUDP&sock=2043_e813_3>
...
001 (847110.000.000) 08/16 06:23:14 Job executing on host: <172.20.225.5:9618?addrs=172.20.225.5-9618&noUDP&sock=3375_8c39_3>
...
006 (847110.000.000) 08/16 06:23:22 Image size of job updated: 21108
	21  -  MemoryUsage of job (MB)
	21108  -  ResidentSetSize of job (KB)
...
006 (847110.000.000) 08/16 06:28:22 Image size of job updated: 4971544
	4856  -  MemoryUsage of job (MB)
	4971544  -  ResidentSetSize of job (KB)
...
006 (847110.000.000) 08/16 06:33:23 Image size of job updated: 5927720
	5789  -  MemoryUsage of job (MB)
	5927720  -  ResidentSetSize of job (KB)
...
006 (847110.000.000) 08/16 06:38:24 Image size of job updated: 5928036
	5790  -  MemoryUsage of job (MB)
	5928036  -  ResidentSetSize of job (KB)
...
006 (847110.000.000) 08/16 06:43:24 Image size of job updated: 9036460
	8825  -  MemoryUsage of job (MB)
	9036460  -  ResidentSetSize of job (KB)
...
005 (847110.000.000) 08/16 06:45:26 Job terminated.
	(1) Normal termination (return value 0)
		Usr 0 00:23:29, Sys 0 00:00:27  -  Run Remote Usage
		Usr 0 00:00:00, Sys 0 00:00:00  -  Run Local Usage
		Usr 0 00:23:29, Sys 0 00:00:27  -  Total Remote Usage
		Usr 0 00:00:00, Sys 0 00:00:00  -  Total Local Usage
	1223  -  Run Bytes Sent By Job
	398  -  Run Bytes Received By Job
	1223  -  Total Bytes Sent By Job
	398  -  Total Bytes Received By Job
	Partitionable Resources :    Usage  Request Allocated 
	   Cpus                 :     0.69        1         1 
	   Disk (KB)            :   802           1 479749220 
	   Memory (MB)          :  8825        7900      8033 
...
