000 (840062.000.000) 08/15 13:25:26 Job submitted from host: <172.20.3.187:9618?addrs=172.20.3.187-9618&noUDP&sock=2043_e813_3>
...
001 (840062.000.000) 08/15 14:05:04 Job executing on host: <172.20.225.2:9618?addrs=172.20.225.2-9618&noUDP&sock=3424_285d_3>
...
006 (840062.000.000) 08/15 14:05:13 Image size of job updated: 21112
	21  -  MemoryUsage of job (MB)
	21112  -  ResidentSetSize of job (KB)
...
006 (840062.000.000) 08/15 14:10:13 Image size of job updated: 5005132
	4887  -  MemoryUsage of job (MB)
	5003412  -  ResidentSetSize of job (KB)
...
006 (840062.000.000) 08/15 14:15:13 Image size of job updated: 5005132
	4887  -  MemoryUsage of job (MB)
	5003516  -  ResidentSetSize of job (KB)
...
006 (840062.000.000) 08/15 14:20:13 Image size of job updated: 5959892
	5821  -  MemoryUsage of job (MB)
	5959892  -  ResidentSetSize of job (KB)
...
006 (840062.000.000) 08/15 14:25:14 Image size of job updated: 6284036
	6137  -  MemoryUsage of job (MB)
	6283912  -  ResidentSetSize of job (KB)
...
005 (840062.000.000) 08/15 14:27:18 Job terminated.
	(1) Normal termination (return value 0)
		Usr 0 00:22:47, Sys 0 00:00:29  -  Run Remote Usage
		Usr 0 00:00:00, Sys 0 00:00:00  -  Run Local Usage
		Usr 0 00:22:47, Sys 0 00:00:29  -  Total Remote Usage
		Usr 0 00:00:00, Sys 0 00:00:00  -  Total Local Usage
	1225  -  Run Bytes Sent By Job
	400  -  Run Bytes Received By Job
	1225  -  Total Bytes Sent By Job
	400  -  Total Bytes Received By Job
	Partitionable Resources :    Usage  Request Allocated 
	   Cpus                 :     0.99        1         1 
	   Disk (KB)            :   802           1 479786084 
	   Memory (MB)          :  6137        7900      8033 
...
