000 (842961.000.000) 08/15 13:28:34 Job submitted from host: <172.20.3.187:9618?addrs=172.20.3.187-9618&noUDP&sock=2043_e813_3>
...
001 (842961.000.000) 08/15 17:02:04 Job executing on host: <172.20.225.4:9618?addrs=172.20.225.4-9618&noUDP&sock=3366_5fdf_3>
...
006 (842961.000.000) 08/15 17:02:12 Image size of job updated: 21120
	21  -  MemoryUsage of job (MB)
	21120  -  ResidentSetSize of job (KB)
...
006 (842961.000.000) 08/15 17:07:12 Image size of job updated: 5245652
	5123  -  MemoryUsage of job (MB)
	5245652  -  ResidentSetSize of job (KB)
...
006 (842961.000.000) 08/15 17:12:13 Image size of job updated: 5245784
	5123  -  MemoryUsage of job (MB)
	5245784  -  ResidentSetSize of job (KB)
...
006 (842961.000.000) 08/15 17:17:13 Image size of job updated: 6202156
	6057  -  MemoryUsage of job (MB)
	6202156  -  ResidentSetSize of job (KB)
...
006 (842961.000.000) 08/15 17:22:14 Image size of job updated: 6330204
	6182  -  MemoryUsage of job (MB)
	6329368  -  ResidentSetSize of job (KB)
...
006 (842961.000.000) 08/15 17:26:37 Image size of job updated: 6330204
	6182  -  MemoryUsage of job (MB)
	6329384  -  ResidentSetSize of job (KB)
...
005 (842961.000.000) 08/15 17:26:37 Job terminated.
	(1) Normal termination (return value 0)
		Usr 0 00:24:02, Sys 0 00:00:34  -  Run Remote Usage
		Usr 0 00:00:00, Sys 0 00:00:00  -  Run Local Usage
		Usr 0 00:24:02, Sys 0 00:00:34  -  Total Remote Usage
		Usr 0 00:00:00, Sys 0 00:00:00  -  Total Local Usage
	1229  -  Run Bytes Sent By Job
	404  -  Run Bytes Received By Job
	1229  -  Total Bytes Sent By Job
	404  -  Total Bytes Received By Job
	Partitionable Resources :    Usage  Request Allocated 
	   Cpus                 :     0.69        1         1 
	   Disk (KB)            :   802           1 479779449 
	   Memory (MB)          :  6182        7900      8033 
...
