000 (841968.000.000) 08/15 13:27:29 Job submitted from host: <172.20.3.187:9618?addrs=172.20.3.187-9618&noUDP&sock=2043_e813_3>
...
001 (841968.000.000) 08/15 15:59:02 Job executing on host: <172.20.225.5:9618?addrs=172.20.225.5-9618&noUDP&sock=3375_8c39_3>
...
006 (841968.000.000) 08/15 15:59:11 Image size of job updated: 20800
	21  -  MemoryUsage of job (MB)
	20800  -  ResidentSetSize of job (KB)
...
005 (841968.000.000) 08/15 15:59:38 Job terminated.
	(1) Normal termination (return value 1)
		Usr 0 00:00:14, Sys 0 00:00:01  -  Run Remote Usage
		Usr 0 00:00:00, Sys 0 00:00:00  -  Run Local Usage
		Usr 0 00:00:14, Sys 0 00:00:01  -  Total Remote Usage
		Usr 0 00:00:00, Sys 0 00:00:00  -  Total Local Usage
	1435  -  Run Bytes Sent By Job
	394  -  Run Bytes Received By Job
	1435  -  Total Bytes Sent By Job
	394  -  Total Bytes Received By Job
	Partitionable Resources :    Usage  Request Allocated 
	   Cpus                 :     0.06        1         1 
	   Disk (KB)            :   803           1 479749220 
	   Memory (MB)          :    21        7900      8033 
...
000 (846494.000.000) 08/16 03:54:18 Job submitted from host: <172.20.3.187:9618?addrs=172.20.3.187-9618&noUDP&sock=2043_e813_3>
...
001 (846494.000.000) 08/16 05:32:11 Job executing on host: <172.20.225.2:9618?addrs=172.20.225.2-9618&noUDP&sock=3424_285d_3>
...
006 (846494.000.000) 08/16 05:32:19 Image size of job updated: 21116
	21  -  MemoryUsage of job (MB)
	21116  -  ResidentSetSize of job (KB)
...
006 (846494.000.000) 08/16 05:37:19 Image size of job updated: 4961516
	4846  -  MemoryUsage of job (MB)
	4961516  -  ResidentSetSize of job (KB)
...
006 (846494.000.000) 08/16 05:42:20 Image size of job updated: 4961620
	4846  -  MemoryUsage of job (MB)
	4961620  -  ResidentSetSize of job (KB)
...
006 (846494.000.000) 08/16 05:47:21 Image size of job updated: 5918056
	5780  -  MemoryUsage of job (MB)
	5917984  -  ResidentSetSize of job (KB)
...
006 (846494.000.000) 08/16 05:52:21 Image size of job updated: 6104464
	5962  -  MemoryUsage of job (MB)
	6104340  -  ResidentSetSize of job (KB)
...
006 (846494.000.000) 08/16 05:56:03 Image size of job updated: 6104464
	5965  -  MemoryUsage of job (MB)
	6107168  -  ResidentSetSize of job (KB)
...
005 (846494.000.000) 08/16 05:56:03 Job terminated.
	(1) Normal termination (return value 0)
		Usr 0 00:22:46, Sys 0 00:00:31  -  Run Remote Usage
		Usr 0 00:00:00, Sys 0 00:00:00  -  Run Local Usage
		Usr 0 00:22:46, Sys 0 00:00:31  -  Total Remote Usage
		Usr 0 00:00:00, Sys 0 00:00:00  -  Total Local Usage
	1217  -  Run Bytes Sent By Job
	394  -  Run Bytes Received By Job
	1217  -  Total Bytes Sent By Job
	394  -  Total Bytes Received By Job
	Partitionable Resources :    Usage  Request Allocated 
	   Cpus                 :     0.70        1         1 
	   Disk (KB)            :   802           1 479786084 
	   Memory (MB)          :  5965        7900      8033 
...
