000 (840220.000.000) 08/15 13:25:36 Job submitted from host: <172.20.3.187:9618?addrs=172.20.3.187-9618&noUDP&sock=2043_e813_3>
...
001 (840220.000.000) 08/15 14:24:00 Job executing on host: <172.20.225.1:9618?addrs=172.20.225.1-9618&noUDP&sock=3382_5963_3>
...
006 (840220.000.000) 08/15 14:24:09 Image size of job updated: 21120
	21  -  MemoryUsage of job (MB)
	21120  -  ResidentSetSize of job (KB)
...
006 (840220.000.000) 08/15 14:29:10 Image size of job updated: 5055708
	4938  -  MemoryUsage of job (MB)
	5055708  -  ResidentSetSize of job (KB)
...
006 (840220.000.000) 08/15 14:34:11 Image size of job updated: 6011876
	5871  -  MemoryUsage of job (MB)
	6011876  -  ResidentSetSize of job (KB)
...
006 (840220.000.000) 08/15 14:39:12 Image size of job updated: 6012192
	5872  -  MemoryUsage of job (MB)
	6012192  -  ResidentSetSize of job (KB)
...
006 (840220.000.000) 08/15 14:44:12 Image size of job updated: 6408548
	6259  -  MemoryUsage of job (MB)
	6408548  -  ResidentSetSize of job (KB)
...
006 (840220.000.000) 08/15 14:46:04 Image size of job updated: 6408548
	6259  -  MemoryUsage of job (MB)
	6408552  -  ResidentSetSize of job (KB)
...
005 (840220.000.000) 08/15 14:46:04 Job terminated.
	(1) Normal termination (return value 0)
		Usr 0 00:22:31, Sys 0 00:00:33  -  Run Remote Usage
		Usr 0 00:00:00, Sys 0 00:00:00  -  Run Local Usage
		Usr 0 00:22:31, Sys 0 00:00:33  -  Total Remote Usage
		Usr 0 00:00:00, Sys 0 00:00:00  -  Total Local Usage
	1229  -  Run Bytes Sent By Job
	404  -  Run Bytes Received By Job
	1229  -  Total Bytes Sent By Job
	404  -  Total Bytes Received By Job
	Partitionable Resources :    Usage  Request Allocated 
	   Cpus                 :     0.46        1         1 
	   Disk (KB)            :   802           1 479786105 
	   Memory (MB)          :  6259        7900      8033 
...
