000 (838250.000.000) 08/15 12:25:01 Job submitted from host: <172.20.3.187:9618?addrs=172.20.3.187-9618&noUDP&sock=2043_e813_3>
...
001 (838250.000.000) 08/15 12:41:16 Job executing on host: <172.20.225.2:9618?addrs=172.20.225.2-9618&noUDP&sock=3424_285d_3>
...
006 (838250.000.000) 08/15 12:41:24 Image size of job updated: 21112
	21  -  MemoryUsage of job (MB)
	21112  -  ResidentSetSize of job (KB)
...
006 (838250.000.000) 08/15 12:46:25 Image size of job updated: 18503412
	18070  -  MemoryUsage of job (MB)
	18503408  -  ResidentSetSize of job (KB)
...
005 (838250.000.000) 08/15 12:47:50 Job terminated.
	(1) Normal termination (return value 137)
		Usr 0 00:05:02, Sys 0 00:00:57  -  Run Remote Usage
		Usr 0 00:00:00, Sys 0 00:00:00  -  Run Local Usage
		Usr 0 00:05:02, Sys 0 00:00:57  -  Total Remote Usage
		Usr 0 00:00:00, Sys 0 00:00:00  -  Total Local Usage
	1392  -  Run Bytes Sent By Job
	405  -  Run Bytes Received By Job
	1392  -  Total Bytes Sent By Job
	405  -  Total Bytes Received By Job
	Partitionable Resources :    Usage  Request Allocated 
	   Cpus                 :     0.96        1         1 
	   Disk (KB)            :   803           1 479786084 
	   Memory (MB)          : 18070        7900      8033 
...
000 (842151.000.000) 08/15 13:27:41 Job submitted from host: <172.20.3.187:9618?addrs=172.20.3.187-9618&noUDP&sock=2043_e813_3>
...
001 (842151.000.000) 08/15 16:03:37 Job executing on host: <172.20.225.1:9618?addrs=172.20.225.1-9618&noUDP&sock=3382_5963_3>
...
006 (842151.000.000) 08/15 16:03:47 Image size of job updated: 21104
	21  -  MemoryUsage of job (MB)
	21104  -  ResidentSetSize of job (KB)
...
006 (842151.000.000) 08/15 16:08:47 Image size of job updated: 4935728
	4820  -  MemoryUsage of job (MB)
	4935260  -  ResidentSetSize of job (KB)
...
006 (842151.000.000) 08/15 16:13:48 Image size of job updated: 4935828
	4820  -  MemoryUsage of job (MB)
	4935360  -  ResidentSetSize of job (KB)
...
006 (842151.000.000) 08/15 16:18:49 Image size of job updated: 5892196
	5754  -  MemoryUsage of job (MB)
	5891728  -  ResidentSetSize of job (KB)
...
006 (842151.000.000) 08/15 16:23:50 Image size of job updated: 6478028
	6327  -  MemoryUsage of job (MB)
	6477892  -  ResidentSetSize of job (KB)
...
005 (842151.000.000) 08/15 16:26:04 Job terminated.
	(1) Normal termination (return value 0)
		Usr 0 00:23:19, Sys 0 00:00:30  -  Run Remote Usage
		Usr 0 00:00:00, Sys 0 00:00:00  -  Run Local Usage
		Usr 0 00:23:19, Sys 0 00:00:30  -  Total Remote Usage
		Usr 0 00:00:00, Sys 0 00:00:00  -  Total Local Usage
	1227  -  Run Bytes Sent By Job
	405  -  Run Bytes Received By Job
	1227  -  Total Bytes Sent By Job
	405  -  Total Bytes Received By Job
	Partitionable Resources :    Usage  Request Allocated 
	   Cpus                 :     0.02        1         1 
	   Disk (KB)            :   803           1 479786105 
	   Memory (MB)          :  6327        7900      8033 
...
