000 (840368.000.000) 08/15 13:25:46 Job submitted from host: <172.20.3.187:9618?addrs=172.20.3.187-9618&noUDP&sock=2043_e813_3>
...
001 (840368.000.000) 08/15 14:32:57 Job executing on host: <172.20.225.8:9618?addrs=172.20.225.8-9618&noUDP&sock=3440_21e1_3>
...
006 (840368.000.000) 08/15 14:33:06 Image size of job updated: 20788
	21  -  MemoryUsage of job (MB)
	20788  -  ResidentSetSize of job (KB)
...
006 (840368.000.000) 08/15 14:38:07 Image size of job updated: 5055352
	4937  -  MemoryUsage of job (MB)
	5055352  -  ResidentSetSize of job (KB)
...
006 (840368.000.000) 08/15 14:43:08 Image size of job updated: 5055480
	4937  -  MemoryUsage of job (MB)
	5055480  -  ResidentSetSize of job (KB)
...
006 (840368.000.000) 08/15 14:48:08 Image size of job updated: 6011844
	5871  -  MemoryUsage of job (MB)
	6011844  -  ResidentSetSize of job (KB)
...
006 (840368.000.000) 08/15 14:53:08 Image size of job updated: 6311636
	6150  -  MemoryUsage of job (MB)
	6296688  -  ResidentSetSize of job (KB)
...
005 (840368.000.000) 08/15 14:54:56 Job terminated.
	(1) Normal termination (return value 0)
		Usr 0 00:22:54, Sys 0 00:00:31  -  Run Remote Usage
		Usr 0 00:00:00, Sys 0 00:00:00  -  Run Local Usage
		Usr 0 00:22:54, Sys 0 00:00:31  -  Total Remote Usage
		Usr 0 00:00:00, Sys 0 00:00:00  -  Total Local Usage
	1229  -  Run Bytes Sent By Job
	404  -  Run Bytes Received By Job
	1229  -  Total Bytes Sent By Job
	404  -  Total Bytes Received By Job
	Partitionable Resources :    Usage  Request Allocated 
	   Cpus                 :     0.51        1         1 
	   Disk (KB)            :   803           1 479737977 
	   Memory (MB)          :  6150        7900      8033 
...
