000 (837711.000.000) 08/15 12:24:25 Job submitted from host: <172.20.3.187:9618?addrs=172.20.3.187-9618&noUDP&sock=2043_e813_3>
...
001 (837711.000.000) 08/15 12:34:00 Job executing on host: <172.20.225.4:9618?addrs=172.20.225.4-9618&noUDP&sock=3366_5fdf_3>
...
006 (837711.000.000) 08/15 12:34:08 Image size of job updated: 21112
	21  -  MemoryUsage of job (MB)
	21112  -  ResidentSetSize of job (KB)
...
006 (837711.000.000) 08/15 12:34:41 Image size of job updated: 34460
	21  -  MemoryUsage of job (MB)
	21112  -  ResidentSetSize of job (KB)
...
005 (837711.000.000) 08/15 12:34:41 Job terminated.
	(1) Normal termination (return value 1)
		Usr 0 00:00:17, Sys 0 00:00:01  -  Run Remote Usage
		Usr 0 00:00:00, Sys 0 00:00:00  -  Run Local Usage
		Usr 0 00:00:17, Sys 0 00:00:01  -  Total Remote Usage
		Usr 0 00:00:00, Sys 0 00:00:00  -  Total Local Usage
	1437  -  Run Bytes Sent By Job
	392  -  Run Bytes Received By Job
	1437  -  Total Bytes Sent By Job
	392  -  Total Bytes Received By Job
	Partitionable Resources :    Usage  Request Allocated 
	   Cpus                 :        0        1         1 
	   Disk (KB)            :      802        1 479779449 
	   Memory (MB)          :       21     7900      8033 
...
000 (839534.000.000) 08/15 13:24:52 Job submitted from host: <172.20.3.187:9618?addrs=172.20.3.187-9618&noUDP&sock=2043_e813_3>
...
001 (839534.000.000) 08/15 13:40:21 Job executing on host: <172.20.225.2:9618?addrs=172.20.225.2-9618&noUDP&sock=3424_285d_3>
...
006 (839534.000.000) 08/15 13:40:30 Image size of job updated: 21120
	21  -  MemoryUsage of job (MB)
	21120  -  ResidentSetSize of job (KB)
...
005 (839534.000.000) 08/15 13:41:19 Job terminated.
	(1) Normal termination (return value 1)
		Usr 0 00:00:10, Sys 0 00:00:01  -  Run Remote Usage
		Usr 0 00:00:00, Sys 0 00:00:00  -  Run Local Usage
		Usr 0 00:00:10, Sys 0 00:00:01  -  Total Remote Usage
		Usr 0 00:00:00, Sys 0 00:00:00  -  Total Local Usage
	1435  -  Run Bytes Sent By Job
	392  -  Run Bytes Received By Job
	1435  -  Total Bytes Sent By Job
	392  -  Total Bytes Received By Job
	Partitionable Resources :    Usage  Request Allocated 
	   Cpus                 :     0.53        1         1 
	   Disk (KB)            :   803           1 479786084 
	   Memory (MB)          :    21        7900      8033 
...
000 (845625.000.000) 08/16 03:53:22 Job submitted from host: <172.20.3.187:9618?addrs=172.20.3.187-9618&noUDP&sock=2043_e813_3>
...
001 (845625.000.000) 08/16 04:18:15 Job executing on host: <172.20.225.5:9618?addrs=172.20.225.5-9618&noUDP&sock=3375_8c39_3>
...
006 (845625.000.000) 08/16 04:18:23 Image size of job updated: 21104
	21  -  MemoryUsage of job (MB)
	21104  -  ResidentSetSize of job (KB)
...
006 (845625.000.000) 08/16 04:23:23 Image size of job updated: 4957604
	4835  -  MemoryUsage of job (MB)
	4950140  -  ResidentSetSize of job (KB)
...
006 (845625.000.000) 08/16 04:28:24 Image size of job updated: 4957604
	4835  -  MemoryUsage of job (MB)
	4950240  -  ResidentSetSize of job (KB)
...
006 (845625.000.000) 08/16 04:33:25 Image size of job updated: 5906608
	5769  -  MemoryUsage of job (MB)
	5906608  -  ResidentSetSize of job (KB)
...
006 (845625.000.000) 08/16 04:38:25 Image size of job updated: 6012528
	5872  -  MemoryUsage of job (MB)
	6012528  -  ResidentSetSize of job (KB)
...
006 (845625.000.000) 08/16 04:40:56 Image size of job updated: 17275632
	5872  -  MemoryUsage of job (MB)
	6012548  -  ResidentSetSize of job (KB)
...
005 (845625.000.000) 08/16 04:40:57 Job terminated.
	(1) Normal termination (return value 0)
		Usr 0 00:21:51, Sys 0 00:00:31  -  Run Remote Usage
		Usr 0 00:00:00, Sys 0 00:00:00  -  Run Local Usage
		Usr 0 00:21:51, Sys 0 00:00:31  -  Total Remote Usage
		Usr 0 00:00:00, Sys 0 00:00:00  -  Total Local Usage
	1215  -  Run Bytes Sent By Job
	392  -  Run Bytes Received By Job
	1215  -  Total Bytes Sent By Job
	392  -  Total Bytes Received By Job
	Partitionable Resources :    Usage  Request Allocated 
	   Cpus                 :     1.31        1         1 
	   Disk (KB)            :   802           1 479749220 
	   Memory (MB)          :  5872        7900      8033 
...
