000 (837872.000.000) 08/15 12:24:36 Job submitted from host: <172.20.3.187:9618?addrs=172.20.3.187-9618&noUDP&sock=2043_e813_3>
...
001 (837872.000.000) 08/15 12:34:59 Job executing on host: <172.20.225.8:9618?addrs=172.20.225.8-9618&noUDP&sock=3440_21e1_3>
...
006 (837872.000.000) 08/15 12:35:08 Image size of job updated: 21124
	21  -  MemoryUsage of job (MB)
	21124  -  ResidentSetSize of job (KB)
...
006 (837872.000.000) 08/15 12:39:40 Image size of job updated: 2819704
	21  -  MemoryUsage of job (MB)
	21124  -  ResidentSetSize of job (KB)
...
005 (837872.000.000) 08/15 12:39:40 Job terminated.
	(1) Normal termination (return value 1)
		Usr 0 00:03:13, Sys 0 00:00:51  -  Run Remote Usage
		Usr 0 00:00:00, Sys 0 00:00:00  -  Run Local Usage
		Usr 0 00:03:13, Sys 0 00:00:51  -  Total Remote Usage
		Usr 0 00:00:00, Sys 0 00:00:00  -  Total Local Usage
	2461  -  Run Bytes Sent By Job
	403  -  Run Bytes Received By Job
	2461  -  Total Bytes Sent By Job
	403  -  Total Bytes Received By Job
	Partitionable Resources :    Usage  Request Allocated 
	   Cpus                 :     0.52        1         1 
	   Disk (KB)            :   804           1 479737977 
	   Memory (MB)          :    21        7900      8033 
...
000 (840168.000.000) 08/15 13:25:33 Job submitted from host: <172.20.3.187:9618?addrs=172.20.3.187-9618&noUDP&sock=2043_e813_3>
...
001 (840168.000.000) 08/15 14:19:59 Job executing on host: <172.20.225.2:9618?addrs=172.20.225.2-9618&noUDP&sock=3424_285d_3>
...
006 (840168.000.000) 08/15 14:20:08 Image size of job updated: 21112
	21  -  MemoryUsage of job (MB)
	21112  -  ResidentSetSize of job (KB)
...
006 (840168.000.000) 08/15 14:25:09 Image size of job updated: 5055404
	4937  -  MemoryUsage of job (MB)
	5055404  -  ResidentSetSize of job (KB)
...
006 (840168.000.000) 08/15 14:30:10 Image size of job updated: 6011580
	5871  -  MemoryUsage of job (MB)
	6011580  -  ResidentSetSize of job (KB)
...
006 (840168.000.000) 08/15 14:35:11 Image size of job updated: 6012972
	5873  -  MemoryUsage of job (MB)
	6012972  -  ResidentSetSize of job (KB)
...
006 (840168.000.000) 08/15 14:40:11 Image size of job updated: 6634324
	6479  -  MemoryUsage of job (MB)
	6634228  -  ResidentSetSize of job (KB)
...
005 (840168.000.000) 08/15 14:40:43 Job terminated.
	(1) Normal termination (return value 0)
		Usr 0 00:22:37, Sys 0 00:00:31  -  Run Remote Usage
		Usr 0 00:00:00, Sys 0 00:00:00  -  Run Local Usage
		Usr 0 00:22:37, Sys 0 00:00:31  -  Total Remote Usage
		Usr 0 00:00:00, Sys 0 00:00:00  -  Total Local Usage
	1226  -  Run Bytes Sent By Job
	403  -  Run Bytes Received By Job
	1226  -  Total Bytes Sent By Job
	403  -  Total Bytes Received By Job
	Partitionable Resources :    Usage  Request Allocated 
	   Cpus                 :     0.61        1         1 
	   Disk (KB)            :   802           1 479786084 
	   Memory (MB)          :  6479        7900      8033 
...
