000 (838416.000.000) 08/15 12:25:12 Job submitted from host: <172.20.3.187:9618?addrs=172.20.3.187-9618&noUDP&sock=2043_e813_3>
...
001 (838416.000.000) 08/15 12:43:58 Job executing on host: <172.20.225.4:9618?addrs=172.20.225.4-9618&noUDP&sock=3366_5fdf_3>
...
006 (838416.000.000) 08/15 12:44:08 Image size of job updated: 21112
	21  -  MemoryUsage of job (MB)
	21112  -  ResidentSetSize of job (KB)
...
006 (838416.000.000) 08/15 12:49:08 Image size of job updated: 17666092
	17253  -  MemoryUsage of job (MB)
	17666064  -  ResidentSetSize of job (KB)
...
005 (838416.000.000) 08/15 12:53:26 Job terminated.
	(1) Normal termination (return value 137)
		Usr 0 00:08:41, Sys 0 00:01:16  -  Run Remote Usage
		Usr 0 00:00:00, Sys 0 00:00:00  -  Run Local Usage
		Usr 0 00:08:41, Sys 0 00:01:16  -  Total Remote Usage
		Usr 0 00:00:00, Sys 0 00:00:00  -  Total Local Usage
	1390  -  Run Bytes Sent By Job
	403  -  Run Bytes Received By Job
	1390  -  Total Bytes Sent By Job
	403  -  Total Bytes Received By Job
	Partitionable Resources :    Usage  Request Allocated 
	   Cpus                 :     0.82        1         1 
	   Disk (KB)            :   803           1 479779449 
	   Memory (MB)          : 17253        7900      8033 
...
000 (842731.000.000) 08/15 13:28:19 Job submitted from host: <172.20.3.187:9618?addrs=172.20.3.187-9618&noUDP&sock=2043_e813_3>
...
001 (842731.000.000) 08/15 16:44:00 Job executing on host: <172.20.225.4:9618?addrs=172.20.225.4-9618&noUDP&sock=3366_5fdf_3>
...
006 (842731.000.000) 08/15 16:44:08 Image size of job updated: 21120
	21  -  MemoryUsage of job (MB)
	21120  -  ResidentSetSize of job (KB)
...
006 (842731.000.000) 08/15 16:49:09 Image size of job updated: 5245784
	5123  -  MemoryUsage of job (MB)
	5245784  -  ResidentSetSize of job (KB)
...
006 (842731.000.000) 08/15 16:54:09 Image size of job updated: 6201952
	6057  -  MemoryUsage of job (MB)
	6201952  -  ResidentSetSize of job (KB)
...
006 (842731.000.000) 08/15 16:59:09 Image size of job updated: 6203344
	6058  -  MemoryUsage of job (MB)
	6203344  -  ResidentSetSize of job (KB)
...
006 (842731.000.000) 08/15 17:04:10 Image size of job updated: 6794724
	6635  -  MemoryUsage of job (MB)
	6794196  -  ResidentSetSize of job (KB)
...
006 (842731.000.000) 08/15 17:05:23 Image size of job updated: 6794932
	6635  -  MemoryUsage of job (MB)
	6794196  -  ResidentSetSize of job (KB)
...
005 (842731.000.000) 08/15 17:05:23 Job terminated.
	(1) Normal termination (return value 0)
		Usr 0 00:22:37, Sys 0 00:00:32  -  Run Remote Usage
		Usr 0 00:00:00, Sys 0 00:00:00  -  Run Local Usage
		Usr 0 00:22:37, Sys 0 00:00:32  -  Total Remote Usage
		Usr 0 00:00:00, Sys 0 00:00:00  -  Total Local Usage
	1226  -  Run Bytes Sent By Job
	403  -  Run Bytes Received By Job
	1226  -  Total Bytes Sent By Job
	403  -  Total Bytes Received By Job
	Partitionable Resources :    Usage  Request Allocated 
	   Cpus                 :     0.48        1         1 
	   Disk (KB)            :   802           1 479779449 
	   Memory (MB)          :  6635        7900      8033 
...
