000 (839682.000.000) 08/15 13:25:01 Job submitted from host: <172.20.3.187:9618?addrs=172.20.3.187-9618&noUDP&sock=2043_e813_3>
...
001 (839682.000.000) 08/15 13:41:57 Job executing on host: <172.20.225.6:9618?addrs=172.20.225.6-9618&noUDP&sock=3382_5963_3>
...
006 (839682.000.000) 08/15 13:42:05 Image size of job updated: 21116
	21  -  MemoryUsage of job (MB)
	21116  -  ResidentSetSize of job (KB)
...
006 (839682.000.000) 08/15 13:47:05 Image size of job updated: 4943244
	4828  -  MemoryUsage of job (MB)
	4943244  -  ResidentSetSize of job (KB)
...
006 (839682.000.000) 08/15 13:52:06 Image size of job updated: 4943344
	4828  -  MemoryUsage of job (MB)
	4943344  -  ResidentSetSize of job (KB)
...
006 (839682.000.000) 08/15 13:57:06 Image size of job updated: 5899724
	5762  -  MemoryUsage of job (MB)
	5899724  -  ResidentSetSize of job (KB)
...
006 (839682.000.000) 08/15 14:02:07 Image size of job updated: 6426696
	6275  -  MemoryUsage of job (MB)
	6424896  -  ResidentSetSize of job (KB)
...
006 (839682.000.000) 08/15 14:03:54 Image size of job updated: 6426696
	6276  -  MemoryUsage of job (MB)
	6425680  -  ResidentSetSize of job (KB)
...
005 (839682.000.000) 08/15 14:03:54 Job terminated.
	(1) Normal termination (return value 0)
		Usr 0 00:23:09, Sys 0 00:00:30  -  Run Remote Usage
		Usr 0 00:00:00, Sys 0 00:00:00  -  Run Local Usage
		Usr 0 00:23:09, Sys 0 00:00:30  -  Total Remote Usage
		Usr 0 00:00:00, Sys 0 00:00:00  -  Total Local Usage
	1212  -  Run Bytes Sent By Job
	390  -  Run Bytes Received By Job
	1212  -  Total Bytes Sent By Job
	390  -  Total Bytes Received By Job
	Partitionable Resources :    Usage  Request Allocated 
	   Cpus                 :     0.64        1         1 
	   Disk (KB)            :   802           1 479749220 
	   Memory (MB)          :  6276        7900      8033 
...
