000 (839713.000.000) 08/15 13:25:03 Job submitted from host: <172.20.3.187:9618?addrs=172.20.3.187-9618&noUDP&sock=2043_e813_3>
...
001 (839713.000.000) 08/15 13:42:35 Job executing on host: <172.20.225.8:9618?addrs=172.20.225.8-9618&noUDP&sock=3440_21e1_3>
...
006 (839713.000.000) 08/15 13:42:43 Image size of job updated: 21112
	21  -  MemoryUsage of job (MB)
	21112  -  ResidentSetSize of job (KB)
...
006 (839713.000.000) 08/15 13:47:43 Image size of job updated: 4942932
	4828  -  MemoryUsage of job (MB)
	4942932  -  ResidentSetSize of job (KB)
...
006 (839713.000.000) 08/15 13:52:44 Image size of job updated: 4943032
	4828  -  MemoryUsage of job (MB)
	4943032  -  ResidentSetSize of job (KB)
...
006 (839713.000.000) 08/15 13:57:45 Image size of job updated: 5899412
	5762  -  MemoryUsage of job (MB)
	5899412  -  ResidentSetSize of job (KB)
...
006 (839713.000.000) 08/15 14:02:45 Image size of job updated: 6313480
	6166  -  MemoryUsage of job (MB)
	6313448  -  ResidentSetSize of job (KB)
...
006 (839713.000.000) 08/15 14:05:17 Image size of job updated: 11530048
	6166  -  MemoryUsage of job (MB)
	6313448  -  ResidentSetSize of job (KB)
...
005 (839713.000.000) 08/15 14:05:17 Job terminated.
	(1) Normal termination (return value 0)
		Usr 0 00:23:28, Sys 0 00:00:32  -  Run Remote Usage
		Usr 0 00:00:00, Sys 0 00:00:00  -  Run Local Usage
		Usr 0 00:23:28, Sys 0 00:00:32  -  Total Remote Usage
		Usr 0 00:00:00, Sys 0 00:00:00  -  Total Local Usage
	1212  -  Run Bytes Sent By Job
	390  -  Run Bytes Received By Job
	1212  -  Total Bytes Sent By Job
	390  -  Total Bytes Received By Job
	Partitionable Resources :    Usage  Request Allocated 
	   Cpus                 :     0.74        1         1 
	   Disk (KB)            :   803           1 479737977 
	   Memory (MB)          :  6166        7900      8033 
...
