000 (840381.000.000) 08/15 13:25:47 Job submitted from host: <172.20.3.187:9618?addrs=172.20.3.187-9618&noUDP&sock=2043_e813_3>
...
001 (840381.000.000) 08/15 14:34:58 Job executing on host: <172.20.225.1:9618?addrs=172.20.225.1-9618&noUDP&sock=3382_5963_3>
...
006 (840381.000.000) 08/15 14:35:06 Image size of job updated: 21128
	21  -  MemoryUsage of job (MB)
	21128  -  ResidentSetSize of job (KB)
...
006 (840381.000.000) 08/15 14:40:07 Image size of job updated: 5055496
	4938  -  MemoryUsage of job (MB)
	5055496  -  ResidentSetSize of job (KB)
...
006 (840381.000.000) 08/15 14:45:07 Image size of job updated: 5055600
	4938  -  MemoryUsage of job (MB)
	5055600  -  ResidentSetSize of job (KB)
...
006 (840381.000.000) 08/15 14:50:07 Image size of job updated: 6013060
	5873  -  MemoryUsage of job (MB)
	6013060  -  ResidentSetSize of job (KB)
...
006 (840381.000.000) 08/15 14:55:08 Image size of job updated: 6609600
	6455  -  MemoryUsage of job (MB)
	6609280  -  ResidentSetSize of job (KB)
...
005 (840381.000.000) 08/15 14:55:23 Job terminated.
	(1) Normal termination (return value 0)
		Usr 0 00:22:44, Sys 0 00:00:30  -  Run Remote Usage
		Usr 0 00:00:00, Sys 0 00:00:00  -  Run Local Usage
		Usr 0 00:22:44, Sys 0 00:00:30  -  Total Remote Usage
		Usr 0 00:00:00, Sys 0 00:00:00  -  Total Local Usage
	1229  -  Run Bytes Sent By Job
	404  -  Run Bytes Received By Job
	1229  -  Total Bytes Sent By Job
	404  -  Total Bytes Received By Job
	Partitionable Resources :    Usage  Request Allocated 
	   Cpus                 :     0.67        1         1 
	   Disk (KB)            :   802           1 479786105 
	   Memory (MB)          :  6455        7900      8033 
...
