000 (842940.000.000) 08/15 13:28:32 Job submitted from host: <172.20.3.187:9618?addrs=172.20.3.187-9618&noUDP&sock=2043_e813_3>
...
001 (842940.000.000) 08/15 17:00:01 Job executing on host: <172.20.225.5:9618?addrs=172.20.225.5-9618&noUDP&sock=3375_8c39_3>
...
006 (842940.000.000) 08/15 17:00:10 Image size of job updated: 21116
	21  -  MemoryUsage of job (MB)
	21116  -  ResidentSetSize of job (KB)
...
006 (842940.000.000) 08/15 17:05:12 Image size of job updated: 5245668
	5123  -  MemoryUsage of job (MB)
	5245668  -  ResidentSetSize of job (KB)
...
006 (842940.000.000) 08/15 17:10:12 Image size of job updated: 6201952
	6057  -  MemoryUsage of job (MB)
	6201952  -  ResidentSetSize of job (KB)
...
006 (842940.000.000) 08/15 17:15:13 Image size of job updated: 6666540
	6511  -  MemoryUsage of job (MB)
	6666540  -  ResidentSetSize of job (KB)
...
005 (842940.000.000) 08/15 17:16:27 Job terminated.
	(1) Normal termination (return value 0)
		Usr 0 00:23:46, Sys 0 00:00:35  -  Run Remote Usage
		Usr 0 00:00:00, Sys 0 00:00:00  -  Run Local Usage
		Usr 0 00:23:46, Sys 0 00:00:35  -  Total Remote Usage
		Usr 0 00:00:00, Sys 0 00:00:00  -  Total Local Usage
	1229  -  Run Bytes Sent By Job
	404  -  Run Bytes Received By Job
	1229  -  Total Bytes Sent By Job
	404  -  Total Bytes Received By Job
	Partitionable Resources :    Usage  Request Allocated 
	   Cpus                 :     0.98        1         1 
	   Disk (KB)            :   802           1 479749220 
	   Memory (MB)          :  6511        7900      8033 
...
