000 (843414.000.000) 08/15 13:29:04 Job submitted from host: <172.20.3.187:9618?addrs=172.20.3.187-9618&noUDP&sock=2043_e813_3>
...
001 (843414.000.000) 08/15 17:42:01 Job executing on host: <172.20.225.2:9618?addrs=172.20.225.2-9618&noUDP&sock=3424_285d_3>
...
006 (843414.000.000) 08/15 17:42:09 Image size of job updated: 21112
	21  -  MemoryUsage of job (MB)
	21112  -  ResidentSetSize of job (KB)
...
006 (843414.000.000) 08/15 17:47:09 Image size of job updated: 4931356
	4816  -  MemoryUsage of job (MB)
	4931356  -  ResidentSetSize of job (KB)
...
006 (843414.000.000) 08/15 17:52:10 Image size of job updated: 5887524
	5750  -  MemoryUsage of job (MB)
	5887524  -  ResidentSetSize of job (KB)
...
006 (843414.000.000) 08/15 17:57:12 Image size of job updated: 5888924
	5751  -  MemoryUsage of job (MB)
	5888924  -  ResidentSetSize of job (KB)
...
006 (843414.000.000) 08/15 18:02:11 Image size of job updated: 6522556
	6370  -  MemoryUsage of job (MB)
	6522500  -  ResidentSetSize of job (KB)
...
005 (843414.000.000) 08/15 18:03:19 Job terminated.
	(1) Normal termination (return value 0)
		Usr 0 00:22:59, Sys 0 00:00:31  -  Run Remote Usage
		Usr 0 00:00:00, Sys 0 00:00:00  -  Run Local Usage
		Usr 0 00:22:59, Sys 0 00:00:31  -  Total Remote Usage
		Usr 0 00:00:00, Sys 0 00:00:00  -  Total Local Usage
	1227  -  Run Bytes Sent By Job
	405  -  Run Bytes Received By Job
	1227  -  Total Bytes Sent By Job
	405  -  Total Bytes Received By Job
	Partitionable Resources :    Usage  Request Allocated 
	   Cpus                 :     0.71        1         1 
	   Disk (KB)            :   802           1 479786084 
	   Memory (MB)          :  6370        7900      8033 
...
