000 (838034.000.000) 08/15 12:24:47 Job submitted from host: <172.20.3.187:9618?addrs=172.20.3.187-9618&noUDP&sock=2043_e813_3>
...
001 (838034.000.000) 08/15 12:37:25 Job executing on host: <172.20.225.2:9618?addrs=172.20.225.2-9618&noUDP&sock=3424_285d_3>
...
006 (838034.000.000) 08/15 12:37:33 Image size of job updated: 21108
	21  -  MemoryUsage of job (MB)
	21108  -  ResidentSetSize of job (KB)
...
006 (838034.000.000) 08/15 12:42:34 Image size of job updated: 19473976
	19018  -  MemoryUsage of job (MB)
	19473496  -  ResidentSetSize of job (KB)
...
005 (838034.000.000) 08/15 12:46:43 Job terminated.
	(1) Normal termination (return value 137)
		Usr 0 00:08:37, Sys 0 00:01:18  -  Run Remote Usage
		Usr 0 00:00:00, Sys 0 00:00:00  -  Run Local Usage
		Usr 0 00:08:37, Sys 0 00:01:18  -  Total Remote Usage
		Usr 0 00:00:00, Sys 0 00:00:00  -  Total Local Usage
	1379  -  Run Bytes Sent By Job
	392  -  Run Bytes Received By Job
	1379  -  Total Bytes Sent By Job
	392  -  Total Bytes Received By Job
	Partitionable Resources :    Usage  Request Allocated 
	   Cpus                 :     1.81        1         1 
	   Disk (KB)            :   803           1 479786084 
	   Memory (MB)          : 19018        7900      8033 
...
000 (841146.000.000) 08/15 13:26:36 Job submitted from host: <172.20.3.187:9618?addrs=172.20.3.187-9618&noUDP&sock=2043_e813_3>
...
001 (841146.000.000) 08/15 14:56:09 Job executing on host: <172.20.225.2:9618?addrs=172.20.225.2-9618&noUDP&sock=3424_285d_3>
...
006 (841146.000.000) 08/15 14:56:18 Image size of job updated: 21116
	21  -  MemoryUsage of job (MB)
	21116  -  ResidentSetSize of job (KB)
...
006 (841146.000.000) 08/15 15:01:19 Image size of job updated: 4940712
	4825  -  MemoryUsage of job (MB)
	4940712  -  ResidentSetSize of job (KB)
...
006 (841146.000.000) 08/15 15:06:20 Image size of job updated: 5896880
	5759  -  MemoryUsage of job (MB)
	5896880  -  ResidentSetSize of job (KB)
...
006 (841146.000.000) 08/15 15:11:20 Image size of job updated: 5898276
	5761  -  MemoryUsage of job (MB)
	5898276  -  ResidentSetSize of job (KB)
...
006 (841146.000.000) 08/15 15:16:20 Image size of job updated: 6453020
	6302  -  MemoryUsage of job (MB)
	6452596  -  ResidentSetSize of job (KB)
...
005 (841146.000.000) 08/15 15:17:00 Job terminated.
	(1) Normal termination (return value 0)
		Usr 0 00:22:21, Sys 0 00:00:29  -  Run Remote Usage
		Usr 0 00:00:00, Sys 0 00:00:00  -  Run Local Usage
		Usr 0 00:22:21, Sys 0 00:00:29  -  Total Remote Usage
		Usr 0 00:00:00, Sys 0 00:00:00  -  Total Local Usage
	1212  -  Run Bytes Sent By Job
	392  -  Run Bytes Received By Job
	1212  -  Total Bytes Sent By Job
	392  -  Total Bytes Received By Job
	Partitionable Resources :    Usage  Request Allocated 
	   Cpus                 :     0.62        1         1 
	   Disk (KB)            :   803           1 479786084 
	   Memory (MB)          :  6302        7900      8033 
...
