000 (844933.000.000) 08/15 13:30:45 Job submitted from host: <172.20.3.187:9618?addrs=172.20.3.187-9618&noUDP&sock=2043_e813_3>
...
001 (844933.000.000) 08/15 19:12:01 Job executing on host: <172.20.225.4:9618?addrs=172.20.225.4-9618&noUDP&sock=3366_5fdf_3>
...
006 (844933.000.000) 08/15 19:12:11 Image size of job updated: 21124
	21  -  MemoryUsage of job (MB)
	21124  -  ResidentSetSize of job (KB)
...
006 (844933.000.000) 08/15 19:17:11 Image size of job updated: 5302776
	5179  -  MemoryUsage of job (MB)
	5302776  -  ResidentSetSize of job (KB)
...
006 (844933.000.000) 08/15 19:22:12 Image size of job updated: 5302912
	5179  -  MemoryUsage of job (MB)
	5302912  -  ResidentSetSize of job (KB)
...
006 (844933.000.000) 08/15 19:27:13 Image size of job updated: 6259284
	6113  -  MemoryUsage of job (MB)
	6259284  -  ResidentSetSize of job (KB)
...
006 (844933.000.000) 08/15 19:32:13 Image size of job updated: 6890920
	6730  -  MemoryUsage of job (MB)
	6890920  -  ResidentSetSize of job (KB)
...
005 (844933.000.000) 08/15 19:32:39 Job terminated.
	(1) Normal termination (return value 0)
		Usr 0 00:23:24, Sys 0 00:00:31  -  Run Remote Usage
		Usr 0 00:00:00, Sys 0 00:00:00  -  Run Local Usage
		Usr 0 00:23:24, Sys 0 00:00:31  -  Total Remote Usage
		Usr 0 00:00:00, Sys 0 00:00:00  -  Total Local Usage
	1229  -  Run Bytes Sent By Job
	404  -  Run Bytes Received By Job
	1229  -  Total Bytes Sent By Job
	404  -  Total Bytes Received By Job
	Partitionable Resources :    Usage  Request Allocated 
	   Cpus                 :     0.73        1         1 
	   Disk (KB)            :   802           1 479779449 
	   Memory (MB)          :  6730        7900      8033 
...
