000 (843064.000.000) 08/15 13:28:41 Job submitted from host: <172.20.3.187:9618?addrs=172.20.3.187-9618&noUDP&sock=2043_e813_3>
...
001 (843064.000.000) 08/15 17:13:02 Job executing on host: <172.20.225.8:9618?addrs=172.20.225.8-9618&noUDP&sock=3440_21e1_3>
...
006 (843064.000.000) 08/15 17:13:10 Image size of job updated: 21116
	21  -  MemoryUsage of job (MB)
	21116  -  ResidentSetSize of job (KB)
...
006 (843064.000.000) 08/15 17:18:11 Image size of job updated: 5245728
	5123  -  MemoryUsage of job (MB)
	5245728  -  ResidentSetSize of job (KB)
...
006 (843064.000.000) 08/15 17:23:12 Image size of job updated: 5245832
	5123  -  MemoryUsage of job (MB)
	5245832  -  ResidentSetSize of job (KB)
...
006 (843064.000.000) 08/15 17:28:11 Image size of job updated: 6202204
	6057  -  MemoryUsage of job (MB)
	6202204  -  ResidentSetSize of job (KB)
...
006 (843064.000.000) 08/15 17:33:11 Image size of job updated: 6399656
	6249  -  MemoryUsage of job (MB)
	6398868  -  ResidentSetSize of job (KB)
...
006 (843064.000.000) 08/15 17:36:10 Image size of job updated: 6649124
	6255  -  MemoryUsage of job (MB)
	6404872  -  ResidentSetSize of job (KB)
...
005 (843064.000.000) 08/15 17:36:10 Job terminated.
	(1) Normal termination (return value 0)
		Usr 0 00:23:41, Sys 0 00:00:35  -  Run Remote Usage
		Usr 0 00:00:00, Sys 0 00:00:00  -  Run Local Usage
		Usr 0 00:23:41, Sys 0 00:00:35  -  Total Remote Usage
		Usr 0 00:00:00, Sys 0 00:00:00  -  Total Local Usage
	1229  -  Run Bytes Sent By Job
	404  -  Run Bytes Received By Job
	1229  -  Total Bytes Sent By Job
	404  -  Total Bytes Received By Job
	Partitionable Resources :    Usage  Request Allocated 
	   Cpus                 :     0.97        1         1 
	   Disk (KB)            :   802           1 479737977 
	   Memory (MB)          :  6255        7900      8033 
...
