000 (839049.000.000) 08/15 13:24:20 Job submitted from host: <172.20.3.187:9618?addrs=172.20.3.187-9618&noUDP&sock=2043_e813_3>
...
001 (839049.000.000) 08/15 13:37:43 Job executing on host: <172.20.225.8:9618?addrs=172.20.225.8-9618&noUDP&sock=3440_21e1_3>
...
006 (839049.000.000) 08/15 13:37:51 Image size of job updated: 21116
	21  -  MemoryUsage of job (MB)
	21116  -  ResidentSetSize of job (KB)
...
006 (839049.000.000) 08/15 13:38:24 Image size of job updated: 4265680
	21  -  MemoryUsage of job (MB)
	21116  -  ResidentSetSize of job (KB)
...
005 (839049.000.000) 08/15 13:38:24 Job terminated.
	(1) Normal termination (return value 1)
		Usr 0 00:00:20, Sys 0 00:00:02  -  Run Remote Usage
		Usr 0 00:00:00, Sys 0 00:00:00  -  Run Local Usage
		Usr 0 00:00:20, Sys 0 00:00:02  -  Total Remote Usage
		Usr 0 00:00:00, Sys 0 00:00:00  -  Total Local Usage
	1437  -  Run Bytes Sent By Job
	395  -  Run Bytes Received By Job
	1437  -  Total Bytes Sent By Job
	395  -  Total Bytes Received By Job
	Partitionable Resources :    Usage  Request Allocated 
	   Cpus                 :     0.76        1         1 
	   Disk (KB)            :   803           1 479737977 
	   Memory (MB)          :    21        7900      8033 
...
000 (845251.000.000) 08/16 03:52:38 Job submitted from host: <172.20.3.187:9618?addrs=172.20.3.187-9618&noUDP&sock=2043_e813_3>
...
001 (845251.000.000) 08/16 03:52:58 Job executing on host: <172.20.225.1:9618?addrs=172.20.225.1-9618&noUDP&sock=3382_5963_3>
...
006 (845251.000.000) 08/16 03:53:06 Image size of job updated: 21124
	21  -  MemoryUsage of job (MB)
	21124  -  ResidentSetSize of job (KB)
...
006 (845251.000.000) 08/16 03:58:07 Image size of job updated: 5083488
	4960  -  MemoryUsage of job (MB)
	5078876  -  ResidentSetSize of job (KB)
...
006 (845251.000.000) 08/16 04:03:08 Image size of job updated: 5083592
	4960  -  MemoryUsage of job (MB)
	5078980  -  ResidentSetSize of job (KB)
...
006 (845251.000.000) 08/16 04:08:08 Image size of job updated: 6039792
	5894  -  MemoryUsage of job (MB)
	6035180  -  ResidentSetSize of job (KB)
...
006 (845251.000.000) 08/16 04:13:08 Image size of job updated: 6045800
	5900  -  MemoryUsage of job (MB)
	6041144  -  ResidentSetSize of job (KB)
...
006 (845251.000.000) 08/16 04:16:58 Image size of job updated: 12702916
	5900  -  MemoryUsage of job (MB)
	6041144  -  ResidentSetSize of job (KB)
...
005 (845251.000.000) 08/16 04:16:58 Job terminated.
	(1) Normal termination (return value 0)
		Usr 0 00:22:23, Sys 0 00:00:34  -  Run Remote Usage
		Usr 0 00:00:00, Sys 0 00:00:00  -  Run Local Usage
		Usr 0 00:22:23, Sys 0 00:00:34  -  Total Remote Usage
		Usr 0 00:00:00, Sys 0 00:00:00  -  Total Local Usage
	1220  -  Run Bytes Sent By Job
	395  -  Run Bytes Received By Job
	1220  -  Total Bytes Sent By Job
	395  -  Total Bytes Received By Job
	Partitionable Resources :    Usage  Request Allocated 
	   Cpus                 :     1.00        1         1 
	   Disk (KB)            :   802           1 479786105 
	   Memory (MB)          :  5900        7900      8033 
...
