000 (840307.000.000) 08/15 13:25:42 Job submitted from host: <172.20.3.187:9618?addrs=172.20.3.187-9618&noUDP&sock=2043_e813_3>
...
001 (840307.000.000) 08/15 14:27:58 Job executing on host: <172.20.225.6:9618?addrs=172.20.225.6-9618&noUDP&sock=3382_5963_3>
...
006 (840307.000.000) 08/15 14:28:06 Image size of job updated: 21116
	21  -  MemoryUsage of job (MB)
	21116  -  ResidentSetSize of job (KB)
...
006 (840307.000.000) 08/15 14:33:06 Image size of job updated: 5055476
	4937  -  MemoryUsage of job (MB)
	5055476  -  ResidentSetSize of job (KB)
...
006 (840307.000.000) 08/15 14:38:07 Image size of job updated: 5055588
	4938  -  MemoryUsage of job (MB)
	5055588  -  ResidentSetSize of job (KB)
...
006 (840307.000.000) 08/15 14:43:08 Image size of job updated: 6011952
	5872  -  MemoryUsage of job (MB)
	6011952  -  ResidentSetSize of job (KB)
...
006 (840307.000.000) 08/15 14:48:08 Image size of job updated: 6146868
	5989  -  MemoryUsage of job (MB)
	6132348  -  ResidentSetSize of job (KB)
...
006 (840307.000.000) 08/15 14:50:50 Image size of job updated: 11623296
	5989  -  MemoryUsage of job (MB)
	6132364  -  ResidentSetSize of job (KB)
...
005 (840307.000.000) 08/15 14:50:50 Job terminated.
	(1) Normal termination (return value 0)
		Usr 0 00:22:42, Sys 0 00:00:29  -  Run Remote Usage
		Usr 0 00:00:00, Sys 0 00:00:00  -  Run Local Usage
		Usr 0 00:22:42, Sys 0 00:00:29  -  Total Remote Usage
		Usr 0 00:00:00, Sys 0 00:00:00  -  Total Local Usage
	1229  -  Run Bytes Sent By Job
	404  -  Run Bytes Received By Job
	1229  -  Total Bytes Sent By Job
	404  -  Total Bytes Received By Job
	Partitionable Resources :    Usage  Request Allocated 
	   Cpus                 :     0.72        1         1 
	   Disk (KB)            :   802           1 479749220 
	   Memory (MB)          :  5989        7900      8033 
...
