000 (841633.000.000) 08/15 13:27:08 Job submitted from host: <172.20.3.187:9618?addrs=172.20.3.187-9618&noUDP&sock=2043_e813_3>
...
001 (841633.000.000) 08/15 15:35:00 Job executing on host: <172.20.225.4:9618?addrs=172.20.225.4-9618&noUDP&sock=3366_5fdf_3>
...
006 (841633.000.000) 08/15 15:35:09 Image size of job updated: 21108
	21  -  MemoryUsage of job (MB)
	21108  -  ResidentSetSize of job (KB)
...
006 (841633.000.000) 08/15 15:40:10 Image size of job updated: 5035924
	4918  -  MemoryUsage of job (MB)
	5035924  -  ResidentSetSize of job (KB)
...
006 (841633.000.000) 08/15 15:45:12 Image size of job updated: 5992100
	5852  -  MemoryUsage of job (MB)
	5992100  -  ResidentSetSize of job (KB)
...
006 (841633.000.000) 08/15 15:50:11 Image size of job updated: 5993488
	5854  -  MemoryUsage of job (MB)
	5993488  -  ResidentSetSize of job (KB)
...
006 (841633.000.000) 08/15 15:55:11 Image size of job updated: 6506084
	6354  -  MemoryUsage of job (MB)
	6506084  -  ResidentSetSize of job (KB)
...
005 (841633.000.000) 08/15 15:56:34 Job terminated.
	(1) Normal termination (return value 0)
		Usr 0 00:22:36, Sys 0 00:00:37  -  Run Remote Usage
		Usr 0 00:00:00, Sys 0 00:00:00  -  Run Local Usage
		Usr 0 00:22:36, Sys 0 00:00:37  -  Total Remote Usage
		Usr 0 00:00:00, Sys 0 00:00:00  -  Total Local Usage
	1229  -  Run Bytes Sent By Job
	406  -  Run Bytes Received By Job
	1229  -  Total Bytes Sent By Job
	406  -  Total Bytes Received By Job
	Partitionable Resources :    Usage  Request Allocated 
	   Cpus                 :     0.47        1         1 
	   Disk (KB)            :   803           1 479779449 
	   Memory (MB)          :  6354        7900      8033 
...
