000 (838003.000.000) 08/15 12:24:45 Job submitted from host: <172.20.3.187:9618?addrs=172.20.3.187-9618&noUDP&sock=2043_e813_3>
...
001 (838003.000.000) 08/15 12:37:02 Job executing on host: <172.20.225.2:9618?addrs=172.20.225.2-9618&noUDP&sock=3424_285d_3>
...
006 (838003.000.000) 08/15 12:37:11 Image size of job updated: 21124
	21  -  MemoryUsage of job (MB)
	21124  -  ResidentSetSize of job (KB)
...
006 (838003.000.000) 08/15 12:42:14 Image size of job updated: 6536620
	6384  -  MemoryUsage of job (MB)
	6536608  -  ResidentSetSize of job (KB)
...
006 (838003.000.000) 08/15 12:47:12 Image size of job updated: 8165684
	7974  -  MemoryUsage of job (MB)
	8165244  -  ResidentSetSize of job (KB)
...
006 (838003.000.000) 08/15 12:52:12 Image size of job updated: 8227792
	8035  -  MemoryUsage of job (MB)
	8227772  -  ResidentSetSize of job (KB)
...
006 (838003.000.000) 08/15 12:57:12 Image size of job updated: 8287732
	8094  -  MemoryUsage of job (MB)
	8287716  -  ResidentSetSize of job (KB)
...
006 (838003.000.000) 08/15 13:02:12 Image size of job updated: 9029224
	8805  -  MemoryUsage of job (MB)
	9015756  -  ResidentSetSize of job (KB)
...
005 (838003.000.000) 08/15 13:03:13 Job terminated.
	(1) Normal termination (return value 0)
		Usr 0 00:31:28, Sys 0 00:01:56  -  Run Remote Usage
		Usr 0 00:00:00, Sys 0 00:00:00  -  Run Local Usage
		Usr 0 00:31:28, Sys 0 00:01:56  -  Total Remote Usage
		Usr 0 00:00:00, Sys 0 00:00:00  -  Total Local Usage
	1226  -  Run Bytes Sent By Job
	412  -  Run Bytes Received By Job
	1226  -  Total Bytes Sent By Job
	412  -  Total Bytes Received By Job
	Partitionable Resources :    Usage  Request Allocated 
	   Cpus                 :     0.78        1         1 
	   Disk (KB)            :   802           1 479786084 
	   Memory (MB)          :  8805        7900      8033 
...
000 (841018.000.000) 08/15 13:26:28 Job submitted from host: <172.20.3.187:9618?addrs=172.20.3.187-9618&noUDP&sock=2043_e813_3>
...
001 (841018.000.000) 08/15 14:54:10 Job executing on host: <172.20.225.4:9618?addrs=172.20.225.4-9618&noUDP&sock=3366_5fdf_3>
...
006 (841018.000.000) 08/15 14:54:18 Image size of job updated: 21124
	21  -  MemoryUsage of job (MB)
	21124  -  ResidentSetSize of job (KB)
...
006 (841018.000.000) 08/15 14:59:18 Image size of job updated: 4901252
	4787  -  MemoryUsage of job (MB)
	4901252  -  ResidentSetSize of job (KB)
...
006 (841018.000.000) 08/15 15:04:19 Image size of job updated: 5857420
	5721  -  MemoryUsage of job (MB)
	5857420  -  ResidentSetSize of job (KB)
...
006 (841018.000.000) 08/15 15:09:20 Image size of job updated: 5858808
	5722  -  MemoryUsage of job (MB)
	5858808  -  ResidentSetSize of job (KB)
...
006 (841018.000.000) 08/15 15:14:20 Image size of job updated: 6231796
	6086  -  MemoryUsage of job (MB)
	6231796  -  ResidentSetSize of job (KB)
...
006 (841018.000.000) 08/15 15:16:10 Image size of job updated: 6231796
	6086  -  MemoryUsage of job (MB)
	6231800  -  ResidentSetSize of job (KB)
...
005 (841018.000.000) 08/15 15:16:10 Job terminated.
	(1) Normal termination (return value 0)
		Usr 0 00:22:10, Sys 0 00:00:28  -  Run Remote Usage
		Usr 0 00:00:00, Sys 0 00:00:00  -  Run Local Usage
		Usr 0 00:22:10, Sys 0 00:00:28  -  Total Remote Usage
		Usr 0 00:00:00, Sys 0 00:00:00  -  Total Local Usage
	1226  -  Run Bytes Sent By Job
	412  -  Run Bytes Received By Job
	1226  -  Total Bytes Sent By Job
	412  -  Total Bytes Received By Job
	Partitionable Resources :    Usage  Request Allocated 
	   Cpus                 :     0.50        1         1 
	   Disk (KB)            :   803           1 479779449 
	   Memory (MB)          :  6086        7900      8033 
...
