000 (841683.000.000) 08/15 13:27:11 Job submitted from host: <172.20.3.187:9618?addrs=172.20.3.187-9618&noUDP&sock=2043_e813_3>
...
001 (841683.000.000) 08/15 15:38:08 Job executing on host: <172.20.225.5:9618?addrs=172.20.225.5-9618&noUDP&sock=3375_8c39_3>
...
006 (841683.000.000) 08/15 15:38:16 Image size of job updated: 21120
	21  -  MemoryUsage of job (MB)
	21120  -  ResidentSetSize of job (KB)
...
006 (841683.000.000) 08/15 15:43:16 Image size of job updated: 5035716
	4918  -  MemoryUsage of job (MB)
	5035716  -  ResidentSetSize of job (KB)
...
006 (841683.000.000) 08/15 15:48:17 Image size of job updated: 5991884
	5852  -  MemoryUsage of job (MB)
	5991884  -  ResidentSetSize of job (KB)
...
006 (841683.000.000) 08/15 15:53:18 Image size of job updated: 5993280
	5853  -  MemoryUsage of job (MB)
	5993280  -  ResidentSetSize of job (KB)
...
006 (841683.000.000) 08/15 15:58:19 Image size of job updated: 6588452
	6434  -  MemoryUsage of job (MB)
	6588368  -  ResidentSetSize of job (KB)
...
005 (841683.000.000) 08/15 15:58:37 Job terminated.
	(1) Normal termination (return value 0)
		Usr 0 00:23:24, Sys 0 00:00:31  -  Run Remote Usage
		Usr 0 00:00:00, Sys 0 00:00:00  -  Run Local Usage
		Usr 0 00:23:24, Sys 0 00:00:31  -  Total Remote Usage
		Usr 0 00:00:00, Sys 0 00:00:00  -  Total Local Usage
	1232  -  Run Bytes Sent By Job
	407  -  Run Bytes Received By Job
	1232  -  Total Bytes Sent By Job
	407  -  Total Bytes Received By Job
	Partitionable Resources :    Usage  Request Allocated 
	   Cpus                 :     0.91        1         1 
	   Disk (KB)            :   802           1 479749220 
	   Memory (MB)          :  6434        7900      8033 
...
