000 (837727.000.000) 08/15 12:24:26 Job submitted from host: <172.20.3.187:9618?addrs=172.20.3.187-9618&noUDP&sock=2043_e813_3>
...
001 (837727.000.000) 08/15 12:33:59 Job executing on host: <172.20.225.6:9618?addrs=172.20.225.6-9618&noUDP&sock=3382_5963_3>
...
006 (837727.000.000) 08/15 12:34:07 Image size of job updated: 20800
	21  -  MemoryUsage of job (MB)
	20800  -  ResidentSetSize of job (KB)
...
006 (837727.000.000) 08/15 12:38:59 Image size of job updated: 3902408
	21  -  MemoryUsage of job (MB)
	20800  -  ResidentSetSize of job (KB)
...
005 (837727.000.000) 08/15 12:38:59 Job terminated.
	(1) Normal termination (return value 137)
		Usr 0 00:04:49, Sys 0 00:00:49  -  Run Remote Usage
		Usr 0 00:00:00, Sys 0 00:00:00  -  Run Local Usage
		Usr 0 00:04:49, Sys 0 00:00:49  -  Total Remote Usage
		Usr 0 00:00:00, Sys 0 00:00:00  -  Total Local Usage
	1374  -  Run Bytes Sent By Job
	389  -  Run Bytes Received By Job
	1374  -  Total Bytes Sent By Job
	389  -  Total Bytes Received By Job
	Partitionable Resources :    Usage  Request Allocated 
	   Cpus                 :     0.52        1         1 
	   Disk (KB)            :   802           1 479749220 
	   Memory (MB)          :    21        7900      8033 
...
000 (839670.000.000) 08/15 13:25:00 Job submitted from host: <172.20.3.187:9618?addrs=172.20.3.187-9618&noUDP&sock=2043_e813_3>
...
001 (839670.000.000) 08/15 13:41:41 Job executing on host: <172.20.225.1:9618?addrs=172.20.225.1-9618&noUDP&sock=3382_5963_3>
...
006 (839670.000.000) 08/15 13:41:50 Image size of job updated: 21116
	21  -  MemoryUsage of job (MB)
	21116  -  ResidentSetSize of job (KB)
...
006 (839670.000.000) 08/15 13:46:52 Image size of job updated: 4943324
	4828  -  MemoryUsage of job (MB)
	4943304  -  ResidentSetSize of job (KB)
...
006 (839670.000.000) 08/15 13:51:52 Image size of job updated: 5899468
	5762  -  MemoryUsage of job (MB)
	5899468  -  ResidentSetSize of job (KB)
...
006 (839670.000.000) 08/15 13:56:53 Image size of job updated: 5900864
	5763  -  MemoryUsage of job (MB)
	5900864  -  ResidentSetSize of job (KB)
...
006 (839670.000.000) 08/15 14:01:54 Image size of job updated: 6451016
	6300  -  MemoryUsage of job (MB)
	6450776  -  ResidentSetSize of job (KB)
...
005 (839670.000.000) 08/15 14:03:21 Job terminated.
	(1) Normal termination (return value 0)
		Usr 0 00:23:21, Sys 0 00:00:33  -  Run Remote Usage
		Usr 0 00:00:00, Sys 0 00:00:00  -  Run Local Usage
		Usr 0 00:23:21, Sys 0 00:00:33  -  Total Remote Usage
		Usr 0 00:00:00, Sys 0 00:00:00  -  Total Local Usage
	1209  -  Run Bytes Sent By Job
	389  -  Run Bytes Received By Job
	1209  -  Total Bytes Sent By Job
	389  -  Total Bytes Received By Job
	Partitionable Resources :    Usage  Request Allocated 
	   Cpus                 :     0.61        1         1 
	   Disk (KB)            :   803           1 479786105 
	   Memory (MB)          :  6300        7900      8033 
...
