000 (843618.000.000) 08/15 13:29:18 Job submitted from host: <172.20.3.187:9618?addrs=172.20.3.187-9618&noUDP&sock=2043_e813_3>
...
001 (843618.000.000) 08/15 17:52:24 Job executing on host: <172.20.225.5:9618?addrs=172.20.225.5-9618&noUDP&sock=3375_8c39_3>
...
006 (843618.000.000) 08/15 17:52:32 Image size of job updated: 21112
	21  -  MemoryUsage of job (MB)
	21112  -  ResidentSetSize of job (KB)
...
005 (843618.000.000) 08/15 17:53:23 Job terminated.
	(1) Normal termination (return value 1)
		Usr 0 00:00:18, Sys 0 00:00:01  -  Run Remote Usage
		Usr 0 00:00:00, Sys 0 00:00:00  -  Run Local Usage
		Usr 0 00:00:18, Sys 0 00:00:01  -  Total Remote Usage
		Usr 0 00:00:00, Sys 0 00:00:00  -  Total Local Usage
	1437  -  Run Bytes Sent By Job
	393  -  Run Bytes Received By Job
	1437  -  Total Bytes Sent By Job
	393  -  Total Bytes Received By Job
	Partitionable Resources :    Usage  Request Allocated 
	   Cpus                 :     0.80        1         1 
	   Disk (KB)            :   803           1 479749220 
	   Memory (MB)          :    21        7900      8033 
...
000 (846884.000.000) 08/16 03:54:42 Job submitted from host: <172.20.3.187:9618?addrs=172.20.3.187-9618&noUDP&sock=2043_e813_3>
...
001 (846884.000.000) 08/16 06:09:10 Job executing on host: <172.20.225.1:9618?addrs=172.20.225.1-9618&noUDP&sock=3382_5963_3>
...
006 (846884.000.000) 08/16 06:09:18 Image size of job updated: 21120
	21  -  MemoryUsage of job (MB)
	21120  -  ResidentSetSize of job (KB)
...
006 (846884.000.000) 08/16 06:14:18 Image size of job updated: 5009800
	4893  -  MemoryUsage of job (MB)
	5009800  -  ResidentSetSize of job (KB)
...
006 (846884.000.000) 08/16 06:19:19 Image size of job updated: 5965952
	5827  -  MemoryUsage of job (MB)
	5965952  -  ResidentSetSize of job (KB)
...
006 (846884.000.000) 08/16 06:24:20 Image size of job updated: 5967344
	5828  -  MemoryUsage of job (MB)
	5967344  -  ResidentSetSize of job (KB)
...
006 (846884.000.000) 08/16 06:29:20 Image size of job updated: 6773780
	6614  -  MemoryUsage of job (MB)
	6772080  -  ResidentSetSize of job (KB)
...
006 (846884.000.000) 08/16 06:29:52 Image size of job updated: 6846744
	6614  -  MemoryUsage of job (MB)
	6772080  -  ResidentSetSize of job (KB)
...
005 (846884.000.000) 08/16 06:29:52 Job terminated.
	(1) Normal termination (return value 0)
		Usr 0 00:22:43, Sys 0 00:00:31  -  Run Remote Usage
		Usr 0 00:00:00, Sys 0 00:00:00  -  Run Local Usage
		Usr 0 00:22:43, Sys 0 00:00:31  -  Total Remote Usage
		Usr 0 00:00:00, Sys 0 00:00:00  -  Total Local Usage
	1218  -  Run Bytes Sent By Job
	393  -  Run Bytes Received By Job
	1218  -  Total Bytes Sent By Job
	393  -  Total Bytes Received By Job
	Partitionable Resources :    Usage  Request Allocated 
	   Cpus                 :     0.89        1         1 
	   Disk (KB)            :   802           1 479786105 
	   Memory (MB)          :  6614        7900      8033 
...
