000 (838534.000.000) 08/15 12:25:20 Job submitted from host: <172.20.3.187:9618?addrs=172.20.3.187-9618&noUDP&sock=2043_e813_3>
...
001 (838534.000.000) 08/15 12:47:20 Job executing on host: <172.20.225.8:9618?addrs=172.20.225.8-9618&noUDP&sock=3440_21e1_3>
...
006 (838534.000.000) 08/15 12:47:31 Image size of job updated: 21116
	21  -  MemoryUsage of job (MB)
	21116  -  ResidentSetSize of job (KB)
...
005 (838534.000.000) 08/15 12:48:50 Job terminated.
	(1) Normal termination (return value 1)
		Usr 0 00:00:17, Sys 0 00:00:02  -  Run Remote Usage
		Usr 0 00:00:00, Sys 0 00:00:00  -  Run Local Usage
		Usr 0 00:00:17, Sys 0 00:00:02  -  Total Remote Usage
		Usr 0 00:00:00, Sys 0 00:00:00  -  Total Local Usage
	1435  -  Run Bytes Sent By Job
	392  -  Run Bytes Received By Job
	1435  -  Total Bytes Sent By Job
	392  -  Total Bytes Received By Job
	Partitionable Resources :    Usage  Request Allocated 
	   Cpus                 :     0.58        1         1 
	   Disk (KB)            :   803           1 479737977 
	   Memory (MB)          :    21        7900      8033 
...
000 (843467.000.000) 08/15 13:29:08 Job submitted from host: <172.20.3.187:9618?addrs=172.20.3.187-9618&noUDP&sock=2043_e813_3>
...
001 (843467.000.000) 08/15 17:48:01 Job executing on host: <172.20.225.8:9618?addrs=172.20.225.8-9618&noUDP&sock=3440_21e1_3>
...
006 (843467.000.000) 08/15 17:48:11 Image size of job updated: 21120
	21  -  MemoryUsage of job (MB)
	21120  -  ResidentSetSize of job (KB)
...
005 (843467.000.000) 08/15 17:48:58 Job terminated.
	(1) Normal termination (return value 1)
		Usr 0 00:00:10, Sys 0 00:00:01  -  Run Remote Usage
		Usr 0 00:00:00, Sys 0 00:00:00  -  Run Local Usage
		Usr 0 00:00:10, Sys 0 00:00:01  -  Total Remote Usage
		Usr 0 00:00:00, Sys 0 00:00:00  -  Total Local Usage
	1435  -  Run Bytes Sent By Job
	392  -  Run Bytes Received By Job
	1435  -  Total Bytes Sent By Job
	392  -  Total Bytes Received By Job
	Partitionable Resources :    Usage  Request Allocated 
	   Cpus                 :     0.02        1         1 
	   Disk (KB)            :   802           1 479737977 
	   Memory (MB)          :    21        7900      8033 
...
000 (846733.000.000) 08/16 03:54:33 Job submitted from host: <172.20.3.187:9618?addrs=172.20.3.187-9618&noUDP&sock=2043_e813_3>
...
001 (846733.000.000) 08/16 05:56:11 Job executing on host: <172.20.225.8:9618?addrs=172.20.225.8-9618&noUDP&sock=3440_21e1_3>
...
006 (846733.000.000) 08/16 05:56:21 Image size of job updated: 21112
	21  -  MemoryUsage of job (MB)
	21112  -  ResidentSetSize of job (KB)
...
006 (846733.000.000) 08/16 06:01:21 Image size of job updated: 5009924
	4893  -  MemoryUsage of job (MB)
	5009924  -  ResidentSetSize of job (KB)
...
006 (846733.000.000) 08/16 06:06:22 Image size of job updated: 5966092
	5827  -  MemoryUsage of job (MB)
	5966092  -  ResidentSetSize of job (KB)
...
006 (846733.000.000) 08/16 06:11:23 Image size of job updated: 5966404
	5827  -  MemoryUsage of job (MB)
	5966404  -  ResidentSetSize of job (KB)
...
006 (846733.000.000) 08/16 06:16:23 Image size of job updated: 6908192
	6747  -  MemoryUsage of job (MB)
	6908024  -  ResidentSetSize of job (KB)
...
006 (846733.000.000) 08/16 06:19:27 Image size of job updated: 6908192
	6747  -  MemoryUsage of job (MB)
	6908036  -  ResidentSetSize of job (KB)
...
005 (846733.000.000) 08/16 06:19:27 Job terminated.
	(1) Normal termination (return value 0)
		Usr 0 00:22:53, Sys 0 00:00:30  -  Run Remote Usage
		Usr 0 00:00:00, Sys 0 00:00:00  -  Run Local Usage
		Usr 0 00:22:53, Sys 0 00:00:30  -  Total Remote Usage
		Usr 0 00:00:00, Sys 0 00:00:00  -  Total Local Usage
	1215  -  Run Bytes Sent By Job
	392  -  Run Bytes Received By Job
	1215  -  Total Bytes Sent By Job
	392  -  Total Bytes Received By Job
	Partitionable Resources :    Usage  Request Allocated 
	   Cpus                 :     0.99        1         1 
	   Disk (KB)            :   802           1 479737977 
	   Memory (MB)          :  6747        7900      8033 
...
