000 (840664.000.000) 08/15 13:26:05 Job submitted from host: <172.20.3.187:9618?addrs=172.20.3.187-9618&noUDP&sock=2043_e813_3>
...
001 (840664.000.000) 08/15 14:50:59 Job executing on host: <172.20.225.6:9618?addrs=172.20.225.6-9618&noUDP&sock=3382_5963_3>
...
006 (840664.000.000) 08/15 14:51:07 Image size of job updated: 21128
	21  -  MemoryUsage of job (MB)
	21128  -  ResidentSetSize of job (KB)
...
006 (840664.000.000) 08/15 14:52:07 Image size of job updated: 4154268
	21  -  MemoryUsage of job (MB)
	21128  -  ResidentSetSize of job (KB)
...
005 (840664.000.000) 08/15 14:52:07 Job terminated.
	(1) Normal termination (return value 1)
		Usr 0 00:00:18, Sys 0 00:00:01  -  Run Remote Usage
		Usr 0 00:00:00, Sys 0 00:00:00  -  Run Local Usage
		Usr 0 00:00:18, Sys 0 00:00:01  -  Total Remote Usage
		Usr 0 00:00:00, Sys 0 00:00:00  -  Total Local Usage
	1437  -  Run Bytes Sent By Job
	398  -  Run Bytes Received By Job
	1437  -  Total Bytes Sent By Job
	398  -  Total Bytes Received By Job
	Partitionable Resources :    Usage  Request Allocated 
	   Cpus                 :        0        1         1 
	   Disk (KB)            :      803        1 479749220 
	   Memory (MB)          :       21     7900      8033 
...
000 (845982.000.000) 08/16 03:53:45 Job submitted from host: <172.20.3.187:9618?addrs=172.20.3.187-9618&noUDP&sock=2043_e813_3>
...
001 (845982.000.000) 08/16 05:01:07 Job executing on host: <172.20.225.8:9618?addrs=172.20.225.8-9618&noUDP&sock=3440_21e1_3>
...
006 (845982.000.000) 08/16 05:01:16 Image size of job updated: 21116
	21  -  MemoryUsage of job (MB)
	21116  -  ResidentSetSize of job (KB)
...
006 (845982.000.000) 08/16 05:06:17 Image size of job updated: 5035460
	4918  -  MemoryUsage of job (MB)
	5035460  -  ResidentSetSize of job (KB)
...
006 (845982.000.000) 08/16 05:11:18 Image size of job updated: 5991632
	5852  -  MemoryUsage of job (MB)
	5991632  -  ResidentSetSize of job (KB)
...
006 (845982.000.000) 08/16 05:16:18 Image size of job updated: 5993028
	5853  -  MemoryUsage of job (MB)
	5993028  -  ResidentSetSize of job (KB)
...
006 (845982.000.000) 08/16 05:20:45 Image size of job updated: 7291032
	5853  -  MemoryUsage of job (MB)
	5993028  -  ResidentSetSize of job (KB)
...
005 (845982.000.000) 08/16 05:20:45 Job terminated.
	(1) Normal termination (return value 0)
		Usr 0 00:22:14, Sys 0 00:00:32  -  Run Remote Usage
		Usr 0 00:00:00, Sys 0 00:00:00  -  Run Local Usage
		Usr 0 00:22:14, Sys 0 00:00:32  -  Total Remote Usage
		Usr 0 00:00:00, Sys 0 00:00:00  -  Total Local Usage
	1223  -  Run Bytes Sent By Job
	398  -  Run Bytes Received By Job
	1223  -  Total Bytes Sent By Job
	398  -  Total Bytes Received By Job
	Partitionable Resources :    Usage  Request Allocated 
	   Cpus                 :     1.00        1         1 
	   Disk (KB)            :   802           1 479737977 
	   Memory (MB)          :  5853        7900      8033 
...
