000 (843417.000.000) 08/15 13:29:05 Job submitted from host: <172.20.3.187:9618?addrs=172.20.3.187-9618&noUDP&sock=2043_e813_3>
...
001 (843417.000.000) 08/15 17:42:02 Job executing on host: <172.20.225.2:9618?addrs=172.20.225.2-9618&noUDP&sock=3424_285d_3>
...
006 (843417.000.000) 08/15 17:42:11 Image size of job updated: 21108
	21  -  MemoryUsage of job (MB)
	21108  -  ResidentSetSize of job (KB)
...
006 (843417.000.000) 08/15 17:47:12 Image size of job updated: 4931348
	4816  -  MemoryUsage of job (MB)
	4931348  -  ResidentSetSize of job (KB)
...
006 (843417.000.000) 08/15 17:52:13 Image size of job updated: 4931448
	4816  -  MemoryUsage of job (MB)
	4931448  -  ResidentSetSize of job (KB)
...
006 (843417.000.000) 08/15 17:57:14 Image size of job updated: 5890488
	5753  -  MemoryUsage of job (MB)
	5890488  -  ResidentSetSize of job (KB)
...
006 (843417.000.000) 08/15 18:02:14 Image size of job updated: 6515624
	6363  -  MemoryUsage of job (MB)
	6515536  -  ResidentSetSize of job (KB)
...
005 (843417.000.000) 08/15 18:03:37 Job terminated.
	(1) Normal termination (return value 0)
		Usr 0 00:22:59, Sys 0 00:00:29  -  Run Remote Usage
		Usr 0 00:00:00, Sys 0 00:00:00  -  Run Local Usage
		Usr 0 00:22:59, Sys 0 00:00:29  -  Total Remote Usage
		Usr 0 00:00:00, Sys 0 00:00:00  -  Total Local Usage
	1227  -  Run Bytes Sent By Job
	405  -  Run Bytes Received By Job
	1227  -  Total Bytes Sent By Job
	405  -  Total Bytes Received By Job
	Partitionable Resources :    Usage  Request Allocated 
	   Cpus                 :     0.68        1         1 
	   Disk (KB)            :   802           1 479786084 
	   Memory (MB)          :  6363        7900      8033 
...
