000 (844779.000.000) 08/15 13:30:34 Job submitted from host: <172.20.3.187:9618?addrs=172.20.3.187-9618&noUDP&sock=2043_e813_3>
...
001 (844779.000.000) 08/15 19:00:00 Job executing on host: <172.20.225.1:9618?addrs=172.20.225.1-9618&noUDP&sock=3382_5963_3>
...
006 (844779.000.000) 08/15 19:00:08 Image size of job updated: 21120
	21  -  MemoryUsage of job (MB)
	21120  -  ResidentSetSize of job (KB)
...
006 (844779.000.000) 08/15 19:05:09 Image size of job updated: 5303556
	5180  -  MemoryUsage of job (MB)
	5303556  -  ResidentSetSize of job (KB)
...
006 (844779.000.000) 08/15 19:10:09 Image size of job updated: 5303692
	5180  -  MemoryUsage of job (MB)
	5303692  -  ResidentSetSize of job (KB)
...
006 (844779.000.000) 08/15 19:15:09 Image size of job updated: 6261152
	6115  -  MemoryUsage of job (MB)
	6261152  -  ResidentSetSize of job (KB)
...
006 (844779.000.000) 08/15 19:20:10 Image size of job updated: 6652532
	6497  -  MemoryUsage of job (MB)
	6652532  -  ResidentSetSize of job (KB)
...
006 (844779.000.000) 08/15 19:22:26 Image size of job updated: 6652532
	6497  -  MemoryUsage of job (MB)
	6652576  -  ResidentSetSize of job (KB)
...
005 (844779.000.000) 08/15 19:22:26 Job terminated.
	(1) Normal termination (return value 0)
		Usr 0 00:23:34, Sys 0 00:00:33  -  Run Remote Usage
		Usr 0 00:00:00, Sys 0 00:00:00  -  Run Local Usage
		Usr 0 00:23:34, Sys 0 00:00:33  -  Total Remote Usage
		Usr 0 00:00:00, Sys 0 00:00:00  -  Total Local Usage
	1229  -  Run Bytes Sent By Job
	404  -  Run Bytes Received By Job
	1229  -  Total Bytes Sent By Job
	404  -  Total Bytes Received By Job
	Partitionable Resources :    Usage  Request Allocated 
	   Cpus                 :     0.82        1         1 
	   Disk (KB)            :   802           1 479786105 
	   Memory (MB)          :  6497        7900      8033 
...
