000 (843793.000.000) 08/15 13:29:29 Job submitted from host: <172.20.3.187:9618?addrs=172.20.3.187-9618&noUDP&sock=2043_e813_3>
...
001 (843793.000.000) 08/15 17:54:59 Job executing on host: <172.20.225.4:9618?addrs=172.20.225.4-9618&noUDP&sock=3366_5fdf_3>
...
006 (843793.000.000) 08/15 17:55:08 Image size of job updated: 21120
	21  -  MemoryUsage of job (MB)
	21120  -  ResidentSetSize of job (KB)
...
006 (843793.000.000) 08/15 17:55:57 Image size of job updated: 4158256
	21  -  MemoryUsage of job (MB)
	21120  -  ResidentSetSize of job (KB)
...
005 (843793.000.000) 08/15 17:55:57 Job terminated.
	(1) Normal termination (return value 1)
		Usr 0 00:00:14, Sys 0 00:00:01  -  Run Remote Usage
		Usr 0 00:00:00, Sys 0 00:00:00  -  Run Local Usage
		Usr 0 00:00:14, Sys 0 00:00:01  -  Total Remote Usage
		Usr 0 00:00:00, Sys 0 00:00:00  -  Total Local Usage
	1435  -  Run Bytes Sent By Job
	397  -  Run Bytes Received By Job
	1435  -  Total Bytes Sent By Job
	397  -  Total Bytes Received By Job
	Partitionable Resources :    Usage  Request Allocated 
	   Cpus                 :     0.61        1         1 
	   Disk (KB)            :   803           1 479779449 
	   Memory (MB)          :    21        7900      8033 
...
000 (847047.000.000) 08/16 03:54:52 Job submitted from host: <172.20.3.187:9618?addrs=172.20.3.187-9618&noUDP&sock=2043_e813_3>
...
001 (847047.000.000) 08/16 06:21:13 Job executing on host: <172.20.225.2:9618?addrs=172.20.225.2-9618&noUDP&sock=3424_285d_3>
...
006 (847047.000.000) 08/16 06:21:22 Image size of job updated: 21120
	21  -  MemoryUsage of job (MB)
	21120  -  ResidentSetSize of job (KB)
...
006 (847047.000.000) 08/16 06:26:23 Image size of job updated: 4971328
	4855  -  MemoryUsage of job (MB)
	4971328  -  ResidentSetSize of job (KB)
...
006 (847047.000.000) 08/16 06:31:23 Image size of job updated: 4971432
	4855  -  MemoryUsage of job (MB)
	4971432  -  ResidentSetSize of job (KB)
...
006 (847047.000.000) 08/16 06:36:24 Image size of job updated: 5927804
	5789  -  MemoryUsage of job (MB)
	5927804  -  ResidentSetSize of job (KB)
...
006 (847047.000.000) 08/16 06:41:25 Image size of job updated: 7007688
	6844  -  MemoryUsage of job (MB)
	7007688  -  ResidentSetSize of job (KB)
...
006 (847047.000.000) 08/16 06:43:07 Image size of job updated: 7007688
	6844  -  MemoryUsage of job (MB)
	7007696  -  ResidentSetSize of job (KB)
...
005 (847047.000.000) 08/16 06:43:07 Job terminated.
	(1) Normal termination (return value 0)
		Usr 0 00:23:13, Sys 0 00:00:31  -  Run Remote Usage
		Usr 0 00:00:00, Sys 0 00:00:00  -  Run Local Usage
		Usr 0 00:23:13, Sys 0 00:00:31  -  Total Remote Usage
		Usr 0 00:00:00, Sys 0 00:00:00  -  Total Local Usage
	1220  -  Run Bytes Sent By Job
	397  -  Run Bytes Received By Job
	1220  -  Total Bytes Sent By Job
	397  -  Total Bytes Received By Job
	Partitionable Resources :    Usage  Request Allocated 
	   Cpus                 :     0.98        1         1 
	   Disk (KB)            :   802           1 479786084 
	   Memory (MB)          :  6844        7900      8033 
...
