000 (839790.000.000) 08/15 13:25:08 Job submitted from host: <172.20.3.187:9618?addrs=172.20.3.187-9618&noUDP&sock=2043_e813_3>
...
001 (839790.000.000) 08/15 13:48:58 Job executing on host: <172.20.225.4:9618?addrs=172.20.225.4-9618&noUDP&sock=3366_5fdf_3>
...
006 (839790.000.000) 08/15 13:49:07 Image size of job updated: 21120
	21  -  MemoryUsage of job (MB)
	21120  -  ResidentSetSize of job (KB)
...
006 (839790.000.000) 08/15 13:49:58 Image size of job updated: 86068
	21  -  MemoryUsage of job (MB)
	21120  -  ResidentSetSize of job (KB)
...
005 (839790.000.000) 08/15 13:49:58 Job terminated.
	(1) Normal termination (return value 1)
		Usr 0 00:00:09, Sys 0 00:00:00  -  Run Remote Usage
		Usr 0 00:00:00, Sys 0 00:00:00  -  Run Local Usage
		Usr 0 00:00:09, Sys 0 00:00:00  -  Total Remote Usage
		Usr 0 00:00:00, Sys 0 00:00:00  -  Total Local Usage
	1434  -  Run Bytes Sent By Job
	397  -  Run Bytes Received By Job
	1434  -  Total Bytes Sent By Job
	397  -  Total Bytes Received By Job
	Partitionable Resources :    Usage  Request Allocated 
	   Cpus                 :     0.33        1         1 
	   Disk (KB)            :   803           1 479779449 
	   Memory (MB)          :    21        7900      8033 
...
000 (845783.000.000) 08/16 03:53:32 Job submitted from host: <172.20.3.187:9618?addrs=172.20.3.187-9618&noUDP&sock=2043_e813_3>
...
001 (845783.000.000) 08/16 04:42:11 Job executing on host: <172.20.225.2:9618?addrs=172.20.225.2-9618&noUDP&sock=3424_285d_3>
...
006 (845783.000.000) 08/16 04:42:20 Image size of job updated: 21120
	21  -  MemoryUsage of job (MB)
	21120  -  ResidentSetSize of job (KB)
...
006 (845783.000.000) 08/16 04:47:21 Image size of job updated: 4917492
	4803  -  MemoryUsage of job (MB)
	4917492  -  ResidentSetSize of job (KB)
...
006 (845783.000.000) 08/16 04:52:22 Image size of job updated: 4917596
	4803  -  MemoryUsage of job (MB)
	4917596  -  ResidentSetSize of job (KB)
...
006 (845783.000.000) 08/16 04:57:23 Image size of job updated: 5873952
	5737  -  MemoryUsage of job (MB)
	5873952  -  ResidentSetSize of job (KB)
...
006 (845783.000.000) 08/16 05:02:24 Image size of job updated: 5992948
	5853  -  MemoryUsage of job (MB)
	5992948  -  ResidentSetSize of job (KB)
...
006 (845783.000.000) 08/16 05:04:36 Image size of job updated: 5992948
	5853  -  MemoryUsage of job (MB)
	5992984  -  ResidentSetSize of job (KB)
...
005 (845783.000.000) 08/16 05:04:36 Job terminated.
	(1) Normal termination (return value 0)
		Usr 0 00:21:27, Sys 0 00:00:28  -  Run Remote Usage
		Usr 0 00:00:00, Sys 0 00:00:00  -  Run Local Usage
		Usr 0 00:21:27, Sys 0 00:00:28  -  Total Remote Usage
		Usr 0 00:00:00, Sys 0 00:00:00  -  Total Local Usage
	1219  -  Run Bytes Sent By Job
	397  -  Run Bytes Received By Job
	1219  -  Total Bytes Sent By Job
	397  -  Total Bytes Received By Job
	Partitionable Resources :    Usage  Request Allocated 
	   Cpus                 :     0.96        1         1 
	   Disk (KB)            :   802           1 479786084 
	   Memory (MB)          :  5853        7900      8033 
...
