000 (843008.000.000) 08/15 13:28:37 Job submitted from host: <172.20.3.187:9618?addrs=172.20.3.187-9618&noUDP&sock=2043_e813_3>
...
001 (843008.000.000) 08/15 17:09:00 Job executing on host: <172.20.225.8:9618?addrs=172.20.225.8-9618&noUDP&sock=3440_21e1_3>
...
006 (843008.000.000) 08/15 17:09:08 Image size of job updated: 21124
	21  -  MemoryUsage of job (MB)
	21124  -  ResidentSetSize of job (KB)
...
006 (843008.000.000) 08/15 17:14:08 Image size of job updated: 5245568
	5123  -  MemoryUsage of job (MB)
	5245568  -  ResidentSetSize of job (KB)
...
006 (843008.000.000) 08/15 17:19:09 Image size of job updated: 6201740
	6057  -  MemoryUsage of job (MB)
	6201740  -  ResidentSetSize of job (KB)
...
006 (843008.000.000) 08/15 17:24:10 Image size of job updated: 6203136
	6058  -  MemoryUsage of job (MB)
	6203136  -  ResidentSetSize of job (KB)
...
006 (843008.000.000) 08/15 17:29:10 Image size of job updated: 6795024
	6636  -  MemoryUsage of job (MB)
	6795024  -  ResidentSetSize of job (KB)
...
005 (843008.000.000) 08/15 17:29:56 Job terminated.
	(1) Normal termination (return value 0)
		Usr 0 00:22:57, Sys 0 00:00:31  -  Run Remote Usage
		Usr 0 00:00:00, Sys 0 00:00:00  -  Run Local Usage
		Usr 0 00:22:57, Sys 0 00:00:31  -  Total Remote Usage
		Usr 0 00:00:00, Sys 0 00:00:00  -  Total Local Usage
	1229  -  Run Bytes Sent By Job
	404  -  Run Bytes Received By Job
	1229  -  Total Bytes Sent By Job
	404  -  Total Bytes Received By Job
	Partitionable Resources :    Usage  Request Allocated 
	   Cpus                 :     0.99        1         1 
	   Disk (KB)            :   802           1 479737977 
	   Memory (MB)          :  6636        7900      8033 
...
