000 (844066.000.000) 08/15 13:29:47 Job submitted from host: <172.20.3.187:9618?addrs=172.20.3.187-9618&noUDP&sock=2043_e813_3>
...
001 (844066.000.000) 08/15 17:58:04 Job executing on host: <172.20.225.5:9618?addrs=172.20.225.5-9618&noUDP&sock=3375_8c39_3>
...
006 (844066.000.000) 08/15 17:58:13 Image size of job updated: 21120
	21  -  MemoryUsage of job (MB)
	21120  -  ResidentSetSize of job (KB)
...
006 (844066.000.000) 08/15 18:03:13 Image size of job updated: 4996576
	4880  -  MemoryUsage of job (MB)
	4996576  -  ResidentSetSize of job (KB)
...
006 (844066.000.000) 08/15 18:08:13 Image size of job updated: 4996680
	4880  -  MemoryUsage of job (MB)
	4996680  -  ResidentSetSize of job (KB)
...
006 (844066.000.000) 08/15 18:13:14 Image size of job updated: 5953040
	5814  -  MemoryUsage of job (MB)
	5953040  -  ResidentSetSize of job (KB)
...
006 (844066.000.000) 08/15 18:18:14 Image size of job updated: 6225564
	6080  -  MemoryUsage of job (MB)
	6225564  -  ResidentSetSize of job (KB)
...
006 (844066.000.000) 08/15 18:20:58 Image size of job updated: 9498280
	6080  -  MemoryUsage of job (MB)
	6225564  -  ResidentSetSize of job (KB)
...
005 (844066.000.000) 08/15 18:20:58 Job terminated.
	(1) Normal termination (return value 0)
		Usr 0 00:22:48, Sys 0 00:00:25  -  Run Remote Usage
		Usr 0 00:00:00, Sys 0 00:00:00  -  Run Local Usage
		Usr 0 00:22:48, Sys 0 00:00:25  -  Total Remote Usage
		Usr 0 00:00:00, Sys 0 00:00:00  -  Total Local Usage
	1222  -  Run Bytes Sent By Job
	397  -  Run Bytes Received By Job
	1222  -  Total Bytes Sent By Job
	397  -  Total Bytes Received By Job
	Partitionable Resources :    Usage  Request Allocated 
	   Cpus                 :     0.79        1         1 
	   Disk (KB)            :   803           1 479749220 
	   Memory (MB)          :  6080        7900      8033 
...
