000 (838006.000.000) 08/15 12:24:45 Job submitted from host: <172.20.3.187:9618?addrs=172.20.3.187-9618&noUDP&sock=2043_e813_3>
...
001 (838006.000.000) 08/15 12:37:05 Job executing on host: <172.20.225.2:9618?addrs=172.20.225.2-9618&noUDP&sock=3424_285d_3>
...
006 (838006.000.000) 08/15 12:37:13 Image size of job updated: 21112
	21  -  MemoryUsage of job (MB)
	21112  -  ResidentSetSize of job (KB)
...
005 (838006.000.000) 08/15 12:38:03 Job terminated.
	(1) Normal termination (return value 1)
		Usr 0 00:00:13, Sys 0 00:00:02  -  Run Remote Usage
		Usr 0 00:00:00, Sys 0 00:00:00  -  Run Local Usage
		Usr 0 00:00:13, Sys 0 00:00:02  -  Total Remote Usage
		Usr 0 00:00:00, Sys 0 00:00:00  -  Total Local Usage
	1434  -  Run Bytes Sent By Job
	394  -  Run Bytes Received By Job
	1434  -  Total Bytes Sent By Job
	394  -  Total Bytes Received By Job
	Partitionable Resources :    Usage  Request Allocated 
	   Cpus                 :     0.49        1         1 
	   Disk (KB)            :   803           1 479786084 
	   Memory (MB)          :    21        7900      8033 
...
000 (841022.000.000) 08/15 13:26:28 Job submitted from host: <172.20.3.187:9618?addrs=172.20.3.187-9618&noUDP&sock=2043_e813_3>
...
001 (841022.000.000) 08/15 14:54:11 Job executing on host: <172.20.225.4:9618?addrs=172.20.225.4-9618&noUDP&sock=3366_5fdf_3>
...
006 (841022.000.000) 08/15 14:54:20 Image size of job updated: 21108
	21  -  MemoryUsage of job (MB)
	21108  -  ResidentSetSize of job (KB)
...
006 (841022.000.000) 08/15 14:55:02 Image size of job updated: 27356
	21  -  MemoryUsage of job (MB)
	21108  -  ResidentSetSize of job (KB)
...
005 (841022.000.000) 08/15 14:55:02 Job terminated.
	(1) Normal termination (return value 1)
		Usr 0 00:00:09, Sys 0 00:00:01  -  Run Remote Usage
		Usr 0 00:00:00, Sys 0 00:00:00  -  Run Local Usage
		Usr 0 00:00:09, Sys 0 00:00:01  -  Total Remote Usage
		Usr 0 00:00:00, Sys 0 00:00:00  -  Total Local Usage
	1433  -  Run Bytes Sent By Job
	394  -  Run Bytes Received By Job
	1433  -  Total Bytes Sent By Job
	394  -  Total Bytes Received By Job
	Partitionable Resources :    Usage  Request Allocated 
	   Cpus                 :     0.48        1         1 
	   Disk (KB)            :   803           1 479779449 
	   Memory (MB)          :    21        7900      8033 
...
000 (846232.000.000) 08/16 03:54:01 Job submitted from host: <172.20.3.187:9618?addrs=172.20.3.187-9618&noUDP&sock=2043_e813_3>
...
001 (846232.000.000) 08/16 05:14:08 Job executing on host: <172.20.225.8:9618?addrs=172.20.225.8-9618&noUDP&sock=3440_21e1_3>
...
006 (846232.000.000) 08/16 05:14:17 Image size of job updated: 21108
	21  -  MemoryUsage of job (MB)
	21108  -  ResidentSetSize of job (KB)
...
006 (846232.000.000) 08/16 05:19:19 Image size of job updated: 4941396
	4826  -  MemoryUsage of job (MB)
	4941396  -  ResidentSetSize of job (KB)
...
006 (846232.000.000) 08/16 05:24:19 Image size of job updated: 4941484
	4826  -  MemoryUsage of job (MB)
	4941484  -  ResidentSetSize of job (KB)
...
006 (846232.000.000) 08/16 05:29:19 Image size of job updated: 5897864
	5760  -  MemoryUsage of job (MB)
	5897864  -  ResidentSetSize of job (KB)
...
006 (846232.000.000) 08/16 05:34:20 Image size of job updated: 6648148
	6493  -  MemoryUsage of job (MB)
	6647832  -  ResidentSetSize of job (KB)
...
005 (846232.000.000) 08/16 05:34:26 Job terminated.
	(1) Normal termination (return value 0)
		Usr 0 00:21:57, Sys 0 00:00:28  -  Run Remote Usage
		Usr 0 00:00:00, Sys 0 00:00:00  -  Run Local Usage
		Usr 0 00:21:57, Sys 0 00:00:28  -  Total Remote Usage
		Usr 0 00:00:00, Sys 0 00:00:00  -  Total Local Usage
	1215  -  Run Bytes Sent By Job
	394  -  Run Bytes Received By Job
	1215  -  Total Bytes Sent By Job
	394  -  Total Bytes Received By Job
	Partitionable Resources :    Usage  Request Allocated 
	   Cpus                 :     1.00        1         1 
	   Disk (KB)            :   802           1 479737977 
	   Memory (MB)          :  6493        7900      8033 
...
