000 (841277.000.000) 08/15 13:26:45 Job submitted from host: <172.20.3.187:9618?addrs=172.20.3.187-9618&noUDP&sock=2043_e813_3>
...
001 (841277.000.000) 08/15 15:01:59 Job executing on host: <172.20.225.6:9618?addrs=172.20.225.6-9618&noUDP&sock=3382_5963_3>
...
006 (841277.000.000) 08/15 15:02:07 Image size of job updated: 21108
	21  -  MemoryUsage of job (MB)
	21108  -  ResidentSetSize of job (KB)
...
005 (841277.000.000) 08/15 15:02:53 Job terminated.
	(1) Normal termination (return value 1)
		Usr 0 00:00:10, Sys 0 00:00:00  -  Run Remote Usage
		Usr 0 00:00:00, Sys 0 00:00:00  -  Run Local Usage
		Usr 0 00:00:10, Sys 0 00:00:00  -  Total Remote Usage
		Usr 0 00:00:00, Sys 0 00:00:00  -  Total Local Usage
	1434  -  Run Bytes Sent By Job
	400  -  Run Bytes Received By Job
	1434  -  Total Bytes Sent By Job
	400  -  Total Bytes Received By Job
	Partitionable Resources :    Usage  Request Allocated 
	   Cpus                 :     0.51        1         1 
	   Disk (KB)            :   803           1 479749220 
	   Memory (MB)          :    21        7900      8033 
...
000 (846391.000.000) 08/16 03:54:11 Job submitted from host: <172.20.3.187:9618?addrs=172.20.3.187-9618&noUDP&sock=2043_e813_3>
...
001 (846391.000.000) 08/16 05:30:15 Job executing on host: <172.20.225.6:9618?addrs=172.20.225.6-9618&noUDP&sock=3382_5963_3>
...
006 (846391.000.000) 08/16 05:30:23 Image size of job updated: 21120
	21  -  MemoryUsage of job (MB)
	21120  -  ResidentSetSize of job (KB)
...
006 (846391.000.000) 08/16 05:35:23 Image size of job updated: 4919384
	4805  -  MemoryUsage of job (MB)
	4919384  -  ResidentSetSize of job (KB)
...
006 (846391.000.000) 08/16 05:40:25 Image size of job updated: 4919488
	4805  -  MemoryUsage of job (MB)
	4919488  -  ResidentSetSize of job (KB)
...
006 (846391.000.000) 08/16 05:45:24 Image size of job updated: 5875860
	5739  -  MemoryUsage of job (MB)
	5875860  -  ResidentSetSize of job (KB)
...
006 (846391.000.000) 08/16 05:50:25 Image size of job updated: 6009632
	5869  -  MemoryUsage of job (MB)
	6009104  -  ResidentSetSize of job (KB)
...
006 (846391.000.000) 08/16 05:52:51 Image size of job updated: 6009632
	5869  -  MemoryUsage of job (MB)
	6009132  -  ResidentSetSize of job (KB)
...
005 (846391.000.000) 08/16 05:52:51 Job terminated.
	(1) Normal termination (return value 0)
		Usr 0 00:21:32, Sys 0 00:00:28  -  Run Remote Usage
		Usr 0 00:00:00, Sys 0 00:00:00  -  Run Local Usage
		Usr 0 00:21:32, Sys 0 00:00:28  -  Total Remote Usage
		Usr 0 00:00:00, Sys 0 00:00:00  -  Total Local Usage
	1222  -  Run Bytes Sent By Job
	400  -  Run Bytes Received By Job
	1222  -  Total Bytes Sent By Job
	400  -  Total Bytes Received By Job
	Partitionable Resources :    Usage  Request Allocated 
	   Cpus                 :     0.74        1         1 
	   Disk (KB)            :   802           1 479749220 
	   Memory (MB)          :  5869        7900      8033 
...
