000 (840297.000.000) 08/15 13:25:41 Job submitted from host: <172.20.3.187:9618?addrs=172.20.3.187-9618&noUDP&sock=2043_e813_3>
...
001 (840297.000.000) 08/15 14:27:58 Job executing on host: <172.20.225.4:9618?addrs=172.20.225.4-9618&noUDP&sock=3366_5fdf_3>
...
006 (840297.000.000) 08/15 14:28:06 Image size of job updated: 21116
	21  -  MemoryUsage of job (MB)
	21116  -  ResidentSetSize of job (KB)
...
006 (840297.000.000) 08/15 14:33:06 Image size of job updated: 5055384
	4937  -  MemoryUsage of job (MB)
	5055384  -  ResidentSetSize of job (KB)
...
006 (840297.000.000) 08/15 14:38:07 Image size of job updated: 5055544
	4938  -  MemoryUsage of job (MB)
	5055512  -  ResidentSetSize of job (KB)
...
006 (840297.000.000) 08/15 14:43:08 Image size of job updated: 6011880
	5871  -  MemoryUsage of job (MB)
	6011880  -  ResidentSetSize of job (KB)
...
006 (840297.000.000) 08/15 14:48:09 Image size of job updated: 6128480
	5985  -  MemoryUsage of job (MB)
	6128480  -  ResidentSetSize of job (KB)
...
006 (840297.000.000) 08/15 14:51:00 Image size of job updated: 6128480
	5985  -  MemoryUsage of job (MB)
	6128504  -  ResidentSetSize of job (KB)
...
005 (840297.000.000) 08/15 14:51:00 Job terminated.
	(1) Normal termination (return value 0)
		Usr 0 00:22:28, Sys 0 00:00:31  -  Run Remote Usage
		Usr 0 00:00:00, Sys 0 00:00:00  -  Run Local Usage
		Usr 0 00:22:28, Sys 0 00:00:31  -  Total Remote Usage
		Usr 0 00:00:00, Sys 0 00:00:00  -  Total Local Usage
	1229  -  Run Bytes Sent By Job
	404  -  Run Bytes Received By Job
	1229  -  Total Bytes Sent By Job
	404  -  Total Bytes Received By Job
	Partitionable Resources :    Usage  Request Allocated 
	   Cpus                 :     0.56        1         1 
	   Disk (KB)            :   803           1 479779449 
	   Memory (MB)          :  5985        7900      8033 
...
