000 (841957.000.000) 08/15 13:27:29 Job submitted from host: <172.20.3.187:9618?addrs=172.20.3.187-9618&noUDP&sock=2043_e813_3>
...
001 (841957.000.000) 08/15 15:59:00 Job executing on host: <172.20.225.6:9618?addrs=172.20.225.6-9618&noUDP&sock=3382_5963_3>
...
006 (841957.000.000) 08/15 15:59:09 Image size of job updated: 21116
	21  -  MemoryUsage of job (MB)
	21116  -  ResidentSetSize of job (KB)
...
006 (841957.000.000) 08/15 16:00:01 Image size of job updated: 30016
	21  -  MemoryUsage of job (MB)
	21116  -  ResidentSetSize of job (KB)
...
005 (841957.000.000) 08/15 16:00:01 Job terminated.
	(1) Normal termination (return value 1)
		Usr 0 00:00:13, Sys 0 00:00:01  -  Run Remote Usage
		Usr 0 00:00:00, Sys 0 00:00:00  -  Run Local Usage
		Usr 0 00:00:13, Sys 0 00:00:01  -  Total Remote Usage
		Usr 0 00:00:00, Sys 0 00:00:00  -  Total Local Usage
	1435  -  Run Bytes Sent By Job
	394  -  Run Bytes Received By Job
	1435  -  Total Bytes Sent By Job
	394  -  Total Bytes Received By Job
	Partitionable Resources :    Usage  Request Allocated 
	   Cpus                 :        0        1         1 
	   Disk (KB)            :      803        1 479749220 
	   Memory (MB)          :       21     7900      8033 
...
000 (846483.000.000) 08/16 03:54:17 Job submitted from host: <172.20.3.187:9618?addrs=172.20.3.187-9618&noUDP&sock=2043_e813_3>
...
001 (846483.000.000) 08/16 05:31:14 Job executing on host: <172.20.225.5:9618?addrs=172.20.225.5-9618&noUDP&sock=3375_8c39_3>
...
006 (846483.000.000) 08/16 05:31:23 Image size of job updated: 21112
	21  -  MemoryUsage of job (MB)
	21112  -  ResidentSetSize of job (KB)
...
006 (846483.000.000) 08/16 05:36:24 Image size of job updated: 4961592
	4846  -  MemoryUsage of job (MB)
	4961592  -  ResidentSetSize of job (KB)
...
006 (846483.000.000) 08/16 05:41:25 Image size of job updated: 4961692
	4846  -  MemoryUsage of job (MB)
	4961692  -  ResidentSetSize of job (KB)
...
006 (846483.000.000) 08/16 05:46:25 Image size of job updated: 5918064
	5780  -  MemoryUsage of job (MB)
	5918064  -  ResidentSetSize of job (KB)
...
006 (846483.000.000) 08/16 05:51:25 Image size of job updated: 6027992
	5887  -  MemoryUsage of job (MB)
	6027992  -  ResidentSetSize of job (KB)
...
006 (846483.000.000) 08/16 05:56:26 Image size of job updated: 6027992
	5887  -  MemoryUsage of job (MB)
	6028012  -  ResidentSetSize of job (KB)
...
005 (846483.000.000) 08/16 05:56:26 Job terminated.
	(1) Normal termination (return value 0)
		Usr 0 00:23:39, Sys 0 00:00:29  -  Run Remote Usage
		Usr 0 00:00:00, Sys 0 00:00:00  -  Run Local Usage
		Usr 0 00:23:39, Sys 0 00:00:29  -  Total Remote Usage
		Usr 0 00:00:00, Sys 0 00:00:00  -  Total Local Usage
	1217  -  Run Bytes Sent By Job
	394  -  Run Bytes Received By Job
	1217  -  Total Bytes Sent By Job
	394  -  Total Bytes Received By Job
	Partitionable Resources :    Usage  Request Allocated 
	   Cpus                 :     0.63        1         1 
	   Disk (KB)            :   802           1 479749220 
	   Memory (MB)          :  5887        7900      8033 
...
