000 (841407.000.000) 08/15 13:26:53 Job submitted from host: <172.20.3.187:9618?addrs=172.20.3.187-9618&noUDP&sock=2043_e813_3>
...
001 (841407.000.000) 08/15 15:16:01 Job executing on host: <172.20.225.6:9618?addrs=172.20.225.6-9618&noUDP&sock=3382_5963_3>
...
006 (841407.000.000) 08/15 15:16:11 Image size of job updated: 21112
	21  -  MemoryUsage of job (MB)
	21112  -  ResidentSetSize of job (KB)
...
006 (841407.000.000) 08/15 15:21:11 Image size of job updated: 4987384
	4871  -  MemoryUsage of job (MB)
	4987384  -  ResidentSetSize of job (KB)
...
006 (841407.000.000) 08/15 15:26:12 Image size of job updated: 5943552
	5805  -  MemoryUsage of job (MB)
	5943552  -  ResidentSetSize of job (KB)
...
006 (841407.000.000) 08/15 15:31:12 Image size of job updated: 5944936
	5806  -  MemoryUsage of job (MB)
	5944936  -  ResidentSetSize of job (KB)
...
006 (841407.000.000) 08/15 15:36:14 Image size of job updated: 6463300
	6312  -  MemoryUsage of job (MB)
	6463300  -  ResidentSetSize of job (KB)
...
005 (841407.000.000) 08/15 15:38:01 Job terminated.
	(1) Normal termination (return value 0)
		Usr 0 00:22:22, Sys 0 00:00:31  -  Run Remote Usage
		Usr 0 00:00:00, Sys 0 00:00:00  -  Run Local Usage
		Usr 0 00:22:22, Sys 0 00:00:31  -  Total Remote Usage
		Usr 0 00:00:00, Sys 0 00:00:00  -  Total Local Usage
	1225  -  Run Bytes Sent By Job
	402  -  Run Bytes Received By Job
	1225  -  Total Bytes Sent By Job
	402  -  Total Bytes Received By Job
	Partitionable Resources :    Usage  Request Allocated 
	   Cpus                 :     0.59        1         1 
	   Disk (KB)            :   802           1 479749220 
	   Memory (MB)          :  6312        7900      8033 
...
