000 (842299.000.000) 08/15 13:27:51 Job submitted from host: <172.20.3.187:9618?addrs=172.20.3.187-9618&noUDP&sock=2043_e813_3>
...
001 (842299.000.000) 08/15 16:10:13 Job executing on host: <172.20.225.4:9618?addrs=172.20.225.4-9618&noUDP&sock=3366_5fdf_3>
...
006 (842299.000.000) 08/15 16:10:21 Image size of job updated: 21112
	21  -  MemoryUsage of job (MB)
	21112  -  ResidentSetSize of job (KB)
...
005 (842299.000.000) 08/15 16:11:10 Job terminated.
	(1) Normal termination (return value 1)
		Usr 0 00:00:10, Sys 0 00:00:01  -  Run Remote Usage
		Usr 0 00:00:00, Sys 0 00:00:00  -  Run Local Usage
		Usr 0 00:00:10, Sys 0 00:00:01  -  Total Remote Usage
		Usr 0 00:00:00, Sys 0 00:00:00  -  Total Local Usage
	1435  -  Run Bytes Sent By Job
	397  -  Run Bytes Received By Job
	1435  -  Total Bytes Sent By Job
	397  -  Total Bytes Received By Job
	Partitionable Resources :    Usage  Request Allocated 
	   Cpus                 :     0.54        1         1 
	   Disk (KB)            :   803           1 479779449 
	   Memory (MB)          :    21        7900      8033 
...
000 (846622.000.000) 08/16 03:54:26 Job submitted from host: <172.20.3.187:9618?addrs=172.20.3.187-9618&noUDP&sock=2043_e813_3>
...
001 (846622.000.000) 08/16 05:50:10 Job executing on host: <172.20.225.2:9618?addrs=172.20.225.2-9618&noUDP&sock=3424_285d_3>
...
006 (846622.000.000) 08/16 05:50:19 Image size of job updated: 21120
	21  -  MemoryUsage of job (MB)
	21120  -  ResidentSetSize of job (KB)
...
006 (846622.000.000) 08/16 05:55:21 Image size of job updated: 4953204
	4838  -  MemoryUsage of job (MB)
	4953204  -  ResidentSetSize of job (KB)
...
006 (846622.000.000) 08/16 06:00:22 Image size of job updated: 5909380
	5771  -  MemoryUsage of job (MB)
	5909380  -  ResidentSetSize of job (KB)
...
006 (846622.000.000) 08/16 06:05:22 Image size of job updated: 5915456
	5777  -  MemoryUsage of job (MB)
	5915456  -  ResidentSetSize of job (KB)
...
006 (846622.000.000) 08/16 06:10:23 Image size of job updated: 7144172
	6977  -  MemoryUsage of job (MB)
	7144172  -  ResidentSetSize of job (KB)
...
005 (846622.000.000) 08/16 06:11:46 Job terminated.
	(1) Normal termination (return value 0)
		Usr 0 00:22:53, Sys 0 00:00:34  -  Run Remote Usage
		Usr 0 00:00:00, Sys 0 00:00:00  -  Run Local Usage
		Usr 0 00:22:53, Sys 0 00:00:34  -  Total Remote Usage
		Usr 0 00:00:00, Sys 0 00:00:00  -  Total Local Usage
	1220  -  Run Bytes Sent By Job
	397  -  Run Bytes Received By Job
	1220  -  Total Bytes Sent By Job
	397  -  Total Bytes Received By Job
	Partitionable Resources :    Usage  Request Allocated 
	   Cpus                 :     0.60        1         1 
	   Disk (KB)            :   802           1 479786084 
	   Memory (MB)          :  6977        7900      8033 
...
