000 (839349.000.000) 08/15 13:24:40 Job submitted from host: <172.20.3.187:9618?addrs=172.20.3.187-9618&noUDP&sock=2043_e813_3>
...
001 (839349.000.000) 08/15 13:39:03 Job executing on host: <172.20.225.2:9618?addrs=172.20.225.2-9618&noUDP&sock=3424_285d_3>
...
006 (839349.000.000) 08/15 13:39:12 Image size of job updated: 21112
	21  -  MemoryUsage of job (MB)
	21112  -  ResidentSetSize of job (KB)
...
006 (839349.000.000) 08/15 13:40:04 Image size of job updated: 4269224
	21  -  MemoryUsage of job (MB)
	21112  -  ResidentSetSize of job (KB)
...
005 (839349.000.000) 08/15 13:40:05 Job terminated.
	(1) Normal termination (return value 1)
		Usr 0 00:00:34, Sys 0 00:00:01  -  Run Remote Usage
		Usr 0 00:00:00, Sys 0 00:00:00  -  Run Local Usage
		Usr 0 00:00:34, Sys 0 00:00:01  -  Total Remote Usage
		Usr 0 00:00:00, Sys 0 00:00:00  -  Total Local Usage
	1437  -  Run Bytes Sent By Job
	395  -  Run Bytes Received By Job
	1437  -  Total Bytes Sent By Job
	395  -  Total Bytes Received By Job
	Partitionable Resources :    Usage  Request Allocated 
	   Cpus                 :     0.96        1         1 
	   Disk (KB)            :   803           1 479786084 
	   Memory (MB)          :    21        7900      8033 
...
000 (845551.000.000) 08/16 03:53:17 Job submitted from host: <172.20.3.187:9618?addrs=172.20.3.187-9618&noUDP&sock=2043_e813_3>
...
001 (845551.000.000) 08/16 04:17:20 Job executing on host: <172.20.225.5:9618?addrs=172.20.225.5-9618&noUDP&sock=3375_8c39_3>
...
006 (845551.000.000) 08/16 04:17:28 Image size of job updated: 21124
	21  -  MemoryUsage of job (MB)
	21124  -  ResidentSetSize of job (KB)
...
006 (845551.000.000) 08/16 04:22:28 Image size of job updated: 5079908
	4960  -  MemoryUsage of job (MB)
	5078852  -  ResidentSetSize of job (KB)
...
006 (845551.000.000) 08/16 04:27:29 Image size of job updated: 5079908
	4960  -  MemoryUsage of job (MB)
	5078980  -  ResidentSetSize of job (KB)
...
006 (845551.000.000) 08/16 04:32:30 Image size of job updated: 6035168
	5894  -  MemoryUsage of job (MB)
	6035168  -  ResidentSetSize of job (KB)
...
006 (845551.000.000) 08/16 04:37:30 Image size of job updated: 6043936
	5903  -  MemoryUsage of job (MB)
	6043936  -  ResidentSetSize of job (KB)
...
006 (845551.000.000) 08/16 04:41:58 Image size of job updated: 21514288
	5903  -  MemoryUsage of job (MB)
	6043936  -  ResidentSetSize of job (KB)
...
005 (845551.000.000) 08/16 04:41:58 Job terminated.
	(1) Normal termination (return value 0)
		Usr 0 00:23:15, Sys 0 00:00:27  -  Run Remote Usage
		Usr 0 00:00:00, Sys 0 00:00:00  -  Run Local Usage
		Usr 0 00:23:15, Sys 0 00:00:27  -  Total Remote Usage
		Usr 0 00:00:00, Sys 0 00:00:00  -  Total Local Usage
	1220  -  Run Bytes Sent By Job
	395  -  Run Bytes Received By Job
	1220  -  Total Bytes Sent By Job
	395  -  Total Bytes Received By Job
	Partitionable Resources :    Usage  Request Allocated 
	   Cpus                 :     0.86        1         1 
	   Disk (KB)            :   802           1 479749220 
	   Memory (MB)          :  5903        7900      8033 
...
