000 (844526.000.000) 08/15 13:30:17 Job submitted from host: <172.20.3.187:9618?addrs=172.20.3.187-9618&noUDP&sock=2043_e813_3>
...
001 (844526.000.000) 08/15 18:43:01 Job executing on host: <172.20.225.8:9618?addrs=172.20.225.8-9618&noUDP&sock=3440_21e1_3>
...
006 (844526.000.000) 08/15 18:43:10 Image size of job updated: 21120
	21  -  MemoryUsage of job (MB)
	21120  -  ResidentSetSize of job (KB)
...
006 (844526.000.000) 08/15 18:48:11 Image size of job updated: 5302532
	5179  -  MemoryUsage of job (MB)
	5302532  -  ResidentSetSize of job (KB)
...
006 (844526.000.000) 08/15 18:53:12 Image size of job updated: 6258704
	6113  -  MemoryUsage of job (MB)
	6258704  -  ResidentSetSize of job (KB)
...
006 (844526.000.000) 08/15 18:58:12 Image size of job updated: 6259012
	6113  -  MemoryUsage of job (MB)
	6259012  -  ResidentSetSize of job (KB)
...
006 (844526.000.000) 08/15 19:03:12 Image size of job updated: 6654176
	6499  -  MemoryUsage of job (MB)
	6654176  -  ResidentSetSize of job (KB)
...
006 (844526.000.000) 08/15 19:05:43 Image size of job updated: 6654176
	6499  -  MemoryUsage of job (MB)
	6654204  -  ResidentSetSize of job (KB)
...
005 (844526.000.000) 08/15 19:05:43 Job terminated.
	(1) Normal termination (return value 0)
		Usr 0 00:23:05, Sys 0 00:00:33  -  Run Remote Usage
		Usr 0 00:00:00, Sys 0 00:00:00  -  Run Local Usage
		Usr 0 00:23:05, Sys 0 00:00:33  -  Total Remote Usage
		Usr 0 00:00:00, Sys 0 00:00:00  -  Total Local Usage
	1229  -  Run Bytes Sent By Job
	404  -  Run Bytes Received By Job
	1229  -  Total Bytes Sent By Job
	404  -  Total Bytes Received By Job
	Partitionable Resources :    Usage  Request Allocated 
	   Cpus                 :     0.65        1         1 
	   Disk (KB)            :   802           1 479737977 
	   Memory (MB)          :  6499        7900      8033 
...
