000 (839110.000.000) 08/15 13:24:24 Job submitted from host: <172.20.3.187:9618?addrs=172.20.3.187-9618&noUDP&sock=2043_e813_3>
...
001 (839110.000.000) 08/15 13:37:50 Job executing on host: <172.20.225.6:9618?addrs=172.20.225.6-9618&noUDP&sock=3382_5963_3>
...
006 (839110.000.000) 08/15 13:37:59 Image size of job updated: 20792
	21  -  MemoryUsage of job (MB)
	20792  -  ResidentSetSize of job (KB)
...
006 (839110.000.000) 08/15 13:38:27 Image size of job updated: 4271936
	21  -  MemoryUsage of job (MB)
	20792  -  ResidentSetSize of job (KB)
...
005 (839110.000.000) 08/15 13:38:28 Job terminated.
	(1) Normal termination (return value 1)
		Usr 0 00:00:23, Sys 0 00:00:02  -  Run Remote Usage
		Usr 0 00:00:00, Sys 0 00:00:00  -  Run Local Usage
		Usr 0 00:00:23, Sys 0 00:00:02  -  Total Remote Usage
		Usr 0 00:00:00, Sys 0 00:00:00  -  Total Local Usage
	1437  -  Run Bytes Sent By Job
	395  -  Run Bytes Received By Job
	1437  -  Total Bytes Sent By Job
	395  -  Total Bytes Received By Job
	Partitionable Resources :    Usage  Request Allocated 
	   Cpus                 :     0.95        1         1 
	   Disk (KB)            :   803           1 479749220 
	   Memory (MB)          :    21        7900      8033 
...
000 (845312.000.000) 08/16 03:52:42 Job submitted from host: <172.20.3.187:9618?addrs=172.20.3.187-9618&noUDP&sock=2043_e813_3>
...
001 (845312.000.000) 08/16 03:53:01 Job executing on host: <172.20.225.5:9618?addrs=172.20.225.5-9618&noUDP&sock=3375_8c39_3>
...
006 (845312.000.000) 08/16 03:53:09 Image size of job updated: 21116
	21  -  MemoryUsage of job (MB)
	21116  -  ResidentSetSize of job (KB)
...
006 (845312.000.000) 08/16 03:58:10 Image size of job updated: 5081156
	4960  -  MemoryUsage of job (MB)
	5078928  -  ResidentSetSize of job (KB)
...
006 (845312.000.000) 08/16 04:03:10 Image size of job updated: 5081260
	4960  -  MemoryUsage of job (MB)
	5079032  -  ResidentSetSize of job (KB)
...
006 (845312.000.000) 08/16 04:08:10 Image size of job updated: 6037624
	5894  -  MemoryUsage of job (MB)
	6035396  -  ResidentSetSize of job (KB)
...
006 (845312.000.000) 08/16 04:13:11 Image size of job updated: 6043532
	5900  -  MemoryUsage of job (MB)
	6041196  -  ResidentSetSize of job (KB)
...
005 (845312.000.000) 08/16 04:16:22 Job terminated.
	(1) Normal termination (return value 0)
		Usr 0 00:22:13, Sys 0 00:00:33  -  Run Remote Usage
		Usr 0 00:00:00, Sys 0 00:00:00  -  Run Local Usage
		Usr 0 00:22:13, Sys 0 00:00:33  -  Total Remote Usage
		Usr 0 00:00:00, Sys 0 00:00:00  -  Total Local Usage
	1220  -  Run Bytes Sent By Job
	395  -  Run Bytes Received By Job
	1220  -  Total Bytes Sent By Job
	395  -  Total Bytes Received By Job
	Partitionable Resources :    Usage  Request Allocated 
	   Cpus                 :     1.01        1         1 
	   Disk (KB)            :   802           1 479749220 
	   Memory (MB)          :  5900        7900      8033 
...
