000 (842934.000.000) 08/15 13:28:32 Job submitted from host: <172.20.3.187:9618?addrs=172.20.3.187-9618&noUDP&sock=2043_e813_3>
...
001 (842934.000.000) 08/15 17:00:02 Job executing on host: <172.20.225.8:9618?addrs=172.20.225.8-9618&noUDP&sock=3440_21e1_3>
...
006 (842934.000.000) 08/15 17:00:10 Image size of job updated: 21112
	21  -  MemoryUsage of job (MB)
	21112  -  ResidentSetSize of job (KB)
...
006 (842934.000.000) 08/15 17:05:10 Image size of job updated: 5306132
	5123  -  MemoryUsage of job (MB)
	5245588  -  ResidentSetSize of job (KB)
...
006 (842934.000.000) 08/15 17:10:11 Image size of job updated: 5306132
	5123  -  MemoryUsage of job (MB)
	5245720  -  ResidentSetSize of job (KB)
...
006 (842934.000.000) 08/15 17:15:12 Image size of job updated: 6202092
	6057  -  MemoryUsage of job (MB)
	6202092  -  ResidentSetSize of job (KB)
...
006 (842934.000.000) 08/15 17:20:13 Image size of job updated: 6627256
	6471  -  MemoryUsage of job (MB)
	6626104  -  ResidentSetSize of job (KB)
...
006 (842934.000.000) 08/15 17:23:25 Image size of job updated: 6627256
	6471  -  MemoryUsage of job (MB)
	6626112  -  ResidentSetSize of job (KB)
...
005 (842934.000.000) 08/15 17:23:25 Job terminated.
	(1) Normal termination (return value 0)
		Usr 0 00:23:46, Sys 0 00:00:30  -  Run Remote Usage
		Usr 0 00:00:00, Sys 0 00:00:00  -  Run Local Usage
		Usr 0 00:23:46, Sys 0 00:00:30  -  Total Remote Usage
		Usr 0 00:00:00, Sys 0 00:00:00  -  Total Local Usage
	1229  -  Run Bytes Sent By Job
	404  -  Run Bytes Received By Job
	1229  -  Total Bytes Sent By Job
	404  -  Total Bytes Received By Job
	Partitionable Resources :    Usage  Request Allocated 
	   Cpus                 :     0.54        1         1 
	   Disk (KB)            :   802           1 479737977 
	   Memory (MB)          :  6471        7900      8033 
...
