000 (839502.000.000) 08/15 13:24:50 Job submitted from host: <172.20.3.187:9618?addrs=172.20.3.187-9618&noUDP&sock=2043_e813_3>
...
001 (839502.000.000) 08/15 13:40:01 Job executing on host: <172.20.225.6:9618?addrs=172.20.225.6-9618&noUDP&sock=3382_5963_3>
...
006 (839502.000.000) 08/15 13:40:10 Image size of job updated: 21120
	21  -  MemoryUsage of job (MB)
	21120  -  ResidentSetSize of job (KB)
...
006 (839502.000.000) 08/15 13:45:10 Image size of job updated: 2207248
	2156  -  MemoryUsage of job (MB)
	2207248  -  ResidentSetSize of job (KB)
...
006 (839502.000.000) 08/15 13:50:11 Image size of job updated: 2232528
	2181  -  MemoryUsage of job (MB)
	2232528  -  ResidentSetSize of job (KB)
...
005 (839502.000.000) 08/15 13:53:15 Job terminated.
	(1) Normal termination (return value 0)
		Usr 0 00:15:49, Sys 0 00:00:16  -  Run Remote Usage
		Usr 0 00:00:00, Sys 0 00:00:00  -  Run Local Usage
		Usr 0 00:15:49, Sys 0 00:00:16  -  Total Remote Usage
		Usr 0 00:00:00, Sys 0 00:00:00  -  Total Local Usage
	1227  -  Run Bytes Sent By Job
	405  -  Run Bytes Received By Job
	1227  -  Total Bytes Sent By Job
	405  -  Total Bytes Received By Job
	Partitionable Resources :    Usage  Request Allocated 
	   Cpus                 :     1.33        1         1 
	   Disk (KB)            :   803           1 479749220 
	   Memory (MB)          :  2181        7900      8033 
...
