000 (840383.000.000) 08/15 13:25:47 Job submitted from host: <172.20.3.187:9618?addrs=172.20.3.187-9618&noUDP&sock=2043_e813_3>
...
001 (840383.000.000) 08/15 14:34:58 Job executing on host: <172.20.225.5:9618?addrs=172.20.225.5-9618&noUDP&sock=3375_8c39_3>
...
006 (840383.000.000) 08/15 14:35:07 Image size of job updated: 21116
	21  -  MemoryUsage of job (MB)
	21116  -  ResidentSetSize of job (KB)
...
006 (840383.000.000) 08/15 14:40:07 Image size of job updated: 5055540
	4938  -  MemoryUsage of job (MB)
	5055540  -  ResidentSetSize of job (KB)
...
006 (840383.000.000) 08/15 14:45:08 Image size of job updated: 5055644
	4938  -  MemoryUsage of job (MB)
	5055644  -  ResidentSetSize of job (KB)
...
006 (840383.000.000) 08/15 14:50:10 Image size of job updated: 6017808
	5877  -  MemoryUsage of job (MB)
	6017808  -  ResidentSetSize of job (KB)
...
005 (840383.000.000) 08/15 14:52:52 Job terminated.
	(1) Normal termination (return value 0)
		Usr 0 00:23:47, Sys 0 00:00:29  -  Run Remote Usage
		Usr 0 00:00:00, Sys 0 00:00:00  -  Run Local Usage
		Usr 0 00:23:47, Sys 0 00:00:29  -  Total Remote Usage
		Usr 0 00:00:00, Sys 0 00:00:00  -  Total Local Usage
	1229  -  Run Bytes Sent By Job
	404  -  Run Bytes Received By Job
	1229  -  Total Bytes Sent By Job
	404  -  Total Bytes Received By Job
	Partitionable Resources :    Usage  Request Allocated 
	   Cpus                 :     0.85        1         1 
	   Disk (KB)            :   802           1 479749220 
	   Memory (MB)          :  5877        7900      8033 
...
