000 (843504.000.000) 08/15 13:29:10 Job submitted from host: <172.20.3.187:9618?addrs=172.20.3.187-9618&noUDP&sock=2043_e813_3>
...
001 (843504.000.000) 08/15 17:49:28 Job executing on host: <172.20.225.8:9618?addrs=172.20.225.8-9618&noUDP&sock=3440_21e1_3>
...
006 (843504.000.000) 08/15 17:49:36 Image size of job updated: 21124
	21  -  MemoryUsage of job (MB)
	21124  -  ResidentSetSize of job (KB)
...
005 (843504.000.000) 08/15 17:50:28 Job terminated.
	(1) Normal termination (return value 1)
		Usr 0 00:00:12, Sys 0 00:00:01  -  Run Remote Usage
		Usr 0 00:00:00, Sys 0 00:00:00  -  Run Local Usage
		Usr 0 00:00:12, Sys 0 00:00:01  -  Total Remote Usage
		Usr 0 00:00:00, Sys 0 00:00:00  -  Total Local Usage
	1435  -  Run Bytes Sent By Job
	392  -  Run Bytes Received By Job
	1435  -  Total Bytes Sent By Job
	392  -  Total Bytes Received By Job
	Partitionable Resources :    Usage  Request Allocated 
	   Cpus                 :     0.60        1         1 
	   Disk (KB)            :   803           1 479737977 
	   Memory (MB)          :    21        7900      8033 
...
000 (846770.000.000) 08/16 03:54:35 Job submitted from host: <172.20.3.187:9618?addrs=172.20.3.187-9618&noUDP&sock=2043_e813_3>
...
001 (846770.000.000) 08/16 05:57:10 Job executing on host: <172.20.225.6:9618?addrs=172.20.225.6-9618&noUDP&sock=3382_5963_3>
...
006 (846770.000.000) 08/16 05:57:19 Image size of job updated: 21112
	21  -  MemoryUsage of job (MB)
	21112  -  ResidentSetSize of job (KB)
...
006 (846770.000.000) 08/16 06:02:20 Image size of job updated: 5009772
	4893  -  MemoryUsage of job (MB)
	5009772  -  ResidentSetSize of job (KB)
...
006 (846770.000.000) 08/16 06:07:20 Image size of job updated: 5009876
	4893  -  MemoryUsage of job (MB)
	5009876  -  ResidentSetSize of job (KB)
...
006 (846770.000.000) 08/16 06:12:21 Image size of job updated: 5966244
	5827  -  MemoryUsage of job (MB)
	5966244  -  ResidentSetSize of job (KB)
...
006 (846770.000.000) 08/16 06:17:22 Image size of job updated: 6828100
	6665  -  MemoryUsage of job (MB)
	6824896  -  ResidentSetSize of job (KB)
...
006 (846770.000.000) 08/16 06:20:17 Image size of job updated: 17562060
	6682  -  MemoryUsage of job (MB)
	6841968  -  ResidentSetSize of job (KB)
...
005 (846770.000.000) 08/16 06:20:18 Job terminated.
	(1) Normal termination (return value 0)
		Usr 0 00:22:54, Sys 0 00:00:31  -  Run Remote Usage
		Usr 0 00:00:00, Sys 0 00:00:00  -  Run Local Usage
		Usr 0 00:22:54, Sys 0 00:00:31  -  Total Remote Usage
		Usr 0 00:00:00, Sys 0 00:00:00  -  Total Local Usage
	1215  -  Run Bytes Sent By Job
	392  -  Run Bytes Received By Job
	1215  -  Total Bytes Sent By Job
	392  -  Total Bytes Received By Job
	Partitionable Resources :    Usage  Request Allocated 
	   Cpus                 :     0.57        1         1 
	   Disk (KB)            :   802           1 479749220 
	   Memory (MB)          :  6682        7900      8033 
...
