000 (841944.000.000) 08/15 13:27:28 Job submitted from host: <172.20.3.187:9618?addrs=172.20.3.187-9618&noUDP&sock=2043_e813_3>
...
001 (841944.000.000) 08/15 15:58:02 Job executing on host: <172.20.225.1:9618?addrs=172.20.225.1-9618&noUDP&sock=3382_5963_3>
...
006 (841944.000.000) 08/15 15:58:10 Image size of job updated: 21124
	21  -  MemoryUsage of job (MB)
	21124  -  ResidentSetSize of job (KB)
...
005 (841944.000.000) 08/15 15:59:00 Job terminated.
	(1) Normal termination (return value 1)
		Usr 0 00:00:12, Sys 0 00:00:01  -  Run Remote Usage
		Usr 0 00:00:00, Sys 0 00:00:00  -  Run Local Usage
		Usr 0 00:00:12, Sys 0 00:00:01  -  Total Remote Usage
		Usr 0 00:00:00, Sys 0 00:00:00  -  Total Local Usage
	1435  -  Run Bytes Sent By Job
	394  -  Run Bytes Received By Job
	1435  -  Total Bytes Sent By Job
	394  -  Total Bytes Received By Job
	Partitionable Resources :    Usage  Request Allocated 
	   Cpus                 :        0        1         1 
	   Disk (KB)            :      803        1 479786105 
	   Memory (MB)          :       21     7900      8033 
...
000 (846470.000.000) 08/16 03:54:16 Job submitted from host: <172.20.3.187:9618?addrs=172.20.3.187-9618&noUDP&sock=2043_e813_3>
...
001 (846470.000.000) 08/16 05:31:15 Job executing on host: <172.20.225.1:9618?addrs=172.20.225.1-9618&noUDP&sock=3382_5963_3>
...
006 (846470.000.000) 08/16 05:31:24 Image size of job updated: 21112
	21  -  MemoryUsage of job (MB)
	21112  -  ResidentSetSize of job (KB)
...
006 (846470.000.000) 08/16 05:36:24 Image size of job updated: 4961412
	4846  -  MemoryUsage of job (MB)
	4961412  -  ResidentSetSize of job (KB)
...
006 (846470.000.000) 08/16 05:41:25 Image size of job updated: 4961520
	4846  -  MemoryUsage of job (MB)
	4961520  -  ResidentSetSize of job (KB)
...
006 (846470.000.000) 08/16 05:46:25 Image size of job updated: 5917884
	5780  -  MemoryUsage of job (MB)
	5917884  -  ResidentSetSize of job (KB)
...
006 (846470.000.000) 08/16 05:51:25 Image size of job updated: 6034548
	5894  -  MemoryUsage of job (MB)
	6034536  -  ResidentSetSize of job (KB)
...
006 (846470.000.000) 08/16 05:55:03 Image size of job updated: 6034548
	5894  -  MemoryUsage of job (MB)
	6034584  -  ResidentSetSize of job (KB)
...
005 (846470.000.000) 08/16 05:55:04 Job terminated.
	(1) Normal termination (return value 0)
		Usr 0 00:22:32, Sys 0 00:00:32  -  Run Remote Usage
		Usr 0 00:00:00, Sys 0 00:00:00  -  Run Local Usage
		Usr 0 00:22:32, Sys 0 00:00:32  -  Total Remote Usage
		Usr 0 00:00:00, Sys 0 00:00:00  -  Total Local Usage
	1217  -  Run Bytes Sent By Job
	394  -  Run Bytes Received By Job
	1217  -  Total Bytes Sent By Job
	394  -  Total Bytes Received By Job
	Partitionable Resources :    Usage  Request Allocated 
	   Cpus                 :     0.62        1         1 
	   Disk (KB)            :   802           1 479786105 
	   Memory (MB)          :  5894        7900      8033 
...
