000 (840903.000.000) 08/15 13:26:21 Job submitted from host: <172.20.3.187:9618?addrs=172.20.3.187-9618&noUDP&sock=2043_e813_3>
...
001 (840903.000.000) 08/15 14:53:22 Job executing on host: <172.20.225.4:9618?addrs=172.20.225.4-9618&noUDP&sock=3366_5fdf_3>
...
006 (840903.000.000) 08/15 14:53:31 Image size of job updated: 21112
	21  -  MemoryUsage of job (MB)
	21112  -  ResidentSetSize of job (KB)
...
006 (840903.000.000) 08/15 14:54:40 Image size of job updated: 4159476
	21  -  MemoryUsage of job (MB)
	21112  -  ResidentSetSize of job (KB)
...
005 (840903.000.000) 08/15 14:54:41 Job terminated.
	(1) Normal termination (return value 1)
		Usr 0 00:00:30, Sys 0 00:00:01  -  Run Remote Usage
		Usr 0 00:00:00, Sys 0 00:00:00  -  Run Local Usage
		Usr 0 00:00:30, Sys 0 00:00:01  -  Total Remote Usage
		Usr 0 00:00:00, Sys 0 00:00:00  -  Total Local Usage
	1437  -  Run Bytes Sent By Job
	398  -  Run Bytes Received By Job
	1437  -  Total Bytes Sent By Job
	398  -  Total Bytes Received By Job
	Partitionable Resources :    Usage  Request Allocated 
	   Cpus                 :     0.74        1         1 
	   Disk (KB)            :   803           1 479779449 
	   Memory (MB)          :    21        7900      8033 
...
000 (846221.000.000) 08/16 03:54:00 Job submitted from host: <172.20.3.187:9618?addrs=172.20.3.187-9618&noUDP&sock=2043_e813_3>
...
001 (846221.000.000) 08/16 05:12:20 Job executing on host: <172.20.225.5:9618?addrs=172.20.225.5-9618&noUDP&sock=3375_8c39_3>
...
006 (846221.000.000) 08/16 05:12:29 Image size of job updated: 21112
	21  -  MemoryUsage of job (MB)
	21112  -  ResidentSetSize of job (KB)
...
006 (846221.000.000) 08/16 05:17:30 Image size of job updated: 5035328
	4918  -  MemoryUsage of job (MB)
	5035328  -  ResidentSetSize of job (KB)
...
006 (846221.000.000) 08/16 05:22:30 Image size of job updated: 5035460
	4918  -  MemoryUsage of job (MB)
	5035460  -  ResidentSetSize of job (KB)
...
006 (846221.000.000) 08/16 05:27:31 Image size of job updated: 5991660
	5852  -  MemoryUsage of job (MB)
	5991660  -  ResidentSetSize of job (KB)
...
006 (846221.000.000) 08/16 05:32:32 Image size of job updated: 6569700
	6416  -  MemoryUsage of job (MB)
	6569068  -  ResidentSetSize of job (KB)
...
006 (846221.000.000) 08/16 05:32:56 Image size of job updated: 13232496
	6416  -  MemoryUsage of job (MB)
	6569068  -  ResidentSetSize of job (KB)
...
005 (846221.000.000) 08/16 05:32:57 Job terminated.
	(1) Normal termination (return value 0)
		Usr 0 00:22:09, Sys 0 00:00:28  -  Run Remote Usage
		Usr 0 00:00:00, Sys 0 00:00:00  -  Run Local Usage
		Usr 0 00:22:09, Sys 0 00:00:28  -  Total Remote Usage
		Usr 0 00:00:00, Sys 0 00:00:00  -  Total Local Usage
	1223  -  Run Bytes Sent By Job
	398  -  Run Bytes Received By Job
	1223  -  Total Bytes Sent By Job
	398  -  Total Bytes Received By Job
	Partitionable Resources :    Usage  Request Allocated 
	   Cpus                 :     0.74        1         1 
	   Disk (KB)            :   802           1 479749220 
	   Memory (MB)          :  6416        7900      8033 
...
