000 (839073.000.000) 08/15 13:24:22 Job submitted from host: <172.20.3.187:9618?addrs=172.20.3.187-9618&noUDP&sock=2043_e813_3>
...
001 (839073.000.000) 08/15 13:37:49 Job executing on host: <172.20.225.2:9618?addrs=172.20.225.2-9618&noUDP&sock=3424_285d_3>
...
006 (839073.000.000) 08/15 13:37:57 Image size of job updated: 21128
	21  -  MemoryUsage of job (MB)
	21128  -  ResidentSetSize of job (KB)
...
006 (839073.000.000) 08/15 13:38:34 Image size of job updated: 4266696
	21  -  MemoryUsage of job (MB)
	21128  -  ResidentSetSize of job (KB)
...
005 (839073.000.000) 08/15 13:38:34 Job terminated.
	(1) Normal termination (return value 1)
		Usr 0 00:00:21, Sys 0 00:00:01  -  Run Remote Usage
		Usr 0 00:00:00, Sys 0 00:00:00  -  Run Local Usage
		Usr 0 00:00:21, Sys 0 00:00:01  -  Total Remote Usage
		Usr 0 00:00:00, Sys 0 00:00:00  -  Total Local Usage
	1437  -  Run Bytes Sent By Job
	395  -  Run Bytes Received By Job
	1437  -  Total Bytes Sent By Job
	395  -  Total Bytes Received By Job
	Partitionable Resources :    Usage  Request Allocated 
	   Cpus                 :     0.01        1         1 
	   Disk (KB)            :   803           1 479786084 
	   Memory (MB)          :    21        7900      8033 
...
000 (845275.000.000) 08/16 03:52:40 Job submitted from host: <172.20.3.187:9618?addrs=172.20.3.187-9618&noUDP&sock=2043_e813_3>
...
001 (845275.000.000) 08/16 03:53:03 Job executing on host: <172.20.225.1:9618?addrs=172.20.225.1-9618&noUDP&sock=3382_5963_3>
...
006 (845275.000.000) 08/16 03:53:11 Image size of job updated: 21112
	21  -  MemoryUsage of job (MB)
	21112  -  ResidentSetSize of job (KB)
...
006 (845275.000.000) 08/16 03:58:12 Image size of job updated: 5084108
	4962  -  MemoryUsage of job (MB)
	5080308  -  ResidentSetSize of job (KB)
...
006 (845275.000.000) 08/16 04:03:13 Image size of job updated: 5084216
	4962  -  MemoryUsage of job (MB)
	5080416  -  ResidentSetSize of job (KB)
...
006 (845275.000.000) 08/16 04:08:13 Image size of job updated: 6040404
	5896  -  MemoryUsage of job (MB)
	6036604  -  ResidentSetSize of job (KB)
...
006 (845275.000.000) 08/16 04:13:13 Image size of job updated: 6046412
	5901  -  MemoryUsage of job (MB)
	6042576  -  ResidentSetSize of job (KB)
...
005 (845275.000.000) 08/16 04:17:21 Job terminated.
	(1) Normal termination (return value 0)
		Usr 0 00:22:46, Sys 0 00:00:32  -  Run Remote Usage
		Usr 0 00:00:00, Sys 0 00:00:00  -  Run Local Usage
		Usr 0 00:22:46, Sys 0 00:00:32  -  Total Remote Usage
		Usr 0 00:00:00, Sys 0 00:00:00  -  Total Local Usage
	1220  -  Run Bytes Sent By Job
	395  -  Run Bytes Received By Job
	1220  -  Total Bytes Sent By Job
	395  -  Total Bytes Received By Job
	Partitionable Resources :    Usage  Request Allocated 
	   Cpus                 :     0.95        1         1 
	   Disk (KB)            :   802           1 479786105 
	   Memory (MB)          :  5901        7900      8033 
...
