000 (837903.000.000) 08/15 12:24:38 Job submitted from host: <172.20.3.187:9618?addrs=172.20.3.187-9618&noUDP&sock=2043_e813_3>
...
001 (837903.000.000) 08/15 12:35:02 Job executing on host: <172.20.225.1:9618?addrs=172.20.225.1-9618&noUDP&sock=3382_5963_3>
...
006 (837903.000.000) 08/15 12:35:11 Image size of job updated: 21112
	21  -  MemoryUsage of job (MB)
	21112  -  ResidentSetSize of job (KB)
...
005 (837903.000.000) 08/15 12:36:10 Job terminated.
	(1) Normal termination (return value 1)
		Usr 0 00:00:16, Sys 0 00:00:01  -  Run Remote Usage
		Usr 0 00:00:00, Sys 0 00:00:00  -  Run Local Usage
		Usr 0 00:00:16, Sys 0 00:00:01  -  Total Remote Usage
		Usr 0 00:00:00, Sys 0 00:00:00  -  Total Local Usage
	1435  -  Run Bytes Sent By Job
	397  -  Run Bytes Received By Job
	1435  -  Total Bytes Sent By Job
	397  -  Total Bytes Received By Job
	Partitionable Resources :    Usage  Request Allocated 
	   Cpus                 :     0.14        1         1 
	   Disk (KB)            :   803           1 479786105 
	   Memory (MB)          :    21        7900      8033 
...
000 (840501.000.000) 08/15 13:25:54 Job submitted from host: <172.20.3.187:9618?addrs=172.20.3.187-9618&noUDP&sock=2043_e813_3>
...
001 (840501.000.000) 08/15 14:47:01 Job executing on host: <172.20.225.5:9618?addrs=172.20.225.5-9618&noUDP&sock=3375_8c39_3>
...
006 (840501.000.000) 08/15 14:47:10 Image size of job updated: 21112
	21  -  MemoryUsage of job (MB)
	21112  -  ResidentSetSize of job (KB)
...
006 (840501.000.000) 08/15 14:47:50 Image size of job updated: 31640
	21  -  MemoryUsage of job (MB)
	21112  -  ResidentSetSize of job (KB)
...
005 (840501.000.000) 08/15 14:47:50 Job terminated.
	(1) Normal termination (return value 1)
		Usr 0 00:00:11, Sys 0 00:00:01  -  Run Remote Usage
		Usr 0 00:00:00, Sys 0 00:00:00  -  Run Local Usage
		Usr 0 00:00:11, Sys 0 00:00:01  -  Total Remote Usage
		Usr 0 00:00:00, Sys 0 00:00:00  -  Total Local Usage
	1435  -  Run Bytes Sent By Job
	397  -  Run Bytes Received By Job
	1435  -  Total Bytes Sent By Job
	397  -  Total Bytes Received By Job
	Partitionable Resources :    Usage  Request Allocated 
	   Cpus                 :        0        1         1 
	   Disk (KB)            :      802        1 479749220 
	   Memory (MB)          :       21     7900      8033 
...
000 (845819.000.000) 08/16 03:53:34 Job submitted from host: <172.20.3.187:9618?addrs=172.20.3.187-9618&noUDP&sock=2043_e813_3>
...
001 (845819.000.000) 08/16 04:42:11 Job executing on host: <172.20.225.5:9618?addrs=172.20.225.5-9618&noUDP&sock=3375_8c39_3>
...
006 (845819.000.000) 08/16 04:42:20 Image size of job updated: 21120
	21  -  MemoryUsage of job (MB)
	21120  -  ResidentSetSize of job (KB)
...
006 (845819.000.000) 08/16 04:47:21 Image size of job updated: 5035472
	4918  -  MemoryUsage of job (MB)
	5035472  -  ResidentSetSize of job (KB)
...
006 (845819.000.000) 08/16 04:52:22 Image size of job updated: 5035576
	4918  -  MemoryUsage of job (MB)
	5035576  -  ResidentSetSize of job (KB)
...
006 (845819.000.000) 08/16 04:57:23 Image size of job updated: 5991944
	5852  -  MemoryUsage of job (MB)
	5991944  -  ResidentSetSize of job (KB)
...
006 (845819.000.000) 08/16 05:02:25 Image size of job updated: 6093404
	5951  -  MemoryUsage of job (MB)
	6093404  -  ResidentSetSize of job (KB)
...
006 (845819.000.000) 08/16 05:05:15 Image size of job updated: 6093404
	5951  -  MemoryUsage of job (MB)
	6093492  -  ResidentSetSize of job (KB)
...
005 (845819.000.000) 08/16 05:05:16 Job terminated.
	(1) Normal termination (return value 0)
		Usr 0 00:21:53, Sys 0 00:00:28  -  Run Remote Usage
		Usr 0 00:00:00, Sys 0 00:00:00  -  Run Local Usage
		Usr 0 00:21:53, Sys 0 00:00:28  -  Total Remote Usage
		Usr 0 00:00:00, Sys 0 00:00:00  -  Total Local Usage
	1220  -  Run Bytes Sent By Job
	397  -  Run Bytes Received By Job
	1220  -  Total Bytes Sent By Job
	397  -  Total Bytes Received By Job
	Partitionable Resources :    Usage  Request Allocated 
	   Cpus                 :     0.77        1         1 
	   Disk (KB)            :   802           1 479749220 
	   Memory (MB)          :  5951        7900      8033 
...
