000 (840993.000.000) 08/15 13:26:26 Job submitted from host: <172.20.3.187:9618?addrs=172.20.3.187-9618&noUDP&sock=2043_e813_3>
...
001 (840993.000.000) 08/15 14:54:06 Job executing on host: <172.20.225.5:9618?addrs=172.20.225.5-9618&noUDP&sock=3375_8c39_3>
...
006 (840993.000.000) 08/15 14:54:14 Image size of job updated: 21120
	21  -  MemoryUsage of job (MB)
	21120  -  ResidentSetSize of job (KB)
...
006 (840993.000.000) 08/15 14:59:15 Image size of job updated: 4917832
	4803  -  MemoryUsage of job (MB)
	4917832  -  ResidentSetSize of job (KB)
...
006 (840993.000.000) 08/15 15:04:15 Image size of job updated: 5873992
	5737  -  MemoryUsage of job (MB)
	5873992  -  ResidentSetSize of job (KB)
...
006 (840993.000.000) 08/15 15:09:16 Image size of job updated: 5875388
	5738  -  MemoryUsage of job (MB)
	5875388  -  ResidentSetSize of job (KB)
...
006 (840993.000.000) 08/15 15:14:17 Image size of job updated: 6454160
	6303  -  MemoryUsage of job (MB)
	6454140  -  ResidentSetSize of job (KB)
...
006 (840993.000.000) 08/15 15:15:16 Image size of job updated: 13849668
	6303  -  MemoryUsage of job (MB)
	6454140  -  ResidentSetSize of job (KB)
...
005 (840993.000.000) 08/15 15:15:16 Job terminated.
	(1) Normal termination (return value 0)
		Usr 0 00:22:49, Sys 0 00:00:32  -  Run Remote Usage
		Usr 0 00:00:00, Sys 0 00:00:00  -  Run Local Usage
		Usr 0 00:22:49, Sys 0 00:00:32  -  Total Remote Usage
		Usr 0 00:00:00, Sys 0 00:00:00  -  Total Local Usage
	1230  -  Run Bytes Sent By Job
	408  -  Run Bytes Received By Job
	1230  -  Total Bytes Sent By Job
	408  -  Total Bytes Received By Job
	Partitionable Resources :    Usage  Request Allocated 
	   Cpus                 :     0.92        1         1 
	   Disk (KB)            :   803           1 479749220 
	   Memory (MB)          :  6303        7900      8033 
...
