000 (838036.000.000) 08/15 12:24:47 Job submitted from host: <172.20.3.187:9618?addrs=172.20.3.187-9618&noUDP&sock=2043_e813_3>
...
001 (838036.000.000) 08/15 12:37:23 Job executing on host: <172.20.225.2:9618?addrs=172.20.225.2-9618&noUDP&sock=3424_285d_3>
...
006 (838036.000.000) 08/15 12:37:32 Image size of job updated: 21112
	21  -  MemoryUsage of job (MB)
	21112  -  ResidentSetSize of job (KB)
...
006 (838036.000.000) 08/15 12:41:06 Image size of job updated: 6531740
	21  -  MemoryUsage of job (MB)
	21112  -  ResidentSetSize of job (KB)
...
005 (838036.000.000) 08/15 12:41:06 Job terminated.
	(1) Normal termination (return value 1)
		Usr 0 00:02:32, Sys 0 00:00:21  -  Run Remote Usage
		Usr 0 00:00:00, Sys 0 00:00:00  -  Run Local Usage
		Usr 0 00:02:32, Sys 0 00:00:21  -  Total Remote Usage
		Usr 0 00:00:00, Sys 0 00:00:00  -  Total Local Usage
	2558  -  Run Bytes Sent By Job
	392  -  Run Bytes Received By Job
	2558  -  Total Bytes Sent By Job
	392  -  Total Bytes Received By Job
	Partitionable Resources :    Usage  Request Allocated 
	   Cpus                 :     0.61        1         1 
	   Disk (KB)            :   804           1 479786084 
	   Memory (MB)          :    21        7900      8033 
...
000 (841148.000.000) 08/15 13:26:37 Job submitted from host: <172.20.3.187:9618?addrs=172.20.3.187-9618&noUDP&sock=2043_e813_3>
...
001 (841148.000.000) 08/15 14:56:13 Job executing on host: <172.20.225.4:9618?addrs=172.20.225.4-9618&noUDP&sock=3366_5fdf_3>
...
006 (841148.000.000) 08/15 14:56:22 Image size of job updated: 21116
	21  -  MemoryUsage of job (MB)
	21116  -  ResidentSetSize of job (KB)
...
006 (841148.000.000) 08/15 15:01:23 Image size of job updated: 4940460
	4825  -  MemoryUsage of job (MB)
	4940460  -  ResidentSetSize of job (KB)
...
006 (841148.000.000) 08/15 15:06:24 Image size of job updated: 5896628
	5759  -  MemoryUsage of job (MB)
	5896628  -  ResidentSetSize of job (KB)
...
006 (841148.000.000) 08/15 15:11:24 Image size of job updated: 5896932
	5759  -  MemoryUsage of job (MB)
	5896932  -  ResidentSetSize of job (KB)
...
006 (841148.000.000) 08/15 15:16:24 Image size of job updated: 6207940
	6063  -  MemoryUsage of job (MB)
	6207828  -  ResidentSetSize of job (KB)
...
005 (841148.000.000) 08/15 15:19:00 Job terminated.
	(1) Normal termination (return value 0)
		Usr 0 00:22:28, Sys 0 00:00:32  -  Run Remote Usage
		Usr 0 00:00:00, Sys 0 00:00:00  -  Run Local Usage
		Usr 0 00:22:28, Sys 0 00:00:32  -  Total Remote Usage
		Usr 0 00:00:00, Sys 0 00:00:00  -  Total Local Usage
	1212  -  Run Bytes Sent By Job
	392  -  Run Bytes Received By Job
	1212  -  Total Bytes Sent By Job
	392  -  Total Bytes Received By Job
	Partitionable Resources :    Usage  Request Allocated 
	   Cpus                 :     0.55        1         1 
	   Disk (KB)            :   803           1 479779449 
	   Memory (MB)          :  6063        7900      8033 
...
