000 (840972.000.000) 08/15 13:26:25 Job submitted from host: <172.20.3.187:9618?addrs=172.20.3.187-9618&noUDP&sock=2043_e813_3>
...
001 (840972.000.000) 08/15 14:53:59 Job executing on host: <172.20.225.5:9618?addrs=172.20.225.5-9618&noUDP&sock=3375_8c39_3>
...
006 (840972.000.000) 08/15 14:54:09 Image size of job updated: 21124
	21  -  MemoryUsage of job (MB)
	21124  -  ResidentSetSize of job (KB)
...
006 (840972.000.000) 08/15 14:59:11 Image size of job updated: 4913348
	4799  -  MemoryUsage of job (MB)
	4913348  -  ResidentSetSize of job (KB)
...
006 (840972.000.000) 08/15 15:04:11 Image size of job updated: 5869504
	5732  -  MemoryUsage of job (MB)
	5869504  -  ResidentSetSize of job (KB)
...
006 (840972.000.000) 08/15 15:09:12 Image size of job updated: 5870896
	5734  -  MemoryUsage of job (MB)
	5870896  -  ResidentSetSize of job (KB)
...
006 (840972.000.000) 08/15 15:14:13 Image size of job updated: 6421524
	6272  -  MemoryUsage of job (MB)
	6421508  -  ResidentSetSize of job (KB)
...
006 (840972.000.000) 08/15 15:15:22 Image size of job updated: 13911068
	6272  -  MemoryUsage of job (MB)
	6421508  -  ResidentSetSize of job (KB)
...
005 (840972.000.000) 08/15 15:15:22 Job terminated.
	(1) Normal termination (return value 0)
		Usr 0 00:23:00, Sys 0 00:00:29  -  Run Remote Usage
		Usr 0 00:00:00, Sys 0 00:00:00  -  Run Local Usage
		Usr 0 00:23:00, Sys 0 00:00:29  -  Total Remote Usage
		Usr 0 00:00:00, Sys 0 00:00:00  -  Total Local Usage
	1234  -  Run Bytes Sent By Job
	412  -  Run Bytes Received By Job
	1234  -  Total Bytes Sent By Job
	412  -  Total Bytes Received By Job
	Partitionable Resources :    Usage  Request Allocated 
	   Cpus                 :     0.91        1         1 
	   Disk (KB)            :   803           1 479749220 
	   Memory (MB)          :  6272        7900      8033 
...
