000 (841087.000.000) 08/15 13:26:33 Job submitted from host: <172.20.3.187:9618?addrs=172.20.3.187-9618&noUDP&sock=2043_e813_3>
...
001 (841087.000.000) 08/15 14:55:26 Job executing on host: <172.20.225.6:9618?addrs=172.20.225.6-9618&noUDP&sock=3382_5963_3>
...
006 (841087.000.000) 08/15 14:55:36 Image size of job updated: 21112
	21  -  MemoryUsage of job (MB)
	21112  -  ResidentSetSize of job (KB)
...
005 (841087.000.000) 08/15 14:56:35 Job terminated.
	(1) Normal termination (return value 1)
		Usr 0 00:00:13, Sys 0 00:00:01  -  Run Remote Usage
		Usr 0 00:00:00, Sys 0 00:00:00  -  Run Local Usage
		Usr 0 00:00:13, Sys 0 00:00:01  -  Total Remote Usage
		Usr 0 00:00:00, Sys 0 00:00:00  -  Total Local Usage
	1435  -  Run Bytes Sent By Job
	395  -  Run Bytes Received By Job
	1435  -  Total Bytes Sent By Job
	395  -  Total Bytes Received By Job
	Partitionable Resources :    Usage  Request Allocated 
	   Cpus                 :     0.27        1         1 
	   Disk (KB)            :   803           1 479749220 
	   Memory (MB)          :    21        7900      8033 
...
000 (846297.000.000) 08/16 03:54:05 Job submitted from host: <172.20.3.187:9618?addrs=172.20.3.187-9618&noUDP&sock=2043_e813_3>
...
001 (846297.000.000) 08/16 05:25:09 Job executing on host: <172.20.225.6:9618?addrs=172.20.225.6-9618&noUDP&sock=3382_5963_3>
...
006 (846297.000.000) 08/16 05:25:18 Image size of job updated: 21128
	21  -  MemoryUsage of job (MB)
	21128  -  ResidentSetSize of job (KB)
...
006 (846297.000.000) 08/16 05:30:19 Image size of job updated: 4941396
	4826  -  MemoryUsage of job (MB)
	4941396  -  ResidentSetSize of job (KB)
...
006 (846297.000.000) 08/16 05:35:19 Image size of job updated: 5897560
	5760  -  MemoryUsage of job (MB)
	5897560  -  ResidentSetSize of job (KB)
...
006 (846297.000.000) 08/16 05:40:20 Image size of job updated: 5898960
	5761  -  MemoryUsage of job (MB)
	5898960  -  ResidentSetSize of job (KB)
...
006 (846297.000.000) 08/16 05:45:20 Image size of job updated: 6610532
	6455  -  MemoryUsage of job (MB)
	6609784  -  ResidentSetSize of job (KB)
...
005 (846297.000.000) 08/16 05:45:27 Job terminated.
	(1) Normal termination (return value 0)
		Usr 0 00:22:00, Sys 0 00:00:31  -  Run Remote Usage
		Usr 0 00:00:00, Sys 0 00:00:00  -  Run Local Usage
		Usr 0 00:22:00, Sys 0 00:00:31  -  Total Remote Usage
		Usr 0 00:00:00, Sys 0 00:00:00  -  Total Local Usage
	1218  -  Run Bytes Sent By Job
	395  -  Run Bytes Received By Job
	1218  -  Total Bytes Sent By Job
	395  -  Total Bytes Received By Job
	Partitionable Resources :    Usage  Request Allocated 
	   Cpus                 :     0.99        1         1 
	   Disk (KB)            :   802           1 479749220 
	   Memory (MB)          :  6455        7900      8033 
...
