000 (844057.000.000) 08/15 13:29:46 Job submitted from host: <172.20.3.187:9618?addrs=172.20.3.187-9618&noUDP&sock=2043_e813_3>
...
001 (844057.000.000) 08/15 17:58:01 Job executing on host: <172.20.225.6:9618?addrs=172.20.225.6-9618&noUDP&sock=3382_5963_3>
...
006 (844057.000.000) 08/15 17:58:10 Image size of job updated: 21112
	21  -  MemoryUsage of job (MB)
	21112  -  ResidentSetSize of job (KB)
...
006 (844057.000.000) 08/15 18:03:11 Image size of job updated: 4996676
	4880  -  MemoryUsage of job (MB)
	4996676  -  ResidentSetSize of job (KB)
...
006 (844057.000.000) 08/15 18:08:11 Image size of job updated: 5952848
	5814  -  MemoryUsage of job (MB)
	5952848  -  ResidentSetSize of job (KB)
...
006 (844057.000.000) 08/15 18:13:12 Image size of job updated: 5953152
	5814  -  MemoryUsage of job (MB)
	5953152  -  ResidentSetSize of job (KB)
...
006 (844057.000.000) 08/15 18:18:13 Image size of job updated: 6307740
	6160  -  MemoryUsage of job (MB)
	6307740  -  ResidentSetSize of job (KB)
...
006 (844057.000.000) 08/15 18:21:11 Image size of job updated: 6508936
	6175  -  MemoryUsage of job (MB)
	6322660  -  ResidentSetSize of job (KB)
...
005 (844057.000.000) 08/15 18:21:11 Job terminated.
	(1) Normal termination (return value 0)
		Usr 0 00:22:39, Sys 0 00:00:35  -  Run Remote Usage
		Usr 0 00:00:00, Sys 0 00:00:00  -  Run Local Usage
		Usr 0 00:22:39, Sys 0 00:00:35  -  Total Remote Usage
		Usr 0 00:00:00, Sys 0 00:00:00  -  Total Local Usage
	1222  -  Run Bytes Sent By Job
	397  -  Run Bytes Received By Job
	1222  -  Total Bytes Sent By Job
	397  -  Total Bytes Received By Job
	Partitionable Resources :    Usage  Request Allocated 
	   Cpus                 :     0.82        1         1 
	   Disk (KB)            :   802           1 479749220 
	   Memory (MB)          :  6175        7900      8033 
...
