000 (839963.000.000) 08/15 13:25:19 Job submitted from host: <172.20.3.187:9618?addrs=172.20.3.187-9618&noUDP&sock=2043_e813_3>
...
001 (839963.000.000) 08/15 14:01:57 Job executing on host: <172.20.225.8:9618?addrs=172.20.225.8-9618&noUDP&sock=3440_21e1_3>
...
006 (839963.000.000) 08/15 14:02:06 Image size of job updated: 21116
	21  -  MemoryUsage of job (MB)
	21116  -  ResidentSetSize of job (KB)
...
006 (839963.000.000) 08/15 14:07:07 Image size of job updated: 5003676
	4887  -  MemoryUsage of job (MB)
	5003676  -  ResidentSetSize of job (KB)
...
006 (839963.000.000) 08/15 14:12:07 Image size of job updated: 5003776
	4887  -  MemoryUsage of job (MB)
	5003776  -  ResidentSetSize of job (KB)
...
006 (839963.000.000) 08/15 14:17:08 Image size of job updated: 5960148
	5821  -  MemoryUsage of job (MB)
	5960148  -  ResidentSetSize of job (KB)
...
006 (839963.000.000) 08/15 14:22:08 Image size of job updated: 6271916
	6124  -  MemoryUsage of job (MB)
	6270600  -  ResidentSetSize of job (KB)
...
006 (839963.000.000) 08/15 14:24:07 Image size of job updated: 13157192
	6124  -  MemoryUsage of job (MB)
	6270600  -  ResidentSetSize of job (KB)
...
005 (839963.000.000) 08/15 14:24:07 Job terminated.
	(1) Normal termination (return value 0)
		Usr 0 00:22:16, Sys 0 00:00:33  -  Run Remote Usage
		Usr 0 00:00:00, Sys 0 00:00:00  -  Run Local Usage
		Usr 0 00:22:16, Sys 0 00:00:33  -  Total Remote Usage
		Usr 0 00:00:00, Sys 0 00:00:00  -  Total Local Usage
	1222  -  Run Bytes Sent By Job
	399  -  Run Bytes Received By Job
	1222  -  Total Bytes Sent By Job
	399  -  Total Bytes Received By Job
	Partitionable Resources :    Usage  Request Allocated 
	   Cpus                 :     0.93        1         1 
	   Disk (KB)            :   802           1 479737977 
	   Memory (MB)          :  6124        7900      8033 
...
