000 (838994.000.000) 08/15 13:24:17 Job submitted from host: <172.20.3.187:9618?addrs=172.20.3.187-9618&noUDP&sock=2043_e813_3>
...
001 (838994.000.000) 08/15 13:36:59 Job executing on host: <172.20.225.5:9618?addrs=172.20.225.5-9618&noUDP&sock=3375_8c39_3>
...
006 (838994.000.000) 08/15 13:37:07 Image size of job updated: 21108
	21  -  MemoryUsage of job (MB)
	21108  -  ResidentSetSize of job (KB)
...
006 (838994.000.000) 08/15 13:37:36 Image size of job updated: 4267940
	21  -  MemoryUsage of job (MB)
	21108  -  ResidentSetSize of job (KB)
...
005 (838994.000.000) 08/15 13:37:36 Job terminated.
	(1) Normal termination (return value 1)
		Usr 0 00:00:17, Sys 0 00:00:01  -  Run Remote Usage
		Usr 0 00:00:00, Sys 0 00:00:00  -  Run Local Usage
		Usr 0 00:00:17, Sys 0 00:00:01  -  Total Remote Usage
		Usr 0 00:00:00, Sys 0 00:00:00  -  Total Local Usage
	1437  -  Run Bytes Sent By Job
	395  -  Run Bytes Received By Job
	1437  -  Total Bytes Sent By Job
	395  -  Total Bytes Received By Job
	Partitionable Resources :    Usage  Request Allocated 
	   Cpus                 :     0.02        1         1 
	   Disk (KB)            :   803           1 479749220 
	   Memory (MB)          :    21        7900      8033 
...
000 (845196.000.000) 08/16 03:52:35 Job submitted from host: <172.20.3.187:9618?addrs=172.20.3.187-9618&noUDP&sock=2043_e813_3>
...
001 (845196.000.000) 08/16 03:52:56 Job executing on host: <172.20.225.2:9618?addrs=172.20.225.2-9618&noUDP&sock=3424_285d_3>
...
006 (845196.000.000) 08/16 03:53:06 Image size of job updated: 21116
	21  -  MemoryUsage of job (MB)
	21116  -  ResidentSetSize of job (KB)
...
006 (845196.000.000) 08/16 03:58:07 Image size of job updated: 5081492
	4960  -  MemoryUsage of job (MB)
	5078880  -  ResidentSetSize of job (KB)
...
006 (845196.000.000) 08/16 04:03:07 Image size of job updated: 5081592
	4960  -  MemoryUsage of job (MB)
	5078980  -  ResidentSetSize of job (KB)
...
006 (845196.000.000) 08/16 04:08:08 Image size of job updated: 6037788
	5894  -  MemoryUsage of job (MB)
	6035176  -  ResidentSetSize of job (KB)
...
006 (845196.000.000) 08/16 04:13:08 Image size of job updated: 6043828
	5900  -  MemoryUsage of job (MB)
	6041144  -  ResidentSetSize of job (KB)
...
006 (845196.000.000) 08/16 04:17:04 Image size of job updated: 13814304
	5900  -  MemoryUsage of job (MB)
	6041144  -  ResidentSetSize of job (KB)
...
005 (845196.000.000) 08/16 04:17:04 Job terminated.
	(1) Normal termination (return value 0)
		Usr 0 00:22:42, Sys 0 00:00:36  -  Run Remote Usage
		Usr 0 00:00:00, Sys 0 00:00:00  -  Run Local Usage
		Usr 0 00:22:42, Sys 0 00:00:36  -  Total Remote Usage
		Usr 0 00:00:00, Sys 0 00:00:00  -  Total Local Usage
	1220  -  Run Bytes Sent By Job
	395  -  Run Bytes Received By Job
	1220  -  Total Bytes Sent By Job
	395  -  Total Bytes Received By Job
	Partitionable Resources :    Usage  Request Allocated 
	   Cpus                 :     1.00        1         1 
	   Disk (KB)            :   802           1 479786084 
	   Memory (MB)          :  5900        7900      8033 
...
