000 (842323.000.000) 08/15 13:27:52 Job submitted from host: <172.20.3.187:9618?addrs=172.20.3.187-9618&noUDP&sock=2043_e813_3>
...
001 (842323.000.000) 08/15 16:11:01 Job executing on host: <172.20.225.6:9618?addrs=172.20.225.6-9618&noUDP&sock=3382_5963_3>
...
006 (842323.000.000) 08/15 16:11:10 Image size of job updated: 21112
	21  -  MemoryUsage of job (MB)
	21112  -  ResidentSetSize of job (KB)
...
005 (842323.000.000) 08/15 16:12:10 Job terminated.
	(1) Normal termination (return value 1)
		Usr 0 00:00:11, Sys 0 00:00:01  -  Run Remote Usage
		Usr 0 00:00:00, Sys 0 00:00:00  -  Run Local Usage
		Usr 0 00:00:11, Sys 0 00:00:01  -  Total Remote Usage
		Usr 0 00:00:00, Sys 0 00:00:00  -  Total Local Usage
	1435  -  Run Bytes Sent By Job
	397  -  Run Bytes Received By Job
	1435  -  Total Bytes Sent By Job
	397  -  Total Bytes Received By Job
	Partitionable Resources :    Usage  Request Allocated 
	   Cpus                 :     0.03        1         1 
	   Disk (KB)            :   803           1 479749220 
	   Memory (MB)          :    21        7900      8033 
...
000 (846646.000.000) 08/16 03:54:28 Job submitted from host: <172.20.3.187:9618?addrs=172.20.3.187-9618&noUDP&sock=2043_e813_3>
...
001 (846646.000.000) 08/16 05:52:11 Job executing on host: <172.20.225.2:9618?addrs=172.20.225.2-9618&noUDP&sock=3424_285d_3>
...
006 (846646.000.000) 08/16 05:52:19 Image size of job updated: 21104
	21  -  MemoryUsage of job (MB)
	21104  -  ResidentSetSize of job (KB)
...
006 (846646.000.000) 08/16 05:57:19 Image size of job updated: 4953160
	4838  -  MemoryUsage of job (MB)
	4953160  -  ResidentSetSize of job (KB)
...
006 (846646.000.000) 08/16 06:02:20 Image size of job updated: 5909320
	5771  -  MemoryUsage of job (MB)
	5909320  -  ResidentSetSize of job (KB)
...
006 (846646.000.000) 08/16 06:07:21 Image size of job updated: 5910720
	5773  -  MemoryUsage of job (MB)
	5910720  -  ResidentSetSize of job (KB)
...
006 (846646.000.000) 08/16 06:12:21 Image size of job updated: 6862912
	6701  -  MemoryUsage of job (MB)
	6861024  -  ResidentSetSize of job (KB)
...
005 (846646.000.000) 08/16 06:14:48 Job terminated.
	(1) Normal termination (return value 0)
		Usr 0 00:22:52, Sys 0 00:00:36  -  Run Remote Usage
		Usr 0 00:00:00, Sys 0 00:00:00  -  Run Local Usage
		Usr 0 00:22:52, Sys 0 00:00:36  -  Total Remote Usage
		Usr 0 00:00:00, Sys 0 00:00:00  -  Total Local Usage
	1220  -  Run Bytes Sent By Job
	397  -  Run Bytes Received By Job
	1220  -  Total Bytes Sent By Job
	397  -  Total Bytes Received By Job
	Partitionable Resources :    Usage  Request Allocated 
	   Cpus                 :     0.61        1         1 
	   Disk (KB)            :   802           1 479786084 
	   Memory (MB)          :  6701        7900      8033 
...
