000 (841750.000.000) 08/15 13:27:15 Job submitted from host: <172.20.3.187:9618?addrs=172.20.3.187-9618&noUDP&sock=2043_e813_3>
...
001 (841750.000.000) 08/15 15:41:04 Job executing on host: <172.20.225.2:9618?addrs=172.20.225.2-9618&noUDP&sock=3424_285d_3>
...
006 (841750.000.000) 08/15 15:41:13 Image size of job updated: 21112
	21  -  MemoryUsage of job (MB)
	21112  -  ResidentSetSize of job (KB)
...
006 (841750.000.000) 08/15 15:46:13 Image size of job updated: 5035956
	4918  -  MemoryUsage of job (MB)
	5035956  -  ResidentSetSize of job (KB)
...
006 (841750.000.000) 08/15 15:51:14 Image size of job updated: 5036056
	4919  -  MemoryUsage of job (MB)
	5036056  -  ResidentSetSize of job (KB)
...
006 (841750.000.000) 08/15 15:56:15 Image size of job updated: 5992436
	5852  -  MemoryUsage of job (MB)
	5992436  -  ResidentSetSize of job (KB)
...
006 (841750.000.000) 08/15 16:01:16 Image size of job updated: 6349708
	6192  -  MemoryUsage of job (MB)
	6339924  -  ResidentSetSize of job (KB)
...
006 (841750.000.000) 08/15 16:03:52 Image size of job updated: 14008692
	6192  -  MemoryUsage of job (MB)
	6339956  -  ResidentSetSize of job (KB)
...
005 (841750.000.000) 08/15 16:03:52 Job terminated.
	(1) Normal termination (return value 0)
		Usr 0 00:22:54, Sys 0 00:00:31  -  Run Remote Usage
		Usr 0 00:00:00, Sys 0 00:00:00  -  Run Local Usage
		Usr 0 00:22:54, Sys 0 00:00:31  -  Total Remote Usage
		Usr 0 00:00:00, Sys 0 00:00:00  -  Total Local Usage
	1232  -  Run Bytes Sent By Job
	407  -  Run Bytes Received By Job
	1232  -  Total Bytes Sent By Job
	407  -  Total Bytes Received By Job
	Partitionable Resources :    Usage  Request Allocated 
	   Cpus                 :     0.63        1         1 
	   Disk (KB)            :   802           1 479786084 
	   Memory (MB)          :  6192        7900      8033 
...
