000 (841723.000.000) 08/15 13:27:14 Job submitted from host: <172.20.3.187:9618?addrs=172.20.3.187-9618&noUDP&sock=2043_e813_3>
...
001 (841723.000.000) 08/15 15:40:02 Job executing on host: <172.20.225.8:9618?addrs=172.20.225.8-9618&noUDP&sock=3440_21e1_3>
...
006 (841723.000.000) 08/15 15:40:10 Image size of job updated: 21120
	21  -  MemoryUsage of job (MB)
	21120  -  ResidentSetSize of job (KB)
...
006 (841723.000.000) 08/15 15:45:10 Image size of job updated: 5035820
	4918  -  MemoryUsage of job (MB)
	5035820  -  ResidentSetSize of job (KB)
...
006 (841723.000.000) 08/15 15:50:11 Image size of job updated: 5991996
	5852  -  MemoryUsage of job (MB)
	5991996  -  ResidentSetSize of job (KB)
...
006 (841723.000.000) 08/15 15:55:12 Image size of job updated: 5993388
	5853  -  MemoryUsage of job (MB)
	5993388  -  ResidentSetSize of job (KB)
...
006 (841723.000.000) 08/15 16:00:12 Image size of job updated: 6504416
	6351  -  MemoryUsage of job (MB)
	6503120  -  ResidentSetSize of job (KB)
...
005 (841723.000.000) 08/15 16:01:39 Job terminated.
	(1) Normal termination (return value 0)
		Usr 0 00:22:23, Sys 0 00:00:31  -  Run Remote Usage
		Usr 0 00:00:00, Sys 0 00:00:00  -  Run Local Usage
		Usr 0 00:22:23, Sys 0 00:00:31  -  Total Remote Usage
		Usr 0 00:00:00, Sys 0 00:00:00  -  Total Local Usage
	1232  -  Run Bytes Sent By Job
	407  -  Run Bytes Received By Job
	1232  -  Total Bytes Sent By Job
	407  -  Total Bytes Received By Job
	Partitionable Resources :    Usage  Request Allocated 
	   Cpus                 :     0.60        1         1 
	   Disk (KB)            :   802           1 479737977 
	   Memory (MB)          :  6351        7900      8033 
...
