000 (844025.000.000) 08/15 13:29:44 Job submitted from host: <172.20.3.187:9618?addrs=172.20.3.187-9618&noUDP&sock=2043_e813_3>
...
001 (844025.000.000) 08/15 17:57:10 Job executing on host: <172.20.225.4:9618?addrs=172.20.225.4-9618&noUDP&sock=3366_5fdf_3>
...
006 (844025.000.000) 08/15 17:57:20 Image size of job updated: 21116
	21  -  MemoryUsage of job (MB)
	21116  -  ResidentSetSize of job (KB)
...
006 (844025.000.000) 08/15 18:02:20 Image size of job updated: 4996460
	4880  -  MemoryUsage of job (MB)
	4996460  -  ResidentSetSize of job (KB)
...
006 (844025.000.000) 08/15 18:07:20 Image size of job updated: 4996560
	4880  -  MemoryUsage of job (MB)
	4996560  -  ResidentSetSize of job (KB)
...
006 (844025.000.000) 08/15 18:12:20 Image size of job updated: 5952928
	5814  -  MemoryUsage of job (MB)
	5952928  -  ResidentSetSize of job (KB)
...
006 (844025.000.000) 08/15 18:17:21 Image size of job updated: 6076688
	5935  -  MemoryUsage of job (MB)
	6076668  -  ResidentSetSize of job (KB)
...
006 (844025.000.000) 08/15 18:21:07 Image size of job updated: 13924496
	5935  -  MemoryUsage of job (MB)
	6076676  -  ResidentSetSize of job (KB)
...
005 (844025.000.000) 08/15 18:21:07 Job terminated.
	(1) Normal termination (return value 0)
		Usr 0 00:23:06, Sys 0 00:00:32  -  Run Remote Usage
		Usr 0 00:00:00, Sys 0 00:00:00  -  Run Local Usage
		Usr 0 00:23:06, Sys 0 00:00:32  -  Total Remote Usage
		Usr 0 00:00:00, Sys 0 00:00:00  -  Total Local Usage
	1222  -  Run Bytes Sent By Job
	397  -  Run Bytes Received By Job
	1222  -  Total Bytes Sent By Job
	397  -  Total Bytes Received By Job
	Partitionable Resources :    Usage  Request Allocated 
	   Cpus                 :     0.83        1         1 
	   Disk (KB)            :   803           1 479779449 
	   Memory (MB)          :  5935        7900      8033 
...
