000 (844857.000.000) 08/15 13:30:40 Job submitted from host: <172.20.3.187:9618?addrs=172.20.3.187-9618&noUDP&sock=2043_e813_3>
...
001 (844857.000.000) 08/15 19:08:03 Job executing on host: <172.20.225.1:9618?addrs=172.20.225.1-9618&noUDP&sock=3382_5963_3>
...
006 (844857.000.000) 08/15 19:08:11 Image size of job updated: 21116
	21  -  MemoryUsage of job (MB)
	21116  -  ResidentSetSize of job (KB)
...
006 (844857.000.000) 08/15 19:13:12 Image size of job updated: 5302548
	5179  -  MemoryUsage of job (MB)
	5302548  -  ResidentSetSize of job (KB)
...
006 (844857.000.000) 08/15 19:18:13 Image size of job updated: 5302652
	5179  -  MemoryUsage of job (MB)
	5302652  -  ResidentSetSize of job (KB)
...
006 (844857.000.000) 08/15 19:23:13 Image size of job updated: 6259024
	6113  -  MemoryUsage of job (MB)
	6259024  -  ResidentSetSize of job (KB)
...
006 (844857.000.000) 08/15 19:28:13 Image size of job updated: 6657604
	6502  -  MemoryUsage of job (MB)
	6657604  -  ResidentSetSize of job (KB)
...
006 (844857.000.000) 08/15 19:30:07 Image size of job updated: 6671652
	6502  -  MemoryUsage of job (MB)
	6657716  -  ResidentSetSize of job (KB)
...
005 (844857.000.000) 08/15 19:30:07 Job terminated.
	(1) Normal termination (return value 0)
		Usr 0 00:23:10, Sys 0 00:00:33  -  Run Remote Usage
		Usr 0 00:00:00, Sys 0 00:00:00  -  Run Local Usage
		Usr 0 00:23:10, Sys 0 00:00:33  -  Total Remote Usage
		Usr 0 00:00:00, Sys 0 00:00:00  -  Total Local Usage
	1229  -  Run Bytes Sent By Job
	404  -  Run Bytes Received By Job
	1229  -  Total Bytes Sent By Job
	404  -  Total Bytes Received By Job
	Partitionable Resources :    Usage  Request Allocated 
	   Cpus                 :     0.63        1         1 
	   Disk (KB)            :   802           1 479786105 
	   Memory (MB)          :  6502        7900      8033 
...
