000 (837768.000.000) 08/15 12:24:29 Job submitted from host: <172.20.3.187:9618?addrs=172.20.3.187-9618&noUDP&sock=2043_e813_3>
...
001 (837768.000.000) 08/15 12:33:59 Job executing on host: <172.20.225.5:9618?addrs=172.20.225.5-9618&noUDP&sock=3375_8c39_3>
...
006 (837768.000.000) 08/15 12:34:07 Image size of job updated: 21112
	21  -  MemoryUsage of job (MB)
	21112  -  ResidentSetSize of job (KB)
...
006 (837768.000.000) 08/15 12:38:03 Image size of job updated: 8232524
	21  -  MemoryUsage of job (MB)
	21112  -  ResidentSetSize of job (KB)
...
005 (837768.000.000) 08/15 12:38:04 Job terminated.
	(1) Normal termination (return value 137)
		Usr 0 00:02:46, Sys 0 00:02:51  -  Run Remote Usage
		Usr 0 00:00:00, Sys 0 00:00:00  -  Run Local Usage
		Usr 0 00:02:46, Sys 0 00:02:51  -  Total Remote Usage
		Usr 0 00:00:00, Sys 0 00:00:00  -  Total Local Usage
	1385  -  Run Bytes Sent By Job
	398  -  Run Bytes Received By Job
	1385  -  Total Bytes Sent By Job
	398  -  Total Bytes Received By Job
	Partitionable Resources :    Usage  Request Allocated 
	   Cpus                 :     1.16        1         1 
	   Disk (KB)            :   803           1 479749220 
	   Memory (MB)          :    21        7900      8033 
...
000 (839883.000.000) 08/15 13:25:14 Job submitted from host: <172.20.3.187:9618?addrs=172.20.3.187-9618&noUDP&sock=2043_e813_3>
...
001 (839883.000.000) 08/15 13:57:57 Job executing on host: <172.20.225.6:9618?addrs=172.20.225.6-9618&noUDP&sock=3382_5963_3>
...
006 (839883.000.000) 08/15 13:58:05 Image size of job updated: 21116
	21  -  MemoryUsage of job (MB)
	21116  -  ResidentSetSize of job (KB)
...
006 (839883.000.000) 08/15 14:03:05 Image size of job updated: 5003420
	4887  -  MemoryUsage of job (MB)
	5003420  -  ResidentSetSize of job (KB)
...
006 (839883.000.000) 08/15 14:08:06 Image size of job updated: 5959588
	5820  -  MemoryUsage of job (MB)
	5959588  -  ResidentSetSize of job (KB)
...
006 (839883.000.000) 08/15 14:13:06 Image size of job updated: 5960984
	5822  -  MemoryUsage of job (MB)
	5960984  -  ResidentSetSize of job (KB)
...
006 (839883.000.000) 08/15 14:18:07 Image size of job updated: 6480740
	6329  -  MemoryUsage of job (MB)
	6480424  -  ResidentSetSize of job (KB)
...
005 (839883.000.000) 08/15 14:19:25 Job terminated.
	(1) Normal termination (return value 0)
		Usr 0 00:22:13, Sys 0 00:00:35  -  Run Remote Usage
		Usr 0 00:00:00, Sys 0 00:00:00  -  Run Local Usage
		Usr 0 00:22:13, Sys 0 00:00:35  -  Total Remote Usage
		Usr 0 00:00:00, Sys 0 00:00:00  -  Total Local Usage
	1219  -  Run Bytes Sent By Job
	398  -  Run Bytes Received By Job
	1219  -  Total Bytes Sent By Job
	398  -  Total Bytes Received By Job
	Partitionable Resources :    Usage  Request Allocated 
	   Cpus                 :     0.58        1         1 
	   Disk (KB)            :   802           1 479749220 
	   Memory (MB)          :  6329        7900      8033 
...
