000 (840484.000.000) 08/15 13:25:53 Job submitted from host: <172.20.3.187:9618?addrs=172.20.3.187-9618&noUDP&sock=2043_e813_3>
...
001 (840484.000.000) 08/15 14:46:57 Job executing on host: <172.20.225.4:9618?addrs=172.20.225.4-9618&noUDP&sock=3366_5fdf_3>
...
006 (840484.000.000) 08/15 14:47:05 Image size of job updated: 21108
	21  -  MemoryUsage of job (MB)
	21108  -  ResidentSetSize of job (KB)
...
006 (840484.000.000) 08/15 14:52:06 Image size of job updated: 4910428
	4796  -  MemoryUsage of job (MB)
	4910400  -  ResidentSetSize of job (KB)
...
006 (840484.000.000) 08/15 14:57:07 Image size of job updated: 5866852
	5730  -  MemoryUsage of job (MB)
	5866852  -  ResidentSetSize of job (KB)
...
006 (840484.000.000) 08/15 15:02:07 Image size of job updated: 6268876
	6122  -  MemoryUsage of job (MB)
	6268088  -  ResidentSetSize of job (KB)
...
005 (840484.000.000) 08/15 15:03:30 Job terminated.
	(1) Normal termination (return value 0)
		Usr 0 00:23:40, Sys 0 00:00:42  -  Run Remote Usage
		Usr 0 00:00:00, Sys 0 00:00:00  -  Run Local Usage
		Usr 0 00:23:40, Sys 0 00:00:42  -  Total Remote Usage
		Usr 0 00:00:00, Sys 0 00:00:00  -  Total Local Usage
	1218  -  Run Bytes Sent By Job
	396  -  Run Bytes Received By Job
	1218  -  Total Bytes Sent By Job
	396  -  Total Bytes Received By Job
	Partitionable Resources :    Usage  Request Allocated 
	   Cpus                 :     0.50        1         1 
	   Disk (KB)            :   802           1 479779449 
	   Memory (MB)          :  6122        7900      8033 
...
