000 (837759.000.000) 08/15 12:24:28 Job submitted from host: <172.20.3.187:9618?addrs=172.20.3.187-9618&noUDP&sock=2043_e813_3>
...
001 (837759.000.000) 08/15 12:34:04 Job executing on host: <172.20.225.1:9618?addrs=172.20.225.1-9618&noUDP&sock=3382_5963_3>
...
006 (837759.000.000) 08/15 12:34:13 Image size of job updated: 21128
	21  -  MemoryUsage of job (MB)
	21128  -  ResidentSetSize of job (KB)
...
006 (837759.000.000) 08/15 12:37:47 Image size of job updated: 6009380
	21  -  MemoryUsage of job (MB)
	21128  -  ResidentSetSize of job (KB)
...
005 (837759.000.000) 08/15 12:37:47 Job terminated.
	(1) Normal termination (return value 137)
		Usr 0 00:03:37, Sys 0 00:00:53  -  Run Remote Usage
		Usr 0 00:00:00, Sys 0 00:00:00  -  Run Local Usage
		Usr 0 00:03:37, Sys 0 00:00:53  -  Total Remote Usage
		Usr 0 00:00:00, Sys 0 00:00:00  -  Total Local Usage
	1380  -  Run Bytes Sent By Job
	395  -  Run Bytes Received By Job
	1380  -  Total Bytes Sent By Job
	395  -  Total Bytes Received By Job
	Partitionable Resources :    Usage  Request Allocated 
	   Cpus                 :     0.62        1         1 
	   Disk (KB)            :   802           1 479786105 
	   Memory (MB)          :    21        7900      8033 
...
000 (839823.000.000) 08/15 13:25:10 Job submitted from host: <172.20.3.187:9618?addrs=172.20.3.187-9618&noUDP&sock=2043_e813_3>
...
001 (839823.000.000) 08/15 13:51:17 Job executing on host: <172.20.225.4:9618?addrs=172.20.225.4-9618&noUDP&sock=3366_5fdf_3>
...
006 (839823.000.000) 08/15 13:51:26 Image size of job updated: 21124
	21  -  MemoryUsage of job (MB)
	21124  -  ResidentSetSize of job (KB)
...
006 (839823.000.000) 08/15 13:56:27 Image size of job updated: 4982872
	4814  -  MemoryUsage of job (MB)
	4929304  -  ResidentSetSize of job (KB)
...
006 (839823.000.000) 08/15 14:01:27 Image size of job updated: 5885472
	5748  -  MemoryUsage of job (MB)
	5885472  -  ResidentSetSize of job (KB)
...
006 (839823.000.000) 08/15 14:06:28 Image size of job updated: 5891568
	5754  -  MemoryUsage of job (MB)
	5891568  -  ResidentSetSize of job (KB)
...
006 (839823.000.000) 08/15 14:11:29 Image size of job updated: 6305016
	6157  -  MemoryUsage of job (MB)
	6304272  -  ResidentSetSize of job (KB)
...
005 (839823.000.000) 08/15 14:11:33 Job terminated.
	(1) Normal termination (return value 0)
		Usr 0 00:22:39, Sys 0 00:00:31  -  Run Remote Usage
		Usr 0 00:00:00, Sys 0 00:00:00  -  Run Local Usage
		Usr 0 00:22:39, Sys 0 00:00:31  -  Total Remote Usage
		Usr 0 00:00:00, Sys 0 00:00:00  -  Total Local Usage
	1215  -  Run Bytes Sent By Job
	395  -  Run Bytes Received By Job
	1215  -  Total Bytes Sent By Job
	395  -  Total Bytes Received By Job
	Partitionable Resources :    Usage  Request Allocated 
	   Cpus                 :     0.97        1         1 
	   Disk (KB)            :   802           1 479779449 
	   Memory (MB)          :  6157        7900      8033 
...
