000 (838661.000.000) 08/15 12:25:29 Job submitted from host: <172.20.3.187:9618?addrs=172.20.3.187-9618&noUDP&sock=2043_e813_3>
...
001 (838661.000.000) 08/15 12:49:46 Job executing on host: <172.20.225.1:9618?addrs=172.20.225.1-9618&noUDP&sock=3382_5963_3>
...
006 (838661.000.000) 08/15 12:49:54 Image size of job updated: 21116
	21  -  MemoryUsage of job (MB)
	21116  -  ResidentSetSize of job (KB)
...
006 (838661.000.000) 08/15 12:54:55 Image size of job updated: 19383012
	18929  -  MemoryUsage of job (MB)
	19382996  -  ResidentSetSize of job (KB)
...
006 (838661.000.000) 08/15 13:04:56 Image size of job updated: 24011792
	23449  -  MemoryUsage of job (MB)
	24011568  -  ResidentSetSize of job (KB)
...
006 (838661.000.000) 08/15 13:14:57 Image size of job updated: 24200268
	23634  -  MemoryUsage of job (MB)
	24200236  -  ResidentSetSize of job (KB)
...
006 (838661.000.000) 08/15 13:17:51 Image size of job updated: 24212516
	23646  -  MemoryUsage of job (MB)
	24212484  -  ResidentSetSize of job (KB)
...
004 (838661.000.000) 08/15 13:17:51 Job was evicted.
	(0) Job was not checkpointed.
		Usr 0 00:41:23, Sys 0 00:03:02  -  Run Remote Usage
		Usr 0 00:00:00, Sys 0 00:00:00  -  Run Local Usage
	0  -  Run Bytes Sent By Job
	398  -  Run Bytes Received By Job
	Partitionable Resources :    Usage  Request Allocated 
	   Cpus                 :     1.51        1         1 
	   Disk (KB)            :   802           1 479786105 
	   Memory (MB)          : 23646        7900      8033 
...
009 (838661.000.000) 08/15 13:17:51 Job was aborted by the user.
	via condor_rm (by user mstamenk)
...
000 (844110.000.000) 08/15 13:29:50 Job submitted from host: <172.20.3.187:9618?addrs=172.20.3.187-9618&noUDP&sock=2043_e813_3>
...
001 (844110.000.000) 08/15 18:00:01 Job executing on host: <172.20.225.1:9618?addrs=172.20.225.1-9618&noUDP&sock=3382_5963_3>
...
006 (844110.000.000) 08/15 18:00:10 Image size of job updated: 21120
	21  -  MemoryUsage of job (MB)
	21120  -  ResidentSetSize of job (KB)
...
006 (844110.000.000) 08/15 18:05:12 Image size of job updated: 4980080
	4864  -  MemoryUsage of job (MB)
	4980080  -  ResidentSetSize of job (KB)
...
006 (844110.000.000) 08/15 18:10:13 Image size of job updated: 4980184
	4864  -  MemoryUsage of job (MB)
	4980184  -  ResidentSetSize of job (KB)
...
006 (844110.000.000) 08/15 18:15:13 Image size of job updated: 5936556
	5798  -  MemoryUsage of job (MB)
	5936556  -  ResidentSetSize of job (KB)
...
006 (844110.000.000) 08/15 18:20:14 Image size of job updated: 6349936
	6201  -  MemoryUsage of job (MB)
	6349640  -  ResidentSetSize of job (KB)
...
006 (844110.000.000) 08/15 18:22:58 Image size of job updated: 13866444
	6201  -  MemoryUsage of job (MB)
	6349640  -  ResidentSetSize of job (KB)
...
005 (844110.000.000) 08/15 18:22:58 Job terminated.
	(1) Normal termination (return value 0)
		Usr 0 00:22:58, Sys 0 00:00:28  -  Run Remote Usage
		Usr 0 00:00:00, Sys 0 00:00:00  -  Run Local Usage
		Usr 0 00:22:58, Sys 0 00:00:28  -  Total Remote Usage
		Usr 0 00:00:00, Sys 0 00:00:00  -  Total Local Usage
	1220  -  Run Bytes Sent By Job
	398  -  Run Bytes Received By Job
	1220  -  Total Bytes Sent By Job
	398  -  Total Bytes Received By Job
	Partitionable Resources :    Usage  Request Allocated 
	   Cpus                 :     0.64        1         1 
	   Disk (KB)            :   802           1 479786105 
	   Memory (MB)          :  6201        7900      8033 
...
