000 (840029.000.000) 08/15 13:25:24 Job submitted from host: <172.20.3.187:9618?addrs=172.20.3.187-9618&noUDP&sock=2043_e813_3>
...
001 (840029.000.000) 08/15 14:04:00 Job executing on host: <172.20.225.5:9618?addrs=172.20.225.5-9618&noUDP&sock=3375_8c39_3>
...
006 (840029.000.000) 08/15 14:04:08 Image size of job updated: 21116
	21  -  MemoryUsage of job (MB)
	21116  -  ResidentSetSize of job (KB)
...
006 (840029.000.000) 08/15 14:09:08 Image size of job updated: 5057288
	4887  -  MemoryUsage of job (MB)
	5003404  -  ResidentSetSize of job (KB)
...
006 (840029.000.000) 08/15 14:14:09 Image size of job updated: 5057288
	4887  -  MemoryUsage of job (MB)
	5003504  -  ResidentSetSize of job (KB)
...
006 (840029.000.000) 08/15 14:19:10 Image size of job updated: 5959884
	5821  -  MemoryUsage of job (MB)
	5959884  -  ResidentSetSize of job (KB)
...
006 (840029.000.000) 08/15 14:24:10 Image size of job updated: 6334792
	6187  -  MemoryUsage of job (MB)
	6334792  -  ResidentSetSize of job (KB)
...
006 (840029.000.000) 08/15 14:25:44 Image size of job updated: 6334792
	6187  -  MemoryUsage of job (MB)
	6334796  -  ResidentSetSize of job (KB)
...
005 (840029.000.000) 08/15 14:25:45 Job terminated.
	(1) Normal termination (return value 0)
		Usr 0 00:22:40, Sys 0 00:00:28  -  Run Remote Usage
		Usr 0 00:00:00, Sys 0 00:00:00  -  Run Local Usage
		Usr 0 00:22:40, Sys 0 00:00:28  -  Total Remote Usage
		Usr 0 00:00:00, Sys 0 00:00:00  -  Total Local Usage
	1225  -  Run Bytes Sent By Job
	400  -  Run Bytes Received By Job
	1225  -  Total Bytes Sent By Job
	400  -  Total Bytes Received By Job
	Partitionable Resources :    Usage  Request Allocated 
	   Cpus                 :     0.99        1         1 
	   Disk (KB)            :   802           1 479749220 
	   Memory (MB)          :  6187        7900      8033 
...
