000 (842932.000.000) 08/15 13:28:32 Job submitted from host: <172.20.3.187:9618?addrs=172.20.3.187-9618&noUDP&sock=2043_e813_3>
...
001 (842932.000.000) 08/15 17:00:01 Job executing on host: <172.20.225.8:9618?addrs=172.20.225.8-9618&noUDP&sock=3440_21e1_3>
...
006 (842932.000.000) 08/15 17:00:09 Image size of job updated: 21124
	21  -  MemoryUsage of job (MB)
	21124  -  ResidentSetSize of job (KB)
...
006 (842932.000.000) 08/15 17:05:09 Image size of job updated: 5245628
	5123  -  MemoryUsage of job (MB)
	5245580  -  ResidentSetSize of job (KB)
...
006 (842932.000.000) 08/15 17:10:10 Image size of job updated: 5245720
	5123  -  MemoryUsage of job (MB)
	5245720  -  ResidentSetSize of job (KB)
...
006 (842932.000.000) 08/15 17:15:11 Image size of job updated: 6202096
	6057  -  MemoryUsage of job (MB)
	6202096  -  ResidentSetSize of job (KB)
...
006 (842932.000.000) 08/15 17:20:11 Image size of job updated: 6618848
	6463  -  MemoryUsage of job (MB)
	6617920  -  ResidentSetSize of job (KB)
...
006 (842932.000.000) 08/15 17:22:58 Image size of job updated: 6791316
	6463  -  MemoryUsage of job (MB)
	6617920  -  ResidentSetSize of job (KB)
...
005 (842932.000.000) 08/15 17:22:58 Job terminated.
	(1) Normal termination (return value 0)
		Usr 0 00:23:27, Sys 0 00:00:34  -  Run Remote Usage
		Usr 0 00:00:00, Sys 0 00:00:00  -  Run Local Usage
		Usr 0 00:23:27, Sys 0 00:00:34  -  Total Remote Usage
		Usr 0 00:00:00, Sys 0 00:00:00  -  Total Local Usage
	1229  -  Run Bytes Sent By Job
	404  -  Run Bytes Received By Job
	1229  -  Total Bytes Sent By Job
	404  -  Total Bytes Received By Job
	Partitionable Resources :    Usage  Request Allocated 
	   Cpus                 :     0.51        1         1 
	   Disk (KB)            :   802           1 479737977 
	   Memory (MB)          :  6463        7900      8033 
...
