000 (844957.000.000) 08/15 13:30:46 Job submitted from host: <172.20.3.187:9618?addrs=172.20.3.187-9618&noUDP&sock=2043_e813_3>
...
001 (844957.000.000) 08/15 19:12:04 Job executing on host: <172.20.225.5:9618?addrs=172.20.225.5-9618&noUDP&sock=3375_8c39_3>
...
006 (844957.000.000) 08/15 19:12:12 Image size of job updated: 21128
	21  -  MemoryUsage of job (MB)
	21128  -  ResidentSetSize of job (KB)
...
006 (844957.000.000) 08/15 19:17:13 Image size of job updated: 5302776
	5179  -  MemoryUsage of job (MB)
	5302776  -  ResidentSetSize of job (KB)
...
006 (844957.000.000) 08/15 19:22:13 Image size of job updated: 5302920
	5179  -  MemoryUsage of job (MB)
	5302920  -  ResidentSetSize of job (KB)
...
006 (844957.000.000) 08/15 19:27:13 Image size of job updated: 6259116
	6113  -  MemoryUsage of job (MB)
	6259116  -  ResidentSetSize of job (KB)
...
006 (844957.000.000) 08/15 19:32:14 Image size of job updated: 6802776
	6644  -  MemoryUsage of job (MB)
	6802776  -  ResidentSetSize of job (KB)
...
006 (844957.000.000) 08/15 19:33:17 Image size of job updated: 14215108
	6644  -  MemoryUsage of job (MB)
	6802776  -  ResidentSetSize of job (KB)
...
005 (844957.000.000) 08/15 19:33:17 Job terminated.
	(1) Normal termination (return value 0)
		Usr 0 00:23:09, Sys 0 00:00:32  -  Run Remote Usage
		Usr 0 00:00:00, Sys 0 00:00:00  -  Run Local Usage
		Usr 0 00:23:09, Sys 0 00:00:32  -  Total Remote Usage
		Usr 0 00:00:00, Sys 0 00:00:00  -  Total Local Usage
	1229  -  Run Bytes Sent By Job
	404  -  Run Bytes Received By Job
	1229  -  Total Bytes Sent By Job
	404  -  Total Bytes Received By Job
	Partitionable Resources :    Usage  Request Allocated 
	   Cpus                 :     0.83        1         1 
	   Disk (KB)            :   802           1 479749220 
	   Memory (MB)          :  6644        7900      8033 
...
