000 (843178.000.000) 08/15 13:28:49 Job submitted from host: <172.20.3.187:9618?addrs=172.20.3.187-9618&noUDP&sock=2043_e813_3>
...
001 (843178.000.000) 08/15 17:22:01 Job executing on host: <172.20.225.4:9618?addrs=172.20.225.4-9618&noUDP&sock=3366_5fdf_3>
...
006 (843178.000.000) 08/15 17:22:09 Image size of job updated: 21124
	21  -  MemoryUsage of job (MB)
	21124  -  ResidentSetSize of job (KB)
...
006 (843178.000.000) 08/15 17:27:09 Image size of job updated: 5245664
	5123  -  MemoryUsage of job (MB)
	5245664  -  ResidentSetSize of job (KB)
...
006 (843178.000.000) 08/15 17:32:10 Image size of job updated: 5245792
	5123  -  MemoryUsage of job (MB)
	5245792  -  ResidentSetSize of job (KB)
...
006 (843178.000.000) 08/15 17:37:11 Image size of job updated: 6202164
	6057  -  MemoryUsage of job (MB)
	6202164  -  ResidentSetSize of job (KB)
...
006 (843178.000.000) 08/15 17:42:11 Image size of job updated: 6328532
	6180  -  MemoryUsage of job (MB)
	6327600  -  ResidentSetSize of job (KB)
...
006 (843178.000.000) 08/15 17:45:01 Image size of job updated: 6328532
	6180  -  MemoryUsage of job (MB)
	6327620  -  ResidentSetSize of job (KB)
...
005 (843178.000.000) 08/15 17:45:02 Job terminated.
	(1) Normal termination (return value 0)
		Usr 0 00:23:24, Sys 0 00:00:34  -  Run Remote Usage
		Usr 0 00:00:00, Sys 0 00:00:00  -  Run Local Usage
		Usr 0 00:23:24, Sys 0 00:00:34  -  Total Remote Usage
		Usr 0 00:00:00, Sys 0 00:00:00  -  Total Local Usage
	1229  -  Run Bytes Sent By Job
	404  -  Run Bytes Received By Job
	1229  -  Total Bytes Sent By Job
	404  -  Total Bytes Received By Job
	Partitionable Resources :    Usage  Request Allocated 
	   Cpus                 :     1.00        1         1 
	   Disk (KB)            :   802           1 479779449 
	   Memory (MB)          :  6180        7900      8033 
...
