000 (840898.000.000) 08/15 13:26:20 Job submitted from host: <172.20.3.187:9618?addrs=172.20.3.187-9618&noUDP&sock=2043_e813_3>
...
001 (840898.000.000) 08/15 14:53:20 Job executing on host: <172.20.225.4:9618?addrs=172.20.225.4-9618&noUDP&sock=3366_5fdf_3>
...
006 (840898.000.000) 08/15 14:53:29 Image size of job updated: 21116
	21  -  MemoryUsage of job (MB)
	21116  -  ResidentSetSize of job (KB)
...
006 (840898.000.000) 08/15 14:54:39 Image size of job updated: 4222848
	21  -  MemoryUsage of job (MB)
	21116  -  ResidentSetSize of job (KB)
...
005 (840898.000.000) 08/15 14:54:39 Job terminated.
	(1) Normal termination (return value 1)
		Usr 0 00:00:30, Sys 0 00:00:01  -  Run Remote Usage
		Usr 0 00:00:00, Sys 0 00:00:00  -  Run Local Usage
		Usr 0 00:00:30, Sys 0 00:00:01  -  Total Remote Usage
		Usr 0 00:00:00, Sys 0 00:00:00  -  Total Local Usage
	1437  -  Run Bytes Sent By Job
	398  -  Run Bytes Received By Job
	1437  -  Total Bytes Sent By Job
	398  -  Total Bytes Received By Job
	Partitionable Resources :    Usage  Request Allocated 
	   Cpus                 :     0.77        1         1 
	   Disk (KB)            :   803           1 479779449 
	   Memory (MB)          :    21        7900      8033 
...
000 (846216.000.000) 08/16 03:54:00 Job submitted from host: <172.20.3.187:9618?addrs=172.20.3.187-9618&noUDP&sock=2043_e813_3>
...
001 (846216.000.000) 08/16 05:11:06 Job executing on host: <172.20.225.8:9618?addrs=172.20.225.8-9618&noUDP&sock=3440_21e1_3>
...
006 (846216.000.000) 08/16 05:11:15 Image size of job updated: 21112
	21  -  MemoryUsage of job (MB)
	21112  -  ResidentSetSize of job (KB)
...
006 (846216.000.000) 08/16 05:16:16 Image size of job updated: 5035324
	4918  -  MemoryUsage of job (MB)
	5035324  -  ResidentSetSize of job (KB)
...
006 (846216.000.000) 08/16 05:21:17 Image size of job updated: 5035460
	4918  -  MemoryUsage of job (MB)
	5035460  -  ResidentSetSize of job (KB)
...
006 (846216.000.000) 08/16 05:26:17 Image size of job updated: 5991820
	5852  -  MemoryUsage of job (MB)
	5991820  -  ResidentSetSize of job (KB)
...
006 (846216.000.000) 08/16 05:31:18 Image size of job updated: 6179992
	6033  -  MemoryUsage of job (MB)
	6177776  -  ResidentSetSize of job (KB)
...
006 (846216.000.000) 08/16 05:32:52 Image size of job updated: 6179992
	6036  -  MemoryUsage of job (MB)
	6180648  -  ResidentSetSize of job (KB)
...
005 (846216.000.000) 08/16 05:32:52 Job terminated.
	(1) Normal termination (return value 0)
		Usr 0 00:22:00, Sys 0 00:00:30  -  Run Remote Usage
		Usr 0 00:00:00, Sys 0 00:00:00  -  Run Local Usage
		Usr 0 00:22:00, Sys 0 00:00:30  -  Total Remote Usage
		Usr 0 00:00:00, Sys 0 00:00:00  -  Total Local Usage
	1223  -  Run Bytes Sent By Job
	398  -  Run Bytes Received By Job
	1223  -  Total Bytes Sent By Job
	398  -  Total Bytes Received By Job
	Partitionable Resources :    Usage  Request Allocated 
	   Cpus                 :     0.54        1         1 
	   Disk (KB)            :   802           1 479737977 
	   Memory (MB)          :  6036        7900      8033 
...
