000 (840856.000.000) 08/15 13:26:18 Job submitted from host: <172.20.3.187:9618?addrs=172.20.3.187-9618&noUDP&sock=2043_e813_3>
...
001 (840856.000.000) 08/15 14:52:46 Job executing on host: <172.20.225.5:9618?addrs=172.20.225.5-9618&noUDP&sock=3375_8c39_3>
...
006 (840856.000.000) 08/15 14:52:55 Image size of job updated: 21120
	21  -  MemoryUsage of job (MB)
	21120  -  ResidentSetSize of job (KB)
...
005 (840856.000.000) 08/15 14:53:49 Job terminated.
	(1) Normal termination (return value 1)
		Usr 0 00:00:28, Sys 0 00:00:01  -  Run Remote Usage
		Usr 0 00:00:00, Sys 0 00:00:00  -  Run Local Usage
		Usr 0 00:00:28, Sys 0 00:00:01  -  Total Remote Usage
		Usr 0 00:00:00, Sys 0 00:00:00  -  Total Local Usage
	1437  -  Run Bytes Sent By Job
	398  -  Run Bytes Received By Job
	1437  -  Total Bytes Sent By Job
	398  -  Total Bytes Received By Job
	Partitionable Resources :    Usage  Request Allocated 
	   Cpus                 :     0.92        1         1 
	   Disk (KB)            :   803           1 479749220 
	   Memory (MB)          :    21        7900      8033 
...
000 (846174.000.000) 08/16 03:53:57 Job submitted from host: <172.20.3.187:9618?addrs=172.20.3.187-9618&noUDP&sock=2043_e813_3>
...
001 (846174.000.000) 08/16 05:07:13 Job executing on host: <172.20.225.8:9618?addrs=172.20.225.8-9618&noUDP&sock=3440_21e1_3>
...
006 (846174.000.000) 08/16 05:07:22 Image size of job updated: 21116
	21  -  MemoryUsage of job (MB)
	21116  -  ResidentSetSize of job (KB)
...
006 (846174.000.000) 08/16 05:12:24 Image size of job updated: 5035412
	4918  -  MemoryUsage of job (MB)
	5035412  -  ResidentSetSize of job (KB)
...
006 (846174.000.000) 08/16 05:17:25 Image size of job updated: 5035520
	4918  -  MemoryUsage of job (MB)
	5035520  -  ResidentSetSize of job (KB)
...
006 (846174.000.000) 08/16 05:22:25 Image size of job updated: 5991884
	5852  -  MemoryUsage of job (MB)
	5991884  -  ResidentSetSize of job (KB)
...
006 (846174.000.000) 08/16 05:27:26 Image size of job updated: 6109164
	5966  -  MemoryUsage of job (MB)
	6109160  -  ResidentSetSize of job (KB)
...
006 (846174.000.000) 08/16 05:30:07 Image size of job updated: 6109164
	5966  -  MemoryUsage of job (MB)
	6109184  -  ResidentSetSize of job (KB)
...
005 (846174.000.000) 08/16 05:30:07 Job terminated.
	(1) Normal termination (return value 0)
		Usr 0 00:21:54, Sys 0 00:00:29  -  Run Remote Usage
		Usr 0 00:00:00, Sys 0 00:00:00  -  Run Local Usage
		Usr 0 00:21:54, Sys 0 00:00:29  -  Total Remote Usage
		Usr 0 00:00:00, Sys 0 00:00:00  -  Total Local Usage
	1223  -  Run Bytes Sent By Job
	398  -  Run Bytes Received By Job
	1223  -  Total Bytes Sent By Job
	398  -  Total Bytes Received By Job
	Partitionable Resources :    Usage  Request Allocated 
	   Cpus                 :     0.66        1         1 
	   Disk (KB)            :   802           1 479737977 
	   Memory (MB)          :  5966        7900      8033 
...
