000 (843642.000.000) 08/15 13:29:19 Job submitted from host: <172.20.3.187:9618?addrs=172.20.3.187-9618&noUDP&sock=2043_e813_3>
...
001 (843642.000.000) 08/15 17:52:56 Job executing on host: <172.20.225.8:9618?addrs=172.20.225.8-9618&noUDP&sock=3440_21e1_3>
...
006 (843642.000.000) 08/15 17:53:04 Image size of job updated: 21116
	21  -  MemoryUsage of job (MB)
	21116  -  ResidentSetSize of job (KB)
...
005 (843642.000.000) 08/15 17:54:04 Job terminated.
	(1) Normal termination (return value 1)
		Usr 0 00:00:19, Sys 0 00:00:01  -  Run Remote Usage
		Usr 0 00:00:00, Sys 0 00:00:00  -  Run Local Usage
		Usr 0 00:00:19, Sys 0 00:00:01  -  Total Remote Usage
		Usr 0 00:00:00, Sys 0 00:00:00  -  Total Local Usage
	1437  -  Run Bytes Sent By Job
	393  -  Run Bytes Received By Job
	1437  -  Total Bytes Sent By Job
	393  -  Total Bytes Received By Job
	Partitionable Resources :    Usage  Request Allocated 
	   Cpus                 :     0.67        1         1 
	   Disk (KB)            :   803           1 479737977 
	   Memory (MB)          :    21        7900      8033 
...
000 (846908.000.000) 08/16 03:54:44 Job submitted from host: <172.20.3.187:9618?addrs=172.20.3.187-9618&noUDP&sock=2043_e813_3>
...
001 (846908.000.000) 08/16 06:13:11 Job executing on host: <172.20.225.4:9618?addrs=172.20.225.4-9618&noUDP&sock=3366_5fdf_3>
...
006 (846908.000.000) 08/16 06:13:20 Image size of job updated: 21120
	21  -  MemoryUsage of job (MB)
	21120  -  ResidentSetSize of job (KB)
...
006 (846908.000.000) 08/16 06:18:22 Image size of job updated: 5009780
	4893  -  MemoryUsage of job (MB)
	5009780  -  ResidentSetSize of job (KB)
...
006 (846908.000.000) 08/16 06:23:22 Image size of job updated: 5965952
	5827  -  MemoryUsage of job (MB)
	5965952  -  ResidentSetSize of job (KB)
...
006 (846908.000.000) 08/16 06:28:22 Image size of job updated: 5967344
	5828  -  MemoryUsage of job (MB)
	5967344  -  ResidentSetSize of job (KB)
...
006 (846908.000.000) 08/16 06:33:23 Image size of job updated: 6613004
	6458  -  MemoryUsage of job (MB)
	6612232  -  ResidentSetSize of job (KB)
...
006 (846908.000.000) 08/16 06:34:32 Image size of job updated: 6613004
	6458  -  MemoryUsage of job (MB)
	6612248  -  ResidentSetSize of job (KB)
...
005 (846908.000.000) 08/16 06:34:32 Job terminated.
	(1) Normal termination (return value 0)
		Usr 0 00:22:25, Sys 0 00:00:32  -  Run Remote Usage
		Usr 0 00:00:00, Sys 0 00:00:00  -  Run Local Usage
		Usr 0 00:22:25, Sys 0 00:00:32  -  Total Remote Usage
		Usr 0 00:00:00, Sys 0 00:00:00  -  Total Local Usage
	1218  -  Run Bytes Sent By Job
	393  -  Run Bytes Received By Job
	1218  -  Total Bytes Sent By Job
	393  -  Total Bytes Received By Job
	Partitionable Resources :    Usage  Request Allocated 
	   Cpus                 :     1.16        1         1 
	   Disk (KB)            :   802           1 479779449 
	   Memory (MB)          :  6458        7900      8033 
...
