000 (844225.000.000) 08/15 13:29:57 Job submitted from host: <172.20.3.187:9618?addrs=172.20.3.187-9618&noUDP&sock=2043_e813_3>
...
001 (844225.000.000) 08/15 18:19:04 Job executing on host: <172.20.225.5:9618?addrs=172.20.225.5-9618&noUDP&sock=3375_8c39_3>
...
006 (844225.000.000) 08/15 18:19:12 Image size of job updated: 20796
	21  -  MemoryUsage of job (MB)
	20796  -  ResidentSetSize of job (KB)
...
006 (844225.000.000) 08/15 18:24:13 Image size of job updated: 4980124
	4864  -  MemoryUsage of job (MB)
	4980124  -  ResidentSetSize of job (KB)
...
006 (844225.000.000) 08/15 18:29:14 Image size of job updated: 5936388
	5798  -  MemoryUsage of job (MB)
	5936388  -  ResidentSetSize of job (KB)
...
006 (844225.000.000) 08/15 18:34:14 Image size of job updated: 5942368
	5804  -  MemoryUsage of job (MB)
	5942368  -  ResidentSetSize of job (KB)
...
006 (844225.000.000) 08/15 18:39:14 Image size of job updated: 6522084
	6368  -  MemoryUsage of job (MB)
	6520480  -  ResidentSetSize of job (KB)
...
005 (844225.000.000) 08/15 18:40:22 Job terminated.
	(1) Normal termination (return value 0)
		Usr 0 00:22:20, Sys 0 00:00:34  -  Run Remote Usage
		Usr 0 00:00:00, Sys 0 00:00:00  -  Run Local Usage
		Usr 0 00:22:20, Sys 0 00:00:34  -  Total Remote Usage
		Usr 0 00:00:00, Sys 0 00:00:00  -  Total Local Usage
	1225  -  Run Bytes Sent By Job
	400  -  Run Bytes Received By Job
	1225  -  Total Bytes Sent By Job
	400  -  Total Bytes Received By Job
	Partitionable Resources :    Usage  Request Allocated 
	   Cpus                 :     0.54        1         1 
	   Disk (KB)            :   802           1 479749220 
	   Memory (MB)          :  6368        7900      8033 
...
