000 (843810.000.000) 08/15 13:29:30 Job submitted from host: <172.20.3.187:9618?addrs=172.20.3.187-9618&noUDP&sock=2043_e813_3>
...
001 (843810.000.000) 08/15 17:55:00 Job executing on host: <172.20.225.2:9618?addrs=172.20.225.2-9618&noUDP&sock=3424_285d_3>
...
006 (843810.000.000) 08/15 17:55:08 Image size of job updated: 21112
	21  -  MemoryUsage of job (MB)
	21112  -  ResidentSetSize of job (KB)
...
005 (843810.000.000) 08/15 17:55:55 Job terminated.
	(1) Normal termination (return value 1)
		Usr 0 00:00:15, Sys 0 00:00:01  -  Run Remote Usage
		Usr 0 00:00:00, Sys 0 00:00:00  -  Run Local Usage
		Usr 0 00:00:15, Sys 0 00:00:01  -  Total Remote Usage
		Usr 0 00:00:00, Sys 0 00:00:00  -  Total Local Usage
	1435  -  Run Bytes Sent By Job
	397  -  Run Bytes Received By Job
	1435  -  Total Bytes Sent By Job
	397  -  Total Bytes Received By Job
	Partitionable Resources :    Usage  Request Allocated 
	   Cpus                 :     0.51        1         1 
	   Disk (KB)            :   803           1 479786084 
	   Memory (MB)          :    21        7900      8033 
...
000 (847064.000.000) 08/16 03:54:54 Job submitted from host: <172.20.3.187:9618?addrs=172.20.3.187-9618&noUDP&sock=2043_e813_3>
...
001 (847064.000.000) 08/16 06:22:10 Job executing on host: <172.20.225.8:9618?addrs=172.20.225.8-9618&noUDP&sock=3440_21e1_3>
...
006 (847064.000.000) 08/16 06:22:20 Image size of job updated: 21112
	21  -  MemoryUsage of job (MB)
	21112  -  ResidentSetSize of job (KB)
...
006 (847064.000.000) 08/16 06:27:21 Image size of job updated: 4971356
	4855  -  MemoryUsage of job (MB)
	4971356  -  ResidentSetSize of job (KB)
...
006 (847064.000.000) 08/16 06:32:21 Image size of job updated: 4971516
	4855  -  MemoryUsage of job (MB)
	4971516  -  ResidentSetSize of job (KB)
...
006 (847064.000.000) 08/16 06:37:22 Image size of job updated: 5927900
	5789  -  MemoryUsage of job (MB)
	5927900  -  ResidentSetSize of job (KB)
...
006 (847064.000.000) 08/16 06:42:23 Image size of job updated: 9051324
	8840  -  MemoryUsage of job (MB)
	9051324  -  ResidentSetSize of job (KB)
...
006 (847064.000.000) 08/16 06:43:07 Image size of job updated: 9051324
	8840  -  MemoryUsage of job (MB)
	9051328  -  ResidentSetSize of job (KB)
...
005 (847064.000.000) 08/16 06:43:07 Job terminated.
	(1) Normal termination (return value 0)
		Usr 0 00:22:45, Sys 0 00:00:32  -  Run Remote Usage
		Usr 0 00:00:00, Sys 0 00:00:00  -  Run Local Usage
		Usr 0 00:22:45, Sys 0 00:00:32  -  Total Remote Usage
		Usr 0 00:00:00, Sys 0 00:00:00  -  Total Local Usage
	1220  -  Run Bytes Sent By Job
	397  -  Run Bytes Received By Job
	1220  -  Total Bytes Sent By Job
	397  -  Total Bytes Received By Job
	Partitionable Resources :    Usage  Request Allocated 
	   Cpus                 :     1.99        1         1 
	   Disk (KB)            :   802           1 479737977 
	   Memory (MB)          :  8840        7900      8033 
...
