000 (838405.000.000) 08/15 12:25:11 Job submitted from host: <172.20.3.187:9618?addrs=172.20.3.187-9618&noUDP&sock=2043_e813_3>
...
001 (838405.000.000) 08/15 12:43:50 Job executing on host: <172.20.225.2:9618?addrs=172.20.225.2-9618&noUDP&sock=3424_285d_3>
...
006 (838405.000.000) 08/15 12:44:01 Image size of job updated: 21124
	21  -  MemoryUsage of job (MB)
	21124  -  ResidentSetSize of job (KB)
...
006 (838405.000.000) 08/15 12:49:00 Image size of job updated: 20700288
	20215  -  MemoryUsage of job (MB)
	20700144  -  ResidentSetSize of job (KB)
...
006 (838405.000.000) 08/15 12:49:55 Image size of job updated: 20700288
	20358  -  MemoryUsage of job (MB)
	20845824  -  ResidentSetSize of job (KB)
...
005 (838405.000.000) 08/15 12:49:55 Job terminated.
	(1) Normal termination (return value 137)
		Usr 0 00:03:50, Sys 0 00:00:46  -  Run Remote Usage
		Usr 0 00:00:00, Sys 0 00:00:00  -  Run Local Usage
		Usr 0 00:03:50, Sys 0 00:00:46  -  Total Remote Usage
		Usr 0 00:00:00, Sys 0 00:00:00  -  Total Local Usage
	1390  -  Run Bytes Sent By Job
	403  -  Run Bytes Received By Job
	1390  -  Total Bytes Sent By Job
	403  -  Total Bytes Received By Job
	Partitionable Resources :    Usage  Request Allocated 
	   Cpus                 :     0.61        1         1 
	   Disk (KB)            :   803           1 479786084 
	   Memory (MB)          : 20358        7900      8033 
...
000 (842720.000.000) 08/15 13:28:18 Job submitted from host: <172.20.3.187:9618?addrs=172.20.3.187-9618&noUDP&sock=2043_e813_3>
...
001 (842720.000.000) 08/15 16:41:11 Job executing on host: <172.20.225.5:9618?addrs=172.20.225.5-9618&noUDP&sock=3375_8c39_3>
...
006 (842720.000.000) 08/15 16:41:19 Image size of job updated: 21120
	21  -  MemoryUsage of job (MB)
	21120  -  ResidentSetSize of job (KB)
...
006 (842720.000.000) 08/15 16:46:20 Image size of job updated: 5248876
	5123  -  MemoryUsage of job (MB)
	5245680  -  ResidentSetSize of job (KB)
...
006 (842720.000.000) 08/15 16:51:20 Image size of job updated: 6201852
	6057  -  MemoryUsage of job (MB)
	6201852  -  ResidentSetSize of job (KB)
...
006 (842720.000.000) 08/15 16:56:20 Image size of job updated: 6207936
	6063  -  MemoryUsage of job (MB)
	6207936  -  ResidentSetSize of job (KB)
...
005 (842720.000.000) 08/15 16:59:40 Job terminated.
	(1) Normal termination (return value 0)
		Usr 0 00:24:34, Sys 0 00:00:32  -  Run Remote Usage
		Usr 0 00:00:00, Sys 0 00:00:00  -  Run Local Usage
		Usr 0 00:24:34, Sys 0 00:00:32  -  Total Remote Usage
		Usr 0 00:00:00, Sys 0 00:00:00  -  Total Local Usage
	1226  -  Run Bytes Sent By Job
	403  -  Run Bytes Received By Job
	1226  -  Total Bytes Sent By Job
	403  -  Total Bytes Received By Job
	Partitionable Resources :    Usage  Request Allocated 
	   Cpus                 :     0.89        1         1 
	   Disk (KB)            :   803           1 479749220 
	   Memory (MB)          :  6063        7900      8033 
...
