000 (840461.000.000) 08/15 13:25:52 Job submitted from host: <172.20.3.187:9618?addrs=172.20.3.187-9618&noUDP&sock=2043_e813_3>
...
001 (840461.000.000) 08/15 14:44:57 Job executing on host: <172.20.225.8:9618?addrs=172.20.225.8-9618&noUDP&sock=3440_21e1_3>
...
006 (840461.000.000) 08/15 14:45:06 Image size of job updated: 21124
	21  -  MemoryUsage of job (MB)
	21124  -  ResidentSetSize of job (KB)
...
006 (840461.000.000) 08/15 14:50:08 Image size of job updated: 4909252
	4795  -  MemoryUsage of job (MB)
	4909252  -  ResidentSetSize of job (KB)
...
006 (840461.000.000) 08/15 14:55:09 Image size of job updated: 5865536
	5729  -  MemoryUsage of job (MB)
	5865536  -  ResidentSetSize of job (KB)
...
006 (840461.000.000) 08/15 15:00:09 Image size of job updated: 5871516
	5734  -  MemoryUsage of job (MB)
	5871516  -  ResidentSetSize of job (KB)
...
005 (840461.000.000) 08/15 15:04:46 Job terminated.
	(1) Normal termination (return value 0)
		Usr 0 00:22:32, Sys 0 00:00:31  -  Run Remote Usage
		Usr 0 00:00:00, Sys 0 00:00:00  -  Run Local Usage
		Usr 0 00:22:32, Sys 0 00:00:31  -  Total Remote Usage
		Usr 0 00:00:00, Sys 0 00:00:00  -  Total Local Usage
	1218  -  Run Bytes Sent By Job
	396  -  Run Bytes Received By Job
	1218  -  Total Bytes Sent By Job
	396  -  Total Bytes Received By Job
	Partitionable Resources :    Usage  Request Allocated 
	   Cpus                 :     0.41        1         1 
	   Disk (KB)            :   802           1 479737977 
	   Memory (MB)          :  5734        7900      8033 
...
