000 (842471.000.000) 08/15 13:28:02 Job submitted from host: <172.20.3.187:9618?addrs=172.20.3.187-9618&noUDP&sock=2043_e813_3>
...
001 (842471.000.000) 08/15 16:22:00 Job executing on host: <172.20.225.4:9618?addrs=172.20.225.4-9618&noUDP&sock=3366_5fdf_3>
...
006 (842471.000.000) 08/15 16:22:09 Image size of job updated: 21124
	21  -  MemoryUsage of job (MB)
	21124  -  ResidentSetSize of job (KB)
...
006 (842471.000.000) 08/15 16:27:10 Image size of job updated: 4985688
	4869  -  MemoryUsage of job (MB)
	4985688  -  ResidentSetSize of job (KB)
...
006 (842471.000.000) 08/15 16:32:11 Image size of job updated: 5941856
	5803  -  MemoryUsage of job (MB)
	5941856  -  ResidentSetSize of job (KB)
...
006 (842471.000.000) 08/15 16:37:11 Image size of job updated: 5943244
	5804  -  MemoryUsage of job (MB)
	5943244  -  ResidentSetSize of job (KB)
...
006 (842471.000.000) 08/15 16:42:12 Image size of job updated: 6585748
	6432  -  MemoryUsage of job (MB)
	6585476  -  ResidentSetSize of job (KB)
...
005 (842471.000.000) 08/15 16:43:51 Job terminated.
	(1) Normal termination (return value 0)
		Usr 0 00:22:32, Sys 0 00:00:30  -  Run Remote Usage
		Usr 0 00:00:00, Sys 0 00:00:00  -  Run Local Usage
		Usr 0 00:22:32, Sys 0 00:00:30  -  Total Remote Usage
		Usr 0 00:00:00, Sys 0 00:00:00  -  Total Local Usage
	1219  -  Run Bytes Sent By Job
	396  -  Run Bytes Received By Job
	1219  -  Total Bytes Sent By Job
	396  -  Total Bytes Received By Job
	Partitionable Resources :    Usage  Request Allocated 
	   Cpus                 :     0.53        1         1 
	   Disk (KB)            :   802           1 479779449 
	   Memory (MB)          :  6432        7900      8033 
...
