000 (844190.000.000) 08/15 13:29:55 Job submitted from host: <172.20.3.187:9618?addrs=172.20.3.187-9618&noUDP&sock=2043_e813_3>
...
001 (844190.000.000) 08/15 18:15:00 Job executing on host: <172.20.225.8:9618?addrs=172.20.225.8-9618&noUDP&sock=3440_21e1_3>
...
006 (844190.000.000) 08/15 18:15:08 Image size of job updated: 21132
	21  -  MemoryUsage of job (MB)
	21132  -  ResidentSetSize of job (KB)
...
006 (844190.000.000) 08/15 18:20:09 Image size of job updated: 4979732
	4864  -  MemoryUsage of job (MB)
	4979732  -  ResidentSetSize of job (KB)
...
006 (844190.000.000) 08/15 18:25:09 Image size of job updated: 5935908
	5797  -  MemoryUsage of job (MB)
	5935908  -  ResidentSetSize of job (KB)
...
006 (844190.000.000) 08/15 18:30:09 Image size of job updated: 5941996
	5803  -  MemoryUsage of job (MB)
	5941996  -  ResidentSetSize of job (KB)
...
006 (844190.000.000) 08/15 18:35:10 Image size of job updated: 6530276
	6378  -  MemoryUsage of job (MB)
	6530276  -  ResidentSetSize of job (KB)
...
005 (844190.000.000) 08/15 18:35:30 Job terminated.
	(1) Normal termination (return value 0)
		Usr 0 00:22:44, Sys 0 00:00:30  -  Run Remote Usage
		Usr 0 00:00:00, Sys 0 00:00:00  -  Run Local Usage
		Usr 0 00:22:44, Sys 0 00:00:30  -  Total Remote Usage
		Usr 0 00:00:00, Sys 0 00:00:00  -  Total Local Usage
	1222  -  Run Bytes Sent By Job
	399  -  Run Bytes Received By Job
	1222  -  Total Bytes Sent By Job
	399  -  Total Bytes Received By Job
	Partitionable Resources :    Usage  Request Allocated 
	   Cpus                 :     1.00        1         1 
	   Disk (KB)            :   802           1 479737977 
	   Memory (MB)          :  6378        7900      8033 
...
