000 (841956.000.000) 08/15 13:27:29 Job submitted from host: <172.20.3.187:9618?addrs=172.20.3.187-9618&noUDP&sock=2043_e813_3>
...
001 (841956.000.000) 08/15 15:59:02 Job executing on host: <172.20.225.8:9618?addrs=172.20.225.8-9618&noUDP&sock=3440_21e1_3>
...
006 (841956.000.000) 08/15 15:59:10 Image size of job updated: 21120
	21  -  MemoryUsage of job (MB)
	21120  -  ResidentSetSize of job (KB)
...
006 (841956.000.000) 08/15 15:59:59 Image size of job updated: 41664
	21  -  MemoryUsage of job (MB)
	21120  -  ResidentSetSize of job (KB)
...
005 (841956.000.000) 08/15 15:59:59 Job terminated.
	(1) Normal termination (return value 1)
		Usr 0 00:00:13, Sys 0 00:00:01  -  Run Remote Usage
		Usr 0 00:00:00, Sys 0 00:00:00  -  Run Local Usage
		Usr 0 00:00:13, Sys 0 00:00:01  -  Total Remote Usage
		Usr 0 00:00:00, Sys 0 00:00:00  -  Total Local Usage
	1435  -  Run Bytes Sent By Job
	394  -  Run Bytes Received By Job
	1435  -  Total Bytes Sent By Job
	394  -  Total Bytes Received By Job
	Partitionable Resources :    Usage  Request Allocated 
	   Cpus                 :        0        1         1 
	   Disk (KB)            :      803        1 479737977 
	   Memory (MB)          :       21     7900      8033 
...
000 (846482.000.000) 08/16 03:54:17 Job submitted from host: <172.20.3.187:9618?addrs=172.20.3.187-9618&noUDP&sock=2043_e813_3>
...
001 (846482.000.000) 08/16 05:31:14 Job executing on host: <172.20.225.5:9618?addrs=172.20.225.5-9618&noUDP&sock=3375_8c39_3>
...
006 (846482.000.000) 08/16 05:31:22 Image size of job updated: 21108
	21  -  MemoryUsage of job (MB)
	21108  -  ResidentSetSize of job (KB)
...
006 (846482.000.000) 08/16 05:36:23 Image size of job updated: 4961416
	4846  -  MemoryUsage of job (MB)
	4961416  -  ResidentSetSize of job (KB)
...
006 (846482.000.000) 08/16 05:41:23 Image size of job updated: 4961520
	4846  -  MemoryUsage of job (MB)
	4961520  -  ResidentSetSize of job (KB)
...
006 (846482.000.000) 08/16 05:46:24 Image size of job updated: 5917888
	5780  -  MemoryUsage of job (MB)
	5917888  -  ResidentSetSize of job (KB)
...
006 (846482.000.000) 08/16 05:51:24 Image size of job updated: 6021436
	5881  -  MemoryUsage of job (MB)
	6021436  -  ResidentSetSize of job (KB)
...
006 (846482.000.000) 08/16 05:56:16 Image size of job updated: 6021436
	5881  -  MemoryUsage of job (MB)
	6021460  -  ResidentSetSize of job (KB)
...
005 (846482.000.000) 08/16 05:56:16 Job terminated.
	(1) Normal termination (return value 0)
		Usr 0 00:23:34, Sys 0 00:00:30  -  Run Remote Usage
		Usr 0 00:00:00, Sys 0 00:00:00  -  Run Local Usage
		Usr 0 00:23:34, Sys 0 00:00:30  -  Total Remote Usage
		Usr 0 00:00:00, Sys 0 00:00:00  -  Total Local Usage
	1217  -  Run Bytes Sent By Job
	394  -  Run Bytes Received By Job
	1217  -  Total Bytes Sent By Job
	394  -  Total Bytes Received By Job
	Partitionable Resources :    Usage  Request Allocated 
	   Cpus                 :        0        1         1 
	   Disk (KB)            :      802        1 479749220 
	   Memory (MB)          :     5881     7900      8033 
...
