000 (840595.000.000) 08/15 13:26:00 Job submitted from host: <172.20.3.187:9618?addrs=172.20.3.187-9618&noUDP&sock=2043_e813_3>
...
001 (840595.000.000) 08/15 14:49:57 Job executing on host: <172.20.225.6:9618?addrs=172.20.225.6-9618&noUDP&sock=3382_5963_3>
...
006 (840595.000.000) 08/15 14:50:06 Image size of job updated: 21108
	21  -  MemoryUsage of job (MB)
	21108  -  ResidentSetSize of job (KB)
...
006 (840595.000.000) 08/15 14:51:02 Image size of job updated: 4222120
	21  -  MemoryUsage of job (MB)
	21108  -  ResidentSetSize of job (KB)
...
005 (840595.000.000) 08/15 14:51:02 Job terminated.
	(1) Normal termination (return value 1)
		Usr 0 00:00:16, Sys 0 00:00:01  -  Run Remote Usage
		Usr 0 00:00:00, Sys 0 00:00:00  -  Run Local Usage
		Usr 0 00:00:16, Sys 0 00:00:01  -  Total Remote Usage
		Usr 0 00:00:00, Sys 0 00:00:00  -  Total Local Usage
	1437  -  Run Bytes Sent By Job
	398  -  Run Bytes Received By Job
	1437  -  Total Bytes Sent By Job
	398  -  Total Bytes Received By Job
	Partitionable Resources :    Usage  Request Allocated 
	   Cpus                 :     0.73        1         1 
	   Disk (KB)            :   803           1 479749220 
	   Memory (MB)          :    21        7900      8033 
...
000 (845913.000.000) 08/16 03:53:40 Job submitted from host: <172.20.3.187:9618?addrs=172.20.3.187-9618&noUDP&sock=2043_e813_3>
...
001 (845913.000.000) 08/16 04:43:17 Job executing on host: <172.20.225.1:9618?addrs=172.20.225.1-9618&noUDP&sock=3382_5963_3>
...
006 (845913.000.000) 08/16 04:43:25 Image size of job updated: 21120
	21  -  MemoryUsage of job (MB)
	21120  -  ResidentSetSize of job (KB)
...
006 (845913.000.000) 08/16 04:48:26 Image size of job updated: 5035364
	4918  -  MemoryUsage of job (MB)
	5035364  -  ResidentSetSize of job (KB)
...
006 (845913.000.000) 08/16 04:53:27 Image size of job updated: 5035468
	4918  -  MemoryUsage of job (MB)
	5035468  -  ResidentSetSize of job (KB)
...
006 (845913.000.000) 08/16 04:58:27 Image size of job updated: 5991828
	5852  -  MemoryUsage of job (MB)
	5991828  -  ResidentSetSize of job (KB)
...
006 (845913.000.000) 08/16 05:03:28 Image size of job updated: 6091864
	5950  -  MemoryUsage of job (MB)
	6091864  -  ResidentSetSize of job (KB)
...
006 (845913.000.000) 08/16 05:06:19 Image size of job updated: 13429216
	5950  -  MemoryUsage of job (MB)
	6091904  -  ResidentSetSize of job (KB)
...
005 (845913.000.000) 08/16 05:06:19 Job terminated.
	(1) Normal termination (return value 0)
		Usr 0 00:22:04, Sys 0 00:00:28  -  Run Remote Usage
		Usr 0 00:00:00, Sys 0 00:00:00  -  Run Local Usage
		Usr 0 00:22:04, Sys 0 00:00:28  -  Total Remote Usage
		Usr 0 00:00:00, Sys 0 00:00:00  -  Total Local Usage
	1223  -  Run Bytes Sent By Job
	398  -  Run Bytes Received By Job
	1223  -  Total Bytes Sent By Job
	398  -  Total Bytes Received By Job
	Partitionable Resources :    Usage  Request Allocated 
	   Cpus                 :     1.01        1         1 
	   Disk (KB)            :   802           1 479786105 
	   Memory (MB)          :  5950        7900      8033 
...
