000 (843804.000.000) 08/15 13:29:30 Job submitted from host: <172.20.3.187:9618?addrs=172.20.3.187-9618&noUDP&sock=2043_e813_3>
...
001 (843804.000.000) 08/15 17:55:01 Job executing on host: <172.20.225.8:9618?addrs=172.20.225.8-9618&noUDP&sock=3440_21e1_3>
...
006 (843804.000.000) 08/15 17:55:11 Image size of job updated: 21120
	21  -  MemoryUsage of job (MB)
	21120  -  ResidentSetSize of job (KB)
...
005 (843804.000.000) 08/15 17:56:08 Job terminated.
	(1) Normal termination (return value 1)
		Usr 0 00:00:14, Sys 0 00:00:01  -  Run Remote Usage
		Usr 0 00:00:00, Sys 0 00:00:00  -  Run Local Usage
		Usr 0 00:00:14, Sys 0 00:00:01  -  Total Remote Usage
		Usr 0 00:00:00, Sys 0 00:00:00  -  Total Local Usage
	1435  -  Run Bytes Sent By Job
	397  -  Run Bytes Received By Job
	1435  -  Total Bytes Sent By Job
	397  -  Total Bytes Received By Job
	Partitionable Resources :    Usage  Request Allocated 
	   Cpus                 :     0.63        1         1 
	   Disk (KB)            :   803           1 479737977 
	   Memory (MB)          :    21        7900      8033 
...
000 (847058.000.000) 08/16 03:54:53 Job submitted from host: <172.20.3.187:9618?addrs=172.20.3.187-9618&noUDP&sock=2043_e813_3>
...
001 (847058.000.000) 08/16 06:21:11 Job executing on host: <172.20.225.5:9618?addrs=172.20.225.5-9618&noUDP&sock=3375_8c39_3>
...
006 (847058.000.000) 08/16 06:21:21 Image size of job updated: 21108
	21  -  MemoryUsage of job (MB)
	21108  -  ResidentSetSize of job (KB)
...
006 (847058.000.000) 08/16 06:26:21 Image size of job updated: 4971416
	4855  -  MemoryUsage of job (MB)
	4971416  -  ResidentSetSize of job (KB)
...
006 (847058.000.000) 08/16 06:31:22 Image size of job updated: 5927584
	5789  -  MemoryUsage of job (MB)
	5927584  -  ResidentSetSize of job (KB)
...
006 (847058.000.000) 08/16 06:36:22 Image size of job updated: 5927892
	5789  -  MemoryUsage of job (MB)
	5927892  -  ResidentSetSize of job (KB)
...
006 (847058.000.000) 08/16 06:41:23 Image size of job updated: 7012592
	6849  -  MemoryUsage of job (MB)
	7012592  -  ResidentSetSize of job (KB)
...
006 (847058.000.000) 08/16 06:43:03 Image size of job updated: 7237576
	6849  -  MemoryUsage of job (MB)
	7012600  -  ResidentSetSize of job (KB)
...
005 (847058.000.000) 08/16 06:43:03 Job terminated.
	(1) Normal termination (return value 0)
		Usr 0 00:22:33, Sys 0 00:00:31  -  Run Remote Usage
		Usr 0 00:00:00, Sys 0 00:00:00  -  Run Local Usage
		Usr 0 00:22:33, Sys 0 00:00:31  -  Total Remote Usage
		Usr 0 00:00:00, Sys 0 00:00:00  -  Total Local Usage
	1220  -  Run Bytes Sent By Job
	397  -  Run Bytes Received By Job
	1220  -  Total Bytes Sent By Job
	397  -  Total Bytes Received By Job
	Partitionable Resources :    Usage  Request Allocated 
	   Cpus                 :     0.75        1         1 
	   Disk (KB)            :   802           1 479749220 
	   Memory (MB)          :  6849        7900      8033 
...
