000 (843641.000.000) 08/15 13:29:19 Job submitted from host: <172.20.3.187:9618?addrs=172.20.3.187-9618&noUDP&sock=2043_e813_3>
...
001 (843641.000.000) 08/15 17:52:55 Job executing on host: <172.20.225.8:9618?addrs=172.20.225.8-9618&noUDP&sock=3440_21e1_3>
...
006 (843641.000.000) 08/15 17:53:04 Image size of job updated: 21108
	21  -  MemoryUsage of job (MB)
	21108  -  ResidentSetSize of job (KB)
...
005 (843641.000.000) 08/15 17:54:05 Job terminated.
	(1) Normal termination (return value 1)
		Usr 0 00:00:19, Sys 0 00:00:01  -  Run Remote Usage
		Usr 0 00:00:00, Sys 0 00:00:00  -  Run Local Usage
		Usr 0 00:00:19, Sys 0 00:00:01  -  Total Remote Usage
		Usr 0 00:00:00, Sys 0 00:00:00  -  Total Local Usage
	1437  -  Run Bytes Sent By Job
	393  -  Run Bytes Received By Job
	1437  -  Total Bytes Sent By Job
	393  -  Total Bytes Received By Job
	Partitionable Resources :    Usage  Request Allocated 
	   Cpus                 :     0.64        1         1 
	   Disk (KB)            :   803           1 479737977 
	   Memory (MB)          :    21        7900      8033 
...
000 (846907.000.000) 08/16 03:54:44 Job submitted from host: <172.20.3.187:9618?addrs=172.20.3.187-9618&noUDP&sock=2043_e813_3>
...
001 (846907.000.000) 08/16 06:13:10 Job executing on host: <172.20.225.4:9618?addrs=172.20.225.4-9618&noUDP&sock=3366_5fdf_3>
...
006 (846907.000.000) 08/16 06:13:19 Image size of job updated: 21124
	21  -  MemoryUsage of job (MB)
	21124  -  ResidentSetSize of job (KB)
...
006 (846907.000.000) 08/16 06:18:20 Image size of job updated: 5009852
	4893  -  MemoryUsage of job (MB)
	5009852  -  ResidentSetSize of job (KB)
...
006 (846907.000.000) 08/16 06:23:20 Image size of job updated: 5966024
	5827  -  MemoryUsage of job (MB)
	5966024  -  ResidentSetSize of job (KB)
...
006 (846907.000.000) 08/16 06:28:20 Image size of job updated: 5967420
	5828  -  MemoryUsage of job (MB)
	5967420  -  ResidentSetSize of job (KB)
...
006 (846907.000.000) 08/16 06:33:21 Image size of job updated: 6609652
	6453  -  MemoryUsage of job (MB)
	6607340  -  ResidentSetSize of job (KB)
...
005 (846907.000.000) 08/16 06:35:17 Job terminated.
	(1) Normal termination (return value 0)
		Usr 0 00:22:30, Sys 0 00:00:30  -  Run Remote Usage
		Usr 0 00:00:00, Sys 0 00:00:00  -  Run Local Usage
		Usr 0 00:22:30, Sys 0 00:00:30  -  Total Remote Usage
		Usr 0 00:00:00, Sys 0 00:00:00  -  Total Local Usage
	1218  -  Run Bytes Sent By Job
	393  -  Run Bytes Received By Job
	1218  -  Total Bytes Sent By Job
	393  -  Total Bytes Received By Job
	Partitionable Resources :    Usage  Request Allocated 
	   Cpus                 :     0.59        1         1 
	   Disk (KB)            :   802           1 479779449 
	   Memory (MB)          :  6453        7900      8033 
...
