000 (838139.000.000) 08/15 12:24:54 Job submitted from host: <172.20.3.187:9618?addrs=172.20.3.187-9618&noUDP&sock=2043_e813_3>
...
001 (838139.000.000) 08/15 12:38:53 Job executing on host: <172.20.225.1:9618?addrs=172.20.225.1-9618&noUDP&sock=3382_5963_3>
...
006 (838139.000.000) 08/15 12:39:02 Image size of job updated: 21120
	21  -  MemoryUsage of job (MB)
	21120  -  ResidentSetSize of job (KB)
...
006 (838139.000.000) 08/15 12:43:04 Image size of job updated: 2772240
	21  -  MemoryUsage of job (MB)
	21120  -  ResidentSetSize of job (KB)
...
005 (838139.000.000) 08/15 12:43:04 Job terminated.
	(1) Normal termination (return value 1)
		Usr 0 00:01:33, Sys 0 00:00:34  -  Run Remote Usage
		Usr 0 00:00:00, Sys 0 00:00:00  -  Run Local Usage
		Usr 0 00:01:33, Sys 0 00:00:34  -  Total Remote Usage
		Usr 0 00:00:00, Sys 0 00:00:00  -  Total Local Usage
	2647  -  Run Bytes Sent By Job
	406  -  Run Bytes Received By Job
	2647  -  Total Bytes Sent By Job
	406  -  Total Bytes Received By Job
	Partitionable Resources :    Usage  Request Allocated 
	   Cpus                 :     0.62        1         1 
	   Disk (KB)            :   804           1 479786105 
	   Memory (MB)          :    21        7900      8033 
...
000 (841571.000.000) 08/15 13:27:04 Job submitted from host: <172.20.3.187:9618?addrs=172.20.3.187-9618&noUDP&sock=2043_e813_3>
...
001 (841571.000.000) 08/15 15:24:01 Job executing on host: <172.20.225.5:9618?addrs=172.20.225.5-9618&noUDP&sock=3375_8c39_3>
...
006 (841571.000.000) 08/15 15:24:10 Image size of job updated: 21116
	21  -  MemoryUsage of job (MB)
	21116  -  ResidentSetSize of job (KB)
...
006 (841571.000.000) 08/15 15:29:10 Image size of job updated: 5035944
	4918  -  MemoryUsage of job (MB)
	5035768  -  ResidentSetSize of job (KB)
...
006 (841571.000.000) 08/15 15:34:11 Image size of job updated: 5035944
	4918  -  MemoryUsage of job (MB)
	5035864  -  ResidentSetSize of job (KB)
...
006 (841571.000.000) 08/15 15:39:12 Image size of job updated: 6101772
	5959  -  MemoryUsage of job (MB)
	6101756  -  ResidentSetSize of job (KB)
...
006 (841571.000.000) 08/15 15:41:37 Image size of job updated: 6101772
	5959  -  MemoryUsage of job (MB)
	6101816  -  ResidentSetSize of job (KB)
...
005 (841571.000.000) 08/15 15:41:38 Job terminated.
	(1) Normal termination (return value 0)
		Usr 0 00:23:08, Sys 0 00:00:29  -  Run Remote Usage
		Usr 0 00:00:00, Sys 0 00:00:00  -  Run Local Usage
		Usr 0 00:23:08, Sys 0 00:00:29  -  Total Remote Usage
		Usr 0 00:00:00, Sys 0 00:00:00  -  Total Local Usage
	1229  -  Run Bytes Sent By Job
	406  -  Run Bytes Received By Job
	1229  -  Total Bytes Sent By Job
	406  -  Total Bytes Received By Job
	Partitionable Resources :    Usage  Request Allocated 
	   Cpus                 :     0.60        1         1 
	   Disk (KB)            :   802           1 479749220 
	   Memory (MB)          :  5959        7900      8033 
...
