000 (844972.000.000) 08/15 13:30:48 Job submitted from host: <172.20.3.187:9618?addrs=172.20.3.187-9618&noUDP&sock=2043_e813_3>
...
001 (844972.000.000) 08/15 19:13:06 Job executing on host: <172.20.225.4:9618?addrs=172.20.225.4-9618&noUDP&sock=3366_5fdf_3>
...
006 (844972.000.000) 08/15 19:13:15 Image size of job updated: 21108
	21  -  MemoryUsage of job (MB)
	21108  -  ResidentSetSize of job (KB)
...
006 (844972.000.000) 08/15 19:18:16 Image size of job updated: 5302468
	5179  -  MemoryUsage of job (MB)
	5302468  -  ResidentSetSize of job (KB)
...
006 (844972.000.000) 08/15 19:23:17 Image size of job updated: 5302608
	5179  -  MemoryUsage of job (MB)
	5302608  -  ResidentSetSize of job (KB)
...
006 (844972.000.000) 08/15 19:28:17 Image size of job updated: 6258968
	6113  -  MemoryUsage of job (MB)
	6258968  -  ResidentSetSize of job (KB)
...
006 (844972.000.000) 08/15 19:33:17 Image size of job updated: 6880284
	6720  -  MemoryUsage of job (MB)
	6880284  -  ResidentSetSize of job (KB)
...
006 (844972.000.000) 08/15 19:33:41 Image size of job updated: 14299344
	6720  -  MemoryUsage of job (MB)
	6880284  -  ResidentSetSize of job (KB)
...
005 (844972.000.000) 08/15 19:33:41 Job terminated.
	(1) Normal termination (return value 0)
		Usr 0 00:24:04, Sys 0 00:00:31  -  Run Remote Usage
		Usr 0 00:00:00, Sys 0 00:00:00  -  Run Local Usage
		Usr 0 00:24:04, Sys 0 00:00:31  -  Total Remote Usage
		Usr 0 00:00:00, Sys 0 00:00:00  -  Total Local Usage
	1229  -  Run Bytes Sent By Job
	404  -  Run Bytes Received By Job
	1229  -  Total Bytes Sent By Job
	404  -  Total Bytes Received By Job
	Partitionable Resources :    Usage  Request Allocated 
	   Cpus                 :     0.90        1         1 
	   Disk (KB)            :   802           1 479779449 
	   Memory (MB)          :  6720        7900      8033 
...
