000 (843009.000.000) 08/15 13:28:37 Job submitted from host: <172.20.3.187:9618?addrs=172.20.3.187-9618&noUDP&sock=2043_e813_3>
...
001 (843009.000.000) 08/15 17:09:00 Job executing on host: <172.20.225.8:9618?addrs=172.20.225.8-9618&noUDP&sock=3440_21e1_3>
...
006 (843009.000.000) 08/15 17:09:09 Image size of job updated: 21116
	21  -  MemoryUsage of job (MB)
	21116  -  ResidentSetSize of job (KB)
...
006 (843009.000.000) 08/15 17:14:11 Image size of job updated: 5245648
	5123  -  MemoryUsage of job (MB)
	5245648  -  ResidentSetSize of job (KB)
...
006 (843009.000.000) 08/15 17:19:11 Image size of job updated: 6201828
	6057  -  MemoryUsage of job (MB)
	6201828  -  ResidentSetSize of job (KB)
...
006 (843009.000.000) 08/15 17:24:12 Image size of job updated: 6203224
	6058  -  MemoryUsage of job (MB)
	6203224  -  ResidentSetSize of job (KB)
...
006 (843009.000.000) 08/15 17:29:12 Image size of job updated: 6627160
	6472  -  MemoryUsage of job (MB)
	6627160  -  ResidentSetSize of job (KB)
...
006 (843009.000.000) 08/15 17:31:35 Image size of job updated: 6627160
	6472  -  MemoryUsage of job (MB)
	6627176  -  ResidentSetSize of job (KB)
...
005 (843009.000.000) 08/15 17:31:35 Job terminated.
	(1) Normal termination (return value 0)
		Usr 0 00:23:24, Sys 0 00:00:33  -  Run Remote Usage
		Usr 0 00:00:00, Sys 0 00:00:00  -  Run Local Usage
		Usr 0 00:23:24, Sys 0 00:00:33  -  Total Remote Usage
		Usr 0 00:00:00, Sys 0 00:00:00  -  Total Local Usage
	1229  -  Run Bytes Sent By Job
	404  -  Run Bytes Received By Job
	1229  -  Total Bytes Sent By Job
	404  -  Total Bytes Received By Job
	Partitionable Resources :    Usage  Request Allocated 
	   Cpus                 :     0.53        1         1 
	   Disk (KB)            :   802           1 479737977 
	   Memory (MB)          :  6472        7900      8033 
...
