000 (838737.000.000) 08/15 12:25:34 Job submitted from host: <172.20.3.187:9618?addrs=172.20.3.187-9618&noUDP&sock=2043_e813_3>
...
001 (838737.000.000) 08/15 12:50:29 Job executing on host: <172.20.225.4:9618?addrs=172.20.225.4-9618&noUDP&sock=3366_5fdf_3>
...
006 (838737.000.000) 08/15 12:50:38 Image size of job updated: 21112
	21  -  MemoryUsage of job (MB)
	21112  -  ResidentSetSize of job (KB)
...
006 (838737.000.000) 08/15 12:55:41 Image size of job updated: 19416040
	18961  -  MemoryUsage of job (MB)
	19416004  -  ResidentSetSize of job (KB)
...
006 (838737.000.000) 08/15 13:00:41 Image size of job updated: 19716556
	19255  -  MemoryUsage of job (MB)
	19716536  -  ResidentSetSize of job (KB)
...
006 (838737.000.000) 08/15 13:05:41 Image size of job updated: 24493576
	23920  -  MemoryUsage of job (MB)
	24493428  -  ResidentSetSize of job (KB)
...
006 (838737.000.000) 08/15 13:10:42 Image size of job updated: 24493668
	23920  -  MemoryUsage of job (MB)
	24493516  -  ResidentSetSize of job (KB)
...
006 (838737.000.000) 08/15 13:15:42 Image size of job updated: 24682256
	24104  -  MemoryUsage of job (MB)
	24682184  -  ResidentSetSize of job (KB)
...
004 (838737.000.000) 08/15 13:17:51 Job was evicted.
	(0) Job was not checkpointed.
		Usr 0 00:41:38, Sys 0 00:02:49  -  Run Remote Usage
		Usr 0 00:00:00, Sys 0 00:00:00  -  Run Local Usage
	0  -  Run Bytes Sent By Job
	403  -  Run Bytes Received By Job
	Partitionable Resources :    Usage  Request Allocated 
	   Cpus                 :     1.82        1         1 
	   Disk (KB)            :   802           1 479779449 
	   Memory (MB)          : 24104        7900      8033 
...
009 (838737.000.000) 08/15 13:17:51 Job was aborted by the user.
	via condor_rm (by user mstamenk)
...
000 (844303.000.000) 08/15 13:30:02 Job submitted from host: <172.20.3.187:9618?addrs=172.20.3.187-9618&noUDP&sock=2043_e813_3>
...
001 (844303.000.000) 08/15 18:21:05 Job executing on host: <172.20.225.5:9618?addrs=172.20.225.5-9618&noUDP&sock=3375_8c39_3>
...
006 (844303.000.000) 08/15 18:21:14 Image size of job updated: 21112
	21  -  MemoryUsage of job (MB)
	21112  -  ResidentSetSize of job (KB)
...
006 (844303.000.000) 08/15 18:26:14 Image size of job updated: 5302504
	5179  -  MemoryUsage of job (MB)
	5302504  -  ResidentSetSize of job (KB)
...
006 (844303.000.000) 08/15 18:31:15 Image size of job updated: 5302608
	5179  -  MemoryUsage of job (MB)
	5302608  -  ResidentSetSize of job (KB)
...
006 (844303.000.000) 08/15 18:36:15 Image size of job updated: 6258972
	6113  -  MemoryUsage of job (MB)
	6258972  -  ResidentSetSize of job (KB)
...
006 (844303.000.000) 08/15 18:41:16 Image size of job updated: 6363304
	6215  -  MemoryUsage of job (MB)
	6363304  -  ResidentSetSize of job (KB)
...
006 (844303.000.000) 08/15 18:45:26 Image size of job updated: 12928272
	6215  -  MemoryUsage of job (MB)
	6363308  -  ResidentSetSize of job (KB)
...
005 (844303.000.000) 08/15 18:45:26 Job terminated.
	(1) Normal termination (return value 0)
		Usr 0 00:23:14, Sys 0 00:00:31  -  Run Remote Usage
		Usr 0 00:00:00, Sys 0 00:00:00  -  Run Local Usage
		Usr 0 00:23:14, Sys 0 00:00:31  -  Total Remote Usage
		Usr 0 00:00:00, Sys 0 00:00:00  -  Total Local Usage
	1226  -  Run Bytes Sent By Job
	403  -  Run Bytes Received By Job
	1226  -  Total Bytes Sent By Job
	403  -  Total Bytes Received By Job
	Partitionable Resources :    Usage  Request Allocated 
	   Cpus                 :     0.73        1         1 
	   Disk (KB)            :   802           1 479749220 
	   Memory (MB)          :  6215        7900      8033 
...
