000 (841075.000.000) 08/15 13:26:32 Job submitted from host: <172.20.3.187:9618?addrs=172.20.3.187-9618&noUDP&sock=2043_e813_3>
...
001 (841075.000.000) 08/15 14:55:01 Job executing on host: <172.20.225.5:9618?addrs=172.20.225.5-9618&noUDP&sock=3375_8c39_3>
...
006 (841075.000.000) 08/15 14:55:09 Image size of job updated: 21124
	21  -  MemoryUsage of job (MB)
	21124  -  ResidentSetSize of job (KB)
...
005 (841075.000.000) 08/15 14:56:06 Job terminated.
	(1) Normal termination (return value 1)
		Usr 0 00:00:11, Sys 0 00:00:01  -  Run Remote Usage
		Usr 0 00:00:00, Sys 0 00:00:00  -  Run Local Usage
		Usr 0 00:00:11, Sys 0 00:00:01  -  Total Remote Usage
		Usr 0 00:00:00, Sys 0 00:00:00  -  Total Local Usage
	1435  -  Run Bytes Sent By Job
	395  -  Run Bytes Received By Job
	1435  -  Total Bytes Sent By Job
	395  -  Total Bytes Received By Job
	Partitionable Resources :    Usage  Request Allocated 
	   Cpus                 :     0.59        1         1 
	   Disk (KB)            :   803           1 479749220 
	   Memory (MB)          :    21        7900      8033 
...
000 (846285.000.000) 08/16 03:54:04 Job submitted from host: <172.20.3.187:9618?addrs=172.20.3.187-9618&noUDP&sock=2043_e813_3>
...
001 (846285.000.000) 08/16 05:24:09 Job executing on host: <172.20.225.4:9618?addrs=172.20.225.4-9618&noUDP&sock=3366_5fdf_3>
...
006 (846285.000.000) 08/16 05:24:18 Image size of job updated: 21116
	21  -  MemoryUsage of job (MB)
	21116  -  ResidentSetSize of job (KB)
...
006 (846285.000.000) 08/16 05:29:19 Image size of job updated: 4941264
	4826  -  MemoryUsage of job (MB)
	4941264  -  ResidentSetSize of job (KB)
...
006 (846285.000.000) 08/16 05:34:20 Image size of job updated: 5897432
	5760  -  MemoryUsage of job (MB)
	5897432  -  ResidentSetSize of job (KB)
...
006 (846285.000.000) 08/16 05:39:20 Image size of job updated: 5898824
	5761  -  MemoryUsage of job (MB)
	5898824  -  ResidentSetSize of job (KB)
...
006 (846285.000.000) 08/16 05:44:20 Image size of job updated: 6734144
	6576  -  MemoryUsage of job (MB)
	6733180  -  ResidentSetSize of job (KB)
...
005 (846285.000.000) 08/16 05:44:36 Job terminated.
	(1) Normal termination (return value 0)
		Usr 0 00:21:44, Sys 0 00:00:31  -  Run Remote Usage
		Usr 0 00:00:00, Sys 0 00:00:00  -  Run Local Usage
		Usr 0 00:21:44, Sys 0 00:00:31  -  Total Remote Usage
		Usr 0 00:00:00, Sys 0 00:00:00  -  Total Local Usage
	1218  -  Run Bytes Sent By Job
	395  -  Run Bytes Received By Job
	1218  -  Total Bytes Sent By Job
	395  -  Total Bytes Received By Job
	Partitionable Resources :    Usage  Request Allocated 
	   Cpus                 :     0.99        1         1 
	   Disk (KB)            :   802           1 479779449 
	   Memory (MB)          :  6576        7900      8033 
...
