000 (839638.000.000) 08/15 13:24:58 Job submitted from host: <172.20.3.187:9618?addrs=172.20.3.187-9618&noUDP&sock=2043_e813_3>
...
001 (839638.000.000) 08/15 13:41:34 Job executing on host: <172.20.225.8:9618?addrs=172.20.225.8-9618&noUDP&sock=3440_21e1_3>
...
006 (839638.000.000) 08/15 13:41:43 Image size of job updated: 21120
	21  -  MemoryUsage of job (MB)
	21120  -  ResidentSetSize of job (KB)
...
006 (839638.000.000) 08/15 13:42:37 Image size of job updated: 4137068
	21  -  MemoryUsage of job (MB)
	21120  -  ResidentSetSize of job (KB)
...
005 (839638.000.000) 08/15 13:42:37 Job terminated.
	(1) Normal termination (return value 1)
		Usr 0 00:00:15, Sys 0 00:00:01  -  Run Remote Usage
		Usr 0 00:00:00, Sys 0 00:00:00  -  Run Local Usage
		Usr 0 00:00:15, Sys 0 00:00:01  -  Total Remote Usage
		Usr 0 00:00:00, Sys 0 00:00:00  -  Total Local Usage
	1437  -  Run Bytes Sent By Job
	393  -  Run Bytes Received By Job
	1437  -  Total Bytes Sent By Job
	393  -  Total Bytes Received By Job
	Partitionable Resources :    Usage  Request Allocated 
	   Cpus                 :     0.76        1         1 
	   Disk (KB)            :   803           1 479737977 
	   Memory (MB)          :    21        7900      8033 
...
000 (845729.000.000) 08/16 03:53:28 Job submitted from host: <172.20.3.187:9618?addrs=172.20.3.187-9618&noUDP&sock=2043_e813_3>
...
001 (845729.000.000) 08/16 04:42:09 Job executing on host: <172.20.225.4:9618?addrs=172.20.225.4-9618&noUDP&sock=3366_5fdf_3>
...
006 (845729.000.000) 08/16 04:42:17 Image size of job updated: 21104
	21  -  MemoryUsage of job (MB)
	21104  -  ResidentSetSize of job (KB)
...
006 (845729.000.000) 08/16 04:47:17 Image size of job updated: 4950012
	4834  -  MemoryUsage of job (MB)
	4950012  -  ResidentSetSize of job (KB)
...
006 (845729.000.000) 08/16 04:52:18 Image size of job updated: 4950120
	4835  -  MemoryUsage of job (MB)
	4950120  -  ResidentSetSize of job (KB)
...
006 (845729.000.000) 08/16 04:57:19 Image size of job updated: 5906504
	5769  -  MemoryUsage of job (MB)
	5906504  -  ResidentSetSize of job (KB)
...
006 (845729.000.000) 08/16 05:02:19 Image size of job updated: 6043432
	5901  -  MemoryUsage of job (MB)
	6041644  -  ResidentSetSize of job (KB)
...
006 (845729.000.000) 08/16 05:04:51 Image size of job updated: 6043432
	5901  -  MemoryUsage of job (MB)
	6041652  -  ResidentSetSize of job (KB)
...
005 (845729.000.000) 08/16 05:04:51 Job terminated.
	(1) Normal termination (return value 0)
		Usr 0 00:21:33, Sys 0 00:00:27  -  Run Remote Usage
		Usr 0 00:00:00, Sys 0 00:00:00  -  Run Local Usage
		Usr 0 00:21:33, Sys 0 00:00:27  -  Total Remote Usage
		Usr 0 00:00:00, Sys 0 00:00:00  -  Total Local Usage
	1218  -  Run Bytes Sent By Job
	393  -  Run Bytes Received By Job
	1218  -  Total Bytes Sent By Job
	393  -  Total Bytes Received By Job
	Partitionable Resources :    Usage  Request Allocated 
	   Cpus                 :     0.74        1         1 
	   Disk (KB)            :   802           1 479779449 
	   Memory (MB)          :  5901        7900      8033 
...
