000 (841192.000.000) 08/15 13:26:39 Job submitted from host: <172.20.3.187:9618?addrs=172.20.3.187-9618&noUDP&sock=2043_e813_3>
...
001 (841192.000.000) 08/15 14:56:58 Job executing on host: <172.20.225.1:9618?addrs=172.20.225.1-9618&noUDP&sock=3382_5963_3>
...
006 (841192.000.000) 08/15 14:57:07 Image size of job updated: 21108
	21  -  MemoryUsage of job (MB)
	21108  -  ResidentSetSize of job (KB)
...
006 (841192.000.000) 08/15 15:02:08 Image size of job updated: 4940796
	4825  -  MemoryUsage of job (MB)
	4940796  -  ResidentSetSize of job (KB)
...
006 (841192.000.000) 08/15 15:07:08 Image size of job updated: 5896968
	5759  -  MemoryUsage of job (MB)
	5896968  -  ResidentSetSize of job (KB)
...
006 (841192.000.000) 08/15 15:12:09 Image size of job updated: 5897272
	5760  -  MemoryUsage of job (MB)
	5897272  -  ResidentSetSize of job (KB)
...
006 (841192.000.000) 08/15 15:17:09 Image size of job updated: 6285360
	6139  -  MemoryUsage of job (MB)
	6285360  -  ResidentSetSize of job (KB)
...
006 (841192.000.000) 08/15 15:19:08 Image size of job updated: 13697800
	6139  -  MemoryUsage of job (MB)
	6285360  -  ResidentSetSize of job (KB)
...
005 (841192.000.000) 08/15 15:19:09 Job terminated.
	(1) Normal termination (return value 0)
		Usr 0 00:23:04, Sys 0 00:00:31  -  Run Remote Usage
		Usr 0 00:00:00, Sys 0 00:00:00  -  Run Local Usage
		Usr 0 00:23:04, Sys 0 00:00:31  -  Total Remote Usage
		Usr 0 00:00:00, Sys 0 00:00:00  -  Total Local Usage
	1215  -  Run Bytes Sent By Job
	393  -  Run Bytes Received By Job
	1215  -  Total Bytes Sent By Job
	393  -  Total Bytes Received By Job
	Partitionable Resources :    Usage  Request Allocated 
	   Cpus                 :     0.75        1         1 
	   Disk (KB)            :   802           1 479786105 
	   Memory (MB)          :  6139        7900      8033 
...
