000 (841955.000.000) 08/15 13:27:29 Job submitted from host: <172.20.3.187:9618?addrs=172.20.3.187-9618&noUDP&sock=2043_e813_3>
...
001 (841955.000.000) 08/15 15:59:00 Job executing on host: <172.20.225.8:9618?addrs=172.20.225.8-9618&noUDP&sock=3440_21e1_3>
...
006 (841955.000.000) 08/15 15:59:09 Image size of job updated: 21108
	21  -  MemoryUsage of job (MB)
	21108  -  ResidentSetSize of job (KB)
...
006 (841955.000.000) 08/15 15:59:55 Image size of job updated: 33380
	21  -  MemoryUsage of job (MB)
	21108  -  ResidentSetSize of job (KB)
...
005 (841955.000.000) 08/15 15:59:55 Job terminated.
	(1) Normal termination (return value 1)
		Usr 0 00:00:12, Sys 0 00:00:01  -  Run Remote Usage
		Usr 0 00:00:00, Sys 0 00:00:00  -  Run Local Usage
		Usr 0 00:00:12, Sys 0 00:00:01  -  Total Remote Usage
		Usr 0 00:00:00, Sys 0 00:00:00  -  Total Local Usage
	1435  -  Run Bytes Sent By Job
	394  -  Run Bytes Received By Job
	1435  -  Total Bytes Sent By Job
	394  -  Total Bytes Received By Job
	Partitionable Resources :    Usage  Request Allocated 
	   Cpus                 :     0.64        1         1 
	   Disk (KB)            :   803           1 479737977 
	   Memory (MB)          :    21        7900      8033 
...
000 (846481.000.000) 08/16 03:54:17 Job submitted from host: <172.20.3.187:9618?addrs=172.20.3.187-9618&noUDP&sock=2043_e813_3>
...
001 (846481.000.000) 08/16 05:31:13 Job executing on host: <172.20.225.5:9618?addrs=172.20.225.5-9618&noUDP&sock=3375_8c39_3>
...
006 (846481.000.000) 08/16 05:31:23 Image size of job updated: 21116
	21  -  MemoryUsage of job (MB)
	21116  -  ResidentSetSize of job (KB)
...
006 (846481.000.000) 08/16 05:36:23 Image size of job updated: 4961364
	4846  -  MemoryUsage of job (MB)
	4961364  -  ResidentSetSize of job (KB)
...
006 (846481.000.000) 08/16 05:41:24 Image size of job updated: 4961468
	4846  -  MemoryUsage of job (MB)
	4961468  -  ResidentSetSize of job (KB)
...
006 (846481.000.000) 08/16 05:46:24 Image size of job updated: 5917832
	5780  -  MemoryUsage of job (MB)
	5917832  -  ResidentSetSize of job (KB)
...
006 (846481.000.000) 08/16 05:51:24 Image size of job updated: 6023716
	5883  -  MemoryUsage of job (MB)
	6023716  -  ResidentSetSize of job (KB)
...
006 (846481.000.000) 08/16 05:56:25 Image size of job updated: 6753580
	6596  -  MemoryUsage of job (MB)
	6753524  -  ResidentSetSize of job (KB)
...
005 (846481.000.000) 08/16 05:56:42 Job terminated.
	(1) Normal termination (return value 0)
		Usr 0 00:23:53, Sys 0 00:00:28  -  Run Remote Usage
		Usr 0 00:00:00, Sys 0 00:00:00  -  Run Local Usage
		Usr 0 00:23:53, Sys 0 00:00:28  -  Total Remote Usage
		Usr 0 00:00:00, Sys 0 00:00:00  -  Total Local Usage
	1217  -  Run Bytes Sent By Job
	394  -  Run Bytes Received By Job
	1217  -  Total Bytes Sent By Job
	394  -  Total Bytes Received By Job
	Partitionable Resources :    Usage  Request Allocated 
	   Cpus                 :     0.65        1         1 
	   Disk (KB)            :   802           1 479749220 
	   Memory (MB)          :  6596        7900      8033 
...
