000 (842494.000.000) 08/15 13:28:04 Job submitted from host: <172.20.3.187:9618?addrs=172.20.3.187-9618&noUDP&sock=2043_e813_3>
...
001 (842494.000.000) 08/15 16:23:00 Job executing on host: <172.20.225.8:9618?addrs=172.20.225.8-9618&noUDP&sock=3440_21e1_3>
...
006 (842494.000.000) 08/15 16:23:10 Image size of job updated: 21116
	21  -  MemoryUsage of job (MB)
	21116  -  ResidentSetSize of job (KB)
...
006 (842494.000.000) 08/15 16:28:10 Image size of job updated: 4983684
	4867  -  MemoryUsage of job (MB)
	4983684  -  ResidentSetSize of job (KB)
...
006 (842494.000.000) 08/15 16:33:10 Image size of job updated: 5939848
	5801  -  MemoryUsage of job (MB)
	5939848  -  ResidentSetSize of job (KB)
...
006 (842494.000.000) 08/15 16:38:11 Image size of job updated: 5941244
	5802  -  MemoryUsage of job (MB)
	5941244  -  ResidentSetSize of job (KB)
...
006 (842494.000.000) 08/15 16:43:11 Image size of job updated: 6583968
	6430  -  MemoryUsage of job (MB)
	6583948  -  ResidentSetSize of job (KB)
...
005 (842494.000.000) 08/15 16:44:08 Job terminated.
	(1) Normal termination (return value 0)
		Usr 0 00:22:50, Sys 0 00:00:30  -  Run Remote Usage
		Usr 0 00:00:00, Sys 0 00:00:00  -  Run Local Usage
		Usr 0 00:22:50, Sys 0 00:00:30  -  Total Remote Usage
		Usr 0 00:00:00, Sys 0 00:00:00  -  Total Local Usage
	1220  -  Run Bytes Sent By Job
	396  -  Run Bytes Received By Job
	1220  -  Total Bytes Sent By Job
	396  -  Total Bytes Received By Job
	Partitionable Resources :    Usage  Request Allocated 
	   Cpus                 :     0.97        1         1 
	   Disk (KB)            :   802           1 479737977 
	   Memory (MB)          :  6430        7900      8033 
...
