000 (840823.000.000) 08/15 13:26:15 Job submitted from host: <172.20.3.187:9618?addrs=172.20.3.187-9618&noUDP&sock=2043_e813_3>
...
001 (840823.000.000) 08/15 14:52:33 Job executing on host: <172.20.225.4:9618?addrs=172.20.225.4-9618&noUDP&sock=3366_5fdf_3>
...
006 (840823.000.000) 08/15 14:52:43 Image size of job updated: 21112
	21  -  MemoryUsage of job (MB)
	21112  -  ResidentSetSize of job (KB)
...
005 (840823.000.000) 08/15 14:53:49 Job terminated.
	(1) Normal termination (return value 1)
		Usr 0 00:00:27, Sys 0 00:00:01  -  Run Remote Usage
		Usr 0 00:00:00, Sys 0 00:00:00  -  Run Local Usage
		Usr 0 00:00:27, Sys 0 00:00:01  -  Total Remote Usage
		Usr 0 00:00:00, Sys 0 00:00:00  -  Total Local Usage
	1437  -  Run Bytes Sent By Job
	398  -  Run Bytes Received By Job
	1437  -  Total Bytes Sent By Job
	398  -  Total Bytes Received By Job
	Partitionable Resources :    Usage  Request Allocated 
	   Cpus                 :     0.77        1         1 
	   Disk (KB)            :   803           1 479779449 
	   Memory (MB)          :    21        7900      8033 
...
000 (846141.000.000) 08/16 03:53:55 Job submitted from host: <172.20.3.187:9618?addrs=172.20.3.187-9618&noUDP&sock=2043_e813_3>
...
001 (846141.000.000) 08/16 05:06:12 Job executing on host: <172.20.225.5:9618?addrs=172.20.225.5-9618&noUDP&sock=3375_8c39_3>
...
006 (846141.000.000) 08/16 05:06:21 Image size of job updated: 21124
	21  -  MemoryUsage of job (MB)
	21124  -  ResidentSetSize of job (KB)
...
006 (846141.000.000) 08/16 05:11:22 Image size of job updated: 5035392
	4918  -  MemoryUsage of job (MB)
	5035392  -  ResidentSetSize of job (KB)
...
006 (846141.000.000) 08/16 05:16:23 Image size of job updated: 5035516
	4918  -  MemoryUsage of job (MB)
	5035516  -  ResidentSetSize of job (KB)
...
006 (846141.000.000) 08/16 05:21:23 Image size of job updated: 5991740
	5852  -  MemoryUsage of job (MB)
	5991716  -  ResidentSetSize of job (KB)
...
006 (846141.000.000) 08/16 05:26:24 Image size of job updated: 5997684
	5858  -  MemoryUsage of job (MB)
	5997684  -  ResidentSetSize of job (KB)
...
005 (846141.000.000) 08/16 05:29:46 Job terminated.
	(1) Normal termination (return value 0)
		Usr 0 00:22:11, Sys 0 00:00:28  -  Run Remote Usage
		Usr 0 00:00:00, Sys 0 00:00:00  -  Run Local Usage
		Usr 0 00:22:11, Sys 0 00:00:28  -  Total Remote Usage
		Usr 0 00:00:00, Sys 0 00:00:00  -  Total Local Usage
	1223  -  Run Bytes Sent By Job
	398  -  Run Bytes Received By Job
	1223  -  Total Bytes Sent By Job
	398  -  Total Bytes Received By Job
	Partitionable Resources :    Usage  Request Allocated 
	   Cpus                 :     0.78        1         1 
	   Disk (KB)            :   802           1 479749220 
	   Memory (MB)          :  5858        7900      8033 
...
