000 (839928.000.000) 08/15 13:25:17 Job submitted from host: <172.20.3.187:9618?addrs=172.20.3.187-9618&noUDP&sock=2043_e813_3>
...
001 (839928.000.000) 08/15 14:00:08 Job executing on host: <172.20.225.6:9618?addrs=172.20.225.6-9618&noUDP&sock=3382_5963_3>
...
006 (839928.000.000) 08/15 14:00:17 Image size of job updated: 21116
	21  -  MemoryUsage of job (MB)
	21116  -  ResidentSetSize of job (KB)
...
006 (839928.000.000) 08/15 14:05:18 Image size of job updated: 5003548
	4887  -  MemoryUsage of job (MB)
	5003548  -  ResidentSetSize of job (KB)
...
006 (839928.000.000) 08/15 14:10:19 Image size of job updated: 5959716
	5821  -  MemoryUsage of job (MB)
	5959716  -  ResidentSetSize of job (KB)
...
006 (839928.000.000) 08/15 14:15:19 Image size of job updated: 5961112
	5822  -  MemoryUsage of job (MB)
	5961112  -  ResidentSetSize of job (KB)
...
006 (839928.000.000) 08/15 14:20:20 Image size of job updated: 6497404
	6345  -  MemoryUsage of job (MB)
	6497184  -  ResidentSetSize of job (KB)
...
005 (839928.000.000) 08/15 14:21:44 Job terminated.
	(1) Normal termination (return value 0)
		Usr 0 00:22:13, Sys 0 00:00:29  -  Run Remote Usage
		Usr 0 00:00:00, Sys 0 00:00:00  -  Run Local Usage
		Usr 0 00:22:13, Sys 0 00:00:29  -  Total Remote Usage
		Usr 0 00:00:00, Sys 0 00:00:00  -  Total Local Usage
	1222  -  Run Bytes Sent By Job
	399  -  Run Bytes Received By Job
	1222  -  Total Bytes Sent By Job
	399  -  Total Bytes Received By Job
	Partitionable Resources :    Usage  Request Allocated 
	   Cpus                 :     0.58        1         1 
	   Disk (KB)            :   803           1 479749220 
	   Memory (MB)          :  6345        7900      8033 
...
