000 (843677.000.000) 08/15 13:29:21 Job submitted from host: <172.20.3.187:9618?addrs=172.20.3.187-9618&noUDP&sock=2043_e813_3>
...
001 (843677.000.000) 08/15 17:53:14 Job executing on host: <172.20.225.4:9618?addrs=172.20.225.4-9618&noUDP&sock=3366_5fdf_3>
...
006 (843677.000.000) 08/15 17:53:22 Image size of job updated: 21104
	21  -  MemoryUsage of job (MB)
	21104  -  ResidentSetSize of job (KB)
...
006 (843677.000.000) 08/15 17:54:23 Image size of job updated: 4194032
	21  -  MemoryUsage of job (MB)
	21104  -  ResidentSetSize of job (KB)
...
005 (843677.000.000) 08/15 17:54:23 Job terminated.
	(1) Normal termination (return value 1)
		Usr 0 00:00:21, Sys 0 00:00:01  -  Run Remote Usage
		Usr 0 00:00:00, Sys 0 00:00:00  -  Run Local Usage
		Usr 0 00:00:21, Sys 0 00:00:01  -  Total Remote Usage
		Usr 0 00:00:00, Sys 0 00:00:00  -  Total Local Usage
	1437  -  Run Bytes Sent By Job
	393  -  Run Bytes Received By Job
	1437  -  Total Bytes Sent By Job
	393  -  Total Bytes Received By Job
	Partitionable Resources :    Usage  Request Allocated 
	   Cpus                 :     0.86        1         1 
	   Disk (KB)            :   803           1 479779449 
	   Memory (MB)          :    21        7900      8033 
...
000 (846943.000.000) 08/16 03:54:46 Job submitted from host: <172.20.3.187:9618?addrs=172.20.3.187-9618&noUDP&sock=2043_e813_3>
...
001 (846943.000.000) 08/16 06:16:10 Job executing on host: <172.20.225.2:9618?addrs=172.20.225.2-9618&noUDP&sock=3424_285d_3>
...
006 (846943.000.000) 08/16 06:16:20 Image size of job updated: 21108
	21  -  MemoryUsage of job (MB)
	21108  -  ResidentSetSize of job (KB)
...
006 (846943.000.000) 08/16 06:21:21 Image size of job updated: 5009860
	4893  -  MemoryUsage of job (MB)
	5009860  -  ResidentSetSize of job (KB)
...
006 (846943.000.000) 08/16 06:26:21 Image size of job updated: 5966024
	5827  -  MemoryUsage of job (MB)
	5966024  -  ResidentSetSize of job (KB)
...
006 (846943.000.000) 08/16 06:31:21 Image size of job updated: 5967416
	5828  -  MemoryUsage of job (MB)
	5967416  -  ResidentSetSize of job (KB)
...
006 (846943.000.000) 08/16 06:36:21 Image size of job updated: 6852992
	6693  -  MemoryUsage of job (MB)
	6852992  -  ResidentSetSize of job (KB)
...
006 (846943.000.000) 08/16 06:36:36 Image size of job updated: 6853040
	6693  -  MemoryUsage of job (MB)
	6852992  -  ResidentSetSize of job (KB)
...
005 (846943.000.000) 08/16 06:36:36 Job terminated.
	(1) Normal termination (return value 0)
		Usr 0 00:22:18, Sys 0 00:00:33  -  Run Remote Usage
		Usr 0 00:00:00, Sys 0 00:00:00  -  Run Local Usage
		Usr 0 00:22:18, Sys 0 00:00:33  -  Total Remote Usage
		Usr 0 00:00:00, Sys 0 00:00:00  -  Total Local Usage
	1218  -  Run Bytes Sent By Job
	393  -  Run Bytes Received By Job
	1218  -  Total Bytes Sent By Job
	393  -  Total Bytes Received By Job
	Partitionable Resources :    Usage  Request Allocated 
	   Cpus                 :     1.22        1         1 
	   Disk (KB)            :   802           1 479786084 
	   Memory (MB)          :  6693        7900      8033 
...
