000 (841805.000.000) 08/15 13:27:19 Job submitted from host: <172.20.3.187:9618?addrs=172.20.3.187-9618&noUDP&sock=2043_e813_3>
...
001 (841805.000.000) 08/15 15:44:02 Job executing on host: <172.20.225.6:9618?addrs=172.20.225.6-9618&noUDP&sock=3382_5963_3>
...
006 (841805.000.000) 08/15 15:44:11 Image size of job updated: 21116
	21  -  MemoryUsage of job (MB)
	21116  -  ResidentSetSize of job (KB)
...
006 (841805.000.000) 08/15 15:49:13 Image size of job updated: 5035760
	4918  -  MemoryUsage of job (MB)
	5035760  -  ResidentSetSize of job (KB)
...
006 (841805.000.000) 08/15 15:54:13 Image size of job updated: 5035932
	4918  -  MemoryUsage of job (MB)
	5035864  -  ResidentSetSize of job (KB)
...
006 (841805.000.000) 08/15 15:59:13 Image size of job updated: 5992224
	5852  -  MemoryUsage of job (MB)
	5992224  -  ResidentSetSize of job (KB)
...
006 (841805.000.000) 08/15 16:04:13 Image size of job updated: 6123156
	5980  -  MemoryUsage of job (MB)
	6122740  -  ResidentSetSize of job (KB)
...
006 (841805.000.000) 08/15 16:07:24 Image size of job updated: 12653176
	5980  -  MemoryUsage of job (MB)
	6122752  -  ResidentSetSize of job (KB)
...
005 (841805.000.000) 08/15 16:07:24 Job terminated.
	(1) Normal termination (return value 0)
		Usr 0 00:22:58, Sys 0 00:00:29  -  Run Remote Usage
		Usr 0 00:00:00, Sys 0 00:00:00  -  Run Local Usage
		Usr 0 00:22:58, Sys 0 00:00:29  -  Total Remote Usage
		Usr 0 00:00:00, Sys 0 00:00:00  -  Total Local Usage
	1232  -  Run Bytes Sent By Job
	407  -  Run Bytes Received By Job
	1232  -  Total Bytes Sent By Job
	407  -  Total Bytes Received By Job
	Partitionable Resources :    Usage  Request Allocated 
	   Cpus                 :     0.69        1         1 
	   Disk (KB)            :   802           1 479749220 
	   Memory (MB)          :  5980        7900      8033 
...
