000 (838510.000.000) 08/15 12:25:18 Job submitted from host: <172.20.3.187:9618?addrs=172.20.3.187-9618&noUDP&sock=2043_e813_3>
...
001 (838510.000.000) 08/15 12:46:47 Job executing on host: <172.20.225.1:9618?addrs=172.20.225.1-9618&noUDP&sock=3382_5963_3>
...
006 (838510.000.000) 08/15 12:46:55 Image size of job updated: 21096
	21  -  MemoryUsage of job (MB)
	21096  -  ResidentSetSize of job (KB)
...
006 (838510.000.000) 08/15 12:51:53 Image size of job updated: 5384328
	21  -  MemoryUsage of job (MB)
	21096  -  ResidentSetSize of job (KB)
...
005 (838510.000.000) 08/15 12:51:54 Job terminated.
	(1) Normal termination (return value 137)
		Usr 0 00:03:40, Sys 0 00:00:55  -  Run Remote Usage
		Usr 0 00:00:00, Sys 0 00:00:00  -  Run Local Usage
		Usr 0 00:03:40, Sys 0 00:00:55  -  Total Remote Usage
		Usr 0 00:00:00, Sys 0 00:00:00  -  Total Local Usage
	1391  -  Run Bytes Sent By Job
	404  -  Run Bytes Received By Job
	1391  -  Total Bytes Sent By Job
	404  -  Total Bytes Received By Job
	Partitionable Resources :    Usage  Request Allocated 
	   Cpus                 :     0.58        1         1 
	   Disk (KB)            :   803           1 479786105 
	   Memory (MB)          :    21        7900      8033 
...
000 (843395.000.000) 08/15 13:29:03 Job submitted from host: <172.20.3.187:9618?addrs=172.20.3.187-9618&noUDP&sock=2043_e813_3>
...
001 (843395.000.000) 08/15 17:41:01 Job executing on host: <172.20.225.2:9618?addrs=172.20.225.2-9618&noUDP&sock=3424_285d_3>
...
006 (843395.000.000) 08/15 17:41:10 Image size of job updated: 21116
	21  -  MemoryUsage of job (MB)
	21116  -  ResidentSetSize of job (KB)
...
006 (843395.000.000) 08/15 17:46:12 Image size of job updated: 4931224
	4816  -  MemoryUsage of job (MB)
	4931224  -  ResidentSetSize of job (KB)
...
006 (843395.000.000) 08/15 17:51:13 Image size of job updated: 5887392
	5750  -  MemoryUsage of job (MB)
	5887392  -  ResidentSetSize of job (KB)
...
006 (843395.000.000) 08/15 17:56:13 Image size of job updated: 5888784
	5751  -  MemoryUsage of job (MB)
	5888784  -  ResidentSetSize of job (KB)
...
006 (843395.000.000) 08/15 18:01:13 Image size of job updated: 6461900
	6311  -  MemoryUsage of job (MB)
	6461900  -  ResidentSetSize of job (KB)
...
006 (843395.000.000) 08/15 18:03:06 Image size of job updated: 13727756
	6311  -  MemoryUsage of job (MB)
	6461900  -  ResidentSetSize of job (KB)
...
005 (843395.000.000) 08/15 18:03:06 Job terminated.
	(1) Normal termination (return value 0)
		Usr 0 00:23:09, Sys 0 00:00:33  -  Run Remote Usage
		Usr 0 00:00:00, Sys 0 00:00:00  -  Run Local Usage
		Usr 0 00:23:09, Sys 0 00:00:33  -  Total Remote Usage
		Usr 0 00:00:00, Sys 0 00:00:00  -  Total Local Usage
	1224  -  Run Bytes Sent By Job
	404  -  Run Bytes Received By Job
	1224  -  Total Bytes Sent By Job
	404  -  Total Bytes Received By Job
	Partitionable Resources :    Usage  Request Allocated 
	   Cpus                 :     0.74        1         1 
	   Disk (KB)            :   802           1 479786084 
	   Memory (MB)          :  6311        7900      8033 
...
