000 (838847.000.000) 08/15 12:25:41 Job submitted from host: <172.20.3.187:9618?addrs=172.20.3.187-9618&noUDP&sock=2043_e813_3>
...
001 (838847.000.000) 08/15 12:54:05 Job executing on host: <172.20.225.8:9618?addrs=172.20.225.8-9618&noUDP&sock=3440_21e1_3>
...
006 (838847.000.000) 08/15 12:54:14 Image size of job updated: 21124
	21  -  MemoryUsage of job (MB)
	21124  -  ResidentSetSize of job (KB)
...
006 (838847.000.000) 08/15 12:59:15 Image size of job updated: 786012
	768  -  MemoryUsage of job (MB)
	785864  -  ResidentSetSize of job (KB)
...
006 (838847.000.000) 08/15 13:00:46 Image size of job updated: 1046036
	768  -  MemoryUsage of job (MB)
	785864  -  ResidentSetSize of job (KB)
...
005 (838847.000.000) 08/15 13:00:46 Job terminated.
	(1) Normal termination (return value 0)
		Usr 0 00:11:34, Sys 0 00:00:13  -  Run Remote Usage
		Usr 0 00:00:00, Sys 0 00:00:00  -  Run Local Usage
		Usr 0 00:11:34, Sys 0 00:00:13  -  Total Remote Usage
		Usr 0 00:00:00, Sys 0 00:00:00  -  Total Local Usage
	1205  -  Run Bytes Sent By Job
	392  -  Run Bytes Received By Job
	1205  -  Total Bytes Sent By Job
	392  -  Total Bytes Received By Job
	Partitionable Resources :    Usage  Request Allocated 
	   Cpus                 :     2.18        1         1 
	   Disk (KB)            :   803           1 479737977 
	   Memory (MB)          :   768        7900      8033 
...
000 (845049.000.000) 08/15 13:30:53 Job submitted from host: <172.20.3.187:9618?addrs=172.20.3.187-9618&noUDP&sock=2043_e813_3>
...
001 (845049.000.000) 08/15 19:17:02 Job executing on host: <172.20.225.2:9618?addrs=172.20.225.2-9618&noUDP&sock=3424_285d_3>
...
006 (845049.000.000) 08/15 19:17:11 Image size of job updated: 21128
	21  -  MemoryUsage of job (MB)
	21128  -  ResidentSetSize of job (KB)
...
006 (845049.000.000) 08/15 19:22:12 Image size of job updated: 789072
	759  -  MemoryUsage of job (MB)
	776948  -  ResidentSetSize of job (KB)
...
005 (845049.000.000) 08/15 19:26:50 Job terminated.
	(1) Normal termination (return value 0)
		Usr 0 00:10:23, Sys 0 00:00:03  -  Run Remote Usage
		Usr 0 00:00:00, Sys 0 00:00:00  -  Run Local Usage
		Usr 0 00:10:23, Sys 0 00:00:03  -  Total Remote Usage
		Usr 0 00:00:00, Sys 0 00:00:00  -  Total Local Usage
	1205  -  Run Bytes Sent By Job
	392  -  Run Bytes Received By Job
	1205  -  Total Bytes Sent By Job
	392  -  Total Bytes Received By Job
	Partitionable Resources :    Usage  Request Allocated 
	   Cpus                 :     0.53        1         1 
	   Disk (KB)            :   802           1 479786084 
	   Memory (MB)          :   759        7900      8033 
...
