000 (844557.000.000) 08/15 13:30:19 Job submitted from host: <172.20.3.187:9618?addrs=172.20.3.187-9618&noUDP&sock=2043_e813_3>
...
001 (844557.000.000) 08/15 18:44:00 Job executing on host: <172.20.225.1:9618?addrs=172.20.225.1-9618&noUDP&sock=3382_5963_3>
...
006 (844557.000.000) 08/15 18:44:08 Image size of job updated: 21116
	21  -  MemoryUsage of job (MB)
	21116  -  ResidentSetSize of job (KB)
...
006 (844557.000.000) 08/15 18:49:09 Image size of job updated: 5302484
	5179  -  MemoryUsage of job (MB)
	5302484  -  ResidentSetSize of job (KB)
...
006 (844557.000.000) 08/15 18:54:09 Image size of job updated: 5302592
	5179  -  MemoryUsage of job (MB)
	5302592  -  ResidentSetSize of job (KB)
...
006 (844557.000.000) 08/15 18:59:09 Image size of job updated: 6258968
	6113  -  MemoryUsage of job (MB)
	6258968  -  ResidentSetSize of job (KB)
...
006 (844557.000.000) 08/15 19:04:10 Image size of job updated: 6389924
	6240  -  MemoryUsage of job (MB)
	6389664  -  ResidentSetSize of job (KB)
...
006 (844557.000.000) 08/15 19:07:30 Image size of job updated: 6389924
	6240  -  MemoryUsage of job (MB)
	6389688  -  ResidentSetSize of job (KB)
...
005 (844557.000.000) 08/15 19:07:30 Job terminated.
	(1) Normal termination (return value 0)
		Usr 0 00:22:52, Sys 0 00:00:35  -  Run Remote Usage
		Usr 0 00:00:00, Sys 0 00:00:00  -  Run Local Usage
		Usr 0 00:22:52, Sys 0 00:00:35  -  Total Remote Usage
		Usr 0 00:00:00, Sys 0 00:00:00  -  Total Local Usage
	1229  -  Run Bytes Sent By Job
	404  -  Run Bytes Received By Job
	1229  -  Total Bytes Sent By Job
	404  -  Total Bytes Received By Job
	Partitionable Resources :    Usage  Request Allocated 
	   Cpus                 :     0.64        1         1 
	   Disk (KB)            :   802           1 479786105 
	   Memory (MB)          :  6240        7900      8033 
...
