000 (839954.000.000) 08/15 13:25:19 Job submitted from host: <172.20.3.187:9618?addrs=172.20.3.187-9618&noUDP&sock=2043_e813_3>
...
001 (839954.000.000) 08/15 14:01:59 Job executing on host: <172.20.225.4:9618?addrs=172.20.225.4-9618&noUDP&sock=3366_5fdf_3>
...
006 (839954.000.000) 08/15 14:02:09 Image size of job updated: 21112
	21  -  MemoryUsage of job (MB)
	21112  -  ResidentSetSize of job (KB)
...
006 (839954.000.000) 08/15 14:07:09 Image size of job updated: 5003504
	4887  -  MemoryUsage of job (MB)
	5003504  -  ResidentSetSize of job (KB)
...
006 (839954.000.000) 08/15 14:12:10 Image size of job updated: 5003600
	4887  -  MemoryUsage of job (MB)
	5003600  -  ResidentSetSize of job (KB)
...
006 (839954.000.000) 08/15 14:17:11 Image size of job updated: 5959976
	5821  -  MemoryUsage of job (MB)
	5959976  -  ResidentSetSize of job (KB)
...
006 (839954.000.000) 08/15 14:22:11 Image size of job updated: 6098228
	5956  -  MemoryUsage of job (MB)
	6097972  -  ResidentSetSize of job (KB)
...
006 (839954.000.000) 08/15 14:25:25 Image size of job updated: 9635696
	5956  -  MemoryUsage of job (MB)
	6097976  -  ResidentSetSize of job (KB)
...
005 (839954.000.000) 08/15 14:25:25 Job terminated.
	(1) Normal termination (return value 0)
		Usr 0 00:22:22, Sys 0 00:00:33  -  Run Remote Usage
		Usr 0 00:00:00, Sys 0 00:00:00  -  Run Local Usage
		Usr 0 00:22:22, Sys 0 00:00:33  -  Total Remote Usage
		Usr 0 00:00:00, Sys 0 00:00:00  -  Total Local Usage
	1222  -  Run Bytes Sent By Job
	399  -  Run Bytes Received By Job
	1222  -  Total Bytes Sent By Job
	399  -  Total Bytes Received By Job
	Partitionable Resources :    Usage  Request Allocated 
	   Cpus                 :     0.79        1         1 
	   Disk (KB)            :   802           1 479779449 
	   Memory (MB)          :  5956        7900      8033 
...
