000 (838536.000.000) 08/15 12:25:20 Job submitted from host: <172.20.3.187:9618?addrs=172.20.3.187-9618&noUDP&sock=2043_e813_3>
...
001 (838536.000.000) 08/15 12:47:21 Job executing on host: <172.20.225.2:9618?addrs=172.20.225.2-9618&noUDP&sock=3424_285d_3>
...
006 (838536.000.000) 08/15 12:47:29 Image size of job updated: 21120
	21  -  MemoryUsage of job (MB)
	21120  -  ResidentSetSize of job (KB)
...
005 (838536.000.000) 08/15 12:49:01 Job terminated.
	(1) Normal termination (return value 1)
		Usr 0 00:00:18, Sys 0 00:00:03  -  Run Remote Usage
		Usr 0 00:00:00, Sys 0 00:00:00  -  Run Local Usage
		Usr 0 00:00:18, Sys 0 00:00:03  -  Total Remote Usage
		Usr 0 00:00:00, Sys 0 00:00:00  -  Total Local Usage
	1435  -  Run Bytes Sent By Job
	392  -  Run Bytes Received By Job
	1435  -  Total Bytes Sent By Job
	392  -  Total Bytes Received By Job
	Partitionable Resources :    Usage  Request Allocated 
	   Cpus                 :     0.55        1         1 
	   Disk (KB)            :   803           1 479786084 
	   Memory (MB)          :    21        7900      8033 
...
000 (843469.000.000) 08/15 13:29:08 Job submitted from host: <172.20.3.187:9618?addrs=172.20.3.187-9618&noUDP&sock=2043_e813_3>
...
001 (843469.000.000) 08/15 17:48:00 Job executing on host: <172.20.225.8:9618?addrs=172.20.225.8-9618&noUDP&sock=3440_21e1_3>
...
006 (843469.000.000) 08/15 17:48:09 Image size of job updated: 21116
	21  -  MemoryUsage of job (MB)
	21116  -  ResidentSetSize of job (KB)
...
006 (843469.000.000) 08/15 17:48:58 Image size of job updated: 4193540
	21  -  MemoryUsage of job (MB)
	21116  -  ResidentSetSize of job (KB)
...
005 (843469.000.000) 08/15 17:48:58 Job terminated.
	(1) Normal termination (return value 1)
		Usr 0 00:00:10, Sys 0 00:00:01  -  Run Remote Usage
		Usr 0 00:00:00, Sys 0 00:00:00  -  Run Local Usage
		Usr 0 00:00:10, Sys 0 00:00:01  -  Total Remote Usage
		Usr 0 00:00:00, Sys 0 00:00:00  -  Total Local Usage
	1435  -  Run Bytes Sent By Job
	392  -  Run Bytes Received By Job
	1435  -  Total Bytes Sent By Job
	392  -  Total Bytes Received By Job
	Partitionable Resources :    Usage  Request Allocated 
	   Cpus                 :     0.01        1         1 
	   Disk (KB)            :   802           1 479737977 
	   Memory (MB)          :    21        7900      8033 
...
000 (846735.000.000) 08/16 03:54:33 Job submitted from host: <172.20.3.187:9618?addrs=172.20.3.187-9618&noUDP&sock=2043_e813_3>
...
001 (846735.000.000) 08/16 05:56:12 Job executing on host: <172.20.225.8:9618?addrs=172.20.225.8-9618&noUDP&sock=3440_21e1_3>
...
006 (846735.000.000) 08/16 05:56:21 Image size of job updated: 21116
	21  -  MemoryUsage of job (MB)
	21116  -  ResidentSetSize of job (KB)
...
006 (846735.000.000) 08/16 06:01:23 Image size of job updated: 5010004
	4893  -  MemoryUsage of job (MB)
	5010004  -  ResidentSetSize of job (KB)
...
006 (846735.000.000) 08/16 06:06:23 Image size of job updated: 5010104
	4893  -  MemoryUsage of job (MB)
	5010104  -  ResidentSetSize of job (KB)
...
006 (846735.000.000) 08/16 06:11:24 Image size of job updated: 5966480
	5827  -  MemoryUsage of job (MB)
	5966480  -  ResidentSetSize of job (KB)
...
006 (846735.000.000) 08/16 06:16:25 Image size of job updated: 6933724
	6771  -  MemoryUsage of job (MB)
	6932816  -  ResidentSetSize of job (KB)
...
006 (846735.000.000) 08/16 06:19:39 Image size of job updated: 6933724
	6771  -  MemoryUsage of job (MB)
	6932900  -  ResidentSetSize of job (KB)
...
005 (846735.000.000) 08/16 06:19:39 Job terminated.
	(1) Normal termination (return value 0)
		Usr 0 00:22:53, Sys 0 00:00:30  -  Run Remote Usage
		Usr 0 00:00:00, Sys 0 00:00:00  -  Run Local Usage
		Usr 0 00:22:53, Sys 0 00:00:30  -  Total Remote Usage
		Usr 0 00:00:00, Sys 0 00:00:00  -  Total Local Usage
	1215  -  Run Bytes Sent By Job
	392  -  Run Bytes Received By Job
	1215  -  Total Bytes Sent By Job
	392  -  Total Bytes Received By Job
	Partitionable Resources :    Usage  Request Allocated 
	   Cpus                 :     0.49        1         1 
	   Disk (KB)            :   802           1 479737977 
	   Memory (MB)          :  6771        7900      8033 
...
