000 (839041.000.000) 08/15 13:24:20 Job submitted from host: <172.20.3.187:9618?addrs=172.20.3.187-9618&noUDP&sock=2043_e813_3>
...
001 (839041.000.000) 08/15 13:37:40 Job executing on host: <172.20.225.4:9618?addrs=172.20.225.4-9618&noUDP&sock=3366_5fdf_3>
...
006 (839041.000.000) 08/15 13:37:48 Image size of job updated: 20792
	21  -  MemoryUsage of job (MB)
	20792  -  ResidentSetSize of job (KB)
...
005 (839041.000.000) 08/15 13:38:19 Job terminated.
	(1) Normal termination (return value 1)
		Usr 0 00:00:19, Sys 0 00:00:02  -  Run Remote Usage
		Usr 0 00:00:00, Sys 0 00:00:00  -  Run Local Usage
		Usr 0 00:00:19, Sys 0 00:00:02  -  Total Remote Usage
		Usr 0 00:00:00, Sys 0 00:00:00  -  Total Local Usage
	1437  -  Run Bytes Sent By Job
	395  -  Run Bytes Received By Job
	1437  -  Total Bytes Sent By Job
	395  -  Total Bytes Received By Job
	Partitionable Resources :    Usage  Request Allocated 
	   Cpus                 :     0.99        1         1 
	   Disk (KB)            :   803           1 479779449 
	   Memory (MB)          :    21        7900      8033 
...
000 (845243.000.000) 08/16 03:52:38 Job submitted from host: <172.20.3.187:9618?addrs=172.20.3.187-9618&noUDP&sock=2043_e813_3>
...
001 (845243.000.000) 08/16 03:52:57 Job executing on host: <172.20.225.1:9618?addrs=172.20.225.1-9618&noUDP&sock=3382_5963_3>
...
006 (845243.000.000) 08/16 03:53:06 Image size of job updated: 21108
	21  -  MemoryUsage of job (MB)
	21108  -  ResidentSetSize of job (KB)
...
006 (845243.000.000) 08/16 03:58:07 Image size of job updated: 5084648
	4960  -  MemoryUsage of job (MB)
	5078872  -  ResidentSetSize of job (KB)
...
006 (845243.000.000) 08/16 04:03:07 Image size of job updated: 5084752
	4960  -  MemoryUsage of job (MB)
	5078976  -  ResidentSetSize of job (KB)
...
006 (845243.000.000) 08/16 04:08:07 Image size of job updated: 6040944
	5894  -  MemoryUsage of job (MB)
	6035168  -  ResidentSetSize of job (KB)
...
006 (845243.000.000) 08/16 04:13:07 Image size of job updated: 6047068
	5900  -  MemoryUsage of job (MB)
	6041136  -  ResidentSetSize of job (KB)
...
006 (845243.000.000) 08/16 04:16:44 Image size of job updated: 24376104
	5900  -  MemoryUsage of job (MB)
	6041136  -  ResidentSetSize of job (KB)
...
005 (845243.000.000) 08/16 04:16:45 Job terminated.
	(1) Normal termination (return value 0)
		Usr 0 00:22:17, Sys 0 00:00:36  -  Run Remote Usage
		Usr 0 00:00:00, Sys 0 00:00:00  -  Run Local Usage
		Usr 0 00:22:17, Sys 0 00:00:36  -  Total Remote Usage
		Usr 0 00:00:00, Sys 0 00:00:00  -  Total Local Usage
	1220  -  Run Bytes Sent By Job
	395  -  Run Bytes Received By Job
	1220  -  Total Bytes Sent By Job
	395  -  Total Bytes Received By Job
	Partitionable Resources :    Usage  Request Allocated 
	   Cpus                 :     1.00        1         1 
	   Disk (KB)            :   802           1 479786105 
	   Memory (MB)          :  5900        7900      8033 
...
