000 (840578.000.000) 08/15 13:25:59 Job submitted from host: <172.20.3.187:9618?addrs=172.20.3.187-9618&noUDP&sock=2043_e813_3>
...
001 (840578.000.000) 08/15 14:49:10 Job executing on host: <172.20.225.1:9618?addrs=172.20.225.1-9618&noUDP&sock=3382_5963_3>
...
006 (840578.000.000) 08/15 14:49:19 Image size of job updated: 21112
	21  -  MemoryUsage of job (MB)
	21112  -  ResidentSetSize of job (KB)
...
006 (840578.000.000) 08/15 14:50:12 Image size of job updated: 32744
	21  -  MemoryUsage of job (MB)
	21112  -  ResidentSetSize of job (KB)
...
005 (840578.000.000) 08/15 14:50:12 Job terminated.
	(1) Normal termination (return value 1)
		Usr 0 00:00:15, Sys 0 00:00:01  -  Run Remote Usage
		Usr 0 00:00:00, Sys 0 00:00:00  -  Run Local Usage
		Usr 0 00:00:15, Sys 0 00:00:01  -  Total Remote Usage
		Usr 0 00:00:00, Sys 0 00:00:00  -  Total Local Usage
	1435  -  Run Bytes Sent By Job
	397  -  Run Bytes Received By Job
	1435  -  Total Bytes Sent By Job
	397  -  Total Bytes Received By Job
	Partitionable Resources :    Usage  Request Allocated 
	   Cpus                 :     0.34        1         1 
	   Disk (KB)            :   803           1 479786105 
	   Memory (MB)          :    21        7900      8033 
...
000 (845896.000.000) 08/16 03:53:39 Job submitted from host: <172.20.3.187:9618?addrs=172.20.3.187-9618&noUDP&sock=2043_e813_3>
...
001 (845896.000.000) 08/16 04:43:09 Job executing on host: <172.20.225.1:9618?addrs=172.20.225.1-9618&noUDP&sock=3382_5963_3>
...
006 (845896.000.000) 08/16 04:43:18 Image size of job updated: 21120
	21  -  MemoryUsage of job (MB)
	21120  -  ResidentSetSize of job (KB)
...
006 (845896.000.000) 08/16 04:48:19 Image size of job updated: 5035460
	4918  -  MemoryUsage of job (MB)
	5035460  -  ResidentSetSize of job (KB)
...
006 (845896.000.000) 08/16 04:53:20 Image size of job updated: 5035564
	4918  -  MemoryUsage of job (MB)
	5035564  -  ResidentSetSize of job (KB)
...
006 (845896.000.000) 08/16 04:58:21 Image size of job updated: 5991924
	5852  -  MemoryUsage of job (MB)
	5991924  -  ResidentSetSize of job (KB)
...
006 (845896.000.000) 08/16 05:03:21 Image size of job updated: 5997724
	5858  -  MemoryUsage of job (MB)
	5997724  -  ResidentSetSize of job (KB)
...
005 (845896.000.000) 08/16 05:05:52 Job terminated.
	(1) Normal termination (return value 0)
		Usr 0 00:21:59, Sys 0 00:00:30  -  Run Remote Usage
		Usr 0 00:00:00, Sys 0 00:00:00  -  Run Local Usage
		Usr 0 00:21:59, Sys 0 00:00:30  -  Total Remote Usage
		Usr 0 00:00:00, Sys 0 00:00:00  -  Total Local Usage
	1220  -  Run Bytes Sent By Job
	397  -  Run Bytes Received By Job
	1220  -  Total Bytes Sent By Job
	397  -  Total Bytes Received By Job
	Partitionable Resources :    Usage  Request Allocated 
	   Cpus                 :     0.92        1         1 
	   Disk (KB)            :   802           1 479786105 
	   Memory (MB)          :  5858        7900      8033 
...
