000 (844958.000.000) 08/15 13:30:47 Job submitted from host: <172.20.3.187:9618?addrs=172.20.3.187-9618&noUDP&sock=2043_e813_3>
...
001 (844958.000.000) 08/15 19:12:04 Job executing on host: <172.20.225.5:9618?addrs=172.20.225.5-9618&noUDP&sock=3375_8c39_3>
...
006 (844958.000.000) 08/15 19:12:13 Image size of job updated: 21108
	21  -  MemoryUsage of job (MB)
	21108  -  ResidentSetSize of job (KB)
...
006 (844958.000.000) 08/15 19:17:13 Image size of job updated: 5302544
	5179  -  MemoryUsage of job (MB)
	5302544  -  ResidentSetSize of job (KB)
...
006 (844958.000.000) 08/15 19:22:14 Image size of job updated: 5302680
	5179  -  MemoryUsage of job (MB)
	5302680  -  ResidentSetSize of job (KB)
...
006 (844958.000.000) 08/15 19:27:14 Image size of job updated: 6258880
	6113  -  MemoryUsage of job (MB)
	6258880  -  ResidentSetSize of job (KB)
...
006 (844958.000.000) 08/15 19:32:15 Image size of job updated: 6646892
	6492  -  MemoryUsage of job (MB)
	6646892  -  ResidentSetSize of job (KB)
...
006 (844958.000.000) 08/15 19:33:41 Image size of job updated: 11882180
	6492  -  MemoryUsage of job (MB)
	6646892  -  ResidentSetSize of job (KB)
...
005 (844958.000.000) 08/15 19:33:41 Job terminated.
	(1) Normal termination (return value 0)
		Usr 0 00:23:48, Sys 0 00:00:30  -  Run Remote Usage
		Usr 0 00:00:00, Sys 0 00:00:00  -  Run Local Usage
		Usr 0 00:23:48, Sys 0 00:00:30  -  Total Remote Usage
		Usr 0 00:00:00, Sys 0 00:00:00  -  Total Local Usage
	1229  -  Run Bytes Sent By Job
	404  -  Run Bytes Received By Job
	1229  -  Total Bytes Sent By Job
	404  -  Total Bytes Received By Job
	Partitionable Resources :    Usage  Request Allocated 
	   Cpus                 :     0.83        1         1 
	   Disk (KB)            :   802           1 479749220 
	   Memory (MB)          :  6492        7900      8033 
...
