000 (840012.000.000) 08/15 13:25:22 Job submitted from host: <172.20.3.187:9618?addrs=172.20.3.187-9618&noUDP&sock=2043_e813_3>
...
001 (840012.000.000) 08/15 14:03:59 Job executing on host: <172.20.225.8:9618?addrs=172.20.225.8-9618&noUDP&sock=3440_21e1_3>
...
006 (840012.000.000) 08/15 14:04:08 Image size of job updated: 21112
	21  -  MemoryUsage of job (MB)
	21112  -  ResidentSetSize of job (KB)
...
006 (840012.000.000) 08/15 14:09:09 Image size of job updated: 5003356
	4887  -  MemoryUsage of job (MB)
	5003356  -  ResidentSetSize of job (KB)
...
006 (840012.000.000) 08/15 14:14:10 Image size of job updated: 5011560
	4895  -  MemoryUsage of job (MB)
	5011560  -  ResidentSetSize of job (KB)
...
006 (840012.000.000) 08/15 14:19:10 Image size of job updated: 5959840
	5821  -  MemoryUsage of job (MB)
	5959840  -  ResidentSetSize of job (KB)
...
006 (840012.000.000) 08/15 14:24:10 Image size of job updated: 6341084
	6186  -  MemoryUsage of job (MB)
	6334232  -  ResidentSetSize of job (KB)
...
006 (840012.000.000) 08/15 14:25:58 Image size of job updated: 13741348
	6186  -  MemoryUsage of job (MB)
	6334276  -  ResidentSetSize of job (KB)
...
005 (840012.000.000) 08/15 14:25:58 Job terminated.
	(1) Normal termination (return value 0)
		Usr 0 00:21:55, Sys 0 00:00:30  -  Run Remote Usage
		Usr 0 00:00:00, Sys 0 00:00:00  -  Run Local Usage
		Usr 0 00:21:55, Sys 0 00:00:30  -  Total Remote Usage
		Usr 0 00:00:00, Sys 0 00:00:00  -  Total Local Usage
	1225  -  Run Bytes Sent By Job
	400  -  Run Bytes Received By Job
	1225  -  Total Bytes Sent By Job
	400  -  Total Bytes Received By Job
	Partitionable Resources :    Usage  Request Allocated 
	   Cpus                 :     0.59        1         1 
	   Disk (KB)            :   802           1 479737977 
	   Memory (MB)          :  6186        7900      8033 
...
