000 (837894.000.000) 08/15 12:24:37 Job submitted from host: <172.20.3.187:9618?addrs=172.20.3.187-9618&noUDP&sock=2043_e813_3>
...
001 (837894.000.000) 08/15 12:34:58 Job executing on host: <172.20.225.1:9618?addrs=172.20.225.1-9618&noUDP&sock=3382_5963_3>
...
006 (837894.000.000) 08/15 12:35:06 Image size of job updated: 21116
	21  -  MemoryUsage of job (MB)
	21116  -  ResidentSetSize of job (KB)
...
005 (837894.000.000) 08/15 12:36:09 Job terminated.
	(1) Normal termination (return value 1)
		Usr 0 00:00:14, Sys 0 00:00:02  -  Run Remote Usage
		Usr 0 00:00:00, Sys 0 00:00:00  -  Run Local Usage
		Usr 0 00:00:14, Sys 0 00:00:02  -  Total Remote Usage
		Usr 0 00:00:00, Sys 0 00:00:00  -  Total Local Usage
	1434  -  Run Bytes Sent By Job
	396  -  Run Bytes Received By Job
	1434  -  Total Bytes Sent By Job
	396  -  Total Bytes Received By Job
	Partitionable Resources :    Usage  Request Allocated 
	   Cpus                 :     0.17        1         1 
	   Disk (KB)            :   803           1 479786105 
	   Memory (MB)          :    21        7900      8033 
...
000 (840492.000.000) 08/15 13:25:54 Job submitted from host: <172.20.3.187:9618?addrs=172.20.3.187-9618&noUDP&sock=2043_e813_3>
...
001 (840492.000.000) 08/15 14:46:59 Job executing on host: <172.20.225.1:9618?addrs=172.20.225.1-9618&noUDP&sock=3382_5963_3>
...
006 (840492.000.000) 08/15 14:47:08 Image size of job updated: 21112
	21  -  MemoryUsage of job (MB)
	21112  -  ResidentSetSize of job (KB)
...
005 (840492.000.000) 08/15 14:47:55 Job terminated.
	(1) Normal termination (return value 1)
		Usr 0 00:00:10, Sys 0 00:00:01  -  Run Remote Usage
		Usr 0 00:00:00, Sys 0 00:00:00  -  Run Local Usage
		Usr 0 00:00:10, Sys 0 00:00:01  -  Total Remote Usage
		Usr 0 00:00:00, Sys 0 00:00:00  -  Total Local Usage
	1433  -  Run Bytes Sent By Job
	396  -  Run Bytes Received By Job
	1433  -  Total Bytes Sent By Job
	396  -  Total Bytes Received By Job
	Partitionable Resources :    Usage  Request Allocated 
	   Cpus                 :     0.02        1         1 
	   Disk (KB)            :   802           1 479786105 
	   Memory (MB)          :    21        7900      8033 
...
000 (845810.000.000) 08/16 03:53:34 Job submitted from host: <172.20.3.187:9618?addrs=172.20.3.187-9618&noUDP&sock=2043_e813_3>
...
001 (845810.000.000) 08/16 04:42:14 Job executing on host: <172.20.225.1:9618?addrs=172.20.225.1-9618&noUDP&sock=3382_5963_3>
...
006 (845810.000.000) 08/16 04:42:25 Image size of job updated: 21116
	21  -  MemoryUsage of job (MB)
	21116  -  ResidentSetSize of job (KB)
...
006 (845810.000.000) 08/16 04:47:25 Image size of job updated: 5035380
	4918  -  MemoryUsage of job (MB)
	5035380  -  ResidentSetSize of job (KB)
...
006 (845810.000.000) 08/16 04:52:25 Image size of job updated: 5991576
	5852  -  MemoryUsage of job (MB)
	5991576  -  ResidentSetSize of job (KB)
...
006 (845810.000.000) 08/16 04:57:26 Image size of job updated: 5992968
	5853  -  MemoryUsage of job (MB)
	5992968  -  ResidentSetSize of job (KB)
...
006 (845810.000.000) 08/16 05:02:27 Image size of job updated: 7224744
	7055  -  MemoryUsage of job (MB)
	7223760  -  ResidentSetSize of job (KB)
...
005 (845810.000.000) 08/16 05:03:51 Job terminated.
	(1) Normal termination (return value 0)
		Usr 0 00:20:58, Sys 0 00:00:29  -  Run Remote Usage
		Usr 0 00:00:00, Sys 0 00:00:00  -  Run Local Usage
		Usr 0 00:20:58, Sys 0 00:00:29  -  Total Remote Usage
		Usr 0 00:00:00, Sys 0 00:00:00  -  Total Local Usage
	1217  -  Run Bytes Sent By Job
	396  -  Run Bytes Received By Job
	1217  -  Total Bytes Sent By Job
	396  -  Total Bytes Received By Job
	Partitionable Resources :    Usage  Request Allocated 
	   Cpus                 :     0.57        1         1 
	   Disk (KB)            :   802           1 479786105 
	   Memory (MB)          :  7055        7900      8033 
...
