000 (840102.000.000) 08/15 13:25:28 Job submitted from host: <172.20.3.187:9618?addrs=172.20.3.187-9618&noUDP&sock=2043_e813_3>
...
001 (840102.000.000) 08/15 14:11:58 Job executing on host: <172.20.225.2:9618?addrs=172.20.225.2-9618&noUDP&sock=3424_285d_3>
...
006 (840102.000.000) 08/15 14:12:06 Image size of job updated: 21108
	21  -  MemoryUsage of job (MB)
	21108  -  ResidentSetSize of job (KB)
...
006 (840102.000.000) 08/15 14:17:06 Image size of job updated: 5003568
	4887  -  MemoryUsage of job (MB)
	5003568  -  ResidentSetSize of job (KB)
...
006 (840102.000.000) 08/15 14:22:07 Image size of job updated: 5003672
	4887  -  MemoryUsage of job (MB)
	5003672  -  ResidentSetSize of job (KB)
...
006 (840102.000.000) 08/15 14:27:07 Image size of job updated: 5960048
	5821  -  MemoryUsage of job (MB)
	5960048  -  ResidentSetSize of job (KB)
...
006 (840102.000.000) 08/15 14:32:08 Image size of job updated: 6337168
	6189  -  MemoryUsage of job (MB)
	6337100  -  ResidentSetSize of job (KB)
...
006 (840102.000.000) 08/15 14:33:39 Image size of job updated: 6337168
	6189  -  MemoryUsage of job (MB)
	6337104  -  ResidentSetSize of job (KB)
...
005 (840102.000.000) 08/15 14:33:39 Job terminated.
	(1) Normal termination (return value 0)
		Usr 0 00:23:12, Sys 0 00:00:35  -  Run Remote Usage
		Usr 0 00:00:00, Sys 0 00:00:00  -  Run Local Usage
		Usr 0 00:23:12, Sys 0 00:00:35  -  Total Remote Usage
		Usr 0 00:00:00, Sys 0 00:00:00  -  Total Local Usage
	1225  -  Run Bytes Sent By Job
	400  -  Run Bytes Received By Job
	1225  -  Total Bytes Sent By Job
	400  -  Total Bytes Received By Job
	Partitionable Resources :    Usage  Request Allocated 
	   Cpus                 :     0.56        1         1 
	   Disk (KB)            :   802           1 479786084 
	   Memory (MB)          :  6189        7900      8033 
...
