000 (840255.000.000) 08/15 13:25:38 Job submitted from host: <172.20.3.187:9618?addrs=172.20.3.187-9618&noUDP&sock=2043_e813_3>
...
001 (840255.000.000) 08/15 14:26:01 Job executing on host: <172.20.225.4:9618?addrs=172.20.225.4-9618&noUDP&sock=3366_5fdf_3>
...
006 (840255.000.000) 08/15 14:26:10 Image size of job updated: 21116
	21  -  MemoryUsage of job (MB)
	21116  -  ResidentSetSize of job (KB)
...
006 (840255.000.000) 08/15 14:31:11 Image size of job updated: 5055340
	4937  -  MemoryUsage of job (MB)
	5055340  -  ResidentSetSize of job (KB)
...
006 (840255.000.000) 08/15 14:36:12 Image size of job updated: 5055424
	4937  -  MemoryUsage of job (MB)
	5055424  -  ResidentSetSize of job (KB)
...
006 (840255.000.000) 08/15 14:41:12 Image size of job updated: 6011796
	5871  -  MemoryUsage of job (MB)
	6011796  -  ResidentSetSize of job (KB)
...
006 (840255.000.000) 08/15 14:46:13 Image size of job updated: 6144400
	6001  -  MemoryUsage of job (MB)
	6144400  -  ResidentSetSize of job (KB)
...
006 (840255.000.000) 08/15 14:48:43 Image size of job updated: 6144400
	6001  -  MemoryUsage of job (MB)
	6144412  -  ResidentSetSize of job (KB)
...
005 (840255.000.000) 08/15 14:48:43 Job terminated.
	(1) Normal termination (return value 0)
		Usr 0 00:22:17, Sys 0 00:00:31  -  Run Remote Usage
		Usr 0 00:00:00, Sys 0 00:00:00  -  Run Local Usage
		Usr 0 00:22:17, Sys 0 00:00:31  -  Total Remote Usage
		Usr 0 00:00:00, Sys 0 00:00:00  -  Total Local Usage
	1229  -  Run Bytes Sent By Job
	404  -  Run Bytes Received By Job
	1229  -  Total Bytes Sent By Job
	404  -  Total Bytes Received By Job
	Partitionable Resources :    Usage  Request Allocated 
	   Cpus                 :     0.70        1         1 
	   Disk (KB)            :   802           1 479779449 
	   Memory (MB)          :  6001        7900      8033 
...
