000 (840048.000.000) 08/15 13:25:25 Job submitted from host: <172.20.3.187:9618?addrs=172.20.3.187-9618&noUDP&sock=2043_e813_3>
...
001 (840048.000.000) 08/15 14:05:02 Job executing on host: <172.20.225.6:9618?addrs=172.20.225.6-9618&noUDP&sock=3382_5963_3>
...
006 (840048.000.000) 08/15 14:05:11 Image size of job updated: 21120
	21  -  MemoryUsage of job (MB)
	21120  -  ResidentSetSize of job (KB)
...
006 (840048.000.000) 08/15 14:10:11 Image size of job updated: 5003528
	4887  -  MemoryUsage of job (MB)
	5003528  -  ResidentSetSize of job (KB)
...
006 (840048.000.000) 08/15 14:15:12 Image size of job updated: 5003632
	4887  -  MemoryUsage of job (MB)
	5003632  -  ResidentSetSize of job (KB)
...
006 (840048.000.000) 08/15 14:20:13 Image size of job updated: 5960000
	5821  -  MemoryUsage of job (MB)
	5960000  -  ResidentSetSize of job (KB)
...
006 (840048.000.000) 08/15 14:25:13 Image size of job updated: 6310884
	6163  -  MemoryUsage of job (MB)
	6310828  -  ResidentSetSize of job (KB)
...
006 (840048.000.000) 08/15 14:27:08 Image size of job updated: 6310884
	6163  -  MemoryUsage of job (MB)
	6310872  -  ResidentSetSize of job (KB)
...
005 (840048.000.000) 08/15 14:27:08 Job terminated.
	(1) Normal termination (return value 0)
		Usr 0 00:22:07, Sys 0 00:00:27  -  Run Remote Usage
		Usr 0 00:00:00, Sys 0 00:00:00  -  Run Local Usage
		Usr 0 00:22:07, Sys 0 00:00:27  -  Total Remote Usage
		Usr 0 00:00:00, Sys 0 00:00:00  -  Total Local Usage
	1225  -  Run Bytes Sent By Job
	400  -  Run Bytes Received By Job
	1225  -  Total Bytes Sent By Job
	400  -  Total Bytes Received By Job
	Partitionable Resources :    Usage  Request Allocated 
	   Cpus                 :     0.57        1         1 
	   Disk (KB)            :   802           1 479749220 
	   Memory (MB)          :  6163        7900      8033 
...
