000 (844816.000.000) 08/15 13:30:37 Job submitted from host: <172.20.3.187:9618?addrs=172.20.3.187-9618&noUDP&sock=2043_e813_3>
...
001 (844816.000.000) 08/15 19:06:01 Job executing on host: <172.20.225.4:9618?addrs=172.20.225.4-9618&noUDP&sock=3366_5fdf_3>
...
006 (844816.000.000) 08/15 19:06:10 Image size of job updated: 21116
	21  -  MemoryUsage of job (MB)
	21116  -  ResidentSetSize of job (KB)
...
006 (844816.000.000) 08/15 19:11:11 Image size of job updated: 5302492
	5179  -  MemoryUsage of job (MB)
	5302492  -  ResidentSetSize of job (KB)
...
006 (844816.000.000) 08/15 19:16:12 Image size of job updated: 6258660
	6112  -  MemoryUsage of job (MB)
	6258660  -  ResidentSetSize of job (KB)
...
006 (844816.000.000) 08/15 19:21:12 Image size of job updated: 6260068
	6114  -  MemoryUsage of job (MB)
	6260068  -  ResidentSetSize of job (KB)
...
006 (844816.000.000) 08/15 19:26:13 Image size of job updated: 6833644
	6674  -  MemoryUsage of job (MB)
	6833644  -  ResidentSetSize of job (KB)
...
005 (844816.000.000) 08/15 19:27:30 Job terminated.
	(1) Normal termination (return value 0)
		Usr 0 00:23:09, Sys 0 00:00:36  -  Run Remote Usage
		Usr 0 00:00:00, Sys 0 00:00:00  -  Run Local Usage
		Usr 0 00:23:09, Sys 0 00:00:36  -  Total Remote Usage
		Usr 0 00:00:00, Sys 0 00:00:00  -  Total Local Usage
	1229  -  Run Bytes Sent By Job
	404  -  Run Bytes Received By Job
	1229  -  Total Bytes Sent By Job
	404  -  Total Bytes Received By Job
	Partitionable Resources :    Usage  Request Allocated 
	   Cpus                 :     0.52        1         1 
	   Disk (KB)            :   802           1 479779449 
	   Memory (MB)          :  6674        7900      8033 
...
