000 (843541.000.000) 08/15 13:29:13 Job submitted from host: <172.20.3.187:9618?addrs=172.20.3.187-9618&noUDP&sock=2043_e813_3>
...
001 (843541.000.000) 08/15 17:50:49 Job executing on host: <172.20.225.8:9618?addrs=172.20.225.8-9618&noUDP&sock=3440_21e1_3>
...
006 (843541.000.000) 08/15 17:50:57 Image size of job updated: 21112
	21  -  MemoryUsage of job (MB)
	21112  -  ResidentSetSize of job (KB)
...
006 (843541.000.000) 08/15 17:51:48 Image size of job updated: 31564
	21  -  MemoryUsage of job (MB)
	21112  -  ResidentSetSize of job (KB)
...
005 (843541.000.000) 08/15 17:51:48 Job terminated.
	(1) Normal termination (return value 1)
		Usr 0 00:00:14, Sys 0 00:00:01  -  Run Remote Usage
		Usr 0 00:00:00, Sys 0 00:00:00  -  Run Local Usage
		Usr 0 00:00:14, Sys 0 00:00:01  -  Total Remote Usage
		Usr 0 00:00:00, Sys 0 00:00:00  -  Total Local Usage
	1435  -  Run Bytes Sent By Job
	392  -  Run Bytes Received By Job
	1435  -  Total Bytes Sent By Job
	392  -  Total Bytes Received By Job
	Partitionable Resources :    Usage  Request Allocated 
	   Cpus                 :     0.61        1         1 
	   Disk (KB)            :   803           1 479737977 
	   Memory (MB)          :    21        7900      8033 
...
000 (846807.000.000) 08/16 03:54:38 Job submitted from host: <172.20.3.187:9618?addrs=172.20.3.187-9618&noUDP&sock=2043_e813_3>
...
001 (846807.000.000) 08/16 05:59:10 Job executing on host: <172.20.225.8:9618?addrs=172.20.225.8-9618&noUDP&sock=3440_21e1_3>
...
006 (846807.000.000) 08/16 05:59:19 Image size of job updated: 21120
	21  -  MemoryUsage of job (MB)
	21120  -  ResidentSetSize of job (KB)
...
006 (846807.000.000) 08/16 06:04:20 Image size of job updated: 5010012
	4893  -  MemoryUsage of job (MB)
	5010012  -  ResidentSetSize of job (KB)
...
006 (846807.000.000) 08/16 06:09:20 Image size of job updated: 5010116
	4893  -  MemoryUsage of job (MB)
	5010116  -  ResidentSetSize of job (KB)
...
006 (846807.000.000) 08/16 06:14:21 Image size of job updated: 5966492
	5827  -  MemoryUsage of job (MB)
	5966492  -  ResidentSetSize of job (KB)
...
006 (846807.000.000) 08/16 06:19:23 Image size of job updated: 7390312
	7218  -  MemoryUsage of job (MB)
	7390312  -  ResidentSetSize of job (KB)
...
006 (846807.000.000) 08/16 06:22:14 Image size of job updated: 7390312
	7218  -  MemoryUsage of job (MB)
	7390320  -  ResidentSetSize of job (KB)
...
005 (846807.000.000) 08/16 06:22:14 Job terminated.
	(1) Normal termination (return value 0)
		Usr 0 00:23:00, Sys 0 00:00:30  -  Run Remote Usage
		Usr 0 00:00:00, Sys 0 00:00:00  -  Run Local Usage
		Usr 0 00:23:00, Sys 0 00:00:30  -  Total Remote Usage
		Usr 0 00:00:00, Sys 0 00:00:00  -  Total Local Usage
	1215  -  Run Bytes Sent By Job
	392  -  Run Bytes Received By Job
	1215  -  Total Bytes Sent By Job
	392  -  Total Bytes Received By Job
	Partitionable Resources :    Usage  Request Allocated 
	   Cpus                 :     0.60        1         1 
	   Disk (KB)            :   802           1 479737977 
	   Memory (MB)          :  7218        7900      8033 
...
