000 (843986.000.000) 08/15 13:29:42 Job submitted from host: <172.20.3.187:9618?addrs=172.20.3.187-9618&noUDP&sock=2043_e813_3>
...
001 (843986.000.000) 08/15 17:56:45 Job executing on host: <172.20.225.4:9618?addrs=172.20.225.4-9618&noUDP&sock=3366_5fdf_3>
...
006 (843986.000.000) 08/15 17:56:54 Image size of job updated: 21116
	21  -  MemoryUsage of job (MB)
	21116  -  ResidentSetSize of job (KB)
...
006 (843986.000.000) 08/15 18:01:55 Image size of job updated: 4996484
	4880  -  MemoryUsage of job (MB)
	4996484  -  ResidentSetSize of job (KB)
...
006 (843986.000.000) 08/15 18:06:56 Image size of job updated: 5952648
	5814  -  MemoryUsage of job (MB)
	5952648  -  ResidentSetSize of job (KB)
...
006 (843986.000.000) 08/15 18:11:56 Image size of job updated: 5954032
	5815  -  MemoryUsage of job (MB)
	5954032  -  ResidentSetSize of job (KB)
...
006 (843986.000.000) 08/15 18:16:57 Image size of job updated: 6369916
	6221  -  MemoryUsage of job (MB)
	6369840  -  ResidentSetSize of job (KB)
...
006 (843986.000.000) 08/15 18:18:58 Image size of job updated: 12636964
	6221  -  MemoryUsage of job (MB)
	6369840  -  ResidentSetSize of job (KB)
...
005 (843986.000.000) 08/15 18:18:58 Job terminated.
	(1) Normal termination (return value 0)
		Usr 0 00:22:07, Sys 0 00:00:37  -  Run Remote Usage
		Usr 0 00:00:00, Sys 0 00:00:00  -  Run Local Usage
		Usr 0 00:22:07, Sys 0 00:00:37  -  Total Remote Usage
		Usr 0 00:00:00, Sys 0 00:00:00  -  Total Local Usage
	1219  -  Run Bytes Sent By Job
	396  -  Run Bytes Received By Job
	1219  -  Total Bytes Sent By Job
	396  -  Total Bytes Received By Job
	Partitionable Resources :    Usage  Request Allocated 
	   Cpus                 :     0.53        1         1 
	   Disk (KB)            :   803           1 479779449 
	   Memory (MB)          :  6221        7900      8033 
...
