000 (844472.000.000) 08/15 13:30:13 Job submitted from host: <172.20.3.187:9618?addrs=172.20.3.187-9618&noUDP&sock=2043_e813_3>
...
001 (844472.000.000) 08/15 18:32:22 Job executing on host: <172.20.225.5:9618?addrs=172.20.225.5-9618&noUDP&sock=3375_8c39_3>
...
006 (844472.000.000) 08/15 18:32:30 Image size of job updated: 21112
	21  -  MemoryUsage of job (MB)
	21112  -  ResidentSetSize of job (KB)
...
006 (844472.000.000) 08/15 18:37:30 Image size of job updated: 5302556
	5179  -  MemoryUsage of job (MB)
	5302456  -  ResidentSetSize of job (KB)
...
006 (844472.000.000) 08/15 18:42:31 Image size of job updated: 6258636
	6112  -  MemoryUsage of job (MB)
	6258636  -  ResidentSetSize of job (KB)
...
006 (844472.000.000) 08/15 18:47:32 Image size of job updated: 6264732
	6118  -  MemoryUsage of job (MB)
	6264732  -  ResidentSetSize of job (KB)
...
006 (844472.000.000) 08/15 18:51:33 Image size of job updated: 6643220
	6118  -  MemoryUsage of job (MB)
	6264732  -  ResidentSetSize of job (KB)
...
005 (844472.000.000) 08/15 18:51:33 Job terminated.
	(1) Normal termination (return value 0)
		Usr 0 00:23:15, Sys 0 00:00:30  -  Run Remote Usage
		Usr 0 00:00:00, Sys 0 00:00:00  -  Run Local Usage
		Usr 0 00:23:15, Sys 0 00:00:30  -  Total Remote Usage
		Usr 0 00:00:00, Sys 0 00:00:00  -  Total Local Usage
	1229  -  Run Bytes Sent By Job
	404  -  Run Bytes Received By Job
	1229  -  Total Bytes Sent By Job
	404  -  Total Bytes Received By Job
	Partitionable Resources :    Usage  Request Allocated 
	   Cpus                 :     0.86        1         1 
	   Disk (KB)            :   803           1 479749220 
	   Memory (MB)          :  6118        7900      8033 
...
