000 (844055.000.000) 08/15 13:29:46 Job submitted from host: <172.20.3.187:9618?addrs=172.20.3.187-9618&noUDP&sock=2043_e813_3>
...
001 (844055.000.000) 08/15 17:58:03 Job executing on host: <172.20.225.8:9618?addrs=172.20.225.8-9618&noUDP&sock=3440_21e1_3>
...
006 (844055.000.000) 08/15 17:58:12 Image size of job updated: 21124
	21  -  MemoryUsage of job (MB)
	21124  -  ResidentSetSize of job (KB)
...
006 (844055.000.000) 08/15 18:03:14 Image size of job updated: 4996716
	4880  -  MemoryUsage of job (MB)
	4996716  -  ResidentSetSize of job (KB)
...
006 (844055.000.000) 08/15 18:08:14 Image size of job updated: 4996816
	4880  -  MemoryUsage of job (MB)
	4996816  -  ResidentSetSize of job (KB)
...
006 (844055.000.000) 08/15 18:13:14 Image size of job updated: 5953180
	5814  -  MemoryUsage of job (MB)
	5953180  -  ResidentSetSize of job (KB)
...
006 (844055.000.000) 08/15 18:18:14 Image size of job updated: 6065476
	5924  -  MemoryUsage of job (MB)
	6065476  -  ResidentSetSize of job (KB)
...
006 (844055.000.000) 08/15 18:22:16 Image size of job updated: 6065476
	5924  -  MemoryUsage of job (MB)
	6065488  -  ResidentSetSize of job (KB)
...
005 (844055.000.000) 08/15 18:22:16 Job terminated.
	(1) Normal termination (return value 0)
		Usr 0 00:23:17, Sys 0 00:00:33  -  Run Remote Usage
		Usr 0 00:00:00, Sys 0 00:00:00  -  Run Local Usage
		Usr 0 00:23:17, Sys 0 00:00:33  -  Total Remote Usage
		Usr 0 00:00:00, Sys 0 00:00:00  -  Total Local Usage
	1222  -  Run Bytes Sent By Job
	397  -  Run Bytes Received By Job
	1222  -  Total Bytes Sent By Job
	397  -  Total Bytes Received By Job
	Partitionable Resources :    Usage  Request Allocated 
	   Cpus                 :     0.72        1         1 
	   Disk (KB)            :   802           1 479737977 
	   Memory (MB)          :  5924        7900      8033 
...
