000 (838538.000.000) 08/15 12:25:20 Job submitted from host: <172.20.3.187:9618?addrs=172.20.3.187-9618&noUDP&sock=2043_e813_3>
...
001 (838538.000.000) 08/15 12:47:24 Job executing on host: <172.20.225.4:9618?addrs=172.20.225.4-9618&noUDP&sock=3366_5fdf_3>
...
006 (838538.000.000) 08/15 12:47:34 Image size of job updated: 21116
	21  -  MemoryUsage of job (MB)
	21116  -  ResidentSetSize of job (KB)
...
005 (838538.000.000) 08/15 12:48:57 Job terminated.
	(1) Normal termination (return value 1)
		Usr 0 00:00:19, Sys 0 00:00:02  -  Run Remote Usage
		Usr 0 00:00:00, Sys 0 00:00:00  -  Run Local Usage
		Usr 0 00:00:19, Sys 0 00:00:02  -  Total Remote Usage
		Usr 0 00:00:00, Sys 0 00:00:00  -  Total Local Usage
	1436  -  Run Bytes Sent By Job
	392  -  Run Bytes Received By Job
	1436  -  Total Bytes Sent By Job
	392  -  Total Bytes Received By Job
	Partitionable Resources :    Usage  Request Allocated 
	   Cpus                 :     0.12        1         1 
	   Disk (KB)            :   803           1 479779449 
	   Memory (MB)          :    21        7900      8033 
...
000 (843471.000.000) 08/15 13:29:08 Job submitted from host: <172.20.3.187:9618?addrs=172.20.3.187-9618&noUDP&sock=2043_e813_3>
...
001 (843471.000.000) 08/15 17:48:06 Job executing on host: <172.20.225.4:9618?addrs=172.20.225.4-9618&noUDP&sock=3366_5fdf_3>
...
006 (843471.000.000) 08/15 17:48:14 Image size of job updated: 21124
	21  -  MemoryUsage of job (MB)
	21124  -  ResidentSetSize of job (KB)
...
006 (843471.000.000) 08/15 17:49:05 Image size of job updated: 68576
	21  -  MemoryUsage of job (MB)
	21124  -  ResidentSetSize of job (KB)
...
005 (843471.000.000) 08/15 17:49:05 Job terminated.
	(1) Normal termination (return value 1)
		Usr 0 00:00:11, Sys 0 00:00:01  -  Run Remote Usage
		Usr 0 00:00:00, Sys 0 00:00:00  -  Run Local Usage
		Usr 0 00:00:11, Sys 0 00:00:01  -  Total Remote Usage
		Usr 0 00:00:00, Sys 0 00:00:00  -  Total Local Usage
	1435  -  Run Bytes Sent By Job
	392  -  Run Bytes Received By Job
	1435  -  Total Bytes Sent By Job
	392  -  Total Bytes Received By Job
	Partitionable Resources :    Usage  Request Allocated 
	   Cpus                 :     0.43        1         1 
	   Disk (KB)            :   803           1 479779449 
	   Memory (MB)          :    21        7900      8033 
...
000 (846737.000.000) 08/16 03:54:33 Job submitted from host: <172.20.3.187:9618?addrs=172.20.3.187-9618&noUDP&sock=2043_e813_3>
...
001 (846737.000.000) 08/16 05:56:13 Job executing on host: <172.20.225.8:9618?addrs=172.20.225.8-9618&noUDP&sock=3440_21e1_3>
...
006 (846737.000.000) 08/16 05:56:22 Image size of job updated: 21116
	21  -  MemoryUsage of job (MB)
	21116  -  ResidentSetSize of job (KB)
...
006 (846737.000.000) 08/16 06:01:23 Image size of job updated: 5009840
	4893  -  MemoryUsage of job (MB)
	5009840  -  ResidentSetSize of job (KB)
...
006 (846737.000.000) 08/16 06:06:23 Image size of job updated: 5009944
	4893  -  MemoryUsage of job (MB)
	5009944  -  ResidentSetSize of job (KB)
...
006 (846737.000.000) 08/16 06:11:24 Image size of job updated: 5966316
	5827  -  MemoryUsage of job (MB)
	5966316  -  ResidentSetSize of job (KB)
...
006 (846737.000.000) 08/16 06:16:25 Image size of job updated: 6885852
	6725  -  MemoryUsage of job (MB)
	6885468  -  ResidentSetSize of job (KB)
...
006 (846737.000.000) 08/16 06:20:09 Image size of job updated: 6885852
	6725  -  MemoryUsage of job (MB)
	6885504  -  ResidentSetSize of job (KB)
...
005 (846737.000.000) 08/16 06:20:11 Job terminated.
	(1) Normal termination (return value 0)
		Usr 0 00:23:09, Sys 0 00:00:29  -  Run Remote Usage
		Usr 0 00:00:00, Sys 0 00:00:00  -  Run Local Usage
		Usr 0 00:23:09, Sys 0 00:00:29  -  Total Remote Usage
		Usr 0 00:00:00, Sys 0 00:00:00  -  Total Local Usage
	1215  -  Run Bytes Sent By Job
	392  -  Run Bytes Received By Job
	1215  -  Total Bytes Sent By Job
	392  -  Total Bytes Received By Job
	Partitionable Resources :    Usage  Request Allocated 
	   Cpus                 :     0.03        1         1 
	   Disk (KB)            :   802           1 479737977 
	   Memory (MB)          :  6725        7900      8033 
...
