000 (840188.000.000) 08/15 13:25:34 Job submitted from host: <172.20.3.187:9618?addrs=172.20.3.187-9618&noUDP&sock=2043_e813_3>
...
001 (840188.000.000) 08/15 14:22:01 Job executing on host: <172.20.225.8:9618?addrs=172.20.225.8-9618&noUDP&sock=3440_21e1_3>
...
006 (840188.000.000) 08/15 14:22:10 Image size of job updated: 21120
	21  -  MemoryUsage of job (MB)
	21120  -  ResidentSetSize of job (KB)
...
006 (840188.000.000) 08/15 14:27:10 Image size of job updated: 5055524
	4938  -  MemoryUsage of job (MB)
	5055524  -  ResidentSetSize of job (KB)
...
006 (840188.000.000) 08/15 14:32:10 Image size of job updated: 6011692
	5871  -  MemoryUsage of job (MB)
	6011692  -  ResidentSetSize of job (KB)
...
006 (840188.000.000) 08/15 14:37:11 Image size of job updated: 6012000
	5872  -  MemoryUsage of job (MB)
	6012000  -  ResidentSetSize of job (KB)
...
006 (840188.000.000) 08/15 14:42:12 Image size of job updated: 6387288
	6237  -  MemoryUsage of job (MB)
	6385880  -  ResidentSetSize of job (KB)
...
005 (840188.000.000) 08/15 14:44:13 Job terminated.
	(1) Normal termination (return value 0)
		Usr 0 00:22:13, Sys 0 00:00:30  -  Run Remote Usage
		Usr 0 00:00:00, Sys 0 00:00:00  -  Run Local Usage
		Usr 0 00:22:13, Sys 0 00:00:30  -  Total Remote Usage
		Usr 0 00:00:00, Sys 0 00:00:00  -  Total Local Usage
	1226  -  Run Bytes Sent By Job
	403  -  Run Bytes Received By Job
	1226  -  Total Bytes Sent By Job
	403  -  Total Bytes Received By Job
	Partitionable Resources :    Usage  Request Allocated 
	   Cpus                 :     0.64        1         1 
	   Disk (KB)            :   802           1 479737977 
	   Memory (MB)          :  6237        7900      8033 
...
