000 (839694.000.000) 08/15 13:25:02 Job submitted from host: <172.20.3.187:9618?addrs=172.20.3.187-9618&noUDP&sock=2043_e813_3>
...
001 (839694.000.000) 08/15 13:42:20 Job executing on host: <172.20.225.5:9618?addrs=172.20.225.5-9618&noUDP&sock=3375_8c39_3>
...
006 (839694.000.000) 08/15 13:42:29 Image size of job updated: 21124
	21  -  MemoryUsage of job (MB)
	21124  -  ResidentSetSize of job (KB)
...
006 (839694.000.000) 08/15 13:47:30 Image size of job updated: 4943304
	4828  -  MemoryUsage of job (MB)
	4943304  -  ResidentSetSize of job (KB)
...
006 (839694.000.000) 08/15 13:52:30 Image size of job updated: 5899472
	5762  -  MemoryUsage of job (MB)
	5899472  -  ResidentSetSize of job (KB)
...
006 (839694.000.000) 08/15 13:57:31 Image size of job updated: 5899784
	5762  -  MemoryUsage of job (MB)
	5899784  -  ResidentSetSize of job (KB)
...
006 (839694.000.000) 08/15 14:02:33 Image size of job updated: 6319640
	6168  -  MemoryUsage of job (MB)
	6315304  -  ResidentSetSize of job (KB)
...
005 (839694.000.000) 08/15 14:02:36 Job terminated.
	(1) Normal termination (return value 0)
		Usr 0 00:23:10, Sys 0 00:00:29  -  Run Remote Usage
		Usr 0 00:00:00, Sys 0 00:00:00  -  Run Local Usage
		Usr 0 00:23:10, Sys 0 00:00:29  -  Total Remote Usage
		Usr 0 00:00:00, Sys 0 00:00:00  -  Total Local Usage
	1212  -  Run Bytes Sent By Job
	390  -  Run Bytes Received By Job
	1212  -  Total Bytes Sent By Job
	390  -  Total Bytes Received By Job
	Partitionable Resources :    Usage  Request Allocated 
	   Cpus                 :     0.99        1         1 
	   Disk (KB)            :   803           1 479749220 
	   Memory (MB)          :  6168        7900      8033 
...
