000 (840871.000.000) 08/15 13:26:18 Job submitted from host: <172.20.3.187:9618?addrs=172.20.3.187-9618&noUDP&sock=2043_e813_3>
...
001 (840871.000.000) 08/15 14:53:05 Job executing on host: <172.20.225.1:9618?addrs=172.20.225.1-9618&noUDP&sock=3382_5963_3>
...
006 (840871.000.000) 08/15 14:53:13 Image size of job updated: 21116
	21  -  MemoryUsage of job (MB)
	21116  -  ResidentSetSize of job (KB)
...
005 (840871.000.000) 08/15 14:54:23 Job terminated.
	(1) Normal termination (return value 1)
		Usr 0 00:00:28, Sys 0 00:00:01  -  Run Remote Usage
		Usr 0 00:00:00, Sys 0 00:00:00  -  Run Local Usage
		Usr 0 00:00:28, Sys 0 00:00:01  -  Total Remote Usage
		Usr 0 00:00:00, Sys 0 00:00:00  -  Total Local Usage
	1437  -  Run Bytes Sent By Job
	398  -  Run Bytes Received By Job
	1437  -  Total Bytes Sent By Job
	398  -  Total Bytes Received By Job
	Partitionable Resources :    Usage  Request Allocated 
	   Cpus                 :     0.66        1         1 
	   Disk (KB)            :   803           1 479786105 
	   Memory (MB)          :    21        7900      8033 
...
000 (846189.000.000) 08/16 03:53:58 Job submitted from host: <172.20.3.187:9618?addrs=172.20.3.187-9618&noUDP&sock=2043_e813_3>
...
001 (846189.000.000) 08/16 05:07:15 Job executing on host: <172.20.225.2:9618?addrs=172.20.225.2-9618&noUDP&sock=3424_285d_3>
...
006 (846189.000.000) 08/16 05:07:23 Image size of job updated: 21112
	21  -  MemoryUsage of job (MB)
	21112  -  ResidentSetSize of job (KB)
...
006 (846189.000.000) 08/16 05:12:24 Image size of job updated: 5035320
	4918  -  MemoryUsage of job (MB)
	5035320  -  ResidentSetSize of job (KB)
...
006 (846189.000.000) 08/16 05:17:24 Image size of job updated: 5035448
	4918  -  MemoryUsage of job (MB)
	5035448  -  ResidentSetSize of job (KB)
...
006 (846189.000.000) 08/16 05:22:24 Image size of job updated: 5991644
	5852  -  MemoryUsage of job (MB)
	5991644  -  ResidentSetSize of job (KB)
...
006 (846189.000.000) 08/16 05:27:25 Image size of job updated: 5997608
	5858  -  MemoryUsage of job (MB)
	5997608  -  ResidentSetSize of job (KB)
...
006 (846189.000.000) 08/16 05:30:55 Image size of job updated: 6413964
	5858  -  MemoryUsage of job (MB)
	5997608  -  ResidentSetSize of job (KB)
...
005 (846189.000.000) 08/16 05:30:55 Job terminated.
	(1) Normal termination (return value 0)
		Usr 0 00:22:41, Sys 0 00:00:28  -  Run Remote Usage
		Usr 0 00:00:00, Sys 0 00:00:00  -  Run Local Usage
		Usr 0 00:22:41, Sys 0 00:00:28  -  Total Remote Usage
		Usr 0 00:00:00, Sys 0 00:00:00  -  Total Local Usage
	1223  -  Run Bytes Sent By Job
	398  -  Run Bytes Received By Job
	1223  -  Total Bytes Sent By Job
	398  -  Total Bytes Received By Job
	Partitionable Resources :    Usage  Request Allocated 
	   Cpus                 :     0.81        1         1 
	   Disk (KB)            :   802           1 479786084 
	   Memory (MB)          :  5858        7900      8033 
...
