000 (839971.000.000) 08/15 13:25:20 Job submitted from host: <172.20.3.187:9618?addrs=172.20.3.187-9618&noUDP&sock=2043_e813_3>
...
001 (839971.000.000) 08/15 14:02:00 Job executing on host: <172.20.225.6:9618?addrs=172.20.225.6-9618&noUDP&sock=3382_5963_3>
...
006 (839971.000.000) 08/15 14:02:08 Image size of job updated: 21116
	21  -  MemoryUsage of job (MB)
	21116  -  ResidentSetSize of job (KB)
...
006 (839971.000.000) 08/15 14:07:09 Image size of job updated: 5003596
	4887  -  MemoryUsage of job (MB)
	5003596  -  ResidentSetSize of job (KB)
...
006 (839971.000.000) 08/15 14:12:10 Image size of job updated: 5959756
	5821  -  MemoryUsage of job (MB)
	5959756  -  ResidentSetSize of job (KB)
...
006 (839971.000.000) 08/15 14:17:10 Image size of job updated: 5959968
	5821  -  MemoryUsage of job (MB)
	5959968  -  ResidentSetSize of job (KB)
...
006 (839971.000.000) 08/15 14:22:11 Image size of job updated: 6303508
	6156  -  MemoryUsage of job (MB)
	6302796  -  ResidentSetSize of job (KB)
...
006 (839971.000.000) 08/15 14:24:23 Image size of job updated: 6322952
	6156  -  MemoryUsage of job (MB)
	6302820  -  ResidentSetSize of job (KB)
...
005 (839971.000.000) 08/15 14:24:23 Job terminated.
	(1) Normal termination (return value 0)
		Usr 0 00:22:13, Sys 0 00:00:31  -  Run Remote Usage
		Usr 0 00:00:00, Sys 0 00:00:00  -  Run Local Usage
		Usr 0 00:22:13, Sys 0 00:00:31  -  Total Remote Usage
		Usr 0 00:00:00, Sys 0 00:00:00  -  Total Local Usage
	1222  -  Run Bytes Sent By Job
	399  -  Run Bytes Received By Job
	1222  -  Total Bytes Sent By Job
	399  -  Total Bytes Received By Job
	Partitionable Resources :    Usage  Request Allocated 
	   Cpus                 :     0.59        1         1 
	   Disk (KB)            :   802           1 479749220 
	   Memory (MB)          :  6156        7900      8033 
...
