000 (840308.000.000) 08/15 13:25:42 Job submitted from host: <172.20.3.187:9618?addrs=172.20.3.187-9618&noUDP&sock=2043_e813_3>
...
001 (840308.000.000) 08/15 14:27:58 Job executing on host: <172.20.225.6:9618?addrs=172.20.225.6-9618&noUDP&sock=3382_5963_3>
...
006 (840308.000.000) 08/15 14:28:07 Image size of job updated: 21124
	21  -  MemoryUsage of job (MB)
	21124  -  ResidentSetSize of job (KB)
...
006 (840308.000.000) 08/15 14:33:08 Image size of job updated: 5055356
	4937  -  MemoryUsage of job (MB)
	5055356  -  ResidentSetSize of job (KB)
...
006 (840308.000.000) 08/15 14:38:08 Image size of job updated: 5055460
	4937  -  MemoryUsage of job (MB)
	5055460  -  ResidentSetSize of job (KB)
...
006 (840308.000.000) 08/15 14:43:09 Image size of job updated: 6011832
	5871  -  MemoryUsage of job (MB)
	6011832  -  ResidentSetSize of job (KB)
...
006 (840308.000.000) 08/15 14:48:10 Image size of job updated: 6323044
	6175  -  MemoryUsage of job (MB)
	6322520  -  ResidentSetSize of job (KB)
...
006 (840308.000.000) 08/15 14:50:26 Image size of job updated: 13813204
	6175  -  MemoryUsage of job (MB)
	6322520  -  ResidentSetSize of job (KB)
...
005 (840308.000.000) 08/15 14:50:26 Job terminated.
	(1) Normal termination (return value 0)
		Usr 0 00:22:26, Sys 0 00:00:31  -  Run Remote Usage
		Usr 0 00:00:00, Sys 0 00:00:00  -  Run Local Usage
		Usr 0 00:22:26, Sys 0 00:00:31  -  Total Remote Usage
		Usr 0 00:00:00, Sys 0 00:00:00  -  Total Local Usage
	1229  -  Run Bytes Sent By Job
	404  -  Run Bytes Received By Job
	1229  -  Total Bytes Sent By Job
	404  -  Total Bytes Received By Job
	Partitionable Resources :    Usage  Request Allocated 
	   Cpus                 :     0.71        1         1 
	   Disk (KB)            :   802           1 479749220 
	   Memory (MB)          :  6175        7900      8033 
...
