000 (843000.000.000) 08/15 13:28:37 Job submitted from host: <172.20.3.187:9618?addrs=172.20.3.187-9618&noUDP&sock=2043_e813_3>
...
001 (843000.000.000) 08/15 17:07:04 Job executing on host: <172.20.225.1:9618?addrs=172.20.225.1-9618&noUDP&sock=3382_5963_3>
...
006 (843000.000.000) 08/15 17:07:12 Image size of job updated: 21128
	21  -  MemoryUsage of job (MB)
	21128  -  ResidentSetSize of job (KB)
...
006 (843000.000.000) 08/15 17:12:13 Image size of job updated: 5245528
	5123  -  MemoryUsage of job (MB)
	5245528  -  ResidentSetSize of job (KB)
...
006 (843000.000.000) 08/15 17:17:13 Image size of job updated: 6201708
	6057  -  MemoryUsage of job (MB)
	6201708  -  ResidentSetSize of job (KB)
...
006 (843000.000.000) 08/15 17:22:13 Image size of job updated: 6207788
	6063  -  MemoryUsage of job (MB)
	6207788  -  ResidentSetSize of job (KB)
...
006 (843000.000.000) 08/15 17:27:14 Image size of job updated: 6874988
	6714  -  MemoryUsage of job (MB)
	6874672  -  ResidentSetSize of job (KB)
...
005 (843000.000.000) 08/15 17:27:43 Job terminated.
	(1) Normal termination (return value 0)
		Usr 0 00:24:10, Sys 0 00:00:35  -  Run Remote Usage
		Usr 0 00:00:00, Sys 0 00:00:00  -  Run Local Usage
		Usr 0 00:24:10, Sys 0 00:00:35  -  Total Remote Usage
		Usr 0 00:00:00, Sys 0 00:00:00  -  Total Local Usage
	1229  -  Run Bytes Sent By Job
	404  -  Run Bytes Received By Job
	1229  -  Total Bytes Sent By Job
	404  -  Total Bytes Received By Job
	Partitionable Resources :    Usage  Request Allocated 
	   Cpus                 :     0.86        1         1 
	   Disk (KB)            :   802           1 479786105 
	   Memory (MB)          :  6714        7900      8033 
...
