000 (843095.000.000) 08/15 13:28:43 Job submitted from host: <172.20.3.187:9618?addrs=172.20.3.187-9618&noUDP&sock=2043_e813_3>
...
001 (843095.000.000) 08/15 17:15:01 Job executing on host: <172.20.225.2:9618?addrs=172.20.225.2-9618&noUDP&sock=3424_285d_3>
...
006 (843095.000.000) 08/15 17:15:10 Image size of job updated: 21108
	21  -  MemoryUsage of job (MB)
	21108  -  ResidentSetSize of job (KB)
...
006 (843095.000.000) 08/15 17:20:10 Image size of job updated: 5245696
	5123  -  MemoryUsage of job (MB)
	5245696  -  ResidentSetSize of job (KB)
...
006 (843095.000.000) 08/15 17:25:10 Image size of job updated: 5245800
	5123  -  MemoryUsage of job (MB)
	5245800  -  ResidentSetSize of job (KB)
...
006 (843095.000.000) 08/15 17:30:11 Image size of job updated: 6202160
	6057  -  MemoryUsage of job (MB)
	6202160  -  ResidentSetSize of job (KB)
...
006 (843095.000.000) 08/15 17:35:11 Image size of job updated: 6320724
	6172  -  MemoryUsage of job (MB)
	6320028  -  ResidentSetSize of job (KB)
...
006 (843095.000.000) 08/15 17:39:23 Image size of job updated: 14059536
	6172  -  MemoryUsage of job (MB)
	6320048  -  ResidentSetSize of job (KB)
...
005 (843095.000.000) 08/15 17:39:23 Job terminated.
	(1) Normal termination (return value 0)
		Usr 0 00:23:55, Sys 0 00:00:36  -  Run Remote Usage
		Usr 0 00:00:00, Sys 0 00:00:00  -  Run Local Usage
		Usr 0 00:23:55, Sys 0 00:00:36  -  Total Remote Usage
		Usr 0 00:00:00, Sys 0 00:00:00  -  Total Local Usage
	1229  -  Run Bytes Sent By Job
	404  -  Run Bytes Received By Job
	1229  -  Total Bytes Sent By Job
	404  -  Total Bytes Received By Job
	Partitionable Resources :    Usage  Request Allocated 
	   Cpus                 :     0.59        1         1 
	   Disk (KB)            :   802           1 479786084 
	   Memory (MB)          :  6172        7900      8033 
...
