000 (837873.000.000) 08/15 12:24:36 Job submitted from host: <172.20.3.187:9618?addrs=172.20.3.187-9618&noUDP&sock=2043_e813_3>
...
001 (837873.000.000) 08/15 12:34:59 Job executing on host: <172.20.225.8:9618?addrs=172.20.225.8-9618&noUDP&sock=3440_21e1_3>
...
006 (837873.000.000) 08/15 12:35:08 Image size of job updated: 21108
	21  -  MemoryUsage of job (MB)
	21108  -  ResidentSetSize of job (KB)
...
006 (837873.000.000) 08/15 12:40:10 Image size of job updated: 20335164
	19859  -  MemoryUsage of job (MB)
	20335148  -  ResidentSetSize of job (KB)
...
006 (837873.000.000) 08/15 12:45:12 Image size of job updated: 21056380
	20563  -  MemoryUsage of job (MB)
	21056376  -  ResidentSetSize of job (KB)
...
005 (837873.000.000) 08/15 12:46:43 Job terminated.
	(1) Normal termination (return value 137)
		Usr 0 00:13:09, Sys 0 00:02:14  -  Run Remote Usage
		Usr 0 00:00:00, Sys 0 00:00:00  -  Run Local Usage
		Usr 0 00:13:09, Sys 0 00:02:14  -  Total Remote Usage
		Usr 0 00:00:00, Sys 0 00:00:00  -  Total Local Usage
	1388  -  Run Bytes Sent By Job
	403  -  Run Bytes Received By Job
	1388  -  Total Bytes Sent By Job
	403  -  Total Bytes Received By Job
	Partitionable Resources :    Usage  Request Allocated 
	   Cpus                 :     0.82        1         1 
	   Disk (KB)            :   803           1 479737977 
	   Memory (MB)          : 20563        7900      8033 
...
000 (840169.000.000) 08/15 13:25:33 Job submitted from host: <172.20.3.187:9618?addrs=172.20.3.187-9618&noUDP&sock=2043_e813_3>
...
001 (840169.000.000) 08/15 14:19:58 Job executing on host: <172.20.225.1:9618?addrs=172.20.225.1-9618&noUDP&sock=3382_5963_3>
...
006 (840169.000.000) 08/15 14:20:07 Image size of job updated: 21124
	21  -  MemoryUsage of job (MB)
	21124  -  ResidentSetSize of job (KB)
...
006 (840169.000.000) 08/15 14:25:08 Image size of job updated: 5055456
	4937  -  MemoryUsage of job (MB)
	5055456  -  ResidentSetSize of job (KB)
...
006 (840169.000.000) 08/15 14:30:09 Image size of job updated: 6011624
	5871  -  MemoryUsage of job (MB)
	6011624  -  ResidentSetSize of job (KB)
...
006 (840169.000.000) 08/15 14:35:09 Image size of job updated: 6013996
	5874  -  MemoryUsage of job (MB)
	6013996  -  ResidentSetSize of job (KB)
...
006 (840169.000.000) 08/15 14:40:09 Image size of job updated: 6635272
	6480  -  MemoryUsage of job (MB)
	6635256  -  ResidentSetSize of job (KB)
...
006 (840169.000.000) 08/15 14:40:19 Image size of job updated: 13813120
	6480  -  MemoryUsage of job (MB)
	6635256  -  ResidentSetSize of job (KB)
...
005 (840169.000.000) 08/15 14:40:19 Job terminated.
	(1) Normal termination (return value 0)
		Usr 0 00:22:20, Sys 0 00:00:30  -  Run Remote Usage
		Usr 0 00:00:00, Sys 0 00:00:00  -  Run Local Usage
		Usr 0 00:22:20, Sys 0 00:00:30  -  Total Remote Usage
		Usr 0 00:00:00, Sys 0 00:00:00  -  Total Local Usage
	1226  -  Run Bytes Sent By Job
	403  -  Run Bytes Received By Job
	1226  -  Total Bytes Sent By Job
	403  -  Total Bytes Received By Job
	Partitionable Resources :    Usage  Request Allocated 
	   Cpus                 :     0.55        1         1 
	   Disk (KB)            :   802           1 479786105 
	   Memory (MB)          :  6480        7900      8033 
...
