000 (840602.000.000) 08/15 13:26:01 Job submitted from host: <172.20.3.187:9618?addrs=172.20.3.187-9618&noUDP&sock=2043_e813_3>
...
001 (840602.000.000) 08/15 14:50:02 Job executing on host: <172.20.225.6:9618?addrs=172.20.225.6-9618&noUDP&sock=3382_5963_3>
...
006 (840602.000.000) 08/15 14:50:11 Image size of job updated: 21120
	21  -  MemoryUsage of job (MB)
	21120  -  ResidentSetSize of job (KB)
...
006 (840602.000.000) 08/15 14:51:03 Image size of job updated: 4225792
	21  -  MemoryUsage of job (MB)
	21120  -  ResidentSetSize of job (KB)
...
005 (840602.000.000) 08/15 14:51:03 Job terminated.
	(1) Normal termination (return value 1)
		Usr 0 00:00:16, Sys 0 00:00:01  -  Run Remote Usage
		Usr 0 00:00:00, Sys 0 00:00:00  -  Run Local Usage
		Usr 0 00:00:16, Sys 0 00:00:01  -  Total Remote Usage
		Usr 0 00:00:00, Sys 0 00:00:00  -  Total Local Usage
	1437  -  Run Bytes Sent By Job
	398  -  Run Bytes Received By Job
	1437  -  Total Bytes Sent By Job
	398  -  Total Bytes Received By Job
	Partitionable Resources :    Usage  Request Allocated 
	   Cpus                 :     0.68        1         1 
	   Disk (KB)            :   803           1 479749220 
	   Memory (MB)          :    21        7900      8033 
...
000 (845920.000.000) 08/16 03:53:41 Job submitted from host: <172.20.3.187:9618?addrs=172.20.3.187-9618&noUDP&sock=2043_e813_3>
...
001 (845920.000.000) 08/16 04:48:07 Job executing on host: <172.20.225.5:9618?addrs=172.20.225.5-9618&noUDP&sock=3375_8c39_3>
...
006 (845920.000.000) 08/16 04:48:15 Image size of job updated: 21128
	21  -  MemoryUsage of job (MB)
	21128  -  ResidentSetSize of job (KB)
...
006 (845920.000.000) 08/16 04:53:15 Image size of job updated: 5208652
	4918  -  MemoryUsage of job (MB)
	5035224  -  ResidentSetSize of job (KB)
...
006 (845920.000.000) 08/16 04:58:16 Image size of job updated: 5991392
	5851  -  MemoryUsage of job (MB)
	5991392  -  ResidentSetSize of job (KB)
...
006 (845920.000.000) 08/16 05:03:17 Image size of job updated: 5992792
	5853  -  MemoryUsage of job (MB)
	5992792  -  ResidentSetSize of job (KB)
...
006 (845920.000.000) 08/16 05:07:38 Image size of job updated: 6353504
	5853  -  MemoryUsage of job (MB)
	5992792  -  ResidentSetSize of job (KB)
...
005 (845920.000.000) 08/16 05:07:38 Job terminated.
	(1) Normal termination (return value 0)
		Usr 0 00:21:28, Sys 0 00:00:27  -  Run Remote Usage
		Usr 0 00:00:00, Sys 0 00:00:00  -  Run Local Usage
		Usr 0 00:21:28, Sys 0 00:00:27  -  Total Remote Usage
		Usr 0 00:00:00, Sys 0 00:00:00  -  Total Local Usage
	1223  -  Run Bytes Sent By Job
	398  -  Run Bytes Received By Job
	1223  -  Total Bytes Sent By Job
	398  -  Total Bytes Received By Job
	Partitionable Resources :    Usage  Request Allocated 
	   Cpus                 :     0.75        1         1 
	   Disk (KB)            :   802           1 479749220 
	   Memory (MB)          :  5853        7900      8033 
...
