000 (843604.000.000) 08/15 13:29:17 Job submitted from host: <172.20.3.187:9618?addrs=172.20.3.187-9618&noUDP&sock=2043_e813_3>
...
001 (843604.000.000) 08/15 17:52:10 Job executing on host: <172.20.225.4:9618?addrs=172.20.225.4-9618&noUDP&sock=3366_5fdf_3>
...
006 (843604.000.000) 08/15 17:52:18 Image size of job updated: 21112
	21  -  MemoryUsage of job (MB)
	21112  -  ResidentSetSize of job (KB)
...
005 (843604.000.000) 08/15 17:53:16 Job terminated.
	(1) Normal termination (return value 1)
		Usr 0 00:00:18, Sys 0 00:00:01  -  Run Remote Usage
		Usr 0 00:00:00, Sys 0 00:00:00  -  Run Local Usage
		Usr 0 00:00:18, Sys 0 00:00:01  -  Total Remote Usage
		Usr 0 00:00:00, Sys 0 00:00:00  -  Total Local Usage
	1437  -  Run Bytes Sent By Job
	393  -  Run Bytes Received By Job
	1437  -  Total Bytes Sent By Job
	393  -  Total Bytes Received By Job
	Partitionable Resources :    Usage  Request Allocated 
	   Cpus                 :        0        1         1 
	   Disk (KB)            :      803        1 479779449 
	   Memory (MB)          :       21     7900      8033 
...
000 (846870.000.000) 08/16 03:54:42 Job submitted from host: <172.20.3.187:9618?addrs=172.20.3.187-9618&noUDP&sock=2043_e813_3>
...
001 (846870.000.000) 08/16 06:08:10 Job executing on host: <172.20.225.4:9618?addrs=172.20.225.4-9618&noUDP&sock=3366_5fdf_3>
...
006 (846870.000.000) 08/16 06:08:19 Image size of job updated: 21128
	21  -  MemoryUsage of job (MB)
	21128  -  ResidentSetSize of job (KB)
...
006 (846870.000.000) 08/16 06:13:20 Image size of job updated: 5009880
	4893  -  MemoryUsage of job (MB)
	5009880  -  ResidentSetSize of job (KB)
...
006 (846870.000.000) 08/16 06:18:22 Image size of job updated: 5966052
	5827  -  MemoryUsage of job (MB)
	5966052  -  ResidentSetSize of job (KB)
...
006 (846870.000.000) 08/16 06:23:22 Image size of job updated: 5967440
	5828  -  MemoryUsage of job (MB)
	5967440  -  ResidentSetSize of job (KB)
...
006 (846870.000.000) 08/16 06:28:22 Image size of job updated: 7165428
	6998  -  MemoryUsage of job (MB)
	7165360  -  ResidentSetSize of job (KB)
...
006 (846870.000.000) 08/16 06:31:13 Image size of job updated: 7165428
	6998  -  MemoryUsage of job (MB)
	7165364  -  ResidentSetSize of job (KB)
...
005 (846870.000.000) 08/16 06:31:13 Job terminated.
	(1) Normal termination (return value 0)
		Usr 0 00:23:20, Sys 0 00:00:31  -  Run Remote Usage
		Usr 0 00:00:00, Sys 0 00:00:00  -  Run Local Usage
		Usr 0 00:23:20, Sys 0 00:00:31  -  Total Remote Usage
		Usr 0 00:00:00, Sys 0 00:00:00  -  Total Local Usage
	1218  -  Run Bytes Sent By Job
	393  -  Run Bytes Received By Job
	1218  -  Total Bytes Sent By Job
	393  -  Total Bytes Received By Job
	Partitionable Resources :    Usage  Request Allocated 
	   Cpus                 :     0.39        1         1 
	   Disk (KB)            :   802           1 479779449 
	   Memory (MB)          :  6998        7900      8033 
...
