000 (839027.000.000) 08/15 13:24:19 Job submitted from host: <172.20.3.187:9618?addrs=172.20.3.187-9618&noUDP&sock=2043_e813_3>
...
001 (839027.000.000) 08/15 13:37:14 Job executing on host: <172.20.225.6:9618?addrs=172.20.225.6-9618&noUDP&sock=3382_5963_3>
...
006 (839027.000.000) 08/15 13:37:23 Image size of job updated: 20824
	21  -  MemoryUsage of job (MB)
	20824  -  ResidentSetSize of job (KB)
...
006 (839027.000.000) 08/15 13:37:46 Image size of job updated: 478956
	21  -  MemoryUsage of job (MB)
	20824  -  ResidentSetSize of job (KB)
...
005 (839027.000.000) 08/15 13:37:46 Job terminated.
	(1) Normal termination (return value 1)
		Usr 0 00:00:19, Sys 0 00:00:01  -  Run Remote Usage
		Usr 0 00:00:00, Sys 0 00:00:00  -  Run Local Usage
		Usr 0 00:00:19, Sys 0 00:00:01  -  Total Remote Usage
		Usr 0 00:00:00, Sys 0 00:00:00  -  Total Local Usage
	1437  -  Run Bytes Sent By Job
	395  -  Run Bytes Received By Job
	1437  -  Total Bytes Sent By Job
	395  -  Total Bytes Received By Job
	Partitionable Resources :    Usage  Request Allocated 
	   Cpus                 :        0        1         1 
	   Disk (KB)            :      803        1 479749220 
	   Memory (MB)          :       21     7900      8033 
...
000 (845229.000.000) 08/16 03:52:37 Job submitted from host: <172.20.3.187:9618?addrs=172.20.3.187-9618&noUDP&sock=2043_e813_3>
...
001 (845229.000.000) 08/16 03:53:02 Job executing on host: <172.20.225.2:9618?addrs=172.20.225.2-9618&noUDP&sock=3424_285d_3>
...
006 (845229.000.000) 08/16 03:53:10 Image size of job updated: 21120
	21  -  MemoryUsage of job (MB)
	21120  -  ResidentSetSize of job (KB)
...
006 (845229.000.000) 08/16 03:58:11 Image size of job updated: 5082004
	4960  -  MemoryUsage of job (MB)
	5078880  -  ResidentSetSize of job (KB)
...
006 (845229.000.000) 08/16 04:03:12 Image size of job updated: 5082108
	4960  -  MemoryUsage of job (MB)
	5078984  -  ResidentSetSize of job (KB)
...
006 (845229.000.000) 08/16 04:08:13 Image size of job updated: 6038304
	5894  -  MemoryUsage of job (MB)
	6035180  -  ResidentSetSize of job (KB)
...
006 (845229.000.000) 08/16 04:13:13 Image size of job updated: 6044376
	5900  -  MemoryUsage of job (MB)
	6041148  -  ResidentSetSize of job (KB)
...
006 (845229.000.000) 08/16 04:17:04 Image size of job updated: 20702236
	5900  -  MemoryUsage of job (MB)
	6041148  -  ResidentSetSize of job (KB)
...
005 (845229.000.000) 08/16 04:17:04 Job terminated.
	(1) Normal termination (return value 0)
		Usr 0 00:22:42, Sys 0 00:00:32  -  Run Remote Usage
		Usr 0 00:00:00, Sys 0 00:00:00  -  Run Local Usage
		Usr 0 00:22:42, Sys 0 00:00:32  -  Total Remote Usage
		Usr 0 00:00:00, Sys 0 00:00:00  -  Total Local Usage
	1220  -  Run Bytes Sent By Job
	395  -  Run Bytes Received By Job
	1220  -  Total Bytes Sent By Job
	395  -  Total Bytes Received By Job
	Partitionable Resources :    Usage  Request Allocated 
	   Cpus                 :     1.00        1         1 
	   Disk (KB)            :   802           1 479786084 
	   Memory (MB)          :  5900        7900      8033 
...
