000 (844852.000.000) 08/15 13:30:39 Job submitted from host: <172.20.3.187:9618?addrs=172.20.3.187-9618&noUDP&sock=2043_e813_3>
...
001 (844852.000.000) 08/15 19:08:02 Job executing on host: <172.20.225.2:9618?addrs=172.20.225.2-9618&noUDP&sock=3424_285d_3>
...
006 (844852.000.000) 08/15 19:08:11 Image size of job updated: 21116
	21  -  MemoryUsage of job (MB)
	21116  -  ResidentSetSize of job (KB)
...
006 (844852.000.000) 08/15 19:13:12 Image size of job updated: 5302580
	5179  -  MemoryUsage of job (MB)
	5302580  -  ResidentSetSize of job (KB)
...
006 (844852.000.000) 08/15 19:18:13 Image size of job updated: 5302684
	5179  -  MemoryUsage of job (MB)
	5302684  -  ResidentSetSize of job (KB)
...
006 (844852.000.000) 08/15 19:23:13 Image size of job updated: 6259060
	6113  -  MemoryUsage of job (MB)
	6259060  -  ResidentSetSize of job (KB)
...
006 (844852.000.000) 08/15 19:28:14 Image size of job updated: 6396080
	6247  -  MemoryUsage of job (MB)
	6396080  -  ResidentSetSize of job (KB)
...
006 (844852.000.000) 08/15 19:30:50 Image size of job updated: 14088736
	6247  -  MemoryUsage of job (MB)
	6396104  -  ResidentSetSize of job (KB)
...
005 (844852.000.000) 08/15 19:30:50 Job terminated.
	(1) Normal termination (return value 0)
		Usr 0 00:23:12, Sys 0 00:00:31  -  Run Remote Usage
		Usr 0 00:00:00, Sys 0 00:00:00  -  Run Local Usage
		Usr 0 00:23:12, Sys 0 00:00:31  -  Total Remote Usage
		Usr 0 00:00:00, Sys 0 00:00:00  -  Total Local Usage
	1229  -  Run Bytes Sent By Job
	404  -  Run Bytes Received By Job
	1229  -  Total Bytes Sent By Job
	404  -  Total Bytes Received By Job
	Partitionable Resources :    Usage  Request Allocated 
	   Cpus                 :     0.73        1         1 
	   Disk (KB)            :   802           1 479786084 
	   Memory (MB)          :  6247        7900      8033 
...
