000 (844536.000.000) 08/15 13:30:18 Job submitted from host: <172.20.3.187:9618?addrs=172.20.3.187-9618&noUDP&sock=2043_e813_3>
...
001 (844536.000.000) 08/15 18:43:01 Job executing on host: <172.20.225.1:9618?addrs=172.20.225.1-9618&noUDP&sock=3382_5963_3>
...
006 (844536.000.000) 08/15 18:43:10 Image size of job updated: 21116
	21  -  MemoryUsage of job (MB)
	21116  -  ResidentSetSize of job (KB)
...
006 (844536.000.000) 08/15 18:48:12 Image size of job updated: 5302548
	5179  -  MemoryUsage of job (MB)
	5302548  -  ResidentSetSize of job (KB)
...
006 (844536.000.000) 08/15 18:53:12 Image size of job updated: 6258708
	6113  -  MemoryUsage of job (MB)
	6258708  -  ResidentSetSize of job (KB)
...
006 (844536.000.000) 08/15 18:58:12 Image size of job updated: 6259020
	6113  -  MemoryUsage of job (MB)
	6259020  -  ResidentSetSize of job (KB)
...
006 (844536.000.000) 08/15 19:03:13 Image size of job updated: 6596048
	6442  -  MemoryUsage of job (MB)
	6596032  -  ResidentSetSize of job (KB)
...
006 (844536.000.000) 08/15 19:05:53 Image size of job updated: 14054888
	6442  -  MemoryUsage of job (MB)
	6596032  -  ResidentSetSize of job (KB)
...
005 (844536.000.000) 08/15 19:05:53 Job terminated.
	(1) Normal termination (return value 0)
		Usr 0 00:22:59, Sys 0 00:00:33  -  Run Remote Usage
		Usr 0 00:00:00, Sys 0 00:00:00  -  Run Local Usage
		Usr 0 00:22:59, Sys 0 00:00:33  -  Total Remote Usage
		Usr 0 00:00:00, Sys 0 00:00:00  -  Total Local Usage
	1229  -  Run Bytes Sent By Job
	404  -  Run Bytes Received By Job
	1229  -  Total Bytes Sent By Job
	404  -  Total Bytes Received By Job
	Partitionable Resources :    Usage  Request Allocated 
	   Cpus                 :     0.64        1         1 
	   Disk (KB)            :   802           1 479786105 
	   Memory (MB)          :  6442        7900      8033 
...
