000 (839264.000.000) 08/15 13:24:34 Job submitted from host: <172.20.3.187:9618?addrs=172.20.3.187-9618&noUDP&sock=2043_e813_3>
...
001 (839264.000.000) 08/15 13:38:47 Job executing on host: <172.20.225.2:9618?addrs=172.20.225.2-9618&noUDP&sock=3424_285d_3>
...
006 (839264.000.000) 08/15 13:38:55 Image size of job updated: 21116
	21  -  MemoryUsage of job (MB)
	21116  -  ResidentSetSize of job (KB)
...
006 (839264.000.000) 08/15 13:39:47 Image size of job updated: 478796
	21  -  MemoryUsage of job (MB)
	21116  -  ResidentSetSize of job (KB)
...
005 (839264.000.000) 08/15 13:39:47 Job terminated.
	(1) Normal termination (return value 1)
		Usr 0 00:00:30, Sys 0 00:00:01  -  Run Remote Usage
		Usr 0 00:00:00, Sys 0 00:00:00  -  Run Local Usage
		Usr 0 00:00:30, Sys 0 00:00:01  -  Total Remote Usage
		Usr 0 00:00:00, Sys 0 00:00:00  -  Total Local Usage
	1437  -  Run Bytes Sent By Job
	395  -  Run Bytes Received By Job
	1437  -  Total Bytes Sent By Job
	395  -  Total Bytes Received By Job
	Partitionable Resources :    Usage  Request Allocated 
	   Cpus                 :     0.97        1         1 
	   Disk (KB)            :   803           1 479786084 
	   Memory (MB)          :    21        7900      8033 
...
000 (845466.000.000) 08/16 03:53:11 Job submitted from host: <172.20.3.187:9618?addrs=172.20.3.187-9618&noUDP&sock=2043_e813_3>
...
001 (845466.000.000) 08/16 04:17:16 Job executing on host: <172.20.225.6:9618?addrs=172.20.225.6-9618&noUDP&sock=3382_5963_3>
...
006 (845466.000.000) 08/16 04:17:24 Image size of job updated: 21116
	21  -  MemoryUsage of job (MB)
	21116  -  ResidentSetSize of job (KB)
...
006 (845466.000.000) 08/16 04:22:24 Image size of job updated: 5080220
	4960  -  MemoryUsage of job (MB)
	5078932  -  ResidentSetSize of job (KB)
...
006 (845466.000.000) 08/16 04:27:25 Image size of job updated: 5080352
	4961  -  MemoryUsage of job (MB)
	5079064  -  ResidentSetSize of job (KB)
...
006 (845466.000.000) 08/16 04:32:26 Image size of job updated: 6035248
	5894  -  MemoryUsage of job (MB)
	6035248  -  ResidentSetSize of job (KB)
...
006 (845466.000.000) 08/16 04:37:26 Image size of job updated: 6041220
	5900  -  MemoryUsage of job (MB)
	6041220  -  ResidentSetSize of job (KB)
...
005 (845466.000.000) 08/16 04:41:48 Job terminated.
	(1) Normal termination (return value 0)
		Usr 0 00:22:51, Sys 0 00:00:27  -  Run Remote Usage
		Usr 0 00:00:00, Sys 0 00:00:00  -  Run Local Usage
		Usr 0 00:22:51, Sys 0 00:00:27  -  Total Remote Usage
		Usr 0 00:00:00, Sys 0 00:00:00  -  Total Local Usage
	1220  -  Run Bytes Sent By Job
	395  -  Run Bytes Received By Job
	1220  -  Total Bytes Sent By Job
	395  -  Total Bytes Received By Job
	Partitionable Resources :    Usage  Request Allocated 
	   Cpus                 :     0.80        1         1 
	   Disk (KB)            :   802           1 479749220 
	   Memory (MB)          :  5900        7900      8033 
...
