000 (843955.000.000) 08/15 13:29:40 Job submitted from host: <172.20.3.187:9618?addrs=172.20.3.187-9618&noUDP&sock=2043_e813_3>
...
001 (843955.000.000) 08/15 17:56:25 Job executing on host: <172.20.225.4:9618?addrs=172.20.225.4-9618&noUDP&sock=3366_5fdf_3>
...
006 (843955.000.000) 08/15 17:56:34 Image size of job updated: 21112
	21  -  MemoryUsage of job (MB)
	21112  -  ResidentSetSize of job (KB)
...
006 (843955.000.000) 08/15 18:01:35 Image size of job updated: 4996524
	4880  -  MemoryUsage of job (MB)
	4996524  -  ResidentSetSize of job (KB)
...
006 (843955.000.000) 08/15 18:06:36 Image size of job updated: 5952688
	5814  -  MemoryUsage of job (MB)
	5952688  -  ResidentSetSize of job (KB)
...
006 (843955.000.000) 08/15 18:11:36 Image size of job updated: 5953000
	5814  -  MemoryUsage of job (MB)
	5953000  -  ResidentSetSize of job (KB)
...
006 (843955.000.000) 08/15 18:16:37 Image size of job updated: 6321588
	6174  -  MemoryUsage of job (MB)
	6321584  -  ResidentSetSize of job (KB)
...
006 (843955.000.000) 08/15 18:19:34 Image size of job updated: 13778592
	6174  -  MemoryUsage of job (MB)
	6321680  -  ResidentSetSize of job (KB)
...
005 (843955.000.000) 08/15 18:19:34 Job terminated.
	(1) Normal termination (return value 0)
		Usr 0 00:22:38, Sys 0 00:00:33  -  Run Remote Usage
		Usr 0 00:00:00, Sys 0 00:00:00  -  Run Local Usage
		Usr 0 00:22:38, Sys 0 00:00:33  -  Total Remote Usage
		Usr 0 00:00:00, Sys 0 00:00:00  -  Total Local Usage
	1219  -  Run Bytes Sent By Job
	396  -  Run Bytes Received By Job
	1219  -  Total Bytes Sent By Job
	396  -  Total Bytes Received By Job
	Partitionable Resources :    Usage  Request Allocated 
	   Cpus                 :     0.70        1         1 
	   Disk (KB)            :   803           1 479779449 
	   Memory (MB)          :  6174        7900      8033 
...
