000 (839117.000.000) 08/15 13:24:25 Job submitted from host: <172.20.3.187:9618?addrs=172.20.3.187-9618&noUDP&sock=2043_e813_3>
...
001 (839117.000.000) 08/15 13:37:57 Job executing on host: <172.20.225.4:9618?addrs=172.20.225.4-9618&noUDP&sock=3366_5fdf_3>
...
006 (839117.000.000) 08/15 13:38:05 Image size of job updated: 21112
	21  -  MemoryUsage of job (MB)
	21112  -  ResidentSetSize of job (KB)
...
005 (839117.000.000) 08/15 13:38:39 Job terminated.
	(1) Normal termination (return value 1)
		Usr 0 00:00:23, Sys 0 00:00:01  -  Run Remote Usage
		Usr 0 00:00:00, Sys 0 00:00:00  -  Run Local Usage
		Usr 0 00:00:23, Sys 0 00:00:01  -  Total Remote Usage
		Usr 0 00:00:00, Sys 0 00:00:00  -  Total Local Usage
	1437  -  Run Bytes Sent By Job
	395  -  Run Bytes Received By Job
	1437  -  Total Bytes Sent By Job
	395  -  Total Bytes Received By Job
	Partitionable Resources :    Usage  Request Allocated 
	   Cpus                 :     0.98        1         1 
	   Disk (KB)            :   803           1 479779449 
	   Memory (MB)          :    21        7900      8033 
...
000 (845319.000.000) 08/16 03:52:42 Job submitted from host: <172.20.3.187:9618?addrs=172.20.3.187-9618&noUDP&sock=2043_e813_3>
...
001 (845319.000.000) 08/16 03:53:03 Job executing on host: <172.20.225.5:9618?addrs=172.20.225.5-9618&noUDP&sock=3375_8c39_3>
...
006 (845319.000.000) 08/16 03:53:11 Image size of job updated: 21120
	21  -  MemoryUsage of job (MB)
	21120  -  ResidentSetSize of job (KB)
...
006 (845319.000.000) 08/16 03:58:11 Image size of job updated: 5080800
	4960  -  MemoryUsage of job (MB)
	5078992  -  ResidentSetSize of job (KB)
...
006 (845319.000.000) 08/16 04:03:12 Image size of job updated: 5080912
	4961  -  MemoryUsage of job (MB)
	5079104  -  ResidentSetSize of job (KB)
...
006 (845319.000.000) 08/16 04:08:12 Image size of job updated: 6037104
	5894  -  MemoryUsage of job (MB)
	6035296  -  ResidentSetSize of job (KB)
...
006 (845319.000.000) 08/16 04:13:13 Image size of job updated: 6043132
	5900  -  MemoryUsage of job (MB)
	6041268  -  ResidentSetSize of job (KB)
...
006 (845319.000.000) 08/16 04:17:01 Image size of job updated: 20934576
	5900  -  MemoryUsage of job (MB)
	6041268  -  ResidentSetSize of job (KB)
...
005 (845319.000.000) 08/16 04:17:02 Job terminated.
	(1) Normal termination (return value 0)
		Usr 0 00:22:38, Sys 0 00:00:33  -  Run Remote Usage
		Usr 0 00:00:00, Sys 0 00:00:00  -  Run Local Usage
		Usr 0 00:22:38, Sys 0 00:00:33  -  Total Remote Usage
		Usr 0 00:00:00, Sys 0 00:00:00  -  Total Local Usage
	1220  -  Run Bytes Sent By Job
	395  -  Run Bytes Received By Job
	1220  -  Total Bytes Sent By Job
	395  -  Total Bytes Received By Job
	Partitionable Resources :    Usage  Request Allocated 
	   Cpus                 :     0.96        1         1 
	   Disk (KB)            :   802           1 479749220 
	   Memory (MB)          :  5900        7900      8033 
...
