000 (840974.000.000) 08/15 13:26:25 Job submitted from host: <172.20.3.187:9618?addrs=172.20.3.187-9618&noUDP&sock=2043_e813_3>
...
001 (840974.000.000) 08/15 14:53:59 Job executing on host: <172.20.225.5:9618?addrs=172.20.225.5-9618&noUDP&sock=3375_8c39_3>
...
006 (840974.000.000) 08/15 14:54:07 Image size of job updated: 21116
	21  -  MemoryUsage of job (MB)
	21116  -  ResidentSetSize of job (KB)
...
006 (840974.000.000) 08/15 14:59:08 Image size of job updated: 4913188
	4799  -  MemoryUsage of job (MB)
	4913188  -  ResidentSetSize of job (KB)
...
006 (840974.000.000) 08/15 15:04:08 Image size of job updated: 5869352
	5732  -  MemoryUsage of job (MB)
	5869352  -  ResidentSetSize of job (KB)
...
006 (840974.000.000) 08/15 15:09:09 Image size of job updated: 5870744
	5734  -  MemoryUsage of job (MB)
	5870744  -  ResidentSetSize of job (KB)
...
006 (840974.000.000) 08/15 15:14:10 Image size of job updated: 6419064
	6269  -  MemoryUsage of job (MB)
	6419040  -  ResidentSetSize of job (KB)
...
006 (840974.000.000) 08/15 15:15:32 Image size of job updated: 13097556
	6269  -  MemoryUsage of job (MB)
	6419040  -  ResidentSetSize of job (KB)
...
005 (840974.000.000) 08/15 15:15:32 Job terminated.
	(1) Normal termination (return value 0)
		Usr 0 00:23:09, Sys 0 00:00:33  -  Run Remote Usage
		Usr 0 00:00:00, Sys 0 00:00:00  -  Run Local Usage
		Usr 0 00:23:09, Sys 0 00:00:33  -  Total Remote Usage
		Usr 0 00:00:00, Sys 0 00:00:00  -  Total Local Usage
	1234  -  Run Bytes Sent By Job
	412  -  Run Bytes Received By Job
	1234  -  Total Bytes Sent By Job
	412  -  Total Bytes Received By Job
	Partitionable Resources :    Usage  Request Allocated 
	   Cpus                 :     0.91        1         1 
	   Disk (KB)            :   803           1 479749220 
	   Memory (MB)          :  6269        7900      8033 
...
