000 (839507.000.000) 08/15 13:24:50 Job submitted from host: <172.20.3.187:9618?addrs=172.20.3.187-9618&noUDP&sock=2043_e813_3>
...
001 (839507.000.000) 08/15 13:40:06 Job executing on host: <172.20.225.1:9618?addrs=172.20.225.1-9618&noUDP&sock=3382_5963_3>
...
006 (839507.000.000) 08/15 13:40:15 Image size of job updated: 21120
	21  -  MemoryUsage of job (MB)
	21120  -  ResidentSetSize of job (KB)
...
006 (839507.000.000) 08/15 13:45:16 Image size of job updated: 2560684
	2501  -  MemoryUsage of job (MB)
	2560684  -  ResidentSetSize of job (KB)
...
006 (839507.000.000) 08/15 13:50:17 Image size of job updated: 3046840
	2976  -  MemoryUsage of job (MB)
	3046840  -  ResidentSetSize of job (KB)
...
006 (839507.000.000) 08/15 13:53:21 Image size of job updated: 3517308
	2976  -  MemoryUsage of job (MB)
	3046840  -  ResidentSetSize of job (KB)
...
005 (839507.000.000) 08/15 13:53:21 Job terminated.
	(1) Normal termination (return value 0)
		Usr 0 00:17:34, Sys 0 00:00:19  -  Run Remote Usage
		Usr 0 00:00:00, Sys 0 00:00:00  -  Run Local Usage
		Usr 0 00:17:34, Sys 0 00:00:19  -  Total Remote Usage
		Usr 0 00:00:00, Sys 0 00:00:00  -  Total Local Usage
	1225  -  Run Bytes Sent By Job
	406  -  Run Bytes Received By Job
	1225  -  Total Bytes Sent By Job
	406  -  Total Bytes Received By Job
	Partitionable Resources :    Usage  Request Allocated 
	   Cpus                 :     0.65        1         1 
	   Disk (KB)            :   802           1 479786105 
	   Memory (MB)          :  2976        7900      8033 
...
