000 (840340.000.000) 08/15 13:25:44 Job submitted from host: <172.20.3.187:9618?addrs=172.20.3.187-9618&noUDP&sock=2043_e813_3>
...
001 (840340.000.000) 08/15 14:28:57 Job executing on host: <172.20.225.2:9618?addrs=172.20.225.2-9618&noUDP&sock=3424_285d_3>
...
006 (840340.000.000) 08/15 14:29:07 Image size of job updated: 21112
	21  -  MemoryUsage of job (MB)
	21112  -  ResidentSetSize of job (KB)
...
006 (840340.000.000) 08/15 14:34:07 Image size of job updated: 5083712
	4938  -  MemoryUsage of job (MB)
	5055536  -  ResidentSetSize of job (KB)
...
006 (840340.000.000) 08/15 14:39:08 Image size of job updated: 5083712
	4938  -  MemoryUsage of job (MB)
	5055640  -  ResidentSetSize of job (KB)
...
006 (840340.000.000) 08/15 14:44:09 Image size of job updated: 6013096
	5873  -  MemoryUsage of job (MB)
	6013096  -  ResidentSetSize of job (KB)
...
006 (840340.000.000) 08/15 14:49:10 Image size of job updated: 6539608
	6387  -  MemoryUsage of job (MB)
	6539608  -  ResidentSetSize of job (KB)
...
005 (840340.000.000) 08/15 14:50:33 Job terminated.
	(1) Normal termination (return value 0)
		Usr 0 00:22:54, Sys 0 00:00:27  -  Run Remote Usage
		Usr 0 00:00:00, Sys 0 00:00:00  -  Run Local Usage
		Usr 0 00:22:54, Sys 0 00:00:27  -  Total Remote Usage
		Usr 0 00:00:00, Sys 0 00:00:00  -  Total Local Usage
	1229  -  Run Bytes Sent By Job
	404  -  Run Bytes Received By Job
	1229  -  Total Bytes Sent By Job
	404  -  Total Bytes Received By Job
	Partitionable Resources :    Usage  Request Allocated 
	   Cpus                 :     0.71        1         1 
	   Disk (KB)            :   802           1 479786084 
	   Memory (MB)          :  6387        7900      8033 
...
