000 (842607.000.000) 08/15 13:28:11 Job submitted from host: <172.20.3.187:9618?addrs=172.20.3.187-9618&noUDP&sock=2043_e813_3>
...
001 (842607.000.000) 08/15 16:28:01 Job executing on host: <172.20.225.8:9618?addrs=172.20.225.8-9618&noUDP&sock=3440_21e1_3>
...
006 (842607.000.000) 08/15 16:28:09 Image size of job updated: 21116
	21  -  MemoryUsage of job (MB)
	21116  -  ResidentSetSize of job (KB)
...
006 (842607.000.000) 08/15 16:33:09 Image size of job updated: 4976500
	4860  -  MemoryUsage of job (MB)
	4976500  -  ResidentSetSize of job (KB)
...
006 (842607.000.000) 08/15 16:38:10 Image size of job updated: 5932672
	5794  -  MemoryUsage of job (MB)
	5932672  -  ResidentSetSize of job (KB)
...
006 (842607.000.000) 08/15 16:43:11 Image size of job updated: 5932976
	5794  -  MemoryUsage of job (MB)
	5932976  -  ResidentSetSize of job (KB)
...
006 (842607.000.000) 08/15 16:48:11 Image size of job updated: 6363784
	6208  -  MemoryUsage of job (MB)
	6356188  -  ResidentSetSize of job (KB)
...
006 (842607.000.000) 08/15 16:51:31 Image size of job updated: 12678752
	6208  -  MemoryUsage of job (MB)
	6356188  -  ResidentSetSize of job (KB)
...
005 (842607.000.000) 08/15 16:51:31 Job terminated.
	(1) Normal termination (return value 0)
		Usr 0 00:23:29, Sys 0 00:00:30  -  Run Remote Usage
		Usr 0 00:00:00, Sys 0 00:00:00  -  Run Local Usage
		Usr 0 00:23:29, Sys 0 00:00:30  -  Total Remote Usage
		Usr 0 00:00:00, Sys 0 00:00:00  -  Total Local Usage
	1222  -  Run Bytes Sent By Job
	399  -  Run Bytes Received By Job
	1222  -  Total Bytes Sent By Job
	399  -  Total Bytes Received By Job
	Partitionable Resources :    Usage  Request Allocated 
	   Cpus                 :     0.67        1         1 
	   Disk (KB)            :   802           1 479737977 
	   Memory (MB)          :  6208        7900      8033 
...
