000 (844493.000.000) 08/15 13:30:15 Job submitted from host: <172.20.3.187:9618?addrs=172.20.3.187-9618&noUDP&sock=2043_e813_3>
...
001 (844493.000.000) 08/15 18:40:00 Job executing on host: <172.20.225.1:9618?addrs=172.20.225.1-9618&noUDP&sock=3382_5963_3>
...
006 (844493.000.000) 08/15 18:40:09 Image size of job updated: 21112
	21  -  MemoryUsage of job (MB)
	21112  -  ResidentSetSize of job (KB)
...
006 (844493.000.000) 08/15 18:45:09 Image size of job updated: 5302612
	5179  -  MemoryUsage of job (MB)
	5302612  -  ResidentSetSize of job (KB)
...
006 (844493.000.000) 08/15 18:50:09 Image size of job updated: 6258784
	6113  -  MemoryUsage of job (MB)
	6258784  -  ResidentSetSize of job (KB)
...
006 (844493.000.000) 08/15 18:55:10 Image size of job updated: 6260176
	6114  -  MemoryUsage of job (MB)
	6260176  -  ResidentSetSize of job (KB)
...
006 (844493.000.000) 08/15 18:59:58 Image size of job updated: 6555172
	6114  -  MemoryUsage of job (MB)
	6260176  -  ResidentSetSize of job (KB)
...
005 (844493.000.000) 08/15 18:59:58 Job terminated.
	(1) Normal termination (return value 0)
		Usr 0 00:23:11, Sys 0 00:00:35  -  Run Remote Usage
		Usr 0 00:00:00, Sys 0 00:00:00  -  Run Local Usage
		Usr 0 00:23:11, Sys 0 00:00:35  -  Total Remote Usage
		Usr 0 00:00:00, Sys 0 00:00:00  -  Total Local Usage
	1229  -  Run Bytes Sent By Job
	404  -  Run Bytes Received By Job
	1229  -  Total Bytes Sent By Job
	404  -  Total Bytes Received By Job
	Partitionable Resources :    Usage  Request Allocated 
	   Cpus                 :     0.99        1         1 
	   Disk (KB)            :   802           1 479786105 
	   Memory (MB)          :  6114        7900      8033 
...
