000 (840414.000.000) 08/15 13:25:49 Job submitted from host: <172.20.3.187:9618?addrs=172.20.3.187-9618&noUDP&sock=2043_e813_3>
...
001 (840414.000.000) 08/15 14:40:57 Job executing on host: <172.20.225.4:9618?addrs=172.20.225.4-9618&noUDP&sock=3366_5fdf_3>
...
006 (840414.000.000) 08/15 14:41:06 Image size of job updated: 21116
	21  -  MemoryUsage of job (MB)
	21116  -  ResidentSetSize of job (KB)
...
006 (840414.000.000) 08/15 14:46:08 Image size of job updated: 5055492
	4938  -  MemoryUsage of job (MB)
	5055492  -  ResidentSetSize of job (KB)
...
006 (840414.000.000) 08/15 14:51:09 Image size of job updated: 6011688
	5871  -  MemoryUsage of job (MB)
	6011688  -  ResidentSetSize of job (KB)
...
006 (840414.000.000) 08/15 14:56:11 Image size of job updated: 6120144
	5977  -  MemoryUsage of job (MB)
	6120144  -  ResidentSetSize of job (KB)
...
006 (840414.000.000) 08/15 14:59:02 Image size of job updated: 12690716
	5977  -  MemoryUsage of job (MB)
	6120196  -  ResidentSetSize of job (KB)
...
005 (840414.000.000) 08/15 14:59:02 Job terminated.
	(1) Normal termination (return value 0)
		Usr 0 00:23:46, Sys 0 00:00:29  -  Run Remote Usage
		Usr 0 00:00:00, Sys 0 00:00:00  -  Run Local Usage
		Usr 0 00:23:46, Sys 0 00:00:29  -  Total Remote Usage
		Usr 0 00:00:00, Sys 0 00:00:00  -  Total Local Usage
	1229  -  Run Bytes Sent By Job
	404  -  Run Bytes Received By Job
	1229  -  Total Bytes Sent By Job
	404  -  Total Bytes Received By Job
	Partitionable Resources :    Usage  Request Allocated 
	   Cpus                 :     0.59        1         1 
	   Disk (KB)            :   802           1 479779449 
	   Memory (MB)          :  5977        7900      8033 
...
