000 (843648.000.000) 08/15 13:29:20 Job submitted from host: <172.20.3.187:9618?addrs=172.20.3.187-9618&noUDP&sock=2043_e813_3>
...
001 (843648.000.000) 08/15 17:53:01 Job executing on host: <172.20.225.4:9618?addrs=172.20.225.4-9618&noUDP&sock=3366_5fdf_3>
...
006 (843648.000.000) 08/15 17:53:10 Image size of job updated: 21112
	21  -  MemoryUsage of job (MB)
	21112  -  ResidentSetSize of job (KB)
...
005 (843648.000.000) 08/15 17:54:10 Job terminated.
	(1) Normal termination (return value 1)
		Usr 0 00:00:19, Sys 0 00:00:01  -  Run Remote Usage
		Usr 0 00:00:00, Sys 0 00:00:00  -  Run Local Usage
		Usr 0 00:00:19, Sys 0 00:00:01  -  Total Remote Usage
		Usr 0 00:00:00, Sys 0 00:00:00  -  Total Local Usage
	1437  -  Run Bytes Sent By Job
	393  -  Run Bytes Received By Job
	1437  -  Total Bytes Sent By Job
	393  -  Total Bytes Received By Job
	Partitionable Resources :    Usage  Request Allocated 
	   Cpus                 :     0.68        1         1 
	   Disk (KB)            :   803           1 479779449 
	   Memory (MB)          :    21        7900      8033 
...
000 (846914.000.000) 08/16 03:54:44 Job submitted from host: <172.20.3.187:9618?addrs=172.20.3.187-9618&noUDP&sock=2043_e813_3>
...
001 (846914.000.000) 08/16 06:13:11 Job executing on host: <172.20.225.2:9618?addrs=172.20.225.2-9618&noUDP&sock=3424_285d_3>
...
006 (846914.000.000) 08/16 06:13:19 Image size of job updated: 21104
	21  -  MemoryUsage of job (MB)
	21104  -  ResidentSetSize of job (KB)
...
006 (846914.000.000) 08/16 06:18:20 Image size of job updated: 5009532
	4893  -  MemoryUsage of job (MB)
	5009532  -  ResidentSetSize of job (KB)
...
006 (846914.000.000) 08/16 06:23:21 Image size of job updated: 5965704
	5826  -  MemoryUsage of job (MB)
	5965704  -  ResidentSetSize of job (KB)
...
006 (846914.000.000) 08/16 06:28:21 Image size of job updated: 5967096
	5828  -  MemoryUsage of job (MB)
	5967096  -  ResidentSetSize of job (KB)
...
006 (846914.000.000) 08/16 06:33:21 Image size of job updated: 6778972
	6619  -  MemoryUsage of job (MB)
	6777320  -  ResidentSetSize of job (KB)
...
006 (846914.000.000) 08/16 06:33:46 Image size of job updated: 6850132
	6619  -  MemoryUsage of job (MB)
	6777320  -  ResidentSetSize of job (KB)
...
005 (846914.000.000) 08/16 06:33:46 Job terminated.
	(1) Normal termination (return value 0)
		Usr 0 00:22:46, Sys 0 00:00:34  -  Run Remote Usage
		Usr 0 00:00:00, Sys 0 00:00:00  -  Run Local Usage
		Usr 0 00:22:46, Sys 0 00:00:34  -  Total Remote Usage
		Usr 0 00:00:00, Sys 0 00:00:00  -  Total Local Usage
	1218  -  Run Bytes Sent By Job
	393  -  Run Bytes Received By Job
	1218  -  Total Bytes Sent By Job
	393  -  Total Bytes Received By Job
	Partitionable Resources :    Usage  Request Allocated 
	   Cpus                 :     0.98        1         1 
	   Disk (KB)            :   802           1 479786084 
	   Memory (MB)          :  6619        7900      8033 
...
