000 (843953.000.000) 08/15 13:29:40 Job submitted from host: <172.20.3.187:9618?addrs=172.20.3.187-9618&noUDP&sock=2043_e813_3>
...
001 (843953.000.000) 08/15 17:56:27 Job executing on host: <172.20.225.1:9618?addrs=172.20.225.1-9618&noUDP&sock=3382_5963_3>
...
006 (843953.000.000) 08/15 17:56:35 Image size of job updated: 21112
	21  -  MemoryUsage of job (MB)
	21112  -  ResidentSetSize of job (KB)
...
006 (843953.000.000) 08/15 18:01:36 Image size of job updated: 4996732
	4880  -  MemoryUsage of job (MB)
	4996732  -  ResidentSetSize of job (KB)
...
006 (843953.000.000) 08/15 18:06:36 Image size of job updated: 5952888
	5814  -  MemoryUsage of job (MB)
	5952888  -  ResidentSetSize of job (KB)
...
006 (843953.000.000) 08/15 18:11:37 Image size of job updated: 5954276
	5815  -  MemoryUsage of job (MB)
	5954276  -  ResidentSetSize of job (KB)
...
006 (843953.000.000) 08/15 18:16:37 Image size of job updated: 6353964
	6205  -  MemoryUsage of job (MB)
	6353216  -  ResidentSetSize of job (KB)
...
005 (843953.000.000) 08/15 18:19:18 Job terminated.
	(1) Normal termination (return value 0)
		Usr 0 00:23:08, Sys 0 00:00:33  -  Run Remote Usage
		Usr 0 00:00:00, Sys 0 00:00:00  -  Run Local Usage
		Usr 0 00:23:08, Sys 0 00:00:33  -  Total Remote Usage
		Usr 0 00:00:00, Sys 0 00:00:00  -  Total Local Usage
	1219  -  Run Bytes Sent By Job
	396  -  Run Bytes Received By Job
	1219  -  Total Bytes Sent By Job
	396  -  Total Bytes Received By Job
	Partitionable Resources :    Usage  Request Allocated 
	   Cpus                 :     0.76        1         1 
	   Disk (KB)            :   803           1 479786105 
	   Memory (MB)          :  6205        7900      8033 
...
