000 (842975.000.000) 08/15 13:28:35 Job submitted from host: <172.20.3.187:9618?addrs=172.20.3.187-9618&noUDP&sock=2043_e813_3>
...
001 (842975.000.000) 08/15 17:03:02 Job executing on host: <172.20.225.4:9618?addrs=172.20.225.4-9618&noUDP&sock=3366_5fdf_3>
...
006 (842975.000.000) 08/15 17:03:11 Image size of job updated: 21116
	21  -  MemoryUsage of job (MB)
	21116  -  ResidentSetSize of job (KB)
...
006 (842975.000.000) 08/15 17:08:12 Image size of job updated: 5245612
	5123  -  MemoryUsage of job (MB)
	5245612  -  ResidentSetSize of job (KB)
...
006 (842975.000.000) 08/15 17:13:12 Image size of job updated: 5245716
	5123  -  MemoryUsage of job (MB)
	5245716  -  ResidentSetSize of job (KB)
...
006 (842975.000.000) 08/15 17:18:13 Image size of job updated: 6202104
	6057  -  MemoryUsage of job (MB)
	6202104  -  ResidentSetSize of job (KB)
...
006 (842975.000.000) 08/15 17:23:14 Image size of job updated: 6618480
	6463  -  MemoryUsage of job (MB)
	6618048  -  ResidentSetSize of job (KB)
...
006 (842975.000.000) 08/15 17:26:40 Image size of job updated: 9733844
	6463  -  MemoryUsage of job (MB)
	6618048  -  ResidentSetSize of job (KB)
...
005 (842975.000.000) 08/15 17:26:40 Job terminated.
	(1) Normal termination (return value 0)
		Usr 0 00:23:27, Sys 0 00:00:33  -  Run Remote Usage
		Usr 0 00:00:00, Sys 0 00:00:00  -  Run Local Usage
		Usr 0 00:23:27, Sys 0 00:00:33  -  Total Remote Usage
		Usr 0 00:00:00, Sys 0 00:00:00  -  Total Local Usage
	1229  -  Run Bytes Sent By Job
	404  -  Run Bytes Received By Job
	1229  -  Total Bytes Sent By Job
	404  -  Total Bytes Received By Job
	Partitionable Resources :    Usage  Request Allocated 
	   Cpus                 :     0.68        1         1 
	   Disk (KB)            :   802           1 479779449 
	   Memory (MB)          :  6463        7900      8033 
...
