000 (837567.000.000) 08/15 12:24:15 Job submitted from host: <172.20.3.187:9618?addrs=172.20.3.187-9618&noUDP&sock=2043_e813_3>
...
001 (837567.000.000) 08/15 12:31:56 Job executing on host: <172.20.225.5:9618?addrs=172.20.225.5-9618&noUDP&sock=3375_8c39_3>
...
006 (837567.000.000) 08/15 12:32:05 Image size of job updated: 20804
	21  -  MemoryUsage of job (MB)
	20804  -  ResidentSetSize of job (KB)
...
005 (837567.000.000) 08/15 12:32:36 Job terminated.
	(1) Normal termination (return value 1)
		Usr 0 00:00:18, Sys 0 00:00:02  -  Run Remote Usage
		Usr 0 00:00:00, Sys 0 00:00:00  -  Run Local Usage
		Usr 0 00:00:18, Sys 0 00:00:02  -  Total Remote Usage
		Usr 0 00:00:00, Sys 0 00:00:00  -  Total Local Usage
	1435  -  Run Bytes Sent By Job
	394  -  Run Bytes Received By Job
	1435  -  Total Bytes Sent By Job
	394  -  Total Bytes Received By Job
	Partitionable Resources :    Usage  Request Allocated 
	   Cpus                 :                 1         1 
	   Disk (KB)            :      797        1 479749220 
	   Memory (MB)          :       21     7900      8033 
...
000 (838866.000.000) 08/15 13:24:09 Job submitted from host: <172.20.3.187:9618?addrs=172.20.3.187-9618&noUDP&sock=2043_e813_3>
...
001 (838866.000.000) 08/15 13:34:59 Job executing on host: <172.20.225.6:9618?addrs=172.20.225.6-9618&noUDP&sock=3382_5963_3>
...
006 (838866.000.000) 08/15 13:35:08 Image size of job updated: 20788
	21  -  MemoryUsage of job (MB)
	20788  -  ResidentSetSize of job (KB)
...
006 (838866.000.000) 08/15 13:35:28 Image size of job updated: 4269116
	21  -  MemoryUsage of job (MB)
	20788  -  ResidentSetSize of job (KB)
...
005 (838866.000.000) 08/15 13:35:28 Job terminated.
	(1) Normal termination (return value 1)
		Usr 0 00:00:12, Sys 0 00:00:02  -  Run Remote Usage
		Usr 0 00:00:00, Sys 0 00:00:00  -  Run Local Usage
		Usr 0 00:00:12, Sys 0 00:00:02  -  Total Remote Usage
		Usr 0 00:00:00, Sys 0 00:00:00  -  Total Local Usage
	1435  -  Run Bytes Sent By Job
	394  -  Run Bytes Received By Job
	1435  -  Total Bytes Sent By Job
	394  -  Total Bytes Received By Job
	Partitionable Resources :    Usage  Request Allocated 
	   Cpus                 :        0        1         1 
	   Disk (KB)            :      802        1 479749220 
	   Memory (MB)          :       21     7900      8033 
...
000 (845068.000.000) 08/16 03:52:26 Job submitted from host: <172.20.3.187:9618?addrs=172.20.3.187-9618&noUDP&sock=2043_e813_3>
...
001 (845068.000.000) 08/16 03:52:52 Job executing on host: <172.20.225.4:9618?addrs=172.20.225.4-9618&noUDP&sock=3366_5fdf_3>
...
006 (845068.000.000) 08/16 03:53:01 Image size of job updated: 20792
	21  -  MemoryUsage of job (MB)
	20792  -  ResidentSetSize of job (KB)
...
006 (845068.000.000) 08/16 03:58:01 Image size of job updated: 5079456
	4960  -  MemoryUsage of job (MB)
	5078836  -  ResidentSetSize of job (KB)
...
006 (845068.000.000) 08/16 04:03:01 Image size of job updated: 5079556
	4960  -  MemoryUsage of job (MB)
	5078936  -  ResidentSetSize of job (KB)
...
006 (845068.000.000) 08/16 04:08:02 Image size of job updated: 6035912
	5894  -  MemoryUsage of job (MB)
	6035292  -  ResidentSetSize of job (KB)
...
006 (845068.000.000) 08/16 04:13:02 Image size of job updated: 6041092
	5900  -  MemoryUsage of job (MB)
	6041092  -  ResidentSetSize of job (KB)
...
005 (845068.000.000) 08/16 04:16:40 Job terminated.
	(1) Normal termination (return value 0)
		Usr 0 00:22:40, Sys 0 00:00:27  -  Run Remote Usage
		Usr 0 00:00:00, Sys 0 00:00:00  -  Run Local Usage
		Usr 0 00:22:40, Sys 0 00:00:27  -  Total Remote Usage
		Usr 0 00:00:00, Sys 0 00:00:00  -  Total Local Usage
	1217  -  Run Bytes Sent By Job
	394  -  Run Bytes Received By Job
	1217  -  Total Bytes Sent By Job
	394  -  Total Bytes Received By Job
	Partitionable Resources :    Usage  Request Allocated 
	   Cpus                 :     0.91        1         1 
	   Disk (KB)            :   802           1 479779449 
	   Memory (MB)          :  5900        7900      8033 
...
