000 (838141.000.000) 08/15 12:24:54 Job submitted from host: <172.20.3.187:9618?addrs=172.20.3.187-9618&noUDP&sock=2043_e813_3>
...
001 (838141.000.000) 08/15 12:38:55 Job executing on host: <172.20.225.1:9618?addrs=172.20.225.1-9618&noUDP&sock=3382_5963_3>
...
006 (838141.000.000) 08/15 12:39:04 Image size of job updated: 21120
	21  -  MemoryUsage of job (MB)
	21120  -  ResidentSetSize of job (KB)
...
006 (838141.000.000) 08/15 12:44:06 Image size of job updated: 17838092
	17420  -  MemoryUsage of job (MB)
	17837996  -  ResidentSetSize of job (KB)
...
005 (838141.000.000) 08/15 12:46:23 Job terminated.
	(1) Normal termination (return value 137)
		Usr 0 00:06:26, Sys 0 00:01:45  -  Run Remote Usage
		Usr 0 00:00:00, Sys 0 00:00:00  -  Run Local Usage
		Usr 0 00:06:26, Sys 0 00:01:45  -  Total Remote Usage
		Usr 0 00:00:00, Sys 0 00:00:00  -  Total Local Usage
	1393  -  Run Bytes Sent By Job
	406  -  Run Bytes Received By Job
	1393  -  Total Bytes Sent By Job
	406  -  Total Bytes Received By Job
	Partitionable Resources :    Usage  Request Allocated 
	   Cpus                 :     0.46        1         1 
	   Disk (KB)            :   803           1 479786105 
	   Memory (MB)          : 17420        7900      8033 
...
000 (841573.000.000) 08/15 13:27:04 Job submitted from host: <172.20.3.187:9618?addrs=172.20.3.187-9618&noUDP&sock=2043_e813_3>
...
001 (841573.000.000) 08/15 15:25:00 Job executing on host: <172.20.225.4:9618?addrs=172.20.225.4-9618&noUDP&sock=3366_5fdf_3>
...
006 (841573.000.000) 08/15 15:25:10 Image size of job updated: 21128
	21  -  MemoryUsage of job (MB)
	21128  -  ResidentSetSize of job (KB)
...
006 (841573.000.000) 08/15 15:30:10 Image size of job updated: 5035800
	4918  -  MemoryUsage of job (MB)
	5035800  -  ResidentSetSize of job (KB)
...
006 (841573.000.000) 08/15 15:35:11 Image size of job updated: 5035900
	4918  -  MemoryUsage of job (MB)
	5035900  -  ResidentSetSize of job (KB)
...
006 (841573.000.000) 08/15 15:40:11 Image size of job updated: 5992276
	5852  -  MemoryUsage of job (MB)
	5992276  -  ResidentSetSize of job (KB)
...
006 (841573.000.000) 08/15 15:45:12 Image size of job updated: 6398980
	6248  -  MemoryUsage of job (MB)
	6397056  -  ResidentSetSize of job (KB)
...
005 (841573.000.000) 08/15 15:46:38 Job terminated.
	(1) Normal termination (return value 0)
		Usr 0 00:22:10, Sys 0 00:00:29  -  Run Remote Usage
		Usr 0 00:00:00, Sys 0 00:00:00  -  Run Local Usage
		Usr 0 00:22:10, Sys 0 00:00:29  -  Total Remote Usage
		Usr 0 00:00:00, Sys 0 00:00:00  -  Total Local Usage
	1229  -  Run Bytes Sent By Job
	406  -  Run Bytes Received By Job
	1229  -  Total Bytes Sent By Job
	406  -  Total Bytes Received By Job
	Partitionable Resources :    Usage  Request Allocated 
	   Cpus                 :     0.63        1         1 
	   Disk (KB)            :   802           1 479779449 
	   Memory (MB)          :  6248        7900      8033 
...
