000 (843616.000.000) 08/15 13:29:17 Job submitted from host: <172.20.3.187:9618?addrs=172.20.3.187-9618&noUDP&sock=2043_e813_3>
...
001 (843616.000.000) 08/15 17:52:18 Job executing on host: <172.20.225.2:9618?addrs=172.20.225.2-9618&noUDP&sock=3424_285d_3>
...
006 (843616.000.000) 08/15 17:52:27 Image size of job updated: 21104
	21  -  MemoryUsage of job (MB)
	21104  -  ResidentSetSize of job (KB)
...
005 (843616.000.000) 08/15 17:53:31 Job terminated.
	(1) Normal termination (return value 1)
		Usr 0 00:00:17, Sys 0 00:00:01  -  Run Remote Usage
		Usr 0 00:00:00, Sys 0 00:00:00  -  Run Local Usage
		Usr 0 00:00:17, Sys 0 00:00:01  -  Total Remote Usage
		Usr 0 00:00:00, Sys 0 00:00:00  -  Total Local Usage
	1437  -  Run Bytes Sent By Job
	393  -  Run Bytes Received By Job
	1437  -  Total Bytes Sent By Job
	393  -  Total Bytes Received By Job
	Partitionable Resources :    Usage  Request Allocated 
	   Cpus                 :     0.52        1         1 
	   Disk (KB)            :   803           1 479786084 
	   Memory (MB)          :    21        7900      8033 
...
000 (846882.000.000) 08/16 03:54:42 Job submitted from host: <172.20.3.187:9618?addrs=172.20.3.187-9618&noUDP&sock=2043_e813_3>
...
001 (846882.000.000) 08/16 06:09:10 Job executing on host: <172.20.225.8:9618?addrs=172.20.225.8-9618&noUDP&sock=3440_21e1_3>
...
006 (846882.000.000) 08/16 06:09:19 Image size of job updated: 21116
	21  -  MemoryUsage of job (MB)
	21116  -  ResidentSetSize of job (KB)
...
006 (846882.000.000) 08/16 06:14:21 Image size of job updated: 5009956
	4893  -  MemoryUsage of job (MB)
	5009956  -  ResidentSetSize of job (KB)
...
006 (846882.000.000) 08/16 06:19:22 Image size of job updated: 5966128
	5827  -  MemoryUsage of job (MB)
	5966128  -  ResidentSetSize of job (KB)
...
006 (846882.000.000) 08/16 06:24:23 Image size of job updated: 5967532
	5828  -  MemoryUsage of job (MB)
	5967532  -  ResidentSetSize of job (KB)
...
006 (846882.000.000) 08/16 06:29:23 Image size of job updated: 7323000
	7151  -  MemoryUsage of job (MB)
	7322532  -  ResidentSetSize of job (KB)
...
006 (846882.000.000) 08/16 06:30:01 Image size of job updated: 7396612
	7151  -  MemoryUsage of job (MB)
	7322532  -  ResidentSetSize of job (KB)
...
005 (846882.000.000) 08/16 06:30:01 Job terminated.
	(1) Normal termination (return value 0)
		Usr 0 00:22:37, Sys 0 00:00:29  -  Run Remote Usage
		Usr 0 00:00:00, Sys 0 00:00:00  -  Run Local Usage
		Usr 0 00:22:37, Sys 0 00:00:29  -  Total Remote Usage
		Usr 0 00:00:00, Sys 0 00:00:00  -  Total Local Usage
	1218  -  Run Bytes Sent By Job
	393  -  Run Bytes Received By Job
	1218  -  Total Bytes Sent By Job
	393  -  Total Bytes Received By Job
	Partitionable Resources :    Usage  Request Allocated 
	   Cpus                 :     0.54        1         1 
	   Disk (KB)            :   802           1 479737977 
	   Memory (MB)          :  7151        7900      8033 
...
