000 (844684.000.000) 08/15 13:30:28 Job submitted from host: <172.20.3.187:9618?addrs=172.20.3.187-9618&noUDP&sock=2043_e813_3>
...
001 (844684.000.000) 08/15 18:48:00 Job executing on host: <172.20.225.1:9618?addrs=172.20.225.1-9618&noUDP&sock=3382_5963_3>
...
006 (844684.000.000) 08/15 18:48:09 Image size of job updated: 21120
	21  -  MemoryUsage of job (MB)
	21120  -  ResidentSetSize of job (KB)
...
006 (844684.000.000) 08/15 18:53:10 Image size of job updated: 5302292
	5179  -  MemoryUsage of job (MB)
	5302292  -  ResidentSetSize of job (KB)
...
006 (844684.000.000) 08/15 18:58:11 Image size of job updated: 5302424
	5179  -  MemoryUsage of job (MB)
	5302424  -  ResidentSetSize of job (KB)
...
006 (844684.000.000) 08/15 19:03:12 Image size of job updated: 6258620
	6112  -  MemoryUsage of job (MB)
	6258620  -  ResidentSetSize of job (KB)
...
006 (844684.000.000) 08/15 19:08:13 Image size of job updated: 6289224
	6142  -  MemoryUsage of job (MB)
	6289224  -  ResidentSetSize of job (KB)
...
006 (844684.000.000) 08/15 19:11:18 Image size of job updated: 6679568
	6145  -  MemoryUsage of job (MB)
	6291808  -  ResidentSetSize of job (KB)
...
005 (844684.000.000) 08/15 19:11:18 Job terminated.
	(1) Normal termination (return value 0)
		Usr 0 00:23:04, Sys 0 00:00:28  -  Run Remote Usage
		Usr 0 00:00:00, Sys 0 00:00:00  -  Run Local Usage
		Usr 0 00:23:04, Sys 0 00:00:28  -  Total Remote Usage
		Usr 0 00:00:00, Sys 0 00:00:00  -  Total Local Usage
	1229  -  Run Bytes Sent By Job
	404  -  Run Bytes Received By Job
	1229  -  Total Bytes Sent By Job
	404  -  Total Bytes Received By Job
	Partitionable Resources :    Usage  Request Allocated 
	   Cpus                 :     0.62        1         1 
	   Disk (KB)            :   802           1 479786105 
	   Memory (MB)          :  6145        7900      8033 
...
