000 (838731.000.000) 08/15 12:25:33 Job submitted from host: <172.20.3.187:9618?addrs=172.20.3.187-9618&noUDP&sock=2043_e813_3>
...
001 (838731.000.000) 08/15 12:50:23 Job executing on host: <172.20.225.8:9618?addrs=172.20.225.8-9618&noUDP&sock=3440_21e1_3>
...
006 (838731.000.000) 08/15 12:50:32 Image size of job updated: 21124
	21  -  MemoryUsage of job (MB)
	21124  -  ResidentSetSize of job (KB)
...
006 (838731.000.000) 08/15 12:55:33 Image size of job updated: 18474076
	18041  -  MemoryUsage of job (MB)
	18473824  -  ResidentSetSize of job (KB)
...
006 (838731.000.000) 08/15 13:00:35 Image size of job updated: 19109168
	18662  -  MemoryUsage of job (MB)
	19109136  -  ResidentSetSize of job (KB)
...
006 (838731.000.000) 08/15 13:05:35 Image size of job updated: 23733220
	23177  -  MemoryUsage of job (MB)
	23732888  -  ResidentSetSize of job (KB)
...
006 (838731.000.000) 08/15 13:10:36 Image size of job updated: 23733328
	23177  -  MemoryUsage of job (MB)
	23732976  -  ResidentSetSize of job (KB)
...
006 (838731.000.000) 08/15 13:15:36 Image size of job updated: 23921888
	23361  -  MemoryUsage of job (MB)
	23921480  -  ResidentSetSize of job (KB)
...
006 (838731.000.000) 08/15 13:17:51 Image size of job updated: 23968200
	23406  -  MemoryUsage of job (MB)
	23967744  -  ResidentSetSize of job (KB)
...
004 (838731.000.000) 08/15 13:17:51 Job was evicted.
	(0) Job was not checkpointed.
		Usr 0 00:38:47, Sys 0 00:02:23  -  Run Remote Usage
		Usr 0 00:00:00, Sys 0 00:00:00  -  Run Local Usage
	0  -  Run Bytes Sent By Job
	403  -  Run Bytes Received By Job
	Partitionable Resources :    Usage  Request Allocated 
	   Cpus                 :     1.54        1         1 
	   Disk (KB)            :   802           1 479737977 
	   Memory (MB)          : 23406        7900      8033 
...
009 (838731.000.000) 08/15 13:17:51 Job was aborted by the user.
	via condor_rm (by user mstamenk)
...
000 (844297.000.000) 08/15 13:30:02 Job submitted from host: <172.20.3.187:9618?addrs=172.20.3.187-9618&noUDP&sock=2043_e813_3>
...
001 (844297.000.000) 08/15 18:21:02 Job executing on host: <172.20.225.5:9618?addrs=172.20.225.5-9618&noUDP&sock=3375_8c39_3>
...
006 (844297.000.000) 08/15 18:21:12 Image size of job updated: 21120
	21  -  MemoryUsage of job (MB)
	21120  -  ResidentSetSize of job (KB)
...
006 (844297.000.000) 08/15 18:26:12 Image size of job updated: 5302816
	5179  -  MemoryUsage of job (MB)
	5302816  -  ResidentSetSize of job (KB)
...
006 (844297.000.000) 08/15 18:31:13 Image size of job updated: 5302916
	5179  -  MemoryUsage of job (MB)
	5302916  -  ResidentSetSize of job (KB)
...
006 (844297.000.000) 08/15 18:36:13 Image size of job updated: 6259284
	6113  -  MemoryUsage of job (MB)
	6259284  -  ResidentSetSize of job (KB)
...
006 (844297.000.000) 08/15 18:41:14 Image size of job updated: 6361464
	6213  -  MemoryUsage of job (MB)
	6361464  -  ResidentSetSize of job (KB)
...
006 (844297.000.000) 08/15 18:45:28 Image size of job updated: 6361464
	6213  -  MemoryUsage of job (MB)
	6361492  -  ResidentSetSize of job (KB)
...
005 (844297.000.000) 08/15 18:45:28 Job terminated.
	(1) Normal termination (return value 0)
		Usr 0 00:23:18, Sys 0 00:00:31  -  Run Remote Usage
		Usr 0 00:00:00, Sys 0 00:00:00  -  Run Local Usage
		Usr 0 00:23:18, Sys 0 00:00:31  -  Total Remote Usage
		Usr 0 00:00:00, Sys 0 00:00:00  -  Total Local Usage
	1226  -  Run Bytes Sent By Job
	403  -  Run Bytes Received By Job
	1226  -  Total Bytes Sent By Job
	403  -  Total Bytes Received By Job
	Partitionable Resources :    Usage  Request Allocated 
	   Cpus                 :     0.74        1         1 
	   Disk (KB)            :   802           1 479749220 
	   Memory (MB)          :  6213        7900      8033 
...
