000 (841783.000.000) 08/15 13:27:18 Job submitted from host: <172.20.3.187:9618?addrs=172.20.3.187-9618&noUDP&sock=2043_e813_3>
...
001 (841783.000.000) 08/15 15:43:03 Job executing on host: <172.20.225.6:9618?addrs=172.20.225.6-9618&noUDP&sock=3382_5963_3>
...
006 (841783.000.000) 08/15 15:43:11 Image size of job updated: 21128
	21  -  MemoryUsage of job (MB)
	21128  -  ResidentSetSize of job (KB)
...
006 (841783.000.000) 08/15 15:48:11 Image size of job updated: 5036164
	4919  -  MemoryUsage of job (MB)
	5036164  -  ResidentSetSize of job (KB)
...
006 (841783.000.000) 08/15 15:53:12 Image size of job updated: 5036260
	4919  -  MemoryUsage of job (MB)
	5036260  -  ResidentSetSize of job (KB)
...
006 (841783.000.000) 08/15 15:58:11 Image size of job updated: 5992628
	5853  -  MemoryUsage of job (MB)
	5992628  -  ResidentSetSize of job (KB)
...
006 (841783.000.000) 08/15 16:03:11 Image size of job updated: 6126896
	5984  -  MemoryUsage of job (MB)
	6126792  -  ResidentSetSize of job (KB)
...
006 (841783.000.000) 08/15 16:05:41 Image size of job updated: 6367760
	5984  -  MemoryUsage of job (MB)
	6126844  -  ResidentSetSize of job (KB)
...
005 (841783.000.000) 08/15 16:05:41 Job terminated.
	(1) Normal termination (return value 0)
		Usr 0 00:22:34, Sys 0 00:00:32  -  Run Remote Usage
		Usr 0 00:00:00, Sys 0 00:00:00  -  Run Local Usage
		Usr 0 00:22:34, Sys 0 00:00:32  -  Total Remote Usage
		Usr 0 00:00:00, Sys 0 00:00:00  -  Total Local Usage
	1232  -  Run Bytes Sent By Job
	407  -  Run Bytes Received By Job
	1232  -  Total Bytes Sent By Job
	407  -  Total Bytes Received By Job
	Partitionable Resources :    Usage  Request Allocated 
	   Cpus                 :     0.67        1         1 
	   Disk (KB)            :   802           1 479749220 
	   Memory (MB)          :  5984        7900      8033 
...
