000 (840386.000.000) 08/15 13:25:47 Job submitted from host: <172.20.3.187:9618?addrs=172.20.3.187-9618&noUDP&sock=2043_e813_3>
...
001 (840386.000.000) 08/15 14:35:58 Job executing on host: <172.20.225.5:9618?addrs=172.20.225.5-9618&noUDP&sock=3375_8c39_3>
...
006 (840386.000.000) 08/15 14:36:06 Image size of job updated: 21116
	21  -  MemoryUsage of job (MB)
	21116  -  ResidentSetSize of job (KB)
...
006 (840386.000.000) 08/15 14:41:07 Image size of job updated: 5055680
	4938  -  MemoryUsage of job (MB)
	5055680  -  ResidentSetSize of job (KB)
...
006 (840386.000.000) 08/15 14:46:07 Image size of job updated: 6011852
	5871  -  MemoryUsage of job (MB)
	6011852  -  ResidentSetSize of job (KB)
...
006 (840386.000.000) 08/15 14:51:07 Image size of job updated: 6118640
	5974  -  MemoryUsage of job (MB)
	6116596  -  ResidentSetSize of job (KB)
...
006 (840386.000.000) 08/15 14:53:14 Image size of job updated: 6118640
	5974  -  MemoryUsage of job (MB)
	6116628  -  ResidentSetSize of job (KB)
...
005 (840386.000.000) 08/15 14:53:14 Job terminated.
	(1) Normal termination (return value 0)
		Usr 0 00:23:47, Sys 0 00:00:29  -  Run Remote Usage
		Usr 0 00:00:00, Sys 0 00:00:00  -  Run Local Usage
		Usr 0 00:23:47, Sys 0 00:00:29  -  Total Remote Usage
		Usr 0 00:00:00, Sys 0 00:00:00  -  Total Local Usage
	1229  -  Run Bytes Sent By Job
	404  -  Run Bytes Received By Job
	1229  -  Total Bytes Sent By Job
	404  -  Total Bytes Received By Job
	Partitionable Resources :    Usage  Request Allocated 
	   Cpus                 :     0.91        1         1 
	   Disk (KB)            :   802           1 479749220 
	   Memory (MB)          :  5974        7900      8033 
...
