000 (840596.000.000) 08/15 13:26:00 Job submitted from host: <172.20.3.187:9618?addrs=172.20.3.187-9618&noUDP&sock=2043_e813_3>
...
001 (840596.000.000) 08/15 14:49:57 Job executing on host: <172.20.225.2:9618?addrs=172.20.225.2-9618&noUDP&sock=3424_285d_3>
...
006 (840596.000.000) 08/15 14:50:07 Image size of job updated: 21128
	21  -  MemoryUsage of job (MB)
	21128  -  ResidentSetSize of job (KB)
...
006 (840596.000.000) 08/15 14:51:00 Image size of job updated: 35344
	21  -  MemoryUsage of job (MB)
	21128  -  ResidentSetSize of job (KB)
...
005 (840596.000.000) 08/15 14:51:04 Job terminated.
	(1) Normal termination (return value 1)
		Usr 0 00:00:15, Sys 0 00:00:01  -  Run Remote Usage
		Usr 0 00:00:00, Sys 0 00:00:00  -  Run Local Usage
		Usr 0 00:00:15, Sys 0 00:00:01  -  Total Remote Usage
		Usr 0 00:00:00, Sys 0 00:00:00  -  Total Local Usage
	1437  -  Run Bytes Sent By Job
	398  -  Run Bytes Received By Job
	1437  -  Total Bytes Sent By Job
	398  -  Total Bytes Received By Job
	Partitionable Resources :    Usage  Request Allocated 
	   Cpus                 :        0        1         1 
	   Disk (KB)            :      803        1 479786084 
	   Memory (MB)          :       21     7900      8033 
...
000 (845914.000.000) 08/16 03:53:41 Job submitted from host: <172.20.3.187:9618?addrs=172.20.3.187-9618&noUDP&sock=2043_e813_3>
...
001 (845914.000.000) 08/16 04:43:10 Job executing on host: <172.20.225.5:9618?addrs=172.20.225.5-9618&noUDP&sock=3375_8c39_3>
...
006 (845914.000.000) 08/16 04:43:18 Image size of job updated: 21120
	21  -  MemoryUsage of job (MB)
	21120  -  ResidentSetSize of job (KB)
...
006 (845914.000.000) 08/16 04:48:18 Image size of job updated: 5035400
	4918  -  MemoryUsage of job (MB)
	5035400  -  ResidentSetSize of job (KB)
...
006 (845914.000.000) 08/16 04:53:19 Image size of job updated: 5035504
	4918  -  MemoryUsage of job (MB)
	5035504  -  ResidentSetSize of job (KB)
...
006 (845914.000.000) 08/16 04:58:20 Image size of job updated: 5991864
	5852  -  MemoryUsage of job (MB)
	5991864  -  ResidentSetSize of job (KB)
...
006 (845914.000.000) 08/16 05:03:20 Image size of job updated: 6096804
	5954  -  MemoryUsage of job (MB)
	6096788  -  ResidentSetSize of job (KB)
...
006 (845914.000.000) 08/16 05:05:44 Image size of job updated: 13763996
	5954  -  MemoryUsage of job (MB)
	6096884  -  ResidentSetSize of job (KB)
...
005 (845914.000.000) 08/16 05:05:44 Job terminated.
	(1) Normal termination (return value 0)
		Usr 0 00:22:01, Sys 0 00:00:27  -  Run Remote Usage
		Usr 0 00:00:00, Sys 0 00:00:00  -  Run Local Usage
		Usr 0 00:22:01, Sys 0 00:00:27  -  Total Remote Usage
		Usr 0 00:00:00, Sys 0 00:00:00  -  Total Local Usage
	1223  -  Run Bytes Sent By Job
	398  -  Run Bytes Received By Job
	1223  -  Total Bytes Sent By Job
	398  -  Total Bytes Received By Job
	Partitionable Resources :    Usage  Request Allocated 
	   Cpus                 :     0.77        1         1 
	   Disk (KB)            :   802           1 479749220 
	   Memory (MB)          :  5954        7900      8033 
...
