000 (843347.000.000) 08/15 13:29:00 Job submitted from host: <172.20.3.187:9618?addrs=172.20.3.187-9618&noUDP&sock=2043_e813_3>
...
001 (843347.000.000) 08/15 17:38:01 Job executing on host: <172.20.225.8:9618?addrs=172.20.225.8-9618&noUDP&sock=3440_21e1_3>
...
006 (843347.000.000) 08/15 17:38:10 Image size of job updated: 21112
	21  -  MemoryUsage of job (MB)
	21112  -  ResidentSetSize of job (KB)
...
006 (843347.000.000) 08/15 17:43:11 Image size of job updated: 1400356
	1368  -  MemoryUsage of job (MB)
	1400356  -  ResidentSetSize of job (KB)
...
006 (843347.000.000) 08/15 17:48:13 Image size of job updated: 1707040
	1668  -  MemoryUsage of job (MB)
	1707040  -  ResidentSetSize of job (KB)
...
006 (843347.000.000) 08/15 17:49:43 Image size of job updated: 2010940
	1668  -  MemoryUsage of job (MB)
	1707040  -  ResidentSetSize of job (KB)
...
005 (843347.000.000) 08/15 17:49:43 Job terminated.
	(1) Normal termination (return value 0)
		Usr 0 00:13:54, Sys 0 00:00:11  -  Run Remote Usage
		Usr 0 00:00:00, Sys 0 00:00:00  -  Run Local Usage
		Usr 0 00:13:54, Sys 0 00:00:11  -  Total Remote Usage
		Usr 0 00:00:00, Sys 0 00:00:00  -  Total Local Usage
	1219  -  Run Bytes Sent By Job
	397  -  Run Bytes Received By Job
	1219  -  Total Bytes Sent By Job
	397  -  Total Bytes Received By Job
	Partitionable Resources :    Usage  Request Allocated 
	   Cpus                 :     0.52        1         1 
	   Disk (KB)            :   802           1 479737977 
	   Memory (MB)          :  1668        7900      8033 
...
