000 (842498.000.000) 08/15 13:28:04 Job submitted from host: <172.20.3.187:9618?addrs=172.20.3.187-9618&noUDP&sock=2043_e813_3>
...
001 (842498.000.000) 08/15 16:23:03 Job executing on host: <172.20.225.8:9618?addrs=172.20.225.8-9618&noUDP&sock=3440_21e1_3>
...
006 (842498.000.000) 08/15 16:23:11 Image size of job updated: 21120
	21  -  MemoryUsage of job (MB)
	21120  -  ResidentSetSize of job (KB)
...
006 (842498.000.000) 08/15 16:28:11 Image size of job updated: 4983660
	4867  -  MemoryUsage of job (MB)
	4983660  -  ResidentSetSize of job (KB)
...
006 (842498.000.000) 08/15 16:33:12 Image size of job updated: 5939824
	5801  -  MemoryUsage of job (MB)
	5939824  -  ResidentSetSize of job (KB)
...
006 (842498.000.000) 08/15 16:38:13 Image size of job updated: 5941224
	5802  -  MemoryUsage of job (MB)
	5941224  -  ResidentSetSize of job (KB)
...
006 (842498.000.000) 08/15 16:43:13 Image size of job updated: 6429204
	6279  -  MemoryUsage of job (MB)
	6429036  -  ResidentSetSize of job (KB)
...
006 (842498.000.000) 08/15 16:45:41 Image size of job updated: 12883572
	6279  -  MemoryUsage of job (MB)
	6429036  -  ResidentSetSize of job (KB)
...
005 (842498.000.000) 08/15 16:45:41 Job terminated.
	(1) Normal termination (return value 0)
		Usr 0 00:23:15, Sys 0 00:00:32  -  Run Remote Usage
		Usr 0 00:00:00, Sys 0 00:00:00  -  Run Local Usage
		Usr 0 00:23:15, Sys 0 00:00:32  -  Total Remote Usage
		Usr 0 00:00:00, Sys 0 00:00:00  -  Total Local Usage
	1222  -  Run Bytes Sent By Job
	397  -  Run Bytes Received By Job
	1222  -  Total Bytes Sent By Job
	397  -  Total Bytes Received By Job
	Partitionable Resources :    Usage  Request Allocated 
	   Cpus                 :     0.66        1         1 
	   Disk (KB)            :   802           1 479737977 
	   Memory (MB)          :  6279        7900      8033 
...
