000 (838505.000.000) 08/15 12:25:18 Job submitted from host: <172.20.3.187:9618?addrs=172.20.3.187-9618&noUDP&sock=2043_e813_3>
...
001 (838505.000.000) 08/15 12:46:28 Job executing on host: <172.20.225.6:9618?addrs=172.20.225.6-9618&noUDP&sock=3382_5963_3>
...
006 (838505.000.000) 08/15 12:46:37 Image size of job updated: 21116
	21  -  MemoryUsage of job (MB)
	21116  -  ResidentSetSize of job (KB)
...
006 (838505.000.000) 08/15 12:50:01 Image size of job updated: 10933416
	21  -  MemoryUsage of job (MB)
	21116  -  ResidentSetSize of job (KB)
...
005 (838505.000.000) 08/15 12:50:02 Job terminated.
	(1) Normal termination (return value 1)
		Usr 0 00:01:55, Sys 0 00:00:14  -  Run Remote Usage
		Usr 0 00:00:00, Sys 0 00:00:00  -  Run Local Usage
		Usr 0 00:01:55, Sys 0 00:00:14  -  Total Remote Usage
		Usr 0 00:00:00, Sys 0 00:00:00  -  Total Local Usage
	2458  -  Run Bytes Sent By Job
	404  -  Run Bytes Received By Job
	2458  -  Total Bytes Sent By Job
	404  -  Total Bytes Received By Job
	Partitionable Resources :    Usage  Request Allocated 
	   Cpus                 :        0        1         1 
	   Disk (KB)            :      809        1 479749220 
	   Memory (MB)          :       21     7900      8033 
...
000 (843390.000.000) 08/15 13:29:03 Job submitted from host: <172.20.3.187:9618?addrs=172.20.3.187-9618&noUDP&sock=2043_e813_3>
...
001 (843390.000.000) 08/15 17:40:02 Job executing on host: <172.20.225.1:9618?addrs=172.20.225.1-9618&noUDP&sock=3382_5963_3>
...
006 (843390.000.000) 08/15 17:40:10 Image size of job updated: 21124
	21  -  MemoryUsage of job (MB)
	21124  -  ResidentSetSize of job (KB)
...
006 (843390.000.000) 08/15 17:45:10 Image size of job updated: 4931352
	4816  -  MemoryUsage of job (MB)
	4931352  -  ResidentSetSize of job (KB)
...
006 (843390.000.000) 08/15 17:50:11 Image size of job updated: 5887520
	5750  -  MemoryUsage of job (MB)
	5887520  -  ResidentSetSize of job (KB)
...
006 (843390.000.000) 08/15 17:55:11 Image size of job updated: 5894588
	5757  -  MemoryUsage of job (MB)
	5894588  -  ResidentSetSize of job (KB)
...
005 (843390.000.000) 08/15 17:59:58 Job terminated.
	(1) Normal termination (return value 0)
		Usr 0 00:24:20, Sys 0 00:00:30  -  Run Remote Usage
		Usr 0 00:00:00, Sys 0 00:00:00  -  Run Local Usage
		Usr 0 00:24:20, Sys 0 00:00:30  -  Total Remote Usage
		Usr 0 00:00:00, Sys 0 00:00:00  -  Total Local Usage
	1224  -  Run Bytes Sent By Job
	404  -  Run Bytes Received By Job
	1224  -  Total Bytes Sent By Job
	404  -  Total Bytes Received By Job
	Partitionable Resources :    Usage  Request Allocated 
	   Cpus                 :     0.64        1         1 
	   Disk (KB)            :   802           1 479786105 
	   Memory (MB)          :  5757        7900      8033 
...
