000 (838172.000.000) 08/15 12:24:56 Job submitted from host: <172.20.3.187:9618?addrs=172.20.3.187-9618&noUDP&sock=2043_e813_3>
...
001 (838172.000.000) 08/15 12:39:16 Job executing on host: <172.20.225.5:9618?addrs=172.20.225.5-9618&noUDP&sock=3375_8c39_3>
...
006 (838172.000.000) 08/15 12:39:24 Image size of job updated: 21120
	21  -  MemoryUsage of job (MB)
	21120  -  ResidentSetSize of job (KB)
...
006 (838172.000.000) 08/15 12:43:41 Image size of job updated: 6614256
	21  -  MemoryUsage of job (MB)
	21120  -  ResidentSetSize of job (KB)
...
005 (838172.000.000) 08/15 12:43:41 Job terminated.
	(1) Normal termination (return value 1)
		Usr 0 00:02:11, Sys 0 00:00:13  -  Run Remote Usage
		Usr 0 00:00:00, Sys 0 00:00:00  -  Run Local Usage
		Usr 0 00:02:11, Sys 0 00:00:13  -  Total Remote Usage
		Usr 0 00:00:00, Sys 0 00:00:00  -  Total Local Usage
	2649  -  Run Bytes Sent By Job
	406  -  Run Bytes Received By Job
	2649  -  Total Bytes Sent By Job
	406  -  Total Bytes Received By Job
	Partitionable Resources :    Usage  Request Allocated 
	   Cpus                 :     0.23        1         1 
	   Disk (KB)            :   804           1 479749220 
	   Memory (MB)          :    21        7900      8033 
...
000 (841604.000.000) 08/15 13:27:06 Job submitted from host: <172.20.3.187:9618?addrs=172.20.3.187-9618&noUDP&sock=2043_e813_3>
...
001 (841604.000.000) 08/15 15:26:02 Job executing on host: <172.20.225.8:9618?addrs=172.20.225.8-9618&noUDP&sock=3440_21e1_3>
...
006 (841604.000.000) 08/15 15:26:10 Image size of job updated: 21116
	21  -  MemoryUsage of job (MB)
	21116  -  ResidentSetSize of job (KB)
...
006 (841604.000.000) 08/15 15:31:10 Image size of job updated: 5035644
	4918  -  MemoryUsage of job (MB)
	5035644  -  ResidentSetSize of job (KB)
...
006 (841604.000.000) 08/15 15:36:11 Image size of job updated: 5035748
	4918  -  MemoryUsage of job (MB)
	5035748  -  ResidentSetSize of job (KB)
...
006 (841604.000.000) 08/15 15:41:11 Image size of job updated: 5992128
	5852  -  MemoryUsage of job (MB)
	5992128  -  ResidentSetSize of job (KB)
...
006 (841604.000.000) 08/15 15:46:12 Image size of job updated: 6398248
	6247  -  MemoryUsage of job (MB)
	6396812  -  ResidentSetSize of job (KB)
...
005 (841604.000.000) 08/15 15:47:45 Job terminated.
	(1) Normal termination (return value 0)
		Usr 0 00:22:30, Sys 0 00:00:28  -  Run Remote Usage
		Usr 0 00:00:00, Sys 0 00:00:00  -  Run Local Usage
		Usr 0 00:22:30, Sys 0 00:00:28  -  Total Remote Usage
		Usr 0 00:00:00, Sys 0 00:00:00  -  Total Local Usage
	1229  -  Run Bytes Sent By Job
	406  -  Run Bytes Received By Job
	1229  -  Total Bytes Sent By Job
	406  -  Total Bytes Received By Job
	Partitionable Resources :    Usage  Request Allocated 
	   Cpus                 :     0.46        1         1 
	   Disk (KB)            :   802           1 479737977 
	   Memory (MB)          :  6247        7900      8033 
...
