000 (840260.000.000) 08/15 13:25:39 Job submitted from host: <172.20.3.187:9618?addrs=172.20.3.187-9618&noUDP&sock=2043_e813_3>
...
001 (840260.000.000) 08/15 14:25:57 Job executing on host: <172.20.225.8:9618?addrs=172.20.225.8-9618&noUDP&sock=3440_21e1_3>
...
006 (840260.000.000) 08/15 14:26:06 Image size of job updated: 20804
	21  -  MemoryUsage of job (MB)
	20804  -  ResidentSetSize of job (KB)
...
006 (840260.000.000) 08/15 14:31:07 Image size of job updated: 5055640
	4938  -  MemoryUsage of job (MB)
	5055640  -  ResidentSetSize of job (KB)
...
006 (840260.000.000) 08/15 14:36:08 Image size of job updated: 5055740
	4938  -  MemoryUsage of job (MB)
	5055740  -  ResidentSetSize of job (KB)
...
006 (840260.000.000) 08/15 14:41:08 Image size of job updated: 6012116
	5872  -  MemoryUsage of job (MB)
	6012116  -  ResidentSetSize of job (KB)
...
006 (840260.000.000) 08/15 14:46:08 Image size of job updated: 6278320
	6130  -  MemoryUsage of job (MB)
	6276440  -  ResidentSetSize of job (KB)
...
006 (840260.000.000) 08/15 14:48:31 Image size of job updated: 12692580
	6130  -  MemoryUsage of job (MB)
	6276440  -  ResidentSetSize of job (KB)
...
005 (840260.000.000) 08/15 14:48:31 Job terminated.
	(1) Normal termination (return value 0)
		Usr 0 00:22:27, Sys 0 00:00:30  -  Run Remote Usage
		Usr 0 00:00:00, Sys 0 00:00:00  -  Run Local Usage
		Usr 0 00:22:27, Sys 0 00:00:30  -  Total Remote Usage
		Usr 0 00:00:00, Sys 0 00:00:00  -  Total Local Usage
	1229  -  Run Bytes Sent By Job
	404  -  Run Bytes Received By Job
	1229  -  Total Bytes Sent By Job
	404  -  Total Bytes Received By Job
	Partitionable Resources :    Usage  Request Allocated 
	   Cpus                 :     0.57        1         1 
	   Disk (KB)            :   802           1 479737977 
	   Memory (MB)          :  6130        7900      8033 
...
