000 (842373.000.000) 08/15 13:27:56 Job submitted from host: <172.20.3.187:9618?addrs=172.20.3.187-9618&noUDP&sock=2043_e813_3>
...
001 (842373.000.000) 08/15 16:12:19 Job executing on host: <172.20.225.6:9618?addrs=172.20.225.6-9618&noUDP&sock=3382_5963_3>
...
006 (842373.000.000) 08/15 16:12:28 Image size of job updated: 21116
	21  -  MemoryUsage of job (MB)
	21116  -  ResidentSetSize of job (KB)
...
005 (842373.000.000) 08/15 16:13:24 Job terminated.
	(1) Normal termination (return value 1)
		Usr 0 00:00:14, Sys 0 00:00:01  -  Run Remote Usage
		Usr 0 00:00:00, Sys 0 00:00:00  -  Run Local Usage
		Usr 0 00:00:14, Sys 0 00:00:01  -  Total Remote Usage
		Usr 0 00:00:00, Sys 0 00:00:00  -  Total Local Usage
	1437  -  Run Bytes Sent By Job
	398  -  Run Bytes Received By Job
	1437  -  Total Bytes Sent By Job
	398  -  Total Bytes Received By Job
	Partitionable Resources :    Usage  Request Allocated 
	   Cpus                 :     0.07        1         1 
	   Disk (KB)            :   803           1 479749220 
	   Memory (MB)          :    21        7900      8033 
...
000 (846696.000.000) 08/16 03:54:31 Job submitted from host: <172.20.3.187:9618?addrs=172.20.3.187-9618&noUDP&sock=2043_e813_3>
...
001 (846696.000.000) 08/16 05:54:10 Job executing on host: <172.20.225.6:9618?addrs=172.20.225.6-9618&noUDP&sock=3382_5963_3>
...
006 (846696.000.000) 08/16 05:54:19 Image size of job updated: 21124
	21  -  MemoryUsage of job (MB)
	21124  -  ResidentSetSize of job (KB)
...
006 (846696.000.000) 08/16 05:59:20 Image size of job updated: 4953196
	4838  -  MemoryUsage of job (MB)
	4953196  -  ResidentSetSize of job (KB)
...
006 (846696.000.000) 08/16 06:04:20 Image size of job updated: 4953300
	4838  -  MemoryUsage of job (MB)
	4953300  -  ResidentSetSize of job (KB)
...
006 (846696.000.000) 08/16 06:09:21 Image size of job updated: 5909672
	5772  -  MemoryUsage of job (MB)
	5909672  -  ResidentSetSize of job (KB)
...
006 (846696.000.000) 08/16 06:14:22 Image size of job updated: 6114256
	5971  -  MemoryUsage of job (MB)
	6113596  -  ResidentSetSize of job (KB)
...
006 (846696.000.000) 08/16 06:18:09 Image size of job updated: 6114256
	5971  -  MemoryUsage of job (MB)
	6114288  -  ResidentSetSize of job (KB)
...
005 (846696.000.000) 08/16 06:18:12 Job terminated.
	(1) Normal termination (return value 0)
		Usr 0 00:23:09, Sys 0 00:00:32  -  Run Remote Usage
		Usr 0 00:00:00, Sys 0 00:00:00  -  Run Local Usage
		Usr 0 00:23:09, Sys 0 00:00:32  -  Total Remote Usage
		Usr 0 00:00:00, Sys 0 00:00:00  -  Total Local Usage
	1223  -  Run Bytes Sent By Job
	398  -  Run Bytes Received By Job
	1223  -  Total Bytes Sent By Job
	398  -  Total Bytes Received By Job
	Partitionable Resources :    Usage  Request Allocated 
	   Cpus                 :        0        1         1 
	   Disk (KB)            :      802        1 479749220 
	   Memory (MB)          :     5971     7900      8033 
...
