000 (842221.000.000) 08/15 13:27:46 Job submitted from host: <172.20.3.187:9618?addrs=172.20.3.187-9618&noUDP&sock=2043_e813_3>
...
001 (842221.000.000) 08/15 16:08:02 Job executing on host: <172.20.225.6:9618?addrs=172.20.225.6-9618&noUDP&sock=3382_5963_3>
...
006 (842221.000.000) 08/15 16:08:10 Image size of job updated: 21112
	21  -  MemoryUsage of job (MB)
	21112  -  ResidentSetSize of job (KB)
...
006 (842221.000.000) 08/15 16:08:55 Image size of job updated: 29120
	21  -  MemoryUsage of job (MB)
	21112  -  ResidentSetSize of job (KB)
...
005 (842221.000.000) 08/15 16:08:55 Job terminated.
	(1) Normal termination (return value 1)
		Usr 0 00:00:10, Sys 0 00:00:01  -  Run Remote Usage
		Usr 0 00:00:00, Sys 0 00:00:00  -  Run Local Usage
		Usr 0 00:00:10, Sys 0 00:00:01  -  Total Remote Usage
		Usr 0 00:00:00, Sys 0 00:00:00  -  Total Local Usage
	1434  -  Run Bytes Sent By Job
	392  -  Run Bytes Received By Job
	1434  -  Total Bytes Sent By Job
	392  -  Total Bytes Received By Job
	Partitionable Resources :    Usage  Request Allocated 
	   Cpus                 :     0.39        1         1 
	   Disk (KB)            :   803           1 479749220 
	   Memory (MB)          :    21        7900      8033 
...
000 (846564.000.000) 08/16 03:54:22 Job submitted from host: <172.20.3.187:9618?addrs=172.20.3.187-9618&noUDP&sock=2043_e813_3>
...
001 (846564.000.000) 08/16 05:43:10 Job executing on host: <172.20.225.6:9618?addrs=172.20.225.6-9618&noUDP&sock=3382_5963_3>
...
006 (846564.000.000) 08/16 05:43:18 Image size of job updated: 21116
	21  -  MemoryUsage of job (MB)
	21116  -  ResidentSetSize of job (KB)
...
006 (846564.000.000) 08/16 05:48:19 Image size of job updated: 4921316
	4806  -  MemoryUsage of job (MB)
	4921316  -  ResidentSetSize of job (KB)
...
006 (846564.000.000) 08/16 05:53:20 Image size of job updated: 5877560
	5740  -  MemoryUsage of job (MB)
	5877484  -  ResidentSetSize of job (KB)
...
006 (846564.000.000) 08/16 05:58:19 Image size of job updated: 5878884
	5742  -  MemoryUsage of job (MB)
	5878884  -  ResidentSetSize of job (KB)
...
006 (846564.000.000) 08/16 06:03:20 Image size of job updated: 6460444
	6309  -  MemoryUsage of job (MB)
	6459800  -  ResidentSetSize of job (KB)
...
006 (846564.000.000) 08/16 06:03:34 Image size of job updated: 6461764
	6309  -  MemoryUsage of job (MB)
	6459800  -  ResidentSetSize of job (KB)
...
005 (846564.000.000) 08/16 06:03:34 Job terminated.
	(1) Normal termination (return value 0)
		Usr 0 00:22:15, Sys 0 00:00:29  -  Run Remote Usage
		Usr 0 00:00:00, Sys 0 00:00:00  -  Run Local Usage
		Usr 0 00:22:15, Sys 0 00:00:29  -  Total Remote Usage
		Usr 0 00:00:00, Sys 0 00:00:00  -  Total Local Usage
	1214  -  Run Bytes Sent By Job
	392  -  Run Bytes Received By Job
	1214  -  Total Bytes Sent By Job
	392  -  Total Bytes Received By Job
	Partitionable Resources :    Usage  Request Allocated 
	   Cpus                 :     0.49        1         1 
	   Disk (KB)            :   802           1 479749220 
	   Memory (MB)          :  6309        7900      8033 
...
