000 (842880.000.000) 08/15 13:28:29 Job submitted from host: <172.20.3.187:9618?addrs=172.20.3.187-9618&noUDP&sock=2043_e813_3>
...
001 (842880.000.000) 08/15 16:53:03 Job executing on host: <172.20.225.8:9618?addrs=172.20.225.8-9618&noUDP&sock=3440_21e1_3>
...
006 (842880.000.000) 08/15 16:53:11 Image size of job updated: 21112
	21  -  MemoryUsage of job (MB)
	21112  -  ResidentSetSize of job (KB)
...
006 (842880.000.000) 08/15 16:58:11 Image size of job updated: 5245668
	5123  -  MemoryUsage of job (MB)
	5245668  -  ResidentSetSize of job (KB)
...
006 (842880.000.000) 08/15 17:03:12 Image size of job updated: 5245772
	5123  -  MemoryUsage of job (MB)
	5245772  -  ResidentSetSize of job (KB)
...
006 (842880.000.000) 08/15 17:08:13 Image size of job updated: 6202132
	6057  -  MemoryUsage of job (MB)
	6202132  -  ResidentSetSize of job (KB)
...
006 (842880.000.000) 08/15 17:13:13 Image size of job updated: 6326424
	6178  -  MemoryUsage of job (MB)
	6325764  -  ResidentSetSize of job (KB)
...
006 (842880.000.000) 08/15 17:16:33 Image size of job updated: 12879164
	6178  -  MemoryUsage of job (MB)
	6325788  -  ResidentSetSize of job (KB)
...
005 (842880.000.000) 08/15 17:16:34 Job terminated.
	(1) Normal termination (return value 0)
		Usr 0 00:23:26, Sys 0 00:00:32  -  Run Remote Usage
		Usr 0 00:00:00, Sys 0 00:00:00  -  Run Local Usage
		Usr 0 00:23:26, Sys 0 00:00:32  -  Total Remote Usage
		Usr 0 00:00:00, Sys 0 00:00:00  -  Total Local Usage
	1229  -  Run Bytes Sent By Job
	404  -  Run Bytes Received By Job
	1229  -  Total Bytes Sent By Job
	404  -  Total Bytes Received By Job
	Partitionable Resources :    Usage  Request Allocated 
	   Cpus                 :     0.79        1         1 
	   Disk (KB)            :   802           1 479737977 
	   Memory (MB)          :  6178        7900      8033 
...
