000 (843686.000.000) 08/15 13:29:22 Job submitted from host: <172.20.3.187:9618?addrs=172.20.3.187-9618&noUDP&sock=2043_e813_3>
...
001 (843686.000.000) 08/15 17:53:25 Job executing on host: <172.20.225.6:9618?addrs=172.20.225.6-9618&noUDP&sock=3382_5963_3>
...
006 (843686.000.000) 08/15 17:53:33 Image size of job updated: 21116
	21  -  MemoryUsage of job (MB)
	21116  -  ResidentSetSize of job (KB)
...
005 (843686.000.000) 08/15 17:54:36 Job terminated.
	(1) Normal termination (return value 1)
		Usr 0 00:00:21, Sys 0 00:00:01  -  Run Remote Usage
		Usr 0 00:00:00, Sys 0 00:00:00  -  Run Local Usage
		Usr 0 00:00:21, Sys 0 00:00:01  -  Total Remote Usage
		Usr 0 00:00:00, Sys 0 00:00:00  -  Total Local Usage
	1437  -  Run Bytes Sent By Job
	393  -  Run Bytes Received By Job
	1437  -  Total Bytes Sent By Job
	393  -  Total Bytes Received By Job
	Partitionable Resources :    Usage  Request Allocated 
	   Cpus                 :     0.62        1         1 
	   Disk (KB)            :   803           1 479749220 
	   Memory (MB)          :    21        7900      8033 
...
000 (846952.000.000) 08/16 03:54:47 Job submitted from host: <172.20.3.187:9618?addrs=172.20.3.187-9618&noUDP&sock=2043_e813_3>
...
001 (846952.000.000) 08/16 06:17:10 Job executing on host: <172.20.225.2:9618?addrs=172.20.225.2-9618&noUDP&sock=3424_285d_3>
...
006 (846952.000.000) 08/16 06:17:20 Image size of job updated: 21124
	21  -  MemoryUsage of job (MB)
	21124  -  ResidentSetSize of job (KB)
...
006 (846952.000.000) 08/16 06:22:20 Image size of job updated: 5009896
	4893  -  MemoryUsage of job (MB)
	5009896  -  ResidentSetSize of job (KB)
...
006 (846952.000.000) 08/16 06:27:21 Image size of job updated: 5966068
	5827  -  MemoryUsage of job (MB)
	5966068  -  ResidentSetSize of job (KB)
...
006 (846952.000.000) 08/16 06:32:22 Image size of job updated: 5966376
	5827  -  MemoryUsage of job (MB)
	5966376  -  ResidentSetSize of job (KB)
...
006 (846952.000.000) 08/16 06:37:22 Image size of job updated: 6624260
	6470  -  MemoryUsage of job (MB)
	6624260  -  ResidentSetSize of job (KB)
...
006 (846952.000.000) 08/16 06:40:16 Image size of job updated: 17520628
	6470  -  MemoryUsage of job (MB)
	6624268  -  ResidentSetSize of job (KB)
...
005 (846952.000.000) 08/16 06:40:16 Job terminated.
	(1) Normal termination (return value 0)
		Usr 0 00:23:12, Sys 0 00:00:35  -  Run Remote Usage
		Usr 0 00:00:00, Sys 0 00:00:00  -  Run Local Usage
		Usr 0 00:23:12, Sys 0 00:00:35  -  Total Remote Usage
		Usr 0 00:00:00, Sys 0 00:00:00  -  Total Local Usage
	1218  -  Run Bytes Sent By Job
	393  -  Run Bytes Received By Job
	1218  -  Total Bytes Sent By Job
	393  -  Total Bytes Received By Job
	Partitionable Resources :    Usage  Request Allocated 
	   Cpus                 :     0.61        1         1 
	   Disk (KB)            :   802           1 479786084 
	   Memory (MB)          :  6470        7900      8033 
...
