000 (840895.000.000) 08/15 13:26:20 Job submitted from host: <172.20.3.187:9618?addrs=172.20.3.187-9618&noUDP&sock=2043_e813_3>
...
001 (840895.000.000) 08/15 14:53:18 Job executing on host: <172.20.225.6:9618?addrs=172.20.225.6-9618&noUDP&sock=3382_5963_3>
...
006 (840895.000.000) 08/15 14:53:26 Image size of job updated: 21120
	21  -  MemoryUsage of job (MB)
	21120  -  ResidentSetSize of job (KB)
...
006 (840895.000.000) 08/15 14:54:35 Image size of job updated: 4227820
	21  -  MemoryUsage of job (MB)
	21120  -  ResidentSetSize of job (KB)
...
005 (840895.000.000) 08/15 14:54:35 Job terminated.
	(1) Normal termination (return value 1)
		Usr 0 00:00:29, Sys 0 00:00:01  -  Run Remote Usage
		Usr 0 00:00:00, Sys 0 00:00:00  -  Run Local Usage
		Usr 0 00:00:29, Sys 0 00:00:01  -  Total Remote Usage
		Usr 0 00:00:00, Sys 0 00:00:00  -  Total Local Usage
	1437  -  Run Bytes Sent By Job
	398  -  Run Bytes Received By Job
	1437  -  Total Bytes Sent By Job
	398  -  Total Bytes Received By Job
	Partitionable Resources :    Usage  Request Allocated 
	   Cpus                 :     0.43        1         1 
	   Disk (KB)            :   803           1 479749220 
	   Memory (MB)          :    21        7900      8033 
...
000 (846213.000.000) 08/16 03:54:00 Job submitted from host: <172.20.3.187:9618?addrs=172.20.3.187-9618&noUDP&sock=2043_e813_3>
...
001 (846213.000.000) 08/16 05:10:42 Job executing on host: <172.20.225.2:9618?addrs=172.20.225.2-9618&noUDP&sock=3424_285d_3>
...
006 (846213.000.000) 08/16 05:10:50 Image size of job updated: 21116
	21  -  MemoryUsage of job (MB)
	21116  -  ResidentSetSize of job (KB)
...
006 (846213.000.000) 08/16 05:15:50 Image size of job updated: 5035300
	4918  -  MemoryUsage of job (MB)
	5035300  -  ResidentSetSize of job (KB)
...
006 (846213.000.000) 08/16 05:20:51 Image size of job updated: 5035432
	4918  -  MemoryUsage of job (MB)
	5035432  -  ResidentSetSize of job (KB)
...
006 (846213.000.000) 08/16 05:25:51 Image size of job updated: 5991624
	5852  -  MemoryUsage of job (MB)
	5991624  -  ResidentSetSize of job (KB)
...
006 (846213.000.000) 08/16 05:30:52 Image size of job updated: 6117268
	5972  -  MemoryUsage of job (MB)
	6114764  -  ResidentSetSize of job (KB)
...
006 (846213.000.000) 08/16 05:32:58 Image size of job updated: 6416040
	5972  -  MemoryUsage of job (MB)
	6114796  -  ResidentSetSize of job (KB)
...
005 (846213.000.000) 08/16 05:32:58 Job terminated.
	(1) Normal termination (return value 0)
		Usr 0 00:22:31, Sys 0 00:00:29  -  Run Remote Usage
		Usr 0 00:00:00, Sys 0 00:00:00  -  Run Local Usage
		Usr 0 00:22:31, Sys 0 00:00:29  -  Total Remote Usage
		Usr 0 00:00:00, Sys 0 00:00:00  -  Total Local Usage
	1223  -  Run Bytes Sent By Job
	398  -  Run Bytes Received By Job
	1223  -  Total Bytes Sent By Job
	398  -  Total Bytes Received By Job
	Partitionable Resources :    Usage  Request Allocated 
	   Cpus                 :     0.67        1         1 
	   Disk (KB)            :   802           1 479786084 
	   Memory (MB)          :  5972        7900      8033 
...
