000 (842045.000.000) 08/15 13:27:34 Job submitted from host: <172.20.3.187:9618?addrs=172.20.3.187-9618&noUDP&sock=2043_e813_3>
...
001 (842045.000.000) 08/15 16:00:18 Job executing on host: <172.20.225.2:9618?addrs=172.20.225.2-9618&noUDP&sock=3424_285d_3>
...
006 (842045.000.000) 08/15 16:00:27 Image size of job updated: 21120
	21  -  MemoryUsage of job (MB)
	21120  -  ResidentSetSize of job (KB)
...
006 (842045.000.000) 08/15 16:05:28 Image size of job updated: 4958080
	4842  -  MemoryUsage of job (MB)
	4958016  -  ResidentSetSize of job (KB)
...
006 (842045.000.000) 08/15 16:10:28 Image size of job updated: 5914184
	5776  -  MemoryUsage of job (MB)
	5914184  -  ResidentSetSize of job (KB)
...
006 (842045.000.000) 08/15 16:15:29 Image size of job updated: 5920276
	5782  -  MemoryUsage of job (MB)
	5920276  -  ResidentSetSize of job (KB)
...
006 (842045.000.000) 08/15 16:20:30 Image size of job updated: 6514168
	6362  -  MemoryUsage of job (MB)
	6514064  -  ResidentSetSize of job (KB)
...
006 (842045.000.000) 08/15 16:22:34 Image size of job updated: 6600844
	6362  -  MemoryUsage of job (MB)
	6514064  -  ResidentSetSize of job (KB)
...
005 (842045.000.000) 08/15 16:22:34 Job terminated.
	(1) Normal termination (return value 0)
		Usr 0 00:23:32, Sys 0 00:00:33  -  Run Remote Usage
		Usr 0 00:00:00, Sys 0 00:00:00  -  Run Local Usage
		Usr 0 00:23:32, Sys 0 00:00:33  -  Total Remote Usage
		Usr 0 00:00:00, Sys 0 00:00:00  -  Total Local Usage
	1219  -  Run Bytes Sent By Job
	397  -  Run Bytes Received By Job
	1219  -  Total Bytes Sent By Job
	397  -  Total Bytes Received By Job
	Partitionable Resources :    Usage  Request Allocated 
	   Cpus                 :     0.66        1         1 
	   Disk (KB)            :   803           1 479786084 
	   Memory (MB)          :  6362        7900      8033 
...
