000 (844151.000.000) 08/15 13:29:52 Job submitted from host: <172.20.3.187:9618?addrs=172.20.3.187-9618&noUDP&sock=2043_e813_3>
...
001 (844151.000.000) 08/15 18:03:00 Job executing on host: <172.20.225.2:9618?addrs=172.20.225.2-9618&noUDP&sock=3424_285d_3>
...
006 (844151.000.000) 08/15 18:03:08 Image size of job updated: 21116
	21  -  MemoryUsage of job (MB)
	21116  -  ResidentSetSize of job (KB)
...
006 (844151.000.000) 08/15 18:08:08 Image size of job updated: 4980128
	4864  -  MemoryUsage of job (MB)
	4980128  -  ResidentSetSize of job (KB)
...
006 (844151.000.000) 08/15 18:13:09 Image size of job updated: 4980232
	4864  -  MemoryUsage of job (MB)
	4980232  -  ResidentSetSize of job (KB)
...
006 (844151.000.000) 08/15 18:18:10 Image size of job updated: 5936600
	5798  -  MemoryUsage of job (MB)
	5936600  -  ResidentSetSize of job (KB)
...
006 (844151.000.000) 08/15 18:23:11 Image size of job updated: 6374676
	6201  -  MemoryUsage of job (MB)
	6349320  -  ResidentSetSize of job (KB)
...
005 (844151.000.000) 08/15 18:25:56 Job terminated.
	(1) Normal termination (return value 0)
		Usr 0 00:23:01, Sys 0 00:00:30  -  Run Remote Usage
		Usr 0 00:00:00, Sys 0 00:00:00  -  Run Local Usage
		Usr 0 00:23:01, Sys 0 00:00:30  -  Total Remote Usage
		Usr 0 00:00:00, Sys 0 00:00:00  -  Total Local Usage
	1222  -  Run Bytes Sent By Job
	399  -  Run Bytes Received By Job
	1222  -  Total Bytes Sent By Job
	399  -  Total Bytes Received By Job
	Partitionable Resources :    Usage  Request Allocated 
	   Cpus                 :     0.66        1         1 
	   Disk (KB)            :   802           1 479786084 
	   Memory (MB)          :  6201        7900      8033 
...
