000 (839092.000.000) 08/15 13:24:23 Job submitted from host: <172.20.3.187:9618?addrs=172.20.3.187-9618&noUDP&sock=2043_e813_3>
...
001 (839092.000.000) 08/15 13:37:47 Job executing on host: <172.20.225.5:9618?addrs=172.20.225.5-9618&noUDP&sock=3375_8c39_3>
...
006 (839092.000.000) 08/15 13:37:55 Image size of job updated: 21112
	21  -  MemoryUsage of job (MB)
	21112  -  ResidentSetSize of job (KB)
...
005 (839092.000.000) 08/15 13:38:30 Job terminated.
	(1) Normal termination (return value 1)
		Usr 0 00:00:22, Sys 0 00:00:02  -  Run Remote Usage
		Usr 0 00:00:00, Sys 0 00:00:00  -  Run Local Usage
		Usr 0 00:00:22, Sys 0 00:00:02  -  Total Remote Usage
		Usr 0 00:00:00, Sys 0 00:00:00  -  Total Local Usage
	1437  -  Run Bytes Sent By Job
	395  -  Run Bytes Received By Job
	1437  -  Total Bytes Sent By Job
	395  -  Total Bytes Received By Job
	Partitionable Resources :    Usage  Request Allocated 
	   Cpus                 :     0.02        1         1 
	   Disk (KB)            :   803           1 479749220 
	   Memory (MB)          :    21        7900      8033 
...
000 (845294.000.000) 08/16 03:52:41 Job submitted from host: <172.20.3.187:9618?addrs=172.20.3.187-9618&noUDP&sock=2043_e813_3>
...
001 (845294.000.000) 08/16 03:52:58 Job executing on host: <172.20.225.5:9618?addrs=172.20.225.5-9618&noUDP&sock=3375_8c39_3>
...
006 (845294.000.000) 08/16 03:53:06 Image size of job updated: 21124
	21  -  MemoryUsage of job (MB)
	21124  -  ResidentSetSize of job (KB)
...
006 (845294.000.000) 08/16 03:58:07 Image size of job updated: 5081288
	4960  -  MemoryUsage of job (MB)
	5078816  -  ResidentSetSize of job (KB)
...
006 (845294.000.000) 08/16 04:03:07 Image size of job updated: 5081396
	4960  -  MemoryUsage of job (MB)
	5078924  -  ResidentSetSize of job (KB)
...
006 (845294.000.000) 08/16 04:08:07 Image size of job updated: 6037584
	5894  -  MemoryUsage of job (MB)
	6035112  -  ResidentSetSize of job (KB)
...
006 (845294.000.000) 08/16 04:13:08 Image size of job updated: 6043632
	5900  -  MemoryUsage of job (MB)
	6041084  -  ResidentSetSize of job (KB)
...
005 (845294.000.000) 08/16 04:17:02 Job terminated.
	(1) Normal termination (return value 0)
		Usr 0 00:22:48, Sys 0 00:00:34  -  Run Remote Usage
		Usr 0 00:00:00, Sys 0 00:00:00  -  Run Local Usage
		Usr 0 00:22:48, Sys 0 00:00:34  -  Total Remote Usage
		Usr 0 00:00:00, Sys 0 00:00:00  -  Total Local Usage
	1220  -  Run Bytes Sent By Job
	395  -  Run Bytes Received By Job
	1220  -  Total Bytes Sent By Job
	395  -  Total Bytes Received By Job
	Partitionable Resources :    Usage  Request Allocated 
	   Cpus                 :     0.96        1         1 
	   Disk (KB)            :   802           1 479749220 
	   Memory (MB)          :  5900        7900      8033 
...
