000 (838111.000.000) 08/15 12:24:52 Job submitted from host: <172.20.3.187:9618?addrs=172.20.3.187-9618&noUDP&sock=2043_e813_3>
...
001 (838111.000.000) 08/15 12:38:35 Job executing on host: <172.20.225.2:9618?addrs=172.20.225.2-9618&noUDP&sock=3424_285d_3>
...
006 (838111.000.000) 08/15 12:38:45 Image size of job updated: 21116
	21  -  MemoryUsage of job (MB)
	21116  -  ResidentSetSize of job (KB)
...
006 (838111.000.000) 08/15 12:43:45 Image size of job updated: 18786776
	18347  -  MemoryUsage of job (MB)
	18786776  -  ResidentSetSize of job (KB)
...
005 (838111.000.000) 08/15 12:43:51 Job terminated.
	(1) Normal termination (return value 137)
		Usr 0 00:03:33, Sys 0 00:00:40  -  Run Remote Usage
		Usr 0 00:00:00, Sys 0 00:00:00  -  Run Local Usage
		Usr 0 00:03:33, Sys 0 00:00:40  -  Total Remote Usage
		Usr 0 00:00:00, Sys 0 00:00:00  -  Total Local Usage
	1389  -  Run Bytes Sent By Job
	402  -  Run Bytes Received By Job
	1389  -  Total Bytes Sent By Job
	402  -  Total Bytes Received By Job
	Partitionable Resources :    Usage  Request Allocated 
	   Cpus                 :     0.62        1         1 
	   Disk (KB)            :   803           1 479786084 
	   Memory (MB)          : 18347        7900      8033 
...
000 (841389.000.000) 08/15 13:26:52 Job submitted from host: <172.20.3.187:9618?addrs=172.20.3.187-9618&noUDP&sock=2043_e813_3>
...
001 (841389.000.000) 08/15 15:15:02 Job executing on host: <172.20.225.1:9618?addrs=172.20.225.1-9618&noUDP&sock=3382_5963_3>
...
006 (841389.000.000) 08/15 15:15:11 Image size of job updated: 21108
	21  -  MemoryUsage of job (MB)
	21108  -  ResidentSetSize of job (KB)
...
006 (841389.000.000) 08/15 15:20:13 Image size of job updated: 4987464
	4871  -  MemoryUsage of job (MB)
	4987464  -  ResidentSetSize of job (KB)
...
006 (841389.000.000) 08/15 15:25:14 Image size of job updated: 5943736
	5805  -  MemoryUsage of job (MB)
	5943736  -  ResidentSetSize of job (KB)
...
006 (841389.000.000) 08/15 15:30:15 Image size of job updated: 5949712
	5811  -  MemoryUsage of job (MB)
	5949712  -  ResidentSetSize of job (KB)
...
006 (841389.000.000) 08/15 15:35:16 Image size of job updated: 6697680
	6541  -  MemoryUsage of job (MB)
	6697548  -  ResidentSetSize of job (KB)
...
005 (841389.000.000) 08/15 15:35:45 Job terminated.
	(1) Normal termination (return value 0)
		Usr 0 00:23:05, Sys 0 00:00:35  -  Run Remote Usage
		Usr 0 00:00:00, Sys 0 00:00:00  -  Run Local Usage
		Usr 0 00:23:05, Sys 0 00:00:35  -  Total Remote Usage
		Usr 0 00:00:00, Sys 0 00:00:00  -  Total Local Usage
	1225  -  Run Bytes Sent By Job
	402  -  Run Bytes Received By Job
	1225  -  Total Bytes Sent By Job
	402  -  Total Bytes Received By Job
	Partitionable Resources :    Usage  Request Allocated 
	   Cpus                 :     0.54        1         1 
	   Disk (KB)            :   802           1 479786105 
	   Memory (MB)          :  6541        7900      8033 
...
