000 (841280.000.000) 08/15 13:26:45 Job submitted from host: <172.20.3.187:9618?addrs=172.20.3.187-9618&noUDP&sock=2043_e813_3>
...
001 (841280.000.000) 08/15 15:02:00 Job executing on host: <172.20.225.2:9618?addrs=172.20.225.2-9618&noUDP&sock=3424_285d_3>
...
006 (841280.000.000) 08/15 15:02:10 Image size of job updated: 21112
	21  -  MemoryUsage of job (MB)
	21112  -  ResidentSetSize of job (KB)
...
005 (841280.000.000) 08/15 15:03:00 Job terminated.
	(1) Normal termination (return value 1)
		Usr 0 00:00:11, Sys 0 00:00:01  -  Run Remote Usage
		Usr 0 00:00:00, Sys 0 00:00:00  -  Run Local Usage
		Usr 0 00:00:11, Sys 0 00:00:01  -  Total Remote Usage
		Usr 0 00:00:00, Sys 0 00:00:00  -  Total Local Usage
	1434  -  Run Bytes Sent By Job
	400  -  Run Bytes Received By Job
	1434  -  Total Bytes Sent By Job
	400  -  Total Bytes Received By Job
	Partitionable Resources :    Usage  Request Allocated 
	   Cpus                 :     0.60        1         1 
	   Disk (KB)            :   803           1 479786084 
	   Memory (MB)          :    21        7900      8033 
...
000 (846394.000.000) 08/16 03:54:11 Job submitted from host: <172.20.3.187:9618?addrs=172.20.3.187-9618&noUDP&sock=2043_e813_3>
...
001 (846394.000.000) 08/16 05:30:16 Job executing on host: <172.20.225.6:9618?addrs=172.20.225.6-9618&noUDP&sock=3382_5963_3>
...
006 (846394.000.000) 08/16 05:30:26 Image size of job updated: 21120
	21  -  MemoryUsage of job (MB)
	21120  -  ResidentSetSize of job (KB)
...
006 (846394.000.000) 08/16 05:35:27 Image size of job updated: 4919332
	4805  -  MemoryUsage of job (MB)
	4919332  -  ResidentSetSize of job (KB)
...
006 (846394.000.000) 08/16 05:40:27 Image size of job updated: 4919432
	4805  -  MemoryUsage of job (MB)
	4919432  -  ResidentSetSize of job (KB)
...
006 (846394.000.000) 08/16 05:45:28 Image size of job updated: 5875812
	5739  -  MemoryUsage of job (MB)
	5875812  -  ResidentSetSize of job (KB)
...
006 (846394.000.000) 08/16 05:50:29 Image size of job updated: 6343996
	6196  -  MemoryUsage of job (MB)
	6343988  -  ResidentSetSize of job (KB)
...
006 (846394.000.000) 08/16 05:52:22 Image size of job updated: 13696820
	6196  -  MemoryUsage of job (MB)
	6343992  -  ResidentSetSize of job (KB)
...
005 (846394.000.000) 08/16 05:52:22 Job terminated.
	(1) Normal termination (return value 0)
		Usr 0 00:21:24, Sys 0 00:00:28  -  Run Remote Usage
		Usr 0 00:00:00, Sys 0 00:00:00  -  Run Local Usage
		Usr 0 00:21:24, Sys 0 00:00:28  -  Total Remote Usage
		Usr 0 00:00:00, Sys 0 00:00:00  -  Total Local Usage
	1222  -  Run Bytes Sent By Job
	400  -  Run Bytes Received By Job
	1222  -  Total Bytes Sent By Job
	400  -  Total Bytes Received By Job
	Partitionable Resources :    Usage  Request Allocated 
	   Cpus                 :     0.74        1         1 
	   Disk (KB)            :   802           1 479749220 
	   Memory (MB)          :  6196        7900      8033 
...
