000 (838767.000.000) 08/15 12:25:36 Job submitted from host: <172.20.3.187:9618?addrs=172.20.3.187-9618&noUDP&sock=2043_e813_3>
...
001 (838767.000.000) 08/15 12:51:00 Job executing on host: <172.20.225.4:9618?addrs=172.20.225.4-9618&noUDP&sock=3366_5fdf_3>
...
006 (838767.000.000) 08/15 12:51:09 Image size of job updated: 21112
	21  -  MemoryUsage of job (MB)
	21112  -  ResidentSetSize of job (KB)
...
006 (838767.000.000) 08/15 12:56:11 Image size of job updated: 12379952
	12090  -  MemoryUsage of job (MB)
	12379880  -  ResidentSetSize of job (KB)
...
005 (838767.000.000) 08/15 12:56:48 Job terminated.
	(1) Normal termination (return value 137)
		Usr 0 00:03:23, Sys 0 00:00:41  -  Run Remote Usage
		Usr 0 00:00:00, Sys 0 00:00:00  -  Run Local Usage
		Usr 0 00:03:23, Sys 0 00:00:41  -  Total Remote Usage
		Usr 0 00:00:00, Sys 0 00:00:00  -  Total Local Usage
	1390  -  Run Bytes Sent By Job
	403  -  Run Bytes Received By Job
	1390  -  Total Bytes Sent By Job
	403  -  Total Bytes Received By Job
	Partitionable Resources :    Usage  Request Allocated 
	   Cpus                 :     1.01        1         1 
	   Disk (KB)            :   803           1 479779449 
	   Memory (MB)          : 12090        7900      8033 
...
000 (844333.000.000) 08/15 13:30:04 Job submitted from host: <172.20.3.187:9618?addrs=172.20.3.187-9618&noUDP&sock=2043_e813_3>
...
001 (844333.000.000) 08/15 18:22:01 Job executing on host: <172.20.225.2:9618?addrs=172.20.225.2-9618&noUDP&sock=3424_285d_3>
...
006 (844333.000.000) 08/15 18:22:10 Image size of job updated: 21120
	21  -  MemoryUsage of job (MB)
	21120  -  ResidentSetSize of job (KB)
...
006 (844333.000.000) 08/15 18:27:11 Image size of job updated: 5302536
	5179  -  MemoryUsage of job (MB)
	5302536  -  ResidentSetSize of job (KB)
...
006 (844333.000.000) 08/15 18:32:12 Image size of job updated: 6258700
	6113  -  MemoryUsage of job (MB)
	6258700  -  ResidentSetSize of job (KB)
...
006 (844333.000.000) 08/15 18:37:13 Image size of job updated: 6259016
	6113  -  MemoryUsage of job (MB)
	6259016  -  ResidentSetSize of job (KB)
...
006 (844333.000.000) 08/15 18:42:13 Image size of job updated: 6659568
	6504  -  MemoryUsage of job (MB)
	6659196  -  ResidentSetSize of job (KB)
...
006 (844333.000.000) 08/15 18:44:48 Image size of job updated: 6838408
	6504  -  MemoryUsage of job (MB)
	6659204  -  ResidentSetSize of job (KB)
...
005 (844333.000.000) 08/15 18:44:48 Job terminated.
	(1) Normal termination (return value 0)
		Usr 0 00:22:51, Sys 0 00:00:33  -  Run Remote Usage
		Usr 0 00:00:00, Sys 0 00:00:00  -  Run Local Usage
		Usr 0 00:22:51, Sys 0 00:00:33  -  Total Remote Usage
		Usr 0 00:00:00, Sys 0 00:00:00  -  Total Local Usage
	1226  -  Run Bytes Sent By Job
	403  -  Run Bytes Received By Job
	1226  -  Total Bytes Sent By Job
	403  -  Total Bytes Received By Job
	Partitionable Resources :    Usage  Request Allocated 
	   Cpus                 :     0.65        1         1 
	   Disk (KB)            :   802           1 479786084 
	   Memory (MB)          :  6504        7900      8033 
...
