000 (842064.000.000) 08/15 13:27:36 Job submitted from host: <172.20.3.187:9618?addrs=172.20.3.187-9618&noUDP&sock=2043_e813_3>
...
001 (842064.000.000) 08/15 16:01:03 Job executing on host: <172.20.225.1:9618?addrs=172.20.225.1-9618&noUDP&sock=3382_5963_3>
...
006 (842064.000.000) 08/15 16:01:12 Image size of job updated: 21112
	21  -  MemoryUsage of job (MB)
	21112  -  ResidentSetSize of job (KB)
...
006 (842064.000.000) 08/15 16:06:14 Image size of job updated: 4958816
	4843  -  MemoryUsage of job (MB)
	4958816  -  ResidentSetSize of job (KB)
...
006 (842064.000.000) 08/15 16:11:14 Image size of job updated: 5914980
	5777  -  MemoryUsage of job (MB)
	5914980  -  ResidentSetSize of job (KB)
...
006 (842064.000.000) 08/15 16:16:14 Image size of job updated: 5916380
	5778  -  MemoryUsage of job (MB)
	5916380  -  ResidentSetSize of job (KB)
...
006 (842064.000.000) 08/15 16:21:15 Image size of job updated: 6341436
	6193  -  MemoryUsage of job (MB)
	6341236  -  ResidentSetSize of job (KB)
...
005 (842064.000.000) 08/15 16:24:09 Job terminated.
	(1) Normal termination (return value 0)
		Usr 0 00:24:05, Sys 0 00:00:33  -  Run Remote Usage
		Usr 0 00:00:00, Sys 0 00:00:00  -  Run Local Usage
		Usr 0 00:24:05, Sys 0 00:00:33  -  Total Remote Usage
		Usr 0 00:00:00, Sys 0 00:00:00  -  Total Local Usage
	1219  -  Run Bytes Sent By Job
	397  -  Run Bytes Received By Job
	1219  -  Total Bytes Sent By Job
	397  -  Total Bytes Received By Job
	Partitionable Resources :    Usage  Request Allocated 
	   Cpus                 :     0.80        1         1 
	   Disk (KB)            :   803           1 479786105 
	   Memory (MB)          :  6193        7900      8033 
...
