000 (840933.000.000) 08/15 13:26:22 Job submitted from host: <172.20.3.187:9618?addrs=172.20.3.187-9618&noUDP&sock=2043_e813_3>
...
001 (840933.000.000) 08/15 14:53:41 Job executing on host: <172.20.225.4:9618?addrs=172.20.225.4-9618&noUDP&sock=3366_5fdf_3>
...
006 (840933.000.000) 08/15 14:53:50 Image size of job updated: 21120
	21  -  MemoryUsage of job (MB)
	21120  -  ResidentSetSize of job (KB)
...
006 (840933.000.000) 08/15 14:58:51 Image size of job updated: 4923568
	4809  -  MemoryUsage of job (MB)
	4923568  -  ResidentSetSize of job (KB)
...
006 (840933.000.000) 08/15 15:03:51 Image size of job updated: 5879736
	5742  -  MemoryUsage of job (MB)
	5879736  -  ResidentSetSize of job (KB)
...
006 (840933.000.000) 08/15 15:08:52 Image size of job updated: 5881128
	5744  -  MemoryUsage of job (MB)
	5881128  -  ResidentSetSize of job (KB)
...
006 (840933.000.000) 08/15 15:13:53 Image size of job updated: 6396640
	6247  -  MemoryUsage of job (MB)
	6396640  -  ResidentSetSize of job (KB)
...
006 (840933.000.000) 08/15 15:15:40 Image size of job updated: 13661188
	6247  -  MemoryUsage of job (MB)
	6396640  -  ResidentSetSize of job (KB)
...
005 (840933.000.000) 08/15 15:15:40 Job terminated.
	(1) Normal termination (return value 0)
		Usr 0 00:22:23, Sys 0 00:00:31  -  Run Remote Usage
		Usr 0 00:00:00, Sys 0 00:00:00  -  Run Local Usage
		Usr 0 00:22:23, Sys 0 00:00:31  -  Total Remote Usage
		Usr 0 00:00:00, Sys 0 00:00:00  -  Total Local Usage
	1222  -  Run Bytes Sent By Job
	400  -  Run Bytes Received By Job
	1222  -  Total Bytes Sent By Job
	400  -  Total Bytes Received By Job
	Partitionable Resources :    Usage  Request Allocated 
	   Cpus                 :     0.62        1         1 
	   Disk (KB)            :   802           1 479779449 
	   Memory (MB)          :  6247        7900      8033 
...
