000 (837710.000.000) 08/15 12:24:25 Job submitted from host: <172.20.3.187:9618?addrs=172.20.3.187-9618&noUDP&sock=2043_e813_3>
...
001 (837710.000.000) 08/15 12:33:59 Job executing on host: <172.20.225.4:9618?addrs=172.20.225.4-9618&noUDP&sock=3366_5fdf_3>
...
006 (837710.000.000) 08/15 12:34:08 Image size of job updated: 21120
	21  -  MemoryUsage of job (MB)
	21120  -  ResidentSetSize of job (KB)
...
006 (837710.000.000) 08/15 12:34:40 Image size of job updated: 35232
	21  -  MemoryUsage of job (MB)
	21120  -  ResidentSetSize of job (KB)
...
005 (837710.000.000) 08/15 12:34:40 Job terminated.
	(1) Normal termination (return value 1)
		Usr 0 00:00:17, Sys 0 00:00:01  -  Run Remote Usage
		Usr 0 00:00:00, Sys 0 00:00:00  -  Run Local Usage
		Usr 0 00:00:17, Sys 0 00:00:01  -  Total Remote Usage
		Usr 0 00:00:00, Sys 0 00:00:00  -  Total Local Usage
	1437  -  Run Bytes Sent By Job
	392  -  Run Bytes Received By Job
	1437  -  Total Bytes Sent By Job
	392  -  Total Bytes Received By Job
	Partitionable Resources :    Usage  Request Allocated 
	   Cpus                 :     0.04        1         1 
	   Disk (KB)            :   802           1 479779449 
	   Memory (MB)          :    21        7900      8033 
...
000 (839533.000.000) 08/15 13:24:52 Job submitted from host: <172.20.3.187:9618?addrs=172.20.3.187-9618&noUDP&sock=2043_e813_3>
...
001 (839533.000.000) 08/15 13:40:17 Job executing on host: <172.20.225.1:9618?addrs=172.20.225.1-9618&noUDP&sock=3382_5963_3>
...
006 (839533.000.000) 08/15 13:40:26 Image size of job updated: 21124
	21  -  MemoryUsage of job (MB)
	21124  -  ResidentSetSize of job (KB)
...
005 (839533.000.000) 08/15 13:41:14 Job terminated.
	(1) Normal termination (return value 1)
		Usr 0 00:00:10, Sys 0 00:00:01  -  Run Remote Usage
		Usr 0 00:00:00, Sys 0 00:00:00  -  Run Local Usage
		Usr 0 00:00:10, Sys 0 00:00:01  -  Total Remote Usage
		Usr 0 00:00:00, Sys 0 00:00:00  -  Total Local Usage
	1435  -  Run Bytes Sent By Job
	392  -  Run Bytes Received By Job
	1435  -  Total Bytes Sent By Job
	392  -  Total Bytes Received By Job
	Partitionable Resources :    Usage  Request Allocated 
	   Cpus                 :     0.60        1         1 
	   Disk (KB)            :   803           1 479786105 
	   Memory (MB)          :    21        7900      8033 
...
000 (845624.000.000) 08/16 03:53:22 Job submitted from host: <172.20.3.187:9618?addrs=172.20.3.187-9618&noUDP&sock=2043_e813_3>
...
001 (845624.000.000) 08/16 04:18:14 Job executing on host: <172.20.225.5:9618?addrs=172.20.225.5-9618&noUDP&sock=3375_8c39_3>
...
006 (845624.000.000) 08/16 04:18:23 Image size of job updated: 20796
	21  -  MemoryUsage of job (MB)
	20796  -  ResidentSetSize of job (KB)
...
006 (845624.000.000) 08/16 04:23:24 Image size of job updated: 4955032
	4835  -  MemoryUsage of job (MB)
	4950020  -  ResidentSetSize of job (KB)
...
006 (845624.000.000) 08/16 04:28:25 Image size of job updated: 4955032
	4835  -  MemoryUsage of job (MB)
	4950124  -  ResidentSetSize of job (KB)
...
006 (845624.000.000) 08/16 04:33:25 Image size of job updated: 5906484
	5769  -  MemoryUsage of job (MB)
	5906484  -  ResidentSetSize of job (KB)
...
006 (845624.000.000) 08/16 04:38:26 Image size of job updated: 6007476
	5867  -  MemoryUsage of job (MB)
	6007476  -  ResidentSetSize of job (KB)
...
006 (845624.000.000) 08/16 04:41:05 Image size of job updated: 6007476
	5867  -  MemoryUsage of job (MB)
	6007496  -  ResidentSetSize of job (KB)
...
005 (845624.000.000) 08/16 04:41:06 Job terminated.
	(1) Normal termination (return value 0)
		Usr 0 00:21:55, Sys 0 00:00:26  -  Run Remote Usage
		Usr 0 00:00:00, Sys 0 00:00:00  -  Run Local Usage
		Usr 0 00:21:55, Sys 0 00:00:26  -  Total Remote Usage
		Usr 0 00:00:00, Sys 0 00:00:00  -  Total Local Usage
	1215  -  Run Bytes Sent By Job
	392  -  Run Bytes Received By Job
	1215  -  Total Bytes Sent By Job
	392  -  Total Bytes Received By Job
	Partitionable Resources :    Usage  Request Allocated 
	   Cpus                 :     1.22        1         1 
	   Disk (KB)            :   802           1 479749220 
	   Memory (MB)          :  5867        7900      8033 
...
