000 (839043.000.000) 08/15 13:24:20 Job submitted from host: <172.20.3.187:9618?addrs=172.20.3.187-9618&noUDP&sock=2043_e813_3>
...
001 (839043.000.000) 08/15 13:37:41 Job executing on host: <172.20.225.4:9618?addrs=172.20.225.4-9618&noUDP&sock=3366_5fdf_3>
...
006 (839043.000.000) 08/15 13:37:50 Image size of job updated: 20796
	21  -  MemoryUsage of job (MB)
	20796  -  ResidentSetSize of job (KB)
...
006 (839043.000.000) 08/15 13:38:20 Image size of job updated: 4266308
	21  -  MemoryUsage of job (MB)
	20796  -  ResidentSetSize of job (KB)
...
005 (839043.000.000) 08/15 13:38:20 Job terminated.
	(1) Normal termination (return value 1)
		Usr 0 00:00:20, Sys 0 00:00:02  -  Run Remote Usage
		Usr 0 00:00:00, Sys 0 00:00:00  -  Run Local Usage
		Usr 0 00:00:20, Sys 0 00:00:02  -  Total Remote Usage
		Usr 0 00:00:00, Sys 0 00:00:00  -  Total Local Usage
	1437  -  Run Bytes Sent By Job
	395  -  Run Bytes Received By Job
	1437  -  Total Bytes Sent By Job
	395  -  Total Bytes Received By Job
	Partitionable Resources :    Usage  Request Allocated 
	   Cpus                 :     2.16        1         1 
	   Disk (KB)            :   803           1 479779449 
	   Memory (MB)          :    21        7900      8033 
...
000 (845245.000.000) 08/16 03:52:38 Job submitted from host: <172.20.3.187:9618?addrs=172.20.3.187-9618&noUDP&sock=2043_e813_3>
...
001 (845245.000.000) 08/16 03:52:57 Job executing on host: <172.20.225.1:9618?addrs=172.20.225.1-9618&noUDP&sock=3382_5963_3>
...
006 (845245.000.000) 08/16 03:53:06 Image size of job updated: 21112
	21  -  MemoryUsage of job (MB)
	21112  -  ResidentSetSize of job (KB)
...
006 (845245.000.000) 08/16 03:58:07 Image size of job updated: 5080668
	4960  -  MemoryUsage of job (MB)
	5078984  -  ResidentSetSize of job (KB)
...
006 (845245.000.000) 08/16 04:03:08 Image size of job updated: 5080772
	4961  -  MemoryUsage of job (MB)
	5079088  -  ResidentSetSize of job (KB)
...
006 (845245.000.000) 08/16 04:08:08 Image size of job updated: 6036968
	5894  -  MemoryUsage of job (MB)
	6035284  -  ResidentSetSize of job (KB)
...
006 (845245.000.000) 08/16 04:13:08 Image size of job updated: 6042940
	5900  -  MemoryUsage of job (MB)
	6041248  -  ResidentSetSize of job (KB)
...
006 (845245.000.000) 08/16 04:16:47 Image size of job updated: 8143728
	5900  -  MemoryUsage of job (MB)
	6041248  -  ResidentSetSize of job (KB)
...
005 (845245.000.000) 08/16 04:16:47 Job terminated.
	(1) Normal termination (return value 0)
		Usr 0 00:22:28, Sys 0 00:00:36  -  Run Remote Usage
		Usr 0 00:00:00, Sys 0 00:00:00  -  Run Local Usage
		Usr 0 00:22:28, Sys 0 00:00:36  -  Total Remote Usage
		Usr 0 00:00:00, Sys 0 00:00:00  -  Total Local Usage
	1220  -  Run Bytes Sent By Job
	395  -  Run Bytes Received By Job
	1220  -  Total Bytes Sent By Job
	395  -  Total Bytes Received By Job
	Partitionable Resources :    Usage  Request Allocated 
	   Cpus                 :     1.00        1         1 
	   Disk (KB)            :   802           1 479786105 
	   Memory (MB)          :  5900        7900      8033 
...
