000 (844053.000.000) 08/15 13:29:46 Job submitted from host: <172.20.3.187:9618?addrs=172.20.3.187-9618&noUDP&sock=2043_e813_3>
...
001 (844053.000.000) 08/15 17:58:03 Job executing on host: <172.20.225.4:9618?addrs=172.20.225.4-9618&noUDP&sock=3366_5fdf_3>
...
006 (844053.000.000) 08/15 17:58:11 Image size of job updated: 21120
	21  -  MemoryUsage of job (MB)
	21120  -  ResidentSetSize of job (KB)
...
006 (844053.000.000) 08/15 18:03:11 Image size of job updated: 4996672
	4880  -  MemoryUsage of job (MB)
	4996672  -  ResidentSetSize of job (KB)
...
006 (844053.000.000) 08/15 18:08:13 Image size of job updated: 4996772
	4880  -  MemoryUsage of job (MB)
	4996772  -  ResidentSetSize of job (KB)
...
006 (844053.000.000) 08/15 18:13:14 Image size of job updated: 5953152
	5814  -  MemoryUsage of job (MB)
	5953152  -  ResidentSetSize of job (KB)
...
006 (844053.000.000) 08/15 18:18:14 Image size of job updated: 6353864
	6205  -  MemoryUsage of job (MB)
	6353864  -  ResidentSetSize of job (KB)
...
005 (844053.000.000) 08/15 18:21:35 Job terminated.
	(1) Normal termination (return value 0)
		Usr 0 00:22:45, Sys 0 00:00:31  -  Run Remote Usage
		Usr 0 00:00:00, Sys 0 00:00:00  -  Run Local Usage
		Usr 0 00:22:45, Sys 0 00:00:31  -  Total Remote Usage
		Usr 0 00:00:00, Sys 0 00:00:00  -  Total Local Usage
	1222  -  Run Bytes Sent By Job
	397  -  Run Bytes Received By Job
	1222  -  Total Bytes Sent By Job
	397  -  Total Bytes Received By Job
	Partitionable Resources :    Usage  Request Allocated 
	   Cpus                 :     0.84        1         1 
	   Disk (KB)            :   802           1 479779449 
	   Memory (MB)          :  6205        7900      8033 
...
