000 (839019.000.000) 08/15 13:24:18 Job submitted from host: <172.20.3.187:9618?addrs=172.20.3.187-9618&noUDP&sock=2043_e813_3>
...
001 (839019.000.000) 08/15 13:37:14 Job executing on host: <172.20.225.4:9618?addrs=172.20.225.4-9618&noUDP&sock=3366_5fdf_3>
...
006 (839019.000.000) 08/15 13:37:23 Image size of job updated: 20800
	21  -  MemoryUsage of job (MB)
	20800  -  ResidentSetSize of job (KB)
...
006 (839019.000.000) 08/15 13:37:48 Image size of job updated: 4272668
	21  -  MemoryUsage of job (MB)
	20800  -  ResidentSetSize of job (KB)
...
005 (839019.000.000) 08/15 13:37:48 Job terminated.
	(1) Normal termination (return value 1)
		Usr 0 00:00:19, Sys 0 00:00:01  -  Run Remote Usage
		Usr 0 00:00:00, Sys 0 00:00:00  -  Run Local Usage
		Usr 0 00:00:19, Sys 0 00:00:01  -  Total Remote Usage
		Usr 0 00:00:00, Sys 0 00:00:00  -  Total Local Usage
	1437  -  Run Bytes Sent By Job
	395  -  Run Bytes Received By Job
	1437  -  Total Bytes Sent By Job
	395  -  Total Bytes Received By Job
	Partitionable Resources :    Usage  Request Allocated 
	   Cpus                 :     0.95        1         1 
	   Disk (KB)            :   803           1 479779449 
	   Memory (MB)          :    21        7900      8033 
...
000 (845221.000.000) 08/16 03:52:36 Job submitted from host: <172.20.3.187:9618?addrs=172.20.3.187-9618&noUDP&sock=2043_e813_3>
...
001 (845221.000.000) 08/16 03:53:00 Job executing on host: <172.20.225.2:9618?addrs=172.20.225.2-9618&noUDP&sock=3424_285d_3>
...
006 (845221.000.000) 08/16 03:53:08 Image size of job updated: 21120
	21  -  MemoryUsage of job (MB)
	21120  -  ResidentSetSize of job (KB)
...
006 (845221.000.000) 08/16 03:58:09 Image size of job updated: 5082028
	4960  -  MemoryUsage of job (MB)
	5078904  -  ResidentSetSize of job (KB)
...
006 (845221.000.000) 08/16 04:03:10 Image size of job updated: 5082128
	4960  -  MemoryUsage of job (MB)
	5079004  -  ResidentSetSize of job (KB)
...
006 (845221.000.000) 08/16 04:08:11 Image size of job updated: 6038320
	5894  -  MemoryUsage of job (MB)
	6035196  -  ResidentSetSize of job (KB)
...
006 (845221.000.000) 08/16 04:13:11 Image size of job updated: 6044340
	5900  -  MemoryUsage of job (MB)
	6041164  -  ResidentSetSize of job (KB)
...
006 (845221.000.000) 08/16 04:16:38 Image size of job updated: 24366564
	5900  -  MemoryUsage of job (MB)
	6041164  -  ResidentSetSize of job (KB)
...
005 (845221.000.000) 08/16 04:16:38 Job terminated.
	(1) Normal termination (return value 0)
		Usr 0 00:22:09, Sys 0 00:00:33  -  Run Remote Usage
		Usr 0 00:00:00, Sys 0 00:00:00  -  Run Local Usage
		Usr 0 00:22:09, Sys 0 00:00:33  -  Total Remote Usage
		Usr 0 00:00:00, Sys 0 00:00:00  -  Total Local Usage
	1220  -  Run Bytes Sent By Job
	395  -  Run Bytes Received By Job
	1220  -  Total Bytes Sent By Job
	395  -  Total Bytes Received By Job
	Partitionable Resources :    Usage  Request Allocated 
	   Cpus                 :     1.00        1         1 
	   Disk (KB)            :   802           1 479786084 
	   Memory (MB)          :  5900        7900      8033 
...
