000 (838104.000.000) 08/15 12:24:51 Job submitted from host: <172.20.3.187:9618?addrs=172.20.3.187-9618&noUDP&sock=2043_e813_3>
...
001 (838104.000.000) 08/15 12:38:30 Job executing on host: <172.20.225.2:9618?addrs=172.20.225.2-9618&noUDP&sock=3424_285d_3>
...
006 (838104.000.000) 08/15 12:38:39 Image size of job updated: 21132
	21  -  MemoryUsage of job (MB)
	21132  -  ResidentSetSize of job (KB)
...
006 (838104.000.000) 08/15 12:43:45 Image size of job updated: 17858256
	17440  -  MemoryUsage of job (MB)
	17858252  -  ResidentSetSize of job (KB)
...
006 (838104.000.000) 08/15 12:44:26 Image size of job updated: 17858256
	17507  -  MemoryUsage of job (MB)
	17926572  -  ResidentSetSize of job (KB)
...
005 (838104.000.000) 08/15 12:44:26 Job terminated.
	(1) Normal termination (return value 137)
		Usr 0 00:04:24, Sys 0 00:00:54  -  Run Remote Usage
		Usr 0 00:00:00, Sys 0 00:00:00  -  Run Local Usage
		Usr 0 00:04:24, Sys 0 00:00:54  -  Total Remote Usage
		Usr 0 00:00:00, Sys 0 00:00:00  -  Total Local Usage
	1389  -  Run Bytes Sent By Job
	402  -  Run Bytes Received By Job
	1389  -  Total Bytes Sent By Job
	402  -  Total Bytes Received By Job
	Partitionable Resources :    Usage  Request Allocated 
	   Cpus                 :     2.24        1         1 
	   Disk (KB)            :   803           1 479786084 
	   Memory (MB)          : 17507        7900      8033 
...
000 (841382.000.000) 08/15 13:26:52 Job submitted from host: <172.20.3.187:9618?addrs=172.20.3.187-9618&noUDP&sock=2043_e813_3>
...
001 (841382.000.000) 08/15 15:14:59 Job executing on host: <172.20.225.1:9618?addrs=172.20.225.1-9618&noUDP&sock=3382_5963_3>
...
006 (841382.000.000) 08/15 15:15:07 Image size of job updated: 21112
	21  -  MemoryUsage of job (MB)
	21112  -  ResidentSetSize of job (KB)
...
006 (841382.000.000) 08/15 15:20:08 Image size of job updated: 4987304
	4871  -  MemoryUsage of job (MB)
	4987304  -  ResidentSetSize of job (KB)
...
006 (841382.000.000) 08/15 15:25:09 Image size of job updated: 5943580
	5805  -  MemoryUsage of job (MB)
	5943580  -  ResidentSetSize of job (KB)
...
006 (841382.000.000) 08/15 15:30:08 Image size of job updated: 5949564
	5811  -  MemoryUsage of job (MB)
	5949564  -  ResidentSetSize of job (KB)
...
006 (841382.000.000) 08/15 15:35:09 Image size of job updated: 6304784
	6157  -  MemoryUsage of job (MB)
	6304512  -  ResidentSetSize of job (KB)
...
006 (841382.000.000) 08/15 15:35:11 Image size of job updated: 11552144
	6157  -  MemoryUsage of job (MB)
	6304512  -  ResidentSetSize of job (KB)
...
005 (841382.000.000) 08/15 15:35:11 Job terminated.
	(1) Normal termination (return value 0)
		Usr 0 00:22:48, Sys 0 00:00:35  -  Run Remote Usage
		Usr 0 00:00:00, Sys 0 00:00:00  -  Run Local Usage
		Usr 0 00:22:48, Sys 0 00:00:35  -  Total Remote Usage
		Usr 0 00:00:00, Sys 0 00:00:00  -  Total Local Usage
	1225  -  Run Bytes Sent By Job
	402  -  Run Bytes Received By Job
	1225  -  Total Bytes Sent By Job
	402  -  Total Bytes Received By Job
	Partitionable Resources :    Usage  Request Allocated 
	   Cpus                 :     0.55        1         1 
	   Disk (KB)            :   802           1 479786105 
	   Memory (MB)          :  6157        7900      8033 
...
