000 (840279.000.000) 08/15 13:25:40 Job submitted from host: <172.20.3.187:9618?addrs=172.20.3.187-9618&noUDP&sock=2043_e813_3>
...
001 (840279.000.000) 08/15 14:27:00 Job executing on host: <172.20.225.4:9618?addrs=172.20.225.4-9618&noUDP&sock=3366_5fdf_3>
...
006 (840279.000.000) 08/15 14:27:09 Image size of job updated: 21120
	21  -  MemoryUsage of job (MB)
	21120  -  ResidentSetSize of job (KB)
...
006 (840279.000.000) 08/15 14:32:11 Image size of job updated: 5055700
	4938  -  MemoryUsage of job (MB)
	5055700  -  ResidentSetSize of job (KB)
...
006 (840279.000.000) 08/15 14:37:11 Image size of job updated: 5055804
	4938  -  MemoryUsage of job (MB)
	5055804  -  ResidentSetSize of job (KB)
...
006 (840279.000.000) 08/15 14:42:11 Image size of job updated: 6012172
	5872  -  MemoryUsage of job (MB)
	6012172  -  ResidentSetSize of job (KB)
...
006 (840279.000.000) 08/15 14:47:12 Image size of job updated: 6140400
	5995  -  MemoryUsage of job (MB)
	6138076  -  ResidentSetSize of job (KB)
...
006 (840279.000.000) 08/15 14:50:12 Image size of job updated: 6140400
	5995  -  MemoryUsage of job (MB)
	6138120  -  ResidentSetSize of job (KB)
...
005 (840279.000.000) 08/15 14:50:13 Job terminated.
	(1) Normal termination (return value 0)
		Usr 0 00:22:31, Sys 0 00:00:28  -  Run Remote Usage
		Usr 0 00:00:00, Sys 0 00:00:00  -  Run Local Usage
		Usr 0 00:22:31, Sys 0 00:00:28  -  Total Remote Usage
		Usr 0 00:00:00, Sys 0 00:00:00  -  Total Local Usage
	1229  -  Run Bytes Sent By Job
	404  -  Run Bytes Received By Job
	1229  -  Total Bytes Sent By Job
	404  -  Total Bytes Received By Job
	Partitionable Resources :    Usage  Request Allocated 
	   Cpus                 :     0.69        1         1 
	   Disk (KB)            :   802           1 479779449 
	   Memory (MB)          :  5995        7900      8033 
...
