000 (839032.000.000) 08/15 13:24:19 Job submitted from host: <172.20.3.187:9618?addrs=172.20.3.187-9618&noUDP&sock=2043_e813_3>
...
001 (839032.000.000) 08/15 13:37:17 Job executing on host: <172.20.225.6:9618?addrs=172.20.225.6-9618&noUDP&sock=3382_5963_3>
...
006 (839032.000.000) 08/15 13:37:26 Image size of job updated: 20804
	21  -  MemoryUsage of job (MB)
	20804  -  ResidentSetSize of job (KB)
...
005 (839032.000.000) 08/15 13:37:49 Job terminated.
	(1) Normal termination (return value 1)
		Usr 0 00:00:19, Sys 0 00:00:01  -  Run Remote Usage
		Usr 0 00:00:00, Sys 0 00:00:00  -  Run Local Usage
		Usr 0 00:00:19, Sys 0 00:00:01  -  Total Remote Usage
		Usr 0 00:00:00, Sys 0 00:00:00  -  Total Local Usage
	1437  -  Run Bytes Sent By Job
	395  -  Run Bytes Received By Job
	1437  -  Total Bytes Sent By Job
	395  -  Total Bytes Received By Job
	Partitionable Resources :    Usage  Request Allocated 
	   Cpus                 :     0.97        1         1 
	   Disk (KB)            :   803           1 479749220 
	   Memory (MB)          :    21        7900      8033 
...
000 (845234.000.000) 08/16 03:52:37 Job submitted from host: <172.20.3.187:9618?addrs=172.20.3.187-9618&noUDP&sock=2043_e813_3>
...
001 (845234.000.000) 08/16 03:53:03 Job executing on host: <172.20.225.2:9618?addrs=172.20.225.2-9618&noUDP&sock=3424_285d_3>
...
006 (845234.000.000) 08/16 03:53:13 Image size of job updated: 21104
	21  -  MemoryUsage of job (MB)
	21104  -  ResidentSetSize of job (KB)
...
006 (845234.000.000) 08/16 03:58:13 Image size of job updated: 5082548
	4960  -  MemoryUsage of job (MB)
	5078908  -  ResidentSetSize of job (KB)
...
006 (845234.000.000) 08/16 04:03:14 Image size of job updated: 5082644
	4960  -  MemoryUsage of job (MB)
	5079004  -  ResidentSetSize of job (KB)
...
006 (845234.000.000) 08/16 04:08:15 Image size of job updated: 6038832
	5894  -  MemoryUsage of job (MB)
	6035192  -  ResidentSetSize of job (KB)
...
006 (845234.000.000) 08/16 04:13:15 Image size of job updated: 6044868
	5900  -  MemoryUsage of job (MB)
	6041160  -  ResidentSetSize of job (KB)
...
006 (845234.000.000) 08/16 04:16:26 Image size of job updated: 13820100
	5900  -  MemoryUsage of job (MB)
	6041160  -  ResidentSetSize of job (KB)
...
005 (845234.000.000) 08/16 04:16:26 Job terminated.
	(1) Normal termination (return value 0)
		Usr 0 00:22:05, Sys 0 00:00:33  -  Run Remote Usage
		Usr 0 00:00:00, Sys 0 00:00:00  -  Run Local Usage
		Usr 0 00:22:05, Sys 0 00:00:33  -  Total Remote Usage
		Usr 0 00:00:00, Sys 0 00:00:00  -  Total Local Usage
	1220  -  Run Bytes Sent By Job
	395  -  Run Bytes Received By Job
	1220  -  Total Bytes Sent By Job
	395  -  Total Bytes Received By Job
	Partitionable Resources :    Usage  Request Allocated 
	   Cpus                 :     1.00        1         1 
	   Disk (KB)            :   802           1 479786084 
	   Memory (MB)          :  5900        7900      8033 
...
