000 (844960.000.000) 08/15 13:30:47 Job submitted from host: <172.20.3.187:9618?addrs=172.20.3.187-9618&noUDP&sock=2043_e813_3>
...
001 (844960.000.000) 08/15 19:12:05 Job executing on host: <172.20.225.5:9618?addrs=172.20.225.5-9618&noUDP&sock=3375_8c39_3>
...
006 (844960.000.000) 08/15 19:12:14 Image size of job updated: 21120
	21  -  MemoryUsage of job (MB)
	21120  -  ResidentSetSize of job (KB)
...
006 (844960.000.000) 08/15 19:17:15 Image size of job updated: 5302440
	5179  -  MemoryUsage of job (MB)
	5302440  -  ResidentSetSize of job (KB)
...
006 (844960.000.000) 08/15 19:22:16 Image size of job updated: 5302584
	5179  -  MemoryUsage of job (MB)
	5302584  -  ResidentSetSize of job (KB)
...
006 (844960.000.000) 08/15 19:27:16 Image size of job updated: 6258772
	6113  -  MemoryUsage of job (MB)
	6258772  -  ResidentSetSize of job (KB)
...
006 (844960.000.000) 08/15 19:32:17 Image size of job updated: 6666308
	6511  -  MemoryUsage of job (MB)
	6666308  -  ResidentSetSize of job (KB)
...
005 (844960.000.000) 08/15 19:33:45 Job terminated.
	(1) Normal termination (return value 0)
		Usr 0 00:23:48, Sys 0 00:00:30  -  Run Remote Usage
		Usr 0 00:00:00, Sys 0 00:00:00  -  Run Local Usage
		Usr 0 00:23:48, Sys 0 00:00:30  -  Total Remote Usage
		Usr 0 00:00:00, Sys 0 00:00:00  -  Total Local Usage
	1229  -  Run Bytes Sent By Job
	404  -  Run Bytes Received By Job
	1229  -  Total Bytes Sent By Job
	404  -  Total Bytes Received By Job
	Partitionable Resources :    Usage  Request Allocated 
	   Cpus                 :     0.90        1         1 
	   Disk (KB)            :   802           1 479749220 
	   Memory (MB)          :  6511        7900      8033 
...
