000 (842846.000.000) 08/15 13:28:26 Job submitted from host: <172.20.3.187:9618?addrs=172.20.3.187-9618&noUDP&sock=2043_e813_3>
...
001 (842846.000.000) 08/15 16:51:02 Job executing on host: <172.20.225.1:9618?addrs=172.20.225.1-9618&noUDP&sock=3382_5963_3>
...
006 (842846.000.000) 08/15 16:51:11 Image size of job updated: 21120
	21  -  MemoryUsage of job (MB)
	21120  -  ResidentSetSize of job (KB)
...
006 (842846.000.000) 08/15 16:56:12 Image size of job updated: 5245736
	5123  -  MemoryUsage of job (MB)
	5245736  -  ResidentSetSize of job (KB)
...
006 (842846.000.000) 08/15 17:01:12 Image size of job updated: 5245840
	5123  -  MemoryUsage of job (MB)
	5245840  -  ResidentSetSize of job (KB)
...
006 (842846.000.000) 08/15 17:06:13 Image size of job updated: 6202212
	6057  -  MemoryUsage of job (MB)
	6202212  -  ResidentSetSize of job (KB)
...
006 (842846.000.000) 08/15 17:11:14 Image size of job updated: 6645632
	6489  -  MemoryUsage of job (MB)
	6644348  -  ResidentSetSize of job (KB)
...
006 (842846.000.000) 08/15 17:14:06 Image size of job updated: 6645632
	6489  -  MemoryUsage of job (MB)
	6644352  -  ResidentSetSize of job (KB)
...
005 (842846.000.000) 08/15 17:14:07 Job terminated.
	(1) Normal termination (return value 0)
		Usr 0 00:23:47, Sys 0 00:00:31  -  Run Remote Usage
		Usr 0 00:00:00, Sys 0 00:00:00  -  Run Local Usage
		Usr 0 00:23:47, Sys 0 00:00:31  -  Total Remote Usage
		Usr 0 00:00:00, Sys 0 00:00:00  -  Total Local Usage
	1229  -  Run Bytes Sent By Job
	404  -  Run Bytes Received By Job
	1229  -  Total Bytes Sent By Job
	404  -  Total Bytes Received By Job
	Partitionable Resources :    Usage  Request Allocated 
	   Cpus                 :     0.66        1         1 
	   Disk (KB)            :   802           1 479786105 
	   Memory (MB)          :  6489        7900      8033 
...
