000 (843552.000.000) 08/15 13:29:13 Job submitted from host: <172.20.3.187:9618?addrs=172.20.3.187-9618&noUDP&sock=2043_e813_3>
...
001 (843552.000.000) 08/15 17:51:00 Job executing on host: <172.20.225.5:9618?addrs=172.20.225.5-9618&noUDP&sock=3375_8c39_3>
...
006 (843552.000.000) 08/15 17:51:08 Image size of job updated: 21116
	21  -  MemoryUsage of job (MB)
	21116  -  ResidentSetSize of job (KB)
...
006 (843552.000.000) 08/15 17:52:00 Image size of job updated: 21304
	21  -  MemoryUsage of job (MB)
	21116  -  ResidentSetSize of job (KB)
...
005 (843552.000.000) 08/15 17:52:00 Job terminated.
	(1) Normal termination (return value 1)
		Usr 0 00:00:14, Sys 0 00:00:01  -  Run Remote Usage
		Usr 0 00:00:00, Sys 0 00:00:00  -  Run Local Usage
		Usr 0 00:00:14, Sys 0 00:00:01  -  Total Remote Usage
		Usr 0 00:00:00, Sys 0 00:00:00  -  Total Local Usage
	1437  -  Run Bytes Sent By Job
	393  -  Run Bytes Received By Job
	1437  -  Total Bytes Sent By Job
	393  -  Total Bytes Received By Job
	Partitionable Resources :    Usage  Request Allocated 
	   Cpus                 :     0.50        1         1 
	   Disk (KB)            :   803           1 479749220 
	   Memory (MB)          :    21        7900      8033 
...
000 (846818.000.000) 08/16 03:54:38 Job submitted from host: <172.20.3.187:9618?addrs=172.20.3.187-9618&noUDP&sock=2043_e813_3>
...
001 (846818.000.000) 08/16 05:59:10 Job executing on host: <172.20.225.1:9618?addrs=172.20.225.1-9618&noUDP&sock=3382_5963_3>
...
006 (846818.000.000) 08/16 05:59:20 Image size of job updated: 21108
	21  -  MemoryUsage of job (MB)
	21108  -  ResidentSetSize of job (KB)
...
006 (846818.000.000) 08/16 06:04:20 Image size of job updated: 5009920
	4893  -  MemoryUsage of job (MB)
	5009920  -  ResidentSetSize of job (KB)
...
006 (846818.000.000) 08/16 06:09:21 Image size of job updated: 5010024
	4893  -  MemoryUsage of job (MB)
	5010024  -  ResidentSetSize of job (KB)
...
006 (846818.000.000) 08/16 06:14:21 Image size of job updated: 5966404
	5827  -  MemoryUsage of job (MB)
	5966404  -  ResidentSetSize of job (KB)
...
006 (846818.000.000) 08/16 06:19:22 Image size of job updated: 7414496
	7241  -  MemoryUsage of job (MB)
	7414496  -  ResidentSetSize of job (KB)
...
006 (846818.000.000) 08/16 06:22:04 Image size of job updated: 7501136
	7241  -  MemoryUsage of job (MB)
	7414516  -  ResidentSetSize of job (KB)
...
005 (846818.000.000) 08/16 06:22:04 Job terminated.
	(1) Normal termination (return value 0)
		Usr 0 00:22:55, Sys 0 00:00:29  -  Run Remote Usage
		Usr 0 00:00:00, Sys 0 00:00:00  -  Run Local Usage
		Usr 0 00:22:55, Sys 0 00:00:29  -  Total Remote Usage
		Usr 0 00:00:00, Sys 0 00:00:00  -  Total Local Usage
	1218  -  Run Bytes Sent By Job
	393  -  Run Bytes Received By Job
	1218  -  Total Bytes Sent By Job
	393  -  Total Bytes Received By Job
	Partitionable Resources :    Usage  Request Allocated 
	   Cpus                 :     0.59        1         1 
	   Disk (KB)            :   802           1 479786105 
	   Memory (MB)          :  7241        7900      8033 
...
