000 (844846.000.000) 08/15 13:30:39 Job submitted from host: <172.20.3.187:9618?addrs=172.20.3.187-9618&noUDP&sock=2043_e813_3>
...
001 (844846.000.000) 08/15 19:08:02 Job executing on host: <172.20.225.8:9618?addrs=172.20.225.8-9618&noUDP&sock=3440_21e1_3>
...
006 (844846.000.000) 08/15 19:08:10 Image size of job updated: 21112
	21  -  MemoryUsage of job (MB)
	21112  -  ResidentSetSize of job (KB)
...
006 (844846.000.000) 08/15 19:13:11 Image size of job updated: 5302684
	5179  -  MemoryUsage of job (MB)
	5302684  -  ResidentSetSize of job (KB)
...
006 (844846.000.000) 08/15 19:18:11 Image size of job updated: 5302808
	5179  -  MemoryUsage of job (MB)
	5302808  -  ResidentSetSize of job (KB)
...
006 (844846.000.000) 08/15 19:23:11 Image size of job updated: 6259176
	6113  -  MemoryUsage of job (MB)
	6259176  -  ResidentSetSize of job (KB)
...
006 (844846.000.000) 08/15 19:28:12 Image size of job updated: 6395808
	6246  -  MemoryUsage of job (MB)
	6395808  -  ResidentSetSize of job (KB)
...
006 (844846.000.000) 08/15 19:30:55 Image size of job updated: 6916288
	6246  -  MemoryUsage of job (MB)
	6395828  -  ResidentSetSize of job (KB)
...
005 (844846.000.000) 08/15 19:30:55 Job terminated.
	(1) Normal termination (return value 0)
		Usr 0 00:23:40, Sys 0 00:00:35  -  Run Remote Usage
		Usr 0 00:00:00, Sys 0 00:00:00  -  Run Local Usage
		Usr 0 00:23:40, Sys 0 00:00:35  -  Total Remote Usage
		Usr 0 00:00:00, Sys 0 00:00:00  -  Total Local Usage
	1229  -  Run Bytes Sent By Job
	404  -  Run Bytes Received By Job
	1229  -  Total Bytes Sent By Job
	404  -  Total Bytes Received By Job
	Partitionable Resources :    Usage  Request Allocated 
	   Cpus                 :     0.72        1         1 
	   Disk (KB)            :   802           1 479737977 
	   Memory (MB)          :  6246        7900      8033 
...
