000 (843118.000.000) 08/15 13:28:45 Job submitted from host: <172.20.3.187:9618?addrs=172.20.3.187-9618&noUDP&sock=2043_e813_3>
...
001 (843118.000.000) 08/15 17:16:02 Job executing on host: <172.20.225.2:9618?addrs=172.20.225.2-9618&noUDP&sock=3424_285d_3>
...
006 (843118.000.000) 08/15 17:16:10 Image size of job updated: 21116
	21  -  MemoryUsage of job (MB)
	21116  -  ResidentSetSize of job (KB)
...
006 (843118.000.000) 08/15 17:21:10 Image size of job updated: 5245720
	5123  -  MemoryUsage of job (MB)
	5245720  -  ResidentSetSize of job (KB)
...
006 (843118.000.000) 08/15 17:26:11 Image size of job updated: 5245852
	5123  -  MemoryUsage of job (MB)
	5245852  -  ResidentSetSize of job (KB)
...
006 (843118.000.000) 08/15 17:31:11 Image size of job updated: 6202216
	6057  -  MemoryUsage of job (MB)
	6202216  -  ResidentSetSize of job (KB)
...
006 (843118.000.000) 08/15 17:36:12 Image size of job updated: 6321804
	6174  -  MemoryUsage of job (MB)
	6321768  -  ResidentSetSize of job (KB)
...
006 (843118.000.000) 08/15 17:39:59 Image size of job updated: 6321804
	6174  -  MemoryUsage of job (MB)
	6321812  -  ResidentSetSize of job (KB)
...
005 (843118.000.000) 08/15 17:40:01 Job terminated.
	(1) Normal termination (return value 0)
		Usr 0 00:23:47, Sys 0 00:00:33  -  Run Remote Usage
		Usr 0 00:00:00, Sys 0 00:00:00  -  Run Local Usage
		Usr 0 00:23:47, Sys 0 00:00:33  -  Total Remote Usage
		Usr 0 00:00:00, Sys 0 00:00:00  -  Total Local Usage
	1229  -  Run Bytes Sent By Job
	404  -  Run Bytes Received By Job
	1229  -  Total Bytes Sent By Job
	404  -  Total Bytes Received By Job
	Partitionable Resources :    Usage  Request Allocated 
	   Cpus                 :        0        1         1 
	   Disk (KB)            :      802        1 479786084 
	   Memory (MB)          :     6174     7900      8033 
...
