000 (844832.000.000) 08/15 13:30:38 Job submitted from host: <172.20.3.187:9618?addrs=172.20.3.187-9618&noUDP&sock=2043_e813_3>
...
001 (844832.000.000) 08/15 19:07:01 Job executing on host: <172.20.225.8:9618?addrs=172.20.225.8-9618&noUDP&sock=3440_21e1_3>
...
006 (844832.000.000) 08/15 19:07:10 Image size of job updated: 21120
	21  -  MemoryUsage of job (MB)
	21120  -  ResidentSetSize of job (KB)
...
006 (844832.000.000) 08/15 19:12:12 Image size of job updated: 5302748
	5179  -  MemoryUsage of job (MB)
	5302748  -  ResidentSetSize of job (KB)
...
006 (844832.000.000) 08/15 19:17:12 Image size of job updated: 5302852
	5179  -  MemoryUsage of job (MB)
	5302852  -  ResidentSetSize of job (KB)
...
006 (844832.000.000) 08/15 19:22:13 Image size of job updated: 6259224
	6113  -  MemoryUsage of job (MB)
	6259224  -  ResidentSetSize of job (KB)
...
006 (844832.000.000) 08/15 19:27:13 Image size of job updated: 6670412
	6515  -  MemoryUsage of job (MB)
	6670412  -  ResidentSetSize of job (KB)
...
006 (844832.000.000) 08/15 19:28:39 Image size of job updated: 6921184
	6515  -  MemoryUsage of job (MB)
	6670444  -  ResidentSetSize of job (KB)
...
005 (844832.000.000) 08/15 19:28:39 Job terminated.
	(1) Normal termination (return value 0)
		Usr 0 00:23:26, Sys 0 00:00:33  -  Run Remote Usage
		Usr 0 00:00:00, Sys 0 00:00:00  -  Run Local Usage
		Usr 0 00:23:26, Sys 0 00:00:33  -  Total Remote Usage
		Usr 0 00:00:00, Sys 0 00:00:00  -  Total Local Usage
	1229  -  Run Bytes Sent By Job
	404  -  Run Bytes Received By Job
	1229  -  Total Bytes Sent By Job
	404  -  Total Bytes Received By Job
	Partitionable Resources :    Usage  Request Allocated 
	   Cpus                 :     1.12        1         1 
	   Disk (KB)            :   802           1 479737977 
	   Memory (MB)          :  6515        7900      8033 
...
