000 (840268.000.000) 08/15 13:25:39 Job submitted from host: <172.20.3.187:9618?addrs=172.20.3.187-9618&noUDP&sock=2043_e813_3>
...
001 (840268.000.000) 08/15 14:26:02 Job executing on host: <172.20.225.5:9618?addrs=172.20.225.5-9618&noUDP&sock=3375_8c39_3>
...
006 (840268.000.000) 08/15 14:26:10 Image size of job updated: 21104
	21  -  MemoryUsage of job (MB)
	21104  -  ResidentSetSize of job (KB)
...
006 (840268.000.000) 08/15 14:31:11 Image size of job updated: 5055384
	4937  -  MemoryUsage of job (MB)
	5055384  -  ResidentSetSize of job (KB)
...
006 (840268.000.000) 08/15 14:36:11 Image size of job updated: 5055488
	4937  -  MemoryUsage of job (MB)
	5055488  -  ResidentSetSize of job (KB)
...
006 (840268.000.000) 08/15 14:41:11 Image size of job updated: 6011864
	5871  -  MemoryUsage of job (MB)
	6011864  -  ResidentSetSize of job (KB)
...
006 (840268.000.000) 08/15 14:46:12 Image size of job updated: 6389364
	6240  -  MemoryUsage of job (MB)
	6389364  -  ResidentSetSize of job (KB)
...
006 (840268.000.000) 08/15 14:48:05 Image size of job updated: 13793932
	6240  -  MemoryUsage of job (MB)
	6389368  -  ResidentSetSize of job (KB)
...
005 (840268.000.000) 08/15 14:48:05 Job terminated.
	(1) Normal termination (return value 0)
		Usr 0 00:23:12, Sys 0 00:00:28  -  Run Remote Usage
		Usr 0 00:00:00, Sys 0 00:00:00  -  Run Local Usage
		Usr 0 00:23:12, Sys 0 00:00:28  -  Total Remote Usage
		Usr 0 00:00:00, Sys 0 00:00:00  -  Total Local Usage
	1229  -  Run Bytes Sent By Job
	404  -  Run Bytes Received By Job
	1229  -  Total Bytes Sent By Job
	404  -  Total Bytes Received By Job
	Partitionable Resources :    Usage  Request Allocated 
	   Cpus                 :     0.67        1         1 
	   Disk (KB)            :   802           1 479749220 
	   Memory (MB)          :  6240        7900      8033 
...
