000 (840432.000.000) 08/15 13:25:50 Job submitted from host: <172.20.3.187:9618?addrs=172.20.3.187-9618&noUDP&sock=2043_e813_3>
...
001 (840432.000.000) 08/15 14:41:57 Job executing on host: <172.20.225.8:9618?addrs=172.20.225.8-9618&noUDP&sock=3440_21e1_3>
...
006 (840432.000.000) 08/15 14:42:06 Image size of job updated: 21112
	21  -  MemoryUsage of job (MB)
	21112  -  ResidentSetSize of job (KB)
...
006 (840432.000.000) 08/15 14:47:08 Image size of job updated: 5055728
	4938  -  MemoryUsage of job (MB)
	5055728  -  ResidentSetSize of job (KB)
...
006 (840432.000.000) 08/15 14:52:09 Image size of job updated: 6011892
	5871  -  MemoryUsage of job (MB)
	6011892  -  ResidentSetSize of job (KB)
...
006 (840432.000.000) 08/15 14:57:11 Image size of job updated: 6013288
	5873  -  MemoryUsage of job (MB)
	6013288  -  ResidentSetSize of job (KB)
...
006 (840432.000.000) 08/15 15:02:11 Image size of job updated: 6527816
	6375  -  MemoryUsage of job (MB)
	6527816  -  ResidentSetSize of job (KB)
...
005 (840432.000.000) 08/15 15:03:21 Job terminated.
	(1) Normal termination (return value 0)
		Usr 0 00:23:24, Sys 0 00:00:36  -  Run Remote Usage
		Usr 0 00:00:00, Sys 0 00:00:00  -  Run Local Usage
		Usr 0 00:23:24, Sys 0 00:00:36  -  Total Remote Usage
		Usr 0 00:00:00, Sys 0 00:00:00  -  Total Local Usage
	1229  -  Run Bytes Sent By Job
	404  -  Run Bytes Received By Job
	1229  -  Total Bytes Sent By Job
	404  -  Total Bytes Received By Job
	Partitionable Resources :    Usage  Request Allocated 
	   Cpus                 :     0.53        1         1 
	   Disk (KB)            :   802           1 479737977 
	   Memory (MB)          :  6375        7900      8033 
...
