000 (837854.000.000) 08/15 12:24:34 Job submitted from host: <172.20.3.187:9618?addrs=172.20.3.187-9618&noUDP&sock=2043_e813_3>
...
001 (837854.000.000) 08/15 12:34:58 Job executing on host: <172.20.225.4:9618?addrs=172.20.225.4-9618&noUDP&sock=3366_5fdf_3>
...
006 (837854.000.000) 08/15 12:35:06 Image size of job updated: 20796
	21  -  MemoryUsage of job (MB)
	20796  -  ResidentSetSize of job (KB)
...
006 (837854.000.000) 08/15 12:39:25 Image size of job updated: 11864784
	21  -  MemoryUsage of job (MB)
	20796  -  ResidentSetSize of job (KB)
...
005 (837854.000.000) 08/15 12:39:25 Job terminated.
	(1) Normal termination (return value 137)
		Usr 0 00:05:54, Sys 0 00:00:44  -  Run Remote Usage
		Usr 0 00:00:00, Sys 0 00:00:00  -  Run Local Usage
		Usr 0 00:05:54, Sys 0 00:00:44  -  Total Remote Usage
		Usr 0 00:00:00, Sys 0 00:00:00  -  Total Local Usage
	1390  -  Run Bytes Sent By Job
	403  -  Run Bytes Received By Job
	1390  -  Total Bytes Sent By Job
	403  -  Total Bytes Received By Job
	Partitionable Resources :    Usage  Request Allocated 
	   Cpus                 :     2.82        1         1 
	   Disk (KB)            :   803           1 479779449 
	   Memory (MB)          :    21        7900      8033 
...
000 (840150.000.000) 08/15 13:25:31 Job submitted from host: <172.20.3.187:9618?addrs=172.20.3.187-9618&noUDP&sock=2043_e813_3>
...
001 (840150.000.000) 08/15 14:19:00 Job executing on host: <172.20.225.2:9618?addrs=172.20.225.2-9618&noUDP&sock=3424_285d_3>
...
006 (840150.000.000) 08/15 14:19:08 Image size of job updated: 21104
	21  -  MemoryUsage of job (MB)
	21104  -  ResidentSetSize of job (KB)
...
006 (840150.000.000) 08/15 14:24:08 Image size of job updated: 5055508
	4938  -  MemoryUsage of job (MB)
	5055508  -  ResidentSetSize of job (KB)
...
006 (840150.000.000) 08/15 14:29:09 Image size of job updated: 6011676
	5871  -  MemoryUsage of job (MB)
	6011676  -  ResidentSetSize of job (KB)
...
006 (840150.000.000) 08/15 14:34:09 Image size of job updated: 6013076
	5873  -  MemoryUsage of job (MB)
	6013076  -  ResidentSetSize of job (KB)
...
006 (840150.000.000) 08/15 14:39:09 Image size of job updated: 6550024
	6396  -  MemoryUsage of job (MB)
	6548792  -  ResidentSetSize of job (KB)
...
005 (840150.000.000) 08/15 14:40:05 Job terminated.
	(1) Normal termination (return value 0)
		Usr 0 00:22:36, Sys 0 00:00:33  -  Run Remote Usage
		Usr 0 00:00:00, Sys 0 00:00:00  -  Run Local Usage
		Usr 0 00:22:36, Sys 0 00:00:33  -  Total Remote Usage
		Usr 0 00:00:00, Sys 0 00:00:00  -  Total Local Usage
	1226  -  Run Bytes Sent By Job
	403  -  Run Bytes Received By Job
	1226  -  Total Bytes Sent By Job
	403  -  Total Bytes Received By Job
	Partitionable Resources :    Usage  Request Allocated 
	   Cpus                 :     0.55        1         1 
	   Disk (KB)            :   802           1 479786084 
	   Memory (MB)          :  6396        7900      8033 
...
