000 (837664.000.000) 08/15 12:24:22 Job submitted from host: <172.20.3.187:9618?addrs=172.20.3.187-9618&noUDP&sock=2043_e813_3>
...
001 (837664.000.000) 08/15 12:33:29 Job executing on host: <172.20.225.6:9618?addrs=172.20.225.6-9618&noUDP&sock=3382_5963_3>
...
006 (837664.000.000) 08/15 12:33:38 Image size of job updated: 20816
	21  -  MemoryUsage of job (MB)
	20816  -  ResidentSetSize of job (KB)
...
006 (837664.000.000) 08/15 12:36:46 Image size of job updated: 3522760
	21  -  MemoryUsage of job (MB)
	20816  -  ResidentSetSize of job (KB)
...
005 (837664.000.000) 08/15 12:36:46 Job terminated.
	(1) Normal termination (return value 137)
		Usr 0 00:04:19, Sys 0 00:00:39  -  Run Remote Usage
		Usr 0 00:00:00, Sys 0 00:00:00  -  Run Local Usage
		Usr 0 00:04:19, Sys 0 00:00:39  -  Total Remote Usage
		Usr 0 00:00:00, Sys 0 00:00:00  -  Total Local Usage
	1381  -  Run Bytes Sent By Job
	396  -  Run Bytes Received By Job
	1381  -  Total Bytes Sent By Job
	396  -  Total Bytes Received By Job
	Partitionable Resources :    Usage  Request Allocated 
	   Cpus                 :     0.34        1         1 
	   Disk (KB)            :   803           1 479749220 
	   Memory (MB)          :    21        7900      8033 
...
000 (839403.000.000) 08/15 13:24:43 Job submitted from host: <172.20.3.187:9618?addrs=172.20.3.187-9618&noUDP&sock=2043_e813_3>
...
001 (839403.000.000) 08/15 13:39:29 Job executing on host: <172.20.225.5:9618?addrs=172.20.225.5-9618&noUDP&sock=3375_8c39_3>
...
006 (839403.000.000) 08/15 13:39:38 Image size of job updated: 20796
	21  -  MemoryUsage of job (MB)
	20796  -  ResidentSetSize of job (KB)
...
006 (839403.000.000) 08/15 13:44:40 Image size of job updated: 4923724
	4809  -  MemoryUsage of job (MB)
	4923724  -  ResidentSetSize of job (KB)
...
006 (839403.000.000) 08/15 13:49:40 Image size of job updated: 5879984
	5743  -  MemoryUsage of job (MB)
	5879984  -  ResidentSetSize of job (KB)
...
006 (839403.000.000) 08/15 13:54:41 Image size of job updated: 5885964
	5749  -  MemoryUsage of job (MB)
	5885964  -  ResidentSetSize of job (KB)
...
005 (839403.000.000) 08/15 13:59:09 Job terminated.
	(1) Normal termination (return value 0)
		Usr 0 00:23:41, Sys 0 00:00:35  -  Run Remote Usage
		Usr 0 00:00:00, Sys 0 00:00:00  -  Run Local Usage
		Usr 0 00:23:41, Sys 0 00:00:35  -  Total Remote Usage
		Usr 0 00:00:00, Sys 0 00:00:00  -  Total Local Usage
	1216  -  Run Bytes Sent By Job
	396  -  Run Bytes Received By Job
	1216  -  Total Bytes Sent By Job
	396  -  Total Bytes Received By Job
	Partitionable Resources :    Usage  Request Allocated 
	   Cpus                 :     0.79        1         1 
	   Disk (KB)            :   803           1 479749220 
	   Memory (MB)          :  5749        7900      8033 
...
