000 (842043.000.000) 08/15 13:27:34 Job submitted from host: <172.20.3.187:9618?addrs=172.20.3.187-9618&noUDP&sock=2043_e813_3>
...
001 (842043.000.000) 08/15 16:00:19 Job executing on host: <172.20.225.1:9618?addrs=172.20.225.1-9618&noUDP&sock=3382_5963_3>
...
006 (842043.000.000) 08/15 16:00:28 Image size of job updated: 21116
	21  -  MemoryUsage of job (MB)
	21116  -  ResidentSetSize of job (KB)
...
006 (842043.000.000) 08/15 16:05:29 Image size of job updated: 4958060
	4842  -  MemoryUsage of job (MB)
	4958060  -  ResidentSetSize of job (KB)
...
006 (842043.000.000) 08/15 16:10:30 Image size of job updated: 5914220
	5776  -  MemoryUsage of job (MB)
	5914220  -  ResidentSetSize of job (KB)
...
006 (842043.000.000) 08/15 16:15:30 Image size of job updated: 5915620
	5777  -  MemoryUsage of job (MB)
	5915620  -  ResidentSetSize of job (KB)
...
006 (842043.000.000) 08/15 16:20:30 Image size of job updated: 6351448
	6203  -  MemoryUsage of job (MB)
	6351420  -  ResidentSetSize of job (KB)
...
005 (842043.000.000) 08/15 16:22:22 Job terminated.
	(1) Normal termination (return value 0)
		Usr 0 00:23:22, Sys 0 00:00:35  -  Run Remote Usage
		Usr 0 00:00:00, Sys 0 00:00:00  -  Run Local Usage
		Usr 0 00:23:22, Sys 0 00:00:35  -  Total Remote Usage
		Usr 0 00:00:00, Sys 0 00:00:00  -  Total Local Usage
	1219  -  Run Bytes Sent By Job
	397  -  Run Bytes Received By Job
	1219  -  Total Bytes Sent By Job
	397  -  Total Bytes Received By Job
	Partitionable Resources :    Usage  Request Allocated 
	   Cpus                 :     0.89        1         1 
	   Disk (KB)            :   803           1 479786105 
	   Memory (MB)          :  6203        7900      8033 
...
