000 (839023.000.000) 08/15 13:24:19 Job submitted from host: <172.20.3.187:9618?addrs=172.20.3.187-9618&noUDP&sock=2043_e813_3>
...
001 (839023.000.000) 08/15 13:37:12 Job executing on host: <172.20.225.6:9618?addrs=172.20.225.6-9618&noUDP&sock=3382_5963_3>
...
006 (839023.000.000) 08/15 13:37:21 Image size of job updated: 20804
	21  -  MemoryUsage of job (MB)
	20804  -  ResidentSetSize of job (KB)
...
005 (839023.000.000) 08/15 13:37:44 Job terminated.
	(1) Normal termination (return value 1)
		Usr 0 00:00:19, Sys 0 00:00:01  -  Run Remote Usage
		Usr 0 00:00:00, Sys 0 00:00:00  -  Run Local Usage
		Usr 0 00:00:19, Sys 0 00:00:01  -  Total Remote Usage
		Usr 0 00:00:00, Sys 0 00:00:00  -  Total Local Usage
	1437  -  Run Bytes Sent By Job
	395  -  Run Bytes Received By Job
	1437  -  Total Bytes Sent By Job
	395  -  Total Bytes Received By Job
	Partitionable Resources :    Usage  Request Allocated 
	   Cpus                 :     0.96        1         1 
	   Disk (KB)            :   803           1 479749220 
	   Memory (MB)          :    21        7900      8033 
...
000 (845225.000.000) 08/16 03:52:36 Job submitted from host: <172.20.3.187:9618?addrs=172.20.3.187-9618&noUDP&sock=2043_e813_3>
...
001 (845225.000.000) 08/16 03:53:01 Job executing on host: <172.20.225.2:9618?addrs=172.20.225.2-9618&noUDP&sock=3424_285d_3>
...
006 (845225.000.000) 08/16 03:53:09 Image size of job updated: 21116
	21  -  MemoryUsage of job (MB)
	21116  -  ResidentSetSize of job (KB)
...
006 (845225.000.000) 08/16 03:58:10 Image size of job updated: 5081592
	4960  -  MemoryUsage of job (MB)
	5078896  -  ResidentSetSize of job (KB)
...
006 (845225.000.000) 08/16 04:03:11 Image size of job updated: 5081696
	4960  -  MemoryUsage of job (MB)
	5079000  -  ResidentSetSize of job (KB)
...
006 (845225.000.000) 08/16 04:08:11 Image size of job updated: 6037884
	5894  -  MemoryUsage of job (MB)
	6035188  -  ResidentSetSize of job (KB)
...
006 (845225.000.000) 08/16 04:13:11 Image size of job updated: 6043904
	5900  -  MemoryUsage of job (MB)
	6041156  -  ResidentSetSize of job (KB)
...
006 (845225.000.000) 08/16 04:16:42 Image size of job updated: 6412540
	5900  -  MemoryUsage of job (MB)
	6041156  -  ResidentSetSize of job (KB)
...
005 (845225.000.000) 08/16 04:16:42 Job terminated.
	(1) Normal termination (return value 0)
		Usr 0 00:22:09, Sys 0 00:00:33  -  Run Remote Usage
		Usr 0 00:00:00, Sys 0 00:00:00  -  Run Local Usage
		Usr 0 00:22:09, Sys 0 00:00:33  -  Total Remote Usage
		Usr 0 00:00:00, Sys 0 00:00:00  -  Total Local Usage
	1220  -  Run Bytes Sent By Job
	395  -  Run Bytes Received By Job
	1220  -  Total Bytes Sent By Job
	395  -  Total Bytes Received By Job
	Partitionable Resources :    Usage  Request Allocated 
	   Cpus                 :     1.00        1         1 
	   Disk (KB)            :   802           1 479786084 
	   Memory (MB)          :  5900        7900      8033 
...
