000 (841965.000.000) 08/15 13:27:29 Job submitted from host: <172.20.3.187:9618?addrs=172.20.3.187-9618&noUDP&sock=2043_e813_3>
...
001 (841965.000.000) 08/15 15:59:00 Job executing on host: <172.20.225.5:9618?addrs=172.20.225.5-9618&noUDP&sock=3375_8c39_3>
...
006 (841965.000.000) 08/15 15:59:09 Image size of job updated: 20792
	21  -  MemoryUsage of job (MB)
	20792  -  ResidentSetSize of job (KB)
...
006 (841965.000.000) 08/15 15:59:37 Image size of job updated: 4148764
	21  -  MemoryUsage of job (MB)
	20792  -  ResidentSetSize of job (KB)
...
005 (841965.000.000) 08/15 15:59:37 Job terminated.
	(1) Normal termination (return value 1)
		Usr 0 00:00:14, Sys 0 00:00:01  -  Run Remote Usage
		Usr 0 00:00:00, Sys 0 00:00:00  -  Run Local Usage
		Usr 0 00:00:14, Sys 0 00:00:01  -  Total Remote Usage
		Usr 0 00:00:00, Sys 0 00:00:00  -  Total Local Usage
	1435  -  Run Bytes Sent By Job
	394  -  Run Bytes Received By Job
	1435  -  Total Bytes Sent By Job
	394  -  Total Bytes Received By Job
	Partitionable Resources :    Usage  Request Allocated 
	   Cpus                 :     0.04        1         1 
	   Disk (KB)            :   803           1 479749220 
	   Memory (MB)          :    21        7900      8033 
...
000 (846491.000.000) 08/16 03:54:18 Job submitted from host: <172.20.3.187:9618?addrs=172.20.3.187-9618&noUDP&sock=2043_e813_3>
...
001 (846491.000.000) 08/16 05:32:11 Job executing on host: <172.20.225.4:9618?addrs=172.20.225.4-9618&noUDP&sock=3366_5fdf_3>
...
006 (846491.000.000) 08/16 05:32:19 Image size of job updated: 21120
	21  -  MemoryUsage of job (MB)
	21120  -  ResidentSetSize of job (KB)
...
006 (846491.000.000) 08/16 05:37:19 Image size of job updated: 4961416
	4846  -  MemoryUsage of job (MB)
	4961416  -  ResidentSetSize of job (KB)
...
006 (846491.000.000) 08/16 05:42:20 Image size of job updated: 4961520
	4846  -  MemoryUsage of job (MB)
	4961520  -  ResidentSetSize of job (KB)
...
006 (846491.000.000) 08/16 05:47:21 Image size of job updated: 5917900
	5780  -  MemoryUsage of job (MB)
	5917900  -  ResidentSetSize of job (KB)
...
006 (846491.000.000) 08/16 05:52:22 Image size of job updated: 6599988
	6446  -  MemoryUsage of job (MB)
	6599964  -  ResidentSetSize of job (KB)
...
006 (846491.000.000) 08/16 05:54:38 Image size of job updated: 6599988
	6446  -  MemoryUsage of job (MB)
	6600000  -  ResidentSetSize of job (KB)
...
005 (846491.000.000) 08/16 05:54:38 Job terminated.
	(1) Normal termination (return value 0)
		Usr 0 00:22:05, Sys 0 00:00:27  -  Run Remote Usage
		Usr 0 00:00:00, Sys 0 00:00:00  -  Run Local Usage
		Usr 0 00:22:05, Sys 0 00:00:27  -  Total Remote Usage
		Usr 0 00:00:00, Sys 0 00:00:00  -  Total Local Usage
	1217  -  Run Bytes Sent By Job
	394  -  Run Bytes Received By Job
	1217  -  Total Bytes Sent By Job
	394  -  Total Bytes Received By Job
	Partitionable Resources :    Usage  Request Allocated 
	   Cpus                 :     0.71        1         1 
	   Disk (KB)            :   802           1 479779449 
	   Memory (MB)          :  6446        7900      8033 
...
