000 (841532.000.000) 08/15 13:27:01 Job submitted from host: <172.20.3.187:9618?addrs=172.20.3.187-9618&noUDP&sock=2043_e813_3>
...
001 (841532.000.000) 08/15 15:20:04 Job executing on host: <172.20.225.1:9618?addrs=172.20.225.1-9618&noUDP&sock=3382_5963_3>
...
006 (841532.000.000) 08/15 15:20:13 Image size of job updated: 21116
	21  -  MemoryUsage of job (MB)
	21116  -  ResidentSetSize of job (KB)
...
006 (841532.000.000) 08/15 15:25:14 Image size of job updated: 4987408
	4871  -  MemoryUsage of job (MB)
	4987408  -  ResidentSetSize of job (KB)
...
006 (841532.000.000) 08/15 15:30:15 Image size of job updated: 4987504
	4871  -  MemoryUsage of job (MB)
	4987504  -  ResidentSetSize of job (KB)
...
006 (841532.000.000) 08/15 15:35:16 Image size of job updated: 5943884
	5805  -  MemoryUsage of job (MB)
	5943884  -  ResidentSetSize of job (KB)
...
006 (841532.000.000) 08/15 15:40:17 Image size of job updated: 6610556
	6456  -  MemoryUsage of job (MB)
	6610488  -  ResidentSetSize of job (KB)
...
006 (841532.000.000) 08/15 15:41:40 Image size of job updated: 14236044
	6456  -  MemoryUsage of job (MB)
	6610488  -  ResidentSetSize of job (KB)
...
005 (841532.000.000) 08/15 15:41:40 Job terminated.
	(1) Normal termination (return value 0)
		Usr 0 00:23:15, Sys 0 00:00:27  -  Run Remote Usage
		Usr 0 00:00:00, Sys 0 00:00:00  -  Run Local Usage
		Usr 0 00:23:15, Sys 0 00:00:27  -  Total Remote Usage
		Usr 0 00:00:00, Sys 0 00:00:00  -  Total Local Usage
	1228  -  Run Bytes Sent By Job
	403  -  Run Bytes Received By Job
	1228  -  Total Bytes Sent By Job
	403  -  Total Bytes Received By Job
	Partitionable Resources :    Usage  Request Allocated 
	   Cpus                 :     0.69        1         1 
	   Disk (KB)            :   802           1 479786105 
	   Memory (MB)          :  6456        7900      8033 
...
