000 (841340.000.000) 08/15 13:26:49 Job submitted from host: <172.20.3.187:9618?addrs=172.20.3.187-9618&noUDP&sock=2043_e813_3>
...
001 (841340.000.000) 08/15 15:03:59 Job executing on host: <172.20.225.4:9618?addrs=172.20.225.4-9618&noUDP&sock=3366_5fdf_3>
...
006 (841340.000.000) 08/15 15:04:08 Image size of job updated: 21112
	21  -  MemoryUsage of job (MB)
	21112  -  ResidentSetSize of job (KB)
...
006 (841340.000.000) 08/15 15:09:08 Image size of job updated: 4947644
	4809  -  MemoryUsage of job (MB)
	4923892  -  ResidentSetSize of job (KB)
...
006 (841340.000.000) 08/15 15:14:09 Image size of job updated: 4948644
	4809  -  MemoryUsage of job (MB)
	4923996  -  ResidentSetSize of job (KB)
...
006 (841340.000.000) 08/15 15:19:09 Image size of job updated: 5880376
	5743  -  MemoryUsage of job (MB)
	5880376  -  ResidentSetSize of job (KB)
...
006 (841340.000.000) 08/15 15:24:10 Image size of job updated: 6478232
	6324  -  MemoryUsage of job (MB)
	6475032  -  ResidentSetSize of job (KB)
...
006 (841340.000.000) 08/15 15:25:12 Image size of job updated: 13745124
	6324  -  MemoryUsage of job (MB)
	6475032  -  ResidentSetSize of job (KB)
...
005 (841340.000.000) 08/15 15:25:12 Job terminated.
	(1) Normal termination (return value 0)
		Usr 0 00:22:24, Sys 0 00:00:27  -  Run Remote Usage
		Usr 0 00:00:00, Sys 0 00:00:00  -  Run Local Usage
		Usr 0 00:22:24, Sys 0 00:00:27  -  Total Remote Usage
		Usr 0 00:00:00, Sys 0 00:00:00  -  Total Local Usage
	1221  -  Run Bytes Sent By Job
	399  -  Run Bytes Received By Job
	1221  -  Total Bytes Sent By Job
	399  -  Total Bytes Received By Job
	Partitionable Resources :    Usage  Request Allocated 
	   Cpus                 :     0.57        1         1 
	   Disk (KB)            :   802           1 479779449 
	   Memory (MB)          :  6324        7900      8033 
...
