000 (844856.000.000) 08/15 13:30:40 Job submitted from host: <172.20.3.187:9618?addrs=172.20.3.187-9618&noUDP&sock=2043_e813_3>
...
001 (844856.000.000) 08/15 19:08:02 Job executing on host: <172.20.225.1:9618?addrs=172.20.225.1-9618&noUDP&sock=3382_5963_3>
...
006 (844856.000.000) 08/15 19:08:11 Image size of job updated: 21112
	21  -  MemoryUsage of job (MB)
	21112  -  ResidentSetSize of job (KB)
...
006 (844856.000.000) 08/15 19:13:12 Image size of job updated: 5302668
	5179  -  MemoryUsage of job (MB)
	5302668  -  ResidentSetSize of job (KB)
...
006 (844856.000.000) 08/15 19:18:12 Image size of job updated: 5302768
	5179  -  MemoryUsage of job (MB)
	5302768  -  ResidentSetSize of job (KB)
...
006 (844856.000.000) 08/15 19:23:13 Image size of job updated: 6259136
	6113  -  MemoryUsage of job (MB)
	6259136  -  ResidentSetSize of job (KB)
...
006 (844856.000.000) 08/15 19:28:14 Image size of job updated: 6583324
	6430  -  MemoryUsage of job (MB)
	6583324  -  ResidentSetSize of job (KB)
...
005 (844856.000.000) 08/15 19:30:54 Job terminated.
	(1) Normal termination (return value 0)
		Usr 0 00:23:22, Sys 0 00:00:34  -  Run Remote Usage
		Usr 0 00:00:00, Sys 0 00:00:00  -  Run Local Usage
		Usr 0 00:23:22, Sys 0 00:00:34  -  Total Remote Usage
		Usr 0 00:00:00, Sys 0 00:00:00  -  Total Local Usage
	1229  -  Run Bytes Sent By Job
	404  -  Run Bytes Received By Job
	1229  -  Total Bytes Sent By Job
	404  -  Total Bytes Received By Job
	Partitionable Resources :    Usage  Request Allocated 
	   Cpus                 :     0.55        1         1 
	   Disk (KB)            :   802           1 479786105 
	   Memory (MB)          :  6430        7900      8033 
...
