000 (843203.000.000) 08/15 13:28:50 Job submitted from host: <172.20.3.187:9618?addrs=172.20.3.187-9618&noUDP&sock=2043_e813_3>
...
001 (843203.000.000) 08/15 17:26:01 Job executing on host: <172.20.225.4:9618?addrs=172.20.225.4-9618&noUDP&sock=3366_5fdf_3>
...
006 (843203.000.000) 08/15 17:26:09 Image size of job updated: 21108
	21  -  MemoryUsage of job (MB)
	21108  -  ResidentSetSize of job (KB)
...
006 (843203.000.000) 08/15 17:31:09 Image size of job updated: 5245660
	5123  -  MemoryUsage of job (MB)
	5245660  -  ResidentSetSize of job (KB)
...
006 (843203.000.000) 08/15 17:36:10 Image size of job updated: 5245796
	5123  -  MemoryUsage of job (MB)
	5245796  -  ResidentSetSize of job (KB)
...
006 (843203.000.000) 08/15 17:41:11 Image size of job updated: 6202164
	6057  -  MemoryUsage of job (MB)
	6202164  -  ResidentSetSize of job (KB)
...
006 (843203.000.000) 08/15 17:46:11 Image size of job updated: 6207972
	6063  -  MemoryUsage of job (MB)
	6207972  -  ResidentSetSize of job (KB)
...
006 (843203.000.000) 08/15 17:50:52 Image size of job updated: 6591944
	6063  -  MemoryUsage of job (MB)
	6207972  -  ResidentSetSize of job (KB)
...
005 (843203.000.000) 08/15 17:50:52 Job terminated.
	(1) Normal termination (return value 0)
		Usr 0 00:23:54, Sys 0 00:00:35  -  Run Remote Usage
		Usr 0 00:00:00, Sys 0 00:00:00  -  Run Local Usage
		Usr 0 00:23:54, Sys 0 00:00:35  -  Total Remote Usage
		Usr 0 00:00:00, Sys 0 00:00:00  -  Total Local Usage
	1229  -  Run Bytes Sent By Job
	404  -  Run Bytes Received By Job
	1229  -  Total Bytes Sent By Job
	404  -  Total Bytes Received By Job
	Partitionable Resources :    Usage  Request Allocated 
	   Cpus                 :     0.60        1         1 
	   Disk (KB)            :   802           1 479779449 
	   Memory (MB)          :  6063        7900      8033 
...
