000 (843288.000.000) 08/15 13:28:56 Job submitted from host: <172.20.3.187:9618?addrs=172.20.3.187-9618&noUDP&sock=2043_e813_3>
...
001 (843288.000.000) 08/15 17:34:01 Job executing on host: <172.20.225.1:9618?addrs=172.20.225.1-9618&noUDP&sock=3382_5963_3>
...
006 (843288.000.000) 08/15 17:34:09 Image size of job updated: 21124
	21  -  MemoryUsage of job (MB)
	21124  -  ResidentSetSize of job (KB)
...
006 (843288.000.000) 08/15 17:39:09 Image size of job updated: 4950016
	4834  -  MemoryUsage of job (MB)
	4950016  -  ResidentSetSize of job (KB)
...
006 (843288.000.000) 08/15 17:44:10 Image size of job updated: 5906176
	5768  -  MemoryUsage of job (MB)
	5906176  -  ResidentSetSize of job (KB)
...
006 (843288.000.000) 08/15 17:49:11 Image size of job updated: 5907584
	5770  -  MemoryUsage of job (MB)
	5907584  -  ResidentSetSize of job (KB)
...
006 (843288.000.000) 08/15 17:54:12 Image size of job updated: 6616292
	6461  -  MemoryUsage of job (MB)
	6615256  -  ResidentSetSize of job (KB)
...
006 (843288.000.000) 08/15 17:54:28 Image size of job updated: 13914016
	6461  -  MemoryUsage of job (MB)
	6615256  -  ResidentSetSize of job (KB)
...
005 (843288.000.000) 08/15 17:54:29 Job terminated.
	(1) Normal termination (return value 0)
		Usr 0 00:22:48, Sys 0 00:00:34  -  Run Remote Usage
		Usr 0 00:00:00, Sys 0 00:00:00  -  Run Local Usage
		Usr 0 00:22:48, Sys 0 00:00:34  -  Total Remote Usage
		Usr 0 00:00:00, Sys 0 00:00:00  -  Total Local Usage
	1219  -  Run Bytes Sent By Job
	397  -  Run Bytes Received By Job
	1219  -  Total Bytes Sent By Job
	397  -  Total Bytes Received By Job
	Partitionable Resources :    Usage  Request Allocated 
	   Cpus                 :     1.00        1         1 
	   Disk (KB)            :   802           1 479786105 
	   Memory (MB)          :  6461        7900      8033 
...
