000 (841818.000.000) 08/15 13:27:20 Job submitted from host: <172.20.3.187:9618?addrs=172.20.3.187-9618&noUDP&sock=2043_e813_3>
...
001 (841818.000.000) 08/15 15:45:04 Job executing on host: <172.20.225.4:9618?addrs=172.20.225.4-9618&noUDP&sock=3366_5fdf_3>
...
006 (841818.000.000) 08/15 15:45:12 Image size of job updated: 21120
	21  -  MemoryUsage of job (MB)
	21120  -  ResidentSetSize of job (KB)
...
006 (841818.000.000) 08/15 15:50:13 Image size of job updated: 5035928
	4918  -  MemoryUsage of job (MB)
	5035928  -  ResidentSetSize of job (KB)
...
006 (841818.000.000) 08/15 15:55:13 Image size of job updated: 5036032
	4918  -  MemoryUsage of job (MB)
	5036032  -  ResidentSetSize of job (KB)
...
006 (841818.000.000) 08/15 16:00:13 Image size of job updated: 5992396
	5852  -  MemoryUsage of job (MB)
	5992396  -  ResidentSetSize of job (KB)
...
006 (841818.000.000) 08/15 16:05:14 Image size of job updated: 6118960
	5976  -  MemoryUsage of job (MB)
	6118960  -  ResidentSetSize of job (KB)
...
006 (841818.000.000) 08/15 16:08:35 Image size of job updated: 6118960
	5976  -  MemoryUsage of job (MB)
	6119004  -  ResidentSetSize of job (KB)
...
005 (841818.000.000) 08/15 16:08:35 Job terminated.
	(1) Normal termination (return value 0)
		Usr 0 00:22:48, Sys 0 00:00:32  -  Run Remote Usage
		Usr 0 00:00:00, Sys 0 00:00:00  -  Run Local Usage
		Usr 0 00:22:48, Sys 0 00:00:32  -  Total Remote Usage
		Usr 0 00:00:00, Sys 0 00:00:00  -  Total Local Usage
	1232  -  Run Bytes Sent By Job
	407  -  Run Bytes Received By Job
	1232  -  Total Bytes Sent By Job
	407  -  Total Bytes Received By Job
	Partitionable Resources :    Usage  Request Allocated 
	   Cpus                 :     0.72        1         1 
	   Disk (KB)            :   802           1 479779449 
	   Memory (MB)          :  5976        7900      8033 
...
