000 (842834.000.000) 08/15 13:28:26 Job submitted from host: <172.20.3.187:9618?addrs=172.20.3.187-9618&noUDP&sock=2043_e813_3>
...
001 (842834.000.000) 08/15 16:50:04 Job executing on host: <172.20.225.1:9618?addrs=172.20.225.1-9618&noUDP&sock=3382_5963_3>
...
006 (842834.000.000) 08/15 16:50:12 Image size of job updated: 21124
	21  -  MemoryUsage of job (MB)
	21124  -  ResidentSetSize of job (KB)
...
006 (842834.000.000) 08/15 16:55:13 Image size of job updated: 5245708
	5123  -  MemoryUsage of job (MB)
	5245708  -  ResidentSetSize of job (KB)
...
006 (842834.000.000) 08/15 17:00:13 Image size of job updated: 5245808
	5123  -  MemoryUsage of job (MB)
	5245808  -  ResidentSetSize of job (KB)
...
006 (842834.000.000) 08/15 17:05:13 Image size of job updated: 6202176
	6057  -  MemoryUsage of job (MB)
	6202176  -  ResidentSetSize of job (KB)
...
006 (842834.000.000) 08/15 17:10:14 Image size of job updated: 6656988
	6499  -  MemoryUsage of job (MB)
	6654872  -  ResidentSetSize of job (KB)
...
006 (842834.000.000) 08/15 17:13:20 Image size of job updated: 6795044
	6499  -  MemoryUsage of job (MB)
	6654872  -  ResidentSetSize of job (KB)
...
005 (842834.000.000) 08/15 17:13:20 Job terminated.
	(1) Normal termination (return value 0)
		Usr 0 00:23:56, Sys 0 00:00:30  -  Run Remote Usage
		Usr 0 00:00:00, Sys 0 00:00:00  -  Run Local Usage
		Usr 0 00:23:56, Sys 0 00:00:30  -  Total Remote Usage
		Usr 0 00:00:00, Sys 0 00:00:00  -  Total Local Usage
	1229  -  Run Bytes Sent By Job
	404  -  Run Bytes Received By Job
	1229  -  Total Bytes Sent By Job
	404  -  Total Bytes Received By Job
	Partitionable Resources :    Usage  Request Allocated 
	   Cpus                 :     0.72        1         1 
	   Disk (KB)            :   802           1 479786105 
	   Memory (MB)          :  6499        7900      8033 
...
