000 (840841.000.000) 08/15 13:26:17 Job submitted from host: <172.20.3.187:9618?addrs=172.20.3.187-9618&noUDP&sock=2043_e813_3>
...
001 (840841.000.000) 08/15 14:52:38 Job executing on host: <172.20.225.5:9618?addrs=172.20.225.5-9618&noUDP&sock=3375_8c39_3>
...
006 (840841.000.000) 08/15 14:52:47 Image size of job updated: 21124
	21  -  MemoryUsage of job (MB)
	21124  -  ResidentSetSize of job (KB)
...
006 (840841.000.000) 08/15 14:53:45 Image size of job updated: 4222928
	21  -  MemoryUsage of job (MB)
	21124  -  ResidentSetSize of job (KB)
...
005 (840841.000.000) 08/15 14:53:45 Job terminated.
	(1) Normal termination (return value 1)
		Usr 0 00:00:29, Sys 0 00:00:02  -  Run Remote Usage
		Usr 0 00:00:00, Sys 0 00:00:00  -  Run Local Usage
		Usr 0 00:00:29, Sys 0 00:00:02  -  Total Remote Usage
		Usr 0 00:00:00, Sys 0 00:00:00  -  Total Local Usage
	1437  -  Run Bytes Sent By Job
	398  -  Run Bytes Received By Job
	1437  -  Total Bytes Sent By Job
	398  -  Total Bytes Received By Job
	Partitionable Resources :    Usage  Request Allocated 
	   Cpus                 :     0.88        1         1 
	   Disk (KB)            :   803           1 479749220 
	   Memory (MB)          :    21        7900      8033 
...
000 (846159.000.000) 08/16 03:53:56 Job submitted from host: <172.20.3.187:9618?addrs=172.20.3.187-9618&noUDP&sock=2043_e813_3>
...
001 (846159.000.000) 08/16 05:06:19 Job executing on host: <172.20.225.5:9618?addrs=172.20.225.5-9618&noUDP&sock=3375_8c39_3>
...
006 (846159.000.000) 08/16 05:06:28 Image size of job updated: 21124
	21  -  MemoryUsage of job (MB)
	21124  -  ResidentSetSize of job (KB)
...
006 (846159.000.000) 08/16 05:11:29 Image size of job updated: 5035480
	4918  -  MemoryUsage of job (MB)
	5035480  -  ResidentSetSize of job (KB)
...
006 (846159.000.000) 08/16 05:16:29 Image size of job updated: 5035584
	4918  -  MemoryUsage of job (MB)
	5035584  -  ResidentSetSize of job (KB)
...
006 (846159.000.000) 08/16 05:21:30 Image size of job updated: 5991792
	5852  -  MemoryUsage of job (MB)
	5991792  -  ResidentSetSize of job (KB)
...
006 (846159.000.000) 08/16 05:26:31 Image size of job updated: 5997744
	5858  -  MemoryUsage of job (MB)
	5997744  -  ResidentSetSize of job (KB)
...
006 (846159.000.000) 08/16 05:30:08 Image size of job updated: 15763492
	5858  -  MemoryUsage of job (MB)
	5997744  -  ResidentSetSize of job (KB)
...
005 (846159.000.000) 08/16 05:30:09 Job terminated.
	(1) Normal termination (return value 0)
		Usr 0 00:22:24, Sys 0 00:00:29  -  Run Remote Usage
		Usr 0 00:00:00, Sys 0 00:00:00  -  Run Local Usage
		Usr 0 00:22:24, Sys 0 00:00:29  -  Total Remote Usage
		Usr 0 00:00:00, Sys 0 00:00:00  -  Total Local Usage
	1223  -  Run Bytes Sent By Job
	398  -  Run Bytes Received By Job
	1223  -  Total Bytes Sent By Job
	398  -  Total Bytes Received By Job
	Partitionable Resources :    Usage  Request Allocated 
	   Cpus                 :     0.78        1         1 
	   Disk (KB)            :   802           1 479749220 
	   Memory (MB)          :  5858        7900      8033 
...
