000 (842306.000.000) 08/15 13:27:51 Job submitted from host: <172.20.3.187:9618?addrs=172.20.3.187-9618&noUDP&sock=2043_e813_3>
...
001 (842306.000.000) 08/15 16:11:07 Job executing on host: <172.20.225.8:9618?addrs=172.20.225.8-9618&noUDP&sock=3440_21e1_3>
...
006 (842306.000.000) 08/15 16:11:16 Image size of job updated: 21116
	21  -  MemoryUsage of job (MB)
	21116  -  ResidentSetSize of job (KB)
...
006 (842306.000.000) 08/15 16:12:08 Image size of job updated: 4144232
	21  -  MemoryUsage of job (MB)
	21116  -  ResidentSetSize of job (KB)
...
005 (842306.000.000) 08/15 16:12:09 Job terminated.
	(1) Normal termination (return value 1)
		Usr 0 00:00:11, Sys 0 00:00:01  -  Run Remote Usage
		Usr 0 00:00:00, Sys 0 00:00:00  -  Run Local Usage
		Usr 0 00:00:11, Sys 0 00:00:01  -  Total Remote Usage
		Usr 0 00:00:00, Sys 0 00:00:00  -  Total Local Usage
	1435  -  Run Bytes Sent By Job
	397  -  Run Bytes Received By Job
	1435  -  Total Bytes Sent By Job
	397  -  Total Bytes Received By Job
	Partitionable Resources :    Usage  Request Allocated 
	   Cpus                 :     0.44        1         1 
	   Disk (KB)            :   803           1 479737977 
	   Memory (MB)          :    21        7900      8033 
...
000 (846629.000.000) 08/16 03:54:27 Job submitted from host: <172.20.3.187:9618?addrs=172.20.3.187-9618&noUDP&sock=2043_e813_3>
...
001 (846629.000.000) 08/16 05:50:10 Job executing on host: <172.20.225.5:9618?addrs=172.20.225.5-9618&noUDP&sock=3375_8c39_3>
...
006 (846629.000.000) 08/16 05:50:18 Image size of job updated: 21120
	21  -  MemoryUsage of job (MB)
	21120  -  ResidentSetSize of job (KB)
...
006 (846629.000.000) 08/16 05:55:18 Image size of job updated: 4953268
	4838  -  MemoryUsage of job (MB)
	4953268  -  ResidentSetSize of job (KB)
...
006 (846629.000.000) 08/16 06:00:19 Image size of job updated: 5909540
	5772  -  MemoryUsage of job (MB)
	5909540  -  ResidentSetSize of job (KB)
...
006 (846629.000.000) 08/16 06:05:20 Image size of job updated: 5915516
	5777  -  MemoryUsage of job (MB)
	5915516  -  ResidentSetSize of job (KB)
...
006 (846629.000.000) 08/16 06:09:37 Image size of job updated: 7167744
	5777  -  MemoryUsage of job (MB)
	5915516  -  ResidentSetSize of job (KB)
...
005 (846629.000.000) 08/16 06:09:37 Job terminated.
	(1) Normal termination (return value 0)
		Usr 0 00:23:06, Sys 0 00:00:33  -  Run Remote Usage
		Usr 0 00:00:00, Sys 0 00:00:00  -  Run Local Usage
		Usr 0 00:23:06, Sys 0 00:00:33  -  Total Remote Usage
		Usr 0 00:00:00, Sys 0 00:00:00  -  Total Local Usage
	1220  -  Run Bytes Sent By Job
	397  -  Run Bytes Received By Job
	1220  -  Total Bytes Sent By Job
	397  -  Total Bytes Received By Job
	Partitionable Resources :    Usage  Request Allocated 
	   Cpus                 :     0.44        1         1 
	   Disk (KB)            :   802           1 479749220 
	   Memory (MB)          :  5777        7900      8033 
...
