000 (840400.000.000) 08/15 13:25:48 Job submitted from host: <172.20.3.187:9618?addrs=172.20.3.187-9618&noUDP&sock=2043_e813_3>
...
001 (840400.000.000) 08/15 14:38:57 Job executing on host: <172.20.225.2:9618?addrs=172.20.225.2-9618&noUDP&sock=3424_285d_3>
...
006 (840400.000.000) 08/15 14:39:06 Image size of job updated: 21124
	21  -  MemoryUsage of job (MB)
	21124  -  ResidentSetSize of job (KB)
...
006 (840400.000.000) 08/15 14:44:07 Image size of job updated: 5055332
	4937  -  MemoryUsage of job (MB)
	5055332  -  ResidentSetSize of job (KB)
...
006 (840400.000.000) 08/15 14:49:08 Image size of job updated: 6011504
	5871  -  MemoryUsage of job (MB)
	6011504  -  ResidentSetSize of job (KB)
...
006 (840400.000.000) 08/15 14:54:10 Image size of job updated: 6017600
	5877  -  MemoryUsage of job (MB)
	6017600  -  ResidentSetSize of job (KB)
...
005 (840400.000.000) 08/15 14:57:36 Job terminated.
	(1) Normal termination (return value 0)
		Usr 0 00:23:39, Sys 0 00:00:32  -  Run Remote Usage
		Usr 0 00:00:00, Sys 0 00:00:00  -  Run Local Usage
		Usr 0 00:23:39, Sys 0 00:00:32  -  Total Remote Usage
		Usr 0 00:00:00, Sys 0 00:00:00  -  Total Local Usage
	1229  -  Run Bytes Sent By Job
	404  -  Run Bytes Received By Job
	1229  -  Total Bytes Sent By Job
	404  -  Total Bytes Received By Job
	Partitionable Resources :    Usage  Request Allocated 
	   Cpus                 :     0.55        1         1 
	   Disk (KB)            :   802           1 479786084 
	   Memory (MB)          :  5877        7900      8033 
...
