000 (838519.000.000) 08/15 12:25:19 Job submitted from host: <172.20.3.187:9618?addrs=172.20.3.187-9618&noUDP&sock=2043_e813_3>
...
001 (838519.000.000) 08/15 12:47:01 Job executing on host: <172.20.225.1:9618?addrs=172.20.225.1-9618&noUDP&sock=3382_5963_3>
...
006 (838519.000.000) 08/15 12:47:14 Image size of job updated: 21112
	21  -  MemoryUsage of job (MB)
	21112  -  ResidentSetSize of job (KB)
...
005 (838519.000.000) 08/15 12:48:22 Job terminated.
	(1) Normal termination (return value 1)
		Usr 0 00:00:13, Sys 0 00:00:02  -  Run Remote Usage
		Usr 0 00:00:00, Sys 0 00:00:00  -  Run Local Usage
		Usr 0 00:00:13, Sys 0 00:00:02  -  Total Remote Usage
		Usr 0 00:00:00, Sys 0 00:00:00  -  Total Local Usage
	1428  -  Run Bytes Sent By Job
	391  -  Run Bytes Received By Job
	1428  -  Total Bytes Sent By Job
	391  -  Total Bytes Received By Job
	Partitionable Resources :    Usage  Request Allocated 
	   Cpus                 :     0.42        1         1 
	   Disk (KB)            :   803           1 479786105 
	   Memory (MB)          :    21        7900      8033 
...
000 (843452.000.000) 08/15 13:29:07 Job submitted from host: <172.20.3.187:9618?addrs=172.20.3.187-9618&noUDP&sock=2043_e813_3>
...
001 (843452.000.000) 08/15 17:46:00 Job executing on host: <172.20.225.5:9618?addrs=172.20.225.5-9618&noUDP&sock=3375_8c39_3>
...
006 (843452.000.000) 08/15 17:46:10 Image size of job updated: 20628
	21  -  MemoryUsage of job (MB)
	20628  -  ResidentSetSize of job (KB)
...
006 (843452.000.000) 08/15 17:46:44 Image size of job updated: 20628
	21  -  MemoryUsage of job (MB)
	20780  -  ResidentSetSize of job (KB)
...
005 (843452.000.000) 08/15 17:46:45 Job terminated.
	(1) Normal termination (return value 1)
		Usr 0 00:00:09, Sys 0 00:00:01  -  Run Remote Usage
		Usr 0 00:00:00, Sys 0 00:00:00  -  Run Local Usage
		Usr 0 00:00:09, Sys 0 00:00:01  -  Total Remote Usage
		Usr 0 00:00:00, Sys 0 00:00:00  -  Total Local Usage
	1428  -  Run Bytes Sent By Job
	391  -  Run Bytes Received By Job
	1428  -  Total Bytes Sent By Job
	391  -  Total Bytes Received By Job
	Partitionable Resources :    Usage  Request Allocated 
	   Cpus                 :     0.05        1         1 
	   Disk (KB)            :   802           1 479749220 
	   Memory (MB)          :    21        7900      8033 
...
000 (846718.000.000) 08/16 03:54:32 Job submitted from host: <172.20.3.187:9618?addrs=172.20.3.187-9618&noUDP&sock=2043_e813_3>
...
001 (846718.000.000) 08/16 05:55:13 Job executing on host: <172.20.225.6:9618?addrs=172.20.225.6-9618&noUDP&sock=3382_5963_3>
...
006 (846718.000.000) 08/16 05:55:21 Image size of job updated: 21120
	21  -  MemoryUsage of job (MB)
	21120  -  ResidentSetSize of job (KB)
...
006 (846718.000.000) 08/16 06:00:21 Image size of job updated: 5009916
	4893  -  MemoryUsage of job (MB)
	5009916  -  ResidentSetSize of job (KB)
...
006 (846718.000.000) 08/16 06:05:21 Image size of job updated: 5010016
	4893  -  MemoryUsage of job (MB)
	5010016  -  ResidentSetSize of job (KB)
...
006 (846718.000.000) 08/16 06:10:21 Image size of job updated: 5966388
	5827  -  MemoryUsage of job (MB)
	5966388  -  ResidentSetSize of job (KB)
...
006 (846718.000.000) 08/16 06:15:22 Image size of job updated: 6103564
	5960  -  MemoryUsage of job (MB)
	6102736  -  ResidentSetSize of job (KB)
...
006 (846718.000.000) 08/16 06:19:59 Image size of job updated: 8117840
	5960  -  MemoryUsage of job (MB)
	6102768  -  ResidentSetSize of job (KB)
...
005 (846718.000.000) 08/16 06:19:59 Job terminated.
	(1) Normal termination (return value 0)
		Usr 0 00:23:32, Sys 0 00:00:33  -  Run Remote Usage
		Usr 0 00:00:00, Sys 0 00:00:00  -  Run Local Usage
		Usr 0 00:23:32, Sys 0 00:00:33  -  Total Remote Usage
		Usr 0 00:00:00, Sys 0 00:00:00  -  Total Local Usage
	1207  -  Run Bytes Sent By Job
	391  -  Run Bytes Received By Job
	1207  -  Total Bytes Sent By Job
	391  -  Total Bytes Received By Job
	Partitionable Resources :    Usage  Request Allocated 
	   Cpus                 :     0.67        1         1 
	   Disk (KB)            :   802           1 479749220 
	   Memory (MB)          :  5960        7900      8033 
...
