000 (842466.000.000) 08/15 13:28:02 Job submitted from host: <172.20.3.187:9618?addrs=172.20.3.187-9618&noUDP&sock=2043_e813_3>
...
001 (842466.000.000) 08/15 16:21:03 Job executing on host: <172.20.225.5:9618?addrs=172.20.225.5-9618&noUDP&sock=3375_8c39_3>
...
006 (842466.000.000) 08/15 16:21:13 Image size of job updated: 21116
	21  -  MemoryUsage of job (MB)
	21116  -  ResidentSetSize of job (KB)
...
006 (842466.000.000) 08/15 16:26:13 Image size of job updated: 4983616
	4867  -  MemoryUsage of job (MB)
	4983616  -  ResidentSetSize of job (KB)
...
006 (842466.000.000) 08/15 16:31:14 Image size of job updated: 5939888
	5801  -  MemoryUsage of job (MB)
	5939888  -  ResidentSetSize of job (KB)
...
006 (842466.000.000) 08/15 16:36:15 Image size of job updated: 5945864
	5807  -  MemoryUsage of job (MB)
	5945864  -  ResidentSetSize of job (KB)
...
005 (842466.000.000) 08/15 16:39:52 Job terminated.
	(1) Normal termination (return value 0)
		Usr 0 00:23:39, Sys 0 00:00:32  -  Run Remote Usage
		Usr 0 00:00:00, Sys 0 00:00:00  -  Run Local Usage
		Usr 0 00:23:39, Sys 0 00:00:32  -  Total Remote Usage
		Usr 0 00:00:00, Sys 0 00:00:00  -  Total Local Usage
	1219  -  Run Bytes Sent By Job
	396  -  Run Bytes Received By Job
	1219  -  Total Bytes Sent By Job
	396  -  Total Bytes Received By Job
	Partitionable Resources :    Usage  Request Allocated 
	   Cpus                 :     0.90        1         1 
	   Disk (KB)            :   802           1 479749220 
	   Memory (MB)          :  5807        7900      8033 
...
