000 (839416.000.000) 08/15 13:24:44 Job submitted from host: <172.20.3.187:9618?addrs=172.20.3.187-9618&noUDP&sock=2043_e813_3>
...
001 (839416.000.000) 08/15 13:39:36 Job executing on host: <172.20.225.8:9618?addrs=172.20.225.8-9618&noUDP&sock=3440_21e1_3>
...
006 (839416.000.000) 08/15 13:39:45 Image size of job updated: 20800
	21  -  MemoryUsage of job (MB)
	20800  -  ResidentSetSize of job (KB)
...
006 (839416.000.000) 08/15 13:44:46 Image size of job updated: 4924548
	4810  -  MemoryUsage of job (MB)
	4924548  -  ResidentSetSize of job (KB)
...
006 (839416.000.000) 08/15 13:49:47 Image size of job updated: 5880908
	5744  -  MemoryUsage of job (MB)
	5880908  -  ResidentSetSize of job (KB)
...
006 (839416.000.000) 08/15 13:54:48 Image size of job updated: 5886708
	5749  -  MemoryUsage of job (MB)
	5886708  -  ResidentSetSize of job (KB)
...
006 (839416.000.000) 08/15 13:57:47 Image size of job updated: 13957772
	5749  -  MemoryUsage of job (MB)
	5886708  -  ResidentSetSize of job (KB)
...
005 (839416.000.000) 08/15 13:57:47 Job terminated.
	(1) Normal termination (return value 0)
		Usr 0 00:23:47, Sys 0 00:00:38  -  Run Remote Usage
		Usr 0 00:00:00, Sys 0 00:00:00  -  Run Local Usage
		Usr 0 00:23:47, Sys 0 00:00:38  -  Total Remote Usage
		Usr 0 00:00:00, Sys 0 00:00:00  -  Total Local Usage
	1219  -  Run Bytes Sent By Job
	397  -  Run Bytes Received By Job
	1219  -  Total Bytes Sent By Job
	397  -  Total Bytes Received By Job
	Partitionable Resources :    Usage  Request Allocated 
	   Cpus                 :     1.00        1         1 
	   Disk (KB)            :   803           1 479737977 
	   Memory (MB)          :  5749        7900      8033 
...
