000 (839426.000.000) 08/15 13:24:45 Job submitted from host: <172.20.3.187:9618?addrs=172.20.3.187-9618&noUDP&sock=2043_e813_3>
...
001 (839426.000.000) 08/15 13:39:41 Job executing on host: <172.20.225.2:9618?addrs=172.20.225.2-9618&noUDP&sock=3424_285d_3>
...
006 (839426.000.000) 08/15 13:39:49 Image size of job updated: 20800
	21  -  MemoryUsage of job (MB)
	20800  -  ResidentSetSize of job (KB)
...
006 (839426.000.000) 08/15 13:44:50 Image size of job updated: 4924532
	4810  -  MemoryUsage of job (MB)
	4924532  -  ResidentSetSize of job (KB)
...
006 (839426.000.000) 08/15 13:49:50 Image size of job updated: 5880904
	5744  -  MemoryUsage of job (MB)
	5880904  -  ResidentSetSize of job (KB)
...
006 (839426.000.000) 08/15 13:54:50 Image size of job updated: 6280396
	6134  -  MemoryUsage of job (MB)
	6280244  -  ResidentSetSize of job (KB)
...
006 (839426.000.000) 08/15 13:56:18 Image size of job updated: 6408292
	6134  -  MemoryUsage of job (MB)
	6280244  -  ResidentSetSize of job (KB)
...
005 (839426.000.000) 08/15 13:56:18 Job terminated.
	(1) Normal termination (return value 0)
		Usr 0 00:24:45, Sys 0 00:00:44  -  Run Remote Usage
		Usr 0 00:00:00, Sys 0 00:00:00  -  Run Local Usage
		Usr 0 00:24:45, Sys 0 00:00:44  -  Total Remote Usage
		Usr 0 00:00:00, Sys 0 00:00:00  -  Total Local Usage
	1219  -  Run Bytes Sent By Job
	397  -  Run Bytes Received By Job
	1219  -  Total Bytes Sent By Job
	397  -  Total Bytes Received By Job
	Partitionable Resources :    Usage  Request Allocated 
	   Cpus                 :     1.00        1         1 
	   Disk (KB)            :   803           1 479786084 
	   Memory (MB)          :  6134        7900      8033 
...
