000 (843378.000.000) 08/15 13:29:02 Job submitted from host: <172.20.3.187:9618?addrs=172.20.3.187-9618&noUDP&sock=2043_e813_3>
...
001 (843378.000.000) 08/15 17:40:00 Job executing on host: <172.20.225.6:9618?addrs=172.20.225.6-9618&noUDP&sock=3382_5963_3>
...
006 (843378.000.000) 08/15 17:40:08 Image size of job updated: 21112
	21  -  MemoryUsage of job (MB)
	21112  -  ResidentSetSize of job (KB)
...
006 (843378.000.000) 08/15 17:45:08 Image size of job updated: 4922028
	4807  -  MemoryUsage of job (MB)
	4922028  -  ResidentSetSize of job (KB)
...
006 (843378.000.000) 08/15 17:50:09 Image size of job updated: 5878236
	5741  -  MemoryUsage of job (MB)
	5878236  -  ResidentSetSize of job (KB)
...
006 (843378.000.000) 08/15 17:55:11 Image size of job updated: 5879636
	5742  -  MemoryUsage of job (MB)
	5879636  -  ResidentSetSize of job (KB)
...
006 (843378.000.000) 08/15 18:00:10 Image size of job updated: 6509812
	6358  -  MemoryUsage of job (MB)
	6509812  -  ResidentSetSize of job (KB)
...
005 (843378.000.000) 08/15 18:00:25 Job terminated.
	(1) Normal termination (return value 0)
		Usr 0 00:23:52, Sys 0 00:00:32  -  Run Remote Usage
		Usr 0 00:00:00, Sys 0 00:00:00  -  Run Local Usage
		Usr 0 00:23:52, Sys 0 00:00:32  -  Total Remote Usage
		Usr 0 00:00:00, Sys 0 00:00:00  -  Total Local Usage
	1231  -  Run Bytes Sent By Job
	409  -  Run Bytes Received By Job
	1231  -  Total Bytes Sent By Job
	409  -  Total Bytes Received By Job
	Partitionable Resources :    Usage  Request Allocated 
	   Cpus                 :     0.61        1         1 
	   Disk (KB)            :   802           1 479749220 
	   Memory (MB)          :  6358        7900      8033 
...
