000 (838045.000.000) 08/15 12:24:47 Job submitted from host: <172.20.3.187:9618?addrs=172.20.3.187-9618&noUDP&sock=2043_e813_3>
...
001 (838045.000.000) 08/15 12:37:22 Job executing on host: <172.20.225.8:9618?addrs=172.20.225.8-9618&noUDP&sock=3440_21e1_3>
...
006 (838045.000.000) 08/15 12:37:30 Image size of job updated: 21116
	21  -  MemoryUsage of job (MB)
	21116  -  ResidentSetSize of job (KB)
...
006 (838045.000.000) 08/15 12:42:30 Image size of job updated: 26829692
	26201  -  MemoryUsage of job (MB)
	26829664  -  ResidentSetSize of job (KB)
...
005 (838045.000.000) 08/15 12:42:47 Job terminated.
	(1) Normal termination (return value 137)
		Usr 0 00:03:56, Sys 0 00:00:55  -  Run Remote Usage
		Usr 0 00:00:00, Sys 0 00:00:00  -  Run Local Usage
		Usr 0 00:03:56, Sys 0 00:00:55  -  Total Remote Usage
		Usr 0 00:00:00, Sys 0 00:00:00  -  Total Local Usage
	1378  -  Run Bytes Sent By Job
	393  -  Run Bytes Received By Job
	1378  -  Total Bytes Sent By Job
	393  -  Total Bytes Received By Job
	Partitionable Resources :    Usage  Request Allocated 
	   Cpus                 :     3.68        1         1 
	   Disk (KB)            :   808           1 479737977 
	   Memory (MB)          : 26201        7900      8033 
...
000 (841157.000.000) 08/15 13:26:37 Job submitted from host: <172.20.3.187:9618?addrs=172.20.3.187-9618&noUDP&sock=2043_e813_3>
...
001 (841157.000.000) 08/15 14:56:40 Job executing on host: <172.20.225.6:9618?addrs=172.20.225.6-9618&noUDP&sock=3382_5963_3>
...
006 (841157.000.000) 08/15 14:56:48 Image size of job updated: 21116
	21  -  MemoryUsage of job (MB)
	21116  -  ResidentSetSize of job (KB)
...
006 (841157.000.000) 08/15 15:01:49 Image size of job updated: 4940644
	4825  -  MemoryUsage of job (MB)
	4940644  -  ResidentSetSize of job (KB)
...
006 (841157.000.000) 08/15 15:06:49 Image size of job updated: 4940744
	4825  -  MemoryUsage of job (MB)
	4940744  -  ResidentSetSize of job (KB)
...
006 (841157.000.000) 08/15 15:11:50 Image size of job updated: 5897112
	5759  -  MemoryUsage of job (MB)
	5897112  -  ResidentSetSize of job (KB)
...
006 (841157.000.000) 08/15 15:16:51 Image size of job updated: 6161916
	6018  -  MemoryUsage of job (MB)
	6161636  -  ResidentSetSize of job (KB)
...
005 (841157.000.000) 08/15 15:20:04 Job terminated.
	(1) Normal termination (return value 0)
		Usr 0 00:22:50, Sys 0 00:00:31  -  Run Remote Usage
		Usr 0 00:00:00, Sys 0 00:00:00  -  Run Local Usage
		Usr 0 00:22:50, Sys 0 00:00:31  -  Total Remote Usage
		Usr 0 00:00:00, Sys 0 00:00:00  -  Total Local Usage
	1215  -  Run Bytes Sent By Job
	393  -  Run Bytes Received By Job
	1215  -  Total Bytes Sent By Job
	393  -  Total Bytes Received By Job
	Partitionable Resources :    Usage  Request Allocated 
	   Cpus                 :     0.03        1         1 
	   Disk (KB)            :   803           1 479749220 
	   Memory (MB)          :  6018        7900      8033 
...
