000 (842987.000.000) 08/15 13:28:36 Job submitted from host: <172.20.3.187:9618?addrs=172.20.3.187-9618&noUDP&sock=2043_e813_3>
...
001 (842987.000.000) 08/15 17:06:00 Job executing on host: <172.20.225.6:9618?addrs=172.20.225.6-9618&noUDP&sock=3382_5963_3>
...
006 (842987.000.000) 08/15 17:06:09 Image size of job updated: 21120
	21  -  MemoryUsage of job (MB)
	21120  -  ResidentSetSize of job (KB)
...
006 (842987.000.000) 08/15 17:11:11 Image size of job updated: 5245640
	5123  -  MemoryUsage of job (MB)
	5245640  -  ResidentSetSize of job (KB)
...
006 (842987.000.000) 08/15 17:16:11 Image size of job updated: 5245768
	5123  -  MemoryUsage of job (MB)
	5245768  -  ResidentSetSize of job (KB)
...
006 (842987.000.000) 08/15 17:21:11 Image size of job updated: 6202144
	6057  -  MemoryUsage of job (MB)
	6202144  -  ResidentSetSize of job (KB)
...
006 (842987.000.000) 08/15 17:26:11 Image size of job updated: 6588456
	6433  -  MemoryUsage of job (MB)
	6586888  -  ResidentSetSize of job (KB)
...
006 (842987.000.000) 08/15 17:28:55 Image size of job updated: 6588456
	6434  -  MemoryUsage of job (MB)
	6588024  -  ResidentSetSize of job (KB)
...
005 (842987.000.000) 08/15 17:28:55 Job terminated.
	(1) Normal termination (return value 0)
		Usr 0 00:23:22, Sys 0 00:00:32  -  Run Remote Usage
		Usr 0 00:00:00, Sys 0 00:00:00  -  Run Local Usage
		Usr 0 00:23:22, Sys 0 00:00:32  -  Total Remote Usage
		Usr 0 00:00:00, Sys 0 00:00:00  -  Total Local Usage
	1229  -  Run Bytes Sent By Job
	404  -  Run Bytes Received By Job
	1229  -  Total Bytes Sent By Job
	404  -  Total Bytes Received By Job
	Partitionable Resources :    Usage  Request Allocated 
	   Cpus                 :     0.56        1         1 
	   Disk (KB)            :   802           1 479749220 
	   Memory (MB)          :  6434        7900      8033 
...
