000 (842528.000.000) 08/15 13:28:06 Job submitted from host: <172.20.3.187:9618?addrs=172.20.3.187-9618&noUDP&sock=2043_e813_3>
...
001 (842528.000.000) 08/15 16:24:02 Job executing on host: <172.20.225.6:9618?addrs=172.20.225.6-9618&noUDP&sock=3382_5963_3>
...
006 (842528.000.000) 08/15 16:24:10 Image size of job updated: 21120
	21  -  MemoryUsage of job (MB)
	21120  -  ResidentSetSize of job (KB)
...
006 (842528.000.000) 08/15 16:29:10 Image size of job updated: 4983672
	4867  -  MemoryUsage of job (MB)
	4983672  -  ResidentSetSize of job (KB)
...
006 (842528.000.000) 08/15 16:34:11 Image size of job updated: 4983768
	4867  -  MemoryUsage of job (MB)
	4983768  -  ResidentSetSize of job (KB)
...
006 (842528.000.000) 08/15 16:39:12 Image size of job updated: 5940148
	5801  -  MemoryUsage of job (MB)
	5940148  -  ResidentSetSize of job (KB)
...
006 (842528.000.000) 08/15 16:44:12 Image size of job updated: 6459076
	6306  -  MemoryUsage of job (MB)
	6457088  -  ResidentSetSize of job (KB)
...
005 (842528.000.000) 08/15 16:46:22 Job terminated.
	(1) Normal termination (return value 0)
		Usr 0 00:22:48, Sys 0 00:00:32  -  Run Remote Usage
		Usr 0 00:00:00, Sys 0 00:00:00  -  Run Local Usage
		Usr 0 00:22:48, Sys 0 00:00:32  -  Total Remote Usage
		Usr 0 00:00:00, Sys 0 00:00:00  -  Total Local Usage
	1222  -  Run Bytes Sent By Job
	397  -  Run Bytes Received By Job
	1222  -  Total Bytes Sent By Job
	397  -  Total Bytes Received By Job
	Partitionable Resources :    Usage  Request Allocated 
	   Cpus                 :     0.55        1         1 
	   Disk (KB)            :   802           1 479749220 
	   Memory (MB)          :  6306        7900      8033 
...
