000 (842241.000.000) 08/15 13:27:47 Job submitted from host: <172.20.3.187:9618?addrs=172.20.3.187-9618&noUDP&sock=2043_e813_3>
...
001 (842241.000.000) 08/15 16:09:04 Job executing on host: <172.20.225.6:9618?addrs=172.20.225.6-9618&noUDP&sock=3382_5963_3>
...
006 (842241.000.000) 08/15 16:09:12 Image size of job updated: 21120
	21  -  MemoryUsage of job (MB)
	21120  -  ResidentSetSize of job (KB)
...
006 (842241.000.000) 08/15 16:10:01 Image size of job updated: 4048304
	21  -  MemoryUsage of job (MB)
	21120  -  ResidentSetSize of job (KB)
...
005 (842241.000.000) 08/15 16:10:01 Job terminated.
	(1) Normal termination (return value 1)
		Usr 0 00:00:11, Sys 0 00:00:01  -  Run Remote Usage
		Usr 0 00:00:00, Sys 0 00:00:00  -  Run Local Usage
		Usr 0 00:00:11, Sys 0 00:00:01  -  Total Remote Usage
		Usr 0 00:00:00, Sys 0 00:00:00  -  Total Local Usage
	1434  -  Run Bytes Sent By Job
	392  -  Run Bytes Received By Job
	1434  -  Total Bytes Sent By Job
	392  -  Total Bytes Received By Job
	Partitionable Resources :    Usage  Request Allocated 
	   Cpus                 :     0.50        1         1 
	   Disk (KB)            :   803           1 479749220 
	   Memory (MB)          :    21        7900      8033 
...
000 (846584.000.000) 08/16 03:54:24 Job submitted from host: <172.20.3.187:9618?addrs=172.20.3.187-9618&noUDP&sock=2043_e813_3>
...
001 (846584.000.000) 08/16 05:46:10 Job executing on host: <172.20.225.8:9618?addrs=172.20.225.8-9618&noUDP&sock=3440_21e1_3>
...
006 (846584.000.000) 08/16 05:46:18 Image size of job updated: 21120
	21  -  MemoryUsage of job (MB)
	21120  -  ResidentSetSize of job (KB)
...
006 (846584.000.000) 08/16 05:51:19 Image size of job updated: 4921184
	4806  -  MemoryUsage of job (MB)
	4921184  -  ResidentSetSize of job (KB)
...
006 (846584.000.000) 08/16 05:56:19 Image size of job updated: 5877352
	5740  -  MemoryUsage of job (MB)
	5877352  -  ResidentSetSize of job (KB)
...
006 (846584.000.000) 08/16 06:01:19 Image size of job updated: 5878744
	5741  -  MemoryUsage of job (MB)
	5878744  -  ResidentSetSize of job (KB)
...
006 (846584.000.000) 08/16 06:06:20 Image size of job updated: 6464552
	6313  -  MemoryUsage of job (MB)
	6464000  -  ResidentSetSize of job (KB)
...
006 (846584.000.000) 08/16 06:07:16 Image size of job updated: 6471632
	6313  -  MemoryUsage of job (MB)
	6464000  -  ResidentSetSize of job (KB)
...
005 (846584.000.000) 08/16 06:07:16 Job terminated.
	(1) Normal termination (return value 0)
		Usr 0 00:22:38, Sys 0 00:00:31  -  Run Remote Usage
		Usr 0 00:00:00, Sys 0 00:00:00  -  Run Local Usage
		Usr 0 00:22:38, Sys 0 00:00:31  -  Total Remote Usage
		Usr 0 00:00:00, Sys 0 00:00:00  -  Total Local Usage
	1214  -  Run Bytes Sent By Job
	392  -  Run Bytes Received By Job
	1214  -  Total Bytes Sent By Job
	392  -  Total Bytes Received By Job
	Partitionable Resources :    Usage  Request Allocated 
	   Cpus                 :     0.98        1         1 
	   Disk (KB)            :   802           1 479737977 
	   Memory (MB)          :  6313        7900      8033 
...
