000 (844648.000.000) 08/15 13:30:25 Job submitted from host: <172.20.3.187:9618?addrs=172.20.3.187-9618&noUDP&sock=2043_e813_3>
...
001 (844648.000.000) 08/15 18:47:01 Job executing on host: <172.20.225.1:9618?addrs=172.20.225.1-9618&noUDP&sock=3382_5963_3>
...
006 (844648.000.000) 08/15 18:47:09 Image size of job updated: 21116
	21  -  MemoryUsage of job (MB)
	21116  -  ResidentSetSize of job (KB)
...
006 (844648.000.000) 08/15 18:52:10 Image size of job updated: 5302456
	5179  -  MemoryUsage of job (MB)
	5302456  -  ResidentSetSize of job (KB)
...
006 (844648.000.000) 08/15 18:57:11 Image size of job updated: 5302588
	5179  -  MemoryUsage of job (MB)
	5302588  -  ResidentSetSize of job (KB)
...
006 (844648.000.000) 08/15 19:02:10 Image size of job updated: 6258784
	6113  -  MemoryUsage of job (MB)
	6258784  -  ResidentSetSize of job (KB)
...
006 (844648.000.000) 08/15 19:07:10 Image size of job updated: 6264744
	6118  -  MemoryUsage of job (MB)
	6264744  -  ResidentSetSize of job (KB)
...
006 (844648.000.000) 08/15 19:11:22 Image size of job updated: 13447636
	6118  -  MemoryUsage of job (MB)
	6264744  -  ResidentSetSize of job (KB)
...
005 (844648.000.000) 08/15 19:11:22 Job terminated.
	(1) Normal termination (return value 0)
		Usr 0 00:23:34, Sys 0 00:00:31  -  Run Remote Usage
		Usr 0 00:00:00, Sys 0 00:00:00  -  Run Local Usage
		Usr 0 00:23:34, Sys 0 00:00:31  -  Total Remote Usage
		Usr 0 00:00:00, Sys 0 00:00:00  -  Total Local Usage
	1229  -  Run Bytes Sent By Job
	404  -  Run Bytes Received By Job
	1229  -  Total Bytes Sent By Job
	404  -  Total Bytes Received By Job
	Partitionable Resources :    Usage  Request Allocated 
	   Cpus                 :     0.68        1         1 
	   Disk (KB)            :   802           1 479786105 
	   Memory (MB)          :  6118        7900      8033 
...
