000 (843234.000.000) 08/15 13:28:52 Job submitted from host: <172.20.3.187:9618?addrs=172.20.3.187-9618&noUDP&sock=2043_e813_3>
...
001 (843234.000.000) 08/15 17:29:00 Job executing on host: <172.20.225.8:9618?addrs=172.20.225.8-9618&noUDP&sock=3440_21e1_3>
...
006 (843234.000.000) 08/15 17:29:10 Image size of job updated: 21132
	21  -  MemoryUsage of job (MB)
	21132  -  ResidentSetSize of job (KB)
...
006 (843234.000.000) 08/15 17:34:12 Image size of job updated: 5245520
	5123  -  MemoryUsage of job (MB)
	5245520  -  ResidentSetSize of job (KB)
...
006 (843234.000.000) 08/15 17:39:13 Image size of job updated: 5245656
	5123  -  MemoryUsage of job (MB)
	5245656  -  ResidentSetSize of job (KB)
...
006 (843234.000.000) 08/15 17:44:13 Image size of job updated: 6202020
	6057  -  MemoryUsage of job (MB)
	6202020  -  ResidentSetSize of job (KB)
...
006 (843234.000.000) 08/15 17:49:14 Image size of job updated: 6302508
	6155  -  MemoryUsage of job (MB)
	6302312  -  ResidentSetSize of job (KB)
...
006 (843234.000.000) 08/15 17:52:44 Image size of job updated: 6302508
	6155  -  MemoryUsage of job (MB)
	6302368  -  ResidentSetSize of job (KB)
...
005 (843234.000.000) 08/15 17:52:44 Job terminated.
	(1) Normal termination (return value 0)
		Usr 0 00:23:57, Sys 0 00:00:35  -  Run Remote Usage
		Usr 0 00:00:00, Sys 0 00:00:00  -  Run Local Usage
		Usr 0 00:23:57, Sys 0 00:00:35  -  Total Remote Usage
		Usr 0 00:00:00, Sys 0 00:00:00  -  Total Local Usage
	1229  -  Run Bytes Sent By Job
	404  -  Run Bytes Received By Job
	1229  -  Total Bytes Sent By Job
	404  -  Total Bytes Received By Job
	Partitionable Resources :    Usage  Request Allocated 
	   Cpus                 :     0.71        1         1 
	   Disk (KB)            :   802           1 479737977 
	   Memory (MB)          :  6155        7900      8033 
...
