000 (839946.000.000) 08/15 13:25:18 Job submitted from host: <172.20.3.187:9618?addrs=172.20.3.187-9618&noUDP&sock=2043_e813_3>
...
001 (839946.000.000) 08/15 14:00:59 Job executing on host: <172.20.225.5:9618?addrs=172.20.225.5-9618&noUDP&sock=3375_8c39_3>
...
006 (839946.000.000) 08/15 14:01:07 Image size of job updated: 21112
	21  -  MemoryUsage of job (MB)
	21112  -  ResidentSetSize of job (KB)
...
006 (839946.000.000) 08/15 14:06:07 Image size of job updated: 5003520
	4887  -  MemoryUsage of job (MB)
	5003520  -  ResidentSetSize of job (KB)
...
006 (839946.000.000) 08/15 14:11:08 Image size of job updated: 5959684
	5821  -  MemoryUsage of job (MB)
	5959684  -  ResidentSetSize of job (KB)
...
006 (839946.000.000) 08/15 14:16:09 Image size of job updated: 5961084
	5822  -  MemoryUsage of job (MB)
	5961084  -  ResidentSetSize of job (KB)
...
006 (839946.000.000) 08/15 14:21:10 Image size of job updated: 6562604
	6409  -  MemoryUsage of job (MB)
	6562244  -  ResidentSetSize of job (KB)
...
005 (839946.000.000) 08/15 14:21:53 Job terminated.
	(1) Normal termination (return value 0)
		Usr 0 00:22:22, Sys 0 00:00:37  -  Run Remote Usage
		Usr 0 00:00:00, Sys 0 00:00:00  -  Run Local Usage
		Usr 0 00:22:22, Sys 0 00:00:37  -  Total Remote Usage
		Usr 0 00:00:00, Sys 0 00:00:00  -  Total Local Usage
	1222  -  Run Bytes Sent By Job
	399  -  Run Bytes Received By Job
	1222  -  Total Bytes Sent By Job
	399  -  Total Bytes Received By Job
	Partitionable Resources :    Usage  Request Allocated 
	   Cpus                 :     0.61        1         1 
	   Disk (KB)            :   802           1 479749220 
	   Memory (MB)          :  6409        7900      8033 
...
