000 (839655.000.000) 08/15 13:25:00 Job submitted from host: <172.20.3.187:9618?addrs=172.20.3.187-9618&noUDP&sock=2043_e813_3>
...
001 (839655.000.000) 08/15 13:41:36 Job executing on host: <172.20.225.2:9618?addrs=172.20.225.2-9618&noUDP&sock=3424_285d_3>
...
006 (839655.000.000) 08/15 13:41:44 Image size of job updated: 21112
	21  -  MemoryUsage of job (MB)
	21112  -  ResidentSetSize of job (KB)
...
006 (839655.000.000) 08/15 13:42:39 Image size of job updated: 23352
	21  -  MemoryUsage of job (MB)
	21112  -  ResidentSetSize of job (KB)
...
005 (839655.000.000) 08/15 13:42:39 Job terminated.
	(1) Normal termination (return value 1)
		Usr 0 00:00:16, Sys 0 00:00:01  -  Run Remote Usage
		Usr 0 00:00:00, Sys 0 00:00:00  -  Run Local Usage
		Usr 0 00:00:16, Sys 0 00:00:01  -  Total Remote Usage
		Usr 0 00:00:00, Sys 0 00:00:00  -  Total Local Usage
	1437  -  Run Bytes Sent By Job
	393  -  Run Bytes Received By Job
	1437  -  Total Bytes Sent By Job
	393  -  Total Bytes Received By Job
	Partitionable Resources :    Usage  Request Allocated 
	   Cpus                 :     0.74        1         1 
	   Disk (KB)            :   803           1 479786084 
	   Memory (MB)          :    21        7900      8033 
...
000 (845746.000.000) 08/16 03:53:30 Job submitted from host: <172.20.3.187:9618?addrs=172.20.3.187-9618&noUDP&sock=2043_e813_3>
...
001 (845746.000.000) 08/16 04:42:15 Job executing on host: <172.20.225.4:9618?addrs=172.20.225.4-9618&noUDP&sock=3366_5fdf_3>
...
006 (845746.000.000) 08/16 04:42:23 Image size of job updated: 21104
	21  -  MemoryUsage of job (MB)
	21104  -  ResidentSetSize of job (KB)
...
006 (845746.000.000) 08/16 04:47:23 Image size of job updated: 4949996
	4834  -  MemoryUsage of job (MB)
	4949996  -  ResidentSetSize of job (KB)
...
006 (845746.000.000) 08/16 04:52:24 Image size of job updated: 4950124
	4835  -  MemoryUsage of job (MB)
	4950124  -  ResidentSetSize of job (KB)
...
006 (845746.000.000) 08/16 04:57:25 Image size of job updated: 5906492
	5769  -  MemoryUsage of job (MB)
	5906492  -  ResidentSetSize of job (KB)
...
006 (845746.000.000) 08/16 05:02:26 Image size of job updated: 6012452
	5872  -  MemoryUsage of job (MB)
	6012452  -  ResidentSetSize of job (KB)
...
006 (845746.000.000) 08/16 05:05:40 Image size of job updated: 6012452
	5872  -  MemoryUsage of job (MB)
	6012480  -  ResidentSetSize of job (KB)
...
005 (845746.000.000) 08/16 05:05:40 Job terminated.
	(1) Normal termination (return value 0)
		Usr 0 00:22:14, Sys 0 00:00:27  -  Run Remote Usage
		Usr 0 00:00:00, Sys 0 00:00:00  -  Run Local Usage
		Usr 0 00:22:14, Sys 0 00:00:27  -  Total Remote Usage
		Usr 0 00:00:00, Sys 0 00:00:00  -  Total Local Usage
	1218  -  Run Bytes Sent By Job
	393  -  Run Bytes Received By Job
	1218  -  Total Bytes Sent By Job
	393  -  Total Bytes Received By Job
	Partitionable Resources :    Usage  Request Allocated 
	   Cpus                 :     0.57        1         1 
	   Disk (KB)            :   802           1 479779449 
	   Memory (MB)          :  5872        7900      8033 
...
