000 (842455.000.000) 08/15 13:28:01 Job submitted from host: <172.20.3.187:9618?addrs=172.20.3.187-9618&noUDP&sock=2043_e813_3>
...
001 (842455.000.000) 08/15 16:19:30 Job executing on host: <172.20.225.4:9618?addrs=172.20.225.4-9618&noUDP&sock=3366_5fdf_3>
...
006 (842455.000.000) 08/15 16:19:39 Image size of job updated: 21108
	21  -  MemoryUsage of job (MB)
	21108  -  ResidentSetSize of job (KB)
...
006 (842455.000.000) 08/15 16:24:40 Image size of job updated: 4984896
	4869  -  MemoryUsage of job (MB)
	4984896  -  ResidentSetSize of job (KB)
...
006 (842455.000.000) 08/15 16:29:41 Image size of job updated: 5874832
	5738  -  MemoryUsage of job (MB)
	5874832  -  ResidentSetSize of job (KB)
...
006 (842455.000.000) 08/15 16:34:41 Image size of job updated: 5941380
	5803  -  MemoryUsage of job (MB)
	5941380  -  ResidentSetSize of job (KB)
...
006 (842455.000.000) 08/15 16:39:42 Image size of job updated: 6428684
	6278  -  MemoryUsage of job (MB)
	6427860  -  ResidentSetSize of job (KB)
...
006 (842455.000.000) 08/15 16:40:54 Image size of job updated: 6676096
	6278  -  MemoryUsage of job (MB)
	6427860  -  ResidentSetSize of job (KB)
...
005 (842455.000.000) 08/15 16:40:54 Job terminated.
	(1) Normal termination (return value 0)
		Usr 0 00:22:47, Sys 0 00:00:31  -  Run Remote Usage
		Usr 0 00:00:00, Sys 0 00:00:00  -  Run Local Usage
		Usr 0 00:22:47, Sys 0 00:00:31  -  Total Remote Usage
		Usr 0 00:00:00, Sys 0 00:00:00  -  Total Local Usage
	1219  -  Run Bytes Sent By Job
	396  -  Run Bytes Received By Job
	1219  -  Total Bytes Sent By Job
	396  -  Total Bytes Received By Job
	Partitionable Resources :    Usage  Request Allocated 
	   Cpus                 :     0.97        1         1 
	   Disk (KB)            :   802           1 479779449 
	   Memory (MB)          :  6278        7900      8033 
...
