000 (840586.000.000) 08/15 13:26:00 Job submitted from host: <172.20.3.187:9618?addrs=172.20.3.187-9618&noUDP&sock=2043_e813_3>
...
001 (840586.000.000) 08/15 14:50:01 Job executing on host: <172.20.225.6:9618?addrs=172.20.225.6-9618&noUDP&sock=3382_5963_3>
...
006 (840586.000.000) 08/15 14:50:09 Image size of job updated: 21120
	21  -  MemoryUsage of job (MB)
	21120  -  ResidentSetSize of job (KB)
...
005 (840586.000.000) 08/15 14:51:02 Job terminated.
	(1) Normal termination (return value 1)
		Usr 0 00:00:15, Sys 0 00:00:01  -  Run Remote Usage
		Usr 0 00:00:00, Sys 0 00:00:00  -  Run Local Usage
		Usr 0 00:00:15, Sys 0 00:00:01  -  Total Remote Usage
		Usr 0 00:00:00, Sys 0 00:00:00  -  Total Local Usage
	1435  -  Run Bytes Sent By Job
	397  -  Run Bytes Received By Job
	1435  -  Total Bytes Sent By Job
	397  -  Total Bytes Received By Job
	Partitionable Resources :    Usage  Request Allocated 
	   Cpus                 :     0.64        1         1 
	   Disk (KB)            :   803           1 479749220 
	   Memory (MB)          :    21        7900      8033 
...
000 (845904.000.000) 08/16 03:53:40 Job submitted from host: <172.20.3.187:9618?addrs=172.20.3.187-9618&noUDP&sock=2043_e813_3>
...
001 (845904.000.000) 08/16 04:43:12 Job executing on host: <172.20.225.1:9618?addrs=172.20.225.1-9618&noUDP&sock=3382_5963_3>
...
006 (845904.000.000) 08/16 04:43:21 Image size of job updated: 21120
	21  -  MemoryUsage of job (MB)
	21120  -  ResidentSetSize of job (KB)
...
006 (845904.000.000) 08/16 04:48:22 Image size of job updated: 5035304
	4918  -  MemoryUsage of job (MB)
	5035304  -  ResidentSetSize of job (KB)
...
006 (845904.000.000) 08/16 04:53:23 Image size of job updated: 5035408
	4918  -  MemoryUsage of job (MB)
	5035408  -  ResidentSetSize of job (KB)
...
006 (845904.000.000) 08/16 04:58:23 Image size of job updated: 5991772
	5852  -  MemoryUsage of job (MB)
	5991772  -  ResidentSetSize of job (KB)
...
006 (845904.000.000) 08/16 05:03:24 Image size of job updated: 6004204
	5864  -  MemoryUsage of job (MB)
	6004204  -  ResidentSetSize of job (KB)
...
006 (845904.000.000) 08/16 05:06:24 Image size of job updated: 19223140
	5864  -  MemoryUsage of job (MB)
	6004204  -  ResidentSetSize of job (KB)
...
005 (845904.000.000) 08/16 05:06:24 Job terminated.
	(1) Normal termination (return value 0)
		Usr 0 00:22:12, Sys 0 00:00:27  -  Run Remote Usage
		Usr 0 00:00:00, Sys 0 00:00:00  -  Run Local Usage
		Usr 0 00:22:12, Sys 0 00:00:27  -  Total Remote Usage
		Usr 0 00:00:00, Sys 0 00:00:00  -  Total Local Usage
	1220  -  Run Bytes Sent By Job
	397  -  Run Bytes Received By Job
	1220  -  Total Bytes Sent By Job
	397  -  Total Bytes Received By Job
	Partitionable Resources :    Usage  Request Allocated 
	   Cpus                 :     0.76        1         1 
	   Disk (KB)            :   802           1 479786105 
	   Memory (MB)          :  5864        7900      8033 
...
