000 (842350.000.000) 08/15 13:27:54 Job submitted from host: <172.20.3.187:9618?addrs=172.20.3.187-9618&noUDP&sock=2043_e813_3>
...
001 (842350.000.000) 08/15 16:11:20 Job executing on host: <172.20.225.4:9618?addrs=172.20.225.4-9618&noUDP&sock=3366_5fdf_3>
...
006 (842350.000.000) 08/15 16:11:29 Image size of job updated: 21112
	21  -  MemoryUsage of job (MB)
	21112  -  ResidentSetSize of job (KB)
...
006 (842350.000.000) 08/15 16:12:24 Image size of job updated: 21596
	21  -  MemoryUsage of job (MB)
	21112  -  ResidentSetSize of job (KB)
...
005 (842350.000.000) 08/15 16:12:24 Job terminated.
	(1) Normal termination (return value 1)
		Usr 0 00:00:13, Sys 0 00:00:01  -  Run Remote Usage
		Usr 0 00:00:00, Sys 0 00:00:00  -  Run Local Usage
		Usr 0 00:00:13, Sys 0 00:00:01  -  Total Remote Usage
		Usr 0 00:00:00, Sys 0 00:00:00  -  Total Local Usage
	1435  -  Run Bytes Sent By Job
	397  -  Run Bytes Received By Job
	1435  -  Total Bytes Sent By Job
	397  -  Total Bytes Received By Job
	Partitionable Resources :    Usage  Request Allocated 
	   Cpus                 :     0.59        1         1 
	   Disk (KB)            :   803           1 479779449 
	   Memory (MB)          :    21        7900      8033 
...
000 (846673.000.000) 08/16 03:54:29 Job submitted from host: <172.20.3.187:9618?addrs=172.20.3.187-9618&noUDP&sock=2043_e813_3>
...
001 (846673.000.000) 08/16 05:53:13 Job executing on host: <172.20.225.6:9618?addrs=172.20.225.6-9618&noUDP&sock=3382_5963_3>
...
006 (846673.000.000) 08/16 05:53:22 Image size of job updated: 21112
	21  -  MemoryUsage of job (MB)
	21112  -  ResidentSetSize of job (KB)
...
006 (846673.000.000) 08/16 05:58:22 Image size of job updated: 4953004
	4837  -  MemoryUsage of job (MB)
	4953004  -  ResidentSetSize of job (KB)
...
006 (846673.000.000) 08/16 06:03:23 Image size of job updated: 5909172
	5771  -  MemoryUsage of job (MB)
	5909172  -  ResidentSetSize of job (KB)
...
006 (846673.000.000) 08/16 06:08:24 Image size of job updated: 5909488
	5771  -  MemoryUsage of job (MB)
	5909488  -  ResidentSetSize of job (KB)
...
006 (846673.000.000) 08/16 06:13:24 Image size of job updated: 6500396
	6348  -  MemoryUsage of job (MB)
	6499788  -  ResidentSetSize of job (KB)
...
006 (846673.000.000) 08/16 06:16:01 Image size of job updated: 6500396
	6348  -  MemoryUsage of job (MB)
	6499828  -  ResidentSetSize of job (KB)
...
005 (846673.000.000) 08/16 06:16:01 Job terminated.
	(1) Normal termination (return value 0)
		Usr 0 00:22:28, Sys 0 00:00:28  -  Run Remote Usage
		Usr 0 00:00:00, Sys 0 00:00:00  -  Run Local Usage
		Usr 0 00:22:28, Sys 0 00:00:28  -  Total Remote Usage
		Usr 0 00:00:00, Sys 0 00:00:00  -  Total Local Usage
	1220  -  Run Bytes Sent By Job
	397  -  Run Bytes Received By Job
	1220  -  Total Bytes Sent By Job
	397  -  Total Bytes Received By Job
	Partitionable Resources :    Usage  Request Allocated 
	   Cpus                 :     0.74        1         1 
	   Disk (KB)            :   802           1 479749220 
	   Memory (MB)          :  6348        7900      8033 
...
