000 (841641.000.000) 08/15 13:27:08 Job submitted from host: <172.20.3.187:9618?addrs=172.20.3.187-9618&noUDP&sock=2043_e813_3>
...
001 (841641.000.000) 08/15 15:36:02 Job executing on host: <172.20.225.1:9618?addrs=172.20.225.1-9618&noUDP&sock=3382_5963_3>
...
006 (841641.000.000) 08/15 15:36:10 Image size of job updated: 21112
	21  -  MemoryUsage of job (MB)
	21112  -  ResidentSetSize of job (KB)
...
006 (841641.000.000) 08/15 15:41:10 Image size of job updated: 5035940
	4918  -  MemoryUsage of job (MB)
	5035940  -  ResidentSetSize of job (KB)
...
006 (841641.000.000) 08/15 15:46:11 Image size of job updated: 5992220
	5852  -  MemoryUsage of job (MB)
	5992220  -  ResidentSetSize of job (KB)
...
006 (841641.000.000) 08/15 15:51:11 Image size of job updated: 5998200
	5858  -  MemoryUsage of job (MB)
	5998200  -  ResidentSetSize of job (KB)
...
006 (841641.000.000) 08/15 15:55:58 Image size of job updated: 13773888
	5858  -  MemoryUsage of job (MB)
	5998200  -  ResidentSetSize of job (KB)
...
005 (841641.000.000) 08/15 15:55:58 Job terminated.
	(1) Normal termination (return value 0)
		Usr 0 00:23:11, Sys 0 00:00:31  -  Run Remote Usage
		Usr 0 00:00:00, Sys 0 00:00:00  -  Run Local Usage
		Usr 0 00:23:11, Sys 0 00:00:31  -  Total Remote Usage
		Usr 0 00:00:00, Sys 0 00:00:00  -  Total Local Usage
	1229  -  Run Bytes Sent By Job
	406  -  Run Bytes Received By Job
	1229  -  Total Bytes Sent By Job
	406  -  Total Bytes Received By Job
	Partitionable Resources :    Usage  Request Allocated 
	   Cpus                 :     0.70        1         1 
	   Disk (KB)            :   802           1 479786105 
	   Memory (MB)          :  5858        7900      8033 
...
