000 (843866.000.000) 08/15 13:29:34 Job submitted from host: <172.20.3.187:9618?addrs=172.20.3.187-9618&noUDP&sock=2043_e813_3>
...
001 (843866.000.000) 08/15 17:55:45 Job executing on host: <172.20.225.6:9618?addrs=172.20.225.6-9618&noUDP&sock=3382_5963_3>
...
006 (843866.000.000) 08/15 17:55:54 Image size of job updated: 21124
	21  -  MemoryUsage of job (MB)
	21124  -  ResidentSetSize of job (KB)
...
005 (843866.000.000) 08/15 17:56:51 Job terminated.
	(1) Normal termination (return value 1)
		Usr 0 00:00:17, Sys 0 00:00:01  -  Run Remote Usage
		Usr 0 00:00:00, Sys 0 00:00:00  -  Run Local Usage
		Usr 0 00:00:17, Sys 0 00:00:01  -  Total Remote Usage
		Usr 0 00:00:00, Sys 0 00:00:00  -  Total Local Usage
	1437  -  Run Bytes Sent By Job
	398  -  Run Bytes Received By Job
	1437  -  Total Bytes Sent By Job
	398  -  Total Bytes Received By Job
	Partitionable Resources :    Usage  Request Allocated 
	   Cpus                 :     0.48        1         1 
	   Disk (KB)            :   803           1 479749220 
	   Memory (MB)          :    21        7900      8033 
...
000 (847120.000.000) 08/16 03:54:57 Job submitted from host: <172.20.3.187:9618?addrs=172.20.3.187-9618&noUDP&sock=2043_e813_3>
...
001 (847120.000.000) 08/16 06:24:10 Job executing on host: <172.20.225.5:9618?addrs=172.20.225.5-9618&noUDP&sock=3375_8c39_3>
...
006 (847120.000.000) 08/16 06:24:18 Image size of job updated: 21108
	21  -  MemoryUsage of job (MB)
	21108  -  ResidentSetSize of job (KB)
...
006 (847120.000.000) 08/16 06:29:18 Image size of job updated: 4971532
	4856  -  MemoryUsage of job (MB)
	4971532  -  ResidentSetSize of job (KB)
...
006 (847120.000.000) 08/16 06:34:19 Image size of job updated: 4971636
	4856  -  MemoryUsage of job (MB)
	4971636  -  ResidentSetSize of job (KB)
...
006 (847120.000.000) 08/16 06:39:20 Image size of job updated: 5928008
	5790  -  MemoryUsage of job (MB)
	5928008  -  ResidentSetSize of job (KB)
...
006 (847120.000.000) 08/16 06:44:20 Image size of job updated: 9056480
	8845  -  MemoryUsage of job (MB)
	9056480  -  ResidentSetSize of job (KB)
...
006 (847120.000.000) 08/16 06:45:05 Image size of job updated: 9146476
	8845  -  MemoryUsage of job (MB)
	9056480  -  ResidentSetSize of job (KB)
...
005 (847120.000.000) 08/16 06:45:05 Job terminated.
	(1) Normal termination (return value 0)
		Usr 0 00:23:12, Sys 0 00:00:30  -  Run Remote Usage
		Usr 0 00:00:00, Sys 0 00:00:00  -  Run Local Usage
		Usr 0 00:23:12, Sys 0 00:00:30  -  Total Remote Usage
		Usr 0 00:00:00, Sys 0 00:00:00  -  Total Local Usage
	1223  -  Run Bytes Sent By Job
	398  -  Run Bytes Received By Job
	1223  -  Total Bytes Sent By Job
	398  -  Total Bytes Received By Job
	Partitionable Resources :    Usage  Request Allocated 
	   Cpus                 :     2.11        1         1 
	   Disk (KB)            :   802           1 479749220 
	   Memory (MB)          :  8845        7900      8033 
...
