000 (843613.000.000) 08/15 13:29:17 Job submitted from host: <172.20.3.187:9618?addrs=172.20.3.187-9618&noUDP&sock=2043_e813_3>
...
001 (843613.000.000) 08/15 17:52:17 Job executing on host: <172.20.225.6:9618?addrs=172.20.225.6-9618&noUDP&sock=3382_5963_3>
...
006 (843613.000.000) 08/15 17:52:25 Image size of job updated: 21104
	21  -  MemoryUsage of job (MB)
	21104  -  ResidentSetSize of job (KB)
...
006 (843613.000.000) 08/15 17:53:19 Image size of job updated: 4197388
	21  -  MemoryUsage of job (MB)
	21104  -  ResidentSetSize of job (KB)
...
005 (843613.000.000) 08/15 17:53:19 Job terminated.
	(1) Normal termination (return value 1)
		Usr 0 00:00:18, Sys 0 00:00:01  -  Run Remote Usage
		Usr 0 00:00:00, Sys 0 00:00:00  -  Run Local Usage
		Usr 0 00:00:18, Sys 0 00:00:01  -  Total Remote Usage
		Usr 0 00:00:00, Sys 0 00:00:00  -  Total Local Usage
	1437  -  Run Bytes Sent By Job
	393  -  Run Bytes Received By Job
	1437  -  Total Bytes Sent By Job
	393  -  Total Bytes Received By Job
	Partitionable Resources :    Usage  Request Allocated 
	   Cpus                 :     0.64        1         1 
	   Disk (KB)            :   803           1 479749220 
	   Memory (MB)          :    21        7900      8033 
...
000 (846879.000.000) 08/16 03:54:42 Job submitted from host: <172.20.3.187:9618?addrs=172.20.3.187-9618&noUDP&sock=2043_e813_3>
...
001 (846879.000.000) 08/16 06:09:11 Job executing on host: <172.20.225.4:9618?addrs=172.20.225.4-9618&noUDP&sock=3366_5fdf_3>
...
006 (846879.000.000) 08/16 06:09:20 Image size of job updated: 21124
	21  -  MemoryUsage of job (MB)
	21124  -  ResidentSetSize of job (KB)
...
006 (846879.000.000) 08/16 06:14:22 Image size of job updated: 5009832
	4893  -  MemoryUsage of job (MB)
	5009832  -  ResidentSetSize of job (KB)
...
006 (846879.000.000) 08/16 06:19:22 Image size of job updated: 5966060
	5827  -  MemoryUsage of job (MB)
	5966060  -  ResidentSetSize of job (KB)
...
006 (846879.000.000) 08/16 06:24:22 Image size of job updated: 5967452
	5828  -  MemoryUsage of job (MB)
	5967452  -  ResidentSetSize of job (KB)
...
006 (846879.000.000) 08/16 06:29:22 Image size of job updated: 7181820
	7014  -  MemoryUsage of job (MB)
	7181596  -  ResidentSetSize of job (KB)
...
005 (846879.000.000) 08/16 06:31:09 Job terminated.
	(1) Normal termination (return value 0)
		Usr 0 00:22:54, Sys 0 00:00:31  -  Run Remote Usage
		Usr 0 00:00:00, Sys 0 00:00:00  -  Run Local Usage
		Usr 0 00:22:54, Sys 0 00:00:31  -  Total Remote Usage
		Usr 0 00:00:00, Sys 0 00:00:00  -  Total Local Usage
	1218  -  Run Bytes Sent By Job
	393  -  Run Bytes Received By Job
	1218  -  Total Bytes Sent By Job
	393  -  Total Bytes Received By Job
	Partitionable Resources :    Usage  Request Allocated 
	   Cpus                 :     0.51        1         1 
	   Disk (KB)            :   802           1 479779449 
	   Memory (MB)          :  7014        7900      8033 
...
