000 (839082.000.000) 08/15 13:24:22 Job submitted from host: <172.20.3.187:9618?addrs=172.20.3.187-9618&noUDP&sock=2043_e813_3>
...
001 (839082.000.000) 08/15 13:37:50 Job executing on host: <172.20.225.2:9618?addrs=172.20.225.2-9618&noUDP&sock=3424_285d_3>
...
006 (839082.000.000) 08/15 13:37:58 Image size of job updated: 21116
	21  -  MemoryUsage of job (MB)
	21116  -  ResidentSetSize of job (KB)
...
005 (839082.000.000) 08/15 13:38:37 Job terminated.
	(1) Normal termination (return value 1)
		Usr 0 00:00:22, Sys 0 00:00:02  -  Run Remote Usage
		Usr 0 00:00:00, Sys 0 00:00:00  -  Run Local Usage
		Usr 0 00:00:22, Sys 0 00:00:02  -  Total Remote Usage
		Usr 0 00:00:00, Sys 0 00:00:00  -  Total Local Usage
	1437  -  Run Bytes Sent By Job
	395  -  Run Bytes Received By Job
	1437  -  Total Bytes Sent By Job
	395  -  Total Bytes Received By Job
	Partitionable Resources :    Usage  Request Allocated 
	   Cpus                 :     0.97        1         1 
	   Disk (KB)            :   803           1 479786084 
	   Memory (MB)          :    21        7900      8033 
...
000 (845284.000.000) 08/16 03:52:40 Job submitted from host: <172.20.3.187:9618?addrs=172.20.3.187-9618&noUDP&sock=2043_e813_3>
...
001 (845284.000.000) 08/16 03:53:05 Job executing on host: <172.20.225.1:9618?addrs=172.20.225.1-9618&noUDP&sock=3382_5963_3>
...
006 (845284.000.000) 08/16 03:53:15 Image size of job updated: 21116
	21  -  MemoryUsage of job (MB)
	21116  -  ResidentSetSize of job (KB)
...
006 (845284.000.000) 08/16 03:58:16 Image size of job updated: 5081936
	4960  -  MemoryUsage of job (MB)
	5079000  -  ResidentSetSize of job (KB)
...
006 (845284.000.000) 08/16 04:03:15 Image size of job updated: 5082040
	4961  -  MemoryUsage of job (MB)
	5079104  -  ResidentSetSize of job (KB)
...
006 (845284.000.000) 08/16 04:08:15 Image size of job updated: 6038236
	5894  -  MemoryUsage of job (MB)
	6035300  -  ResidentSetSize of job (KB)
...
006 (845284.000.000) 08/16 04:13:16 Image size of job updated: 6044256
	5900  -  MemoryUsage of job (MB)
	6041268  -  ResidentSetSize of job (KB)
...
005 (845284.000.000) 08/16 04:17:29 Job terminated.
	(1) Normal termination (return value 0)
		Usr 0 00:22:50, Sys 0 00:00:35  -  Run Remote Usage
		Usr 0 00:00:00, Sys 0 00:00:00  -  Run Local Usage
		Usr 0 00:22:50, Sys 0 00:00:35  -  Total Remote Usage
		Usr 0 00:00:00, Sys 0 00:00:00  -  Total Local Usage
	1220  -  Run Bytes Sent By Job
	395  -  Run Bytes Received By Job
	1220  -  Total Bytes Sent By Job
	395  -  Total Bytes Received By Job
	Partitionable Resources :    Usage  Request Allocated 
	   Cpus                 :     0.98        1         1 
	   Disk (KB)            :   802           1 479786105 
	   Memory (MB)          :  5900        7900      8033 
...
