000 (844735.000.000) 08/15 13:30:31 Job submitted from host: <172.20.3.187:9618?addrs=172.20.3.187-9618&noUDP&sock=2043_e813_3>
...
001 (844735.000.000) 08/15 18:50:01 Job executing on host: <172.20.225.2:9618?addrs=172.20.225.2-9618&noUDP&sock=3424_285d_3>
...
006 (844735.000.000) 08/15 18:50:10 Image size of job updated: 21112
	21  -  MemoryUsage of job (MB)
	21112  -  ResidentSetSize of job (KB)
...
006 (844735.000.000) 08/15 18:55:11 Image size of job updated: 5302708
	5179  -  MemoryUsage of job (MB)
	5302708  -  ResidentSetSize of job (KB)
...
006 (844735.000.000) 08/15 19:00:12 Image size of job updated: 5302844
	5179  -  MemoryUsage of job (MB)
	5302844  -  ResidentSetSize of job (KB)
...
006 (844735.000.000) 08/15 19:05:12 Image size of job updated: 6259036
	6113  -  MemoryUsage of job (MB)
	6259036  -  ResidentSetSize of job (KB)
...
006 (844735.000.000) 08/15 19:10:12 Image size of job updated: 6265004
	6119  -  MemoryUsage of job (MB)
	6265004  -  ResidentSetSize of job (KB)
...
006 (844735.000.000) 08/15 19:13:38 Image size of job updated: 6637504
	6119  -  MemoryUsage of job (MB)
	6265004  -  ResidentSetSize of job (KB)
...
005 (844735.000.000) 08/15 19:13:38 Job terminated.
	(1) Normal termination (return value 0)
		Usr 0 00:23:36, Sys 0 00:00:31  -  Run Remote Usage
		Usr 0 00:00:00, Sys 0 00:00:00  -  Run Local Usage
		Usr 0 00:23:36, Sys 0 00:00:31  -  Total Remote Usage
		Usr 0 00:00:00, Sys 0 00:00:00  -  Total Local Usage
	1229  -  Run Bytes Sent By Job
	404  -  Run Bytes Received By Job
	1229  -  Total Bytes Sent By Job
	404  -  Total Bytes Received By Job
	Partitionable Resources :    Usage  Request Allocated 
	   Cpus                 :     0.69        1         1 
	   Disk (KB)            :   802           1 479786084 
	   Memory (MB)          :  6119        7900      8033 
...
