000 (837651.000.000) 08/15 12:24:21 Job submitted from host: <172.20.3.187:9618?addrs=172.20.3.187-9618&noUDP&sock=2043_e813_3>
...
001 (837651.000.000) 08/15 12:33:23 Job executing on host: <172.20.225.6:9618?addrs=172.20.225.6-9618&noUDP&sock=3382_5963_3>
...
006 (837651.000.000) 08/15 12:33:32 Image size of job updated: 20812
	21  -  MemoryUsage of job (MB)
	20812  -  ResidentSetSize of job (KB)
...
006 (837651.000.000) 08/15 12:34:16 Image size of job updated: 545628
	21  -  MemoryUsage of job (MB)
	20812  -  ResidentSetSize of job (KB)
...
005 (837651.000.000) 08/15 12:34:16 Job terminated.
	(1) Normal termination (return value 1)
		Usr 0 00:00:37, Sys 0 00:00:02  -  Run Remote Usage
		Usr 0 00:00:00, Sys 0 00:00:00  -  Run Local Usage
		Usr 0 00:00:37, Sys 0 00:00:02  -  Total Remote Usage
		Usr 0 00:00:00, Sys 0 00:00:00  -  Total Local Usage
	1437  -  Run Bytes Sent By Job
	395  -  Run Bytes Received By Job
	1437  -  Total Bytes Sent By Job
	395  -  Total Bytes Received By Job
	Partitionable Resources :    Usage  Request Allocated 
	   Cpus                 :     0.97        1         1 
	   Disk (KB)            :   803           1 479749220 
	   Memory (MB)          :    21        7900      8033 
...
000 (838950.000.000) 08/15 13:24:14 Job submitted from host: <172.20.3.187:9618?addrs=172.20.3.187-9618&noUDP&sock=2043_e813_3>
...
001 (838950.000.000) 08/15 13:37:00 Job executing on host: <172.20.225.4:9618?addrs=172.20.225.4-9618&noUDP&sock=3366_5fdf_3>
...
006 (838950.000.000) 08/15 13:37:09 Image size of job updated: 20808
	21  -  MemoryUsage of job (MB)
	20808  -  ResidentSetSize of job (KB)
...
005 (838950.000.000) 08/15 13:37:35 Job terminated.
	(1) Normal termination (return value 1)
		Usr 0 00:00:15, Sys 0 00:00:01  -  Run Remote Usage
		Usr 0 00:00:00, Sys 0 00:00:00  -  Run Local Usage
		Usr 0 00:00:15, Sys 0 00:00:01  -  Total Remote Usage
		Usr 0 00:00:00, Sys 0 00:00:00  -  Total Local Usage
	1437  -  Run Bytes Sent By Job
	395  -  Run Bytes Received By Job
	1437  -  Total Bytes Sent By Job
	395  -  Total Bytes Received By Job
	Partitionable Resources :    Usage  Request Allocated 
	   Cpus                 :     0.01        1         1 
	   Disk (KB)            :   802           1 479779449 
	   Memory (MB)          :    21        7900      8033 
...
000 (845152.000.000) 08/16 03:52:32 Job submitted from host: <172.20.3.187:9618?addrs=172.20.3.187-9618&noUDP&sock=2043_e813_3>
...
001 (845152.000.000) 08/16 03:52:55 Job executing on host: <172.20.225.6:9618?addrs=172.20.225.6-9618&noUDP&sock=3382_5963_3>
...
006 (845152.000.000) 08/16 03:53:04 Image size of job updated: 21116
	21  -  MemoryUsage of job (MB)
	21116  -  ResidentSetSize of job (KB)
...
006 (845152.000.000) 08/16 03:58:05 Image size of job updated: 5082480
	4960  -  MemoryUsage of job (MB)
	5078984  -  ResidentSetSize of job (KB)
...
006 (845152.000.000) 08/16 04:03:05 Image size of job updated: 5082580
	4961  -  MemoryUsage of job (MB)
	5079084  -  ResidentSetSize of job (KB)
...
006 (845152.000.000) 08/16 04:08:06 Image size of job updated: 6038772
	5894  -  MemoryUsage of job (MB)
	6035276  -  ResidentSetSize of job (KB)
...
006 (845152.000.000) 08/16 04:13:07 Image size of job updated: 6044772
	5900  -  MemoryUsage of job (MB)
	6041244  -  ResidentSetSize of job (KB)
...
006 (845152.000.000) 08/16 04:16:58 Image size of job updated: 24367392
	5900  -  MemoryUsage of job (MB)
	6041244  -  ResidentSetSize of job (KB)
...
005 (845152.000.000) 08/16 04:16:58 Job terminated.
	(1) Normal termination (return value 0)
		Usr 0 00:22:59, Sys 0 00:00:31  -  Run Remote Usage
		Usr 0 00:00:00, Sys 0 00:00:00  -  Run Local Usage
		Usr 0 00:22:59, Sys 0 00:00:31  -  Total Remote Usage
		Usr 0 00:00:00, Sys 0 00:00:00  -  Total Local Usage
	1220  -  Run Bytes Sent By Job
	395  -  Run Bytes Received By Job
	1220  -  Total Bytes Sent By Job
	395  -  Total Bytes Received By Job
	Partitionable Resources :    Usage  Request Allocated 
	   Cpus                 :     0.98        1         1 
	   Disk (KB)            :   802           1 479749220 
	   Memory (MB)          :  5900        7900      8033 
...
