000 (841690.000.000) 08/15 13:27:12 Job submitted from host: <172.20.3.187:9618?addrs=172.20.3.187-9618&noUDP&sock=2043_e813_3>
...
001 (841690.000.000) 08/15 15:39:02 Job executing on host: <172.20.225.4:9618?addrs=172.20.225.4-9618&noUDP&sock=3366_5fdf_3>
...
006 (841690.000.000) 08/15 15:39:11 Image size of job updated: 21116
	21  -  MemoryUsage of job (MB)
	21116  -  ResidentSetSize of job (KB)
...
006 (841690.000.000) 08/15 15:44:12 Image size of job updated: 5036156
	4919  -  MemoryUsage of job (MB)
	5036156  -  ResidentSetSize of job (KB)
...
006 (841690.000.000) 08/15 15:49:11 Image size of job updated: 5992324
	5852  -  MemoryUsage of job (MB)
	5992324  -  ResidentSetSize of job (KB)
...
006 (841690.000.000) 08/15 15:54:12 Image size of job updated: 5993712
	5854  -  MemoryUsage of job (MB)
	5993712  -  ResidentSetSize of job (KB)
...
006 (841690.000.000) 08/15 15:59:13 Image size of job updated: 6335640
	6187  -  MemoryUsage of job (MB)
	6334488  -  ResidentSetSize of job (KB)
...
006 (841690.000.000) 08/15 16:01:42 Image size of job updated: 6335640
	6187  -  MemoryUsage of job (MB)
	6334512  -  ResidentSetSize of job (KB)
...
005 (841690.000.000) 08/15 16:01:42 Job terminated.
	(1) Normal termination (return value 0)
		Usr 0 00:22:46, Sys 0 00:00:33  -  Run Remote Usage
		Usr 0 00:00:00, Sys 0 00:00:00  -  Run Local Usage
		Usr 0 00:22:46, Sys 0 00:00:33  -  Total Remote Usage
		Usr 0 00:00:00, Sys 0 00:00:00  -  Total Local Usage
	1232  -  Run Bytes Sent By Job
	407  -  Run Bytes Received By Job
	1232  -  Total Bytes Sent By Job
	407  -  Total Bytes Received By Job
	Partitionable Resources :    Usage  Request Allocated 
	   Cpus                 :     0.62        1         1 
	   Disk (KB)            :   802           1 479779449 
	   Memory (MB)          :  6187        7900      8033 
...
