000 (843534.000.000) 08/15 13:29:12 Job submitted from host: <172.20.3.187:9618?addrs=172.20.3.187-9618&noUDP&sock=2043_e813_3>
...
001 (843534.000.000) 08/15 17:50:24 Job executing on host: <172.20.225.6:9618?addrs=172.20.225.6-9618&noUDP&sock=3382_5963_3>
...
006 (843534.000.000) 08/15 17:50:32 Image size of job updated: 21120
	21  -  MemoryUsage of job (MB)
	21120  -  ResidentSetSize of job (KB)
...
006 (843534.000.000) 08/15 17:51:34 Image size of job updated: 4119032
	21  -  MemoryUsage of job (MB)
	21120  -  ResidentSetSize of job (KB)
...
005 (843534.000.000) 08/15 17:51:34 Job terminated.
	(1) Normal termination (return value 1)
		Usr 0 00:00:13, Sys 0 00:00:01  -  Run Remote Usage
		Usr 0 00:00:00, Sys 0 00:00:00  -  Run Local Usage
		Usr 0 00:00:13, Sys 0 00:00:01  -  Total Remote Usage
		Usr 0 00:00:00, Sys 0 00:00:00  -  Total Local Usage
	1435  -  Run Bytes Sent By Job
	392  -  Run Bytes Received By Job
	1435  -  Total Bytes Sent By Job
	392  -  Total Bytes Received By Job
	Partitionable Resources :    Usage  Request Allocated 
	   Cpus                 :     0.23        1         1 
	   Disk (KB)            :   803           1 479749220 
	   Memory (MB)          :    21        7900      8033 
...
000 (846800.000.000) 08/16 03:54:37 Job submitted from host: <172.20.3.187:9618?addrs=172.20.3.187-9618&noUDP&sock=2043_e813_3>
...
001 (846800.000.000) 08/16 05:58:10 Job executing on host: <172.20.225.1:9618?addrs=172.20.225.1-9618&noUDP&sock=3382_5963_3>
...
006 (846800.000.000) 08/16 05:58:19 Image size of job updated: 20788
	21  -  MemoryUsage of job (MB)
	20788  -  ResidentSetSize of job (KB)
...
006 (846800.000.000) 08/16 06:03:21 Image size of job updated: 5009940
	4893  -  MemoryUsage of job (MB)
	5009940  -  ResidentSetSize of job (KB)
...
006 (846800.000.000) 08/16 06:08:22 Image size of job updated: 5010044
	4893  -  MemoryUsage of job (MB)
	5010044  -  ResidentSetSize of job (KB)
...
006 (846800.000.000) 08/16 06:13:22 Image size of job updated: 5966412
	5827  -  MemoryUsage of job (MB)
	5966412  -  ResidentSetSize of job (KB)
...
006 (846800.000.000) 08/16 06:18:22 Image size of job updated: 6317176
	6169  -  MemoryUsage of job (MB)
	6316312  -  ResidentSetSize of job (KB)
...
006 (846800.000.000) 08/16 06:21:23 Image size of job updated: 8851900
	6169  -  MemoryUsage of job (MB)
	6316312  -  ResidentSetSize of job (KB)
...
005 (846800.000.000) 08/16 06:21:23 Job terminated.
	(1) Normal termination (return value 0)
		Usr 0 00:23:00, Sys 0 00:00:30  -  Run Remote Usage
		Usr 0 00:00:00, Sys 0 00:00:00  -  Run Local Usage
		Usr 0 00:23:00, Sys 0 00:00:30  -  Total Remote Usage
		Usr 0 00:00:00, Sys 0 00:00:00  -  Total Local Usage
	1215  -  Run Bytes Sent By Job
	392  -  Run Bytes Received By Job
	1215  -  Total Bytes Sent By Job
	392  -  Total Bytes Received By Job
	Partitionable Resources :    Usage  Request Allocated 
	   Cpus                 :     0.55        1         1 
	   Disk (KB)            :   802           1 479786105 
	   Memory (MB)          :  6169        7900      8033 
...
