000 (844413.000.000) 08/15 13:30:09 Job submitted from host: <172.20.3.187:9618?addrs=172.20.3.187-9618&noUDP&sock=2043_e813_3>
...
001 (844413.000.000) 08/15 18:25:00 Job executing on host: <172.20.225.4:9618?addrs=172.20.225.4-9618&noUDP&sock=3366_5fdf_3>
...
006 (844413.000.000) 08/15 18:25:08 Image size of job updated: 21108
	21  -  MemoryUsage of job (MB)
	21108  -  ResidentSetSize of job (KB)
...
006 (844413.000.000) 08/15 18:30:08 Image size of job updated: 5311924
	5179  -  MemoryUsage of job (MB)
	5302752  -  ResidentSetSize of job (KB)
...
006 (844413.000.000) 08/15 18:35:09 Image size of job updated: 5311924
	5179  -  MemoryUsage of job (MB)
	5302880  -  ResidentSetSize of job (KB)
...
006 (844413.000.000) 08/15 18:40:10 Image size of job updated: 6259240
	6113  -  MemoryUsage of job (MB)
	6259240  -  ResidentSetSize of job (KB)
...
006 (844413.000.000) 08/15 18:45:10 Image size of job updated: 6393520
	6244  -  MemoryUsage of job (MB)
	6392956  -  ResidentSetSize of job (KB)
...
006 (844413.000.000) 08/15 18:48:17 Image size of job updated: 14046372
	6244  -  MemoryUsage of job (MB)
	6392976  -  ResidentSetSize of job (KB)
...
005 (844413.000.000) 08/15 18:48:18 Job terminated.
	(1) Normal termination (return value 0)
		Usr 0 00:22:58, Sys 0 00:00:28  -  Run Remote Usage
		Usr 0 00:00:00, Sys 0 00:00:00  -  Run Local Usage
		Usr 0 00:22:58, Sys 0 00:00:28  -  Total Remote Usage
		Usr 0 00:00:00, Sys 0 00:00:00  -  Total Local Usage
	1229  -  Run Bytes Sent By Job
	404  -  Run Bytes Received By Job
	1229  -  Total Bytes Sent By Job
	404  -  Total Bytes Received By Job
	Partitionable Resources :    Usage  Request Allocated 
	   Cpus                 :     0.52        1         1 
	   Disk (KB)            :   802           1 479779449 
	   Memory (MB)          :  6244        7900      8033 
...
