000 (840187.000.000) 08/15 13:25:34 Job submitted from host: <172.20.3.187:9618?addrs=172.20.3.187-9618&noUDP&sock=2043_e813_3>
...
001 (840187.000.000) 08/15 14:22:01 Job executing on host: <172.20.225.8:9618?addrs=172.20.225.8-9618&noUDP&sock=3440_21e1_3>
...
006 (840187.000.000) 08/15 14:22:09 Image size of job updated: 21124
	21  -  MemoryUsage of job (MB)
	21124  -  ResidentSetSize of job (KB)
...
006 (840187.000.000) 08/15 14:27:10 Image size of job updated: 5055492
	4938  -  MemoryUsage of job (MB)
	5055492  -  ResidentSetSize of job (KB)
...
006 (840187.000.000) 08/15 14:32:10 Image size of job updated: 6011660
	5871  -  MemoryUsage of job (MB)
	6011660  -  ResidentSetSize of job (KB)
...
006 (840187.000.000) 08/15 14:37:10 Image size of job updated: 6011968
	5872  -  MemoryUsage of job (MB)
	6011968  -  ResidentSetSize of job (KB)
...
006 (840187.000.000) 08/15 14:42:11 Image size of job updated: 6392292
	6243  -  MemoryUsage of job (MB)
	6392104  -  ResidentSetSize of job (KB)
...
006 (840187.000.000) 08/15 14:44:27 Image size of job updated: 6396300
	6243  -  MemoryUsage of job (MB)
	6392104  -  ResidentSetSize of job (KB)
...
005 (840187.000.000) 08/15 14:44:27 Job terminated.
	(1) Normal termination (return value 0)
		Usr 0 00:22:25, Sys 0 00:00:32  -  Run Remote Usage
		Usr 0 00:00:00, Sys 0 00:00:00  -  Run Local Usage
		Usr 0 00:22:25, Sys 0 00:00:32  -  Total Remote Usage
		Usr 0 00:00:00, Sys 0 00:00:00  -  Total Local Usage
	1226  -  Run Bytes Sent By Job
	403  -  Run Bytes Received By Job
	1226  -  Total Bytes Sent By Job
	403  -  Total Bytes Received By Job
	Partitionable Resources :    Usage  Request Allocated 
	   Cpus                 :     0.61        1         1 
	   Disk (KB)            :   802           1 479737977 
	   Memory (MB)          :  6243        7900      8033 
...
