000 (843969.000.000) 08/15 13:29:41 Job submitted from host: <172.20.3.187:9618?addrs=172.20.3.187-9618&noUDP&sock=2043_e813_3>
...
001 (843969.000.000) 08/15 17:56:40 Job executing on host: <172.20.225.1:9618?addrs=172.20.225.1-9618&noUDP&sock=3382_5963_3>
...
006 (843969.000.000) 08/15 17:56:48 Image size of job updated: 21124
	21  -  MemoryUsage of job (MB)
	21124  -  ResidentSetSize of job (KB)
...
006 (843969.000.000) 08/15 18:01:48 Image size of job updated: 4996476
	4880  -  MemoryUsage of job (MB)
	4996476  -  ResidentSetSize of job (KB)
...
006 (843969.000.000) 08/15 18:06:49 Image size of job updated: 5952636
	5814  -  MemoryUsage of job (MB)
	5952636  -  ResidentSetSize of job (KB)
...
006 (843969.000.000) 08/15 18:11:49 Image size of job updated: 5954032
	5815  -  MemoryUsage of job (MB)
	5954032  -  ResidentSetSize of job (KB)
...
006 (843969.000.000) 08/15 18:16:49 Image size of job updated: 6370068
	6221  -  MemoryUsage of job (MB)
	6370068  -  ResidentSetSize of job (KB)
...
005 (843969.000.000) 08/15 18:19:33 Job terminated.
	(1) Normal termination (return value 0)
		Usr 0 00:23:16, Sys 0 00:00:31  -  Run Remote Usage
		Usr 0 00:00:00, Sys 0 00:00:00  -  Run Local Usage
		Usr 0 00:23:16, Sys 0 00:00:31  -  Total Remote Usage
		Usr 0 00:00:00, Sys 0 00:00:00  -  Total Local Usage
	1219  -  Run Bytes Sent By Job
	396  -  Run Bytes Received By Job
	1219  -  Total Bytes Sent By Job
	396  -  Total Bytes Received By Job
	Partitionable Resources :    Usage  Request Allocated 
	   Cpus                 :     0.80        1         1 
	   Disk (KB)            :   803           1 479786105 
	   Memory (MB)          :  6221        7900      8033 
...
