000 (841772.000.000) 08/15 13:27:17 Job submitted from host: <172.20.3.187:9618?addrs=172.20.3.187-9618&noUDP&sock=2043_e813_3>
...
001 (841772.000.000) 08/15 15:43:01 Job executing on host: <172.20.225.8:9618?addrs=172.20.225.8-9618&noUDP&sock=3440_21e1_3>
...
006 (841772.000.000) 08/15 15:43:09 Image size of job updated: 21120
	21  -  MemoryUsage of job (MB)
	21120  -  ResidentSetSize of job (KB)
...
006 (841772.000.000) 08/15 15:48:09 Image size of job updated: 5035820
	4918  -  MemoryUsage of job (MB)
	5035820  -  ResidentSetSize of job (KB)
...
006 (841772.000.000) 08/15 15:53:10 Image size of job updated: 5991992
	5852  -  MemoryUsage of job (MB)
	5991992  -  ResidentSetSize of job (KB)
...
006 (841772.000.000) 08/15 15:58:11 Image size of job updated: 5993384
	5853  -  MemoryUsage of job (MB)
	5993384  -  ResidentSetSize of job (KB)
...
006 (841772.000.000) 08/15 16:03:12 Image size of job updated: 6520504
	6368  -  MemoryUsage of job (MB)
	6520076  -  ResidentSetSize of job (KB)
...
005 (841772.000.000) 08/15 16:04:36 Job terminated.
	(1) Normal termination (return value 0)
		Usr 0 00:22:26, Sys 0 00:00:32  -  Run Remote Usage
		Usr 0 00:00:00, Sys 0 00:00:00  -  Run Local Usage
		Usr 0 00:22:26, Sys 0 00:00:32  -  Total Remote Usage
		Usr 0 00:00:00, Sys 0 00:00:00  -  Total Local Usage
	1232  -  Run Bytes Sent By Job
	407  -  Run Bytes Received By Job
	1232  -  Total Bytes Sent By Job
	407  -  Total Bytes Received By Job
	Partitionable Resources :    Usage  Request Allocated 
	   Cpus                 :     0.63        1         1 
	   Disk (KB)            :   803           1 479737977 
	   Memory (MB)          :  6368        7900      8033 
...
