000 (844723.000.000) 08/15 13:30:30 Job submitted from host: <172.20.3.187:9618?addrs=172.20.3.187-9618&noUDP&sock=2043_e813_3>
...
001 (844723.000.000) 08/15 18:50:00 Job executing on host: <172.20.225.8:9618?addrs=172.20.225.8-9618&noUDP&sock=3440_21e1_3>
...
006 (844723.000.000) 08/15 18:50:09 Image size of job updated: 21120
	21  -  MemoryUsage of job (MB)
	21120  -  ResidentSetSize of job (KB)
...
006 (844723.000.000) 08/15 18:55:10 Image size of job updated: 5302724
	5179  -  MemoryUsage of job (MB)
	5302724  -  ResidentSetSize of job (KB)
...
006 (844723.000.000) 08/15 19:00:11 Image size of job updated: 5302860
	5179  -  MemoryUsage of job (MB)
	5302860  -  ResidentSetSize of job (KB)
...
006 (844723.000.000) 08/15 19:05:12 Image size of job updated: 6259056
	6113  -  MemoryUsage of job (MB)
	6259056  -  ResidentSetSize of job (KB)
...
006 (844723.000.000) 08/15 19:10:11 Image size of job updated: 6375468
	6226  -  MemoryUsage of job (MB)
	6375276  -  ResidentSetSize of job (KB)
...
006 (844723.000.000) 08/15 19:13:26 Image size of job updated: 6919948
	6226  -  MemoryUsage of job (MB)
	6375300  -  ResidentSetSize of job (KB)
...
005 (844723.000.000) 08/15 19:13:26 Job terminated.
	(1) Normal termination (return value 0)
		Usr 0 00:23:22, Sys 0 00:00:27  -  Run Remote Usage
		Usr 0 00:00:00, Sys 0 00:00:00  -  Run Local Usage
		Usr 0 00:23:22, Sys 0 00:00:27  -  Total Remote Usage
		Usr 0 00:00:00, Sys 0 00:00:00  -  Total Local Usage
	1229  -  Run Bytes Sent By Job
	404  -  Run Bytes Received By Job
	1229  -  Total Bytes Sent By Job
	404  -  Total Bytes Received By Job
	Partitionable Resources :    Usage  Request Allocated 
	   Cpus                 :     0.70        1         1 
	   Disk (KB)            :   803           1 479737977 
	   Memory (MB)          :  6226        7900      8033 
...
