000 (844740.000.000) 08/15 13:30:32 Job submitted from host: <172.20.3.187:9618?addrs=172.20.3.187-9618&noUDP&sock=2043_e813_3>
...
001 (844740.000.000) 08/15 18:51:00 Job executing on host: <172.20.225.8:9618?addrs=172.20.225.8-9618&noUDP&sock=3440_21e1_3>
...
006 (844740.000.000) 08/15 18:51:08 Image size of job updated: 21124
	21  -  MemoryUsage of job (MB)
	21124  -  ResidentSetSize of job (KB)
...
006 (844740.000.000) 08/15 18:56:09 Image size of job updated: 5305444
	5179  -  MemoryUsage of job (MB)
	5302824  -  ResidentSetSize of job (KB)
...
006 (844740.000.000) 08/15 19:01:09 Image size of job updated: 5305444
	5179  -  MemoryUsage of job (MB)
	5302968  -  ResidentSetSize of job (KB)
...
006 (844740.000.000) 08/15 19:06:10 Image size of job updated: 6259164
	6113  -  MemoryUsage of job (MB)
	6259164  -  ResidentSetSize of job (KB)
...
006 (844740.000.000) 08/15 19:11:11 Image size of job updated: 6361324
	6213  -  MemoryUsage of job (MB)
	6361320  -  ResidentSetSize of job (KB)
...
006 (844740.000.000) 08/15 19:14:05 Image size of job updated: 6361324
	6213  -  MemoryUsage of job (MB)
	6361340  -  ResidentSetSize of job (KB)
...
005 (844740.000.000) 08/15 19:14:05 Job terminated.
	(1) Normal termination (return value 0)
		Usr 0 00:23:17, Sys 0 00:00:29  -  Run Remote Usage
		Usr 0 00:00:00, Sys 0 00:00:00  -  Run Local Usage
		Usr 0 00:23:17, Sys 0 00:00:29  -  Total Remote Usage
		Usr 0 00:00:00, Sys 0 00:00:00  -  Total Local Usage
	1229  -  Run Bytes Sent By Job
	404  -  Run Bytes Received By Job
	1229  -  Total Bytes Sent By Job
	404  -  Total Bytes Received By Job
	Partitionable Resources :    Usage  Request Allocated 
	   Cpus                 :        0        1         1 
	   Disk (KB)            :      802        1 479737977 
	   Memory (MB)          :     6213     7900      8033 
...
