000 (843759.000.000) 08/15 13:29:27 Job submitted from host: <172.20.3.187:9618?addrs=172.20.3.187-9618&noUDP&sock=2043_e813_3>
...
001 (843759.000.000) 08/15 17:54:33 Job executing on host: <172.20.225.1:9618?addrs=172.20.225.1-9618&noUDP&sock=3382_5963_3>
...
006 (843759.000.000) 08/15 17:54:42 Image size of job updated: 21128
	21  -  MemoryUsage of job (MB)
	21128  -  ResidentSetSize of job (KB)
...
006 (843759.000.000) 08/15 17:55:29 Image size of job updated: 4151308
	21  -  MemoryUsage of job (MB)
	21128  -  ResidentSetSize of job (KB)
...
005 (843759.000.000) 08/15 17:55:29 Job terminated.
	(1) Normal termination (return value 1)
		Usr 0 00:00:11, Sys 0 00:00:01  -  Run Remote Usage
		Usr 0 00:00:00, Sys 0 00:00:00  -  Run Local Usage
		Usr 0 00:00:11, Sys 0 00:00:01  -  Total Remote Usage
		Usr 0 00:00:00, Sys 0 00:00:00  -  Total Local Usage
	1435  -  Run Bytes Sent By Job
	397  -  Run Bytes Received By Job
	1435  -  Total Bytes Sent By Job
	397  -  Total Bytes Received By Job
	Partitionable Resources :    Usage  Request Allocated 
	   Cpus                 :        0        1         1 
	   Disk (KB)            :      803        1 479786105 
	   Memory (MB)          :       21     7900      8033 
...
000 (847013.000.000) 08/16 03:54:50 Job submitted from host: <172.20.3.187:9618?addrs=172.20.3.187-9618&noUDP&sock=2043_e813_3>
...
001 (847013.000.000) 08/16 06:20:10 Job executing on host: <172.20.225.8:9618?addrs=172.20.225.8-9618&noUDP&sock=3440_21e1_3>
...
006 (847013.000.000) 08/16 06:20:18 Image size of job updated: 21128
	21  -  MemoryUsage of job (MB)
	21128  -  ResidentSetSize of job (KB)
...
006 (847013.000.000) 08/16 06:25:18 Image size of job updated: 4971544
	4856  -  MemoryUsage of job (MB)
	4971544  -  ResidentSetSize of job (KB)
...
006 (847013.000.000) 08/16 06:30:19 Image size of job updated: 4971644
	4856  -  MemoryUsage of job (MB)
	4971644  -  ResidentSetSize of job (KB)
...
006 (847013.000.000) 08/16 06:35:20 Image size of job updated: 5928020
	5790  -  MemoryUsage of job (MB)
	5928020  -  ResidentSetSize of job (KB)
...
006 (847013.000.000) 08/16 06:40:21 Image size of job updated: 6699440
	6543  -  MemoryUsage of job (MB)
	6699440  -  ResidentSetSize of job (KB)
...
006 (847013.000.000) 08/16 06:42:50 Image size of job updated: 6699440
	6543  -  MemoryUsage of job (MB)
	6699452  -  ResidentSetSize of job (KB)
...
005 (847013.000.000) 08/16 06:42:50 Job terminated.
	(1) Normal termination (return value 0)
		Usr 0 00:23:12, Sys 0 00:00:30  -  Run Remote Usage
		Usr 0 00:00:00, Sys 0 00:00:00  -  Run Local Usage
		Usr 0 00:23:12, Sys 0 00:00:30  -  Total Remote Usage
		Usr 0 00:00:00, Sys 0 00:00:00  -  Total Local Usage
	1220  -  Run Bytes Sent By Job
	397  -  Run Bytes Received By Job
	1220  -  Total Bytes Sent By Job
	397  -  Total Bytes Received By Job
	Partitionable Resources :    Usage  Request Allocated 
	   Cpus                 :     0.68        1         1 
	   Disk (KB)            :   802           1 479737977 
	   Memory (MB)          :  6543        7900      8033 
...
