000 (840812.000.000) 08/15 13:26:15 Job submitted from host: <172.20.3.187:9618?addrs=172.20.3.187-9618&noUDP&sock=2043_e813_3>
...
001 (840812.000.000) 08/15 14:52:25 Job executing on host: <172.20.225.6:9618?addrs=172.20.225.6-9618&noUDP&sock=3382_5963_3>
...
006 (840812.000.000) 08/15 14:52:34 Image size of job updated: 21112
	21  -  MemoryUsage of job (MB)
	21112  -  ResidentSetSize of job (KB)
...
005 (840812.000.000) 08/15 14:53:39 Job terminated.
	(1) Normal termination (return value 1)
		Usr 0 00:00:26, Sys 0 00:00:01  -  Run Remote Usage
		Usr 0 00:00:00, Sys 0 00:00:00  -  Run Local Usage
		Usr 0 00:00:26, Sys 0 00:00:01  -  Total Remote Usage
		Usr 0 00:00:00, Sys 0 00:00:00  -  Total Local Usage
	1437  -  Run Bytes Sent By Job
	398  -  Run Bytes Received By Job
	1437  -  Total Bytes Sent By Job
	398  -  Total Bytes Received By Job
	Partitionable Resources :    Usage  Request Allocated 
	   Cpus                 :     0.74        1         1 
	   Disk (KB)            :   803           1 479749220 
	   Memory (MB)          :    21        7900      8033 
...
000 (846130.000.000) 08/16 03:53:54 Job submitted from host: <172.20.3.187:9618?addrs=172.20.3.187-9618&noUDP&sock=2043_e813_3>
...
001 (846130.000.000) 08/16 05:06:15 Job executing on host: <172.20.225.1:9618?addrs=172.20.225.1-9618&noUDP&sock=3382_5963_3>
...
006 (846130.000.000) 08/16 05:06:24 Image size of job updated: 21124
	21  -  MemoryUsage of job (MB)
	21124  -  ResidentSetSize of job (KB)
...
006 (846130.000.000) 08/16 05:11:24 Image size of job updated: 5035464
	4918  -  MemoryUsage of job (MB)
	5035464  -  ResidentSetSize of job (KB)
...
006 (846130.000.000) 08/16 05:16:25 Image size of job updated: 5035584
	4918  -  MemoryUsage of job (MB)
	5035584  -  ResidentSetSize of job (KB)
...
006 (846130.000.000) 08/16 05:21:25 Image size of job updated: 5991776
	5852  -  MemoryUsage of job (MB)
	5991776  -  ResidentSetSize of job (KB)
...
006 (846130.000.000) 08/16 05:26:27 Image size of job updated: 5997744
	5858  -  MemoryUsage of job (MB)
	5997744  -  ResidentSetSize of job (KB)
...
005 (846130.000.000) 08/16 05:30:15 Job terminated.
	(1) Normal termination (return value 0)
		Usr 0 00:22:38, Sys 0 00:00:28  -  Run Remote Usage
		Usr 0 00:00:00, Sys 0 00:00:00  -  Run Local Usage
		Usr 0 00:22:38, Sys 0 00:00:28  -  Total Remote Usage
		Usr 0 00:00:00, Sys 0 00:00:00  -  Total Local Usage
	1223  -  Run Bytes Sent By Job
	398  -  Run Bytes Received By Job
	1223  -  Total Bytes Sent By Job
	398  -  Total Bytes Received By Job
	Partitionable Resources :    Usage  Request Allocated 
	   Cpus                 :        0        1         1 
	   Disk (KB)            :      802        1 479786105 
	   Memory (MB)          :     5858     7900      8033 
...
