000 (841807.000.000) 08/15 13:27:19 Job submitted from host: <172.20.3.187:9618?addrs=172.20.3.187-9618&noUDP&sock=2043_e813_3>
...
001 (841807.000.000) 08/15 15:44:01 Job executing on host: <172.20.225.1:9618?addrs=172.20.225.1-9618&noUDP&sock=3382_5963_3>
...
006 (841807.000.000) 08/15 15:44:09 Image size of job updated: 21132
	21  -  MemoryUsage of job (MB)
	21132  -  ResidentSetSize of job (KB)
...
006 (841807.000.000) 08/15 15:49:09 Image size of job updated: 5036140
	4919  -  MemoryUsage of job (MB)
	5036140  -  ResidentSetSize of job (KB)
...
006 (841807.000.000) 08/15 15:54:10 Image size of job updated: 5036244
	4919  -  MemoryUsage of job (MB)
	5036244  -  ResidentSetSize of job (KB)
...
006 (841807.000.000) 08/15 15:59:12 Image size of job updated: 5993716
	5854  -  MemoryUsage of job (MB)
	5993716  -  ResidentSetSize of job (KB)
...
006 (841807.000.000) 08/15 16:03:29 Image size of job updated: 6355956
	5854  -  MemoryUsage of job (MB)
	5993716  -  ResidentSetSize of job (KB)
...
005 (841807.000.000) 08/15 16:03:29 Job terminated.
	(1) Normal termination (return value 0)
		Usr 0 00:24:10, Sys 0 00:00:30  -  Run Remote Usage
		Usr 0 00:00:00, Sys 0 00:00:00  -  Run Local Usage
		Usr 0 00:24:10, Sys 0 00:00:30  -  Total Remote Usage
		Usr 0 00:00:00, Sys 0 00:00:00  -  Total Local Usage
	1232  -  Run Bytes Sent By Job
	407  -  Run Bytes Received By Job
	1232  -  Total Bytes Sent By Job
	407  -  Total Bytes Received By Job
	Partitionable Resources :    Usage  Request Allocated 
	   Cpus                 :     0.97        1         1 
	   Disk (KB)            :   802           1 479786105 
	   Memory (MB)          :  5854        7900      8033 
...
