000 (842134.000.000) 08/15 13:27:40 Job submitted from host: <172.20.3.187:9618?addrs=172.20.3.187-9618&noUDP&sock=2043_e813_3>
...
001 (842134.000.000) 08/15 16:02:26 Job executing on host: <172.20.225.5:9618?addrs=172.20.225.5-9618&noUDP&sock=3375_8c39_3>
...
006 (842134.000.000) 08/15 16:02:34 Image size of job updated: 21112
	21  -  MemoryUsage of job (MB)
	21112  -  ResidentSetSize of job (KB)
...
006 (842134.000.000) 08/15 16:07:34 Image size of job updated: 5068080
	4809  -  MemoryUsage of job (MB)
	4923768  -  ResidentSetSize of job (KB)
...
006 (842134.000.000) 08/15 16:12:35 Image size of job updated: 6024244
	5743  -  MemoryUsage of job (MB)
	5879932  -  ResidentSetSize of job (KB)
...
006 (842134.000.000) 08/15 16:17:36 Image size of job updated: 6024244
	5749  -  MemoryUsage of job (MB)
	5886024  -  ResidentSetSize of job (KB)
...
006 (842134.000.000) 08/15 16:21:23 Image size of job updated: 6513768
	5749  -  MemoryUsage of job (MB)
	5886024  -  ResidentSetSize of job (KB)
...
005 (842134.000.000) 08/15 16:21:23 Job terminated.
	(1) Normal termination (return value 0)
		Usr 0 00:23:35, Sys 0 00:00:29  -  Run Remote Usage
		Usr 0 00:00:00, Sys 0 00:00:00  -  Run Local Usage
		Usr 0 00:23:35, Sys 0 00:00:29  -  Total Remote Usage
		Usr 0 00:00:00, Sys 0 00:00:00  -  Total Local Usage
	1231  -  Run Bytes Sent By Job
	409  -  Run Bytes Received By Job
	1231  -  Total Bytes Sent By Job
	409  -  Total Bytes Received By Job
	Partitionable Resources :    Usage  Request Allocated 
	   Cpus                 :     1.00        1         1 
	   Disk (KB)            :   802           1 479749220 
	   Memory (MB)          :  5749        7900      8033 
...
