000 (837557.000.000) 08/15 12:24:15 Job submitted from host: <172.20.3.187:9618?addrs=172.20.3.187-9618&noUDP&sock=2043_e813_3>
...
001 (837557.000.000) 08/15 12:31:58 Job executing on host: <172.20.225.6:9618?addrs=172.20.225.6-9618&noUDP&sock=3382_5963_3>
...
006 (837557.000.000) 08/15 12:32:06 Image size of job updated: 20800
	21  -  MemoryUsage of job (MB)
	20800  -  ResidentSetSize of job (KB)
...
005 (837557.000.000) 08/15 12:32:34 Job terminated.
	(1) Normal termination (return value 1)
		Usr 0 00:00:15, Sys 0 00:00:02  -  Run Remote Usage
		Usr 0 00:00:00, Sys 0 00:00:00  -  Run Local Usage
		Usr 0 00:00:15, Sys 0 00:00:02  -  Total Remote Usage
		Usr 0 00:00:00, Sys 0 00:00:00  -  Total Local Usage
	1435  -  Run Bytes Sent By Job
	393  -  Run Bytes Received By Job
	1435  -  Total Bytes Sent By Job
	393  -  Total Bytes Received By Job
	Partitionable Resources :    Usage  Request Allocated 
	   Cpus                 :     0.03        1         1 
	   Disk (KB)            :   802           1 479749220 
	   Memory (MB)          :    21        7900      8033 
...
000 (838856.000.000) 08/15 13:24:08 Job submitted from host: <172.20.3.187:9618?addrs=172.20.3.187-9618&noUDP&sock=2043_e813_3>
...
001 (838856.000.000) 08/15 13:34:32 Job executing on host: <172.20.225.8:9618?addrs=172.20.225.8-9618&noUDP&sock=3440_21e1_3>
...
006 (838856.000.000) 08/15 13:34:40 Image size of job updated: 20792
	21  -  MemoryUsage of job (MB)
	20792  -  ResidentSetSize of job (KB)
...
006 (838856.000.000) 08/15 13:34:58 Image size of job updated: 609148
	21  -  MemoryUsage of job (MB)
	20792  -  ResidentSetSize of job (KB)
...
005 (838856.000.000) 08/15 13:34:58 Job terminated.
	(1) Normal termination (return value 1)
		Usr 0 00:00:10, Sys 0 00:00:01  -  Run Remote Usage
		Usr 0 00:00:00, Sys 0 00:00:00  -  Run Local Usage
		Usr 0 00:00:10, Sys 0 00:00:01  -  Total Remote Usage
		Usr 0 00:00:00, Sys 0 00:00:00  -  Total Local Usage
	1433  -  Run Bytes Sent By Job
	393  -  Run Bytes Received By Job
	1433  -  Total Bytes Sent By Job
	393  -  Total Bytes Received By Job
	Partitionable Resources :    Usage  Request Allocated 
	   Cpus                 :     0.02        1         1 
	   Disk (KB)            :   802           1 479737977 
	   Memory (MB)          :    21        7900      8033 
...
000 (845058.000.000) 08/16 03:52:26 Job submitted from host: <172.20.3.187:9618?addrs=172.20.3.187-9618&noUDP&sock=2043_e813_3>
...
001 (845058.000.000) 08/16 03:52:48 Job executing on host: <172.20.225.4:9618?addrs=172.20.225.4-9618&noUDP&sock=3366_5fdf_3>
...
006 (845058.000.000) 08/16 03:52:58 Image size of job updated: 20808
	21  -  MemoryUsage of job (MB)
	20808  -  ResidentSetSize of job (KB)
...
006 (845058.000.000) 08/16 03:57:59 Image size of job updated: 5078928
	4960  -  MemoryUsage of job (MB)
	5078928  -  ResidentSetSize of job (KB)
...
006 (845058.000.000) 08/16 04:02:58 Image size of job updated: 5079032
	4960  -  MemoryUsage of job (MB)
	5079032  -  ResidentSetSize of job (KB)
...
006 (845058.000.000) 08/16 04:07:58 Image size of job updated: 6035396
	5894  -  MemoryUsage of job (MB)
	6035396  -  ResidentSetSize of job (KB)
...
006 (845058.000.000) 08/16 04:12:59 Image size of job updated: 6041192
	5900  -  MemoryUsage of job (MB)
	6041192  -  ResidentSetSize of job (KB)
...
005 (845058.000.000) 08/16 04:15:53 Job terminated.
	(1) Normal termination (return value 0)
		Usr 0 00:22:23, Sys 0 00:00:31  -  Run Remote Usage
		Usr 0 00:00:00, Sys 0 00:00:00  -  Run Local Usage
		Usr 0 00:22:23, Sys 0 00:00:31  -  Total Remote Usage
		Usr 0 00:00:00, Sys 0 00:00:00  -  Total Local Usage
	1214  -  Run Bytes Sent By Job
	393  -  Run Bytes Received By Job
	1214  -  Total Bytes Sent By Job
	393  -  Total Bytes Received By Job
	Partitionable Resources :    Usage  Request Allocated 
	   Cpus                 :     0.95        1         1 
	   Disk (KB)            :   802           1 479779449 
	   Memory (MB)          :  5900        7900      8033 
...
