000 (840834.000.000) 08/15 13:26:16 Job submitted from host: <172.20.3.187:9618?addrs=172.20.3.187-9618&noUDP&sock=2043_e813_3>
...
001 (840834.000.000) 08/15 14:52:35 Job executing on host: <172.20.225.2:9618?addrs=172.20.225.2-9618&noUDP&sock=3424_285d_3>
...
006 (840834.000.000) 08/15 14:52:43 Image size of job updated: 21120
	21  -  MemoryUsage of job (MB)
	21120  -  ResidentSetSize of job (KB)
...
005 (840834.000.000) 08/15 14:54:04 Job terminated.
	(1) Normal termination (return value 1)
		Usr 0 00:00:35, Sys 0 00:00:01  -  Run Remote Usage
		Usr 0 00:00:00, Sys 0 00:00:00  -  Run Local Usage
		Usr 0 00:00:35, Sys 0 00:00:01  -  Total Remote Usage
		Usr 0 00:00:00, Sys 0 00:00:00  -  Total Local Usage
	1437  -  Run Bytes Sent By Job
	398  -  Run Bytes Received By Job
	1437  -  Total Bytes Sent By Job
	398  -  Total Bytes Received By Job
	Partitionable Resources :    Usage  Request Allocated 
	   Cpus                 :     0.56        1         1 
	   Disk (KB)            :   803           1 479786084 
	   Memory (MB)          :    21        7900      8033 
...
000 (846152.000.000) 08/16 03:53:56 Job submitted from host: <172.20.3.187:9618?addrs=172.20.3.187-9618&noUDP&sock=2043_e813_3>
...
001 (846152.000.000) 08/16 05:06:15 Job executing on host: <172.20.225.5:9618?addrs=172.20.225.5-9618&noUDP&sock=3375_8c39_3>
...
006 (846152.000.000) 08/16 05:06:25 Image size of job updated: 21108
	21  -  MemoryUsage of job (MB)
	21108  -  ResidentSetSize of job (KB)
...
006 (846152.000.000) 08/16 05:11:25 Image size of job updated: 5035328
	4918  -  MemoryUsage of job (MB)
	5035328  -  ResidentSetSize of job (KB)
...
006 (846152.000.000) 08/16 05:16:26 Image size of job updated: 5035456
	4918  -  MemoryUsage of job (MB)
	5035456  -  ResidentSetSize of job (KB)
...
006 (846152.000.000) 08/16 05:21:26 Image size of job updated: 5991648
	5852  -  MemoryUsage of job (MB)
	5991648  -  ResidentSetSize of job (KB)
...
006 (846152.000.000) 08/16 05:26:26 Image size of job updated: 5997620
	5858  -  MemoryUsage of job (MB)
	5997620  -  ResidentSetSize of job (KB)
...
006 (846152.000.000) 08/16 05:29:52 Image size of job updated: 13843696
	5858  -  MemoryUsage of job (MB)
	5997620  -  ResidentSetSize of job (KB)
...
005 (846152.000.000) 08/16 05:29:52 Job terminated.
	(1) Normal termination (return value 0)
		Usr 0 00:22:18, Sys 0 00:00:25  -  Run Remote Usage
		Usr 0 00:00:00, Sys 0 00:00:00  -  Run Local Usage
		Usr 0 00:22:18, Sys 0 00:00:25  -  Total Remote Usage
		Usr 0 00:00:00, Sys 0 00:00:00  -  Total Local Usage
	1223  -  Run Bytes Sent By Job
	398  -  Run Bytes Received By Job
	1223  -  Total Bytes Sent By Job
	398  -  Total Bytes Received By Job
	Partitionable Resources :    Usage  Request Allocated 
	   Cpus                 :     0.77        1         1 
	   Disk (KB)            :   802           1 479749220 
	   Memory (MB)          :  5858        7900      8033 
...
