000 (841089.000.000) 08/15 13:26:33 Job submitted from host: <172.20.3.187:9618?addrs=172.20.3.187-9618&noUDP&sock=2043_e813_3>
...
001 (841089.000.000) 08/15 14:55:27 Job executing on host: <172.20.225.6:9618?addrs=172.20.225.6-9618&noUDP&sock=3382_5963_3>
...
006 (841089.000.000) 08/15 14:55:36 Image size of job updated: 21112
	21  -  MemoryUsage of job (MB)
	21112  -  ResidentSetSize of job (KB)
...
005 (841089.000.000) 08/15 14:56:36 Job terminated.
	(1) Normal termination (return value 1)
		Usr 0 00:00:13, Sys 0 00:00:01  -  Run Remote Usage
		Usr 0 00:00:00, Sys 0 00:00:00  -  Run Local Usage
		Usr 0 00:00:13, Sys 0 00:00:01  -  Total Remote Usage
		Usr 0 00:00:00, Sys 0 00:00:00  -  Total Local Usage
	1435  -  Run Bytes Sent By Job
	395  -  Run Bytes Received By Job
	1435  -  Total Bytes Sent By Job
	395  -  Total Bytes Received By Job
	Partitionable Resources :    Usage  Request Allocated 
	   Cpus                 :     0.26        1         1 
	   Disk (KB)            :   803           1 479749220 
	   Memory (MB)          :    21        7900      8033 
...
000 (846299.000.000) 08/16 03:54:05 Job submitted from host: <172.20.3.187:9618?addrs=172.20.3.187-9618&noUDP&sock=2043_e813_3>
...
001 (846299.000.000) 08/16 05:25:10 Job executing on host: <172.20.225.6:9618?addrs=172.20.225.6-9618&noUDP&sock=3382_5963_3>
...
006 (846299.000.000) 08/16 05:25:19 Image size of job updated: 21124
	21  -  MemoryUsage of job (MB)
	21124  -  ResidentSetSize of job (KB)
...
006 (846299.000.000) 08/16 05:30:20 Image size of job updated: 4941236
	4826  -  MemoryUsage of job (MB)
	4941236  -  ResidentSetSize of job (KB)
...
006 (846299.000.000) 08/16 05:35:20 Image size of job updated: 5897408
	5760  -  MemoryUsage of job (MB)
	5897408  -  ResidentSetSize of job (KB)
...
006 (846299.000.000) 08/16 05:40:21 Image size of job updated: 5898816
	5761  -  MemoryUsage of job (MB)
	5898816  -  ResidentSetSize of job (KB)
...
006 (846299.000.000) 08/16 05:44:35 Image size of job updated: 15697204
	5761  -  MemoryUsage of job (MB)
	5898816  -  ResidentSetSize of job (KB)
...
005 (846299.000.000) 08/16 05:44:35 Job terminated.
	(1) Normal termination (return value 0)
		Usr 0 00:21:45, Sys 0 00:00:30  -  Run Remote Usage
		Usr 0 00:00:00, Sys 0 00:00:00  -  Run Local Usage
		Usr 0 00:21:45, Sys 0 00:00:30  -  Total Remote Usage
		Usr 0 00:00:00, Sys 0 00:00:00  -  Total Local Usage
	1218  -  Run Bytes Sent By Job
	395  -  Run Bytes Received By Job
	1218  -  Total Bytes Sent By Job
	395  -  Total Bytes Received By Job
	Partitionable Resources :    Usage  Request Allocated 
	   Cpus                 :     0.99        1         1 
	   Disk (KB)            :   802           1 479749220 
	   Memory (MB)          :  5761        7900      8033 
...
