000 (838047.000.000) 08/15 12:24:47 Job submitted from host: <172.20.3.187:9618?addrs=172.20.3.187-9618&noUDP&sock=2043_e813_3>
...
001 (838047.000.000) 08/15 12:37:22 Job executing on host: <172.20.225.8:9618?addrs=172.20.225.8-9618&noUDP&sock=3440_21e1_3>
...
006 (838047.000.000) 08/15 12:37:31 Image size of job updated: 21128
	21  -  MemoryUsage of job (MB)
	21128  -  ResidentSetSize of job (KB)
...
006 (838047.000.000) 08/15 12:42:32 Image size of job updated: 20274724
	19800  -  MemoryUsage of job (MB)
	20274516  -  ResidentSetSize of job (KB)
...
005 (838047.000.000) 08/15 12:44:53 Job terminated.
	(1) Normal termination (return value 137)
		Usr 0 00:07:08, Sys 0 00:01:19  -  Run Remote Usage
		Usr 0 00:00:00, Sys 0 00:00:00  -  Run Local Usage
		Usr 0 00:07:08, Sys 0 00:01:19  -  Total Remote Usage
		Usr 0 00:00:00, Sys 0 00:00:00  -  Total Local Usage
	1387  -  Run Bytes Sent By Job
	402  -  Run Bytes Received By Job
	1387  -  Total Bytes Sent By Job
	402  -  Total Bytes Received By Job
	Partitionable Resources :    Usage  Request Allocated 
	   Cpus                 :     0.77        1         1 
	   Disk (KB)            :   803           1 479737977 
	   Memory (MB)          : 19800        7900      8033 
...
000 (841223.000.000) 08/15 13:26:41 Job submitted from host: <172.20.3.187:9618?addrs=172.20.3.187-9618&noUDP&sock=2043_e813_3>
...
001 (841223.000.000) 08/15 14:57:34 Job executing on host: <172.20.225.1:9618?addrs=172.20.225.1-9618&noUDP&sock=3382_5963_3>
...
006 (841223.000.000) 08/15 14:57:43 Image size of job updated: 21104
	21  -  MemoryUsage of job (MB)
	21104  -  ResidentSetSize of job (KB)
...
006 (841223.000.000) 08/15 15:02:44 Image size of job updated: 4910680
	4796  -  MemoryUsage of job (MB)
	4910680  -  ResidentSetSize of job (KB)
...
006 (841223.000.000) 08/15 15:07:45 Image size of job updated: 5866844
	5730  -  MemoryUsage of job (MB)
	5866844  -  ResidentSetSize of job (KB)
...
006 (841223.000.000) 08/15 15:12:45 Image size of job updated: 5867152
	5730  -  MemoryUsage of job (MB)
	5867152  -  ResidentSetSize of job (KB)
...
006 (841223.000.000) 08/15 15:17:45 Image size of job updated: 6363976
	6215  -  MemoryUsage of job (MB)
	6363944  -  ResidentSetSize of job (KB)
...
005 (841223.000.000) 08/15 15:19:36 Job terminated.
	(1) Normal termination (return value 0)
		Usr 0 00:23:17, Sys 0 00:00:30  -  Run Remote Usage
		Usr 0 00:00:00, Sys 0 00:00:00  -  Run Local Usage
		Usr 0 00:23:17, Sys 0 00:00:30  -  Total Remote Usage
		Usr 0 00:00:00, Sys 0 00:00:00  -  Total Local Usage
	1217  -  Run Bytes Sent By Job
	402  -  Run Bytes Received By Job
	1217  -  Total Bytes Sent By Job
	402  -  Total Bytes Received By Job
	Partitionable Resources :    Usage  Request Allocated 
	   Cpus                 :     0.95        1         1 
	   Disk (KB)            :   803           1 479786105 
	   Memory (MB)          :  6215        7900      8033 
...
