000 (839046.000.000) 08/15 13:24:20 Job submitted from host: <172.20.3.187:9618?addrs=172.20.3.187-9618&noUDP&sock=2043_e813_3>
...
001 (839046.000.000) 08/15 13:37:43 Job executing on host: <172.20.225.4:9618?addrs=172.20.225.4-9618&noUDP&sock=3366_5fdf_3>
...
006 (839046.000.000) 08/15 13:37:52 Image size of job updated: 20800
	21  -  MemoryUsage of job (MB)
	20800  -  ResidentSetSize of job (KB)
...
006 (839046.000.000) 08/15 13:38:22 Image size of job updated: 481296
	21  -  MemoryUsage of job (MB)
	20800  -  ResidentSetSize of job (KB)
...
005 (839046.000.000) 08/15 13:38:22 Job terminated.
	(1) Normal termination (return value 1)
		Usr 0 00:00:20, Sys 0 00:00:02  -  Run Remote Usage
		Usr 0 00:00:00, Sys 0 00:00:00  -  Run Local Usage
		Usr 0 00:00:20, Sys 0 00:00:02  -  Total Remote Usage
		Usr 0 00:00:00, Sys 0 00:00:00  -  Total Local Usage
	1437  -  Run Bytes Sent By Job
	395  -  Run Bytes Received By Job
	1437  -  Total Bytes Sent By Job
	395  -  Total Bytes Received By Job
	Partitionable Resources :    Usage  Request Allocated 
	   Cpus                 :     0.10        1         1 
	   Disk (KB)            :   803           1 479779449 
	   Memory (MB)          :    21        7900      8033 
...
000 (845248.000.000) 08/16 03:52:38 Job submitted from host: <172.20.3.187:9618?addrs=172.20.3.187-9618&noUDP&sock=2043_e813_3>
...
001 (845248.000.000) 08/16 03:52:57 Job executing on host: <172.20.225.1:9618?addrs=172.20.225.1-9618&noUDP&sock=3382_5963_3>
...
006 (845248.000.000) 08/16 03:53:07 Image size of job updated: 21120
	21  -  MemoryUsage of job (MB)
	21120  -  ResidentSetSize of job (KB)
...
006 (845248.000.000) 08/16 03:58:08 Image size of job updated: 5083932
	4960  -  MemoryUsage of job (MB)
	5078996  -  ResidentSetSize of job (KB)
...
006 (845248.000.000) 08/16 04:03:09 Image size of job updated: 5084036
	4961  -  MemoryUsage of job (MB)
	5079100  -  ResidentSetSize of job (KB)
...
006 (845248.000.000) 08/16 04:08:09 Image size of job updated: 6040228
	5894  -  MemoryUsage of job (MB)
	6035292  -  ResidentSetSize of job (KB)
...
006 (845248.000.000) 08/16 04:13:10 Image size of job updated: 6046276
	5900  -  MemoryUsage of job (MB)
	6041264  -  ResidentSetSize of job (KB)
...
006 (845248.000.000) 08/16 04:16:53 Image size of job updated: 20719584
	5900  -  MemoryUsage of job (MB)
	6041264  -  ResidentSetSize of job (KB)
...
005 (845248.000.000) 08/16 04:16:53 Job terminated.
	(1) Normal termination (return value 0)
		Usr 0 00:22:24, Sys 0 00:00:33  -  Run Remote Usage
		Usr 0 00:00:00, Sys 0 00:00:00  -  Run Local Usage
		Usr 0 00:22:24, Sys 0 00:00:33  -  Total Remote Usage
		Usr 0 00:00:00, Sys 0 00:00:00  -  Total Local Usage
	1220  -  Run Bytes Sent By Job
	395  -  Run Bytes Received By Job
	1220  -  Total Bytes Sent By Job
	395  -  Total Bytes Received By Job
	Partitionable Resources :    Usage  Request Allocated 
	   Cpus                 :     1.00        1         1 
	   Disk (KB)            :   802           1 479786105 
	   Memory (MB)          :  5900        7900      8033 
...
