000 (838305.000.000) 08/15 12:25:05 Job submitted from host: <172.20.3.187:9618?addrs=172.20.3.187-9618&noUDP&sock=2043_e813_3>
...
001 (838305.000.000) 08/15 12:42:22 Job executing on host: <172.20.225.4:9618?addrs=172.20.225.4-9618&noUDP&sock=3366_5fdf_3>
...
006 (838305.000.000) 08/15 12:42:30 Image size of job updated: 21112
	21  -  MemoryUsage of job (MB)
	21112  -  ResidentSetSize of job (KB)
...
006 (838305.000.000) 08/15 12:46:06 Image size of job updated: 6574496
	21  -  MemoryUsage of job (MB)
	21112  -  ResidentSetSize of job (KB)
...
005 (838305.000.000) 08/15 12:46:07 Job terminated.
	(1) Normal termination (return value 1)
		Usr 0 00:01:52, Sys 0 00:00:19  -  Run Remote Usage
		Usr 0 00:00:00, Sys 0 00:00:00  -  Run Local Usage
		Usr 0 00:01:52, Sys 0 00:00:19  -  Total Remote Usage
		Usr 0 00:00:00, Sys 0 00:00:00  -  Total Local Usage
	2459  -  Run Bytes Sent By Job
	395  -  Run Bytes Received By Job
	2459  -  Total Bytes Sent By Job
	395  -  Total Bytes Received By Job
	Partitionable Resources :    Usage  Request Allocated 
	   Cpus                 :     0.60        1         1 
	   Disk (KB)            :   804           1 479779449 
	   Memory (MB)          :    21        7900      8033 
...
000 (842403.000.000) 08/15 13:27:58 Job submitted from host: <172.20.3.187:9618?addrs=172.20.3.187-9618&noUDP&sock=2043_e813_3>
...
001 (842403.000.000) 08/15 16:12:38 Job executing on host: <172.20.225.4:9618?addrs=172.20.225.4-9618&noUDP&sock=3366_5fdf_3>
...
006 (842403.000.000) 08/15 16:12:46 Image size of job updated: 21112
	21  -  MemoryUsage of job (MB)
	21112  -  ResidentSetSize of job (KB)
...
006 (842403.000.000) 08/15 16:17:46 Image size of job updated: 4983544
	4867  -  MemoryUsage of job (MB)
	4983544  -  ResidentSetSize of job (KB)
...
006 (842403.000.000) 08/15 16:22:47 Image size of job updated: 5939712
	5801  -  MemoryUsage of job (MB)
	5939712  -  ResidentSetSize of job (KB)
...
006 (842403.000.000) 08/15 16:27:48 Image size of job updated: 5940024
	5801  -  MemoryUsage of job (MB)
	5940024  -  ResidentSetSize of job (KB)
...
006 (842403.000.000) 08/15 16:32:48 Image size of job updated: 6425324
	6275  -  MemoryUsage of job (MB)
	6425220  -  ResidentSetSize of job (KB)
...
006 (842403.000.000) 08/15 16:36:35 Image size of job updated: 6425324
	6275  -  MemoryUsage of job (MB)
	6425244  -  ResidentSetSize of job (KB)
...
005 (842403.000.000) 08/15 16:36:35 Job terminated.
	(1) Normal termination (return value 0)
		Usr 0 00:23:19, Sys 0 00:00:35  -  Run Remote Usage
		Usr 0 00:00:00, Sys 0 00:00:00  -  Run Local Usage
		Usr 0 00:23:19, Sys 0 00:00:35  -  Total Remote Usage
		Usr 0 00:00:00, Sys 0 00:00:00  -  Total Local Usage
	1216  -  Run Bytes Sent By Job
	395  -  Run Bytes Received By Job
	1216  -  Total Bytes Sent By Job
	395  -  Total Bytes Received By Job
	Partitionable Resources :    Usage  Request Allocated 
	   Cpus                 :     0.68        1         1 
	   Disk (KB)            :   803           1 479779449 
	   Memory (MB)          :  6275        7900      8033 
...
