000 (843659.000.000) 08/15 13:29:20 Job submitted from host: <172.20.3.187:9618?addrs=172.20.3.187-9618&noUDP&sock=2043_e813_3>
...
001 (843659.000.000) 08/15 17:53:02 Job executing on host: <172.20.225.1:9618?addrs=172.20.225.1-9618&noUDP&sock=3382_5963_3>
...
006 (843659.000.000) 08/15 17:53:10 Image size of job updated: 21120
	21  -  MemoryUsage of job (MB)
	21120  -  ResidentSetSize of job (KB)
...
006 (843659.000.000) 08/15 17:54:14 Image size of job updated: 4196628
	21  -  MemoryUsage of job (MB)
	21120  -  ResidentSetSize of job (KB)
...
005 (843659.000.000) 08/15 17:54:14 Job terminated.
	(1) Normal termination (return value 1)
		Usr 0 00:00:20, Sys 0 00:00:01  -  Run Remote Usage
		Usr 0 00:00:00, Sys 0 00:00:00  -  Run Local Usage
		Usr 0 00:00:20, Sys 0 00:00:01  -  Total Remote Usage
		Usr 0 00:00:00, Sys 0 00:00:00  -  Total Local Usage
	1437  -  Run Bytes Sent By Job
	393  -  Run Bytes Received By Job
	1437  -  Total Bytes Sent By Job
	393  -  Total Bytes Received By Job
	Partitionable Resources :    Usage  Request Allocated 
	   Cpus                 :     0.57        1         1 
	   Disk (KB)            :   803           1 479786105 
	   Memory (MB)          :    21        7900      8033 
...
000 (846925.000.000) 08/16 03:54:45 Job submitted from host: <172.20.3.187:9618?addrs=172.20.3.187-9618&noUDP&sock=2043_e813_3>
...
001 (846925.000.000) 08/16 06:14:10 Job executing on host: <172.20.225.5:9618?addrs=172.20.225.5-9618&noUDP&sock=3375_8c39_3>
...
006 (846925.000.000) 08/16 06:14:19 Image size of job updated: 21120
	21  -  MemoryUsage of job (MB)
	21120  -  ResidentSetSize of job (KB)
...
006 (846925.000.000) 08/16 06:19:20 Image size of job updated: 5009876
	4893  -  MemoryUsage of job (MB)
	5009876  -  ResidentSetSize of job (KB)
...
006 (846925.000.000) 08/16 06:24:21 Image size of job updated: 5966056
	5827  -  MemoryUsage of job (MB)
	5966056  -  ResidentSetSize of job (KB)
...
006 (846925.000.000) 08/16 06:29:21 Image size of job updated: 5972136
	5833  -  MemoryUsage of job (MB)
	5972136  -  ResidentSetSize of job (KB)
...
006 (846925.000.000) 08/16 06:33:29 Image size of job updated: 6858760
	5833  -  MemoryUsage of job (MB)
	5972136  -  ResidentSetSize of job (KB)
...
005 (846925.000.000) 08/16 06:33:29 Job terminated.
	(1) Normal termination (return value 0)
		Usr 0 00:23:16, Sys 0 00:00:30  -  Run Remote Usage
		Usr 0 00:00:00, Sys 0 00:00:00  -  Run Local Usage
		Usr 0 00:23:16, Sys 0 00:00:30  -  Total Remote Usage
		Usr 0 00:00:00, Sys 0 00:00:00  -  Total Local Usage
	1218  -  Run Bytes Sent By Job
	393  -  Run Bytes Received By Job
	1218  -  Total Bytes Sent By Job
	393  -  Total Bytes Received By Job
	Partitionable Resources :    Usage  Request Allocated 
	   Cpus                 :     0.98        1         1 
	   Disk (KB)            :   802           1 479749220 
	   Memory (MB)          :  5833        7900      8033 
...
