000 (840712.000.000) 08/15 13:26:08 Job submitted from host: <172.20.3.187:9618?addrs=172.20.3.187-9618&noUDP&sock=2043_e813_3>
...
001 (840712.000.000) 08/15 14:51:18 Job executing on host: <172.20.225.2:9618?addrs=172.20.225.2-9618&noUDP&sock=3424_285d_3>
...
006 (840712.000.000) 08/15 14:51:27 Image size of job updated: 21116
	21  -  MemoryUsage of job (MB)
	21116  -  ResidentSetSize of job (KB)
...
005 (840712.000.000) 08/15 14:52:26 Job terminated.
	(1) Normal termination (return value 1)
		Usr 0 00:00:20, Sys 0 00:00:01  -  Run Remote Usage
		Usr 0 00:00:00, Sys 0 00:00:00  -  Run Local Usage
		Usr 0 00:00:20, Sys 0 00:00:01  -  Total Remote Usage
		Usr 0 00:00:00, Sys 0 00:00:00  -  Total Local Usage
	1437  -  Run Bytes Sent By Job
	398  -  Run Bytes Received By Job
	1437  -  Total Bytes Sent By Job
	398  -  Total Bytes Received By Job
	Partitionable Resources :    Usage  Request Allocated 
	   Cpus                 :     0.69        1         1 
	   Disk (KB)            :   803           1 479786084 
	   Memory (MB)          :    21        7900      8033 
...
000 (846030.000.000) 08/16 03:53:48 Job submitted from host: <172.20.3.187:9618?addrs=172.20.3.187-9618&noUDP&sock=2043_e813_3>
...
001 (846030.000.000) 08/16 05:05:10 Job executing on host: <172.20.225.8:9618?addrs=172.20.225.8-9618&noUDP&sock=3440_21e1_3>
...
006 (846030.000.000) 08/16 05:05:20 Image size of job updated: 21116
	21  -  MemoryUsage of job (MB)
	21116  -  ResidentSetSize of job (KB)
...
006 (846030.000.000) 08/16 05:10:20 Image size of job updated: 5035128
	4918  -  MemoryUsage of job (MB)
	5035128  -  ResidentSetSize of job (KB)
...
006 (846030.000.000) 08/16 05:15:21 Image size of job updated: 5991296
	5851  -  MemoryUsage of job (MB)
	5991296  -  ResidentSetSize of job (KB)
...
006 (846030.000.000) 08/16 05:20:21 Image size of job updated: 5991608
	5852  -  MemoryUsage of job (MB)
	5991608  -  ResidentSetSize of job (KB)
...
006 (846030.000.000) 08/16 05:25:21 Image size of job updated: 6156304
	6012  -  MemoryUsage of job (MB)
	6155596  -  ResidentSetSize of job (KB)
...
006 (846030.000.000) 08/16 05:27:19 Image size of job updated: 13242484
	6013  -  MemoryUsage of job (MB)
	6156328  -  ResidentSetSize of job (KB)
...
005 (846030.000.000) 08/16 05:27:19 Job terminated.
	(1) Normal termination (return value 0)
		Usr 0 00:21:54, Sys 0 00:00:33  -  Run Remote Usage
		Usr 0 00:00:00, Sys 0 00:00:00  -  Run Local Usage
		Usr 0 00:21:54, Sys 0 00:00:33  -  Total Remote Usage
		Usr 0 00:00:00, Sys 0 00:00:00  -  Total Local Usage
	1223  -  Run Bytes Sent By Job
	398  -  Run Bytes Received By Job
	1223  -  Total Bytes Sent By Job
	398  -  Total Bytes Received By Job
	Partitionable Resources :    Usage  Request Allocated 
	   Cpus                 :     0.59        1         1 
	   Disk (KB)            :   802           1 479737977 
	   Memory (MB)          :  6013        7900      8033 
...
