000 (837879.000.000) 08/15 12:24:36 Job submitted from host: <172.20.3.187:9618?addrs=172.20.3.187-9618&noUDP&sock=2043_e813_3>
...
001 (837879.000.000) 08/15 12:35:02 Job executing on host: <172.20.225.8:9618?addrs=172.20.225.8-9618&noUDP&sock=3440_21e1_3>
...
006 (837879.000.000) 08/15 12:35:12 Image size of job updated: 21112
	21  -  MemoryUsage of job (MB)
	21112  -  ResidentSetSize of job (KB)
...
006 (837879.000.000) 08/15 12:38:17 Image size of job updated: 5826856
	21  -  MemoryUsage of job (MB)
	21112  -  ResidentSetSize of job (KB)
...
005 (837879.000.000) 08/15 12:38:18 Job terminated.
	(1) Normal termination (return value 1)
		Usr 0 00:01:57, Sys 0 00:00:07  -  Run Remote Usage
		Usr 0 00:00:00, Sys 0 00:00:00  -  Run Local Usage
		Usr 0 00:01:57, Sys 0 00:00:07  -  Total Remote Usage
		Usr 0 00:00:00, Sys 0 00:00:00  -  Total Local Usage
	2647  -  Run Bytes Sent By Job
	403  -  Run Bytes Received By Job
	2647  -  Total Bytes Sent By Job
	403  -  Total Bytes Received By Job
	Partitionable Resources :    Usage  Request Allocated 
	   Cpus                 :     0.23        1         1 
	   Disk (KB)            :   804           1 479737977 
	   Memory (MB)          :    21        7900      8033 
...
000 (840175.000.000) 08/15 13:25:33 Job submitted from host: <172.20.3.187:9618?addrs=172.20.3.187-9618&noUDP&sock=2043_e813_3>
...
001 (840175.000.000) 08/15 14:20:57 Job executing on host: <172.20.225.6:9618?addrs=172.20.225.6-9618&noUDP&sock=3382_5963_3>
...
006 (840175.000.000) 08/15 14:21:05 Image size of job updated: 21108
	21  -  MemoryUsage of job (MB)
	21108  -  ResidentSetSize of job (KB)
...
006 (840175.000.000) 08/15 14:26:05 Image size of job updated: 5055484
	4937  -  MemoryUsage of job (MB)
	5055484  -  ResidentSetSize of job (KB)
...
006 (840175.000.000) 08/15 14:31:06 Image size of job updated: 6011644
	5871  -  MemoryUsage of job (MB)
	6011644  -  ResidentSetSize of job (KB)
...
006 (840175.000.000) 08/15 14:36:06 Image size of job updated: 6013048
	5873  -  MemoryUsage of job (MB)
	6013048  -  ResidentSetSize of job (KB)
...
006 (840175.000.000) 08/15 14:41:07 Image size of job updated: 6376220
	6219  -  MemoryUsage of job (MB)
	6367820  -  ResidentSetSize of job (KB)
...
005 (840175.000.000) 08/15 14:41:10 Job terminated.
	(1) Normal termination (return value 0)
		Usr 0 00:22:16, Sys 0 00:00:31  -  Run Remote Usage
		Usr 0 00:00:00, Sys 0 00:00:00  -  Run Local Usage
		Usr 0 00:22:16, Sys 0 00:00:31  -  Total Remote Usage
		Usr 0 00:00:00, Sys 0 00:00:00  -  Total Local Usage
	1226  -  Run Bytes Sent By Job
	403  -  Run Bytes Received By Job
	1226  -  Total Bytes Sent By Job
	403  -  Total Bytes Received By Job
	Partitionable Resources :    Usage  Request Allocated 
	   Cpus                 :     1.00        1         1 
	   Disk (KB)            :   802           1 479749220 
	   Memory (MB)          :  6219        7900      8033 
...
