000 (838676.000.000) 08/15 12:25:30 Job submitted from host: <172.20.3.187:9618?addrs=172.20.3.187-9618&noUDP&sock=2043_e813_3>
...
001 (838676.000.000) 08/15 12:49:52 Job executing on host: <172.20.225.4:9618?addrs=172.20.225.4-9618&noUDP&sock=3366_5fdf_3>
...
006 (838676.000.000) 08/15 12:50:00 Image size of job updated: 21112
	21  -  MemoryUsage of job (MB)
	21112  -  ResidentSetSize of job (KB)
...
006 (838676.000.000) 08/15 12:55:01 Image size of job updated: 20053104
	19584  -  MemoryUsage of job (MB)
	20053084  -  ResidentSetSize of job (KB)
...
005 (838676.000.000) 08/15 12:58:31 Job terminated.
	(1) Normal termination (return value 137)
		Usr 0 00:08:29, Sys 0 00:01:24  -  Run Remote Usage
		Usr 0 00:00:00, Sys 0 00:00:00  -  Run Local Usage
		Usr 0 00:08:29, Sys 0 00:01:24  -  Total Remote Usage
		Usr 0 00:00:00, Sys 0 00:00:00  -  Total Local Usage
	1386  -  Run Bytes Sent By Job
	399  -  Run Bytes Received By Job
	1386  -  Total Bytes Sent By Job
	399  -  Total Bytes Received By Job
	Partitionable Resources :    Usage  Request Allocated 
	   Cpus                 :     3.17        1         1 
	   Disk (KB)            :   803           1 479779449 
	   Memory (MB)          : 19584        7900      8033 
...
000 (844125.000.000) 08/15 13:29:51 Job submitted from host: <172.20.3.187:9618?addrs=172.20.3.187-9618&noUDP&sock=2043_e813_3>
...
001 (844125.000.000) 08/15 18:01:00 Job executing on host: <172.20.225.6:9618?addrs=172.20.225.6-9618&noUDP&sock=3382_5963_3>
...
006 (844125.000.000) 08/15 18:01:09 Image size of job updated: 21128
	21  -  MemoryUsage of job (MB)
	21128  -  ResidentSetSize of job (KB)
...
006 (844125.000.000) 08/15 18:06:10 Image size of job updated: 4980168
	4864  -  MemoryUsage of job (MB)
	4980168  -  ResidentSetSize of job (KB)
...
006 (844125.000.000) 08/15 18:11:10 Image size of job updated: 5936344
	5798  -  MemoryUsage of job (MB)
	5936344  -  ResidentSetSize of job (KB)
...
006 (844125.000.000) 08/15 18:16:11 Image size of job updated: 5936648
	5798  -  MemoryUsage of job (MB)
	5936648  -  ResidentSetSize of job (KB)
...
006 (844125.000.000) 08/15 18:21:12 Image size of job updated: 6358412
	6202  -  MemoryUsage of job (MB)
	6349920  -  ResidentSetSize of job (KB)
...
005 (844125.000.000) 08/15 18:24:19 Job terminated.
	(1) Normal termination (return value 0)
		Usr 0 00:22:48, Sys 0 00:00:32  -  Run Remote Usage
		Usr 0 00:00:00, Sys 0 00:00:00  -  Run Local Usage
		Usr 0 00:22:48, Sys 0 00:00:32  -  Total Remote Usage
		Usr 0 00:00:00, Sys 0 00:00:00  -  Total Local Usage
	1222  -  Run Bytes Sent By Job
	399  -  Run Bytes Received By Job
	1222  -  Total Bytes Sent By Job
	399  -  Total Bytes Received By Job
	Partitionable Resources :    Usage  Request Allocated 
	   Cpus                 :     0.64        1         1 
	   Disk (KB)            :   802           1 479749220 
	   Memory (MB)          :  6202        7900      8033 
...
