000 (840210.000.000) 08/15 13:25:35 Job submitted from host: <172.20.3.187:9618?addrs=172.20.3.187-9618&noUDP&sock=2043_e813_3>
...
001 (840210.000.000) 08/15 14:23:57 Job executing on host: <172.20.225.8:9618?addrs=172.20.225.8-9618&noUDP&sock=3440_21e1_3>
...
006 (840210.000.000) 08/15 14:24:06 Image size of job updated: 21104
	21  -  MemoryUsage of job (MB)
	21104  -  ResidentSetSize of job (KB)
...
006 (840210.000.000) 08/15 14:29:08 Image size of job updated: 5055376
	4937  -  MemoryUsage of job (MB)
	5055376  -  ResidentSetSize of job (KB)
...
006 (840210.000.000) 08/15 14:34:09 Image size of job updated: 6011548
	5871  -  MemoryUsage of job (MB)
	6011548  -  ResidentSetSize of job (KB)
...
006 (840210.000.000) 08/15 14:39:09 Image size of job updated: 6011860
	5871  -  MemoryUsage of job (MB)
	6011860  -  ResidentSetSize of job (KB)
...
006 (840210.000.000) 08/15 14:44:09 Image size of job updated: 6424152
	6274  -  MemoryUsage of job (MB)
	6424136  -  ResidentSetSize of job (KB)
...
005 (840210.000.000) 08/15 14:45:57 Job terminated.
	(1) Normal termination (return value 0)
		Usr 0 00:22:16, Sys 0 00:00:32  -  Run Remote Usage
		Usr 0 00:00:00, Sys 0 00:00:00  -  Run Local Usage
		Usr 0 00:22:16, Sys 0 00:00:32  -  Total Remote Usage
		Usr 0 00:00:00, Sys 0 00:00:00  -  Total Local Usage
	1229  -  Run Bytes Sent By Job
	404  -  Run Bytes Received By Job
	1229  -  Total Bytes Sent By Job
	404  -  Total Bytes Received By Job
	Partitionable Resources :    Usage  Request Allocated 
	   Cpus                 :     0.58        1         1 
	   Disk (KB)            :   802           1 479737977 
	   Memory (MB)          :  6274        7900      8033 
...
