000 (841055.000.000) 08/15 13:26:30 Job submitted from host: <172.20.3.187:9618?addrs=172.20.3.187-9618&noUDP&sock=2043_e813_3>
...
001 (841055.000.000) 08/15 14:54:42 Job executing on host: <172.20.225.6:9618?addrs=172.20.225.6-9618&noUDP&sock=3382_5963_3>
...
006 (841055.000.000) 08/15 14:54:51 Image size of job updated: 21116
	21  -  MemoryUsage of job (MB)
	21116  -  ResidentSetSize of job (KB)
...
005 (841055.000.000) 08/15 14:55:33 Job terminated.
	(1) Normal termination (return value 1)
		Usr 0 00:00:10, Sys 0 00:00:01  -  Run Remote Usage
		Usr 0 00:00:00, Sys 0 00:00:00  -  Run Local Usage
		Usr 0 00:00:10, Sys 0 00:00:01  -  Total Remote Usage
		Usr 0 00:00:00, Sys 0 00:00:00  -  Total Local Usage
	1435  -  Run Bytes Sent By Job
	395  -  Run Bytes Received By Job
	1435  -  Total Bytes Sent By Job
	395  -  Total Bytes Received By Job
	Partitionable Resources :    Usage  Request Allocated 
	   Cpus                 :     0.60        1         1 
	   Disk (KB)            :   803           1 479749220 
	   Memory (MB)          :    21        7900      8033 
...
000 (846265.000.000) 08/16 03:54:03 Job submitted from host: <172.20.3.187:9618?addrs=172.20.3.187-9618&noUDP&sock=2043_e813_3>
...
001 (846265.000.000) 08/16 05:20:50 Job executing on host: <172.20.225.5:9618?addrs=172.20.225.5-9618&noUDP&sock=3375_8c39_3>
...
006 (846265.000.000) 08/16 05:20:58 Image size of job updated: 21116
	21  -  MemoryUsage of job (MB)
	21116  -  ResidentSetSize of job (KB)
...
006 (846265.000.000) 08/16 05:25:58 Image size of job updated: 4941340
	4826  -  MemoryUsage of job (MB)
	4941340  -  ResidentSetSize of job (KB)
...
006 (846265.000.000) 08/16 05:30:59 Image size of job updated: 5897516
	5760  -  MemoryUsage of job (MB)
	5897516  -  ResidentSetSize of job (KB)
...
006 (846265.000.000) 08/16 05:36:00 Image size of job updated: 5903604
	5766  -  MemoryUsage of job (MB)
	5903604  -  ResidentSetSize of job (KB)
...
006 (846265.000.000) 08/16 05:40:35 Image size of job updated: 6590212
	5766  -  MemoryUsage of job (MB)
	5903604  -  ResidentSetSize of job (KB)
...
005 (846265.000.000) 08/16 05:40:35 Job terminated.
	(1) Normal termination (return value 0)
		Usr 0 00:22:02, Sys 0 00:00:28  -  Run Remote Usage
		Usr 0 00:00:00, Sys 0 00:00:00  -  Run Local Usage
		Usr 0 00:22:02, Sys 0 00:00:28  -  Total Remote Usage
		Usr 0 00:00:00, Sys 0 00:00:00  -  Total Local Usage
	1218  -  Run Bytes Sent By Job
	395  -  Run Bytes Received By Job
	1218  -  Total Bytes Sent By Job
	395  -  Total Bytes Received By Job
	Partitionable Resources :    Usage  Request Allocated 
	   Cpus                 :     0.50        1         1 
	   Disk (KB)            :   803           1 479749220 
	   Memory (MB)          :  5766        7900      8033 
...
