000 (842187.000.000) 08/15 13:27:44 Job submitted from host: <172.20.3.187:9618?addrs=172.20.3.187-9618&noUDP&sock=2043_e813_3>
...
001 (842187.000.000) 08/15 16:06:02 Job executing on host: <172.20.225.8:9618?addrs=172.20.225.8-9618&noUDP&sock=3440_21e1_3>
...
006 (842187.000.000) 08/15 16:06:10 Image size of job updated: 21120
	21  -  MemoryUsage of job (MB)
	21120  -  ResidentSetSize of job (KB)
...
006 (842187.000.000) 08/15 16:11:10 Image size of job updated: 4934924
	4820  -  MemoryUsage of job (MB)
	4934924  -  ResidentSetSize of job (KB)
...
006 (842187.000.000) 08/15 16:16:11 Image size of job updated: 5891088
	5754  -  MemoryUsage of job (MB)
	5891088  -  ResidentSetSize of job (KB)
...
006 (842187.000.000) 08/15 16:21:11 Image size of job updated: 5892476
	5755  -  MemoryUsage of job (MB)
	5892476  -  ResidentSetSize of job (KB)
...
006 (842187.000.000) 08/15 16:26:12 Image size of job updated: 6506828
	6355  -  MemoryUsage of job (MB)
	6506716  -  ResidentSetSize of job (KB)
...
005 (842187.000.000) 08/15 16:27:41 Job terminated.
	(1) Normal termination (return value 0)
		Usr 0 00:22:52, Sys 0 00:00:29  -  Run Remote Usage
		Usr 0 00:00:00, Sys 0 00:00:00  -  Run Local Usage
		Usr 0 00:22:52, Sys 0 00:00:29  -  Total Remote Usage
		Usr 0 00:00:00, Sys 0 00:00:00  -  Total Local Usage
	1227  -  Run Bytes Sent By Job
	405  -  Run Bytes Received By Job
	1227  -  Total Bytes Sent By Job
	405  -  Total Bytes Received By Job
	Partitionable Resources :    Usage  Request Allocated 
	   Cpus                 :     0.99        1         1 
	   Disk (KB)            :   802           1 479737977 
	   Memory (MB)          :  6355        7900      8033 
...
