000 (842801.000.000) 08/15 13:28:23 Job submitted from host: <172.20.3.187:9618?addrs=172.20.3.187-9618&noUDP&sock=2043_e813_3>
...
001 (842801.000.000) 08/15 16:49:01 Job executing on host: <172.20.225.4:9618?addrs=172.20.225.4-9618&noUDP&sock=3366_5fdf_3>
...
006 (842801.000.000) 08/15 16:49:10 Image size of job updated: 21124
	21  -  MemoryUsage of job (MB)
	21124  -  ResidentSetSize of job (KB)
...
006 (842801.000.000) 08/15 16:54:12 Image size of job updated: 5245612
	5123  -  MemoryUsage of job (MB)
	5245612  -  ResidentSetSize of job (KB)
...
006 (842801.000.000) 08/15 16:59:12 Image size of job updated: 5245716
	5123  -  MemoryUsage of job (MB)
	5245716  -  ResidentSetSize of job (KB)
...
006 (842801.000.000) 08/15 17:04:12 Image size of job updated: 6202092
	6057  -  MemoryUsage of job (MB)
	6202092  -  ResidentSetSize of job (KB)
...
006 (842801.000.000) 08/15 17:09:13 Image size of job updated: 6648256
	6475  -  MemoryUsage of job (MB)
	6629696  -  ResidentSetSize of job (KB)
...
006 (842801.000.000) 08/15 17:12:50 Image size of job updated: 6648256
	6475  -  MemoryUsage of job (MB)
	6629700  -  ResidentSetSize of job (KB)
...
005 (842801.000.000) 08/15 17:12:50 Job terminated.
	(1) Normal termination (return value 0)
		Usr 0 00:23:35, Sys 0 00:00:29  -  Run Remote Usage
		Usr 0 00:00:00, Sys 0 00:00:00  -  Run Local Usage
		Usr 0 00:23:35, Sys 0 00:00:29  -  Total Remote Usage
		Usr 0 00:00:00, Sys 0 00:00:00  -  Total Local Usage
	1229  -  Run Bytes Sent By Job
	404  -  Run Bytes Received By Job
	1229  -  Total Bytes Sent By Job
	404  -  Total Bytes Received By Job
	Partitionable Resources :    Usage  Request Allocated 
	   Cpus                 :     0.64        1         1 
	   Disk (KB)            :   802           1 479779449 
	   Memory (MB)          :  6475        7900      8033 
...
