000 (843694.000.000) 08/15 13:29:23 Job submitted from host: <172.20.3.187:9618?addrs=172.20.3.187-9618&noUDP&sock=2043_e813_3>
...
001 (843694.000.000) 08/15 17:53:31 Job executing on host: <172.20.225.5:9618?addrs=172.20.225.5-9618&noUDP&sock=3375_8c39_3>
...
006 (843694.000.000) 08/15 17:53:40 Image size of job updated: 21116
	21  -  MemoryUsage of job (MB)
	21116  -  ResidentSetSize of job (KB)
...
005 (843694.000.000) 08/15 17:54:31 Job terminated.
	(1) Normal termination (return value 1)
		Usr 0 00:00:22, Sys 0 00:00:01  -  Run Remote Usage
		Usr 0 00:00:00, Sys 0 00:00:00  -  Run Local Usage
		Usr 0 00:00:22, Sys 0 00:00:01  -  Total Remote Usage
		Usr 0 00:00:00, Sys 0 00:00:00  -  Total Local Usage
	1437  -  Run Bytes Sent By Job
	393  -  Run Bytes Received By Job
	1437  -  Total Bytes Sent By Job
	393  -  Total Bytes Received By Job
	Partitionable Resources :    Usage  Request Allocated 
	   Cpus                 :     0.78        1         1 
	   Disk (KB)            :   803           1 479749220 
	   Memory (MB)          :    21        7900      8033 
...
000 (846960.000.000) 08/16 03:54:47 Job submitted from host: <172.20.3.187:9618?addrs=172.20.3.187-9618&noUDP&sock=2043_e813_3>
...
001 (846960.000.000) 08/16 06:17:11 Job executing on host: <172.20.225.1:9618?addrs=172.20.225.1-9618&noUDP&sock=3382_5963_3>
...
006 (846960.000.000) 08/16 06:17:21 Image size of job updated: 21116
	21  -  MemoryUsage of job (MB)
	21116  -  ResidentSetSize of job (KB)
...
006 (846960.000.000) 08/16 06:22:21 Image size of job updated: 5009728
	4893  -  MemoryUsage of job (MB)
	5009728  -  ResidentSetSize of job (KB)
...
006 (846960.000.000) 08/16 06:27:21 Image size of job updated: 5965896
	5827  -  MemoryUsage of job (MB)
	5965896  -  ResidentSetSize of job (KB)
...
006 (846960.000.000) 08/16 06:32:22 Image size of job updated: 5966204
	5827  -  MemoryUsage of job (MB)
	5966204  -  ResidentSetSize of job (KB)
...
006 (846960.000.000) 08/16 06:37:23 Image size of job updated: 6316096
	6169  -  MemoryUsage of job (MB)
	6316096  -  ResidentSetSize of job (KB)
...
006 (846960.000.000) 08/16 06:39:59 Image size of job updated: 6924240
	6169  -  MemoryUsage of job (MB)
	6316096  -  ResidentSetSize of job (KB)
...
005 (846960.000.000) 08/16 06:39:59 Job terminated.
	(1) Normal termination (return value 0)
		Usr 0 00:22:43, Sys 0 00:00:36  -  Run Remote Usage
		Usr 0 00:00:00, Sys 0 00:00:00  -  Run Local Usage
		Usr 0 00:22:43, Sys 0 00:00:36  -  Total Remote Usage
		Usr 0 00:00:00, Sys 0 00:00:00  -  Total Local Usage
	1218  -  Run Bytes Sent By Job
	393  -  Run Bytes Received By Job
	1218  -  Total Bytes Sent By Job
	393  -  Total Bytes Received By Job
	Partitionable Resources :    Usage  Request Allocated 
	   Cpus                 :     0.69        1         1 
	   Disk (KB)            :   802           1 479786105 
	   Memory (MB)          :  6169        7900      8033 
...
