000 (844474.000.000) 08/15 13:30:13 Job submitted from host: <172.20.3.187:9618?addrs=172.20.3.187-9618&noUDP&sock=2043_e813_3>
...
001 (844474.000.000) 08/15 18:33:43 Job executing on host: <172.20.225.1:9618?addrs=172.20.225.1-9618&noUDP&sock=3382_5963_3>
...
006 (844474.000.000) 08/15 18:33:52 Image size of job updated: 21108
	21  -  MemoryUsage of job (MB)
	21108  -  ResidentSetSize of job (KB)
...
006 (844474.000.000) 08/15 18:38:53 Image size of job updated: 5302452
	5179  -  MemoryUsage of job (MB)
	5302452  -  ResidentSetSize of job (KB)
...
006 (844474.000.000) 08/15 18:43:54 Image size of job updated: 5302576
	5179  -  MemoryUsage of job (MB)
	5302576  -  ResidentSetSize of job (KB)
...
006 (844474.000.000) 08/15 18:48:54 Image size of job updated: 6260048
	6114  -  MemoryUsage of job (MB)
	6260048  -  ResidentSetSize of job (KB)
...
006 (844474.000.000) 08/15 18:53:55 Image size of job updated: 6924124
	6761  -  MemoryUsage of job (MB)
	6923012  -  ResidentSetSize of job (KB)
...
005 (844474.000.000) 08/15 18:54:11 Job terminated.
	(1) Normal termination (return value 0)
		Usr 0 00:23:25, Sys 0 00:00:31  -  Run Remote Usage
		Usr 0 00:00:00, Sys 0 00:00:00  -  Run Local Usage
		Usr 0 00:23:25, Sys 0 00:00:31  -  Total Remote Usage
		Usr 0 00:00:00, Sys 0 00:00:00  -  Total Local Usage
	1229  -  Run Bytes Sent By Job
	404  -  Run Bytes Received By Job
	1229  -  Total Bytes Sent By Job
	404  -  Total Bytes Received By Job
	Partitionable Resources :    Usage  Request Allocated 
	   Cpus                 :     0.77        1         1 
	   Disk (KB)            :   803           1 479786105 
	   Memory (MB)          :  6761        7900      8033 
...
