000 (838033.000.000) 08/15 12:24:47 Job submitted from host: <172.20.3.187:9618?addrs=172.20.3.187-9618&noUDP&sock=2043_e813_3>
...
001 (838033.000.000) 08/15 12:37:21 Job executing on host: <172.20.225.2:9618?addrs=172.20.225.2-9618&noUDP&sock=3424_285d_3>
...
006 (838033.000.000) 08/15 12:37:29 Image size of job updated: 21112
	21  -  MemoryUsage of job (MB)
	21112  -  ResidentSetSize of job (KB)
...
006 (838033.000.000) 08/15 12:41:07 Image size of job updated: 6531700
	21  -  MemoryUsage of job (MB)
	21112  -  ResidentSetSize of job (KB)
...
005 (838033.000.000) 08/15 12:41:07 Job terminated.
	(1) Normal termination (return value 1)
		Usr 0 00:02:31, Sys 0 00:00:19  -  Run Remote Usage
		Usr 0 00:00:00, Sys 0 00:00:00  -  Run Local Usage
		Usr 0 00:02:31, Sys 0 00:00:19  -  Total Remote Usage
		Usr 0 00:00:00, Sys 0 00:00:00  -  Total Local Usage
	2558  -  Run Bytes Sent By Job
	392  -  Run Bytes Received By Job
	2558  -  Total Bytes Sent By Job
	392  -  Total Bytes Received By Job
	Partitionable Resources :    Usage  Request Allocated 
	   Cpus                 :     0.61        1         1 
	   Disk (KB)            :   804           1 479786084 
	   Memory (MB)          :    21        7900      8033 
...
000 (841145.000.000) 08/15 13:26:36 Job submitted from host: <172.20.3.187:9618?addrs=172.20.3.187-9618&noUDP&sock=2043_e813_3>
...
001 (841145.000.000) 08/15 14:56:08 Job executing on host: <172.20.225.2:9618?addrs=172.20.225.2-9618&noUDP&sock=3424_285d_3>
...
006 (841145.000.000) 08/15 14:56:16 Image size of job updated: 21120
	21  -  MemoryUsage of job (MB)
	21120  -  ResidentSetSize of job (KB)
...
006 (841145.000.000) 08/15 15:01:17 Image size of job updated: 4940576
	4825  -  MemoryUsage of job (MB)
	4940576  -  ResidentSetSize of job (KB)
...
006 (841145.000.000) 08/15 15:06:17 Image size of job updated: 5896744
	5759  -  MemoryUsage of job (MB)
	5896744  -  ResidentSetSize of job (KB)
...
006 (841145.000.000) 08/15 15:11:17 Image size of job updated: 5898136
	5760  -  MemoryUsage of job (MB)
	5898136  -  ResidentSetSize of job (KB)
...
006 (841145.000.000) 08/15 15:16:18 Image size of job updated: 6450352
	6300  -  MemoryUsage of job (MB)
	6450304  -  ResidentSetSize of job (KB)
...
006 (841145.000.000) 08/15 15:16:56 Image size of job updated: 13820328
	6300  -  MemoryUsage of job (MB)
	6450304  -  ResidentSetSize of job (KB)
...
005 (841145.000.000) 08/15 15:16:56 Job terminated.
	(1) Normal termination (return value 0)
		Usr 0 00:22:31, Sys 0 00:00:27  -  Run Remote Usage
		Usr 0 00:00:00, Sys 0 00:00:00  -  Run Local Usage
		Usr 0 00:22:31, Sys 0 00:00:27  -  Total Remote Usage
		Usr 0 00:00:00, Sys 0 00:00:00  -  Total Local Usage
	1212  -  Run Bytes Sent By Job
	392  -  Run Bytes Received By Job
	1212  -  Total Bytes Sent By Job
	392  -  Total Bytes Received By Job
	Partitionable Resources :    Usage  Request Allocated 
	   Cpus                 :     0.64        1         1 
	   Disk (KB)            :   802           1 479786084 
	   Memory (MB)          :  6300        7900      8033 
...
