000 (842000.000.000) 08/15 13:27:32 Job submitted from host: <172.20.3.187:9618?addrs=172.20.3.187-9618&noUDP&sock=2043_e813_3>
...
001 (842000.000.000) 08/15 15:59:46 Job executing on host: <172.20.225.5:9618?addrs=172.20.225.5-9618&noUDP&sock=3375_8c39_3>
...
006 (842000.000.000) 08/15 15:59:54 Image size of job updated: 20796
	21  -  MemoryUsage of job (MB)
	20796  -  ResidentSetSize of job (KB)
...
006 (842000.000.000) 08/15 16:00:22 Image size of job updated: 4147852
	21  -  MemoryUsage of job (MB)
	20796  -  ResidentSetSize of job (KB)
...
005 (842000.000.000) 08/15 16:00:23 Job terminated.
	(1) Normal termination (return value 1)
		Usr 0 00:00:16, Sys 0 00:00:01  -  Run Remote Usage
		Usr 0 00:00:00, Sys 0 00:00:00  -  Run Local Usage
		Usr 0 00:00:16, Sys 0 00:00:01  -  Total Remote Usage
		Usr 0 00:00:00, Sys 0 00:00:00  -  Total Local Usage
	1437  -  Run Bytes Sent By Job
	395  -  Run Bytes Received By Job
	1437  -  Total Bytes Sent By Job
	395  -  Total Bytes Received By Job
	Partitionable Resources :    Usage  Request Allocated 
	   Cpus                 :     0.03        1         1 
	   Disk (KB)            :   803           1 479749220 
	   Memory (MB)          :    21        7900      8033 
...
000 (846526.000.000) 08/16 03:54:20 Job submitted from host: <172.20.3.187:9618?addrs=172.20.3.187-9618&noUDP&sock=2043_e813_3>
...
001 (846526.000.000) 08/16 05:36:10 Job executing on host: <172.20.225.6:9618?addrs=172.20.225.6-9618&noUDP&sock=3382_5963_3>
...
006 (846526.000.000) 08/16 05:36:19 Image size of job updated: 21112
	21  -  MemoryUsage of job (MB)
	21112  -  ResidentSetSize of job (KB)
...
006 (846526.000.000) 08/16 05:41:21 Image size of job updated: 4961408
	4846  -  MemoryUsage of job (MB)
	4961408  -  ResidentSetSize of job (KB)
...
006 (846526.000.000) 08/16 05:46:21 Image size of job updated: 4961524
	4846  -  MemoryUsage of job (MB)
	4961524  -  ResidentSetSize of job (KB)
...
006 (846526.000.000) 08/16 05:51:21 Image size of job updated: 5917884
	5780  -  MemoryUsage of job (MB)
	5917884  -  ResidentSetSize of job (KB)
...
006 (846526.000.000) 08/16 05:56:21 Image size of job updated: 6714760
	6558  -  MemoryUsage of job (MB)
	6714508  -  ResidentSetSize of job (KB)
...
006 (846526.000.000) 08/16 05:58:30 Image size of job updated: 7170404
	6558  -  MemoryUsage of job (MB)
	6714508  -  ResidentSetSize of job (KB)
...
005 (846526.000.000) 08/16 05:58:30 Job terminated.
	(1) Normal termination (return value 0)
		Usr 0 00:22:22, Sys 0 00:00:30  -  Run Remote Usage
		Usr 0 00:00:00, Sys 0 00:00:00  -  Run Local Usage
		Usr 0 00:22:22, Sys 0 00:00:30  -  Total Remote Usage
		Usr 0 00:00:00, Sys 0 00:00:00  -  Total Local Usage
	1220  -  Run Bytes Sent By Job
	395  -  Run Bytes Received By Job
	1220  -  Total Bytes Sent By Job
	395  -  Total Bytes Received By Job
	Partitionable Resources :    Usage  Request Allocated 
	   Cpus                 :     0.56        1         1 
	   Disk (KB)            :   802           1 479749220 
	   Memory (MB)          :  6558        7900      8033 
...
