000 (844091.000.000) 08/15 13:29:49 Job submitted from host: <172.20.3.187:9618?addrs=172.20.3.187-9618&noUDP&sock=2043_e813_3>
...
001 (844091.000.000) 08/15 17:59:01 Job executing on host: <172.20.225.1:9618?addrs=172.20.225.1-9618&noUDP&sock=3382_5963_3>
...
006 (844091.000.000) 08/15 17:59:11 Image size of job updated: 21120
	21  -  MemoryUsage of job (MB)
	21120  -  ResidentSetSize of job (KB)
...
006 (844091.000.000) 08/15 18:04:12 Image size of job updated: 4996516
	4880  -  MemoryUsage of job (MB)
	4996516  -  ResidentSetSize of job (KB)
...
006 (844091.000.000) 08/15 18:09:12 Image size of job updated: 4996620
	4880  -  MemoryUsage of job (MB)
	4996620  -  ResidentSetSize of job (KB)
...
006 (844091.000.000) 08/15 18:14:13 Image size of job updated: 5952984
	5814  -  MemoryUsage of job (MB)
	5952984  -  ResidentSetSize of job (KB)
...
006 (844091.000.000) 08/15 18:19:14 Image size of job updated: 6082524
	5940  -  MemoryUsage of job (MB)
	6082520  -  ResidentSetSize of job (KB)
...
006 (844091.000.000) 08/15 18:22:04 Image size of job updated: 6082524
	5940  -  MemoryUsage of job (MB)
	6082548  -  ResidentSetSize of job (KB)
...
005 (844091.000.000) 08/15 18:22:04 Job terminated.
	(1) Normal termination (return value 0)
		Usr 0 00:23:05, Sys 0 00:00:29  -  Run Remote Usage
		Usr 0 00:00:00, Sys 0 00:00:00  -  Run Local Usage
		Usr 0 00:23:05, Sys 0 00:00:29  -  Total Remote Usage
		Usr 0 00:00:00, Sys 0 00:00:00  -  Total Local Usage
	1222  -  Run Bytes Sent By Job
	397  -  Run Bytes Received By Job
	1222  -  Total Bytes Sent By Job
	397  -  Total Bytes Received By Job
	Partitionable Resources :    Usage  Request Allocated 
	   Cpus                 :     0.67        1         1 
	   Disk (KB)            :   802           1 479786105 
	   Memory (MB)          :  5940        7900      8033 
...
