000 (843702.000.000) 08/15 13:29:23 Job submitted from host: <172.20.3.187:9618?addrs=172.20.3.187-9618&noUDP&sock=2043_e813_3>
...
001 (843702.000.000) 08/15 17:53:46 Job executing on host: <172.20.225.4:9618?addrs=172.20.225.4-9618&noUDP&sock=3366_5fdf_3>
...
006 (843702.000.000) 08/15 17:53:55 Image size of job updated: 21108
	21  -  MemoryUsage of job (MB)
	21108  -  ResidentSetSize of job (KB)
...
006 (843702.000.000) 08/15 17:54:54 Image size of job updated: 410456
	21  -  MemoryUsage of job (MB)
	21108  -  ResidentSetSize of job (KB)
...
005 (843702.000.000) 08/15 17:54:55 Job terminated.
	(1) Normal termination (return value 1)
		Usr 0 00:00:22, Sys 0 00:00:01  -  Run Remote Usage
		Usr 0 00:00:00, Sys 0 00:00:00  -  Run Local Usage
		Usr 0 00:00:22, Sys 0 00:00:01  -  Total Remote Usage
		Usr 0 00:00:00, Sys 0 00:00:00  -  Total Local Usage
	1437  -  Run Bytes Sent By Job
	393  -  Run Bytes Received By Job
	1437  -  Total Bytes Sent By Job
	393  -  Total Bytes Received By Job
	Partitionable Resources :    Usage  Request Allocated 
	   Cpus                 :     0.56        1         1 
	   Disk (KB)            :   803           1 479779449 
	   Memory (MB)          :    21        7900      8033 
...
000 (846968.000.000) 08/16 03:54:48 Job submitted from host: <172.20.3.187:9618?addrs=172.20.3.187-9618&noUDP&sock=2043_e813_3>
...
001 (846968.000.000) 08/16 06:18:12 Job executing on host: <172.20.225.4:9618?addrs=172.20.225.4-9618&noUDP&sock=3366_5fdf_3>
...
006 (846968.000.000) 08/16 06:18:20 Image size of job updated: 21120
	21  -  MemoryUsage of job (MB)
	21120  -  ResidentSetSize of job (KB)
...
006 (846968.000.000) 08/16 06:23:21 Image size of job updated: 5010008
	4893  -  MemoryUsage of job (MB)
	5010008  -  ResidentSetSize of job (KB)
...
006 (846968.000.000) 08/16 06:28:22 Image size of job updated: 5010112
	4893  -  MemoryUsage of job (MB)
	5010112  -  ResidentSetSize of job (KB)
...
006 (846968.000.000) 08/16 06:33:22 Image size of job updated: 5966488
	5827  -  MemoryUsage of job (MB)
	5966488  -  ResidentSetSize of job (KB)
...
006 (846968.000.000) 08/16 06:38:23 Image size of job updated: 6848708
	6689  -  MemoryUsage of job (MB)
	6848708  -  ResidentSetSize of job (KB)
...
006 (846968.000.000) 08/16 06:39:08 Image size of job updated: 6922460
	6689  -  MemoryUsage of job (MB)
	6848708  -  ResidentSetSize of job (KB)
...
005 (846968.000.000) 08/16 06:39:08 Job terminated.
	(1) Normal termination (return value 0)
		Usr 0 00:22:34, Sys 0 00:00:30  -  Run Remote Usage
		Usr 0 00:00:00, Sys 0 00:00:00  -  Run Local Usage
		Usr 0 00:22:34, Sys 0 00:00:30  -  Total Remote Usage
		Usr 0 00:00:00, Sys 0 00:00:00  -  Total Local Usage
	1218  -  Run Bytes Sent By Job
	393  -  Run Bytes Received By Job
	1218  -  Total Bytes Sent By Job
	393  -  Total Bytes Received By Job
	Partitionable Resources :    Usage  Request Allocated 
	   Cpus                 :     1.95        1         1 
	   Disk (KB)            :   802           1 479779449 
	   Memory (MB)          :  6689        7900      8033 
...
