000 (844714.000.000) 08/15 13:30:30 Job submitted from host: <172.20.3.187:9618?addrs=172.20.3.187-9618&noUDP&sock=2043_e813_3>
...
001 (844714.000.000) 08/15 18:49:00 Job executing on host: <172.20.225.6:9618?addrs=172.20.225.6-9618&noUDP&sock=3382_5963_3>
...
006 (844714.000.000) 08/15 18:49:09 Image size of job updated: 21116
	21  -  MemoryUsage of job (MB)
	21116  -  ResidentSetSize of job (KB)
...
006 (844714.000.000) 08/15 18:54:10 Image size of job updated: 5313852
	5179  -  MemoryUsage of job (MB)
	5302392  -  ResidentSetSize of job (KB)
...
006 (844714.000.000) 08/15 18:59:10 Image size of job updated: 5314392
	5179  -  MemoryUsage of job (MB)
	5302524  -  ResidentSetSize of job (KB)
...
006 (844714.000.000) 08/15 19:04:11 Image size of job updated: 6258716
	6113  -  MemoryUsage of job (MB)
	6258716  -  ResidentSetSize of job (KB)
...
006 (844714.000.000) 08/15 19:09:12 Image size of job updated: 6264688
	6118  -  MemoryUsage of job (MB)
	6264688  -  ResidentSetSize of job (KB)
...
005 (844714.000.000) 08/15 19:13:20 Job terminated.
	(1) Normal termination (return value 0)
		Usr 0 00:23:48, Sys 0 00:00:31  -  Run Remote Usage
		Usr 0 00:00:00, Sys 0 00:00:00  -  Run Local Usage
		Usr 0 00:23:48, Sys 0 00:00:31  -  Total Remote Usage
		Usr 0 00:00:00, Sys 0 00:00:00  -  Total Local Usage
	1229  -  Run Bytes Sent By Job
	404  -  Run Bytes Received By Job
	1229  -  Total Bytes Sent By Job
	404  -  Total Bytes Received By Job
	Partitionable Resources :    Usage  Request Allocated 
	   Cpus                 :     0.76        1         1 
	   Disk (KB)            :   802           1 479749220 
	   Memory (MB)          :  6118        7900      8033 
...
