000 (839185.000.000) 08/15 13:24:29 Job submitted from host: <172.20.3.187:9618?addrs=172.20.3.187-9618&noUDP&sock=2043_e813_3>
...
001 (839185.000.000) 08/15 13:38:15 Job executing on host: <172.20.225.6:9618?addrs=172.20.225.6-9618&noUDP&sock=3382_5963_3>
...
006 (839185.000.000) 08/15 13:38:24 Image size of job updated: 20820
	21  -  MemoryUsage of job (MB)
	20820  -  ResidentSetSize of job (KB)
...
006 (839185.000.000) 08/15 13:38:54 Image size of job updated: 480056
	21  -  MemoryUsage of job (MB)
	20820  -  ResidentSetSize of job (KB)
...
005 (839185.000.000) 08/15 13:38:54 Job terminated.
	(1) Normal termination (return value 1)
		Usr 0 00:00:26, Sys 0 00:00:02  -  Run Remote Usage
		Usr 0 00:00:00, Sys 0 00:00:00  -  Run Local Usage
		Usr 0 00:00:26, Sys 0 00:00:02  -  Total Remote Usage
		Usr 0 00:00:00, Sys 0 00:00:00  -  Total Local Usage
	1437  -  Run Bytes Sent By Job
	395  -  Run Bytes Received By Job
	1437  -  Total Bytes Sent By Job
	395  -  Total Bytes Received By Job
	Partitionable Resources :    Usage  Request Allocated 
	   Cpus                 :     0.98        1         1 
	   Disk (KB)            :   803           1 479749220 
	   Memory (MB)          :    21        7900      8033 
...
000 (845387.000.000) 08/16 03:53:06 Job submitted from host: <172.20.3.187:9618?addrs=172.20.3.187-9618&noUDP&sock=2043_e813_3>
...
001 (845387.000.000) 08/16 04:16:10 Job executing on host: <172.20.225.6:9618?addrs=172.20.225.6-9618&noUDP&sock=3382_5963_3>
...
006 (845387.000.000) 08/16 04:16:18 Image size of job updated: 20788
	21  -  MemoryUsage of job (MB)
	20788  -  ResidentSetSize of job (KB)
...
006 (845387.000.000) 08/16 04:21:19 Image size of job updated: 5079044
	4961  -  MemoryUsage of job (MB)
	5079044  -  ResidentSetSize of job (KB)
...
006 (845387.000.000) 08/16 04:26:19 Image size of job updated: 6035208
	5894  -  MemoryUsage of job (MB)
	6035208  -  ResidentSetSize of job (KB)
...
006 (845387.000.000) 08/16 04:31:20 Image size of job updated: 6035520
	5895  -  MemoryUsage of job (MB)
	6035520  -  ResidentSetSize of job (KB)
...
006 (845387.000.000) 08/16 04:36:21 Image size of job updated: 6288776
	6142  -  MemoryUsage of job (MB)
	6288776  -  ResidentSetSize of job (KB)
...
006 (845387.000.000) 08/16 04:38:27 Image size of job updated: 8367108
	6142  -  MemoryUsage of job (MB)
	6288776  -  ResidentSetSize of job (KB)
...
005 (845387.000.000) 08/16 04:38:27 Job terminated.
	(1) Normal termination (return value 0)
		Usr 0 00:22:24, Sys 0 00:00:30  -  Run Remote Usage
		Usr 0 00:00:00, Sys 0 00:00:00  -  Run Local Usage
		Usr 0 00:22:24, Sys 0 00:00:30  -  Total Remote Usage
		Usr 0 00:00:00, Sys 0 00:00:00  -  Total Local Usage
	1220  -  Run Bytes Sent By Job
	395  -  Run Bytes Received By Job
	1220  -  Total Bytes Sent By Job
	395  -  Total Bytes Received By Job
	Partitionable Resources :    Usage  Request Allocated 
	   Cpus                 :     0.64        1         1 
	   Disk (KB)            :   802           1 479749220 
	   Memory (MB)          :  6142        7900      8033 
...
