000 (840245.000.000) 08/15 13:25:38 Job submitted from host: <172.20.3.187:9618?addrs=172.20.3.187-9618&noUDP&sock=2043_e813_3>
...
001 (840245.000.000) 08/15 14:25:02 Job executing on host: <172.20.225.5:9618?addrs=172.20.225.5-9618&noUDP&sock=3375_8c39_3>
...
006 (840245.000.000) 08/15 14:25:11 Image size of job updated: 21116
	21  -  MemoryUsage of job (MB)
	21116  -  ResidentSetSize of job (KB)
...
006 (840245.000.000) 08/15 14:30:12 Image size of job updated: 5055360
	4937  -  MemoryUsage of job (MB)
	5055360  -  ResidentSetSize of job (KB)
...
006 (840245.000.000) 08/15 14:35:13 Image size of job updated: 6011528
	5871  -  MemoryUsage of job (MB)
	6011528  -  ResidentSetSize of job (KB)
...
006 (840245.000.000) 08/15 14:40:14 Image size of job updated: 6012924
	5872  -  MemoryUsage of job (MB)
	6012924  -  ResidentSetSize of job (KB)
...
006 (840245.000.000) 08/15 14:45:14 Image size of job updated: 6538920
	6386  -  MemoryUsage of job (MB)
	6538792  -  ResidentSetSize of job (KB)
...
005 (840245.000.000) 08/15 14:46:51 Job terminated.
	(1) Normal termination (return value 0)
		Usr 0 00:23:05, Sys 0 00:00:30  -  Run Remote Usage
		Usr 0 00:00:00, Sys 0 00:00:00  -  Run Local Usage
		Usr 0 00:23:05, Sys 0 00:00:30  -  Total Remote Usage
		Usr 0 00:00:00, Sys 0 00:00:00  -  Total Local Usage
	1229  -  Run Bytes Sent By Job
	404  -  Run Bytes Received By Job
	1229  -  Total Bytes Sent By Job
	404  -  Total Bytes Received By Job
	Partitionable Resources :    Usage  Request Allocated 
	   Cpus                 :     0.72        1         1 
	   Disk (KB)            :   802           1 479749220 
	   Memory (MB)          :  6386        7900      8033 
...
