000 (839776.000.000) 08/15 13:25:07 Job submitted from host: <172.20.3.187:9618?addrs=172.20.3.187-9618&noUDP&sock=2043_e813_3>
...
001 (839776.000.000) 08/15 13:47:11 Job executing on host: <172.20.225.2:9618?addrs=172.20.225.2-9618&noUDP&sock=3424_285d_3>
...
006 (839776.000.000) 08/15 13:47:20 Image size of job updated: 21116
	21  -  MemoryUsage of job (MB)
	21116  -  ResidentSetSize of job (KB)
...
005 (839776.000.000) 08/15 13:48:08 Job terminated.
	(1) Normal termination (return value 1)
		Usr 0 00:00:09, Sys 0 00:00:01  -  Run Remote Usage
		Usr 0 00:00:00, Sys 0 00:00:00  -  Run Local Usage
		Usr 0 00:00:09, Sys 0 00:00:01  -  Total Remote Usage
		Usr 0 00:00:00, Sys 0 00:00:00  -  Total Local Usage
	1434  -  Run Bytes Sent By Job
	397  -  Run Bytes Received By Job
	1434  -  Total Bytes Sent By Job
	397  -  Total Bytes Received By Job
	Partitionable Resources :    Usage  Request Allocated 
	   Cpus                 :     0.52        1         1 
	   Disk (KB)            :   803           1 479786084 
	   Memory (MB)          :    21        7900      8033 
...
000 (845769.000.000) 08/16 03:53:31 Job submitted from host: <172.20.3.187:9618?addrs=172.20.3.187-9618&noUDP&sock=2043_e813_3>
...
001 (845769.000.000) 08/16 04:42:12 Job executing on host: <172.20.225.6:9618?addrs=172.20.225.6-9618&noUDP&sock=3382_5963_3>
...
006 (845769.000.000) 08/16 04:42:20 Image size of job updated: 21124
	21  -  MemoryUsage of job (MB)
	21124  -  ResidentSetSize of job (KB)
...
006 (845769.000.000) 08/16 04:47:21 Image size of job updated: 4917568
	4803  -  MemoryUsage of job (MB)
	4917568  -  ResidentSetSize of job (KB)
...
006 (845769.000.000) 08/16 04:52:21 Image size of job updated: 4917668
	4803  -  MemoryUsage of job (MB)
	4917668  -  ResidentSetSize of job (KB)
...
006 (845769.000.000) 08/16 04:57:22 Image size of job updated: 5874032
	5737  -  MemoryUsage of job (MB)
	5874032  -  ResidentSetSize of job (KB)
...
006 (845769.000.000) 08/16 05:02:22 Image size of job updated: 5973708
	5834  -  MemoryUsage of job (MB)
	5973708  -  ResidentSetSize of job (KB)
...
006 (845769.000.000) 08/16 05:05:29 Image size of job updated: 14701672
	5834  -  MemoryUsage of job (MB)
	5973724  -  ResidentSetSize of job (KB)
...
005 (845769.000.000) 08/16 05:05:30 Job terminated.
	(1) Normal termination (return value 0)
		Usr 0 00:22:02, Sys 0 00:00:27  -  Run Remote Usage
		Usr 0 00:00:00, Sys 0 00:00:00  -  Run Local Usage
		Usr 0 00:22:02, Sys 0 00:00:27  -  Total Remote Usage
		Usr 0 00:00:00, Sys 0 00:00:00  -  Total Local Usage
	1219  -  Run Bytes Sent By Job
	397  -  Run Bytes Received By Job
	1219  -  Total Bytes Sent By Job
	397  -  Total Bytes Received By Job
	Partitionable Resources :    Usage  Request Allocated 
	   Cpus                 :     0.71        1         1 
	   Disk (KB)            :   802           1 479749220 
	   Memory (MB)          :  5834        7900      8033 
...
