000 (840194.000.000) 08/15 13:25:34 Job submitted from host: <172.20.3.187:9618?addrs=172.20.3.187-9618&noUDP&sock=2043_e813_3>
...
001 (840194.000.000) 08/15 14:21:59 Job executing on host: <172.20.225.2:9618?addrs=172.20.225.2-9618&noUDP&sock=3424_285d_3>
...
006 (840194.000.000) 08/15 14:22:07 Image size of job updated: 21116
	21  -  MemoryUsage of job (MB)
	21116  -  ResidentSetSize of job (KB)
...
006 (840194.000.000) 08/15 14:27:07 Image size of job updated: 5055404
	4937  -  MemoryUsage of job (MB)
	5055404  -  ResidentSetSize of job (KB)
...
006 (840194.000.000) 08/15 14:32:08 Image size of job updated: 6011572
	5871  -  MemoryUsage of job (MB)
	6011572  -  ResidentSetSize of job (KB)
...
006 (840194.000.000) 08/15 14:37:09 Image size of job updated: 6012964
	5873  -  MemoryUsage of job (MB)
	6012964  -  ResidentSetSize of job (KB)
...
006 (840194.000.000) 08/15 14:42:10 Image size of job updated: 6547128
	6394  -  MemoryUsage of job (MB)
	6546892  -  ResidentSetSize of job (KB)
...
005 (840194.000.000) 08/15 14:43:01 Job terminated.
	(1) Normal termination (return value 0)
		Usr 0 00:22:43, Sys 0 00:00:31  -  Run Remote Usage
		Usr 0 00:00:00, Sys 0 00:00:00  -  Run Local Usage
		Usr 0 00:22:43, Sys 0 00:00:31  -  Total Remote Usage
		Usr 0 00:00:00, Sys 0 00:00:00  -  Total Local Usage
	1226  -  Run Bytes Sent By Job
	403  -  Run Bytes Received By Job
	1226  -  Total Bytes Sent By Job
	403  -  Total Bytes Received By Job
	Partitionable Resources :    Usage  Request Allocated 
	   Cpus                 :     0.61        1         1 
	   Disk (KB)            :   802           1 479786084 
	   Memory (MB)          :  6394        7900      8033 
...
