000 (842171.000.000) 08/15 13:27:43 Job submitted from host: <172.20.3.187:9618?addrs=172.20.3.187-9618&noUDP&sock=2043_e813_3>
...
001 (842171.000.000) 08/15 16:05:00 Job executing on host: <172.20.225.4:9618?addrs=172.20.225.4-9618&noUDP&sock=3366_5fdf_3>
...
006 (842171.000.000) 08/15 16:05:09 Image size of job updated: 21120
	21  -  MemoryUsage of job (MB)
	21120  -  ResidentSetSize of job (KB)
...
006 (842171.000.000) 08/15 16:10:10 Image size of job updated: 4935148
	4820  -  MemoryUsage of job (MB)
	4935148  -  ResidentSetSize of job (KB)
...
006 (842171.000.000) 08/15 16:15:10 Image size of job updated: 5891420
	5754  -  MemoryUsage of job (MB)
	5891420  -  ResidentSetSize of job (KB)
...
006 (842171.000.000) 08/15 16:20:11 Image size of job updated: 5897396
	5760  -  MemoryUsage of job (MB)
	5897396  -  ResidentSetSize of job (KB)
...
006 (842171.000.000) 08/15 16:25:12 Image size of job updated: 6549356
	6396  -  MemoryUsage of job (MB)
	6549096  -  ResidentSetSize of job (KB)
...
005 (842171.000.000) 08/15 16:25:33 Job terminated.
	(1) Normal termination (return value 0)
		Usr 0 00:23:14, Sys 0 00:00:33  -  Run Remote Usage
		Usr 0 00:00:00, Sys 0 00:00:00  -  Run Local Usage
		Usr 0 00:23:14, Sys 0 00:00:33  -  Total Remote Usage
		Usr 0 00:00:00, Sys 0 00:00:00  -  Total Local Usage
	1227  -  Run Bytes Sent By Job
	405  -  Run Bytes Received By Job
	1227  -  Total Bytes Sent By Job
	405  -  Total Bytes Received By Job
	Partitionable Resources :    Usage  Request Allocated 
	   Cpus                 :     0.60        1         1 
	   Disk (KB)            :   802           1 479779449 
	   Memory (MB)          :  6396        7900      8033 
...
