000 (842015.000.000) 08/15 13:27:33 Job submitted from host: <172.20.3.187:9618?addrs=172.20.3.187-9618&noUDP&sock=2043_e813_3>
...
001 (842015.000.000) 08/15 16:00:02 Job executing on host: <172.20.225.6:9618?addrs=172.20.225.6-9618&noUDP&sock=3382_5963_3>
...
006 (842015.000.000) 08/15 16:00:10 Image size of job updated: 21124
	21  -  MemoryUsage of job (MB)
	21124  -  ResidentSetSize of job (KB)
...
006 (842015.000.000) 08/15 16:01:09 Image size of job updated: 28036
	21  -  MemoryUsage of job (MB)
	21124  -  ResidentSetSize of job (KB)
...
005 (842015.000.000) 08/15 16:01:09 Job terminated.
	(1) Normal termination (return value 1)
		Usr 0 00:00:15, Sys 0 00:00:01  -  Run Remote Usage
		Usr 0 00:00:00, Sys 0 00:00:00  -  Run Local Usage
		Usr 0 00:00:15, Sys 0 00:00:01  -  Total Remote Usage
		Usr 0 00:00:00, Sys 0 00:00:00  -  Total Local Usage
	1437  -  Run Bytes Sent By Job
	395  -  Run Bytes Received By Job
	1437  -  Total Bytes Sent By Job
	395  -  Total Bytes Received By Job
	Partitionable Resources :    Usage  Request Allocated 
	   Cpus                 :     0.64        1         1 
	   Disk (KB)            :   803           1 479749220 
	   Memory (MB)          :    21        7900      8033 
...
000 (846541.000.000) 08/16 03:54:21 Job submitted from host: <172.20.3.187:9618?addrs=172.20.3.187-9618&noUDP&sock=2043_e813_3>
...
001 (846541.000.000) 08/16 05:39:10 Job executing on host: <172.20.225.1:9618?addrs=172.20.225.1-9618&noUDP&sock=3382_5963_3>
...
006 (846541.000.000) 08/16 05:39:19 Image size of job updated: 21124
	21  -  MemoryUsage of job (MB)
	21124  -  ResidentSetSize of job (KB)
...
006 (846541.000.000) 08/16 05:44:21 Image size of job updated: 4961552
	4846  -  MemoryUsage of job (MB)
	4961552  -  ResidentSetSize of job (KB)
...
006 (846541.000.000) 08/16 05:49:22 Image size of job updated: 4961656
	4846  -  MemoryUsage of job (MB)
	4961656  -  ResidentSetSize of job (KB)
...
006 (846541.000.000) 08/16 05:54:23 Image size of job updated: 5921704
	5783  -  MemoryUsage of job (MB)
	5921704  -  ResidentSetSize of job (KB)
...
006 (846541.000.000) 08/16 05:59:23 Image size of job updated: 6766184
	6607  -  MemoryUsage of job (MB)
	6765096  -  ResidentSetSize of job (KB)
...
006 (846541.000.000) 08/16 06:00:16 Image size of job updated: 13854324
	6607  -  MemoryUsage of job (MB)
	6765096  -  ResidentSetSize of job (KB)
...
005 (846541.000.000) 08/16 06:00:16 Job terminated.
	(1) Normal termination (return value 0)
		Usr 0 00:22:19, Sys 0 00:00:27  -  Run Remote Usage
		Usr 0 00:00:00, Sys 0 00:00:00  -  Run Local Usage
		Usr 0 00:22:19, Sys 0 00:00:27  -  Total Remote Usage
		Usr 0 00:00:00, Sys 0 00:00:00  -  Total Local Usage
	1220  -  Run Bytes Sent By Job
	395  -  Run Bytes Received By Job
	1220  -  Total Bytes Sent By Job
	395  -  Total Bytes Received By Job
	Partitionable Resources :    Usage  Request Allocated 
	   Cpus                 :     0.56        1         1 
	   Disk (KB)            :   802           1 479786105 
	   Memory (MB)          :  6607        7900      8033 
...
