000 (838728.000.000) 08/15 12:25:33 Job submitted from host: <172.20.3.187:9618?addrs=172.20.3.187-9618&noUDP&sock=2043_e813_3>
...
001 (838728.000.000) 08/15 12:50:22 Job executing on host: <172.20.225.2:9618?addrs=172.20.225.2-9618&noUDP&sock=3424_285d_3>
...
006 (838728.000.000) 08/15 12:50:30 Image size of job updated: 21124
	21  -  MemoryUsage of job (MB)
	21124  -  ResidentSetSize of job (KB)
...
006 (838728.000.000) 08/15 12:55:30 Image size of job updated: 18532592
	18099  -  MemoryUsage of job (MB)
	18532488  -  ResidentSetSize of job (KB)
...
006 (838728.000.000) 08/15 12:57:09 Image size of job updated: 22937756
	18099  -  MemoryUsage of job (MB)
	18532488  -  ResidentSetSize of job (KB)
...
005 (838728.000.000) 08/15 12:57:09 Job terminated.
	(1) Normal termination (return value 137)
		Usr 0 00:05:32, Sys 0 00:01:04  -  Run Remote Usage
		Usr 0 00:00:00, Sys 0 00:00:00  -  Run Local Usage
		Usr 0 00:05:32, Sys 0 00:01:04  -  Total Remote Usage
		Usr 0 00:00:00, Sys 0 00:00:00  -  Total Local Usage
	1390  -  Run Bytes Sent By Job
	403  -  Run Bytes Received By Job
	1390  -  Total Bytes Sent By Job
	403  -  Total Bytes Received By Job
	Partitionable Resources :    Usage  Request Allocated 
	   Cpus                 :     0.69        1         1 
	   Disk (KB)            :   803           1 479786084 
	   Memory (MB)          : 18099        7900      8033 
...
000 (844294.000.000) 08/15 13:30:02 Job submitted from host: <172.20.3.187:9618?addrs=172.20.3.187-9618&noUDP&sock=2043_e813_3>
...
001 (844294.000.000) 08/15 18:21:01 Job executing on host: <172.20.225.5:9618?addrs=172.20.225.5-9618&noUDP&sock=3375_8c39_3>
...
006 (844294.000.000) 08/15 18:21:10 Image size of job updated: 21128
	21  -  MemoryUsage of job (MB)
	21128  -  ResidentSetSize of job (KB)
...
006 (844294.000.000) 08/15 18:26:11 Image size of job updated: 5302732
	5179  -  MemoryUsage of job (MB)
	5302732  -  ResidentSetSize of job (KB)
...
006 (844294.000.000) 08/15 18:31:12 Image size of job updated: 5302836
	5179  -  MemoryUsage of job (MB)
	5302836  -  ResidentSetSize of job (KB)
...
006 (844294.000.000) 08/15 18:36:12 Image size of job updated: 6259196
	6113  -  MemoryUsage of job (MB)
	6259196  -  ResidentSetSize of job (KB)
...
006 (844294.000.000) 08/15 18:41:13 Image size of job updated: 6359092
	6211  -  MemoryUsage of job (MB)
	6359092  -  ResidentSetSize of job (KB)
...
006 (844294.000.000) 08/15 18:44:26 Image size of job updated: 6359092
	6211  -  MemoryUsage of job (MB)
	6359108  -  ResidentSetSize of job (KB)
...
005 (844294.000.000) 08/15 18:44:27 Job terminated.
	(1) Normal termination (return value 0)
		Usr 0 00:22:29, Sys 0 00:00:31  -  Run Remote Usage
		Usr 0 00:00:00, Sys 0 00:00:00  -  Run Local Usage
		Usr 0 00:22:29, Sys 0 00:00:31  -  Total Remote Usage
		Usr 0 00:00:00, Sys 0 00:00:00  -  Total Local Usage
	1226  -  Run Bytes Sent By Job
	403  -  Run Bytes Received By Job
	1226  -  Total Bytes Sent By Job
	403  -  Total Bytes Received By Job
	Partitionable Resources :    Usage  Request Allocated 
	   Cpus                 :     0.80        1         1 
	   Disk (KB)            :   802           1 479749220 
	   Memory (MB)          :  6211        7900      8033 
...
