000 (841274.000.000) 08/15 13:26:45 Job submitted from host: <172.20.3.187:9618?addrs=172.20.3.187-9618&noUDP&sock=2043_e813_3>
...
001 (841274.000.000) 08/15 15:02:01 Job executing on host: <172.20.225.4:9618?addrs=172.20.225.4-9618&noUDP&sock=3366_5fdf_3>
...
006 (841274.000.000) 08/15 15:02:10 Image size of job updated: 21128
	21  -  MemoryUsage of job (MB)
	21128  -  ResidentSetSize of job (KB)
...
005 (841274.000.000) 08/15 15:03:10 Job terminated.
	(1) Normal termination (return value 1)
		Usr 0 00:00:10, Sys 0 00:00:01  -  Run Remote Usage
		Usr 0 00:00:00, Sys 0 00:00:00  -  Run Local Usage
		Usr 0 00:00:10, Sys 0 00:00:01  -  Total Remote Usage
		Usr 0 00:00:00, Sys 0 00:00:00  -  Total Local Usage
	1434  -  Run Bytes Sent By Job
	400  -  Run Bytes Received By Job
	1434  -  Total Bytes Sent By Job
	400  -  Total Bytes Received By Job
	Partitionable Resources :    Usage  Request Allocated 
	   Cpus                 :     0.32        1         1 
	   Disk (KB)            :   803           1 479779449 
	   Memory (MB)          :    21        7900      8033 
...
000 (846388.000.000) 08/16 03:54:11 Job submitted from host: <172.20.3.187:9618?addrs=172.20.3.187-9618&noUDP&sock=2043_e813_3>
...
001 (846388.000.000) 08/16 05:30:13 Job executing on host: <172.20.225.6:9618?addrs=172.20.225.6-9618&noUDP&sock=3382_5963_3>
...
006 (846388.000.000) 08/16 05:30:22 Image size of job updated: 21112
	21  -  MemoryUsage of job (MB)
	21112  -  ResidentSetSize of job (KB)
...
006 (846388.000.000) 08/16 05:35:22 Image size of job updated: 4918936
	4804  -  MemoryUsage of job (MB)
	4918936  -  ResidentSetSize of job (KB)
...
006 (846388.000.000) 08/16 05:40:23 Image size of job updated: 4919040
	4804  -  MemoryUsage of job (MB)
	4919040  -  ResidentSetSize of job (KB)
...
006 (846388.000.000) 08/16 05:45:23 Image size of job updated: 5875412
	5738  -  MemoryUsage of job (MB)
	5875412  -  ResidentSetSize of job (KB)
...
006 (846388.000.000) 08/16 05:50:24 Image size of job updated: 5992484
	5853  -  MemoryUsage of job (MB)
	5992484  -  ResidentSetSize of job (KB)
...
006 (846388.000.000) 08/16 05:53:13 Image size of job updated: 5992484
	5853  -  MemoryUsage of job (MB)
	5992524  -  ResidentSetSize of job (KB)
...
005 (846388.000.000) 08/16 05:53:16 Job terminated.
	(1) Normal termination (return value 0)
		Usr 0 00:21:41, Sys 0 00:00:31  -  Run Remote Usage
		Usr 0 00:00:00, Sys 0 00:00:00  -  Run Local Usage
		Usr 0 00:21:41, Sys 0 00:00:31  -  Total Remote Usage
		Usr 0 00:00:00, Sys 0 00:00:00  -  Total Local Usage
	1222  -  Run Bytes Sent By Job
	400  -  Run Bytes Received By Job
	1222  -  Total Bytes Sent By Job
	400  -  Total Bytes Received By Job
	Partitionable Resources :    Usage  Request Allocated 
	   Cpus                 :        0        1         1 
	   Disk (KB)            :      802        1 479749220 
	   Memory (MB)          :     5853     7900      8033 
...
