000 (840052.000.000) 08/15 13:25:25 Job submitted from host: <172.20.3.187:9618?addrs=172.20.3.187-9618&noUDP&sock=2043_e813_3>
...
001 (840052.000.000) 08/15 14:04:59 Job executing on host: <172.20.225.2:9618?addrs=172.20.225.2-9618&noUDP&sock=3424_285d_3>
...
006 (840052.000.000) 08/15 14:05:07 Image size of job updated: 21108
	21  -  MemoryUsage of job (MB)
	21108  -  ResidentSetSize of job (KB)
...
006 (840052.000.000) 08/15 14:10:07 Image size of job updated: 5006452
	4887  -  MemoryUsage of job (MB)
	5003440  -  ResidentSetSize of job (KB)
...
006 (840052.000.000) 08/15 14:15:08 Image size of job updated: 5006452
	4887  -  MemoryUsage of job (MB)
	5003548  -  ResidentSetSize of job (KB)
...
006 (840052.000.000) 08/15 14:20:08 Image size of job updated: 5959920
	5821  -  MemoryUsage of job (MB)
	5959920  -  ResidentSetSize of job (KB)
...
006 (840052.000.000) 08/15 14:25:08 Image size of job updated: 6300928
	6154  -  MemoryUsage of job (MB)
	6300812  -  ResidentSetSize of job (KB)
...
006 (840052.000.000) 08/15 14:27:50 Image size of job updated: 6300928
	6154  -  MemoryUsage of job (MB)
	6300868  -  ResidentSetSize of job (KB)
...
005 (840052.000.000) 08/15 14:27:50 Job terminated.
	(1) Normal termination (return value 0)
		Usr 0 00:23:08, Sys 0 00:00:32  -  Run Remote Usage
		Usr 0 00:00:00, Sys 0 00:00:00  -  Run Local Usage
		Usr 0 00:23:08, Sys 0 00:00:32  -  Total Remote Usage
		Usr 0 00:00:00, Sys 0 00:00:00  -  Total Local Usage
	1225  -  Run Bytes Sent By Job
	400  -  Run Bytes Received By Job
	1225  -  Total Bytes Sent By Job
	400  -  Total Bytes Received By Job
	Partitionable Resources :    Usage  Request Allocated 
	   Cpus                 :     0.67        1         1 
	   Disk (KB)            :   802           1 479786084 
	   Memory (MB)          :  6154        7900      8033 
...
