000 (839564.000.000) 08/15 13:24:54 Job submitted from host: <172.20.3.187:9618?addrs=172.20.3.187-9618&noUDP&sock=2043_e813_3>
...
001 (839564.000.000) 08/15 13:40:25 Job executing on host: <172.20.225.2:9618?addrs=172.20.225.2-9618&noUDP&sock=3424_285d_3>
...
006 (839564.000.000) 08/15 13:40:35 Image size of job updated: 21116
	21  -  MemoryUsage of job (MB)
	21116  -  ResidentSetSize of job (KB)
...
005 (839564.000.000) 08/15 13:41:26 Job terminated.
	(1) Normal termination (return value 1)
		Usr 0 00:00:11, Sys 0 00:00:01  -  Run Remote Usage
		Usr 0 00:00:00, Sys 0 00:00:00  -  Run Local Usage
		Usr 0 00:00:11, Sys 0 00:00:01  -  Total Remote Usage
		Usr 0 00:00:00, Sys 0 00:00:00  -  Total Local Usage
	1435  -  Run Bytes Sent By Job
	392  -  Run Bytes Received By Job
	1435  -  Total Bytes Sent By Job
	392  -  Total Bytes Received By Job
	Partitionable Resources :    Usage  Request Allocated 
	   Cpus                 :        0        1         1 
	   Disk (KB)            :      803        1 479786084 
	   Memory (MB)          :       21     7900      8033 
...
000 (845655.000.000) 08/16 03:53:24 Job submitted from host: <172.20.3.187:9618?addrs=172.20.3.187-9618&noUDP&sock=2043_e813_3>
...
001 (845655.000.000) 08/16 04:35:08 Job executing on host: <172.20.225.5:9618?addrs=172.20.225.5-9618&noUDP&sock=3375_8c39_3>
...
006 (845655.000.000) 08/16 04:35:17 Image size of job updated: 21112
	21  -  MemoryUsage of job (MB)
	21112  -  ResidentSetSize of job (KB)
...
006 (845655.000.000) 08/16 04:40:18 Image size of job updated: 4950048
	4835  -  MemoryUsage of job (MB)
	4950048  -  ResidentSetSize of job (KB)
...
006 (845655.000.000) 08/16 04:45:19 Image size of job updated: 5906516
	5769  -  MemoryUsage of job (MB)
	5906516  -  ResidentSetSize of job (KB)
...
006 (845655.000.000) 08/16 04:50:19 Image size of job updated: 6744420
	6587  -  MemoryUsage of job (MB)
	6744268  -  ResidentSetSize of job (KB)
...
006 (845655.000.000) 08/16 04:52:12 Image size of job updated: 6744420
	6587  -  MemoryUsage of job (MB)
	6744304  -  ResidentSetSize of job (KB)
...
005 (845655.000.000) 08/16 04:52:12 Job terminated.
	(1) Normal termination (return value 0)
		Usr 0 00:22:35, Sys 0 00:00:33  -  Run Remote Usage
		Usr 0 00:00:00, Sys 0 00:00:00  -  Run Local Usage
		Usr 0 00:22:35, Sys 0 00:00:33  -  Total Remote Usage
		Usr 0 00:00:00, Sys 0 00:00:00  -  Total Local Usage
	1215  -  Run Bytes Sent By Job
	392  -  Run Bytes Received By Job
	1215  -  Total Bytes Sent By Job
	392  -  Total Bytes Received By Job
	Partitionable Resources :    Usage  Request Allocated 
	   Cpus                 :     0.54        1         1 
	   Disk (KB)            :   802           1 479749220 
	   Memory (MB)          :  6587        7900      8033 
...
