000 (842069.000.000) 08/15 13:27:36 Job submitted from host: <172.20.3.187:9618?addrs=172.20.3.187-9618&noUDP&sock=2043_e813_3>
...
001 (842069.000.000) 08/15 16:01:00 Job executing on host: <172.20.225.4:9618?addrs=172.20.225.4-9618&noUDP&sock=3366_5fdf_3>
...
006 (842069.000.000) 08/15 16:01:09 Image size of job updated: 21100
	21  -  MemoryUsage of job (MB)
	21100  -  ResidentSetSize of job (KB)
...
006 (842069.000.000) 08/15 16:06:10 Image size of job updated: 4958056
	4842  -  MemoryUsage of job (MB)
	4958056  -  ResidentSetSize of job (KB)
...
006 (842069.000.000) 08/15 16:11:12 Image size of job updated: 5914232
	5776  -  MemoryUsage of job (MB)
	5914232  -  ResidentSetSize of job (KB)
...
006 (842069.000.000) 08/15 16:16:11 Image size of job updated: 5920316
	5782  -  MemoryUsage of job (MB)
	5920316  -  ResidentSetSize of job (KB)
...
005 (842069.000.000) 08/15 16:21:02 Job terminated.
	(1) Normal termination (return value 0)
		Usr 0 00:22:52, Sys 0 00:00:32  -  Run Remote Usage
		Usr 0 00:00:00, Sys 0 00:00:00  -  Run Local Usage
		Usr 0 00:22:52, Sys 0 00:00:32  -  Total Remote Usage
		Usr 0 00:00:00, Sys 0 00:00:00  -  Total Local Usage
	1219  -  Run Bytes Sent By Job
	397  -  Run Bytes Received By Job
	1219  -  Total Bytes Sent By Job
	397  -  Total Bytes Received By Job
	Partitionable Resources :    Usage  Request Allocated 
	   Cpus                 :     0.60        1         1 
	   Disk (KB)            :   802           1 479779449 
	   Memory (MB)          :  5782        7900      8033 
...
