000 (841860.000.000) 08/15 13:27:23 Job submitted from host: <172.20.3.187:9618?addrs=172.20.3.187-9618&noUDP&sock=2043_e813_3>
...
001 (841860.000.000) 08/15 15:48:01 Job executing on host: <172.20.225.8:9618?addrs=172.20.225.8-9618&noUDP&sock=3440_21e1_3>
...
006 (841860.000.000) 08/15 15:48:10 Image size of job updated: 21112
	21  -  MemoryUsage of job (MB)
	21112  -  ResidentSetSize of job (KB)
...
006 (841860.000.000) 08/15 15:53:11 Image size of job updated: 4911424
	4797  -  MemoryUsage of job (MB)
	4911424  -  ResidentSetSize of job (KB)
...
006 (841860.000.000) 08/15 15:58:12 Image size of job updated: 4911524
	4797  -  MemoryUsage of job (MB)
	4911524  -  ResidentSetSize of job (KB)
...
006 (841860.000.000) 08/15 16:03:13 Image size of job updated: 5868984
	5732  -  MemoryUsage of job (MB)
	5868984  -  ResidentSetSize of job (KB)
...
006 (841860.000.000) 08/15 16:08:13 Image size of job updated: 6419612
	6269  -  MemoryUsage of job (MB)
	6419424  -  ResidentSetSize of job (KB)
...
005 (841860.000.000) 08/15 16:09:21 Job terminated.
	(1) Normal termination (return value 0)
		Usr 0 00:22:13, Sys 0 00:00:28  -  Run Remote Usage
		Usr 0 00:00:00, Sys 0 00:00:00  -  Run Local Usage
		Usr 0 00:22:13, Sys 0 00:00:28  -  Total Remote Usage
		Usr 0 00:00:00, Sys 0 00:00:00  -  Total Local Usage
	1221  -  Run Bytes Sent By Job
	399  -  Run Bytes Received By Job
	1221  -  Total Bytes Sent By Job
	399  -  Total Bytes Received By Job
	Partitionable Resources :    Usage  Request Allocated 
	   Cpus                 :     0.68        1         1 
	   Disk (KB)            :   802           1 479737977 
	   Memory (MB)          :  6269        7900      8033 
...
