000 (841051.000.000) 08/15 13:26:30 Job submitted from host: <172.20.3.187:9618?addrs=172.20.3.187-9618&noUDP&sock=2043_e813_3>
...
001 (841051.000.000) 08/15 14:54:40 Job executing on host: <172.20.225.6:9618?addrs=172.20.225.6-9618&noUDP&sock=3382_5963_3>
...
006 (841051.000.000) 08/15 14:54:48 Image size of job updated: 21120
	21  -  MemoryUsage of job (MB)
	21120  -  ResidentSetSize of job (KB)
...
005 (841051.000.000) 08/15 14:55:35 Job terminated.
	(1) Normal termination (return value 1)
		Usr 0 00:00:10, Sys 0 00:00:01  -  Run Remote Usage
		Usr 0 00:00:00, Sys 0 00:00:00  -  Run Local Usage
		Usr 0 00:00:10, Sys 0 00:00:01  -  Total Remote Usage
		Usr 0 00:00:00, Sys 0 00:00:00  -  Total Local Usage
	1435  -  Run Bytes Sent By Job
	395  -  Run Bytes Received By Job
	1435  -  Total Bytes Sent By Job
	395  -  Total Bytes Received By Job
	Partitionable Resources :    Usage  Request Allocated 
	   Cpus                 :     0.57        1         1 
	   Disk (KB)            :   803           1 479749220 
	   Memory (MB)          :    21        7900      8033 
...
000 (846261.000.000) 08/16 03:54:03 Job submitted from host: <172.20.3.187:9618?addrs=172.20.3.187-9618&noUDP&sock=2043_e813_3>
...
001 (846261.000.000) 08/16 05:20:08 Job executing on host: <172.20.225.6:9618?addrs=172.20.225.6-9618&noUDP&sock=3382_5963_3>
...
006 (846261.000.000) 08/16 05:20:17 Image size of job updated: 21116
	21  -  MemoryUsage of job (MB)
	21116  -  ResidentSetSize of job (KB)
...
006 (846261.000.000) 08/16 05:25:17 Image size of job updated: 4941240
	4826  -  MemoryUsage of job (MB)
	4941240  -  ResidentSetSize of job (KB)
...
006 (846261.000.000) 08/16 05:30:19 Image size of job updated: 5897404
	5760  -  MemoryUsage of job (MB)
	5897404  -  ResidentSetSize of job (KB)
...
006 (846261.000.000) 08/16 05:35:19 Image size of job updated: 5898816
	5761  -  MemoryUsage of job (MB)
	5898816  -  ResidentSetSize of job (KB)
...
006 (846261.000.000) 08/16 05:40:19 Image size of job updated: 6732372
	6574  -  MemoryUsage of job (MB)
	6731668  -  ResidentSetSize of job (KB)
...
005 (846261.000.000) 08/16 05:40:43 Job terminated.
	(1) Normal termination (return value 0)
		Usr 0 00:21:57, Sys 0 00:00:34  -  Run Remote Usage
		Usr 0 00:00:00, Sys 0 00:00:00  -  Run Local Usage
		Usr 0 00:21:57, Sys 0 00:00:34  -  Total Remote Usage
		Usr 0 00:00:00, Sys 0 00:00:00  -  Total Local Usage
	1218  -  Run Bytes Sent By Job
	395  -  Run Bytes Received By Job
	1218  -  Total Bytes Sent By Job
	395  -  Total Bytes Received By Job
	Partitionable Resources :    Usage  Request Allocated 
	   Cpus                 :     0.49        1         1 
	   Disk (KB)            :   802           1 479749220 
	   Memory (MB)          :  6574        7900      8033 
...
