000 (841052.000.000) 08/15 13:26:30 Job submitted from host: <172.20.3.187:9618?addrs=172.20.3.187-9618&noUDP&sock=2043_e813_3>
...
001 (841052.000.000) 08/15 14:54:40 Job executing on host: <172.20.225.6:9618?addrs=172.20.225.6-9618&noUDP&sock=3382_5963_3>
...
006 (841052.000.000) 08/15 14:54:49 Image size of job updated: 21116
	21  -  MemoryUsage of job (MB)
	21116  -  ResidentSetSize of job (KB)
...
005 (841052.000.000) 08/15 14:55:38 Job terminated.
	(1) Normal termination (return value 1)
		Usr 0 00:00:10, Sys 0 00:00:01  -  Run Remote Usage
		Usr 0 00:00:00, Sys 0 00:00:00  -  Run Local Usage
		Usr 0 00:00:10, Sys 0 00:00:01  -  Total Remote Usage
		Usr 0 00:00:00, Sys 0 00:00:00  -  Total Local Usage
	1435  -  Run Bytes Sent By Job
	395  -  Run Bytes Received By Job
	1435  -  Total Bytes Sent By Job
	395  -  Total Bytes Received By Job
	Partitionable Resources :    Usage  Request Allocated 
	   Cpus                 :        0        1         1 
	   Disk (KB)            :      803        1 479749220 
	   Memory (MB)          :       21     7900      8033 
...
000 (846262.000.000) 08/16 03:54:03 Job submitted from host: <172.20.3.187:9618?addrs=172.20.3.187-9618&noUDP&sock=2043_e813_3>
...
001 (846262.000.000) 08/16 05:20:08 Job executing on host: <172.20.225.1:9618?addrs=172.20.225.1-9618&noUDP&sock=3382_5963_3>
...
006 (846262.000.000) 08/16 05:20:17 Image size of job updated: 21116
	21  -  MemoryUsage of job (MB)
	21116  -  ResidentSetSize of job (KB)
...
006 (846262.000.000) 08/16 05:25:18 Image size of job updated: 4941328
	4826  -  MemoryUsage of job (MB)
	4941328  -  ResidentSetSize of job (KB)
...
006 (846262.000.000) 08/16 05:30:19 Image size of job updated: 5897500
	5760  -  MemoryUsage of job (MB)
	5897500  -  ResidentSetSize of job (KB)
...
006 (846262.000.000) 08/16 05:35:20 Image size of job updated: 5898896
	5761  -  MemoryUsage of job (MB)
	5898896  -  ResidentSetSize of job (KB)
...
006 (846262.000.000) 08/16 05:40:20 Image size of job updated: 6726468
	6569  -  MemoryUsage of job (MB)
	6725900  -  ResidentSetSize of job (KB)
...
005 (846262.000.000) 08/16 05:40:30 Job terminated.
	(1) Normal termination (return value 0)
		Usr 0 00:21:51, Sys 0 00:00:34  -  Run Remote Usage
		Usr 0 00:00:00, Sys 0 00:00:00  -  Run Local Usage
		Usr 0 00:21:51, Sys 0 00:00:34  -  Total Remote Usage
		Usr 0 00:00:00, Sys 0 00:00:00  -  Total Local Usage
	1218  -  Run Bytes Sent By Job
	395  -  Run Bytes Received By Job
	1218  -  Total Bytes Sent By Job
	395  -  Total Bytes Received By Job
	Partitionable Resources :    Usage  Request Allocated 
	   Cpus                 :     0.47        1         1 
	   Disk (KB)            :   802           1 479786105 
	   Memory (MB)          :  6569        7900      8033 
...
