000 (842997.000.000) 08/15 13:28:37 Job submitted from host: <172.20.3.187:9618?addrs=172.20.3.187-9618&noUDP&sock=2043_e813_3>
...
001 (842997.000.000) 08/15 17:07:02 Job executing on host: <172.20.225.1:9618?addrs=172.20.225.1-9618&noUDP&sock=3382_5963_3>
...
006 (842997.000.000) 08/15 17:07:10 Image size of job updated: 21112
	21  -  MemoryUsage of job (MB)
	21112  -  ResidentSetSize of job (KB)
...
006 (842997.000.000) 08/15 17:12:11 Image size of job updated: 5245576
	5123  -  MemoryUsage of job (MB)
	5245576  -  ResidentSetSize of job (KB)
...
006 (842997.000.000) 08/15 17:17:11 Image size of job updated: 6201816
	6057  -  MemoryUsage of job (MB)
	6201816  -  ResidentSetSize of job (KB)
...
006 (842997.000.000) 08/15 17:22:11 Image size of job updated: 6203212
	6058  -  MemoryUsage of job (MB)
	6203212  -  ResidentSetSize of job (KB)
...
006 (842997.000.000) 08/15 17:27:12 Image size of job updated: 6789276
	6630  -  MemoryUsage of job (MB)
	6789112  -  ResidentSetSize of job (KB)
...
006 (842997.000.000) 08/15 17:28:15 Image size of job updated: 11830660
	6630  -  MemoryUsage of job (MB)
	6789112  -  ResidentSetSize of job (KB)
...
005 (842997.000.000) 08/15 17:28:16 Job terminated.
	(1) Normal termination (return value 0)
		Usr 0 00:24:01, Sys 0 00:00:38  -  Run Remote Usage
		Usr 0 00:00:00, Sys 0 00:00:00  -  Run Local Usage
		Usr 0 00:24:01, Sys 0 00:00:38  -  Total Remote Usage
		Usr 0 00:00:00, Sys 0 00:00:00  -  Total Local Usage
	1229  -  Run Bytes Sent By Job
	404  -  Run Bytes Received By Job
	1229  -  Total Bytes Sent By Job
	404  -  Total Bytes Received By Job
	Partitionable Resources :    Usage  Request Allocated 
	   Cpus                 :     0.66        1         1 
	   Disk (KB)            :   802           1 479786105 
	   Memory (MB)          :  6630        7900      8033 
...
