000 (840039.000.000) 08/15 13:25:24 Job submitted from host: <172.20.3.187:9618?addrs=172.20.3.187-9618&noUDP&sock=2043_e813_3>
...
001 (840039.000.000) 08/15 14:04:58 Job executing on host: <172.20.225.6:9618?addrs=172.20.225.6-9618&noUDP&sock=3382_5963_3>
...
006 (840039.000.000) 08/15 14:05:06 Image size of job updated: 21112
	21  -  MemoryUsage of job (MB)
	21112  -  ResidentSetSize of job (KB)
...
006 (840039.000.000) 08/15 14:10:07 Image size of job updated: 5003368
	4887  -  MemoryUsage of job (MB)
	5003368  -  ResidentSetSize of job (KB)
...
006 (840039.000.000) 08/15 14:15:07 Image size of job updated: 5003472
	4887  -  MemoryUsage of job (MB)
	5003472  -  ResidentSetSize of job (KB)
...
006 (840039.000.000) 08/15 14:20:07 Image size of job updated: 5959836
	5821  -  MemoryUsage of job (MB)
	5959836  -  ResidentSetSize of job (KB)
...
006 (840039.000.000) 08/15 14:25:07 Image size of job updated: 6085908
	5944  -  MemoryUsage of job (MB)
	6085908  -  ResidentSetSize of job (KB)
...
006 (840039.000.000) 08/15 14:28:23 Image size of job updated: 13759500
	5944  -  MemoryUsage of job (MB)
	6085936  -  ResidentSetSize of job (KB)
...
005 (840039.000.000) 08/15 14:28:24 Job terminated.
	(1) Normal termination (return value 0)
		Usr 0 00:23:02, Sys 0 00:00:28  -  Run Remote Usage
		Usr 0 00:00:00, Sys 0 00:00:00  -  Run Local Usage
		Usr 0 00:23:02, Sys 0 00:00:28  -  Total Remote Usage
		Usr 0 00:00:00, Sys 0 00:00:00  -  Total Local Usage
	1225  -  Run Bytes Sent By Job
	400  -  Run Bytes Received By Job
	1225  -  Total Bytes Sent By Job
	400  -  Total Bytes Received By Job
	Partitionable Resources :    Usage  Request Allocated 
	   Cpus                 :     0.57        1         1 
	   Disk (KB)            :   802           1 479749220 
	   Memory (MB)          :  5944        7900      8033 
...
