000 (838107.000.000) 08/15 12:24:52 Job submitted from host: <172.20.3.187:9618?addrs=172.20.3.187-9618&noUDP&sock=2043_e813_3>
...
001 (838107.000.000) 08/15 12:38:32 Job executing on host: <172.20.225.2:9618?addrs=172.20.225.2-9618&noUDP&sock=3424_285d_3>
...
006 (838107.000.000) 08/15 12:38:41 Image size of job updated: 21116
	21  -  MemoryUsage of job (MB)
	21116  -  ResidentSetSize of job (KB)
...
006 (838107.000.000) 08/15 12:43:21 Image size of job updated: 6513520
	21  -  MemoryUsage of job (MB)
	21116  -  ResidentSetSize of job (KB)
...
005 (838107.000.000) 08/15 12:43:22 Job terminated.
	(1) Normal termination (return value 1)
		Usr 0 00:02:54, Sys 0 00:00:26  -  Run Remote Usage
		Usr 0 00:00:00, Sys 0 00:00:00  -  Run Local Usage
		Usr 0 00:02:54, Sys 0 00:00:26  -  Total Remote Usage
		Usr 0 00:00:00, Sys 0 00:00:00  -  Total Local Usage
	2561  -  Run Bytes Sent By Job
	402  -  Run Bytes Received By Job
	2561  -  Total Bytes Sent By Job
	402  -  Total Bytes Received By Job
	Partitionable Resources :    Usage  Request Allocated 
	   Cpus                 :     0.64        1         1 
	   Disk (KB)            :   804           1 479786084 
	   Memory (MB)          :    21        7900      8033 
...
000 (841385.000.000) 08/15 13:26:52 Job submitted from host: <172.20.3.187:9618?addrs=172.20.3.187-9618&noUDP&sock=2043_e813_3>
...
001 (841385.000.000) 08/15 15:15:00 Job executing on host: <172.20.225.1:9618?addrs=172.20.225.1-9618&noUDP&sock=3382_5963_3>
...
006 (841385.000.000) 08/15 15:15:08 Image size of job updated: 21124
	21  -  MemoryUsage of job (MB)
	21124  -  ResidentSetSize of job (KB)
...
006 (841385.000.000) 08/15 15:20:08 Image size of job updated: 4987116
	4871  -  MemoryUsage of job (MB)
	4987116  -  ResidentSetSize of job (KB)
...
006 (841385.000.000) 08/15 15:25:09 Image size of job updated: 5943388
	5805  -  MemoryUsage of job (MB)
	5943388  -  ResidentSetSize of job (KB)
...
006 (841385.000.000) 08/15 15:30:10 Image size of job updated: 5949368
	5810  -  MemoryUsage of job (MB)
	5949368  -  ResidentSetSize of job (KB)
...
006 (841385.000.000) 08/15 15:35:09 Image size of job updated: 6460192
	5810  -  MemoryUsage of job (MB)
	5949368  -  ResidentSetSize of job (KB)
...
005 (841385.000.000) 08/15 15:35:10 Job terminated.
	(1) Normal termination (return value 0)
		Usr 0 00:22:41, Sys 0 00:00:31  -  Run Remote Usage
		Usr 0 00:00:00, Sys 0 00:00:00  -  Run Local Usage
		Usr 0 00:22:41, Sys 0 00:00:31  -  Total Remote Usage
		Usr 0 00:00:00, Sys 0 00:00:00  -  Total Local Usage
	1225  -  Run Bytes Sent By Job
	402  -  Run Bytes Received By Job
	1225  -  Total Bytes Sent By Job
	402  -  Total Bytes Received By Job
	Partitionable Resources :    Usage  Request Allocated 
	   Cpus                 :     0.54        1         1 
	   Disk (KB)            :   802           1 479786105 
	   Memory (MB)          :  5810        7900      8033 
...
