000 (843673.000.000) 08/15 13:29:21 Job submitted from host: <172.20.3.187:9618?addrs=172.20.3.187-9618&noUDP&sock=2043_e813_3>
...
001 (843673.000.000) 08/15 17:53:17 Job executing on host: <172.20.225.4:9618?addrs=172.20.225.4-9618&noUDP&sock=3366_5fdf_3>
...
006 (843673.000.000) 08/15 17:53:25 Image size of job updated: 21120
	21  -  MemoryUsage of job (MB)
	21120  -  ResidentSetSize of job (KB)
...
005 (843673.000.000) 08/15 17:54:26 Job terminated.
	(1) Normal termination (return value 1)
		Usr 0 00:00:20, Sys 0 00:00:01  -  Run Remote Usage
		Usr 0 00:00:00, Sys 0 00:00:00  -  Run Local Usage
		Usr 0 00:00:20, Sys 0 00:00:01  -  Total Remote Usage
		Usr 0 00:00:00, Sys 0 00:00:00  -  Total Local Usage
	1437  -  Run Bytes Sent By Job
	393  -  Run Bytes Received By Job
	1437  -  Total Bytes Sent By Job
	393  -  Total Bytes Received By Job
	Partitionable Resources :    Usage  Request Allocated 
	   Cpus                 :     0.68        1         1 
	   Disk (KB)            :   803           1 479779449 
	   Memory (MB)          :    21        7900      8033 
...
000 (846939.000.000) 08/16 03:54:46 Job submitted from host: <172.20.3.187:9618?addrs=172.20.3.187-9618&noUDP&sock=2043_e813_3>
...
001 (846939.000.000) 08/16 06:16:11 Job executing on host: <172.20.225.8:9618?addrs=172.20.225.8-9618&noUDP&sock=3440_21e1_3>
...
006 (846939.000.000) 08/16 06:16:20 Image size of job updated: 21112
	21  -  MemoryUsage of job (MB)
	21112  -  ResidentSetSize of job (KB)
...
006 (846939.000.000) 08/16 06:21:20 Image size of job updated: 5010024
	4893  -  MemoryUsage of job (MB)
	5010024  -  ResidentSetSize of job (KB)
...
006 (846939.000.000) 08/16 06:26:20 Image size of job updated: 5010128
	4893  -  MemoryUsage of job (MB)
	5010128  -  ResidentSetSize of job (KB)
...
006 (846939.000.000) 08/16 06:31:21 Image size of job updated: 5966500
	5827  -  MemoryUsage of job (MB)
	5966500  -  ResidentSetSize of job (KB)
...
006 (846939.000.000) 08/16 06:36:21 Image size of job updated: 6631544
	6477  -  MemoryUsage of job (MB)
	6631544  -  ResidentSetSize of job (KB)
...
005 (846939.000.000) 08/16 06:39:23 Job terminated.
	(1) Normal termination (return value 0)
		Usr 0 00:23:17, Sys 0 00:00:34  -  Run Remote Usage
		Usr 0 00:00:00, Sys 0 00:00:00  -  Run Local Usage
		Usr 0 00:23:17, Sys 0 00:00:34  -  Total Remote Usage
		Usr 0 00:00:00, Sys 0 00:00:00  -  Total Local Usage
	1218  -  Run Bytes Sent By Job
	393  -  Run Bytes Received By Job
	1218  -  Total Bytes Sent By Job
	393  -  Total Bytes Received By Job
	Partitionable Resources :    Usage  Request Allocated 
	   Cpus                 :     1.43        1         1 
	   Disk (KB)            :   802           1 479737977 
	   Memory (MB)          :  6477        7900      8033 
...
