000 (838634.000.000) 08/15 12:25:27 Job submitted from host: <172.20.3.187:9618?addrs=172.20.3.187-9618&noUDP&sock=2043_e813_3>
...
001 (838634.000.000) 08/15 12:49:17 Job executing on host: <172.20.225.2:9618?addrs=172.20.225.2-9618&noUDP&sock=3424_285d_3>
...
006 (838634.000.000) 08/15 12:49:27 Image size of job updated: 21108
	21  -  MemoryUsage of job (MB)
	21108  -  ResidentSetSize of job (KB)
...
006 (838634.000.000) 08/15 12:54:27 Image size of job updated: 19535000
	19076  -  MemoryUsage of job (MB)
	19533368  -  ResidentSetSize of job (KB)
...
006 (838634.000.000) 08/15 12:59:27 Image size of job updated: 19592144
	19133  -  MemoryUsage of job (MB)
	19592144  -  ResidentSetSize of job (KB)
...
006 (838634.000.000) 08/15 13:00:50 Image size of job updated: 19592144
	19133  -  MemoryUsage of job (MB)
	19592152  -  ResidentSetSize of job (KB)
...
005 (838634.000.000) 08/15 13:00:50 Job terminated.
	(1) Normal termination (return value 1)
		Usr 0 00:12:24, Sys 0 00:01:46  -  Run Remote Usage
		Usr 0 00:00:00, Sys 0 00:00:00  -  Run Local Usage
		Usr 0 00:12:24, Sys 0 00:01:46  -  Total Remote Usage
		Usr 0 00:00:00, Sys 0 00:00:00  -  Total Local Usage
	2559  -  Run Bytes Sent By Job
	396  -  Run Bytes Received By Job
	2559  -  Total Bytes Sent By Job
	396  -  Total Bytes Received By Job
	Partitionable Resources :    Usage  Request Allocated 
	   Cpus                 :     1.12        1         1 
	   Disk (KB)            :   804           1 479786084 
	   Memory (MB)          : 19133        7900      8033 
...
000 (843934.000.000) 08/15 13:29:38 Job submitted from host: <172.20.3.187:9618?addrs=172.20.3.187-9618&noUDP&sock=2043_e813_3>
...
001 (843934.000.000) 08/15 17:56:17 Job executing on host: <172.20.225.8:9618?addrs=172.20.225.8-9618&noUDP&sock=3440_21e1_3>
...
006 (843934.000.000) 08/15 17:56:25 Image size of job updated: 21116
	21  -  MemoryUsage of job (MB)
	21116  -  ResidentSetSize of job (KB)
...
006 (843934.000.000) 08/15 18:01:26 Image size of job updated: 4996728
	4880  -  MemoryUsage of job (MB)
	4996728  -  ResidentSetSize of job (KB)
...
006 (843934.000.000) 08/15 18:06:26 Image size of job updated: 5952896
	5814  -  MemoryUsage of job (MB)
	5952896  -  ResidentSetSize of job (KB)
...
006 (843934.000.000) 08/15 18:11:27 Image size of job updated: 5953208
	5814  -  MemoryUsage of job (MB)
	5953208  -  ResidentSetSize of job (KB)
...
006 (843934.000.000) 08/15 18:16:27 Image size of job updated: 6353168
	6204  -  MemoryUsage of job (MB)
	6352844  -  ResidentSetSize of job (KB)
...
006 (843934.000.000) 08/15 18:18:45 Image size of job updated: 12634328
	6204  -  MemoryUsage of job (MB)
	6352848  -  ResidentSetSize of job (KB)
...
005 (843934.000.000) 08/15 18:18:45 Job terminated.
	(1) Normal termination (return value 0)
		Usr 0 00:22:23, Sys 0 00:00:31  -  Run Remote Usage
		Usr 0 00:00:00, Sys 0 00:00:00  -  Run Local Usage
		Usr 0 00:22:23, Sys 0 00:00:31  -  Total Remote Usage
		Usr 0 00:00:00, Sys 0 00:00:00  -  Total Local Usage
	1219  -  Run Bytes Sent By Job
	396  -  Run Bytes Received By Job
	1219  -  Total Bytes Sent By Job
	396  -  Total Bytes Received By Job
	Partitionable Resources :    Usage  Request Allocated 
	   Cpus                 :     0.65        1         1 
	   Disk (KB)            :   803           1 479737977 
	   Memory (MB)          :  6204        7900      8033 
...
