000 (844811.000.000) 08/15 13:30:36 Job submitted from host: <172.20.3.187:9618?addrs=172.20.3.187-9618&noUDP&sock=2043_e813_3>
...
001 (844811.000.000) 08/15 19:05:01 Job executing on host: <172.20.225.2:9618?addrs=172.20.225.2-9618&noUDP&sock=3424_285d_3>
...
006 (844811.000.000) 08/15 19:05:10 Image size of job updated: 21108
	21  -  MemoryUsage of job (MB)
	21108  -  ResidentSetSize of job (KB)
...
006 (844811.000.000) 08/15 19:10:12 Image size of job updated: 5302684
	5179  -  MemoryUsage of job (MB)
	5302684  -  ResidentSetSize of job (KB)
...
006 (844811.000.000) 08/15 19:15:13 Image size of job updated: 6258880
	6113  -  MemoryUsage of job (MB)
	6258880  -  ResidentSetSize of job (KB)
...
006 (844811.000.000) 08/15 19:20:13 Image size of job updated: 6259192
	6113  -  MemoryUsage of job (MB)
	6259192  -  ResidentSetSize of job (KB)
...
006 (844811.000.000) 08/15 19:25:13 Image size of job updated: 6397544
	6248  -  MemoryUsage of job (MB)
	6397544  -  ResidentSetSize of job (KB)
...
005 (844811.000.000) 08/15 19:27:03 Job terminated.
	(1) Normal termination (return value 0)
		Usr 0 00:23:16, Sys 0 00:00:32  -  Run Remote Usage
		Usr 0 00:00:00, Sys 0 00:00:00  -  Run Local Usage
		Usr 0 00:23:16, Sys 0 00:00:32  -  Total Remote Usage
		Usr 0 00:00:00, Sys 0 00:00:00  -  Total Local Usage
	1229  -  Run Bytes Sent By Job
	404  -  Run Bytes Received By Job
	1229  -  Total Bytes Sent By Job
	404  -  Total Bytes Received By Job
	Partitionable Resources :    Usage  Request Allocated 
	   Cpus                 :     1.00        1         1 
	   Disk (KB)            :   802           1 479786084 
	   Memory (MB)          :  6248        7900      8033 
...
