000 (842131.000.000) 08/15 13:27:40 Job submitted from host: <172.20.3.187:9618?addrs=172.20.3.187-9618&noUDP&sock=2043_e813_3>
...
001 (842131.000.000) 08/15 16:02:02 Job executing on host: <172.20.225.1:9618?addrs=172.20.225.1-9618&noUDP&sock=3382_5963_3>
...
006 (842131.000.000) 08/15 16:02:11 Image size of job updated: 21116
	21  -  MemoryUsage of job (MB)
	21116  -  ResidentSetSize of job (KB)
...
006 (842131.000.000) 08/15 16:07:12 Image size of job updated: 4923732
	4809  -  MemoryUsage of job (MB)
	4923732  -  ResidentSetSize of job (KB)
...
006 (842131.000.000) 08/15 16:12:13 Image size of job updated: 5879896
	5743  -  MemoryUsage of job (MB)
	5879896  -  ResidentSetSize of job (KB)
...
006 (842131.000.000) 08/15 16:17:13 Image size of job updated: 5880204
	5743  -  MemoryUsage of job (MB)
	5880204  -  ResidentSetSize of job (KB)
...
006 (842131.000.000) 08/15 16:22:13 Image size of job updated: 6309348
	6162  -  MemoryUsage of job (MB)
	6309348  -  ResidentSetSize of job (KB)
...
006 (842131.000.000) 08/15 16:24:38 Image size of job updated: 13880388
	6162  -  MemoryUsage of job (MB)
	6309348  -  ResidentSetSize of job (KB)
...
005 (842131.000.000) 08/15 16:24:38 Job terminated.
	(1) Normal termination (return value 0)
		Usr 0 00:23:37, Sys 0 00:00:31  -  Run Remote Usage
		Usr 0 00:00:00, Sys 0 00:00:00  -  Run Local Usage
		Usr 0 00:23:37, Sys 0 00:00:31  -  Total Remote Usage
		Usr 0 00:00:00, Sys 0 00:00:00  -  Total Local Usage
	1231  -  Run Bytes Sent By Job
	409  -  Run Bytes Received By Job
	1231  -  Total Bytes Sent By Job
	409  -  Total Bytes Received By Job
	Partitionable Resources :    Usage  Request Allocated 
	   Cpus                 :     0.85        1         1 
	   Disk (KB)            :   802           1 479786105 
	   Memory (MB)          :  6162        7900      8033 
...
