000 (839273.000.000) 08/15 13:24:35 Job submitted from host: <172.20.3.187:9618?addrs=172.20.3.187-9618&noUDP&sock=2043_e813_3>
...
001 (839273.000.000) 08/15 13:38:53 Job executing on host: <172.20.225.4:9618?addrs=172.20.225.4-9618&noUDP&sock=3366_5fdf_3>
...
006 (839273.000.000) 08/15 13:39:01 Image size of job updated: 20800
	21  -  MemoryUsage of job (MB)
	20800  -  ResidentSetSize of job (KB)
...
006 (839273.000.000) 08/15 13:39:42 Image size of job updated: 482192
	21  -  MemoryUsage of job (MB)
	20800  -  ResidentSetSize of job (KB)
...
005 (839273.000.000) 08/15 13:39:42 Job terminated.
	(1) Normal termination (return value 1)
		Usr 0 00:00:30, Sys 0 00:00:02  -  Run Remote Usage
		Usr 0 00:00:00, Sys 0 00:00:00  -  Run Local Usage
		Usr 0 00:00:30, Sys 0 00:00:02  -  Total Remote Usage
		Usr 0 00:00:00, Sys 0 00:00:00  -  Total Local Usage
	1437  -  Run Bytes Sent By Job
	395  -  Run Bytes Received By Job
	1437  -  Total Bytes Sent By Job
	395  -  Total Bytes Received By Job
	Partitionable Resources :    Usage  Request Allocated 
	   Cpus                 :     0.96        1         1 
	   Disk (KB)            :   803           1 479779449 
	   Memory (MB)          :    21        7900      8033 
...
000 (845475.000.000) 08/16 03:53:12 Job submitted from host: <172.20.3.187:9618?addrs=172.20.3.187-9618&noUDP&sock=2043_e813_3>
...
001 (845475.000.000) 08/16 04:17:17 Job executing on host: <172.20.225.6:9618?addrs=172.20.225.6-9618&noUDP&sock=3382_5963_3>
...
006 (845475.000.000) 08/16 04:17:26 Image size of job updated: 21112
	21  -  MemoryUsage of job (MB)
	21112  -  ResidentSetSize of job (KB)
...
006 (845475.000.000) 08/16 04:22:27 Image size of job updated: 5079004
	4960  -  MemoryUsage of job (MB)
	5079004  -  ResidentSetSize of job (KB)
...
006 (845475.000.000) 08/16 04:27:27 Image size of job updated: 5079132
	4961  -  MemoryUsage of job (MB)
	5079132  -  ResidentSetSize of job (KB)
...
006 (845475.000.000) 08/16 04:32:27 Image size of job updated: 6035328
	5894  -  MemoryUsage of job (MB)
	6035328  -  ResidentSetSize of job (KB)
...
006 (845475.000.000) 08/16 04:37:28 Image size of job updated: 6041292
	5900  -  MemoryUsage of job (MB)
	6041292  -  ResidentSetSize of job (KB)
...
005 (845475.000.000) 08/16 04:41:59 Job terminated.
	(1) Normal termination (return value 0)
		Usr 0 00:23:11, Sys 0 00:00:31  -  Run Remote Usage
		Usr 0 00:00:00, Sys 0 00:00:00  -  Run Local Usage
		Usr 0 00:23:11, Sys 0 00:00:31  -  Total Remote Usage
		Usr 0 00:00:00, Sys 0 00:00:00  -  Total Local Usage
	1220  -  Run Bytes Sent By Job
	395  -  Run Bytes Received By Job
	1220  -  Total Bytes Sent By Job
	395  -  Total Bytes Received By Job
	Partitionable Resources :    Usage  Request Allocated 
	   Cpus                 :     0.83        1         1 
	   Disk (KB)            :   802           1 479749220 
	   Memory (MB)          :  5900        7900      8033 
...
