000 (842936.000.000) 08/15 13:28:32 Job submitted from host: <172.20.3.187:9618?addrs=172.20.3.187-9618&noUDP&sock=2043_e813_3>
...
001 (842936.000.000) 08/15 17:00:00 Job executing on host: <172.20.225.6:9618?addrs=172.20.225.6-9618&noUDP&sock=3382_5963_3>
...
006 (842936.000.000) 08/15 17:00:08 Image size of job updated: 21120
	21  -  MemoryUsage of job (MB)
	21120  -  ResidentSetSize of job (KB)
...
006 (842936.000.000) 08/15 17:05:08 Image size of job updated: 5245716
	5123  -  MemoryUsage of job (MB)
	5245716  -  ResidentSetSize of job (KB)
...
006 (842936.000.000) 08/15 17:10:09 Image size of job updated: 5245820
	5123  -  MemoryUsage of job (MB)
	5245820  -  ResidentSetSize of job (KB)
...
006 (842936.000.000) 08/15 17:15:10 Image size of job updated: 6202200
	6057  -  MemoryUsage of job (MB)
	6202200  -  ResidentSetSize of job (KB)
...
006 (842936.000.000) 08/15 17:20:10 Image size of job updated: 6599048
	6442  -  MemoryUsage of job (MB)
	6596068  -  ResidentSetSize of job (KB)
...
006 (842936.000.000) 08/15 17:22:36 Image size of job updated: 6599048
	6448  -  MemoryUsage of job (MB)
	6602444  -  ResidentSetSize of job (KB)
...
005 (842936.000.000) 08/15 17:22:36 Job terminated.
	(1) Normal termination (return value 0)
		Usr 0 00:23:12, Sys 0 00:00:31  -  Run Remote Usage
		Usr 0 00:00:00, Sys 0 00:00:00  -  Run Local Usage
		Usr 0 00:23:12, Sys 0 00:00:31  -  Total Remote Usage
		Usr 0 00:00:00, Sys 0 00:00:00  -  Total Local Usage
	1229  -  Run Bytes Sent By Job
	404  -  Run Bytes Received By Job
	1229  -  Total Bytes Sent By Job
	404  -  Total Bytes Received By Job
	Partitionable Resources :    Usage  Request Allocated 
	   Cpus                 :     0.82        1         1 
	   Disk (KB)            :   802           1 479749220 
	   Memory (MB)          :  6448        7900      8033 
...
