000 (839154.000.000) 08/15 13:24:27 Job submitted from host: <172.20.3.187:9618?addrs=172.20.3.187-9618&noUDP&sock=2043_e813_3>
...
001 (839154.000.000) 08/15 13:37:59 Job executing on host: <172.20.225.2:9618?addrs=172.20.225.2-9618&noUDP&sock=3424_285d_3>
...
006 (839154.000.000) 08/15 13:38:07 Image size of job updated: 21120
	21  -  MemoryUsage of job (MB)
	21120  -  ResidentSetSize of job (KB)
...
005 (839154.000.000) 08/15 13:38:48 Job terminated.
	(1) Normal termination (return value 1)
		Usr 0 00:00:25, Sys 0 00:00:01  -  Run Remote Usage
		Usr 0 00:00:00, Sys 0 00:00:00  -  Run Local Usage
		Usr 0 00:00:25, Sys 0 00:00:01  -  Total Remote Usage
		Usr 0 00:00:00, Sys 0 00:00:00  -  Total Local Usage
	1437  -  Run Bytes Sent By Job
	395  -  Run Bytes Received By Job
	1437  -  Total Bytes Sent By Job
	395  -  Total Bytes Received By Job
	Partitionable Resources :    Usage  Request Allocated 
	   Cpus                 :     0.96        1         1 
	   Disk (KB)            :   802           1 479786084 
	   Memory (MB)          :    21        7900      8033 
...
000 (845356.000.000) 08/16 03:52:45 Job submitted from host: <172.20.3.187:9618?addrs=172.20.3.187-9618&noUDP&sock=2043_e813_3>
...
001 (845356.000.000) 08/16 04:15:07 Job executing on host: <172.20.225.6:9618?addrs=172.20.225.6-9618&noUDP&sock=3382_5963_3>
...
006 (845356.000.000) 08/16 04:15:15 Image size of job updated: 20800
	21  -  MemoryUsage of job (MB)
	20800  -  ResidentSetSize of job (KB)
...
006 (845356.000.000) 08/16 04:20:15 Image size of job updated: 5078972
	4960  -  MemoryUsage of job (MB)
	5078968  -  ResidentSetSize of job (KB)
...
006 (845356.000.000) 08/16 04:25:16 Image size of job updated: 6035336
	5894  -  MemoryUsage of job (MB)
	6035332  -  ResidentSetSize of job (KB)
...
006 (845356.000.000) 08/16 04:30:16 Image size of job updated: 6041132
	5900  -  MemoryUsage of job (MB)
	6041128  -  ResidentSetSize of job (KB)
...
005 (845356.000.000) 08/16 04:34:16 Job terminated.
	(1) Normal termination (return value 0)
		Usr 0 00:23:25, Sys 0 00:00:42  -  Run Remote Usage
		Usr 0 00:00:00, Sys 0 00:00:00  -  Run Local Usage
		Usr 0 00:23:25, Sys 0 00:00:42  -  Total Remote Usage
		Usr 0 00:00:00, Sys 0 00:00:00  -  Total Local Usage
	1220  -  Run Bytes Sent By Job
	395  -  Run Bytes Received By Job
	1220  -  Total Bytes Sent By Job
	395  -  Total Bytes Received By Job
	Partitionable Resources :    Usage  Request Allocated 
	   Cpus                 :     0.50        1         1 
	   Disk (KB)            :   802           1 479749220 
	   Memory (MB)          :  5900        7900      8033 
...
