000 (840827.000.000) 08/15 13:26:16 Job submitted from host: <172.20.3.187:9618?addrs=172.20.3.187-9618&noUDP&sock=2043_e813_3>
...
001 (840827.000.000) 08/15 14:52:35 Job executing on host: <172.20.225.4:9618?addrs=172.20.225.4-9618&noUDP&sock=3366_5fdf_3>
...
006 (840827.000.000) 08/15 14:52:43 Image size of job updated: 21116
	21  -  MemoryUsage of job (MB)
	21116  -  ResidentSetSize of job (KB)
...
005 (840827.000.000) 08/15 14:53:52 Job terminated.
	(1) Normal termination (return value 1)
		Usr 0 00:00:27, Sys 0 00:00:01  -  Run Remote Usage
		Usr 0 00:00:00, Sys 0 00:00:00  -  Run Local Usage
		Usr 0 00:00:27, Sys 0 00:00:01  -  Total Remote Usage
		Usr 0 00:00:00, Sys 0 00:00:00  -  Total Local Usage
	1437  -  Run Bytes Sent By Job
	398  -  Run Bytes Received By Job
	1437  -  Total Bytes Sent By Job
	398  -  Total Bytes Received By Job
	Partitionable Resources :    Usage  Request Allocated 
	   Cpus                 :     0.81        1         1 
	   Disk (KB)            :   803           1 479779449 
	   Memory (MB)          :    21        7900      8033 
...
000 (846145.000.000) 08/16 03:53:55 Job submitted from host: <172.20.3.187:9618?addrs=172.20.3.187-9618&noUDP&sock=2043_e813_3>
...
001 (846145.000.000) 08/16 05:06:13 Job executing on host: <172.20.225.5:9618?addrs=172.20.225.5-9618&noUDP&sock=3375_8c39_3>
...
006 (846145.000.000) 08/16 05:06:22 Image size of job updated: 21116
	21  -  MemoryUsage of job (MB)
	21116  -  ResidentSetSize of job (KB)
...
006 (846145.000.000) 08/16 05:11:24 Image size of job updated: 5035488
	4918  -  MemoryUsage of job (MB)
	5035488  -  ResidentSetSize of job (KB)
...
006 (846145.000.000) 08/16 05:16:25 Image size of job updated: 5035592
	4918  -  MemoryUsage of job (MB)
	5035592  -  ResidentSetSize of job (KB)
...
006 (846145.000.000) 08/16 05:21:24 Image size of job updated: 5991788
	5852  -  MemoryUsage of job (MB)
	5991788  -  ResidentSetSize of job (KB)
...
006 (846145.000.000) 08/16 05:26:24 Image size of job updated: 5997760
	5858  -  MemoryUsage of job (MB)
	5997760  -  ResidentSetSize of job (KB)
...
006 (846145.000.000) 08/16 05:30:35 Image size of job updated: 17566264
	5858  -  MemoryUsage of job (MB)
	5997760  -  ResidentSetSize of job (KB)
...
005 (846145.000.000) 08/16 05:30:35 Job terminated.
	(1) Normal termination (return value 0)
		Usr 0 00:22:49, Sys 0 00:00:30  -  Run Remote Usage
		Usr 0 00:00:00, Sys 0 00:00:00  -  Run Local Usage
		Usr 0 00:22:49, Sys 0 00:00:30  -  Total Remote Usage
		Usr 0 00:00:00, Sys 0 00:00:00  -  Total Local Usage
	1223  -  Run Bytes Sent By Job
	398  -  Run Bytes Received By Job
	1223  -  Total Bytes Sent By Job
	398  -  Total Bytes Received By Job
	Partitionable Resources :    Usage  Request Allocated 
	   Cpus                 :     0.67        1         1 
	   Disk (KB)            :   802           1 479749220 
	   Memory (MB)          :  5858        7900      8033 
...
