000 (839299.000.000) 08/15 13:24:37 Job submitted from host: <172.20.3.187:9618?addrs=172.20.3.187-9618&noUDP&sock=2043_e813_3>
...
001 (839299.000.000) 08/15 13:39:08 Job executing on host: <172.20.225.8:9618?addrs=172.20.225.8-9618&noUDP&sock=3440_21e1_3>
...
006 (839299.000.000) 08/15 13:39:16 Image size of job updated: 21120
	21  -  MemoryUsage of job (MB)
	21120  -  ResidentSetSize of job (KB)
...
006 (839299.000.000) 08/15 13:40:05 Image size of job updated: 480524
	21  -  MemoryUsage of job (MB)
	21120  -  ResidentSetSize of job (KB)
...
005 (839299.000.000) 08/15 13:40:05 Job terminated.
	(1) Normal termination (return value 1)
		Usr 0 00:00:31, Sys 0 00:00:02  -  Run Remote Usage
		Usr 0 00:00:00, Sys 0 00:00:00  -  Run Local Usage
		Usr 0 00:00:31, Sys 0 00:00:02  -  Total Remote Usage
		Usr 0 00:00:00, Sys 0 00:00:00  -  Total Local Usage
	1437  -  Run Bytes Sent By Job
	395  -  Run Bytes Received By Job
	1437  -  Total Bytes Sent By Job
	395  -  Total Bytes Received By Job
	Partitionable Resources :    Usage  Request Allocated 
	   Cpus                 :        0        1         1 
	   Disk (KB)            :      803        1 479737977 
	   Memory (MB)          :       21     7900      8033 
...
000 (845501.000.000) 08/16 03:53:14 Job submitted from host: <172.20.3.187:9618?addrs=172.20.3.187-9618&noUDP&sock=2043_e813_3>
...
001 (845501.000.000) 08/16 04:17:17 Job executing on host: <172.20.225.2:9618?addrs=172.20.225.2-9618&noUDP&sock=3424_285d_3>
...
006 (845501.000.000) 08/16 04:17:26 Image size of job updated: 21120
	21  -  MemoryUsage of job (MB)
	21120  -  ResidentSetSize of job (KB)
...
006 (845501.000.000) 08/16 04:22:27 Image size of job updated: 5079008
	4960  -  MemoryUsage of job (MB)
	5078684  -  ResidentSetSize of job (KB)
...
006 (845501.000.000) 08/16 04:27:27 Image size of job updated: 5079008
	4960  -  MemoryUsage of job (MB)
	5078812  -  ResidentSetSize of job (KB)
...
006 (845501.000.000) 08/16 04:32:28 Image size of job updated: 6035172
	5894  -  MemoryUsage of job (MB)
	6035172  -  ResidentSetSize of job (KB)
...
006 (845501.000.000) 08/16 04:37:30 Image size of job updated: 6040972
	5900  -  MemoryUsage of job (MB)
	6040972  -  ResidentSetSize of job (KB)
...
006 (845501.000.000) 08/16 04:40:38 Image size of job updated: 7205812
	5900  -  MemoryUsage of job (MB)
	6040972  -  ResidentSetSize of job (KB)
...
005 (845501.000.000) 08/16 04:40:38 Job terminated.
	(1) Normal termination (return value 0)
		Usr 0 00:22:08, Sys 0 00:00:29  -  Run Remote Usage
		Usr 0 00:00:00, Sys 0 00:00:00  -  Run Local Usage
		Usr 0 00:22:08, Sys 0 00:00:29  -  Total Remote Usage
		Usr 0 00:00:00, Sys 0 00:00:00  -  Total Local Usage
	1220  -  Run Bytes Sent By Job
	395  -  Run Bytes Received By Job
	1220  -  Total Bytes Sent By Job
	395  -  Total Bytes Received By Job
	Partitionable Resources :    Usage  Request Allocated 
	   Cpus                 :     0.87        1         1 
	   Disk (KB)            :   802           1 479786084 
	   Memory (MB)          :  5900        7900      8033 
...
