000 (843374.000.000) 08/15 13:29:02 Job submitted from host: <172.20.3.187:9618?addrs=172.20.3.187-9618&noUDP&sock=2043_e813_3>
...
001 (843374.000.000) 08/15 17:39:59 Job executing on host: <172.20.225.6:9618?addrs=172.20.225.6-9618&noUDP&sock=3382_5963_3>
...
006 (843374.000.000) 08/15 17:40:07 Image size of job updated: 21112
	21  -  MemoryUsage of job (MB)
	21112  -  ResidentSetSize of job (KB)
...
006 (843374.000.000) 08/15 17:45:07 Image size of job updated: 4922100
	4807  -  MemoryUsage of job (MB)
	4922100  -  ResidentSetSize of job (KB)
...
006 (843374.000.000) 08/15 17:50:08 Image size of job updated: 5876776
	5740  -  MemoryUsage of job (MB)
	5876776  -  ResidentSetSize of job (KB)
...
006 (843374.000.000) 08/15 17:55:10 Image size of job updated: 5879668
	5742  -  MemoryUsage of job (MB)
	5879668  -  ResidentSetSize of job (KB)
...
005 (843374.000.000) 08/15 17:59:54 Job terminated.
	(1) Normal termination (return value 0)
		Usr 0 00:23:16, Sys 0 00:00:33  -  Run Remote Usage
		Usr 0 00:00:00, Sys 0 00:00:00  -  Run Local Usage
		Usr 0 00:23:16, Sys 0 00:00:33  -  Total Remote Usage
		Usr 0 00:00:00, Sys 0 00:00:00  -  Total Local Usage
	1231  -  Run Bytes Sent By Job
	409  -  Run Bytes Received By Job
	1231  -  Total Bytes Sent By Job
	409  -  Total Bytes Received By Job
	Partitionable Resources :    Usage  Request Allocated 
	   Cpus                 :     0.60        1         1 
	   Disk (KB)            :   803           1 479749220 
	   Memory (MB)          :  5742        7900      8033 
...
