000 (841005.000.000) 08/15 13:26:27 Job submitted from host: <172.20.3.187:9618?addrs=172.20.3.187-9618&noUDP&sock=2043_e813_3>
...
001 (841005.000.000) 08/15 14:54:00 Job executing on host: <172.20.225.8:9618?addrs=172.20.225.8-9618&noUDP&sock=3440_21e1_3>
...
006 (841005.000.000) 08/15 14:54:08 Image size of job updated: 21108
	21  -  MemoryUsage of job (MB)
	21108  -  ResidentSetSize of job (KB)
...
006 (841005.000.000) 08/15 14:59:08 Image size of job updated: 4917712
	4803  -  MemoryUsage of job (MB)
	4917712  -  ResidentSetSize of job (KB)
...
006 (841005.000.000) 08/15 15:04:09 Image size of job updated: 5873880
	5737  -  MemoryUsage of job (MB)
	5873880  -  ResidentSetSize of job (KB)
...
006 (841005.000.000) 08/15 15:09:10 Image size of job updated: 5875344
	5738  -  MemoryUsage of job (MB)
	5875344  -  ResidentSetSize of job (KB)
...
006 (841005.000.000) 08/15 15:14:10 Image size of job updated: 6454868
	6304  -  MemoryUsage of job (MB)
	6454868  -  ResidentSetSize of job (KB)
...
006 (841005.000.000) 08/15 15:15:23 Image size of job updated: 13122380
	6304  -  MemoryUsage of job (MB)
	6454868  -  ResidentSetSize of job (KB)
...
005 (841005.000.000) 08/15 15:15:23 Job terminated.
	(1) Normal termination (return value 0)
		Usr 0 00:21:35, Sys 0 00:00:30  -  Run Remote Usage
		Usr 0 00:00:00, Sys 0 00:00:00  -  Run Local Usage
		Usr 0 00:21:35, Sys 0 00:00:30  -  Total Remote Usage
		Usr 0 00:00:00, Sys 0 00:00:00  -  Total Local Usage
	1230  -  Run Bytes Sent By Job
	408  -  Run Bytes Received By Job
	1230  -  Total Bytes Sent By Job
	408  -  Total Bytes Received By Job
	Partitionable Resources :    Usage  Request Allocated 
	   Cpus                 :     0.58        1         1 
	   Disk (KB)            :   802           1 479737977 
	   Memory (MB)          :  6304        7900      8033 
...
