000 (839774.000.000) 08/15 13:25:07 Job submitted from host: <172.20.3.187:9618?addrs=172.20.3.187-9618&noUDP&sock=2043_e813_3>
...
001 (839774.000.000) 08/15 13:47:02 Job executing on host: <172.20.225.2:9618?addrs=172.20.225.2-9618&noUDP&sock=3424_285d_3>
...
006 (839774.000.000) 08/15 13:47:11 Image size of job updated: 21120
	21  -  MemoryUsage of job (MB)
	21120  -  ResidentSetSize of job (KB)
...
006 (839774.000.000) 08/15 13:48:08 Image size of job updated: 43780
	21  -  MemoryUsage of job (MB)
	21120  -  ResidentSetSize of job (KB)
...
005 (839774.000.000) 08/15 13:48:08 Job terminated.
	(1) Normal termination (return value 1)
		Usr 0 00:00:09, Sys 0 00:00:00  -  Run Remote Usage
		Usr 0 00:00:00, Sys 0 00:00:00  -  Run Local Usage
		Usr 0 00:00:09, Sys 0 00:00:00  -  Total Remote Usage
		Usr 0 00:00:00, Sys 0 00:00:00  -  Total Local Usage
	1434  -  Run Bytes Sent By Job
	397  -  Run Bytes Received By Job
	1434  -  Total Bytes Sent By Job
	397  -  Total Bytes Received By Job
	Partitionable Resources :    Usage  Request Allocated 
	   Cpus                 :     0.01        1         1 
	   Disk (KB)            :   803           1 479786084 
	   Memory (MB)          :    21        7900      8033 
...
000 (845767.000.000) 08/16 03:53:31 Job submitted from host: <172.20.3.187:9618?addrs=172.20.3.187-9618&noUDP&sock=2043_e813_3>
...
001 (845767.000.000) 08/16 04:42:11 Job executing on host: <172.20.225.6:9618?addrs=172.20.225.6-9618&noUDP&sock=3382_5963_3>
...
006 (845767.000.000) 08/16 04:42:21 Image size of job updated: 21116
	21  -  MemoryUsage of job (MB)
	21116  -  ResidentSetSize of job (KB)
...
006 (845767.000.000) 08/16 04:47:21 Image size of job updated: 4917620
	4803  -  MemoryUsage of job (MB)
	4917620  -  ResidentSetSize of job (KB)
...
006 (845767.000.000) 08/16 04:52:21 Image size of job updated: 4917716
	4803  -  MemoryUsage of job (MB)
	4917716  -  ResidentSetSize of job (KB)
...
006 (845767.000.000) 08/16 04:57:21 Image size of job updated: 5874088
	5737  -  MemoryUsage of job (MB)
	5874088  -  ResidentSetSize of job (KB)
...
006 (845767.000.000) 08/16 05:02:22 Image size of job updated: 6001220
	5861  -  MemoryUsage of job (MB)
	6001220  -  ResidentSetSize of job (KB)
...
006 (845767.000.000) 08/16 05:05:12 Image size of job updated: 6552112
	5861  -  MemoryUsage of job (MB)
	6001252  -  ResidentSetSize of job (KB)
...
005 (845767.000.000) 08/16 05:05:12 Job terminated.
	(1) Normal termination (return value 0)
		Usr 0 00:22:08, Sys 0 00:00:30  -  Run Remote Usage
		Usr 0 00:00:00, Sys 0 00:00:00  -  Run Local Usage
		Usr 0 00:22:08, Sys 0 00:00:30  -  Total Remote Usage
		Usr 0 00:00:00, Sys 0 00:00:00  -  Total Local Usage
	1219  -  Run Bytes Sent By Job
	397  -  Run Bytes Received By Job
	1219  -  Total Bytes Sent By Job
	397  -  Total Bytes Received By Job
	Partitionable Resources :    Usage  Request Allocated 
	   Cpus                 :     0.99        1         1 
	   Disk (KB)            :   802           1 479749220 
	   Memory (MB)          :  5861        7900      8033 
...
