000 (844495.000.000) 08/15 13:30:15 Job submitted from host: <172.20.3.187:9618?addrs=172.20.3.187-9618&noUDP&sock=2043_e813_3>
...
001 (844495.000.000) 08/15 18:40:00 Job executing on host: <172.20.225.5:9618?addrs=172.20.225.5-9618&noUDP&sock=3375_8c39_3>
...
006 (844495.000.000) 08/15 18:40:10 Image size of job updated: 21116
	21  -  MemoryUsage of job (MB)
	21116  -  ResidentSetSize of job (KB)
...
006 (844495.000.000) 08/15 18:45:10 Image size of job updated: 5303400
	5180  -  MemoryUsage of job (MB)
	5303400  -  ResidentSetSize of job (KB)
...
006 (844495.000.000) 08/15 18:50:11 Image size of job updated: 6259680
	6113  -  MemoryUsage of job (MB)
	6259680  -  ResidentSetSize of job (KB)
...
006 (844495.000.000) 08/15 18:55:11 Image size of job updated: 6264880
	6119  -  MemoryUsage of job (MB)
	6264880  -  ResidentSetSize of job (KB)
...
006 (844495.000.000) 08/15 19:00:11 Image size of job updated: 6924320
	6761  -  MemoryUsage of job (MB)
	6922668  -  ResidentSetSize of job (KB)
...
005 (844495.000.000) 08/15 19:00:44 Job terminated.
	(1) Normal termination (return value 0)
		Usr 0 00:22:52, Sys 0 00:00:36  -  Run Remote Usage
		Usr 0 00:00:00, Sys 0 00:00:00  -  Run Local Usage
		Usr 0 00:22:52, Sys 0 00:00:36  -  Total Remote Usage
		Usr 0 00:00:00, Sys 0 00:00:00  -  Total Local Usage
	1229  -  Run Bytes Sent By Job
	404  -  Run Bytes Received By Job
	1229  -  Total Bytes Sent By Job
	404  -  Total Bytes Received By Job
	Partitionable Resources :    Usage  Request Allocated 
	   Cpus                 :     0.46        1         1 
	   Disk (KB)            :   802           1 479749220 
	   Memory (MB)          :  6761        7900      8033 
...
