000 (842617.000.000) 08/15 13:28:12 Job submitted from host: <172.20.3.187:9618?addrs=172.20.3.187-9618&noUDP&sock=2043_e813_3>
...
001 (842617.000.000) 08/15 16:28:03 Job executing on host: <172.20.225.2:9618?addrs=172.20.225.2-9618&noUDP&sock=3424_285d_3>
...
006 (842617.000.000) 08/15 16:28:13 Image size of job updated: 21124
	21  -  MemoryUsage of job (MB)
	21124  -  ResidentSetSize of job (KB)
...
006 (842617.000.000) 08/15 16:33:13 Image size of job updated: 4976512
	4860  -  MemoryUsage of job (MB)
	4976512  -  ResidentSetSize of job (KB)
...
006 (842617.000.000) 08/15 16:38:15 Image size of job updated: 4976612
	4860  -  MemoryUsage of job (MB)
	4976612  -  ResidentSetSize of job (KB)
...
006 (842617.000.000) 08/15 16:43:15 Image size of job updated: 5932984
	5794  -  MemoryUsage of job (MB)
	5932984  -  ResidentSetSize of job (KB)
...
006 (842617.000.000) 08/15 16:48:16 Image size of job updated: 6358544
	6208  -  MemoryUsage of job (MB)
	6356180  -  ResidentSetSize of job (KB)
...
005 (842617.000.000) 08/15 16:51:40 Job terminated.
	(1) Normal termination (return value 0)
		Usr 0 00:23:37, Sys 0 00:00:35  -  Run Remote Usage
		Usr 0 00:00:00, Sys 0 00:00:00  -  Run Local Usage
		Usr 0 00:23:37, Sys 0 00:00:35  -  Total Remote Usage
		Usr 0 00:00:00, Sys 0 00:00:00  -  Total Local Usage
	1222  -  Run Bytes Sent By Job
	399  -  Run Bytes Received By Job
	1222  -  Total Bytes Sent By Job
	399  -  Total Bytes Received By Job
	Partitionable Resources :    Usage  Request Allocated 
	   Cpus                 :     0.62        1         1 
	   Disk (KB)            :   802           1 479786084 
	   Memory (MB)          :  6208        7900      8033 
...
