000 (843558.000.000) 08/15 13:29:14 Job submitted from host: <172.20.3.187:9618?addrs=172.20.3.187-9618&noUDP&sock=2043_e813_3>
...
001 (843558.000.000) 08/15 17:51:06 Job executing on host: <172.20.225.4:9618?addrs=172.20.225.4-9618&noUDP&sock=3366_5fdf_3>
...
006 (843558.000.000) 08/15 17:51:14 Image size of job updated: 21116
	21  -  MemoryUsage of job (MB)
	21116  -  ResidentSetSize of job (KB)
...
006 (843558.000.000) 08/15 17:52:21 Image size of job updated: 57664
	21  -  MemoryUsage of job (MB)
	21116  -  ResidentSetSize of job (KB)
...
005 (843558.000.000) 08/15 17:52:21 Job terminated.
	(1) Normal termination (return value 1)
		Usr 0 00:00:15, Sys 0 00:00:01  -  Run Remote Usage
		Usr 0 00:00:00, Sys 0 00:00:00  -  Run Local Usage
		Usr 0 00:00:15, Sys 0 00:00:01  -  Total Remote Usage
		Usr 0 00:00:00, Sys 0 00:00:00  -  Total Local Usage
	1437  -  Run Bytes Sent By Job
	393  -  Run Bytes Received By Job
	1437  -  Total Bytes Sent By Job
	393  -  Total Bytes Received By Job
	Partitionable Resources :    Usage  Request Allocated 
	   Cpus                 :     0.63        1         1 
	   Disk (KB)            :   803           1 479779449 
	   Memory (MB)          :    21        7900      8033 
...
000 (846824.000.000) 08/16 03:54:39 Job submitted from host: <172.20.3.187:9618?addrs=172.20.3.187-9618&noUDP&sock=2043_e813_3>
...
001 (846824.000.000) 08/16 06:00:09 Job executing on host: <172.20.225.6:9618?addrs=172.20.225.6-9618&noUDP&sock=3382_5963_3>
...
006 (846824.000.000) 08/16 06:00:19 Image size of job updated: 20804
	21  -  MemoryUsage of job (MB)
	20804  -  ResidentSetSize of job (KB)
...
006 (846824.000.000) 08/16 06:05:19 Image size of job updated: 5009884
	4893  -  MemoryUsage of job (MB)
	5009884  -  ResidentSetSize of job (KB)
...
006 (846824.000.000) 08/16 06:10:20 Image size of job updated: 5009988
	4893  -  MemoryUsage of job (MB)
	5009988  -  ResidentSetSize of job (KB)
...
006 (846824.000.000) 08/16 06:15:20 Image size of job updated: 5966364
	5827  -  MemoryUsage of job (MB)
	5966364  -  ResidentSetSize of job (KB)
...
006 (846824.000.000) 08/16 06:20:21 Image size of job updated: 7250756
	7081  -  MemoryUsage of job (MB)
	7250600  -  ResidentSetSize of job (KB)
...
005 (846824.000.000) 08/16 06:22:10 Job terminated.
	(1) Normal termination (return value 0)
		Usr 0 00:22:38, Sys 0 00:00:30  -  Run Remote Usage
		Usr 0 00:00:00, Sys 0 00:00:00  -  Run Local Usage
		Usr 0 00:22:38, Sys 0 00:00:30  -  Total Remote Usage
		Usr 0 00:00:00, Sys 0 00:00:00  -  Total Local Usage
	1218  -  Run Bytes Sent By Job
	393  -  Run Bytes Received By Job
	1218  -  Total Bytes Sent By Job
	393  -  Total Bytes Received By Job
	Partitionable Resources :    Usage  Request Allocated 
	   Cpus                 :     0.53        1         1 
	   Disk (KB)            :   802           1 479749220 
	   Memory (MB)          :  7081        7900      8033 
...
