000 (842222.000.000) 08/15 13:27:46 Job submitted from host: <172.20.3.187:9618?addrs=172.20.3.187-9618&noUDP&sock=2043_e813_3>
...
001 (842222.000.000) 08/15 16:08:02 Job executing on host: <172.20.225.6:9618?addrs=172.20.225.6-9618&noUDP&sock=3382_5963_3>
...
006 (842222.000.000) 08/15 16:08:11 Image size of job updated: 21108
	21  -  MemoryUsage of job (MB)
	21108  -  ResidentSetSize of job (KB)
...
005 (842222.000.000) 08/15 16:08:54 Job terminated.
	(1) Normal termination (return value 1)
		Usr 0 00:00:10, Sys 0 00:00:01  -  Run Remote Usage
		Usr 0 00:00:00, Sys 0 00:00:00  -  Run Local Usage
		Usr 0 00:00:10, Sys 0 00:00:01  -  Total Remote Usage
		Usr 0 00:00:00, Sys 0 00:00:00  -  Total Local Usage
	1434  -  Run Bytes Sent By Job
	392  -  Run Bytes Received By Job
	1434  -  Total Bytes Sent By Job
	392  -  Total Bytes Received By Job
	Partitionable Resources :    Usage  Request Allocated 
	   Cpus                 :     0.50        1         1 
	   Disk (KB)            :   803           1 479749220 
	   Memory (MB)          :    21        7900      8033 
...
000 (846565.000.000) 08/16 03:54:22 Job submitted from host: <172.20.3.187:9618?addrs=172.20.3.187-9618&noUDP&sock=2043_e813_3>
...
001 (846565.000.000) 08/16 05:43:11 Job executing on host: <172.20.225.6:9618?addrs=172.20.225.6-9618&noUDP&sock=3382_5963_3>
...
006 (846565.000.000) 08/16 05:43:19 Image size of job updated: 21112
	21  -  MemoryUsage of job (MB)
	21112  -  ResidentSetSize of job (KB)
...
006 (846565.000.000) 08/16 05:48:19 Image size of job updated: 4921312
	4806  -  MemoryUsage of job (MB)
	4921312  -  ResidentSetSize of job (KB)
...
006 (846565.000.000) 08/16 05:53:20 Image size of job updated: 5877484
	5740  -  MemoryUsage of job (MB)
	5877484  -  ResidentSetSize of job (KB)
...
006 (846565.000.000) 08/16 05:58:20 Image size of job updated: 5878884
	5742  -  MemoryUsage of job (MB)
	5878884  -  ResidentSetSize of job (KB)
...
006 (846565.000.000) 08/16 06:03:21 Image size of job updated: 6453124
	6301  -  MemoryUsage of job (MB)
	6452152  -  ResidentSetSize of job (KB)
...
006 (846565.000.000) 08/16 06:04:41 Image size of job updated: 6460084
	6301  -  MemoryUsage of job (MB)
	6452152  -  ResidentSetSize of job (KB)
...
005 (846565.000.000) 08/16 06:04:41 Job terminated.
	(1) Normal termination (return value 0)
		Usr 0 00:22:27, Sys 0 00:00:33  -  Run Remote Usage
		Usr 0 00:00:00, Sys 0 00:00:00  -  Run Local Usage
		Usr 0 00:22:27, Sys 0 00:00:33  -  Total Remote Usage
		Usr 0 00:00:00, Sys 0 00:00:00  -  Total Local Usage
	1214  -  Run Bytes Sent By Job
	392  -  Run Bytes Received By Job
	1214  -  Total Bytes Sent By Job
	392  -  Total Bytes Received By Job
	Partitionable Resources :    Usage  Request Allocated 
	   Cpus                 :     0.55        1         1 
	   Disk (KB)            :   802           1 479749220 
	   Memory (MB)          :  6301        7900      8033 
...
