000 (840921.000.000) 08/15 13:26:22 Job submitted from host: <172.20.3.187:9618?addrs=172.20.3.187-9618&noUDP&sock=2043_e813_3>
...
001 (840921.000.000) 08/15 14:53:29 Job executing on host: <172.20.225.1:9618?addrs=172.20.225.1-9618&noUDP&sock=3382_5963_3>
...
006 (840921.000.000) 08/15 14:53:38 Image size of job updated: 21100
	21  -  MemoryUsage of job (MB)
	21100  -  ResidentSetSize of job (KB)
...
006 (840921.000.000) 08/15 14:58:39 Image size of job updated: 4925060
	4810  -  MemoryUsage of job (MB)
	4925060  -  ResidentSetSize of job (KB)
...
006 (840921.000.000) 08/15 15:03:40 Image size of job updated: 5881232
	5744  -  MemoryUsage of job (MB)
	5881232  -  ResidentSetSize of job (KB)
...
006 (840921.000.000) 08/15 15:08:41 Image size of job updated: 5882628
	5745  -  MemoryUsage of job (MB)
	5882628  -  ResidentSetSize of job (KB)
...
006 (840921.000.000) 08/15 15:13:42 Image size of job updated: 6437808
	6287  -  MemoryUsage of job (MB)
	6437808  -  ResidentSetSize of job (KB)
...
006 (840921.000.000) 08/15 15:14:35 Image size of job updated: 13955688
	6287  -  MemoryUsage of job (MB)
	6437808  -  ResidentSetSize of job (KB)
...
005 (840921.000.000) 08/15 15:14:35 Job terminated.
	(1) Normal termination (return value 0)
		Usr 0 00:22:43, Sys 0 00:00:30  -  Run Remote Usage
		Usr 0 00:00:00, Sys 0 00:00:00  -  Run Local Usage
		Usr 0 00:22:43, Sys 0 00:00:30  -  Total Remote Usage
		Usr 0 00:00:00, Sys 0 00:00:00  -  Total Local Usage
	1219  -  Run Bytes Sent By Job
	399  -  Run Bytes Received By Job
	1219  -  Total Bytes Sent By Job
	399  -  Total Bytes Received By Job
	Partitionable Resources :    Usage  Request Allocated 
	   Cpus                 :     0.64        1         1 
	   Disk (KB)            :   803           1 479786105 
	   Memory (MB)          :  6287        7900      8033 
...
