000 (839179.000.000) 08/15 13:24:29 Job submitted from host: <172.20.3.187:9618?addrs=172.20.3.187-9618&noUDP&sock=2043_e813_3>
...
001 (839179.000.000) 08/15 13:38:03 Job executing on host: <172.20.225.5:9618?addrs=172.20.225.5-9618&noUDP&sock=3375_8c39_3>
...
006 (839179.000.000) 08/15 13:38:11 Image size of job updated: 21120
	21  -  MemoryUsage of job (MB)
	21120  -  ResidentSetSize of job (KB)
...
006 (839179.000.000) 08/15 13:38:48 Image size of job updated: 4270620
	21  -  MemoryUsage of job (MB)
	21120  -  ResidentSetSize of job (KB)
...
005 (839179.000.000) 08/15 13:38:48 Job terminated.
	(1) Normal termination (return value 1)
		Usr 0 00:00:26, Sys 0 00:00:01  -  Run Remote Usage
		Usr 0 00:00:00, Sys 0 00:00:00  -  Run Local Usage
		Usr 0 00:00:26, Sys 0 00:00:01  -  Total Remote Usage
		Usr 0 00:00:00, Sys 0 00:00:00  -  Total Local Usage
	1437  -  Run Bytes Sent By Job
	395  -  Run Bytes Received By Job
	1437  -  Total Bytes Sent By Job
	395  -  Total Bytes Received By Job
	Partitionable Resources :    Usage  Request Allocated 
	   Cpus                 :     0.97        1         1 
	   Disk (KB)            :   803           1 479749220 
	   Memory (MB)          :    21        7900      8033 
...
000 (845381.000.000) 08/16 03:53:06 Job submitted from host: <172.20.3.187:9618?addrs=172.20.3.187-9618&noUDP&sock=2043_e813_3>
...
001 (845381.000.000) 08/16 04:16:10 Job executing on host: <172.20.225.8:9618?addrs=172.20.225.8-9618&noUDP&sock=3440_21e1_3>
...
006 (845381.000.000) 08/16 04:16:19 Image size of job updated: 20792
	21  -  MemoryUsage of job (MB)
	20792  -  ResidentSetSize of job (KB)
...
006 (845381.000.000) 08/16 04:21:20 Image size of job updated: 5078964
	4960  -  MemoryUsage of job (MB)
	5078964  -  ResidentSetSize of job (KB)
...
006 (845381.000.000) 08/16 04:26:21 Image size of job updated: 6035128
	5894  -  MemoryUsage of job (MB)
	6035128  -  ResidentSetSize of job (KB)
...
006 (845381.000.000) 08/16 04:31:21 Image size of job updated: 6036516
	5896  -  MemoryUsage of job (MB)
	6036516  -  ResidentSetSize of job (KB)
...
006 (845381.000.000) 08/16 04:36:21 Image size of job updated: 8141876
	7952  -  MemoryUsage of job (MB)
	8141876  -  ResidentSetSize of job (KB)
...
005 (845381.000.000) 08/16 04:37:43 Job terminated.
	(1) Normal termination (return value 0)
		Usr 0 00:22:24, Sys 0 00:00:32  -  Run Remote Usage
		Usr 0 00:00:00, Sys 0 00:00:00  -  Run Local Usage
		Usr 0 00:22:24, Sys 0 00:00:32  -  Total Remote Usage
		Usr 0 00:00:00, Sys 0 00:00:00  -  Total Local Usage
	1220  -  Run Bytes Sent By Job
	395  -  Run Bytes Received By Job
	1220  -  Total Bytes Sent By Job
	395  -  Total Bytes Received By Job
	Partitionable Resources :    Usage  Request Allocated 
	   Cpus                 :     0.80        1         1 
	   Disk (KB)            :   802           1 479737977 
	   Memory (MB)          :  7952        7900      8033 
...
