000 (841740.000.000) 08/15 13:27:15 Job submitted from host: <172.20.3.187:9618?addrs=172.20.3.187-9618&noUDP&sock=2043_e813_3>
...
001 (841740.000.000) 08/15 15:41:02 Job executing on host: <172.20.225.6:9618?addrs=172.20.225.6-9618&noUDP&sock=3382_5963_3>
...
006 (841740.000.000) 08/15 15:41:10 Image size of job updated: 21124
	21  -  MemoryUsage of job (MB)
	21124  -  ResidentSetSize of job (KB)
...
006 (841740.000.000) 08/15 15:46:10 Image size of job updated: 5036196
	4919  -  MemoryUsage of job (MB)
	5036196  -  ResidentSetSize of job (KB)
...
006 (841740.000.000) 08/15 15:51:11 Image size of job updated: 5992364
	5852  -  MemoryUsage of job (MB)
	5992364  -  ResidentSetSize of job (KB)
...
006 (841740.000.000) 08/15 15:56:12 Image size of job updated: 5992672
	5853  -  MemoryUsage of job (MB)
	5992672  -  ResidentSetSize of job (KB)
...
006 (841740.000.000) 08/15 16:01:12 Image size of job updated: 6335864
	6187  -  MemoryUsage of job (MB)
	6334868  -  ResidentSetSize of job (KB)
...
006 (841740.000.000) 08/15 16:03:17 Image size of job updated: 6335864
	6187  -  MemoryUsage of job (MB)
	6334932  -  ResidentSetSize of job (KB)
...
005 (841740.000.000) 08/15 16:03:17 Job terminated.
	(1) Normal termination (return value 0)
		Usr 0 00:22:32, Sys 0 00:00:30  -  Run Remote Usage
		Usr 0 00:00:00, Sys 0 00:00:00  -  Run Local Usage
		Usr 0 00:22:32, Sys 0 00:00:30  -  Total Remote Usage
		Usr 0 00:00:00, Sys 0 00:00:00  -  Total Local Usage
	1232  -  Run Bytes Sent By Job
	407  -  Run Bytes Received By Job
	1232  -  Total Bytes Sent By Job
	407  -  Total Bytes Received By Job
	Partitionable Resources :    Usage  Request Allocated 
	   Cpus                 :     0.61        1         1 
	   Disk (KB)            :   802           1 479749220 
	   Memory (MB)          :  6187        7900      8033 
...
