000 (841419.000.000) 08/15 13:26:54 Job submitted from host: <172.20.3.187:9618?addrs=172.20.3.187-9618&noUDP&sock=2043_e813_3>
...
001 (841419.000.000) 08/15 15:16:01 Job executing on host: <172.20.225.1:9618?addrs=172.20.225.1-9618&noUDP&sock=3382_5963_3>
...
006 (841419.000.000) 08/15 15:16:09 Image size of job updated: 21120
	21  -  MemoryUsage of job (MB)
	21120  -  ResidentSetSize of job (KB)
...
006 (841419.000.000) 08/15 15:21:09 Image size of job updated: 4987084
	4871  -  MemoryUsage of job (MB)
	4987084  -  ResidentSetSize of job (KB)
...
006 (841419.000.000) 08/15 15:26:09 Image size of job updated: 5943252
	5804  -  MemoryUsage of job (MB)
	5943252  -  ResidentSetSize of job (KB)
...
006 (841419.000.000) 08/15 15:31:10 Image size of job updated: 5944648
	5806  -  MemoryUsage of job (MB)
	5944648  -  ResidentSetSize of job (KB)
...
006 (841419.000.000) 08/15 15:36:10 Image size of job updated: 6710424
	6553  -  MemoryUsage of job (MB)
	6709344  -  ResidentSetSize of job (KB)
...
006 (841419.000.000) 08/15 15:36:48 Image size of job updated: 13950608
	6553  -  MemoryUsage of job (MB)
	6709344  -  ResidentSetSize of job (KB)
...
005 (841419.000.000) 08/15 15:36:48 Job terminated.
	(1) Normal termination (return value 0)
		Usr 0 00:22:59, Sys 0 00:00:32  -  Run Remote Usage
		Usr 0 00:00:00, Sys 0 00:00:00  -  Run Local Usage
		Usr 0 00:22:59, Sys 0 00:00:32  -  Total Remote Usage
		Usr 0 00:00:00, Sys 0 00:00:00  -  Total Local Usage
	1225  -  Run Bytes Sent By Job
	402  -  Run Bytes Received By Job
	1225  -  Total Bytes Sent By Job
	402  -  Total Bytes Received By Job
	Partitionable Resources :    Usage  Request Allocated 
	   Cpus                 :     0.41        1         1 
	   Disk (KB)            :   802           1 479786105 
	   Memory (MB)          :  6553        7900      8033 
...
