000 (843439.000.000) 08/15 13:29:06 Job submitted from host: <172.20.3.187:9618?addrs=172.20.3.187-9618&noUDP&sock=2043_e813_3>
...
001 (843439.000.000) 08/15 17:44:00 Job executing on host: <172.20.225.6:9618?addrs=172.20.225.6-9618&noUDP&sock=3382_5963_3>
...
006 (843439.000.000) 08/15 17:44:09 Image size of job updated: 21112
	21  -  MemoryUsage of job (MB)
	21112  -  ResidentSetSize of job (KB)
...
006 (843439.000.000) 08/15 17:49:11 Image size of job updated: 4931328
	4816  -  MemoryUsage of job (MB)
	4931328  -  ResidentSetSize of job (KB)
...
006 (843439.000.000) 08/15 17:54:13 Image size of job updated: 5887496
	5750  -  MemoryUsage of job (MB)
	5887496  -  ResidentSetSize of job (KB)
...
006 (843439.000.000) 08/15 17:59:12 Image size of job updated: 5893588
	5756  -  MemoryUsage of job (MB)
	5893588  -  ResidentSetSize of job (KB)
...
005 (843439.000.000) 08/15 18:03:25 Job terminated.
	(1) Normal termination (return value 0)
		Usr 0 00:23:48, Sys 0 00:00:34  -  Run Remote Usage
		Usr 0 00:00:00, Sys 0 00:00:00  -  Run Local Usage
		Usr 0 00:23:48, Sys 0 00:00:34  -  Total Remote Usage
		Usr 0 00:00:00, Sys 0 00:00:00  -  Total Local Usage
	1227  -  Run Bytes Sent By Job
	405  -  Run Bytes Received By Job
	1227  -  Total Bytes Sent By Job
	405  -  Total Bytes Received By Job
	Partitionable Resources :    Usage  Request Allocated 
	   Cpus                 :     0.43        1         1 
	   Disk (KB)            :   802           1 479749220 
	   Memory (MB)          :  5756        7900      8033 
...
