000 (837838.000.000) 08/15 12:24:33 Job submitted from host: <172.20.3.187:9618?addrs=172.20.3.187-9618&noUDP&sock=2043_e813_3>
...
001 (837838.000.000) 08/15 12:34:49 Job executing on host: <172.20.225.1:9618?addrs=172.20.225.1-9618&noUDP&sock=3382_5963_3>
...
006 (837838.000.000) 08/15 12:34:58 Image size of job updated: 20808
	21  -  MemoryUsage of job (MB)
	20808  -  ResidentSetSize of job (KB)
...
006 (837838.000.000) 08/15 12:39:35 Image size of job updated: 11706820
	21  -  MemoryUsage of job (MB)
	20808  -  ResidentSetSize of job (KB)
...
005 (837838.000.000) 08/15 12:39:35 Job terminated.
	(1) Normal termination (return value 137)
		Usr 0 00:04:53, Sys 0 00:01:25  -  Run Remote Usage
		Usr 0 00:00:00, Sys 0 00:00:00  -  Run Local Usage
		Usr 0 00:04:53, Sys 0 00:01:25  -  Total Remote Usage
		Usr 0 00:00:00, Sys 0 00:00:00  -  Total Local Usage
	1388  -  Run Bytes Sent By Job
	403  -  Run Bytes Received By Job
	1388  -  Total Bytes Sent By Job
	403  -  Total Bytes Received By Job
	Partitionable Resources :    Usage  Request Allocated 
	   Cpus                 :     3.07        1         1 
	   Disk (KB)            :   803           1 479786105 
	   Memory (MB)          :    21        7900      8033 
...
000 (840134.000.000) 08/15 13:25:30 Job submitted from host: <172.20.3.187:9618?addrs=172.20.3.187-9618&noUDP&sock=2043_e813_3>
...
001 (840134.000.000) 08/15 14:17:57 Job executing on host: <172.20.225.8:9618?addrs=172.20.225.8-9618&noUDP&sock=3440_21e1_3>
...
006 (840134.000.000) 08/15 14:18:07 Image size of job updated: 21124
	21  -  MemoryUsage of job (MB)
	21124  -  ResidentSetSize of job (KB)
...
006 (840134.000.000) 08/15 14:23:08 Image size of job updated: 5055980
	4938  -  MemoryUsage of job (MB)
	5055980  -  ResidentSetSize of job (KB)
...
006 (840134.000.000) 08/15 14:28:09 Image size of job updated: 6012148
	5872  -  MemoryUsage of job (MB)
	6012148  -  ResidentSetSize of job (KB)
...
006 (840134.000.000) 08/15 14:33:09 Image size of job updated: 6013552
	5873  -  MemoryUsage of job (MB)
	6013552  -  ResidentSetSize of job (KB)
...
006 (840134.000.000) 08/15 14:38:09 Image size of job updated: 6425800
	6274  -  MemoryUsage of job (MB)
	6424424  -  ResidentSetSize of job (KB)
...
005 (840134.000.000) 08/15 14:39:39 Job terminated.
	(1) Normal termination (return value 0)
		Usr 0 00:22:08, Sys 0 00:00:29  -  Run Remote Usage
		Usr 0 00:00:00, Sys 0 00:00:00  -  Run Local Usage
		Usr 0 00:22:08, Sys 0 00:00:29  -  Total Remote Usage
		Usr 0 00:00:00, Sys 0 00:00:00  -  Total Local Usage
	1226  -  Run Bytes Sent By Job
	403  -  Run Bytes Received By Job
	1226  -  Total Bytes Sent By Job
	403  -  Total Bytes Received By Job
	Partitionable Resources :    Usage  Request Allocated 
	   Cpus                 :     0.47        1         1 
	   Disk (KB)            :   802           1 479737977 
	   Memory (MB)          :  6274        7900      8033 
...
