000 (844855.000.000) 08/15 13:30:39 Job submitted from host: <172.20.3.187:9618?addrs=172.20.3.187-9618&noUDP&sock=2043_e813_3>
...
001 (844855.000.000) 08/15 19:08:02 Job executing on host: <172.20.225.1:9618?addrs=172.20.225.1-9618&noUDP&sock=3382_5963_3>
...
006 (844855.000.000) 08/15 19:08:10 Image size of job updated: 21116
	21  -  MemoryUsage of job (MB)
	21116  -  ResidentSetSize of job (KB)
...
006 (844855.000.000) 08/15 19:13:10 Image size of job updated: 5302656
	5179  -  MemoryUsage of job (MB)
	5302656  -  ResidentSetSize of job (KB)
...
006 (844855.000.000) 08/15 19:18:11 Image size of job updated: 5302760
	5179  -  MemoryUsage of job (MB)
	5302760  -  ResidentSetSize of job (KB)
...
006 (844855.000.000) 08/15 19:23:12 Image size of job updated: 6259128
	6113  -  MemoryUsage of job (MB)
	6259128  -  ResidentSetSize of job (KB)
...
006 (844855.000.000) 08/15 19:28:13 Image size of job updated: 6655468
	6500  -  MemoryUsage of job (MB)
	6655468  -  ResidentSetSize of job (KB)
...
005 (844855.000.000) 08/15 19:30:49 Job terminated.
	(1) Normal termination (return value 0)
		Usr 0 00:23:41, Sys 0 00:00:32  -  Run Remote Usage
		Usr 0 00:00:00, Sys 0 00:00:00  -  Run Local Usage
		Usr 0 00:23:41, Sys 0 00:00:32  -  Total Remote Usage
		Usr 0 00:00:00, Sys 0 00:00:00  -  Total Local Usage
	1229  -  Run Bytes Sent By Job
	404  -  Run Bytes Received By Job
	1229  -  Total Bytes Sent By Job
	404  -  Total Bytes Received By Job
	Partitionable Resources :    Usage  Request Allocated 
	   Cpus                 :     0.60        1         1 
	   Disk (KB)            :   802           1 479786105 
	   Memory (MB)          :  6500        7900      8033 
...
