000 (838440.000.000) 08/15 12:25:14 Job submitted from host: <172.20.3.187:9618?addrs=172.20.3.187-9618&noUDP&sock=2043_e813_3>
...
001 (838440.000.000) 08/15 12:44:40 Job executing on host: <172.20.225.6:9618?addrs=172.20.225.6-9618&noUDP&sock=3382_5963_3>
...
006 (838440.000.000) 08/15 12:44:49 Image size of job updated: 21120
	21  -  MemoryUsage of job (MB)
	21120  -  ResidentSetSize of job (KB)
...
006 (838440.000.000) 08/15 12:49:52 Image size of job updated: 12616564
	12321  -  MemoryUsage of job (MB)
	12616564  -  ResidentSetSize of job (KB)
...
006 (838440.000.000) 08/15 12:52:48 Image size of job updated: 14028376
	12321  -  MemoryUsage of job (MB)
	12616564  -  ResidentSetSize of job (KB)
...
005 (838440.000.000) 08/15 12:52:48 Job terminated.
	(1) Normal termination (return value 137)
		Usr 0 00:06:43, Sys 0 00:01:12  -  Run Remote Usage
		Usr 0 00:00:00, Sys 0 00:00:00  -  Run Local Usage
		Usr 0 00:06:43, Sys 0 00:01:12  -  Total Remote Usage
		Usr 0 00:00:00, Sys 0 00:00:00  -  Total Local Usage
	1390  -  Run Bytes Sent By Job
	403  -  Run Bytes Received By Job
	1390  -  Total Bytes Sent By Job
	403  -  Total Bytes Received By Job
	Partitionable Resources :    Usage  Request Allocated 
	   Cpus                 :     0.90        1         1 
	   Disk (KB)            :   803           1 479749220 
	   Memory (MB)          : 12321        7900      8033 
...
000 (842755.000.000) 08/15 13:28:20 Job submitted from host: <172.20.3.187:9618?addrs=172.20.3.187-9618&noUDP&sock=2043_e813_3>
...
001 (842755.000.000) 08/15 16:46:01 Job executing on host: <172.20.225.8:9618?addrs=172.20.225.8-9618&noUDP&sock=3440_21e1_3>
...
006 (842755.000.000) 08/15 16:46:09 Image size of job updated: 21112
	21  -  MemoryUsage of job (MB)
	21112  -  ResidentSetSize of job (KB)
...
006 (842755.000.000) 08/15 16:51:09 Image size of job updated: 5245652
	5123  -  MemoryUsage of job (MB)
	5245652  -  ResidentSetSize of job (KB)
...
006 (842755.000.000) 08/15 16:56:10 Image size of job updated: 6201820
	6057  -  MemoryUsage of job (MB)
	6201820  -  ResidentSetSize of job (KB)
...
006 (842755.000.000) 08/15 17:01:11 Image size of job updated: 6203216
	6058  -  MemoryUsage of job (MB)
	6203216  -  ResidentSetSize of job (KB)
...
006 (842755.000.000) 08/15 17:06:11 Image size of job updated: 6874916
	6714  -  MemoryUsage of job (MB)
	6874916  -  ResidentSetSize of job (KB)
...
006 (842755.000.000) 08/15 17:06:46 Image size of job updated: 9935504
	6714  -  MemoryUsage of job (MB)
	6874916  -  ResidentSetSize of job (KB)
...
005 (842755.000.000) 08/15 17:06:46 Job terminated.
	(1) Normal termination (return value 0)
		Usr 0 00:23:06, Sys 0 00:00:37  -  Run Remote Usage
		Usr 0 00:00:00, Sys 0 00:00:00  -  Run Local Usage
		Usr 0 00:23:06, Sys 0 00:00:37  -  Total Remote Usage
		Usr 0 00:00:00, Sys 0 00:00:00  -  Total Local Usage
	1226  -  Run Bytes Sent By Job
	403  -  Run Bytes Received By Job
	1226  -  Total Bytes Sent By Job
	403  -  Total Bytes Received By Job
	Partitionable Resources :    Usage  Request Allocated 
	   Cpus                 :     0.83        1         1 
	   Disk (KB)            :   802           1 479737977 
	   Memory (MB)          :  6714        7900      8033 
...
