000 (844521.000.000) 08/15 13:30:16 Job submitted from host: <172.20.3.187:9618?addrs=172.20.3.187-9618&noUDP&sock=2043_e813_3>
...
001 (844521.000.000) 08/15 18:42:00 Job executing on host: <172.20.225.5:9618?addrs=172.20.225.5-9618&noUDP&sock=3375_8c39_3>
...
006 (844521.000.000) 08/15 18:42:09 Image size of job updated: 21120
	21  -  MemoryUsage of job (MB)
	21120  -  ResidentSetSize of job (KB)
...
006 (844521.000.000) 08/15 18:47:10 Image size of job updated: 5302764
	5179  -  MemoryUsage of job (MB)
	5302724  -  ResidentSetSize of job (KB)
...
006 (844521.000.000) 08/15 18:52:11 Image size of job updated: 6258888
	6113  -  MemoryUsage of job (MB)
	6258888  -  ResidentSetSize of job (KB)
...
006 (844521.000.000) 08/15 18:57:12 Image size of job updated: 6260284
	6114  -  MemoryUsage of job (MB)
	6260284  -  ResidentSetSize of job (KB)
...
006 (844521.000.000) 08/15 19:02:12 Image size of job updated: 6836876
	6677  -  MemoryUsage of job (MB)
	6836428  -  ResidentSetSize of job (KB)
...
005 (844521.000.000) 08/15 19:03:24 Job terminated.
	(1) Normal termination (return value 0)
		Usr 0 00:22:47, Sys 0 00:00:38  -  Run Remote Usage
		Usr 0 00:00:00, Sys 0 00:00:00  -  Run Local Usage
		Usr 0 00:22:47, Sys 0 00:00:38  -  Total Remote Usage
		Usr 0 00:00:00, Sys 0 00:00:00  -  Total Local Usage
	1229  -  Run Bytes Sent By Job
	404  -  Run Bytes Received By Job
	1229  -  Total Bytes Sent By Job
	404  -  Total Bytes Received By Job
	Partitionable Resources :    Usage  Request Allocated 
	   Cpus                 :     0.62        1         1 
	   Disk (KB)            :   802           1 479749220 
	   Memory (MB)          :  6677        7900      8033 
...
