000 (843571.000.000) 08/15 13:29:15 Job submitted from host: <172.20.3.187:9618?addrs=172.20.3.187-9618&noUDP&sock=2043_e813_3>
...
001 (843571.000.000) 08/15 17:51:25 Job executing on host: <172.20.225.8:9618?addrs=172.20.225.8-9618&noUDP&sock=3440_21e1_3>
...
006 (843571.000.000) 08/15 17:51:33 Image size of job updated: 21108
	21  -  MemoryUsage of job (MB)
	21108  -  ResidentSetSize of job (KB)
...
005 (843571.000.000) 08/15 17:52:29 Job terminated.
	(1) Normal termination (return value 1)
		Usr 0 00:00:16, Sys 0 00:00:01  -  Run Remote Usage
		Usr 0 00:00:00, Sys 0 00:00:00  -  Run Local Usage
		Usr 0 00:00:16, Sys 0 00:00:01  -  Total Remote Usage
		Usr 0 00:00:00, Sys 0 00:00:00  -  Total Local Usage
	1437  -  Run Bytes Sent By Job
	393  -  Run Bytes Received By Job
	1437  -  Total Bytes Sent By Job
	393  -  Total Bytes Received By Job
	Partitionable Resources :    Usage  Request Allocated 
	   Cpus                 :     0.07        1         1 
	   Disk (KB)            :   803           1 479737977 
	   Memory (MB)          :    21        7900      8033 
...
000 (846837.000.000) 08/16 03:54:39 Job submitted from host: <172.20.3.187:9618?addrs=172.20.3.187-9618&noUDP&sock=2043_e813_3>
...
001 (846837.000.000) 08/16 06:03:10 Job executing on host: <172.20.225.4:9618?addrs=172.20.225.4-9618&noUDP&sock=3366_5fdf_3>
...
006 (846837.000.000) 08/16 06:03:19 Image size of job updated: 20788
	21  -  MemoryUsage of job (MB)
	20788  -  ResidentSetSize of job (KB)
...
006 (846837.000.000) 08/16 06:08:20 Image size of job updated: 5009944
	4893  -  MemoryUsage of job (MB)
	5009944  -  ResidentSetSize of job (KB)
...
006 (846837.000.000) 08/16 06:13:21 Image size of job updated: 5010048
	4893  -  MemoryUsage of job (MB)
	5010048  -  ResidentSetSize of job (KB)
...
006 (846837.000.000) 08/16 06:18:22 Image size of job updated: 5967508
	5828  -  MemoryUsage of job (MB)
	5967508  -  ResidentSetSize of job (KB)
...
006 (846837.000.000) 08/16 06:23:22 Image size of job updated: 7244932
	7075  -  MemoryUsage of job (MB)
	7244500  -  ResidentSetSize of job (KB)
...
006 (846837.000.000) 08/16 06:24:32 Image size of job updated: 7244932
	7081  -  MemoryUsage of job (MB)
	7250256  -  ResidentSetSize of job (KB)
...
005 (846837.000.000) 08/16 06:24:33 Job terminated.
	(1) Normal termination (return value 0)
		Usr 0 00:23:08, Sys 0 00:00:29  -  Run Remote Usage
		Usr 0 00:00:00, Sys 0 00:00:00  -  Run Local Usage
		Usr 0 00:23:08, Sys 0 00:00:29  -  Total Remote Usage
		Usr 0 00:00:00, Sys 0 00:00:00  -  Total Local Usage
	1218  -  Run Bytes Sent By Job
	393  -  Run Bytes Received By Job
	1218  -  Total Bytes Sent By Job
	393  -  Total Bytes Received By Job
	Partitionable Resources :    Usage  Request Allocated 
	   Cpus                 :     0.83        1         1 
	   Disk (KB)            :   802           1 479779449 
	   Memory (MB)          :  7081        7900      8033 
...
