000 (845036.000.000) 08/15 13:30:52 Job submitted from host: <172.20.3.187:9618?addrs=172.20.3.187-9618&noUDP&sock=2043_e813_3>
...
001 (845036.000.000) 08/15 19:16:01 Job executing on host: <172.20.225.2:9618?addrs=172.20.225.2-9618&noUDP&sock=3424_285d_3>
...
006 (845036.000.000) 08/15 19:16:10 Image size of job updated: 21120
	21  -  MemoryUsage of job (MB)
	21120  -  ResidentSetSize of job (KB)
...
006 (845036.000.000) 08/15 19:21:11 Image size of job updated: 3942428
	3850  -  MemoryUsage of job (MB)
	3942172  -  ResidentSetSize of job (KB)
...
006 (845036.000.000) 08/15 19:26:12 Image size of job updated: 4907204
	4792  -  MemoryUsage of job (MB)
	4906936  -  ResidentSetSize of job (KB)
...
006 (845036.000.000) 08/15 19:31:12 Image size of job updated: 5314496
	5190  -  MemoryUsage of job (MB)
	5314236  -  ResidentSetSize of job (KB)
...
006 (845036.000.000) 08/15 19:34:05 Image size of job updated: 9645140
	5190  -  MemoryUsage of job (MB)
	5314236  -  ResidentSetSize of job (KB)
...
005 (845036.000.000) 08/15 19:34:06 Job terminated.
	(1) Normal termination (return value 0)
		Usr 0 00:24:10, Sys 0 00:00:28  -  Run Remote Usage
		Usr 0 00:00:00, Sys 0 00:00:00  -  Run Local Usage
		Usr 0 00:24:10, Sys 0 00:00:28  -  Total Remote Usage
		Usr 0 00:00:00, Sys 0 00:00:00  -  Total Local Usage
	1229  -  Run Bytes Sent By Job
	404  -  Run Bytes Received By Job
	1229  -  Total Bytes Sent By Job
	404  -  Total Bytes Received By Job
	Partitionable Resources :    Usage  Request Allocated 
	   Cpus                 :     1.00        1         1 
	   Disk (KB)            :   802           1 479786084 
	   Memory (MB)          :  5190        7900      8033 
...
