000 (840942.000.000) 08/15 13:26:23 Job submitted from host: <172.20.3.187:9618?addrs=172.20.3.187-9618&noUDP&sock=2043_e813_3>
...
001 (840942.000.000) 08/15 14:53:43 Job executing on host: <172.20.225.6:9618?addrs=172.20.225.6-9618&noUDP&sock=3382_5963_3>
...
006 (840942.000.000) 08/15 14:53:51 Image size of job updated: 21120
	21  -  MemoryUsage of job (MB)
	21120  -  ResidentSetSize of job (KB)
...
006 (840942.000.000) 08/15 14:58:52 Image size of job updated: 4923788
	4809  -  MemoryUsage of job (MB)
	4923788  -  ResidentSetSize of job (KB)
...
006 (840942.000.000) 08/15 15:03:52 Image size of job updated: 5879952
	5743  -  MemoryUsage of job (MB)
	5879952  -  ResidentSetSize of job (KB)
...
006 (840942.000.000) 08/15 15:08:52 Image size of job updated: 5881344
	5744  -  MemoryUsage of job (MB)
	5881344  -  ResidentSetSize of job (KB)
...
006 (840942.000.000) 08/15 15:13:52 Image size of job updated: 6446576
	6296  -  MemoryUsage of job (MB)
	6446576  -  ResidentSetSize of job (KB)
...
006 (840942.000.000) 08/15 15:15:01 Image size of job updated: 13660968
	6296  -  MemoryUsage of job (MB)
	6446576  -  ResidentSetSize of job (KB)
...
005 (840942.000.000) 08/15 15:15:01 Job terminated.
	(1) Normal termination (return value 0)
		Usr 0 00:22:10, Sys 0 00:00:28  -  Run Remote Usage
		Usr 0 00:00:00, Sys 0 00:00:00  -  Run Local Usage
		Usr 0 00:22:10, Sys 0 00:00:28  -  Total Remote Usage
		Usr 0 00:00:00, Sys 0 00:00:00  -  Total Local Usage
	1222  -  Run Bytes Sent By Job
	400  -  Run Bytes Received By Job
	1222  -  Total Bytes Sent By Job
	400  -  Total Bytes Received By Job
	Partitionable Resources :    Usage  Request Allocated 
	   Cpus                 :     0.69        1         1 
	   Disk (KB)            :   803           1 479749220 
	   Memory (MB)          :  6296        7900      8033 
...
