000 (841841.000.000) 08/15 13:27:21 Job submitted from host: <172.20.3.187:9618?addrs=172.20.3.187-9618&noUDP&sock=2043_e813_3>
...
001 (841841.000.000) 08/15 15:47:00 Job executing on host: <172.20.225.6:9618?addrs=172.20.225.6-9618&noUDP&sock=3382_5963_3>
...
006 (841841.000.000) 08/15 15:47:09 Image size of job updated: 21112
	21  -  MemoryUsage of job (MB)
	21112  -  ResidentSetSize of job (KB)
...
006 (841841.000.000) 08/15 15:52:10 Image size of job updated: 5036124
	4919  -  MemoryUsage of job (MB)
	5036124  -  ResidentSetSize of job (KB)
...
006 (841841.000.000) 08/15 15:57:11 Image size of job updated: 5036252
	4919  -  MemoryUsage of job (MB)
	5036252  -  ResidentSetSize of job (KB)
...
006 (841841.000.000) 08/15 16:02:11 Image size of job updated: 5992620
	5853  -  MemoryUsage of job (MB)
	5992620  -  ResidentSetSize of job (KB)
...
006 (841841.000.000) 08/15 16:07:12 Image size of job updated: 6317240
	6169  -  MemoryUsage of job (MB)
	6316412  -  ResidentSetSize of job (KB)
...
005 (841841.000.000) 08/15 16:09:25 Job terminated.
	(1) Normal termination (return value 0)
		Usr 0 00:22:37, Sys 0 00:00:29  -  Run Remote Usage
		Usr 0 00:00:00, Sys 0 00:00:00  -  Run Local Usage
		Usr 0 00:22:37, Sys 0 00:00:29  -  Total Remote Usage
		Usr 0 00:00:00, Sys 0 00:00:00  -  Total Local Usage
	1232  -  Run Bytes Sent By Job
	407  -  Run Bytes Received By Job
	1232  -  Total Bytes Sent By Job
	407  -  Total Bytes Received By Job
	Partitionable Resources :    Usage  Request Allocated 
	   Cpus                 :     1.00        1         1 
	   Disk (KB)            :   802           1 479749220 
	   Memory (MB)          :  6169        7900      8033 
...
