000 (838197.000.000) 08/15 12:24:58 Job submitted from host: <172.20.3.187:9618?addrs=172.20.3.187-9618&noUDP&sock=2043_e813_3>
...
001 (838197.000.000) 08/15 12:39:32 Job executing on host: <172.20.225.4:9618?addrs=172.20.225.4-9618&noUDP&sock=3366_5fdf_3>
...
006 (838197.000.000) 08/15 12:39:42 Image size of job updated: 21112
	21  -  MemoryUsage of job (MB)
	21112  -  ResidentSetSize of job (KB)
...
006 (838197.000.000) 08/15 12:41:18 Image size of job updated: 4282012
	21  -  MemoryUsage of job (MB)
	21112  -  ResidentSetSize of job (KB)
...
005 (838197.000.000) 08/15 12:41:18 Job terminated.
	(1) Normal termination (return value 1)
		Usr 0 00:00:15, Sys 0 00:00:03  -  Run Remote Usage
		Usr 0 00:00:00, Sys 0 00:00:00  -  Run Local Usage
		Usr 0 00:00:15, Sys 0 00:00:03  -  Total Remote Usage
		Usr 0 00:00:00, Sys 0 00:00:00  -  Total Local Usage
	1435  -  Run Bytes Sent By Job
	393  -  Run Bytes Received By Job
	1435  -  Total Bytes Sent By Job
	393  -  Total Bytes Received By Job
	Partitionable Resources :    Usage  Request Allocated 
	   Cpus                 :     0.31        1         1 
	   Disk (KB)            :   803           1 479779449 
	   Memory (MB)          :    21        7900      8033 
...
000 (841897.000.000) 08/15 13:27:25 Job submitted from host: <172.20.3.187:9618?addrs=172.20.3.187-9618&noUDP&sock=2043_e813_3>
...
001 (841897.000.000) 08/15 15:54:29 Job executing on host: <172.20.225.6:9618?addrs=172.20.225.6-9618&noUDP&sock=3382_5963_3>
...
006 (841897.000.000) 08/15 15:54:37 Image size of job updated: 21116
	21  -  MemoryUsage of job (MB)
	21116  -  ResidentSetSize of job (KB)
...
006 (841897.000.000) 08/15 15:55:10 Image size of job updated: 43324
	21  -  MemoryUsage of job (MB)
	21116  -  ResidentSetSize of job (KB)
...
005 (841897.000.000) 08/15 15:55:10 Job terminated.
	(1) Normal termination (return value 1)
		Usr 0 00:00:09, Sys 0 00:00:01  -  Run Remote Usage
		Usr 0 00:00:00, Sys 0 00:00:00  -  Run Local Usage
		Usr 0 00:00:09, Sys 0 00:00:01  -  Total Remote Usage
		Usr 0 00:00:00, Sys 0 00:00:00  -  Total Local Usage
	1434  -  Run Bytes Sent By Job
	393  -  Run Bytes Received By Job
	1434  -  Total Bytes Sent By Job
	393  -  Total Bytes Received By Job
	Partitionable Resources :    Usage  Request Allocated 
	   Cpus                 :        0        1         1 
	   Disk (KB)            :      802        1 479749220 
	   Memory (MB)          :       21     7900      8033 
...
000 (846423.000.000) 08/16 03:54:13 Job submitted from host: <172.20.3.187:9618?addrs=172.20.3.187-9618&noUDP&sock=2043_e813_3>
...
001 (846423.000.000) 08/16 05:30:16 Job executing on host: <172.20.225.5:9618?addrs=172.20.225.5-9618&noUDP&sock=3375_8c39_3>
...
006 (846423.000.000) 08/16 05:30:27 Image size of job updated: 21112
	21  -  MemoryUsage of job (MB)
	21112  -  ResidentSetSize of job (KB)
...
006 (846423.000.000) 08/16 05:35:28 Image size of job updated: 4961316
	4846  -  MemoryUsage of job (MB)
	4961316  -  ResidentSetSize of job (KB)
...
006 (846423.000.000) 08/16 05:40:29 Image size of job updated: 5917492
	5779  -  MemoryUsage of job (MB)
	5917492  -  ResidentSetSize of job (KB)
...
006 (846423.000.000) 08/16 05:45:29 Image size of job updated: 5917796
	5780  -  MemoryUsage of job (MB)
	5917796  -  ResidentSetSize of job (KB)
...
006 (846423.000.000) 08/16 05:50:30 Image size of job updated: 6219524
	6074  -  MemoryUsage of job (MB)
	6219448  -  ResidentSetSize of job (KB)
...
006 (846423.000.000) 08/16 05:53:22 Image size of job updated: 6219524
	6074  -  MemoryUsage of job (MB)
	6219564  -  ResidentSetSize of job (KB)
...
005 (846423.000.000) 08/16 05:53:22 Job terminated.
	(1) Normal termination (return value 0)
		Usr 0 00:22:02, Sys 0 00:00:32  -  Run Remote Usage
		Usr 0 00:00:00, Sys 0 00:00:00  -  Run Local Usage
		Usr 0 00:22:02, Sys 0 00:00:32  -  Total Remote Usage
		Usr 0 00:00:00, Sys 0 00:00:00  -  Total Local Usage
	1215  -  Run Bytes Sent By Job
	393  -  Run Bytes Received By Job
	1215  -  Total Bytes Sent By Job
	393  -  Total Bytes Received By Job
	Partitionable Resources :    Usage  Request Allocated 
	   Cpus                 :     0.74        1         1 
	   Disk (KB)            :   802           1 479749220 
	   Memory (MB)          :  6074        7900      8033 
...
