000 (841657.000.000) 08/15 13:27:09 Job submitted from host: <172.20.3.187:9618?addrs=172.20.3.187-9618&noUDP&sock=2043_e813_3>
...
001 (841657.000.000) 08/15 15:38:01 Job executing on host: <172.20.225.4:9618?addrs=172.20.225.4-9618&noUDP&sock=3366_5fdf_3>
...
006 (841657.000.000) 08/15 15:38:10 Image size of job updated: 21104
	21  -  MemoryUsage of job (MB)
	21104  -  ResidentSetSize of job (KB)
...
006 (841657.000.000) 08/15 15:43:12 Image size of job updated: 5035820
	4918  -  MemoryUsage of job (MB)
	5035820  -  ResidentSetSize of job (KB)
...
006 (841657.000.000) 08/15 15:48:12 Image size of job updated: 5991988
	5852  -  MemoryUsage of job (MB)
	5991988  -  ResidentSetSize of job (KB)
...
006 (841657.000.000) 08/15 15:53:12 Image size of job updated: 5993384
	5853  -  MemoryUsage of job (MB)
	5993384  -  ResidentSetSize of job (KB)
...
006 (841657.000.000) 08/15 15:58:13 Image size of job updated: 6377716
	6229  -  MemoryUsage of job (MB)
	6377480  -  ResidentSetSize of job (KB)
...
006 (841657.000.000) 08/15 15:59:55 Image size of job updated: 6521424
	6229  -  MemoryUsage of job (MB)
	6377480  -  ResidentSetSize of job (KB)
...
005 (841657.000.000) 08/15 15:59:55 Job terminated.
	(1) Normal termination (return value 0)
		Usr 0 00:22:29, Sys 0 00:00:35  -  Run Remote Usage
		Usr 0 00:00:00, Sys 0 00:00:00  -  Run Local Usage
		Usr 0 00:22:29, Sys 0 00:00:35  -  Total Remote Usage
		Usr 0 00:00:00, Sys 0 00:00:00  -  Total Local Usage
	1232  -  Run Bytes Sent By Job
	407  -  Run Bytes Received By Job
	1232  -  Total Bytes Sent By Job
	407  -  Total Bytes Received By Job
	Partitionable Resources :    Usage  Request Allocated 
	   Cpus                 :     0.58        1         1 
	   Disk (KB)            :   803           1 479779449 
	   Memory (MB)          :  6229        7900      8033 
...
