000 (839004.000.000) 08/15 13:24:17 Job submitted from host: <172.20.3.187:9618?addrs=172.20.3.187-9618&noUDP&sock=2043_e813_3>
...
001 (839004.000.000) 08/15 13:37:03 Job executing on host: <172.20.225.6:9618?addrs=172.20.225.6-9618&noUDP&sock=3382_5963_3>
...
006 (839004.000.000) 08/15 13:37:11 Image size of job updated: 20792
	21  -  MemoryUsage of job (MB)
	20792  -  ResidentSetSize of job (KB)
...
006 (839004.000.000) 08/15 13:37:35 Image size of job updated: 4206288
	21  -  MemoryUsage of job (MB)
	20792  -  ResidentSetSize of job (KB)
...
005 (839004.000.000) 08/15 13:37:35 Job terminated.
	(1) Normal termination (return value 1)
		Usr 0 00:00:18, Sys 0 00:00:02  -  Run Remote Usage
		Usr 0 00:00:00, Sys 0 00:00:00  -  Run Local Usage
		Usr 0 00:00:18, Sys 0 00:00:02  -  Total Remote Usage
		Usr 0 00:00:00, Sys 0 00:00:00  -  Total Local Usage
	1437  -  Run Bytes Sent By Job
	395  -  Run Bytes Received By Job
	1437  -  Total Bytes Sent By Job
	395  -  Total Bytes Received By Job
	Partitionable Resources :    Usage  Request Allocated 
	   Cpus                 :     0.96        1         1 
	   Disk (KB)            :   803           1 479749220 
	   Memory (MB)          :    21        7900      8033 
...
000 (845206.000.000) 08/16 03:52:35 Job submitted from host: <172.20.3.187:9618?addrs=172.20.3.187-9618&noUDP&sock=2043_e813_3>
...
001 (845206.000.000) 08/16 03:52:57 Job executing on host: <172.20.225.2:9618?addrs=172.20.225.2-9618&noUDP&sock=3424_285d_3>
...
006 (845206.000.000) 08/16 03:53:05 Image size of job updated: 21116
	21  -  MemoryUsage of job (MB)
	21116  -  ResidentSetSize of job (KB)
...
006 (845206.000.000) 08/16 03:58:06 Image size of job updated: 5081616
	4960  -  MemoryUsage of job (MB)
	5078888  -  ResidentSetSize of job (KB)
...
006 (845206.000.000) 08/16 04:03:07 Image size of job updated: 5081720
	4960  -  MemoryUsage of job (MB)
	5078992  -  ResidentSetSize of job (KB)
...
006 (845206.000.000) 08/16 04:08:06 Image size of job updated: 6037916
	5894  -  MemoryUsage of job (MB)
	6035188  -  ResidentSetSize of job (KB)
...
006 (845206.000.000) 08/16 04:13:06 Image size of job updated: 6043908
	5900  -  MemoryUsage of job (MB)
	6041156  -  ResidentSetSize of job (KB)
...
006 (845206.000.000) 08/16 04:16:15 Image size of job updated: 6180980
	5900  -  MemoryUsage of job (MB)
	6041156  -  ResidentSetSize of job (KB)
...
005 (845206.000.000) 08/16 04:16:15 Job terminated.
	(1) Normal termination (return value 0)
		Usr 0 00:22:03, Sys 0 00:00:34  -  Run Remote Usage
		Usr 0 00:00:00, Sys 0 00:00:00  -  Run Local Usage
		Usr 0 00:22:03, Sys 0 00:00:34  -  Total Remote Usage
		Usr 0 00:00:00, Sys 0 00:00:00  -  Total Local Usage
	1220  -  Run Bytes Sent By Job
	395  -  Run Bytes Received By Job
	1220  -  Total Bytes Sent By Job
	395  -  Total Bytes Received By Job
	Partitionable Resources :    Usage  Request Allocated 
	   Cpus                 :     1.00        1         1 
	   Disk (KB)            :   802           1 479786084 
	   Memory (MB)          :  5900        7900      8033 
...
