000 (844054.000.000) 08/15 13:29:46 Job submitted from host: <172.20.3.187:9618?addrs=172.20.3.187-9618&noUDP&sock=2043_e813_3>
...
001 (844054.000.000) 08/15 17:58:02 Job executing on host: <172.20.225.8:9618?addrs=172.20.225.8-9618&noUDP&sock=3440_21e1_3>
...
006 (844054.000.000) 08/15 17:58:11 Image size of job updated: 21112
	21  -  MemoryUsage of job (MB)
	21112  -  ResidentSetSize of job (KB)
...
006 (844054.000.000) 08/15 18:03:12 Image size of job updated: 4997084
	4880  -  MemoryUsage of job (MB)
	4997084  -  ResidentSetSize of job (KB)
...
006 (844054.000.000) 08/15 18:08:13 Image size of job updated: 4997184
	4881  -  MemoryUsage of job (MB)
	4997184  -  ResidentSetSize of job (KB)
...
006 (844054.000.000) 08/15 18:13:13 Image size of job updated: 5953556
	5815  -  MemoryUsage of job (MB)
	5953556  -  ResidentSetSize of job (KB)
...
006 (844054.000.000) 08/15 18:18:14 Image size of job updated: 6089116
	5947  -  MemoryUsage of job (MB)
	6089116  -  ResidentSetSize of job (KB)
...
006 (844054.000.000) 08/15 18:20:31 Image size of job updated: 13916356
	5947  -  MemoryUsage of job (MB)
	6089128  -  ResidentSetSize of job (KB)
...
005 (844054.000.000) 08/15 18:20:31 Job terminated.
	(1) Normal termination (return value 0)
		Usr 0 00:22:18, Sys 0 00:00:31  -  Run Remote Usage
		Usr 0 00:00:00, Sys 0 00:00:00  -  Run Local Usage
		Usr 0 00:22:18, Sys 0 00:00:31  -  Total Remote Usage
		Usr 0 00:00:00, Sys 0 00:00:00  -  Total Local Usage
	1222  -  Run Bytes Sent By Job
	397  -  Run Bytes Received By Job
	1222  -  Total Bytes Sent By Job
	397  -  Total Bytes Received By Job
	Partitionable Resources :    Usage  Request Allocated 
	   Cpus                 :     0.75        1         1 
	   Disk (KB)            :   802           1 479737977 
	   Memory (MB)          :  5947        7900      8033 
...
