000 (844501.000.000) 08/15 13:30:15 Job submitted from host: <172.20.3.187:9618?addrs=172.20.3.187-9618&noUDP&sock=2043_e813_3>
...
001 (844501.000.000) 08/15 18:41:00 Job executing on host: <172.20.225.6:9618?addrs=172.20.225.6-9618&noUDP&sock=3382_5963_3>
...
006 (844501.000.000) 08/15 18:41:08 Image size of job updated: 21116
	21  -  MemoryUsage of job (MB)
	21116  -  ResidentSetSize of job (KB)
...
006 (844501.000.000) 08/15 18:46:08 Image size of job updated: 5302808
	5179  -  MemoryUsage of job (MB)
	5302808  -  ResidentSetSize of job (KB)
...
006 (844501.000.000) 08/15 18:51:09 Image size of job updated: 6259088
	6113  -  MemoryUsage of job (MB)
	6259088  -  ResidentSetSize of job (KB)
...
006 (844501.000.000) 08/15 18:56:09 Image size of job updated: 6260372
	6114  -  MemoryUsage of job (MB)
	6260372  -  ResidentSetSize of job (KB)
...
006 (844501.000.000) 08/15 19:01:10 Image size of job updated: 6832872
	6673  -  MemoryUsage of job (MB)
	6832872  -  ResidentSetSize of job (KB)
...
005 (844501.000.000) 08/15 19:02:43 Job terminated.
	(1) Normal termination (return value 0)
		Usr 0 00:23:30, Sys 0 00:00:32  -  Run Remote Usage
		Usr 0 00:00:00, Sys 0 00:00:00  -  Run Local Usage
		Usr 0 00:23:30, Sys 0 00:00:32  -  Total Remote Usage
		Usr 0 00:00:00, Sys 0 00:00:00  -  Total Local Usage
	1229  -  Run Bytes Sent By Job
	404  -  Run Bytes Received By Job
	1229  -  Total Bytes Sent By Job
	404  -  Total Bytes Received By Job
	Partitionable Resources :    Usage  Request Allocated 
	   Cpus                 :     0.52        1         1 
	   Disk (KB)            :   802           1 479749220 
	   Memory (MB)          :  6673        7900      8033 
...
