000 (844906.000.000) 08/15 13:30:43 Job submitted from host: <172.20.3.187:9618?addrs=172.20.3.187-9618&noUDP&sock=2043_e813_3>
...
001 (844906.000.000) 08/15 19:10:03 Job executing on host: <172.20.225.2:9618?addrs=172.20.225.2-9618&noUDP&sock=3424_285d_3>
...
006 (844906.000.000) 08/15 19:10:12 Image size of job updated: 21132
	21  -  MemoryUsage of job (MB)
	21132  -  ResidentSetSize of job (KB)
...
006 (844906.000.000) 08/15 19:15:13 Image size of job updated: 5302460
	5179  -  MemoryUsage of job (MB)
	5302460  -  ResidentSetSize of job (KB)
...
006 (844906.000.000) 08/15 19:20:14 Image size of job updated: 5302592
	5179  -  MemoryUsage of job (MB)
	5302592  -  ResidentSetSize of job (KB)
...
006 (844906.000.000) 08/15 19:25:14 Image size of job updated: 6258788
	6113  -  MemoryUsage of job (MB)
	6258788  -  ResidentSetSize of job (KB)
...
006 (844906.000.000) 08/15 19:30:14 Image size of job updated: 6384292
	6235  -  MemoryUsage of job (MB)
	6384292  -  ResidentSetSize of job (KB)
...
006 (844906.000.000) 08/15 19:32:42 Image size of job updated: 6878876
	6235  -  MemoryUsage of job (MB)
	6384312  -  ResidentSetSize of job (KB)
...
005 (844906.000.000) 08/15 19:32:42 Job terminated.
	(1) Normal termination (return value 0)
		Usr 0 00:23:23, Sys 0 00:00:34  -  Run Remote Usage
		Usr 0 00:00:00, Sys 0 00:00:00  -  Run Local Usage
		Usr 0 00:23:23, Sys 0 00:00:34  -  Total Remote Usage
		Usr 0 00:00:00, Sys 0 00:00:00  -  Total Local Usage
	1229  -  Run Bytes Sent By Job
	404  -  Run Bytes Received By Job
	1229  -  Total Bytes Sent By Job
	404  -  Total Bytes Received By Job
	Partitionable Resources :    Usage  Request Allocated 
	   Cpus                 :     0.83        1         1 
	   Disk (KB)            :   802           1 479786084 
	   Memory (MB)          :  6235        7900      8033 
...
