000 (841264.000.000) 08/15 13:26:44 Job submitted from host: <172.20.3.187:9618?addrs=172.20.3.187-9618&noUDP&sock=2043_e813_3>
...
001 (841264.000.000) 08/15 15:01:23 Job executing on host: <172.20.225.4:9618?addrs=172.20.225.4-9618&noUDP&sock=3366_5fdf_3>
...
006 (841264.000.000) 08/15 15:01:32 Image size of job updated: 21124
	21  -  MemoryUsage of job (MB)
	21124  -  ResidentSetSize of job (KB)
...
005 (841264.000.000) 08/15 15:02:18 Job terminated.
	(1) Normal termination (return value 1)
		Usr 0 00:00:09, Sys 0 00:00:01  -  Run Remote Usage
		Usr 0 00:00:00, Sys 0 00:00:00  -  Run Local Usage
		Usr 0 00:00:09, Sys 0 00:00:01  -  Total Remote Usage
		Usr 0 00:00:00, Sys 0 00:00:00  -  Total Local Usage
	1434  -  Run Bytes Sent By Job
	400  -  Run Bytes Received By Job
	1434  -  Total Bytes Sent By Job
	400  -  Total Bytes Received By Job
	Partitionable Resources :    Usage  Request Allocated 
	   Cpus                 :     0.42        1         1 
	   Disk (KB)            :   803           1 479779449 
	   Memory (MB)          :    21        7900      8033 
...
000 (846378.000.000) 08/16 03:54:10 Job submitted from host: <172.20.3.187:9618?addrs=172.20.3.187-9618&noUDP&sock=2043_e813_3>
...
001 (846378.000.000) 08/16 05:30:13 Job executing on host: <172.20.225.8:9618?addrs=172.20.225.8-9618&noUDP&sock=3440_21e1_3>
...
006 (846378.000.000) 08/16 05:30:22 Image size of job updated: 21120
	21  -  MemoryUsage of job (MB)
	21120  -  ResidentSetSize of job (KB)
...
006 (846378.000.000) 08/16 05:35:23 Image size of job updated: 4919324
	4805  -  MemoryUsage of job (MB)
	4919324  -  ResidentSetSize of job (KB)
...
006 (846378.000.000) 08/16 05:40:24 Image size of job updated: 4919424
	4805  -  MemoryUsage of job (MB)
	4919424  -  ResidentSetSize of job (KB)
...
006 (846378.000.000) 08/16 05:45:24 Image size of job updated: 5875796
	5739  -  MemoryUsage of job (MB)
	5875796  -  ResidentSetSize of job (KB)
...
006 (846378.000.000) 08/16 05:50:26 Image size of job updated: 6180444
	6035  -  MemoryUsage of job (MB)
	6179496  -  ResidentSetSize of job (KB)
...
006 (846378.000.000) 08/16 05:52:17 Image size of job updated: 14802880
	6035  -  MemoryUsage of job (MB)
	6179496  -  ResidentSetSize of job (KB)
...
005 (846378.000.000) 08/16 05:52:17 Job terminated.
	(1) Normal termination (return value 0)
		Usr 0 00:21:31, Sys 0 00:00:32  -  Run Remote Usage
		Usr 0 00:00:00, Sys 0 00:00:00  -  Run Local Usage
		Usr 0 00:21:31, Sys 0 00:00:32  -  Total Remote Usage
		Usr 0 00:00:00, Sys 0 00:00:00  -  Total Local Usage
	1222  -  Run Bytes Sent By Job
	400  -  Run Bytes Received By Job
	1222  -  Total Bytes Sent By Job
	400  -  Total Bytes Received By Job
	Partitionable Resources :    Usage  Request Allocated 
	   Cpus                 :     0.65        1         1 
	   Disk (KB)            :   802           1 479737977 
	   Memory (MB)          :  6035        7900      8033 
...
