000 (840196.000.000) 08/15 13:25:34 Job submitted from host: <172.20.3.187:9618?addrs=172.20.3.187-9618&noUDP&sock=2043_e813_3>
...
001 (840196.000.000) 08/15 14:21:57 Job executing on host: <172.20.225.5:9618?addrs=172.20.225.5-9618&noUDP&sock=3375_8c39_3>
...
006 (840196.000.000) 08/15 14:22:06 Image size of job updated: 21124
	21  -  MemoryUsage of job (MB)
	21124  -  ResidentSetSize of job (KB)
...
006 (840196.000.000) 08/15 14:27:06 Image size of job updated: 5055628
	4938  -  MemoryUsage of job (MB)
	5055628  -  ResidentSetSize of job (KB)
...
006 (840196.000.000) 08/15 14:32:06 Image size of job updated: 6011792
	5871  -  MemoryUsage of job (MB)
	6011792  -  ResidentSetSize of job (KB)
...
006 (840196.000.000) 08/15 14:37:07 Image size of job updated: 6017868
	5877  -  MemoryUsage of job (MB)
	6017868  -  ResidentSetSize of job (KB)
...
005 (840196.000.000) 08/15 14:41:16 Job terminated.
	(1) Normal termination (return value 0)
		Usr 0 00:23:16, Sys 0 00:00:37  -  Run Remote Usage
		Usr 0 00:00:00, Sys 0 00:00:00  -  Run Local Usage
		Usr 0 00:23:16, Sys 0 00:00:37  -  Total Remote Usage
		Usr 0 00:00:00, Sys 0 00:00:00  -  Total Local Usage
	1226  -  Run Bytes Sent By Job
	403  -  Run Bytes Received By Job
	1226  -  Total Bytes Sent By Job
	403  -  Total Bytes Received By Job
	Partitionable Resources :    Usage  Request Allocated 
	   Cpus                 :     0.66        1         1 
	   Disk (KB)            :   802           1 479749220 
	   Memory (MB)          :  5877        7900      8033 
...
