000 (844205.000.000) 08/15 13:29:56 Job submitted from host: <172.20.3.187:9618?addrs=172.20.3.187-9618&noUDP&sock=2043_e813_3>
...
001 (844205.000.000) 08/15 18:19:00 Job executing on host: <172.20.225.8:9618?addrs=172.20.225.8-9618&noUDP&sock=3440_21e1_3>
...
006 (844205.000.000) 08/15 18:19:09 Image size of job updated: 21108
	21  -  MemoryUsage of job (MB)
	21108  -  ResidentSetSize of job (KB)
...
006 (844205.000.000) 08/15 18:24:10 Image size of job updated: 4980168
	4864  -  MemoryUsage of job (MB)
	4980168  -  ResidentSetSize of job (KB)
...
006 (844205.000.000) 08/15 18:29:12 Image size of job updated: 5936332
	5798  -  MemoryUsage of job (MB)
	5936332  -  ResidentSetSize of job (KB)
...
006 (844205.000.000) 08/15 18:34:11 Image size of job updated: 5936648
	5798  -  MemoryUsage of job (MB)
	5936648  -  ResidentSetSize of job (KB)
...
006 (844205.000.000) 08/15 18:39:12 Image size of job updated: 6307768
	6160  -  MemoryUsage of job (MB)
	6307040  -  ResidentSetSize of job (KB)
...
006 (844205.000.000) 08/15 18:41:54 Image size of job updated: 12667564
	6160  -  MemoryUsage of job (MB)
	6307040  -  ResidentSetSize of job (KB)
...
005 (844205.000.000) 08/15 18:41:54 Job terminated.
	(1) Normal termination (return value 0)
		Usr 0 00:23:00, Sys 0 00:00:35  -  Run Remote Usage
		Usr 0 00:00:00, Sys 0 00:00:00  -  Run Local Usage
		Usr 0 00:23:00, Sys 0 00:00:35  -  Total Remote Usage
		Usr 0 00:00:00, Sys 0 00:00:00  -  Total Local Usage
	1225  -  Run Bytes Sent By Job
	400  -  Run Bytes Received By Job
	1225  -  Total Bytes Sent By Job
	400  -  Total Bytes Received By Job
	Partitionable Resources :    Usage  Request Allocated 
	   Cpus                 :     0.64        1         1 
	   Disk (KB)            :   802           1 479737977 
	   Memory (MB)          :  6160        7900      8033 
...
