000 (840601.000.000) 08/15 13:26:01 Job submitted from host: <172.20.3.187:9618?addrs=172.20.3.187-9618&noUDP&sock=2043_e813_3>
...
001 (840601.000.000) 08/15 14:49:58 Job executing on host: <172.20.225.1:9618?addrs=172.20.225.1-9618&noUDP&sock=3382_5963_3>
...
006 (840601.000.000) 08/15 14:50:06 Image size of job updated: 21112
	21  -  MemoryUsage of job (MB)
	21112  -  ResidentSetSize of job (KB)
...
005 (840601.000.000) 08/15 14:51:04 Job terminated.
	(1) Normal termination (return value 1)
		Usr 0 00:00:16, Sys 0 00:00:01  -  Run Remote Usage
		Usr 0 00:00:00, Sys 0 00:00:00  -  Run Local Usage
		Usr 0 00:00:16, Sys 0 00:00:01  -  Total Remote Usage
		Usr 0 00:00:00, Sys 0 00:00:00  -  Total Local Usage
	1437  -  Run Bytes Sent By Job
	398  -  Run Bytes Received By Job
	1437  -  Total Bytes Sent By Job
	398  -  Total Bytes Received By Job
	Partitionable Resources :    Usage  Request Allocated 
	   Cpus                 :     0.58        1         1 
	   Disk (KB)            :   803           1 479786105 
	   Memory (MB)          :    21        7900      8033 
...
000 (845919.000.000) 08/16 03:53:41 Job submitted from host: <172.20.3.187:9618?addrs=172.20.3.187-9618&noUDP&sock=2043_e813_3>
...
001 (845919.000.000) 08/16 04:46:07 Job executing on host: <172.20.225.5:9618?addrs=172.20.225.5-9618&noUDP&sock=3375_8c39_3>
...
006 (845919.000.000) 08/16 04:46:16 Image size of job updated: 21120
	21  -  MemoryUsage of job (MB)
	21120  -  ResidentSetSize of job (KB)
...
006 (845919.000.000) 08/16 04:51:17 Image size of job updated: 5035216
	4918  -  MemoryUsage of job (MB)
	5035216  -  ResidentSetSize of job (KB)
...
006 (845919.000.000) 08/16 04:56:17 Image size of job updated: 5035344
	4918  -  MemoryUsage of job (MB)
	5035344  -  ResidentSetSize of job (KB)
...
006 (845919.000.000) 08/16 05:01:18 Image size of job updated: 5991544
	5852  -  MemoryUsage of job (MB)
	5991544  -  ResidentSetSize of job (KB)
...
006 (845919.000.000) 08/16 05:06:19 Image size of job updated: 7227692
	7057  -  MemoryUsage of job (MB)
	7226080  -  ResidentSetSize of job (KB)
...
005 (845919.000.000) 08/16 05:07:27 Job terminated.
	(1) Normal termination (return value 0)
		Usr 0 00:21:48, Sys 0 00:00:27  -  Run Remote Usage
		Usr 0 00:00:00, Sys 0 00:00:00  -  Run Local Usage
		Usr 0 00:21:48, Sys 0 00:00:27  -  Total Remote Usage
		Usr 0 00:00:00, Sys 0 00:00:00  -  Total Local Usage
	1223  -  Run Bytes Sent By Job
	398  -  Run Bytes Received By Job
	1223  -  Total Bytes Sent By Job
	398  -  Total Bytes Received By Job
	Partitionable Resources :    Usage  Request Allocated 
	   Cpus                 :     0.74        1         1 
	   Disk (KB)            :   802           1 479749220 
	   Memory (MB)          :  7057        7900      8033 
...
