000 (840633.000.000) 08/15 13:26:03 Job submitted from host: <172.20.3.187:9618?addrs=172.20.3.187-9618&noUDP&sock=2043_e813_3>
...
001 (840633.000.000) 08/15 14:50:16 Job executing on host: <172.20.225.5:9618?addrs=172.20.225.5-9618&noUDP&sock=3375_8c39_3>
...
006 (840633.000.000) 08/15 14:50:25 Image size of job updated: 21116
	21  -  MemoryUsage of job (MB)
	21116  -  ResidentSetSize of job (KB)
...
006 (840633.000.000) 08/15 14:51:20 Image size of job updated: 4226160
	21  -  MemoryUsage of job (MB)
	21116  -  ResidentSetSize of job (KB)
...
005 (840633.000.000) 08/15 14:51:20 Job terminated.
	(1) Normal termination (return value 1)
		Usr 0 00:00:17, Sys 0 00:00:01  -  Run Remote Usage
		Usr 0 00:00:00, Sys 0 00:00:00  -  Run Local Usage
		Usr 0 00:00:17, Sys 0 00:00:01  -  Total Remote Usage
		Usr 0 00:00:00, Sys 0 00:00:00  -  Total Local Usage
	1437  -  Run Bytes Sent By Job
	398  -  Run Bytes Received By Job
	1437  -  Total Bytes Sent By Job
	398  -  Total Bytes Received By Job
	Partitionable Resources :    Usage  Request Allocated 
	   Cpus                 :     0.45        1         1 
	   Disk (KB)            :   803           1 479749220 
	   Memory (MB)          :    21        7900      8033 
...
000 (845951.000.000) 08/16 03:53:43 Job submitted from host: <172.20.3.187:9618?addrs=172.20.3.187-9618&noUDP&sock=2043_e813_3>
...
001 (845951.000.000) 08/16 04:55:08 Job executing on host: <172.20.225.1:9618?addrs=172.20.225.1-9618&noUDP&sock=3382_5963_3>
...
006 (845951.000.000) 08/16 04:55:16 Image size of job updated: 21108
	21  -  MemoryUsage of job (MB)
	21108  -  ResidentSetSize of job (KB)
...
006 (845951.000.000) 08/16 05:00:16 Image size of job updated: 5035508
	4918  -  MemoryUsage of job (MB)
	5035508  -  ResidentSetSize of job (KB)
...
006 (845951.000.000) 08/16 05:05:17 Image size of job updated: 5991680
	5852  -  MemoryUsage of job (MB)
	5991680  -  ResidentSetSize of job (KB)
...
006 (845951.000.000) 08/16 05:10:17 Image size of job updated: 5997820
	5858  -  MemoryUsage of job (MB)
	5997772  -  ResidentSetSize of job (KB)
...
006 (845951.000.000) 08/16 05:13:47 Image size of job updated: 19265820
	5858  -  MemoryUsage of job (MB)
	5997772  -  ResidentSetSize of job (KB)
...
005 (845951.000.000) 08/16 05:13:47 Job terminated.
	(1) Normal termination (return value 0)
		Usr 0 00:22:30, Sys 0 00:00:29  -  Run Remote Usage
		Usr 0 00:00:00, Sys 0 00:00:00  -  Run Local Usage
		Usr 0 00:22:30, Sys 0 00:00:29  -  Total Remote Usage
		Usr 0 00:00:00, Sys 0 00:00:00  -  Total Local Usage
	1223  -  Run Bytes Sent By Job
	398  -  Run Bytes Received By Job
	1223  -  Total Bytes Sent By Job
	398  -  Total Bytes Received By Job
	Partitionable Resources :    Usage  Request Allocated 
	   Cpus                 :     0.99        1         1 
	   Disk (KB)            :   802           1 479786105 
	   Memory (MB)          :  5858        7900      8033 
...
