000 (843559.000.000) 08/15 13:29:14 Job submitted from host: <172.20.3.187:9618?addrs=172.20.3.187-9618&noUDP&sock=2043_e813_3>
...
001 (843559.000.000) 08/15 17:51:18 Job executing on host: <172.20.225.5:9618?addrs=172.20.225.5-9618&noUDP&sock=3375_8c39_3>
...
006 (843559.000.000) 08/15 17:51:27 Image size of job updated: 21116
	21  -  MemoryUsage of job (MB)
	21116  -  ResidentSetSize of job (KB)
...
005 (843559.000.000) 08/15 17:52:18 Job terminated.
	(1) Normal termination (return value 1)
		Usr 0 00:00:15, Sys 0 00:00:01  -  Run Remote Usage
		Usr 0 00:00:00, Sys 0 00:00:00  -  Run Local Usage
		Usr 0 00:00:15, Sys 0 00:00:01  -  Total Remote Usage
		Usr 0 00:00:00, Sys 0 00:00:00  -  Total Local Usage
	1437  -  Run Bytes Sent By Job
	393  -  Run Bytes Received By Job
	1437  -  Total Bytes Sent By Job
	393  -  Total Bytes Received By Job
	Partitionable Resources :    Usage  Request Allocated 
	   Cpus                 :     0.73        1         1 
	   Disk (KB)            :   803           1 479749220 
	   Memory (MB)          :    21        7900      8033 
...
000 (846825.000.000) 08/16 03:54:39 Job submitted from host: <172.20.3.187:9618?addrs=172.20.3.187-9618&noUDP&sock=2043_e813_3>
...
001 (846825.000.000) 08/16 06:00:32 Job executing on host: <172.20.225.5:9618?addrs=172.20.225.5-9618&noUDP&sock=3375_8c39_3>
...
006 (846825.000.000) 08/16 06:00:41 Image size of job updated: 20796
	21  -  MemoryUsage of job (MB)
	20796  -  ResidentSetSize of job (KB)
...
006 (846825.000.000) 08/16 06:05:42 Image size of job updated: 5009848
	4893  -  MemoryUsage of job (MB)
	5009848  -  ResidentSetSize of job (KB)
...
006 (846825.000.000) 08/16 06:10:43 Image size of job updated: 5010012
	4893  -  MemoryUsage of job (MB)
	5010012  -  ResidentSetSize of job (KB)
...
006 (846825.000.000) 08/16 06:15:43 Image size of job updated: 5966380
	5827  -  MemoryUsage of job (MB)
	5966380  -  ResidentSetSize of job (KB)
...
006 (846825.000.000) 08/16 06:20:44 Image size of job updated: 7238304
	7069  -  MemoryUsage of job (MB)
	7238300  -  ResidentSetSize of job (KB)
...
006 (846825.000.000) 08/16 06:23:07 Image size of job updated: 7461408
	7069  -  MemoryUsage of job (MB)
	7238304  -  ResidentSetSize of job (KB)
...
005 (846825.000.000) 08/16 06:23:07 Job terminated.
	(1) Normal termination (return value 0)
		Usr 0 00:22:35, Sys 0 00:00:29  -  Run Remote Usage
		Usr 0 00:00:00, Sys 0 00:00:00  -  Run Local Usage
		Usr 0 00:22:35, Sys 0 00:00:29  -  Total Remote Usage
		Usr 0 00:00:00, Sys 0 00:00:00  -  Total Local Usage
	1218  -  Run Bytes Sent By Job
	393  -  Run Bytes Received By Job
	1218  -  Total Bytes Sent By Job
	393  -  Total Bytes Received By Job
	Partitionable Resources :    Usage  Request Allocated 
	   Cpus                 :     0.67        1         1 
	   Disk (KB)            :   803           1 479749220 
	   Memory (MB)          :  7069        7900      8033 
...
