000 (844727.000.000) 08/15 13:30:31 Job submitted from host: <172.20.3.187:9618?addrs=172.20.3.187-9618&noUDP&sock=2043_e813_3>
...
001 (844727.000.000) 08/15 18:50:02 Job executing on host: <172.20.225.8:9618?addrs=172.20.225.8-9618&noUDP&sock=3440_21e1_3>
...
006 (844727.000.000) 08/15 18:50:11 Image size of job updated: 21116
	21  -  MemoryUsage of job (MB)
	21116  -  ResidentSetSize of job (KB)
...
006 (844727.000.000) 08/15 18:55:12 Image size of job updated: 5302468
	5179  -  MemoryUsage of job (MB)
	5302468  -  ResidentSetSize of job (KB)
...
006 (844727.000.000) 08/15 19:00:13 Image size of job updated: 5302604
	5179  -  MemoryUsage of job (MB)
	5302604  -  ResidentSetSize of job (KB)
...
006 (844727.000.000) 08/15 19:05:14 Image size of job updated: 6258796
	6113  -  MemoryUsage of job (MB)
	6258796  -  ResidentSetSize of job (KB)
...
006 (844727.000.000) 08/15 19:10:13 Image size of job updated: 6264764
	6118  -  MemoryUsage of job (MB)
	6264764  -  ResidentSetSize of job (KB)
...
006 (844727.000.000) 08/15 19:13:59 Image size of job updated: 14091752
	6118  -  MemoryUsage of job (MB)
	6264764  -  ResidentSetSize of job (KB)
...
005 (844727.000.000) 08/15 19:13:59 Job terminated.
	(1) Normal termination (return value 0)
		Usr 0 00:23:45, Sys 0 00:00:33  -  Run Remote Usage
		Usr 0 00:00:00, Sys 0 00:00:00  -  Run Local Usage
		Usr 0 00:23:45, Sys 0 00:00:33  -  Total Remote Usage
		Usr 0 00:00:00, Sys 0 00:00:00  -  Total Local Usage
	1229  -  Run Bytes Sent By Job
	404  -  Run Bytes Received By Job
	1229  -  Total Bytes Sent By Job
	404  -  Total Bytes Received By Job
	Partitionable Resources :    Usage  Request Allocated 
	   Cpus                 :     0.71        1         1 
	   Disk (KB)            :   802           1 479737977 
	   Memory (MB)          :  6118        7900      8033 
...
