000 (842788.000.000) 08/15 13:28:22 Job submitted from host: <172.20.3.187:9618?addrs=172.20.3.187-9618&noUDP&sock=2043_e813_3>
...
001 (842788.000.000) 08/15 16:48:00 Job executing on host: <172.20.225.6:9618?addrs=172.20.225.6-9618&noUDP&sock=3382_5963_3>
...
006 (842788.000.000) 08/15 16:48:09 Image size of job updated: 21100
	21  -  MemoryUsage of job (MB)
	21100  -  ResidentSetSize of job (KB)
...
006 (842788.000.000) 08/15 16:53:10 Image size of job updated: 5245656
	5123  -  MemoryUsage of job (MB)
	5245656  -  ResidentSetSize of job (KB)
...
006 (842788.000.000) 08/15 16:58:11 Image size of job updated: 6201824
	6057  -  MemoryUsage of job (MB)
	6201824  -  ResidentSetSize of job (KB)
...
006 (842788.000.000) 08/15 17:03:11 Image size of job updated: 6202128
	6057  -  MemoryUsage of job (MB)
	6202128  -  ResidentSetSize of job (KB)
...
006 (842788.000.000) 08/15 17:08:12 Image size of job updated: 6677928
	6498  -  MemoryUsage of job (MB)
	6653644  -  ResidentSetSize of job (KB)
...
005 (842788.000.000) 08/15 17:09:12 Job terminated.
	(1) Normal termination (return value 0)
		Usr 0 00:22:38, Sys 0 00:00:34  -  Run Remote Usage
		Usr 0 00:00:00, Sys 0 00:00:00  -  Run Local Usage
		Usr 0 00:22:38, Sys 0 00:00:34  -  Total Remote Usage
		Usr 0 00:00:00, Sys 0 00:00:00  -  Total Local Usage
	1229  -  Run Bytes Sent By Job
	404  -  Run Bytes Received By Job
	1229  -  Total Bytes Sent By Job
	404  -  Total Bytes Received By Job
	Partitionable Resources :    Usage  Request Allocated 
	   Cpus                 :     1.00        1         1 
	   Disk (KB)            :   802           1 479749220 
	   Memory (MB)          :  6498        7900      8033 
...
