000 (837899.000.000) 08/15 12:24:37 Job submitted from host: <172.20.3.187:9618?addrs=172.20.3.187-9618&noUDP&sock=2043_e813_3>
...
001 (837899.000.000) 08/15 12:35:00 Job executing on host: <172.20.225.1:9618?addrs=172.20.225.1-9618&noUDP&sock=3382_5963_3>
...
006 (837899.000.000) 08/15 12:35:09 Image size of job updated: 21124
	21  -  MemoryUsage of job (MB)
	21124  -  ResidentSetSize of job (KB)
...
005 (837899.000.000) 08/15 12:36:09 Job terminated.
	(1) Normal termination (return value 1)
		Usr 0 00:00:15, Sys 0 00:00:02  -  Run Remote Usage
		Usr 0 00:00:00, Sys 0 00:00:00  -  Run Local Usage
		Usr 0 00:00:15, Sys 0 00:00:02  -  Total Remote Usage
		Usr 0 00:00:00, Sys 0 00:00:00  -  Total Local Usage
	1435  -  Run Bytes Sent By Job
	396  -  Run Bytes Received By Job
	1435  -  Total Bytes Sent By Job
	396  -  Total Bytes Received By Job
	Partitionable Resources :    Usage  Request Allocated 
	   Cpus                 :     0.23        1         1 
	   Disk (KB)            :   803           1 479786105 
	   Memory (MB)          :    21        7900      8033 
...
000 (840497.000.000) 08/15 13:25:54 Job submitted from host: <172.20.3.187:9618?addrs=172.20.3.187-9618&noUDP&sock=2043_e813_3>
...
001 (840497.000.000) 08/15 14:46:58 Job executing on host: <172.20.225.5:9618?addrs=172.20.225.5-9618&noUDP&sock=3375_8c39_3>
...
006 (840497.000.000) 08/15 14:47:07 Image size of job updated: 21124
	21  -  MemoryUsage of job (MB)
	21124  -  ResidentSetSize of job (KB)
...
006 (840497.000.000) 08/15 14:47:51 Image size of job updated: 4222504
	21  -  MemoryUsage of job (MB)
	21124  -  ResidentSetSize of job (KB)
...
005 (840497.000.000) 08/15 14:47:51 Job terminated.
	(1) Normal termination (return value 1)
		Usr 0 00:00:11, Sys 0 00:00:01  -  Run Remote Usage
		Usr 0 00:00:00, Sys 0 00:00:00  -  Run Local Usage
		Usr 0 00:00:11, Sys 0 00:00:01  -  Total Remote Usage
		Usr 0 00:00:00, Sys 0 00:00:00  -  Total Local Usage
	1433  -  Run Bytes Sent By Job
	396  -  Run Bytes Received By Job
	1433  -  Total Bytes Sent By Job
	396  -  Total Bytes Received By Job
	Partitionable Resources :    Usage  Request Allocated 
	   Cpus                 :     0.10        1         1 
	   Disk (KB)            :   802           1 479749220 
	   Memory (MB)          :    21        7900      8033 
...
000 (845815.000.000) 08/16 03:53:34 Job submitted from host: <172.20.3.187:9618?addrs=172.20.3.187-9618&noUDP&sock=2043_e813_3>
...
001 (845815.000.000) 08/16 04:42:19 Job executing on host: <172.20.225.1:9618?addrs=172.20.225.1-9618&noUDP&sock=3382_5963_3>
...
006 (845815.000.000) 08/16 04:42:27 Image size of job updated: 21124
	21  -  MemoryUsage of job (MB)
	21124  -  ResidentSetSize of job (KB)
...
006 (845815.000.000) 08/16 04:47:27 Image size of job updated: 5035380
	4918  -  MemoryUsage of job (MB)
	5035360  -  ResidentSetSize of job (KB)
...
006 (845815.000.000) 08/16 04:52:28 Image size of job updated: 5035460
	4918  -  MemoryUsage of job (MB)
	5035460  -  ResidentSetSize of job (KB)
...
006 (845815.000.000) 08/16 04:57:29 Image size of job updated: 5991832
	5852  -  MemoryUsage of job (MB)
	5991832  -  ResidentSetSize of job (KB)
...
006 (845815.000.000) 08/16 05:02:30 Image size of job updated: 6159700
	6009  -  MemoryUsage of job (MB)
	6153208  -  ResidentSetSize of job (KB)
...
006 (845815.000.000) 08/16 05:04:24 Image size of job updated: 13760048
	6011  -  MemoryUsage of job (MB)
	6154944  -  ResidentSetSize of job (KB)
...
005 (845815.000.000) 08/16 05:04:24 Job terminated.
	(1) Normal termination (return value 0)
		Usr 0 00:21:10, Sys 0 00:00:29  -  Run Remote Usage
		Usr 0 00:00:00, Sys 0 00:00:00  -  Run Local Usage
		Usr 0 00:21:10, Sys 0 00:00:29  -  Total Remote Usage
		Usr 0 00:00:00, Sys 0 00:00:00  -  Total Local Usage
	1217  -  Run Bytes Sent By Job
	396  -  Run Bytes Received By Job
	1217  -  Total Bytes Sent By Job
	396  -  Total Bytes Received By Job
	Partitionable Resources :    Usage  Request Allocated 
	   Cpus                 :     0.82        1         1 
	   Disk (KB)            :   802           1 479786105 
	   Memory (MB)          :  6011        7900      8033 
...
