000 (842167.000.000) 08/15 13:27:42 Job submitted from host: <172.20.3.187:9618?addrs=172.20.3.187-9618&noUDP&sock=2043_e813_3>
...
001 (842167.000.000) 08/15 16:04:02 Job executing on host: <172.20.225.2:9618?addrs=172.20.225.2-9618&noUDP&sock=3424_285d_3>
...
006 (842167.000.000) 08/15 16:04:11 Image size of job updated: 21128
	21  -  MemoryUsage of job (MB)
	21128  -  ResidentSetSize of job (KB)
...
006 (842167.000.000) 08/15 16:09:14 Image size of job updated: 4935208
	4820  -  MemoryUsage of job (MB)
	4935208  -  ResidentSetSize of job (KB)
...
006 (842167.000.000) 08/15 16:14:12 Image size of job updated: 5891376
	5754  -  MemoryUsage of job (MB)
	5891376  -  ResidentSetSize of job (KB)
...
006 (842167.000.000) 08/15 16:19:13 Image size of job updated: 5892772
	5755  -  MemoryUsage of job (MB)
	5892772  -  ResidentSetSize of job (KB)
...
006 (842167.000.000) 08/15 16:24:14 Image size of job updated: 6480224
	6329  -  MemoryUsage of job (MB)
	6480160  -  ResidentSetSize of job (KB)
...
005 (842167.000.000) 08/15 16:26:41 Job terminated.
	(1) Normal termination (return value 0)
		Usr 0 00:23:36, Sys 0 00:00:33  -  Run Remote Usage
		Usr 0 00:00:00, Sys 0 00:00:00  -  Run Local Usage
		Usr 0 00:23:36, Sys 0 00:00:33  -  Total Remote Usage
		Usr 0 00:00:00, Sys 0 00:00:00  -  Total Local Usage
	1227  -  Run Bytes Sent By Job
	405  -  Run Bytes Received By Job
	1227  -  Total Bytes Sent By Job
	405  -  Total Bytes Received By Job
	Partitionable Resources :    Usage  Request Allocated 
	   Cpus                 :     0.95        1         1 
	   Disk (KB)            :   802           1 479786084 
	   Memory (MB)          :  6329        7900      8033 
...
