000 (844774.000.000) 08/15 13:30:34 Job submitted from host: <172.20.3.187:9618?addrs=172.20.3.187-9618&noUDP&sock=2043_e813_3>
...
001 (844774.000.000) 08/15 18:59:01 Job executing on host: <172.20.225.8:9618?addrs=172.20.225.8-9618&noUDP&sock=3440_21e1_3>
...
006 (844774.000.000) 08/15 18:59:10 Image size of job updated: 21124
	21  -  MemoryUsage of job (MB)
	21124  -  ResidentSetSize of job (KB)
...
006 (844774.000.000) 08/15 19:04:12 Image size of job updated: 5302464
	5179  -  MemoryUsage of job (MB)
	5302464  -  ResidentSetSize of job (KB)
...
006 (844774.000.000) 08/15 19:09:13 Image size of job updated: 5302608
	5179  -  MemoryUsage of job (MB)
	5302608  -  ResidentSetSize of job (KB)
...
006 (844774.000.000) 08/15 19:14:13 Image size of job updated: 6258984
	6113  -  MemoryUsage of job (MB)
	6258984  -  ResidentSetSize of job (KB)
...
006 (844774.000.000) 08/15 19:19:13 Image size of job updated: 6693936
	6538  -  MemoryUsage of job (MB)
	6693936  -  ResidentSetSize of job (KB)
...
006 (844774.000.000) 08/15 19:20:19 Image size of job updated: 11940008
	6538  -  MemoryUsage of job (MB)
	6693936  -  ResidentSetSize of job (KB)
...
005 (844774.000.000) 08/15 19:20:19 Job terminated.
	(1) Normal termination (return value 0)
		Usr 0 00:23:27, Sys 0 00:00:31  -  Run Remote Usage
		Usr 0 00:00:00, Sys 0 00:00:00  -  Run Local Usage
		Usr 0 00:23:27, Sys 0 00:00:31  -  Total Remote Usage
		Usr 0 00:00:00, Sys 0 00:00:00  -  Total Local Usage
	1229  -  Run Bytes Sent By Job
	404  -  Run Bytes Received By Job
	1229  -  Total Bytes Sent By Job
	404  -  Total Bytes Received By Job
	Partitionable Resources :    Usage  Request Allocated 
	   Cpus                 :     1.00        1         1 
	   Disk (KB)            :   802           1 479737977 
	   Memory (MB)          :  6538        7900      8033 
...
