000 (844853.000.000) 08/15 13:30:39 Job submitted from host: <172.20.3.187:9618?addrs=172.20.3.187-9618&noUDP&sock=2043_e813_3>
...
001 (844853.000.000) 08/15 19:08:03 Job executing on host: <172.20.225.2:9618?addrs=172.20.225.2-9618&noUDP&sock=3424_285d_3>
...
006 (844853.000.000) 08/15 19:08:11 Image size of job updated: 21120
	21  -  MemoryUsage of job (MB)
	21120  -  ResidentSetSize of job (KB)
...
006 (844853.000.000) 08/15 19:13:11 Image size of job updated: 5302780
	5179  -  MemoryUsage of job (MB)
	5302780  -  ResidentSetSize of job (KB)
...
006 (844853.000.000) 08/15 19:18:12 Image size of job updated: 5302908
	5179  -  MemoryUsage of job (MB)
	5302908  -  ResidentSetSize of job (KB)
...
006 (844853.000.000) 08/15 19:23:13 Image size of job updated: 6259108
	6113  -  MemoryUsage of job (MB)
	6259108  -  ResidentSetSize of job (KB)
...
006 (844853.000.000) 08/15 19:28:13 Image size of job updated: 6265072
	6119  -  MemoryUsage of job (MB)
	6265072  -  ResidentSetSize of job (KB)
...
006 (844853.000.000) 08/15 19:31:25 Image size of job updated: 6639332
	6119  -  MemoryUsage of job (MB)
	6265072  -  ResidentSetSize of job (KB)
...
005 (844853.000.000) 08/15 19:31:25 Job terminated.
	(1) Normal termination (return value 0)
		Usr 0 00:23:40, Sys 0 00:00:38  -  Run Remote Usage
		Usr 0 00:00:00, Sys 0 00:00:00  -  Run Local Usage
		Usr 0 00:23:40, Sys 0 00:00:38  -  Total Remote Usage
		Usr 0 00:00:00, Sys 0 00:00:00  -  Total Local Usage
	1229  -  Run Bytes Sent By Job
	404  -  Run Bytes Received By Job
	1229  -  Total Bytes Sent By Job
	404  -  Total Bytes Received By Job
	Partitionable Resources :    Usage  Request Allocated 
	   Cpus                 :     0.87        1         1 
	   Disk (KB)            :   802           1 479786084 
	   Memory (MB)          :  6119        7900      8033 
...
