000 (843242.000.000) 08/15 13:28:53 Job submitted from host: <172.20.3.187:9618?addrs=172.20.3.187-9618&noUDP&sock=2043_e813_3>
...
001 (843242.000.000) 08/15 17:29:01 Job executing on host: <172.20.225.1:9618?addrs=172.20.225.1-9618&noUDP&sock=3382_5963_3>
...
006 (843242.000.000) 08/15 17:29:10 Image size of job updated: 21108
	21  -  MemoryUsage of job (MB)
	21108  -  ResidentSetSize of job (KB)
...
006 (843242.000.000) 08/15 17:34:11 Image size of job updated: 5245564
	5123  -  MemoryUsage of job (MB)
	5245564  -  ResidentSetSize of job (KB)
...
006 (843242.000.000) 08/15 17:39:13 Image size of job updated: 6201752
	6057  -  MemoryUsage of job (MB)
	6201752  -  ResidentSetSize of job (KB)
...
006 (843242.000.000) 08/15 17:44:13 Image size of job updated: 6203144
	6058  -  MemoryUsage of job (MB)
	6203144  -  ResidentSetSize of job (KB)
...
006 (843242.000.000) 08/15 17:49:13 Image size of job updated: 6602256
	6448  -  MemoryUsage of job (MB)
	6602132  -  ResidentSetSize of job (KB)
...
006 (843242.000.000) 08/15 17:51:26 Image size of job updated: 6602256
	6448  -  MemoryUsage of job (MB)
	6602136  -  ResidentSetSize of job (KB)
...
005 (843242.000.000) 08/15 17:51:26 Job terminated.
	(1) Normal termination (return value 0)
		Usr 0 00:24:18, Sys 0 00:00:31  -  Run Remote Usage
		Usr 0 00:00:00, Sys 0 00:00:00  -  Run Local Usage
		Usr 0 00:24:18, Sys 0 00:00:31  -  Total Remote Usage
		Usr 0 00:00:00, Sys 0 00:00:00  -  Total Local Usage
	1229  -  Run Bytes Sent By Job
	404  -  Run Bytes Received By Job
	1229  -  Total Bytes Sent By Job
	404  -  Total Bytes Received By Job
	Partitionable Resources :    Usage  Request Allocated 
	   Cpus                 :     0.71        1         1 
	   Disk (KB)            :   802           1 479786105 
	   Memory (MB)          :  6448        7900      8033 
...
