000 (839941.000.000) 08/15 13:25:18 Job submitted from host: <172.20.3.187:9618?addrs=172.20.3.187-9618&noUDP&sock=2043_e813_3>
...
001 (839941.000.000) 08/15 14:01:00 Job executing on host: <172.20.225.1:9618?addrs=172.20.225.1-9618&noUDP&sock=3382_5963_3>
...
006 (839941.000.000) 08/15 14:01:08 Image size of job updated: 21120
	21  -  MemoryUsage of job (MB)
	21120  -  ResidentSetSize of job (KB)
...
006 (839941.000.000) 08/15 14:06:09 Image size of job updated: 5003444
	4887  -  MemoryUsage of job (MB)
	5003444  -  ResidentSetSize of job (KB)
...
006 (839941.000.000) 08/15 14:11:09 Image size of job updated: 5959608
	5820  -  MemoryUsage of job (MB)
	5959608  -  ResidentSetSize of job (KB)
...
006 (839941.000.000) 08/15 14:16:09 Image size of job updated: 5959924
	5821  -  MemoryUsage of job (MB)
	5959924  -  ResidentSetSize of job (KB)
...
006 (839941.000.000) 08/15 14:21:10 Image size of job updated: 6381572
	6200  -  MemoryUsage of job (MB)
	6347948  -  ResidentSetSize of job (KB)
...
005 (839941.000.000) 08/15 14:23:11 Job terminated.
	(1) Normal termination (return value 0)
		Usr 0 00:22:17, Sys 0 00:00:32  -  Run Remote Usage
		Usr 0 00:00:00, Sys 0 00:00:00  -  Run Local Usage
		Usr 0 00:22:17, Sys 0 00:00:32  -  Total Remote Usage
		Usr 0 00:00:00, Sys 0 00:00:00  -  Total Local Usage
	1222  -  Run Bytes Sent By Job
	399  -  Run Bytes Received By Job
	1222  -  Total Bytes Sent By Job
	399  -  Total Bytes Received By Job
	Partitionable Resources :    Usage  Request Allocated 
	   Cpus                 :     0.62        1         1 
	   Disk (KB)            :   802           1 479786105 
	   Memory (MB)          :  6200        7900      8033 
...
