000 (840745.000.000) 08/15 13:26:10 Job submitted from host: <172.20.3.187:9618?addrs=172.20.3.187-9618&noUDP&sock=2043_e813_3>
...
001 (840745.000.000) 08/15 14:51:39 Job executing on host: <172.20.225.8:9618?addrs=172.20.225.8-9618&noUDP&sock=3440_21e1_3>
...
006 (840745.000.000) 08/15 14:51:47 Image size of job updated: 21112
	21  -  MemoryUsage of job (MB)
	21112  -  ResidentSetSize of job (KB)
...
006 (840745.000.000) 08/15 14:52:55 Image size of job updated: 433976
	21  -  MemoryUsage of job (MB)
	21112  -  ResidentSetSize of job (KB)
...
005 (840745.000.000) 08/15 14:53:00 Job terminated.
	(1) Normal termination (return value 1)
		Usr 0 00:00:22, Sys 0 00:00:01  -  Run Remote Usage
		Usr 0 00:00:00, Sys 0 00:00:00  -  Run Local Usage
		Usr 0 00:00:22, Sys 0 00:00:01  -  Total Remote Usage
		Usr 0 00:00:00, Sys 0 00:00:00  -  Total Local Usage
	1437  -  Run Bytes Sent By Job
	398  -  Run Bytes Received By Job
	1437  -  Total Bytes Sent By Job
	398  -  Total Bytes Received By Job
	Partitionable Resources :    Usage  Request Allocated 
	   Cpus                 :        0        1         1 
	   Disk (KB)            :      803        1 479737977 
	   Memory (MB)          :       21     7900      8033 
...
000 (846063.000.000) 08/16 03:53:50 Job submitted from host: <172.20.3.187:9618?addrs=172.20.3.187-9618&noUDP&sock=2043_e813_3>
...
001 (846063.000.000) 08/16 05:06:11 Job executing on host: <172.20.225.4:9618?addrs=172.20.225.4-9618&noUDP&sock=3366_5fdf_3>
...
006 (846063.000.000) 08/16 05:06:20 Image size of job updated: 21124
	21  -  MemoryUsage of job (MB)
	21124  -  ResidentSetSize of job (KB)
...
006 (846063.000.000) 08/16 05:11:21 Image size of job updated: 5035356
	4918  -  MemoryUsage of job (MB)
	5035356  -  ResidentSetSize of job (KB)
...
006 (846063.000.000) 08/16 05:16:21 Image size of job updated: 5035480
	4918  -  MemoryUsage of job (MB)
	5035480  -  ResidentSetSize of job (KB)
...
006 (846063.000.000) 08/16 05:21:22 Image size of job updated: 5991840
	5852  -  MemoryUsage of job (MB)
	5991840  -  ResidentSetSize of job (KB)
...
006 (846063.000.000) 08/16 05:26:23 Image size of job updated: 5997640
	5858  -  MemoryUsage of job (MB)
	5997640  -  ResidentSetSize of job (KB)
...
006 (846063.000.000) 08/16 05:29:23 Image size of job updated: 13621400
	5858  -  MemoryUsage of job (MB)
	5997640  -  ResidentSetSize of job (KB)
...
005 (846063.000.000) 08/16 05:29:23 Job terminated.
	(1) Normal termination (return value 0)
		Usr 0 00:22:14, Sys 0 00:00:31  -  Run Remote Usage
		Usr 0 00:00:00, Sys 0 00:00:00  -  Run Local Usage
		Usr 0 00:22:14, Sys 0 00:00:31  -  Total Remote Usage
		Usr 0 00:00:00, Sys 0 00:00:00  -  Total Local Usage
	1223  -  Run Bytes Sent By Job
	398  -  Run Bytes Received By Job
	1223  -  Total Bytes Sent By Job
	398  -  Total Bytes Received By Job
	Partitionable Resources :    Usage  Request Allocated 
	   Cpus                 :     0.66        1         1 
	   Disk (KB)            :   802           1 479779449 
	   Memory (MB)          :  5858        7900      8033 
...
