000 (842644.000.000) 08/15 13:28:13 Job submitted from host: <172.20.3.187:9618?addrs=172.20.3.187-9618&noUDP&sock=2043_e813_3>
...
001 (842644.000.000) 08/15 16:31:00 Job executing on host: <172.20.225.5:9618?addrs=172.20.225.5-9618&noUDP&sock=3375_8c39_3>
...
006 (842644.000.000) 08/15 16:31:09 Image size of job updated: 21132
	21  -  MemoryUsage of job (MB)
	21132  -  ResidentSetSize of job (KB)
...
006 (842644.000.000) 08/15 16:36:10 Image size of job updated: 4976484
	4860  -  MemoryUsage of job (MB)
	4976484  -  ResidentSetSize of job (KB)
...
006 (842644.000.000) 08/15 16:41:11 Image size of job updated: 5932960
	5794  -  MemoryUsage of job (MB)
	5932960  -  ResidentSetSize of job (KB)
...
006 (842644.000.000) 08/15 16:46:12 Image size of job updated: 6535412
	6383  -  MemoryUsage of job (MB)
	6535280  -  ResidentSetSize of job (KB)
...
005 (842644.000.000) 08/15 16:46:22 Job terminated.
	(1) Normal termination (return value 0)
		Usr 0 00:23:30, Sys 0 00:00:31  -  Run Remote Usage
		Usr 0 00:00:00, Sys 0 00:00:00  -  Run Local Usage
		Usr 0 00:23:30, Sys 0 00:00:31  -  Total Remote Usage
		Usr 0 00:00:00, Sys 0 00:00:00  -  Total Local Usage
	1225  -  Run Bytes Sent By Job
	400  -  Run Bytes Received By Job
	1225  -  Total Bytes Sent By Job
	400  -  Total Bytes Received By Job
	Partitionable Resources :    Usage  Request Allocated 
	   Cpus                 :     0.75        1         1 
	   Disk (KB)            :   802           1 479749220 
	   Memory (MB)          :  6383        7900      8033 
...
