000 (842858.000.000) 08/15 13:28:27 Job submitted from host: <172.20.3.187:9618?addrs=172.20.3.187-9618&noUDP&sock=2043_e813_3>
...
001 (842858.000.000) 08/15 16:52:00 Job executing on host: <172.20.225.8:9618?addrs=172.20.225.8-9618&noUDP&sock=3440_21e1_3>
...
006 (842858.000.000) 08/15 16:52:08 Image size of job updated: 21124
	21  -  MemoryUsage of job (MB)
	21124  -  ResidentSetSize of job (KB)
...
006 (842858.000.000) 08/15 16:57:09 Image size of job updated: 5245772
	5123  -  MemoryUsage of job (MB)
	5245772  -  ResidentSetSize of job (KB)
...
006 (842858.000.000) 08/15 17:02:09 Image size of job updated: 5245872
	5123  -  MemoryUsage of job (MB)
	5245872  -  ResidentSetSize of job (KB)
...
006 (842858.000.000) 08/15 17:07:09 Image size of job updated: 6202252
	6057  -  MemoryUsage of job (MB)
	6202252  -  ResidentSetSize of job (KB)
...
006 (842858.000.000) 08/15 17:12:10 Image size of job updated: 6547532
	6392  -  MemoryUsage of job (MB)
	6544748  -  ResidentSetSize of job (KB)
...
006 (842858.000.000) 08/15 17:14:33 Image size of job updated: 6634736
	6392  -  MemoryUsage of job (MB)
	6544748  -  ResidentSetSize of job (KB)
...
005 (842858.000.000) 08/15 17:14:33 Job terminated.
	(1) Normal termination (return value 0)
		Usr 0 00:22:57, Sys 0 00:00:35  -  Run Remote Usage
		Usr 0 00:00:00, Sys 0 00:00:00  -  Run Local Usage
		Usr 0 00:22:57, Sys 0 00:00:35  -  Total Remote Usage
		Usr 0 00:00:00, Sys 0 00:00:00  -  Total Local Usage
	1229  -  Run Bytes Sent By Job
	404  -  Run Bytes Received By Job
	1229  -  Total Bytes Sent By Job
	404  -  Total Bytes Received By Job
	Partitionable Resources :    Usage  Request Allocated 
	   Cpus                 :     0.70        1         1 
	   Disk (KB)            :   802           1 479737977 
	   Memory (MB)          :  6392        7900      8033 
...
