000 (837813.000.000) 08/15 12:24:32 Job submitted from host: <172.20.3.187:9618?addrs=172.20.3.187-9618&noUDP&sock=2043_e813_3>
...
001 (837813.000.000) 08/15 12:34:28 Job executing on host: <172.20.225.6:9618?addrs=172.20.225.6-9618&noUDP&sock=3382_5963_3>
...
006 (837813.000.000) 08/15 12:34:37 Image size of job updated: 21108
	21  -  MemoryUsage of job (MB)
	21108  -  ResidentSetSize of job (KB)
...
005 (837813.000.000) 08/15 12:37:51 Job terminated.
	(1) Normal termination (return value 1)
		Usr 0 00:01:56, Sys 0 00:00:21  -  Run Remote Usage
		Usr 0 00:00:00, Sys 0 00:00:00  -  Run Local Usage
		Usr 0 00:01:56, Sys 0 00:00:21  -  Total Remote Usage
		Usr 0 00:00:00, Sys 0 00:00:00  -  Total Local Usage
	2647  -  Run Bytes Sent By Job
	402  -  Run Bytes Received By Job
	2647  -  Total Bytes Sent By Job
	402  -  Total Bytes Received By Job
	Partitionable Resources :    Usage  Request Allocated 
	   Cpus                 :     0.19        1         1 
	   Disk (KB)            :   804           1 479749220 
	   Memory (MB)          :    21        7900      8033 
...
000 (840109.000.000) 08/15 13:25:29 Job submitted from host: <172.20.3.187:9618?addrs=172.20.3.187-9618&noUDP&sock=2043_e813_3>
...
001 (840109.000.000) 08/15 14:12:57 Job executing on host: <172.20.225.1:9618?addrs=172.20.225.1-9618&noUDP&sock=3382_5963_3>
...
006 (840109.000.000) 08/15 14:13:07 Image size of job updated: 21120
	21  -  MemoryUsage of job (MB)
	21120  -  ResidentSetSize of job (KB)
...
006 (840109.000.000) 08/15 14:18:07 Image size of job updated: 5055528
	4938  -  MemoryUsage of job (MB)
	5055528  -  ResidentSetSize of job (KB)
...
006 (840109.000.000) 08/15 14:23:09 Image size of job updated: 6011700
	5871  -  MemoryUsage of job (MB)
	6011700  -  ResidentSetSize of job (KB)
...
006 (840109.000.000) 08/15 14:28:09 Image size of job updated: 6013092
	5873  -  MemoryUsage of job (MB)
	6013092  -  ResidentSetSize of job (KB)
...
006 (840109.000.000) 08/15 14:33:09 Image size of job updated: 6545296
	6392  -  MemoryUsage of job (MB)
	6545296  -  ResidentSetSize of job (KB)
...
006 (840109.000.000) 08/15 14:34:26 Image size of job updated: 13788336
	6392  -  MemoryUsage of job (MB)
	6545296  -  ResidentSetSize of job (KB)
...
005 (840109.000.000) 08/15 14:34:26 Job terminated.
	(1) Normal termination (return value 0)
		Usr 0 00:22:37, Sys 0 00:00:31  -  Run Remote Usage
		Usr 0 00:00:00, Sys 0 00:00:00  -  Run Local Usage
		Usr 0 00:22:37, Sys 0 00:00:31  -  Total Remote Usage
		Usr 0 00:00:00, Sys 0 00:00:00  -  Total Local Usage
	1223  -  Run Bytes Sent By Job
	402  -  Run Bytes Received By Job
	1223  -  Total Bytes Sent By Job
	402  -  Total Bytes Received By Job
	Partitionable Resources :    Usage  Request Allocated 
	   Cpus                 :     0.54        1         1 
	   Disk (KB)            :   802           1 479786105 
	   Memory (MB)          :  6392        7900      8033 
...
