000 (841079.000.000) 08/15 13:26:32 Job submitted from host: <172.20.3.187:9618?addrs=172.20.3.187-9618&noUDP&sock=2043_e813_3>
...
001 (841079.000.000) 08/15 14:54:59 Job executing on host: <172.20.225.2:9618?addrs=172.20.225.2-9618&noUDP&sock=3424_285d_3>
...
006 (841079.000.000) 08/15 14:55:07 Image size of job updated: 21116
	21  -  MemoryUsage of job (MB)
	21116  -  ResidentSetSize of job (KB)
...
006 (841079.000.000) 08/15 14:55:59 Image size of job updated: 4132296
	21  -  MemoryUsage of job (MB)
	21116  -  ResidentSetSize of job (KB)
...
005 (841079.000.000) 08/15 14:55:59 Job terminated.
	(1) Normal termination (return value 1)
		Usr 0 00:00:12, Sys 0 00:00:01  -  Run Remote Usage
		Usr 0 00:00:00, Sys 0 00:00:00  -  Run Local Usage
		Usr 0 00:00:12, Sys 0 00:00:01  -  Total Remote Usage
		Usr 0 00:00:00, Sys 0 00:00:00  -  Total Local Usage
	1435  -  Run Bytes Sent By Job
	395  -  Run Bytes Received By Job
	1435  -  Total Bytes Sent By Job
	395  -  Total Bytes Received By Job
	Partitionable Resources :    Usage  Request Allocated 
	   Cpus                 :     0.02        1         1 
	   Disk (KB)            :   803           1 479786084 
	   Memory (MB)          :    21        7900      8033 
...
000 (846289.000.000) 08/16 03:54:05 Job submitted from host: <172.20.3.187:9618?addrs=172.20.3.187-9618&noUDP&sock=2043_e813_3>
...
001 (846289.000.000) 08/16 05:24:11 Job executing on host: <172.20.225.8:9618?addrs=172.20.225.8-9618&noUDP&sock=3440_21e1_3>
...
006 (846289.000.000) 08/16 05:24:19 Image size of job updated: 21112
	21  -  MemoryUsage of job (MB)
	21112  -  ResidentSetSize of job (KB)
...
006 (846289.000.000) 08/16 05:29:19 Image size of job updated: 4942864
	4828  -  MemoryUsage of job (MB)
	4942864  -  ResidentSetSize of job (KB)
...
006 (846289.000.000) 08/16 05:34:20 Image size of job updated: 5899032
	5761  -  MemoryUsage of job (MB)
	5899032  -  ResidentSetSize of job (KB)
...
006 (846289.000.000) 08/16 05:39:20 Image size of job updated: 5900428
	5763  -  MemoryUsage of job (MB)
	5900428  -  ResidentSetSize of job (KB)
...
006 (846289.000.000) 08/16 05:44:21 Image size of job updated: 6637216
	6482  -  MemoryUsage of job (MB)
	6636716  -  ResidentSetSize of job (KB)
...
005 (846289.000.000) 08/16 05:45:18 Job terminated.
	(1) Normal termination (return value 0)
		Usr 0 00:21:46, Sys 0 00:00:31  -  Run Remote Usage
		Usr 0 00:00:00, Sys 0 00:00:00  -  Run Local Usage
		Usr 0 00:21:46, Sys 0 00:00:31  -  Total Remote Usage
		Usr 0 00:00:00, Sys 0 00:00:00  -  Total Local Usage
	1218  -  Run Bytes Sent By Job
	395  -  Run Bytes Received By Job
	1218  -  Total Bytes Sent By Job
	395  -  Total Bytes Received By Job
	Partitionable Resources :    Usage  Request Allocated 
	   Cpus                 :     0.50        1         1 
	   Disk (KB)            :   802           1 479737977 
	   Memory (MB)          :  6482        7900      8033 
...
