000 (838238.000.000) 08/15 12:25:00 Job submitted from host: <172.20.3.187:9618?addrs=172.20.3.187-9618&noUDP&sock=2043_e813_3>
...
001 (838238.000.000) 08/15 12:40:55 Job executing on host: <172.20.225.4:9618?addrs=172.20.225.4-9618&noUDP&sock=3366_5fdf_3>
...
006 (838238.000.000) 08/15 12:41:05 Image size of job updated: 21124
	21  -  MemoryUsage of job (MB)
	21124  -  ResidentSetSize of job (KB)
...
006 (838238.000.000) 08/15 12:46:05 Image size of job updated: 18228588
	17802  -  MemoryUsage of job (MB)
	18228376  -  ResidentSetSize of job (KB)
...
006 (838238.000.000) 08/15 12:51:06 Image size of job updated: 18228588
	17802  -  MemoryUsage of job (MB)
	18228404  -  ResidentSetSize of job (KB)
...
005 (838238.000.000) 08/15 12:52:11 Job terminated.
	(1) Normal termination (return value 137)
		Usr 0 00:11:53, Sys 0 00:01:29  -  Run Remote Usage
		Usr 0 00:00:00, Sys 0 00:00:00  -  Run Local Usage
		Usr 0 00:11:53, Sys 0 00:01:29  -  Total Remote Usage
		Usr 0 00:00:00, Sys 0 00:00:00  -  Total Local Usage
	1395  -  Run Bytes Sent By Job
	408  -  Run Bytes Received By Job
	1395  -  Total Bytes Sent By Job
	408  -  Total Bytes Received By Job
	Partitionable Resources :    Usage  Request Allocated 
	   Cpus                 :     0.44        1         1 
	   Disk (KB)            :   803           1 479779449 
	   Memory (MB)          : 17802        7900      8033 
...
000 (842111.000.000) 08/15 13:27:39 Job submitted from host: <172.20.3.187:9618?addrs=172.20.3.187-9618&noUDP&sock=2043_e813_3>
...
001 (842111.000.000) 08/15 16:02:01 Job executing on host: <172.20.225.4:9618?addrs=172.20.225.4-9618&noUDP&sock=3366_5fdf_3>
...
006 (842111.000.000) 08/15 16:02:09 Image size of job updated: 21112
	21  -  MemoryUsage of job (MB)
	21112  -  ResidentSetSize of job (KB)
...
006 (842111.000.000) 08/15 16:07:09 Image size of job updated: 4923400
	4809  -  MemoryUsage of job (MB)
	4923400  -  ResidentSetSize of job (KB)
...
006 (842111.000.000) 08/15 16:12:11 Image size of job updated: 5879680
	5742  -  MemoryUsage of job (MB)
	5879680  -  ResidentSetSize of job (KB)
...
006 (842111.000.000) 08/15 16:17:10 Image size of job updated: 5885660
	5748  -  MemoryUsage of job (MB)
	5885660  -  ResidentSetSize of job (KB)
...
006 (842111.000.000) 08/15 16:22:11 Image size of job updated: 6488304
	6337  -  MemoryUsage of job (MB)
	6488192  -  ResidentSetSize of job (KB)
...
005 (842111.000.000) 08/15 16:23:42 Job terminated.
	(1) Normal termination (return value 0)
		Usr 0 00:23:44, Sys 0 00:00:31  -  Run Remote Usage
		Usr 0 00:00:00, Sys 0 00:00:00  -  Run Local Usage
		Usr 0 00:23:44, Sys 0 00:00:31  -  Total Remote Usage
		Usr 0 00:00:00, Sys 0 00:00:00  -  Total Local Usage
	1228  -  Run Bytes Sent By Job
	408  -  Run Bytes Received By Job
	1228  -  Total Bytes Sent By Job
	408  -  Total Bytes Received By Job
	Partitionable Resources :    Usage  Request Allocated 
	   Cpus                 :     0.63        1         1 
	   Disk (KB)            :   802           1 479779449 
	   Memory (MB)          :  6337        7900      8033 
...
