000 (837837.000.000) 08/15 12:24:33 Job submitted from host: <172.20.3.187:9618?addrs=172.20.3.187-9618&noUDP&sock=2043_e813_3>
...
001 (837837.000.000) 08/15 12:34:49 Job executing on host: <172.20.225.4:9618?addrs=172.20.225.4-9618&noUDP&sock=3366_5fdf_3>
...
006 (837837.000.000) 08/15 12:34:57 Image size of job updated: 20796
	21  -  MemoryUsage of job (MB)
	20796  -  ResidentSetSize of job (KB)
...
006 (837837.000.000) 08/15 12:40:00 Image size of job updated: 19650996
	19191  -  MemoryUsage of job (MB)
	19650996  -  ResidentSetSize of job (KB)
...
005 (837837.000.000) 08/15 12:42:03 Job terminated.
	(1) Normal termination (return value 137)
		Usr 0 00:10:06, Sys 0 00:01:25  -  Run Remote Usage
		Usr 0 00:00:00, Sys 0 00:00:00  -  Run Local Usage
		Usr 0 00:10:06, Sys 0 00:01:25  -  Total Remote Usage
		Usr 0 00:00:00, Sys 0 00:00:00  -  Total Local Usage
	1390  -  Run Bytes Sent By Job
	403  -  Run Bytes Received By Job
	1390  -  Total Bytes Sent By Job
	403  -  Total Bytes Received By Job
	Partitionable Resources :    Usage  Request Allocated 
	   Cpus                 :     0.42        1         1 
	   Disk (KB)            :   803           1 479779449 
	   Memory (MB)          : 19191        7900      8033 
...
000 (840133.000.000) 08/15 13:25:30 Job submitted from host: <172.20.3.187:9618?addrs=172.20.3.187-9618&noUDP&sock=2043_e813_3>
...
001 (840133.000.000) 08/15 14:17:57 Job executing on host: <172.20.225.8:9618?addrs=172.20.225.8-9618&noUDP&sock=3440_21e1_3>
...
006 (840133.000.000) 08/15 14:18:05 Image size of job updated: 21120
	21  -  MemoryUsage of job (MB)
	21120  -  ResidentSetSize of job (KB)
...
006 (840133.000.000) 08/15 14:23:06 Image size of job updated: 5055720
	4938  -  MemoryUsage of job (MB)
	5055720  -  ResidentSetSize of job (KB)
...
006 (840133.000.000) 08/15 14:28:06 Image size of job updated: 6011888
	5871  -  MemoryUsage of job (MB)
	6011888  -  ResidentSetSize of job (KB)
...
006 (840133.000.000) 08/15 14:33:06 Image size of job updated: 6013280
	5873  -  MemoryUsage of job (MB)
	6013280  -  ResidentSetSize of job (KB)
...
006 (840133.000.000) 08/15 14:38:06 Image size of job updated: 6417224
	6258  -  MemoryUsage of job (MB)
	6407948  -  ResidentSetSize of job (KB)
...
005 (840133.000.000) 08/15 14:39:47 Job terminated.
	(1) Normal termination (return value 0)
		Usr 0 00:22:30, Sys 0 00:00:34  -  Run Remote Usage
		Usr 0 00:00:00, Sys 0 00:00:00  -  Run Local Usage
		Usr 0 00:22:30, Sys 0 00:00:34  -  Total Remote Usage
		Usr 0 00:00:00, Sys 0 00:00:00  -  Total Local Usage
	1226  -  Run Bytes Sent By Job
	403  -  Run Bytes Received By Job
	1226  -  Total Bytes Sent By Job
	403  -  Total Bytes Received By Job
	Partitionable Resources :    Usage  Request Allocated 
	   Cpus                 :     0.87        1         1 
	   Disk (KB)            :   802           1 479737977 
	   Memory (MB)          :  6258        7900      8033 
...
