000 (840847.000.000) 08/15 13:26:17 Job submitted from host: <172.20.3.187:9618?addrs=172.20.3.187-9618&noUDP&sock=2043_e813_3>
...
001 (840847.000.000) 08/15 14:52:44 Job executing on host: <172.20.225.5:9618?addrs=172.20.225.5-9618&noUDP&sock=3375_8c39_3>
...
006 (840847.000.000) 08/15 14:52:53 Image size of job updated: 21116
	21  -  MemoryUsage of job (MB)
	21116  -  ResidentSetSize of job (KB)
...
005 (840847.000.000) 08/15 14:53:48 Job terminated.
	(1) Normal termination (return value 1)
		Usr 0 00:00:28, Sys 0 00:00:01  -  Run Remote Usage
		Usr 0 00:00:00, Sys 0 00:00:00  -  Run Local Usage
		Usr 0 00:00:28, Sys 0 00:00:01  -  Total Remote Usage
		Usr 0 00:00:00, Sys 0 00:00:00  -  Total Local Usage
	1437  -  Run Bytes Sent By Job
	398  -  Run Bytes Received By Job
	1437  -  Total Bytes Sent By Job
	398  -  Total Bytes Received By Job
	Partitionable Resources :    Usage  Request Allocated 
	   Cpus                 :     0.87        1         1 
	   Disk (KB)            :   803           1 479749220 
	   Memory (MB)          :    21        7900      8033 
...
000 (846165.000.000) 08/16 03:53:57 Job submitted from host: <172.20.3.187:9618?addrs=172.20.3.187-9618&noUDP&sock=2043_e813_3>
...
001 (846165.000.000) 08/16 05:07:09 Job executing on host: <172.20.225.8:9618?addrs=172.20.225.8-9618&noUDP&sock=3440_21e1_3>
...
006 (846165.000.000) 08/16 05:07:17 Image size of job updated: 21108
	21  -  MemoryUsage of job (MB)
	21108  -  ResidentSetSize of job (KB)
...
006 (846165.000.000) 08/16 05:12:17 Image size of job updated: 5035348
	4918  -  MemoryUsage of job (MB)
	5035348  -  ResidentSetSize of job (KB)
...
006 (846165.000.000) 08/16 05:17:18 Image size of job updated: 5035476
	4918  -  MemoryUsage of job (MB)
	5035476  -  ResidentSetSize of job (KB)
...
006 (846165.000.000) 08/16 05:22:18 Image size of job updated: 5991840
	5852  -  MemoryUsage of job (MB)
	5991840  -  ResidentSetSize of job (KB)
...
006 (846165.000.000) 08/16 05:27:19 Image size of job updated: 6091576
	5949  -  MemoryUsage of job (MB)
	6091576  -  ResidentSetSize of job (KB)
...
006 (846165.000.000) 08/16 05:30:11 Image size of job updated: 6091576
	5949  -  MemoryUsage of job (MB)
	6091588  -  ResidentSetSize of job (KB)
...
005 (846165.000.000) 08/16 05:30:12 Job terminated.
	(1) Normal termination (return value 0)
		Usr 0 00:21:57, Sys 0 00:00:29  -  Run Remote Usage
		Usr 0 00:00:00, Sys 0 00:00:00  -  Run Local Usage
		Usr 0 00:21:57, Sys 0 00:00:29  -  Total Remote Usage
		Usr 0 00:00:00, Sys 0 00:00:00  -  Total Local Usage
	1223  -  Run Bytes Sent By Job
	398  -  Run Bytes Received By Job
	1223  -  Total Bytes Sent By Job
	398  -  Total Bytes Received By Job
	Partitionable Resources :    Usage  Request Allocated 
	   Cpus                 :        0        1         1 
	   Disk (KB)            :      802        1 479737977 
	   Memory (MB)          :     5949     7900      8033 
...
