000 (841821.000.000) 08/15 13:27:20 Job submitted from host: <172.20.3.187:9618?addrs=172.20.3.187-9618&noUDP&sock=2043_e813_3>
...
001 (841821.000.000) 08/15 15:45:05 Job executing on host: <172.20.225.4:9618?addrs=172.20.225.4-9618&noUDP&sock=3366_5fdf_3>
...
006 (841821.000.000) 08/15 15:45:14 Image size of job updated: 21116
	21  -  MemoryUsage of job (MB)
	21116  -  ResidentSetSize of job (KB)
...
006 (841821.000.000) 08/15 15:50:15 Image size of job updated: 5035888
	4918  -  MemoryUsage of job (MB)
	5035888  -  ResidentSetSize of job (KB)
...
006 (841821.000.000) 08/15 15:55:15 Image size of job updated: 5036060
	4918  -  MemoryUsage of job (MB)
	5035992  -  ResidentSetSize of job (KB)
...
006 (841821.000.000) 08/15 16:00:16 Image size of job updated: 5992368
	5852  -  MemoryUsage of job (MB)
	5992368  -  ResidentSetSize of job (KB)
...
006 (841821.000.000) 08/15 16:05:17 Image size of job updated: 6348976
	6201  -  MemoryUsage of job (MB)
	6348976  -  ResidentSetSize of job (KB)
...
006 (841821.000.000) 08/15 16:07:41 Image size of job updated: 13773752
	6201  -  MemoryUsage of job (MB)
	6348992  -  ResidentSetSize of job (KB)
...
005 (841821.000.000) 08/15 16:07:41 Job terminated.
	(1) Normal termination (return value 0)
		Usr 0 00:22:15, Sys 0 00:00:30  -  Run Remote Usage
		Usr 0 00:00:00, Sys 0 00:00:00  -  Run Local Usage
		Usr 0 00:22:15, Sys 0 00:00:30  -  Total Remote Usage
		Usr 0 00:00:00, Sys 0 00:00:00  -  Total Local Usage
	1232  -  Run Bytes Sent By Job
	407  -  Run Bytes Received By Job
	1232  -  Total Bytes Sent By Job
	407  -  Total Bytes Received By Job
	Partitionable Resources :    Usage  Request Allocated 
	   Cpus                 :     0.72        1         1 
	   Disk (KB)            :   802           1 479779449 
	   Memory (MB)          :  6201        7900      8033 
...
