000 (842660.000.000) 08/15 13:28:14 Job submitted from host: <172.20.3.187:9618?addrs=172.20.3.187-9618&noUDP&sock=2043_e813_3>
...
001 (842660.000.000) 08/15 16:36:02 Job executing on host: <172.20.225.4:9618?addrs=172.20.225.4-9618&noUDP&sock=3366_5fdf_3>
...
006 (842660.000.000) 08/15 16:36:10 Image size of job updated: 21108
	21  -  MemoryUsage of job (MB)
	21108  -  ResidentSetSize of job (KB)
...
006 (842660.000.000) 08/15 16:41:12 Image size of job updated: 4976360
	4860  -  MemoryUsage of job (MB)
	4976360  -  ResidentSetSize of job (KB)
...
006 (842660.000.000) 08/15 16:46:12 Image size of job updated: 5932532
	5794  -  MemoryUsage of job (MB)
	5932532  -  ResidentSetSize of job (KB)
...
006 (842660.000.000) 08/15 16:51:12 Image size of job updated: 5933916
	5795  -  MemoryUsage of job (MB)
	5933916  -  ResidentSetSize of job (KB)
...
006 (842660.000.000) 08/15 16:56:13 Image size of job updated: 6356616
	6208  -  MemoryUsage of job (MB)
	6356096  -  ResidentSetSize of job (KB)
...
005 (842660.000.000) 08/15 16:58:35 Job terminated.
	(1) Normal termination (return value 0)
		Usr 0 00:22:56, Sys 0 00:00:32  -  Run Remote Usage
		Usr 0 00:00:00, Sys 0 00:00:00  -  Run Local Usage
		Usr 0 00:22:56, Sys 0 00:00:32  -  Total Remote Usage
		Usr 0 00:00:00, Sys 0 00:00:00  -  Total Local Usage
	1225  -  Run Bytes Sent By Job
	400  -  Run Bytes Received By Job
	1225  -  Total Bytes Sent By Job
	400  -  Total Bytes Received By Job
	Partitionable Resources :    Usage  Request Allocated 
	   Cpus                 :     0.57        1         1 
	   Disk (KB)            :   802           1 479779449 
	   Memory (MB)          :  6208        7900      8033 
...
