000 (841785.000.000) 08/15 13:27:18 Job submitted from host: <172.20.3.187:9618?addrs=172.20.3.187-9618&noUDP&sock=2043_e813_3>
...
001 (841785.000.000) 08/15 15:43:04 Job executing on host: <172.20.225.6:9618?addrs=172.20.225.6-9618&noUDP&sock=3382_5963_3>
...
006 (841785.000.000) 08/15 15:43:12 Image size of job updated: 21124
	21  -  MemoryUsage of job (MB)
	21124  -  ResidentSetSize of job (KB)
...
006 (841785.000.000) 08/15 15:48:12 Image size of job updated: 5036160
	4919  -  MemoryUsage of job (MB)
	5036160  -  ResidentSetSize of job (KB)
...
006 (841785.000.000) 08/15 15:53:13 Image size of job updated: 5036256
	4919  -  MemoryUsage of job (MB)
	5036256  -  ResidentSetSize of job (KB)
...
006 (841785.000.000) 08/15 15:58:14 Image size of job updated: 5992644
	5853  -  MemoryUsage of job (MB)
	5992644  -  ResidentSetSize of job (KB)
...
006 (841785.000.000) 08/15 16:03:14 Image size of job updated: 6334140
	6185  -  MemoryUsage of job (MB)
	6333176  -  ResidentSetSize of job (KB)
...
006 (841785.000.000) 08/15 16:05:17 Image size of job updated: 6592756
	6185  -  MemoryUsage of job (MB)
	6333244  -  ResidentSetSize of job (KB)
...
005 (841785.000.000) 08/15 16:05:17 Job terminated.
	(1) Normal termination (return value 0)
		Usr 0 00:22:23, Sys 0 00:00:33  -  Run Remote Usage
		Usr 0 00:00:00, Sys 0 00:00:00  -  Run Local Usage
		Usr 0 00:22:23, Sys 0 00:00:33  -  Total Remote Usage
		Usr 0 00:00:00, Sys 0 00:00:00  -  Total Local Usage
	1232  -  Run Bytes Sent By Job
	407  -  Run Bytes Received By Job
	1232  -  Total Bytes Sent By Job
	407  -  Total Bytes Received By Job
	Partitionable Resources :    Usage  Request Allocated 
	   Cpus                 :     0.67        1         1 
	   Disk (KB)            :   802           1 479749220 
	   Memory (MB)          :  6185        7900      8033 
...
