000 (843253.000.000) 08/15 13:28:54 Job submitted from host: <172.20.3.187:9618?addrs=172.20.3.187-9618&noUDP&sock=2043_e813_3>
...
001 (843253.000.000) 08/15 17:31:01 Job executing on host: <172.20.225.1:9618?addrs=172.20.225.1-9618&noUDP&sock=3382_5963_3>
...
006 (843253.000.000) 08/15 17:31:10 Image size of job updated: 21112
	21  -  MemoryUsage of job (MB)
	21112  -  ResidentSetSize of job (KB)
...
006 (843253.000.000) 08/15 17:36:11 Image size of job updated: 4909404
	4795  -  MemoryUsage of job (MB)
	4909404  -  ResidentSetSize of job (KB)
...
006 (843253.000.000) 08/15 17:41:12 Image size of job updated: 5865644
	5729  -  MemoryUsage of job (MB)
	5865576  -  ResidentSetSize of job (KB)
...
006 (843253.000.000) 08/15 17:46:12 Image size of job updated: 5866972
	5730  -  MemoryUsage of job (MB)
	5866972  -  ResidentSetSize of job (KB)
...
006 (843253.000.000) 08/15 17:51:13 Image size of job updated: 6400004
	6250  -  MemoryUsage of job (MB)
	6399868  -  ResidentSetSize of job (KB)
...
006 (843253.000.000) 08/15 17:52:51 Image size of job updated: 12572080
	6250  -  MemoryUsage of job (MB)
	6399868  -  ResidentSetSize of job (KB)
...
005 (843253.000.000) 08/15 17:52:51 Job terminated.
	(1) Normal termination (return value 0)
		Usr 0 00:23:43, Sys 0 00:00:32  -  Run Remote Usage
		Usr 0 00:00:00, Sys 0 00:00:00  -  Run Local Usage
		Usr 0 00:23:43, Sys 0 00:00:32  -  Total Remote Usage
		Usr 0 00:00:00, Sys 0 00:00:00  -  Total Local Usage
	1214  -  Run Bytes Sent By Job
	395  -  Run Bytes Received By Job
	1214  -  Total Bytes Sent By Job
	395  -  Total Bytes Received By Job
	Partitionable Resources :    Usage  Request Allocated 
	   Cpus                 :     0.66        1         1 
	   Disk (KB)            :   802           1 479786105 
	   Memory (MB)          :  6250        7900      8033 
...
