000 (839658.000.000) 08/15 13:25:00 Job submitted from host: <172.20.3.187:9618?addrs=172.20.3.187-9618&noUDP&sock=2043_e813_3>
...
001 (839658.000.000) 08/15 13:41:40 Job executing on host: <172.20.225.2:9618?addrs=172.20.225.2-9618&noUDP&sock=3424_285d_3>
...
006 (839658.000.000) 08/15 13:41:48 Image size of job updated: 21124
	21  -  MemoryUsage of job (MB)
	21124  -  ResidentSetSize of job (KB)
...
005 (839658.000.000) 08/15 13:42:42 Job terminated.
	(1) Normal termination (return value 1)
		Usr 0 00:00:16, Sys 0 00:00:01  -  Run Remote Usage
		Usr 0 00:00:00, Sys 0 00:00:00  -  Run Local Usage
		Usr 0 00:00:16, Sys 0 00:00:01  -  Total Remote Usage
		Usr 0 00:00:00, Sys 0 00:00:00  -  Total Local Usage
	1437  -  Run Bytes Sent By Job
	393  -  Run Bytes Received By Job
	1437  -  Total Bytes Sent By Job
	393  -  Total Bytes Received By Job
	Partitionable Resources :    Usage  Request Allocated 
	   Cpus                 :        0        1         1 
	   Disk (KB)            :      803        1 479786084 
	   Memory (MB)          :       21     7900      8033 
...
000 (845749.000.000) 08/16 03:53:30 Job submitted from host: <172.20.3.187:9618?addrs=172.20.3.187-9618&noUDP&sock=2043_e813_3>
...
001 (845749.000.000) 08/16 04:42:10 Job executing on host: <172.20.225.8:9618?addrs=172.20.225.8-9618&noUDP&sock=3440_21e1_3>
...
006 (845749.000.000) 08/16 04:42:19 Image size of job updated: 21116
	21  -  MemoryUsage of job (MB)
	21116  -  ResidentSetSize of job (KB)
...
006 (845749.000.000) 08/16 04:47:20 Image size of job updated: 4950012
	4834  -  MemoryUsage of job (MB)
	4950012  -  ResidentSetSize of job (KB)
...
006 (845749.000.000) 08/16 04:52:21 Image size of job updated: 4950116
	4835  -  MemoryUsage of job (MB)
	4950116  -  ResidentSetSize of job (KB)
...
006 (845749.000.000) 08/16 04:57:21 Image size of job updated: 5906480
	5769  -  MemoryUsage of job (MB)
	5906480  -  ResidentSetSize of job (KB)
...
006 (845749.000.000) 08/16 05:02:22 Image size of job updated: 6012212
	5872  -  MemoryUsage of job (MB)
	6012212  -  ResidentSetSize of job (KB)
...
006 (845749.000.000) 08/16 05:05:27 Image size of job updated: 6610612
	5872  -  MemoryUsage of job (MB)
	6012248  -  ResidentSetSize of job (KB)
...
005 (845749.000.000) 08/16 05:05:27 Job terminated.
	(1) Normal termination (return value 0)
		Usr 0 00:21:58, Sys 0 00:00:28  -  Run Remote Usage
		Usr 0 00:00:00, Sys 0 00:00:00  -  Run Local Usage
		Usr 0 00:21:58, Sys 0 00:00:28  -  Total Remote Usage
		Usr 0 00:00:00, Sys 0 00:00:00  -  Total Local Usage
	1218  -  Run Bytes Sent By Job
	393  -  Run Bytes Received By Job
	1218  -  Total Bytes Sent By Job
	393  -  Total Bytes Received By Job
	Partitionable Resources :    Usage  Request Allocated 
	   Cpus                 :     0.72        1         1 
	   Disk (KB)            :   802           1 479737977 
	   Memory (MB)          :  5872        7900      8033 
...
