000 (843954.000.000) 08/15 13:29:40 Job submitted from host: <172.20.3.187:9618?addrs=172.20.3.187-9618&noUDP&sock=2043_e813_3>
...
001 (843954.000.000) 08/15 17:56:25 Job executing on host: <172.20.225.8:9618?addrs=172.20.225.8-9618&noUDP&sock=3440_21e1_3>
...
006 (843954.000.000) 08/15 17:56:34 Image size of job updated: 21120
	21  -  MemoryUsage of job (MB)
	21120  -  ResidentSetSize of job (KB)
...
006 (843954.000.000) 08/15 18:01:35 Image size of job updated: 4996792
	4880  -  MemoryUsage of job (MB)
	4996792  -  ResidentSetSize of job (KB)
...
006 (843954.000.000) 08/15 18:06:36 Image size of job updated: 5952956
	5814  -  MemoryUsage of job (MB)
	5952956  -  ResidentSetSize of job (KB)
...
006 (843954.000.000) 08/15 18:11:36 Image size of job updated: 5953264
	5814  -  MemoryUsage of job (MB)
	5953264  -  ResidentSetSize of job (KB)
...
006 (843954.000.000) 08/15 18:16:37 Image size of job updated: 6355312
	6205  -  MemoryUsage of job (MB)
	6353420  -  ResidentSetSize of job (KB)
...
006 (843954.000.000) 08/15 18:19:39 Image size of job updated: 6518248
	6205  -  MemoryUsage of job (MB)
	6353428  -  ResidentSetSize of job (KB)
...
005 (843954.000.000) 08/15 18:19:39 Job terminated.
	(1) Normal termination (return value 0)
		Usr 0 00:22:40, Sys 0 00:00:33  -  Run Remote Usage
		Usr 0 00:00:00, Sys 0 00:00:00  -  Run Local Usage
		Usr 0 00:22:40, Sys 0 00:00:33  -  Total Remote Usage
		Usr 0 00:00:00, Sys 0 00:00:00  -  Total Local Usage
	1219  -  Run Bytes Sent By Job
	396  -  Run Bytes Received By Job
	1219  -  Total Bytes Sent By Job
	396  -  Total Bytes Received By Job
	Partitionable Resources :    Usage  Request Allocated 
	   Cpus                 :     0.53        1         1 
	   Disk (KB)            :   803           1 479737977 
	   Memory (MB)          :  6205        7900      8033 
...
