000 (839809.000.000) 08/15 13:25:09 Job submitted from host: <172.20.3.187:9618?addrs=172.20.3.187-9618&noUDP&sock=2043_e813_3>
...
001 (839809.000.000) 08/15 13:50:06 Job executing on host: <172.20.225.1:9618?addrs=172.20.225.1-9618&noUDP&sock=3382_5963_3>
...
006 (839809.000.000) 08/15 13:50:14 Image size of job updated: 21116
	21  -  MemoryUsage of job (MB)
	21116  -  ResidentSetSize of job (KB)
...
006 (839809.000.000) 08/15 13:51:11 Image size of job updated: 48304
	21  -  MemoryUsage of job (MB)
	21116  -  ResidentSetSize of job (KB)
...
005 (839809.000.000) 08/15 13:51:11 Job terminated.
	(1) Normal termination (return value 1)
		Usr 0 00:00:11, Sys 0 00:00:00  -  Run Remote Usage
		Usr 0 00:00:00, Sys 0 00:00:00  -  Run Local Usage
		Usr 0 00:00:11, Sys 0 00:00:00  -  Total Remote Usage
		Usr 0 00:00:00, Sys 0 00:00:00  -  Total Local Usage
	1434  -  Run Bytes Sent By Job
	397  -  Run Bytes Received By Job
	1434  -  Total Bytes Sent By Job
	397  -  Total Bytes Received By Job
	Partitionable Resources :    Usage  Request Allocated 
	   Cpus                 :     0.02        1         1 
	   Disk (KB)            :   803           1 479786105 
	   Memory (MB)          :    21        7900      8033 
...
000 (845802.000.000) 08/16 03:53:33 Job submitted from host: <172.20.3.187:9618?addrs=172.20.3.187-9618&noUDP&sock=2043_e813_3>
...
001 (845802.000.000) 08/16 04:42:24 Job executing on host: <172.20.225.2:9618?addrs=172.20.225.2-9618&noUDP&sock=3424_285d_3>
...
006 (845802.000.000) 08/16 04:42:33 Image size of job updated: 21116
	21  -  MemoryUsage of job (MB)
	21116  -  ResidentSetSize of job (KB)
...
006 (845802.000.000) 08/16 04:47:33 Image size of job updated: 4917564
	4803  -  MemoryUsage of job (MB)
	4917564  -  ResidentSetSize of job (KB)
...
006 (845802.000.000) 08/16 04:52:34 Image size of job updated: 4917664
	4803  -  MemoryUsage of job (MB)
	4917664  -  ResidentSetSize of job (KB)
...
006 (845802.000.000) 08/16 04:57:35 Image size of job updated: 5874040
	5737  -  MemoryUsage of job (MB)
	5874040  -  ResidentSetSize of job (KB)
...
006 (845802.000.000) 08/16 05:02:36 Image size of job updated: 6002528
	5862  -  MemoryUsage of job (MB)
	6002528  -  ResidentSetSize of job (KB)
...
006 (845802.000.000) 08/16 05:04:47 Image size of job updated: 6584776
	5862  -  MemoryUsage of job (MB)
	6002548  -  ResidentSetSize of job (KB)
...
005 (845802.000.000) 08/16 05:04:47 Job terminated.
	(1) Normal termination (return value 0)
		Usr 0 00:21:39, Sys 0 00:00:27  -  Run Remote Usage
		Usr 0 00:00:00, Sys 0 00:00:00  -  Run Local Usage
		Usr 0 00:21:39, Sys 0 00:00:27  -  Total Remote Usage
		Usr 0 00:00:00, Sys 0 00:00:00  -  Total Local Usage
	1219  -  Run Bytes Sent By Job
	397  -  Run Bytes Received By Job
	1219  -  Total Bytes Sent By Job
	397  -  Total Bytes Received By Job
	Partitionable Resources :    Usage  Request Allocated 
	   Cpus                 :     0.65        1         1 
	   Disk (KB)            :   802           1 479786084 
	   Memory (MB)          :  5862        7900      8033 
...
