000 (840415.000.000) 08/15 13:25:49 Job submitted from host: <172.20.3.187:9618?addrs=172.20.3.187-9618&noUDP&sock=2043_e813_3>
...
001 (840415.000.000) 08/15 14:40:57 Job executing on host: <172.20.225.4:9618?addrs=172.20.225.4-9618&noUDP&sock=3366_5fdf_3>
...
006 (840415.000.000) 08/15 14:41:07 Image size of job updated: 21116
	21  -  MemoryUsage of job (MB)
	21116  -  ResidentSetSize of job (KB)
...
006 (840415.000.000) 08/15 14:46:07 Image size of job updated: 5055356
	4937  -  MemoryUsage of job (MB)
	5055356  -  ResidentSetSize of job (KB)
...
006 (840415.000.000) 08/15 14:51:09 Image size of job updated: 6011556
	5871  -  MemoryUsage of job (MB)
	6011556  -  ResidentSetSize of job (KB)
...
006 (840415.000.000) 08/15 14:56:10 Image size of job updated: 6126992
	5984  -  MemoryUsage of job (MB)
	6126988  -  ResidentSetSize of job (KB)
...
006 (840415.000.000) 08/15 14:58:34 Image size of job updated: 6126992
	5984  -  MemoryUsage of job (MB)
	6127048  -  ResidentSetSize of job (KB)
...
005 (840415.000.000) 08/15 14:58:34 Job terminated.
	(1) Normal termination (return value 0)
		Usr 0 00:24:04, Sys 0 00:00:29  -  Run Remote Usage
		Usr 0 00:00:00, Sys 0 00:00:00  -  Run Local Usage
		Usr 0 00:24:04, Sys 0 00:00:29  -  Total Remote Usage
		Usr 0 00:00:00, Sys 0 00:00:00  -  Total Local Usage
	1229  -  Run Bytes Sent By Job
	404  -  Run Bytes Received By Job
	1229  -  Total Bytes Sent By Job
	404  -  Total Bytes Received By Job
	Partitionable Resources :    Usage  Request Allocated 
	   Cpus                 :     0.63        1         1 
	   Disk (KB)            :   802           1 479779449 
	   Memory (MB)          :  5984        7900      8033 
...
