000 (838272.000.000) 08/15 12:25:03 Job submitted from host: <172.20.3.187:9618?addrs=172.20.3.187-9618&noUDP&sock=2043_e813_3>
...
001 (838272.000.000) 08/15 12:41:38 Job executing on host: <172.20.225.8:9618?addrs=172.20.225.8-9618&noUDP&sock=3440_21e1_3>
...
006 (838272.000.000) 08/15 12:41:48 Image size of job updated: 21100
	21  -  MemoryUsage of job (MB)
	21100  -  ResidentSetSize of job (KB)
...
005 (838272.000.000) 08/15 12:42:59 Job terminated.
	(1) Normal termination (return value 1)
		Usr 0 00:00:14, Sys 0 00:00:02  -  Run Remote Usage
		Usr 0 00:00:00, Sys 0 00:00:00  -  Run Local Usage
		Usr 0 00:00:14, Sys 0 00:00:02  -  Total Remote Usage
		Usr 0 00:00:00, Sys 0 00:00:00  -  Total Local Usage
	1434  -  Run Bytes Sent By Job
	396  -  Run Bytes Received By Job
	1434  -  Total Bytes Sent By Job
	396  -  Total Bytes Received By Job
	Partitionable Resources :    Usage  Request Allocated 
	   Cpus                 :     0.60        1         1 
	   Disk (KB)            :   803           1 479737977 
	   Memory (MB)          :    21        7900      8033 
...
000 (842267.000.000) 08/15 13:27:49 Job submitted from host: <172.20.3.187:9618?addrs=172.20.3.187-9618&noUDP&sock=2043_e813_3>
...
001 (842267.000.000) 08/15 16:10:03 Job executing on host: <172.20.225.6:9618?addrs=172.20.225.6-9618&noUDP&sock=3382_5963_3>
...
006 (842267.000.000) 08/15 16:10:12 Image size of job updated: 21120
	21  -  MemoryUsage of job (MB)
	21120  -  ResidentSetSize of job (KB)
...
005 (842267.000.000) 08/15 16:11:01 Job terminated.
	(1) Normal termination (return value 1)
		Usr 0 00:00:09, Sys 0 00:00:01  -  Run Remote Usage
		Usr 0 00:00:00, Sys 0 00:00:00  -  Run Local Usage
		Usr 0 00:00:09, Sys 0 00:00:01  -  Total Remote Usage
		Usr 0 00:00:00, Sys 0 00:00:00  -  Total Local Usage
	1433  -  Run Bytes Sent By Job
	396  -  Run Bytes Received By Job
	1433  -  Total Bytes Sent By Job
	396  -  Total Bytes Received By Job
	Partitionable Resources :    Usage  Request Allocated 
	   Cpus                 :        0        1         1 
	   Disk (KB)            :      803        1 479749220 
	   Memory (MB)          :       21     7900      8033 
...
000 (846590.000.000) 08/16 03:54:24 Job submitted from host: <172.20.3.187:9618?addrs=172.20.3.187-9618&noUDP&sock=2043_e813_3>
...
001 (846590.000.000) 08/16 05:47:10 Job executing on host: <172.20.225.4:9618?addrs=172.20.225.4-9618&noUDP&sock=3366_5fdf_3>
...
006 (846590.000.000) 08/16 05:47:19 Image size of job updated: 20800
	21  -  MemoryUsage of job (MB)
	20800  -  ResidentSetSize of job (KB)
...
006 (846590.000.000) 08/16 05:52:21 Image size of job updated: 4953096
	4838  -  MemoryUsage of job (MB)
	4953096  -  ResidentSetSize of job (KB)
...
006 (846590.000.000) 08/16 05:57:22 Image size of job updated: 5909268
	5771  -  MemoryUsage of job (MB)
	5909268  -  ResidentSetSize of job (KB)
...
006 (846590.000.000) 08/16 06:02:22 Image size of job updated: 5910656
	5773  -  MemoryUsage of job (MB)
	5910656  -  ResidentSetSize of job (KB)
...
006 (846590.000.000) 08/16 06:07:23 Image size of job updated: 7153152
	6983  -  MemoryUsage of job (MB)
	7150096  -  ResidentSetSize of job (KB)
...
005 (846590.000.000) 08/16 06:09:11 Job terminated.
	(1) Normal termination (return value 0)
		Usr 0 00:22:27, Sys 0 00:00:35  -  Run Remote Usage
		Usr 0 00:00:00, Sys 0 00:00:00  -  Run Local Usage
		Usr 0 00:22:27, Sys 0 00:00:35  -  Total Remote Usage
		Usr 0 00:00:00, Sys 0 00:00:00  -  Total Local Usage
	1217  -  Run Bytes Sent By Job
	396  -  Run Bytes Received By Job
	1217  -  Total Bytes Sent By Job
	396  -  Total Bytes Received By Job
	Partitionable Resources :    Usage  Request Allocated 
	   Cpus                 :     0.02        1         1 
	   Disk (KB)            :   802           1 479779449 
	   Memory (MB)          :  6983        7900      8033 
...
