000 (841177.000.000) 08/15 13:26:38 Job submitted from host: <172.20.3.187:9618?addrs=172.20.3.187-9618&noUDP&sock=2043_e813_3>
...
001 (841177.000.000) 08/15 14:56:56 Job executing on host: <172.20.225.1:9618?addrs=172.20.225.1-9618&noUDP&sock=3382_5963_3>
...
006 (841177.000.000) 08/15 14:57:05 Image size of job updated: 21112
	21  -  MemoryUsage of job (MB)
	21112  -  ResidentSetSize of job (KB)
...
006 (841177.000.000) 08/15 15:02:06 Image size of job updated: 4940916
	4826  -  MemoryUsage of job (MB)
	4940916  -  ResidentSetSize of job (KB)
...
006 (841177.000.000) 08/15 15:07:07 Image size of job updated: 5897084
	5759  -  MemoryUsage of job (MB)
	5897084  -  ResidentSetSize of job (KB)
...
006 (841177.000.000) 08/15 15:12:08 Image size of job updated: 5897392
	5760  -  MemoryUsage of job (MB)
	5897392  -  ResidentSetSize of job (KB)
...
006 (841177.000.000) 08/15 15:17:08 Image size of job updated: 6446280
	6296  -  MemoryUsage of job (MB)
	6446208  -  ResidentSetSize of job (KB)
...
006 (841177.000.000) 08/15 15:18:46 Image size of job updated: 13953612
	6296  -  MemoryUsage of job (MB)
	6446208  -  ResidentSetSize of job (KB)
...
005 (841177.000.000) 08/15 15:18:46 Job terminated.
	(1) Normal termination (return value 0)
		Usr 0 00:22:47, Sys 0 00:00:31  -  Run Remote Usage
		Usr 0 00:00:00, Sys 0 00:00:00  -  Run Local Usage
		Usr 0 00:22:47, Sys 0 00:00:31  -  Total Remote Usage
		Usr 0 00:00:00, Sys 0 00:00:00  -  Total Local Usage
	1215  -  Run Bytes Sent By Job
	393  -  Run Bytes Received By Job
	1215  -  Total Bytes Sent By Job
	393  -  Total Bytes Received By Job
	Partitionable Resources :    Usage  Request Allocated 
	   Cpus                 :     0.67        1         1 
	   Disk (KB)            :   803           1 479786105 
	   Memory (MB)          :  6296        7900      8033 
...
