000 (843314.000.000) 08/15 13:28:58 Job submitted from host: <172.20.3.187:9618?addrs=172.20.3.187-9618&noUDP&sock=2043_e813_3>
...
001 (843314.000.000) 08/15 17:36:00 Job executing on host: <172.20.225.4:9618?addrs=172.20.225.4-9618&noUDP&sock=3366_5fdf_3>
...
006 (843314.000.000) 08/15 17:36:10 Image size of job updated: 21116
	21  -  MemoryUsage of job (MB)
	21116  -  ResidentSetSize of job (KB)
...
006 (843314.000.000) 08/15 17:41:11 Image size of job updated: 4950060
	4835  -  MemoryUsage of job (MB)
	4950060  -  ResidentSetSize of job (KB)
...
006 (843314.000.000) 08/15 17:46:11 Image size of job updated: 4950164
	4835  -  MemoryUsage of job (MB)
	4950164  -  ResidentSetSize of job (KB)
...
006 (843314.000.000) 08/15 17:51:12 Image size of job updated: 5906548
	5769  -  MemoryUsage of job (MB)
	5906548  -  ResidentSetSize of job (KB)
...
006 (843314.000.000) 08/15 17:56:12 Image size of job updated: 6481752
	6330  -  MemoryUsage of job (MB)
	6481576  -  ResidentSetSize of job (KB)
...
005 (843314.000.000) 08/15 17:57:52 Job terminated.
	(1) Normal termination (return value 0)
		Usr 0 00:23:17, Sys 0 00:00:34  -  Run Remote Usage
		Usr 0 00:00:00, Sys 0 00:00:00  -  Run Local Usage
		Usr 0 00:23:17, Sys 0 00:00:34  -  Total Remote Usage
		Usr 0 00:00:00, Sys 0 00:00:00  -  Total Local Usage
	1219  -  Run Bytes Sent By Job
	397  -  Run Bytes Received By Job
	1219  -  Total Bytes Sent By Job
	397  -  Total Bytes Received By Job
	Partitionable Resources :    Usage  Request Allocated 
	   Cpus                 :     0.81        1         1 
	   Disk (KB)            :   802           1 479779449 
	   Memory (MB)          :  6330        7900      8033 
...
