000 (838480.000.000) 08/15 12:25:17 Job submitted from host: <172.20.3.187:9618?addrs=172.20.3.187-9618&noUDP&sock=2043_e813_3>
...
001 (838480.000.000) 08/15 12:45:58 Job executing on host: <172.20.225.5:9618?addrs=172.20.225.5-9618&noUDP&sock=3375_8c39_3>
...
006 (838480.000.000) 08/15 12:46:07 Image size of job updated: 21124
	21  -  MemoryUsage of job (MB)
	21124  -  ResidentSetSize of job (KB)
...
006 (838480.000.000) 08/15 12:51:05 Image size of job updated: 3743340
	21  -  MemoryUsage of job (MB)
	21124  -  ResidentSetSize of job (KB)
...
005 (838480.000.000) 08/15 12:51:06 Job terminated.
	(1) Normal termination (return value 137)
		Usr 0 00:04:11, Sys 0 00:00:41  -  Run Remote Usage
		Usr 0 00:00:00, Sys 0 00:00:00  -  Run Local Usage
		Usr 0 00:04:11, Sys 0 00:00:41  -  Total Remote Usage
		Usr 0 00:00:00, Sys 0 00:00:00  -  Total Local Usage
	1383  -  Run Bytes Sent By Job
	396  -  Run Bytes Received By Job
	1383  -  Total Bytes Sent By Job
	396  -  Total Bytes Received By Job
	Partitionable Resources :    Usage  Request Allocated 
	   Cpus                 :     4.07        1         1 
	   Disk (KB)            :   802           1 479749220 
	   Memory (MB)          :    21        7900      8033 
...
000 (843270.000.000) 08/15 13:28:55 Job submitted from host: <172.20.3.187:9618?addrs=172.20.3.187-9618&noUDP&sock=2043_e813_3>
...
001 (843270.000.000) 08/15 17:33:00 Job executing on host: <172.20.225.1:9618?addrs=172.20.225.1-9618&noUDP&sock=3382_5963_3>
...
006 (843270.000.000) 08/15 17:33:08 Image size of job updated: 21112
	21  -  MemoryUsage of job (MB)
	21112  -  ResidentSetSize of job (KB)
...
006 (843270.000.000) 08/15 17:38:09 Image size of job updated: 4949592
	4834  -  MemoryUsage of job (MB)
	4949592  -  ResidentSetSize of job (KB)
...
006 (843270.000.000) 08/15 17:43:09 Image size of job updated: 5905820
	5768  -  MemoryUsage of job (MB)
	5905820  -  ResidentSetSize of job (KB)
...
006 (843270.000.000) 08/15 17:48:09 Image size of job updated: 5907216
	5769  -  MemoryUsage of job (MB)
	5907216  -  ResidentSetSize of job (KB)
...
006 (843270.000.000) 08/15 17:53:11 Image size of job updated: 6514780
	6362  -  MemoryUsage of job (MB)
	6514636  -  ResidentSetSize of job (KB)
...
005 (843270.000.000) 08/15 17:53:35 Job terminated.
	(1) Normal termination (return value 0)
		Usr 0 00:22:57, Sys 0 00:00:33  -  Run Remote Usage
		Usr 0 00:00:00, Sys 0 00:00:00  -  Run Local Usage
		Usr 0 00:22:57, Sys 0 00:00:33  -  Total Remote Usage
		Usr 0 00:00:00, Sys 0 00:00:00  -  Total Local Usage
	1216  -  Run Bytes Sent By Job
	396  -  Run Bytes Received By Job
	1216  -  Total Bytes Sent By Job
	396  -  Total Bytes Received By Job
	Partitionable Resources :    Usage  Request Allocated 
	   Cpus                 :     0.65        1         1 
	   Disk (KB)            :   802           1 479786105 
	   Memory (MB)          :  6362        7900      8033 
...
