000 (839620.000.000) 08/15 13:24:57 Job submitted from host: <172.20.3.187:9618?addrs=172.20.3.187-9618&noUDP&sock=2043_e813_3>
...
001 (839620.000.000) 08/15 13:41:24 Job executing on host: <172.20.225.8:9618?addrs=172.20.225.8-9618&noUDP&sock=3440_21e1_3>
...
006 (839620.000.000) 08/15 13:41:34 Image size of job updated: 21116
	21  -  MemoryUsage of job (MB)
	21116  -  ResidentSetSize of job (KB)
...
005 (839620.000.000) 08/15 13:42:28 Job terminated.
	(1) Normal termination (return value 1)
		Usr 0 00:00:14, Sys 0 00:00:01  -  Run Remote Usage
		Usr 0 00:00:00, Sys 0 00:00:00  -  Run Local Usage
		Usr 0 00:00:14, Sys 0 00:00:01  -  Total Remote Usage
		Usr 0 00:00:00, Sys 0 00:00:00  -  Total Local Usage
	1437  -  Run Bytes Sent By Job
	393  -  Run Bytes Received By Job
	1437  -  Total Bytes Sent By Job
	393  -  Total Bytes Received By Job
	Partitionable Resources :    Usage  Request Allocated 
	   Cpus                 :        0        1         1 
	   Disk (KB)            :      803        1 479737977 
	   Memory (MB)          :       21     7900      8033 
...
000 (845711.000.000) 08/16 03:53:27 Job submitted from host: <172.20.3.187:9618?addrs=172.20.3.187-9618&noUDP&sock=2043_e813_3>
...
001 (845711.000.000) 08/16 04:41:09 Job executing on host: <172.20.225.6:9618?addrs=172.20.225.6-9618&noUDP&sock=3382_5963_3>
...
006 (845711.000.000) 08/16 04:41:17 Image size of job updated: 21112
	21  -  MemoryUsage of job (MB)
	21112  -  ResidentSetSize of job (KB)
...
006 (845711.000.000) 08/16 04:46:17 Image size of job updated: 4950012
	4834  -  MemoryUsage of job (MB)
	4950012  -  ResidentSetSize of job (KB)
...
006 (845711.000.000) 08/16 04:51:18 Image size of job updated: 5906172
	5768  -  MemoryUsage of job (MB)
	5906172  -  ResidentSetSize of job (KB)
...
006 (845711.000.000) 08/16 04:56:18 Image size of job updated: 5906484
	5769  -  MemoryUsage of job (MB)
	5906484  -  ResidentSetSize of job (KB)
...
006 (845711.000.000) 08/16 05:01:18 Image size of job updated: 6424724
	6275  -  MemoryUsage of job (MB)
	6424584  -  ResidentSetSize of job (KB)
...
006 (845711.000.000) 08/16 05:02:22 Image size of job updated: 17526116
	6275  -  MemoryUsage of job (MB)
	6424584  -  ResidentSetSize of job (KB)
...
005 (845711.000.000) 08/16 05:02:22 Job terminated.
	(1) Normal termination (return value 0)
		Usr 0 00:21:43, Sys 0 00:00:31  -  Run Remote Usage
		Usr 0 00:00:00, Sys 0 00:00:00  -  Run Local Usage
		Usr 0 00:21:43, Sys 0 00:00:31  -  Total Remote Usage
		Usr 0 00:00:00, Sys 0 00:00:00  -  Total Local Usage
	1218  -  Run Bytes Sent By Job
	393  -  Run Bytes Received By Job
	1218  -  Total Bytes Sent By Job
	393  -  Total Bytes Received By Job
	Partitionable Resources :    Usage  Request Allocated 
	   Cpus                 :     0.57        1         1 
	   Disk (KB)            :   802           1 479749220 
	   Memory (MB)          :  6275        7900      8033 
...
