000 (841231.000.000) 08/15 13:26:42 Job submitted from host: <172.20.3.187:9618?addrs=172.20.3.187-9618&noUDP&sock=2043_e813_3>
...
001 (841231.000.000) 08/15 14:58:52 Job executing on host: <172.20.225.2:9618?addrs=172.20.225.2-9618&noUDP&sock=3424_285d_3>
...
006 (841231.000.000) 08/15 14:59:00 Image size of job updated: 21124
	21  -  MemoryUsage of job (MB)
	21124  -  ResidentSetSize of job (KB)
...
006 (841231.000.000) 08/15 15:04:01 Image size of job updated: 4909384
	4795  -  MemoryUsage of job (MB)
	4909384  -  ResidentSetSize of job (KB)
...
006 (841231.000.000) 08/15 15:09:01 Image size of job updated: 5865548
	5729  -  MemoryUsage of job (MB)
	5865548  -  ResidentSetSize of job (KB)
...
006 (841231.000.000) 08/15 15:14:02 Image size of job updated: 5866944
	5730  -  MemoryUsage of job (MB)
	5866944  -  ResidentSetSize of job (KB)
...
005 (841231.000.000) 08/15 15:18:37 Job terminated.
	(1) Normal termination (return value 0)
		Usr 0 00:22:10, Sys 0 00:00:30  -  Run Remote Usage
		Usr 0 00:00:00, Sys 0 00:00:00  -  Run Local Usage
		Usr 0 00:22:10, Sys 0 00:00:30  -  Total Remote Usage
		Usr 0 00:00:00, Sys 0 00:00:00  -  Total Local Usage
	1222  -  Run Bytes Sent By Job
	402  -  Run Bytes Received By Job
	1222  -  Total Bytes Sent By Job
	402  -  Total Bytes Received By Job
	Partitionable Resources :    Usage  Request Allocated 
	   Cpus                 :     0.64        1         1 
	   Disk (KB)            :   803           1 479786084 
	   Memory (MB)          :  5730        7900      8033 
...
