000 (842628.000.000) 08/15 13:28:12 Job submitted from host: <172.20.3.187:9618?addrs=172.20.3.187-9618&noUDP&sock=2043_e813_3>
...
001 (842628.000.000) 08/15 16:30:00 Job executing on host: <172.20.225.4:9618?addrs=172.20.225.4-9618&noUDP&sock=3366_5fdf_3>
...
006 (842628.000.000) 08/15 16:30:09 Image size of job updated: 21116
	21  -  MemoryUsage of job (MB)
	21116  -  ResidentSetSize of job (KB)
...
006 (842628.000.000) 08/15 16:35:11 Image size of job updated: 4976384
	4860  -  MemoryUsage of job (MB)
	4976384  -  ResidentSetSize of job (KB)
...
006 (842628.000.000) 08/15 16:40:11 Image size of job updated: 5932552
	5794  -  MemoryUsage of job (MB)
	5932552  -  ResidentSetSize of job (KB)
...
006 (842628.000.000) 08/15 16:45:11 Image size of job updated: 5933948
	5795  -  MemoryUsage of job (MB)
	5933948  -  ResidentSetSize of job (KB)
...
006 (842628.000.000) 08/15 16:50:12 Image size of job updated: 6453624
	6302  -  MemoryUsage of job (MB)
	6453124  -  ResidentSetSize of job (KB)
...
005 (842628.000.000) 08/15 16:51:47 Job terminated.
	(1) Normal termination (return value 0)
		Usr 0 00:22:48, Sys 0 00:00:31  -  Run Remote Usage
		Usr 0 00:00:00, Sys 0 00:00:00  -  Run Local Usage
		Usr 0 00:22:48, Sys 0 00:00:31  -  Total Remote Usage
		Usr 0 00:00:00, Sys 0 00:00:00  -  Total Local Usage
	1222  -  Run Bytes Sent By Job
	399  -  Run Bytes Received By Job
	1222  -  Total Bytes Sent By Job
	399  -  Total Bytes Received By Job
	Partitionable Resources :    Usage  Request Allocated 
	   Cpus                 :     0.96        1         1 
	   Disk (KB)            :   802           1 479779449 
	   Memory (MB)          :  6302        7900      8033 
...
