000 (842447.000.000) 08/15 13:28:01 Job submitted from host: <172.20.3.187:9618?addrs=172.20.3.187-9618&noUDP&sock=2043_e813_3>
...
001 (842447.000.000) 08/15 16:13:48 Job executing on host: <172.20.225.4:9618?addrs=172.20.225.4-9618&noUDP&sock=3366_5fdf_3>
...
006 (842447.000.000) 08/15 16:13:58 Image size of job updated: 21108
	21  -  MemoryUsage of job (MB)
	21108  -  ResidentSetSize of job (KB)
...
006 (842447.000.000) 08/15 16:18:58 Image size of job updated: 5007756
	4867  -  MemoryUsage of job (MB)
	4983468  -  ResidentSetSize of job (KB)
...
006 (842447.000.000) 08/15 16:23:59 Image size of job updated: 5007756
	4867  -  MemoryUsage of job (MB)
	4983644  -  ResidentSetSize of job (KB)
...
006 (842447.000.000) 08/15 16:28:59 Image size of job updated: 5940024
	5801  -  MemoryUsage of job (MB)
	5940024  -  ResidentSetSize of job (KB)
...
006 (842447.000.000) 08/15 16:34:00 Image size of job updated: 6283132
	6136  -  MemoryUsage of job (MB)
	6283132  -  ResidentSetSize of job (KB)
...
006 (842447.000.000) 08/15 16:37:19 Image size of job updated: 6439444
	6136  -  MemoryUsage of job (MB)
	6283136  -  ResidentSetSize of job (KB)
...
005 (842447.000.000) 08/15 16:37:19 Job terminated.
	(1) Normal termination (return value 0)
		Usr 0 00:23:17, Sys 0 00:00:28  -  Run Remote Usage
		Usr 0 00:00:00, Sys 0 00:00:00  -  Run Local Usage
		Usr 0 00:23:17, Sys 0 00:00:28  -  Total Remote Usage
		Usr 0 00:00:00, Sys 0 00:00:00  -  Total Local Usage
	1219  -  Run Bytes Sent By Job
	396  -  Run Bytes Received By Job
	1219  -  Total Bytes Sent By Job
	396  -  Total Bytes Received By Job
	Partitionable Resources :    Usage  Request Allocated 
	   Cpus                 :     1.00        1         1 
	   Disk (KB)            :   803           1 479779449 
	   Memory (MB)          :  6136        7900      8033 
...
