000 (844791.000.000) 08/15 13:30:35 Job submitted from host: <172.20.3.187:9618?addrs=172.20.3.187-9618&noUDP&sock=2043_e813_3>
...
001 (844791.000.000) 08/15 19:03:01 Job executing on host: <172.20.225.6:9618?addrs=172.20.225.6-9618&noUDP&sock=3382_5963_3>
...
006 (844791.000.000) 08/15 19:03:10 Image size of job updated: 21112
	21  -  MemoryUsage of job (MB)
	21112  -  ResidentSetSize of job (KB)
...
006 (844791.000.000) 08/15 19:08:12 Image size of job updated: 5302780
	5179  -  MemoryUsage of job (MB)
	5302780  -  ResidentSetSize of job (KB)
...
006 (844791.000.000) 08/15 19:13:12 Image size of job updated: 6258976
	6113  -  MemoryUsage of job (MB)
	6258976  -  ResidentSetSize of job (KB)
...
006 (844791.000.000) 08/15 19:18:14 Image size of job updated: 6260376
	6114  -  MemoryUsage of job (MB)
	6260376  -  ResidentSetSize of job (KB)
...
006 (844791.000.000) 08/15 19:23:14 Image size of job updated: 6702376
	6546  -  MemoryUsage of job (MB)
	6702376  -  ResidentSetSize of job (KB)
...
005 (844791.000.000) 08/15 19:25:31 Job terminated.
	(1) Normal termination (return value 0)
		Usr 0 00:23:50, Sys 0 00:00:33  -  Run Remote Usage
		Usr 0 00:00:00, Sys 0 00:00:00  -  Run Local Usage
		Usr 0 00:23:50, Sys 0 00:00:33  -  Total Remote Usage
		Usr 0 00:00:00, Sys 0 00:00:00  -  Total Local Usage
	1229  -  Run Bytes Sent By Job
	404  -  Run Bytes Received By Job
	1229  -  Total Bytes Sent By Job
	404  -  Total Bytes Received By Job
	Partitionable Resources :    Usage  Request Allocated 
	   Cpus                 :     0.50        1         1 
	   Disk (KB)            :   802           1 479749220 
	   Memory (MB)          :  6546        7900      8033 
...
