000 (838417.000.000) 08/15 12:25:12 Job submitted from host: <172.20.3.187:9618?addrs=172.20.3.187-9618&noUDP&sock=2043_e813_3>
...
001 (838417.000.000) 08/15 12:43:58 Job executing on host: <172.20.225.2:9618?addrs=172.20.225.2-9618&noUDP&sock=3424_285d_3>
...
006 (838417.000.000) 08/15 12:44:07 Image size of job updated: 21124
	21  -  MemoryUsage of job (MB)
	21124  -  ResidentSetSize of job (KB)
...
006 (838417.000.000) 08/15 12:49:07 Image size of job updated: 12616396
	12321  -  MemoryUsage of job (MB)
	12616376  -  ResidentSetSize of job (KB)
...
005 (838417.000.000) 08/15 12:51:40 Job terminated.
	(1) Normal termination (return value 137)
		Usr 0 00:05:48, Sys 0 00:00:58  -  Run Remote Usage
		Usr 0 00:00:00, Sys 0 00:00:00  -  Run Local Usage
		Usr 0 00:05:48, Sys 0 00:00:58  -  Total Remote Usage
		Usr 0 00:00:00, Sys 0 00:00:00  -  Total Local Usage
	1390  -  Run Bytes Sent By Job
	403  -  Run Bytes Received By Job
	1390  -  Total Bytes Sent By Job
	403  -  Total Bytes Received By Job
	Partitionable Resources :    Usage  Request Allocated 
	   Cpus                 :     1.68        1         1 
	   Disk (KB)            :   803           1 479786084 
	   Memory (MB)          : 12321        7900      8033 
...
000 (842732.000.000) 08/15 13:28:19 Job submitted from host: <172.20.3.187:9618?addrs=172.20.3.187-9618&noUDP&sock=2043_e813_3>
...
001 (842732.000.000) 08/15 16:44:00 Job executing on host: <172.20.225.6:9618?addrs=172.20.225.6-9618&noUDP&sock=3382_5963_3>
...
006 (842732.000.000) 08/15 16:44:08 Image size of job updated: 21116
	21  -  MemoryUsage of job (MB)
	21116  -  ResidentSetSize of job (KB)
...
006 (842732.000.000) 08/15 16:49:08 Image size of job updated: 5245632
	5123  -  MemoryUsage of job (MB)
	5245632  -  ResidentSetSize of job (KB)
...
006 (842732.000.000) 08/15 16:54:09 Image size of job updated: 6201800
	6057  -  MemoryUsage of job (MB)
	6201800  -  ResidentSetSize of job (KB)
...
006 (842732.000.000) 08/15 16:59:10 Image size of job updated: 6203196
	6058  -  MemoryUsage of job (MB)
	6203196  -  ResidentSetSize of job (KB)
...
006 (842732.000.000) 08/15 17:04:10 Image size of job updated: 6791784
	6633  -  MemoryUsage of job (MB)
	6791356  -  ResidentSetSize of job (KB)
...
005 (842732.000.000) 08/15 17:05:01 Job terminated.
	(1) Normal termination (return value 0)
		Usr 0 00:22:25, Sys 0 00:00:34  -  Run Remote Usage
		Usr 0 00:00:00, Sys 0 00:00:00  -  Run Local Usage
		Usr 0 00:22:25, Sys 0 00:00:34  -  Total Remote Usage
		Usr 0 00:00:00, Sys 0 00:00:00  -  Total Local Usage
	1226  -  Run Bytes Sent By Job
	403  -  Run Bytes Received By Job
	1226  -  Total Bytes Sent By Job
	403  -  Total Bytes Received By Job
	Partitionable Resources :    Usage  Request Allocated 
	   Cpus                 :     0.48        1         1 
	   Disk (KB)            :   802           1 479749220 
	   Memory (MB)          :  6633        7900      8033 
...
