000 (844235.000.000) 08/15 13:29:58 Job submitted from host: <172.20.3.187:9618?addrs=172.20.3.187-9618&noUDP&sock=2043_e813_3>
...
001 (844235.000.000) 08/15 18:20:01 Job executing on host: <172.20.225.6:9618?addrs=172.20.225.6-9618&noUDP&sock=3382_5963_3>
...
006 (844235.000.000) 08/15 18:20:09 Image size of job updated: 21120
	21  -  MemoryUsage of job (MB)
	21120  -  ResidentSetSize of job (KB)
...
006 (844235.000.000) 08/15 18:25:10 Image size of job updated: 4979848
	4864  -  MemoryUsage of job (MB)
	4979848  -  ResidentSetSize of job (KB)
...
006 (844235.000.000) 08/15 18:30:10 Image size of job updated: 5936004
	5797  -  MemoryUsage of job (MB)
	5936004  -  ResidentSetSize of job (KB)
...
006 (844235.000.000) 08/15 18:35:11 Image size of job updated: 5937400
	5799  -  MemoryUsage of job (MB)
	5937400  -  ResidentSetSize of job (KB)
...
006 (844235.000.000) 08/15 18:40:11 Image size of job updated: 6454028
	6303  -  MemoryUsage of job (MB)
	6454028  -  ResidentSetSize of job (KB)
...
006 (844235.000.000) 08/15 18:42:06 Image size of job updated: 13563464
	6303  -  MemoryUsage of job (MB)
	6454028  -  ResidentSetSize of job (KB)
...
005 (844235.000.000) 08/15 18:42:07 Job terminated.
	(1) Normal termination (return value 0)
		Usr 0 00:23:07, Sys 0 00:00:35  -  Run Remote Usage
		Usr 0 00:00:00, Sys 0 00:00:00  -  Run Local Usage
		Usr 0 00:23:07, Sys 0 00:00:35  -  Total Remote Usage
		Usr 0 00:00:00, Sys 0 00:00:00  -  Total Local Usage
	1225  -  Run Bytes Sent By Job
	400  -  Run Bytes Received By Job
	1225  -  Total Bytes Sent By Job
	400  -  Total Bytes Received By Job
	Partitionable Resources :    Usage  Request Allocated 
	   Cpus                 :     0.70        1         1 
	   Disk (KB)            :   802           1 479749220 
	   Memory (MB)          :  6303        7900      8033 
...
