000 (844423.000.000) 08/15 13:30:10 Job submitted from host: <172.20.3.187:9618?addrs=172.20.3.187-9618&noUDP&sock=2043_e813_3>
...
001 (844423.000.000) 08/15 18:25:00 Job executing on host: <172.20.225.6:9618?addrs=172.20.225.6-9618&noUDP&sock=3382_5963_3>
...
006 (844423.000.000) 08/15 18:25:09 Image size of job updated: 21120
	21  -  MemoryUsage of job (MB)
	21120  -  ResidentSetSize of job (KB)
...
006 (844423.000.000) 08/15 18:30:10 Image size of job updated: 5302484
	5179  -  MemoryUsage of job (MB)
	5302484  -  ResidentSetSize of job (KB)
...
006 (844423.000.000) 08/15 18:35:10 Image size of job updated: 5302588
	5179  -  MemoryUsage of job (MB)
	5302588  -  ResidentSetSize of job (KB)
...
006 (844423.000.000) 08/15 18:40:11 Image size of job updated: 6258784
	6113  -  MemoryUsage of job (MB)
	6258784  -  ResidentSetSize of job (KB)
...
006 (844423.000.000) 08/15 18:45:12 Image size of job updated: 6371084
	6222  -  MemoryUsage of job (MB)
	6371084  -  ResidentSetSize of job (KB)
...
006 (844423.000.000) 08/15 18:48:51 Image size of job updated: 6680356
	6222  -  MemoryUsage of job (MB)
	6371132  -  ResidentSetSize of job (KB)
...
005 (844423.000.000) 08/15 18:48:51 Job terminated.
	(1) Normal termination (return value 0)
		Usr 0 00:23:23, Sys 0 00:00:30  -  Run Remote Usage
		Usr 0 00:00:00, Sys 0 00:00:00  -  Run Local Usage
		Usr 0 00:23:23, Sys 0 00:00:30  -  Total Remote Usage
		Usr 0 00:00:00, Sys 0 00:00:00  -  Total Local Usage
	1229  -  Run Bytes Sent By Job
	404  -  Run Bytes Received By Job
	1229  -  Total Bytes Sent By Job
	404  -  Total Bytes Received By Job
	Partitionable Resources :    Usage  Request Allocated 
	   Cpus                 :     0.67        1         1 
	   Disk (KB)            :   802           1 479749220 
	   Memory (MB)          :  6222        7900      8033 
...
