000 (842990.000.000) 08/15 13:28:36 Job submitted from host: <172.20.3.187:9618?addrs=172.20.3.187-9618&noUDP&sock=2043_e813_3>
...
001 (842990.000.000) 08/15 17:07:01 Job executing on host: <172.20.225.8:9618?addrs=172.20.225.8-9618&noUDP&sock=3440_21e1_3>
...
006 (842990.000.000) 08/15 17:07:09 Image size of job updated: 21124
	21  -  MemoryUsage of job (MB)
	21124  -  ResidentSetSize of job (KB)
...
006 (842990.000.000) 08/15 17:12:09 Image size of job updated: 5245692
	5123  -  MemoryUsage of job (MB)
	5245692  -  ResidentSetSize of job (KB)
...
006 (842990.000.000) 08/15 17:17:09 Image size of job updated: 5245800
	5123  -  MemoryUsage of job (MB)
	5245800  -  ResidentSetSize of job (KB)
...
006 (842990.000.000) 08/15 17:22:09 Image size of job updated: 6203256
	6058  -  MemoryUsage of job (MB)
	6203256  -  ResidentSetSize of job (KB)
...
006 (842990.000.000) 08/15 17:27:09 Image size of job updated: 6653896
	6498  -  MemoryUsage of job (MB)
	6653744  -  ResidentSetSize of job (KB)
...
006 (842990.000.000) 08/15 17:29:04 Image size of job updated: 13708392
	6498  -  MemoryUsage of job (MB)
	6653744  -  ResidentSetSize of job (KB)
...
005 (842990.000.000) 08/15 17:29:04 Job terminated.
	(1) Normal termination (return value 0)
		Usr 0 00:23:20, Sys 0 00:00:35  -  Run Remote Usage
		Usr 0 00:00:00, Sys 0 00:00:00  -  Run Local Usage
		Usr 0 00:23:20, Sys 0 00:00:35  -  Total Remote Usage
		Usr 0 00:00:00, Sys 0 00:00:00  -  Total Local Usage
	1229  -  Run Bytes Sent By Job
	404  -  Run Bytes Received By Job
	1229  -  Total Bytes Sent By Job
	404  -  Total Bytes Received By Job
	Partitionable Resources :    Usage  Request Allocated 
	   Cpus                 :     0.54        1         1 
	   Disk (KB)            :   802           1 479737977 
	   Memory (MB)          :  6498        7900      8033 
...
