000 (839574.000.000) 08/15 13:24:54 Job submitted from host: <172.20.3.187:9618?addrs=172.20.3.187-9618&noUDP&sock=2043_e813_3>
...
001 (839574.000.000) 08/15 13:40:30 Job executing on host: <172.20.225.1:9618?addrs=172.20.225.1-9618&noUDP&sock=3382_5963_3>
...
006 (839574.000.000) 08/15 13:40:38 Image size of job updated: 21116
	21  -  MemoryUsage of job (MB)
	21116  -  ResidentSetSize of job (KB)
...
006 (839574.000.000) 08/15 13:41:27 Image size of job updated: 4074332
	21  -  MemoryUsage of job (MB)
	21116  -  ResidentSetSize of job (KB)
...
005 (839574.000.000) 08/15 13:41:28 Job terminated.
	(1) Normal termination (return value 1)
		Usr 0 00:00:12, Sys 0 00:00:01  -  Run Remote Usage
		Usr 0 00:00:00, Sys 0 00:00:00  -  Run Local Usage
		Usr 0 00:00:12, Sys 0 00:00:01  -  Total Remote Usage
		Usr 0 00:00:00, Sys 0 00:00:00  -  Total Local Usage
	1435  -  Run Bytes Sent By Job
	392  -  Run Bytes Received By Job
	1435  -  Total Bytes Sent By Job
	392  -  Total Bytes Received By Job
	Partitionable Resources :    Usage  Request Allocated 
	   Cpus                 :     0.71        1         1 
	   Disk (KB)            :   803           1 479786105 
	   Memory (MB)          :    21        7900      8033 
...
000 (845665.000.000) 08/16 03:53:24 Job submitted from host: <172.20.3.187:9618?addrs=172.20.3.187-9618&noUDP&sock=2043_e813_3>
...
001 (845665.000.000) 08/16 04:37:06 Job executing on host: <172.20.225.8:9618?addrs=172.20.225.8-9618&noUDP&sock=3440_21e1_3>
...
006 (845665.000.000) 08/16 04:37:15 Image size of job updated: 21120
	21  -  MemoryUsage of job (MB)
	21120  -  ResidentSetSize of job (KB)
...
006 (845665.000.000) 08/16 04:42:17 Image size of job updated: 4950188
	4835  -  MemoryUsage of job (MB)
	4950188  -  ResidentSetSize of job (KB)
...
006 (845665.000.000) 08/16 04:47:16 Image size of job updated: 5906472
	5769  -  MemoryUsage of job (MB)
	5906472  -  ResidentSetSize of job (KB)
...
006 (845665.000.000) 08/16 04:52:17 Image size of job updated: 5912432
	5774  -  MemoryUsage of job (MB)
	5912432  -  ResidentSetSize of job (KB)
...
006 (845665.000.000) 08/16 04:54:45 Image size of job updated: 6869196
	5774  -  MemoryUsage of job (MB)
	5912432  -  ResidentSetSize of job (KB)
...
005 (845665.000.000) 08/16 04:54:45 Job terminated.
	(1) Normal termination (return value 0)
		Usr 0 00:21:50, Sys 0 00:00:34  -  Run Remote Usage
		Usr 0 00:00:00, Sys 0 00:00:00  -  Run Local Usage
		Usr 0 00:21:50, Sys 0 00:00:34  -  Total Remote Usage
		Usr 0 00:00:00, Sys 0 00:00:00  -  Total Local Usage
	1215  -  Run Bytes Sent By Job
	392  -  Run Bytes Received By Job
	1215  -  Total Bytes Sent By Job
	392  -  Total Bytes Received By Job
	Partitionable Resources :    Usage  Request Allocated 
	   Cpus                 :     0.97        1         1 
	   Disk (KB)            :   802           1 479737977 
	   Memory (MB)          :  5774        7900      8033 
...
