000 (843286.000.000) 08/15 13:28:56 Job submitted from host: <172.20.3.187:9618?addrs=172.20.3.187-9618&noUDP&sock=2043_e813_3>
...
001 (843286.000.000) 08/15 17:34:02 Job executing on host: <172.20.225.2:9618?addrs=172.20.225.2-9618&noUDP&sock=3424_285d_3>
...
006 (843286.000.000) 08/15 17:34:10 Image size of job updated: 21116
	21  -  MemoryUsage of job (MB)
	21116  -  ResidentSetSize of job (KB)
...
006 (843286.000.000) 08/15 17:39:10 Image size of job updated: 4950212
	4835  -  MemoryUsage of job (MB)
	4950212  -  ResidentSetSize of job (KB)
...
006 (843286.000.000) 08/15 17:44:10 Image size of job updated: 5906380
	5768  -  MemoryUsage of job (MB)
	5906380  -  ResidentSetSize of job (KB)
...
006 (843286.000.000) 08/15 17:49:11 Image size of job updated: 5907768
	5770  -  MemoryUsage of job (MB)
	5907768  -  ResidentSetSize of job (KB)
...
006 (843286.000.000) 08/15 17:54:12 Image size of job updated: 6318880
	6171  -  MemoryUsage of job (MB)
	6318684  -  ResidentSetSize of job (KB)
...
005 (843286.000.000) 08/15 17:55:51 Job terminated.
	(1) Normal termination (return value 0)
		Usr 0 00:22:45, Sys 0 00:00:35  -  Run Remote Usage
		Usr 0 00:00:00, Sys 0 00:00:00  -  Run Local Usage
		Usr 0 00:22:45, Sys 0 00:00:35  -  Total Remote Usage
		Usr 0 00:00:00, Sys 0 00:00:00  -  Total Local Usage
	1219  -  Run Bytes Sent By Job
	397  -  Run Bytes Received By Job
	1219  -  Total Bytes Sent By Job
	397  -  Total Bytes Received By Job
	Partitionable Resources :    Usage  Request Allocated 
	   Cpus                 :     0.57        1         1 
	   Disk (KB)            :   802           1 479786084 
	   Memory (MB)          :  6171        7900      8033 
...
