000 (844499.000.000) 08/15 13:30:15 Job submitted from host: <172.20.3.187:9618?addrs=172.20.3.187-9618&noUDP&sock=2043_e813_3>
...
001 (844499.000.000) 08/15 18:41:00 Job executing on host: <172.20.225.8:9618?addrs=172.20.225.8-9618&noUDP&sock=3440_21e1_3>
...
006 (844499.000.000) 08/15 18:41:08 Image size of job updated: 21112
	21  -  MemoryUsage of job (MB)
	21112  -  ResidentSetSize of job (KB)
...
006 (844499.000.000) 08/15 18:46:08 Image size of job updated: 5304048
	5180  -  MemoryUsage of job (MB)
	5304048  -  ResidentSetSize of job (KB)
...
006 (844499.000.000) 08/15 18:51:09 Image size of job updated: 6260216
	6114  -  MemoryUsage of job (MB)
	6260216  -  ResidentSetSize of job (KB)
...
006 (844499.000.000) 08/15 18:56:10 Image size of job updated: 6261612
	6115  -  MemoryUsage of job (MB)
	6261612  -  ResidentSetSize of job (KB)
...
006 (844499.000.000) 08/15 19:01:11 Image size of job updated: 6693232
	6535  -  MemoryUsage of job (MB)
	6691576  -  ResidentSetSize of job (KB)
...
005 (844499.000.000) 08/15 19:02:35 Job terminated.
	(1) Normal termination (return value 0)
		Usr 0 00:22:54, Sys 0 00:00:34  -  Run Remote Usage
		Usr 0 00:00:00, Sys 0 00:00:00  -  Run Local Usage
		Usr 0 00:22:54, Sys 0 00:00:34  -  Total Remote Usage
		Usr 0 00:00:00, Sys 0 00:00:00  -  Total Local Usage
	1229  -  Run Bytes Sent By Job
	404  -  Run Bytes Received By Job
	1229  -  Total Bytes Sent By Job
	404  -  Total Bytes Received By Job
	Partitionable Resources :    Usage  Request Allocated 
	   Cpus                 :     0.49        1         1 
	   Disk (KB)            :   802           1 479737977 
	   Memory (MB)          :  6535        7900      8033 
...
