000 (843313.000.000) 08/15 13:28:58 Job submitted from host: <172.20.3.187:9618?addrs=172.20.3.187-9618&noUDP&sock=2043_e813_3>
...
001 (843313.000.000) 08/15 17:36:00 Job executing on host: <172.20.225.4:9618?addrs=172.20.225.4-9618&noUDP&sock=3366_5fdf_3>
...
006 (843313.000.000) 08/15 17:36:08 Image size of job updated: 21120
	21  -  MemoryUsage of job (MB)
	21120  -  ResidentSetSize of job (KB)
...
006 (843313.000.000) 08/15 17:41:08 Image size of job updated: 4950000
	4834  -  MemoryUsage of job (MB)
	4950000  -  ResidentSetSize of job (KB)
...
006 (843313.000.000) 08/15 17:46:08 Image size of job updated: 4950104
	4835  -  MemoryUsage of job (MB)
	4950104  -  ResidentSetSize of job (KB)
...
006 (843313.000.000) 08/15 17:51:08 Image size of job updated: 5906488
	5769  -  MemoryUsage of job (MB)
	5906488  -  ResidentSetSize of job (KB)
...
006 (843313.000.000) 08/15 17:56:09 Image size of job updated: 6473944
	6323  -  MemoryUsage of job (MB)
	6473908  -  ResidentSetSize of job (KB)
...
005 (843313.000.000) 08/15 17:57:17 Job terminated.
	(1) Normal termination (return value 0)
		Usr 0 00:22:52, Sys 0 00:00:36  -  Run Remote Usage
		Usr 0 00:00:00, Sys 0 00:00:00  -  Run Local Usage
		Usr 0 00:22:52, Sys 0 00:00:36  -  Total Remote Usage
		Usr 0 00:00:00, Sys 0 00:00:00  -  Total Local Usage
	1219  -  Run Bytes Sent By Job
	397  -  Run Bytes Received By Job
	1219  -  Total Bytes Sent By Job
	397  -  Total Bytes Received By Job
	Partitionable Resources :    Usage  Request Allocated 
	   Cpus                 :     0.74        1         1 
	   Disk (KB)            :   802           1 479779449 
	   Memory (MB)          :  6323        7900      8033 
...
