000 (842012.000.000) 08/15 13:27:32 Job submitted from host: <172.20.3.187:9618?addrs=172.20.3.187-9618&noUDP&sock=2043_e813_3>
...
001 (842012.000.000) 08/15 16:00:02 Job executing on host: <172.20.225.8:9618?addrs=172.20.225.8-9618&noUDP&sock=3440_21e1_3>
...
006 (842012.000.000) 08/15 16:00:11 Image size of job updated: 21120
	21  -  MemoryUsage of job (MB)
	21120  -  ResidentSetSize of job (KB)
...
006 (842012.000.000) 08/15 16:01:04 Image size of job updated: 4147908
	21  -  MemoryUsage of job (MB)
	21120  -  ResidentSetSize of job (KB)
...
005 (842012.000.000) 08/15 16:01:04 Job terminated.
	(1) Normal termination (return value 1)
		Usr 0 00:00:15, Sys 0 00:00:01  -  Run Remote Usage
		Usr 0 00:00:00, Sys 0 00:00:00  -  Run Local Usage
		Usr 0 00:00:15, Sys 0 00:00:01  -  Total Remote Usage
		Usr 0 00:00:00, Sys 0 00:00:00  -  Total Local Usage
	1437  -  Run Bytes Sent By Job
	395  -  Run Bytes Received By Job
	1437  -  Total Bytes Sent By Job
	395  -  Total Bytes Received By Job
	Partitionable Resources :    Usage  Request Allocated 
	   Cpus                 :     0.62        1         1 
	   Disk (KB)            :   803           1 479737977 
	   Memory (MB)          :    21        7900      8033 
...
000 (846538.000.000) 08/16 03:54:21 Job submitted from host: <172.20.3.187:9618?addrs=172.20.3.187-9618&noUDP&sock=2043_e813_3>
...
001 (846538.000.000) 08/16 05:39:10 Job executing on host: <172.20.225.4:9618?addrs=172.20.225.4-9618&noUDP&sock=3366_5fdf_3>
...
006 (846538.000.000) 08/16 05:39:18 Image size of job updated: 21120
	21  -  MemoryUsage of job (MB)
	21120  -  ResidentSetSize of job (KB)
...
006 (846538.000.000) 08/16 05:44:18 Image size of job updated: 4961312
	4846  -  MemoryUsage of job (MB)
	4961312  -  ResidentSetSize of job (KB)
...
006 (846538.000.000) 08/16 05:49:19 Image size of job updated: 4961416
	4846  -  MemoryUsage of job (MB)
	4961416  -  ResidentSetSize of job (KB)
...
006 (846538.000.000) 08/16 05:54:20 Image size of job updated: 5917792
	5780  -  MemoryUsage of job (MB)
	5917792  -  ResidentSetSize of job (KB)
...
006 (846538.000.000) 08/16 05:59:20 Image size of job updated: 6267332
	6118  -  MemoryUsage of job (MB)
	6264340  -  ResidentSetSize of job (KB)
...
005 (846538.000.000) 08/16 06:01:56 Job terminated.
	(1) Normal termination (return value 0)
		Usr 0 00:22:27, Sys 0 00:00:32  -  Run Remote Usage
		Usr 0 00:00:00, Sys 0 00:00:00  -  Run Local Usage
		Usr 0 00:22:27, Sys 0 00:00:32  -  Total Remote Usage
		Usr 0 00:00:00, Sys 0 00:00:00  -  Total Local Usage
	1220  -  Run Bytes Sent By Job
	395  -  Run Bytes Received By Job
	1220  -  Total Bytes Sent By Job
	395  -  Total Bytes Received By Job
	Partitionable Resources :    Usage  Request Allocated 
	   Cpus                 :     0.51        1         1 
	   Disk (KB)            :   802           1 479779449 
	   Memory (MB)          :  6118        7900      8033 
...
