000 (840804.000.000) 08/15 13:26:14 Job submitted from host: <172.20.3.187:9618?addrs=172.20.3.187-9618&noUDP&sock=2043_e813_3>
...
001 (840804.000.000) 08/15 14:52:19 Job executing on host: <172.20.225.6:9618?addrs=172.20.225.6-9618&noUDP&sock=3382_5963_3>
...
006 (840804.000.000) 08/15 14:52:29 Image size of job updated: 21124
	21  -  MemoryUsage of job (MB)
	21124  -  ResidentSetSize of job (KB)
...
005 (840804.000.000) 08/15 14:53:32 Job terminated.
	(1) Normal termination (return value 1)
		Usr 0 00:00:25, Sys 0 00:00:01  -  Run Remote Usage
		Usr 0 00:00:00, Sys 0 00:00:00  -  Run Local Usage
		Usr 0 00:00:25, Sys 0 00:00:01  -  Total Remote Usage
		Usr 0 00:00:00, Sys 0 00:00:00  -  Total Local Usage
	1437  -  Run Bytes Sent By Job
	398  -  Run Bytes Received By Job
	1437  -  Total Bytes Sent By Job
	398  -  Total Bytes Received By Job
	Partitionable Resources :    Usage  Request Allocated 
	   Cpus                 :     0.67        1         1 
	   Disk (KB)            :   808           1 479749220 
	   Memory (MB)          :    21        7900      8033 
...
000 (846122.000.000) 08/16 03:53:54 Job submitted from host: <172.20.3.187:9618?addrs=172.20.3.187-9618&noUDP&sock=2043_e813_3>
...
001 (846122.000.000) 08/16 05:06:11 Job executing on host: <172.20.225.1:9618?addrs=172.20.225.1-9618&noUDP&sock=3382_5963_3>
...
006 (846122.000.000) 08/16 05:06:19 Image size of job updated: 21128
	21  -  MemoryUsage of job (MB)
	21128  -  ResidentSetSize of job (KB)
...
006 (846122.000.000) 08/16 05:11:20 Image size of job updated: 5035348
	4918  -  MemoryUsage of job (MB)
	5035348  -  ResidentSetSize of job (KB)
...
006 (846122.000.000) 08/16 05:16:21 Image size of job updated: 5035476
	4918  -  MemoryUsage of job (MB)
	5035476  -  ResidentSetSize of job (KB)
...
006 (846122.000.000) 08/16 05:21:20 Image size of job updated: 5991840
	5852  -  MemoryUsage of job (MB)
	5991840  -  ResidentSetSize of job (KB)
...
006 (846122.000.000) 08/16 05:26:20 Image size of job updated: 5997640
	5858  -  MemoryUsage of job (MB)
	5997640  -  ResidentSetSize of job (KB)
...
005 (846122.000.000) 08/16 05:29:27 Job terminated.
	(1) Normal termination (return value 0)
		Usr 0 00:21:56, Sys 0 00:00:29  -  Run Remote Usage
		Usr 0 00:00:00, Sys 0 00:00:00  -  Run Local Usage
		Usr 0 00:21:56, Sys 0 00:00:29  -  Total Remote Usage
		Usr 0 00:00:00, Sys 0 00:00:00  -  Total Local Usage
	1223  -  Run Bytes Sent By Job
	398  -  Run Bytes Received By Job
	1223  -  Total Bytes Sent By Job
	398  -  Total Bytes Received By Job
	Partitionable Resources :    Usage  Request Allocated 
	   Cpus                 :     0.64        1         1 
	   Disk (KB)            :   802           1 479786105 
	   Memory (MB)          :  5858        7900      8033 
...
