000 (843634.000.000) 08/15 13:29:19 Job submitted from host: <172.20.3.187:9618?addrs=172.20.3.187-9618&noUDP&sock=2043_e813_3>
...
001 (843634.000.000) 08/15 17:52:39 Job executing on host: <172.20.225.8:9618?addrs=172.20.225.8-9618&noUDP&sock=3440_21e1_3>
...
006 (843634.000.000) 08/15 17:52:47 Image size of job updated: 21128
	21  -  MemoryUsage of job (MB)
	21128  -  ResidentSetSize of job (KB)
...
005 (843634.000.000) 08/15 17:53:50 Job terminated.
	(1) Normal termination (return value 1)
		Usr 0 00:00:19, Sys 0 00:00:01  -  Run Remote Usage
		Usr 0 00:00:00, Sys 0 00:00:00  -  Run Local Usage
		Usr 0 00:00:19, Sys 0 00:00:01  -  Total Remote Usage
		Usr 0 00:00:00, Sys 0 00:00:00  -  Total Local Usage
	1437  -  Run Bytes Sent By Job
	393  -  Run Bytes Received By Job
	1437  -  Total Bytes Sent By Job
	393  -  Total Bytes Received By Job
	Partitionable Resources :    Usage  Request Allocated 
	   Cpus                 :     0.02        1         1 
	   Disk (KB)            :   803           1 479737977 
	   Memory (MB)          :    21        7900      8033 
...
000 (846900.000.000) 08/16 03:54:43 Job submitted from host: <172.20.3.187:9618?addrs=172.20.3.187-9618&noUDP&sock=2043_e813_3>
...
001 (846900.000.000) 08/16 06:12:10 Job executing on host: <172.20.225.8:9618?addrs=172.20.225.8-9618&noUDP&sock=3440_21e1_3>
...
006 (846900.000.000) 08/16 06:12:19 Image size of job updated: 21120
	21  -  MemoryUsage of job (MB)
	21120  -  ResidentSetSize of job (KB)
...
006 (846900.000.000) 08/16 06:17:20 Image size of job updated: 5010020
	4893  -  MemoryUsage of job (MB)
	5010020  -  ResidentSetSize of job (KB)
...
006 (846900.000.000) 08/16 06:22:21 Image size of job updated: 5966184
	5827  -  MemoryUsage of job (MB)
	5966184  -  ResidentSetSize of job (KB)
...
006 (846900.000.000) 08/16 06:27:21 Image size of job updated: 5967580
	5828  -  MemoryUsage of job (MB)
	5967580  -  ResidentSetSize of job (KB)
...
006 (846900.000.000) 08/16 06:32:22 Image size of job updated: 6840880
	6680  -  MemoryUsage of job (MB)
	6839864  -  ResidentSetSize of job (KB)
...
005 (846900.000.000) 08/16 06:32:45 Job terminated.
	(1) Normal termination (return value 0)
		Usr 0 00:22:39, Sys 0 00:00:31  -  Run Remote Usage
		Usr 0 00:00:00, Sys 0 00:00:00  -  Run Local Usage
		Usr 0 00:22:39, Sys 0 00:00:31  -  Total Remote Usage
		Usr 0 00:00:00, Sys 0 00:00:00  -  Total Local Usage
	1218  -  Run Bytes Sent By Job
	393  -  Run Bytes Received By Job
	1218  -  Total Bytes Sent By Job
	393  -  Total Bytes Received By Job
	Partitionable Resources :    Usage  Request Allocated 
	   Cpus                 :     0.99        1         1 
	   Disk (KB)            :   802           1 479737977 
	   Memory (MB)          :  6680        7900      8033 
...
