000 (837825.000.000) 08/15 12:24:33 Job submitted from host: <172.20.3.187:9618?addrs=172.20.3.187-9618&noUDP&sock=2043_e813_3>
...
001 (837825.000.000) 08/15 12:34:47 Job executing on host: <172.20.225.4:9618?addrs=172.20.225.4-9618&noUDP&sock=3366_5fdf_3>
...
006 (837825.000.000) 08/15 12:34:55 Image size of job updated: 20796
	21  -  MemoryUsage of job (MB)
	20796  -  ResidentSetSize of job (KB)
...
006 (837825.000.000) 08/15 12:37:44 Image size of job updated: 1484460
	21  -  MemoryUsage of job (MB)
	20796  -  ResidentSetSize of job (KB)
...
005 (837825.000.000) 08/15 12:37:45 Job terminated.
	(1) Normal termination (return value 137)
		Usr 0 00:04:42, Sys 0 00:00:36  -  Run Remote Usage
		Usr 0 00:00:00, Sys 0 00:00:00  -  Run Local Usage
		Usr 0 00:04:42, Sys 0 00:00:36  -  Total Remote Usage
		Usr 0 00:00:00, Sys 0 00:00:00  -  Total Local Usage
	1390  -  Run Bytes Sent By Job
	403  -  Run Bytes Received By Job
	1390  -  Total Bytes Sent By Job
	403  -  Total Bytes Received By Job
	Partitionable Resources :    Usage  Request Allocated 
	   Cpus                 :     1.86        1         1 
	   Disk (KB)            :   803           1 479779449 
	   Memory (MB)          :    21        7900      8033 
...
000 (840121.000.000) 08/15 13:25:30 Job submitted from host: <172.20.3.187:9618?addrs=172.20.3.187-9618&noUDP&sock=2043_e813_3>
...
001 (840121.000.000) 08/15 14:16:59 Job executing on host: <172.20.225.5:9618?addrs=172.20.225.5-9618&noUDP&sock=3375_8c39_3>
...
006 (840121.000.000) 08/15 14:17:07 Image size of job updated: 21128
	21  -  MemoryUsage of job (MB)
	21128  -  ResidentSetSize of job (KB)
...
006 (840121.000.000) 08/15 14:22:07 Image size of job updated: 5055736
	4938  -  MemoryUsage of job (MB)
	5055736  -  ResidentSetSize of job (KB)
...
006 (840121.000.000) 08/15 14:27:08 Image size of job updated: 6012028
	5872  -  MemoryUsage of job (MB)
	6012028  -  ResidentSetSize of job (KB)
...
006 (840121.000.000) 08/15 14:32:09 Image size of job updated: 6017996
	5877  -  MemoryUsage of job (MB)
	6017996  -  ResidentSetSize of job (KB)
...
005 (840121.000.000) 08/15 14:36:21 Job terminated.
	(1) Normal termination (return value 0)
		Usr 0 00:23:02, Sys 0 00:00:32  -  Run Remote Usage
		Usr 0 00:00:00, Sys 0 00:00:00  -  Run Local Usage
		Usr 0 00:23:02, Sys 0 00:00:32  -  Total Remote Usage
		Usr 0 00:00:00, Sys 0 00:00:00  -  Total Local Usage
	1226  -  Run Bytes Sent By Job
	403  -  Run Bytes Received By Job
	1226  -  Total Bytes Sent By Job
	403  -  Total Bytes Received By Job
	Partitionable Resources :    Usage  Request Allocated 
	   Cpus                 :     0.60        1         1 
	   Disk (KB)            :   802           1 479749220 
	   Memory (MB)          :  5877        7900      8033 
...
