000 (843320.000.000) 08/15 13:28:58 Job submitted from host: <172.20.3.187:9618?addrs=172.20.3.187-9618&noUDP&sock=2043_e813_3>
...
001 (843320.000.000) 08/15 17:36:00 Job executing on host: <172.20.225.2:9618?addrs=172.20.225.2-9618&noUDP&sock=3424_285d_3>
...
006 (843320.000.000) 08/15 17:36:10 Image size of job updated: 21112
	21  -  MemoryUsage of job (MB)
	21112  -  ResidentSetSize of job (KB)
...
006 (843320.000.000) 08/15 17:41:10 Image size of job updated: 4950128
	4835  -  MemoryUsage of job (MB)
	4950088  -  ResidentSetSize of job (KB)
...
006 (843320.000.000) 08/15 17:46:10 Image size of job updated: 5906252
	5768  -  MemoryUsage of job (MB)
	5906252  -  ResidentSetSize of job (KB)
...
006 (843320.000.000) 08/15 17:51:11 Image size of job updated: 5907640
	5770  -  MemoryUsage of job (MB)
	5907640  -  ResidentSetSize of job (KB)
...
006 (843320.000.000) 08/15 17:56:12 Image size of job updated: 6466132
	6315  -  MemoryUsage of job (MB)
	6466076  -  ResidentSetSize of job (KB)
...
006 (843320.000.000) 08/15 17:57:32 Image size of job updated: 11558532
	6315  -  MemoryUsage of job (MB)
	6466076  -  ResidentSetSize of job (KB)
...
005 (843320.000.000) 08/15 17:57:33 Job terminated.
	(1) Normal termination (return value 0)
		Usr 0 00:22:42, Sys 0 00:00:32  -  Run Remote Usage
		Usr 0 00:00:00, Sys 0 00:00:00  -  Run Local Usage
		Usr 0 00:22:42, Sys 0 00:00:32  -  Total Remote Usage
		Usr 0 00:00:00, Sys 0 00:00:00  -  Total Local Usage
	1219  -  Run Bytes Sent By Job
	397  -  Run Bytes Received By Job
	1219  -  Total Bytes Sent By Job
	397  -  Total Bytes Received By Job
	Partitionable Resources :    Usage  Request Allocated 
	   Cpus                 :     0.66        1         1 
	   Disk (KB)            :   802           1 479786084 
	   Memory (MB)          :  6315        7900      8033 
...
