000 (838683.000.000) 08/15 12:25:30 Job submitted from host: <172.20.3.187:9618?addrs=172.20.3.187-9618&noUDP&sock=2043_e813_3>
...
001 (838683.000.000) 08/15 12:49:56 Job executing on host: <172.20.225.5:9618?addrs=172.20.225.5-9618&noUDP&sock=3375_8c39_3>
...
006 (838683.000.000) 08/15 12:50:05 Image size of job updated: 21120
	21  -  MemoryUsage of job (MB)
	21120  -  ResidentSetSize of job (KB)
...
006 (838683.000.000) 08/15 12:53:56 Image size of job updated: 1116156
	21  -  MemoryUsage of job (MB)
	21120  -  ResidentSetSize of job (KB)
...
005 (838683.000.000) 08/15 12:53:56 Job terminated.
	(1) Normal termination (return value 137)
		Usr 0 00:02:50, Sys 0 00:00:35  -  Run Remote Usage
		Usr 0 00:00:00, Sys 0 00:00:00  -  Run Local Usage
		Usr 0 00:02:50, Sys 0 00:00:35  -  Total Remote Usage
		Usr 0 00:00:00, Sys 0 00:00:00  -  Total Local Usage
	1389  -  Run Bytes Sent By Job
	402  -  Run Bytes Received By Job
	1389  -  Total Bytes Sent By Job
	402  -  Total Bytes Received By Job
	Partitionable Resources :    Usage  Request Allocated 
	   Cpus                 :     0.57        1         1 
	   Disk (KB)            :   803           1 479749220 
	   Memory (MB)          :    21        7900      8033 
...
000 (844249.000.000) 08/15 13:29:59 Job submitted from host: <172.20.3.187:9618?addrs=172.20.3.187-9618&noUDP&sock=2043_e813_3>
...
001 (844249.000.000) 08/15 18:20:03 Job executing on host: <172.20.225.1:9618?addrs=172.20.225.1-9618&noUDP&sock=3382_5963_3>
...
006 (844249.000.000) 08/15 18:20:12 Image size of job updated: 21116
	21  -  MemoryUsage of job (MB)
	21116  -  ResidentSetSize of job (KB)
...
006 (844249.000.000) 08/15 18:25:13 Image size of job updated: 5302500
	5179  -  MemoryUsage of job (MB)
	5302500  -  ResidentSetSize of job (KB)
...
006 (844249.000.000) 08/15 18:30:13 Image size of job updated: 6258664
	6112  -  MemoryUsage of job (MB)
	6258664  -  ResidentSetSize of job (KB)
...
006 (844249.000.000) 08/15 18:35:14 Image size of job updated: 6258980
	6113  -  MemoryUsage of job (MB)
	6258980  -  ResidentSetSize of job (KB)
...
006 (844249.000.000) 08/15 18:40:15 Image size of job updated: 6645628
	6489  -  MemoryUsage of job (MB)
	6644188  -  ResidentSetSize of job (KB)
...
005 (844249.000.000) 08/15 18:43:19 Job terminated.
	(1) Normal termination (return value 0)
		Usr 0 00:22:46, Sys 0 00:00:32  -  Run Remote Usage
		Usr 0 00:00:00, Sys 0 00:00:00  -  Run Local Usage
		Usr 0 00:22:46, Sys 0 00:00:32  -  Total Remote Usage
		Usr 0 00:00:00, Sys 0 00:00:00  -  Total Local Usage
	1223  -  Run Bytes Sent By Job
	402  -  Run Bytes Received By Job
	1223  -  Total Bytes Sent By Job
	402  -  Total Bytes Received By Job
	Partitionable Resources :    Usage  Request Allocated 
	   Cpus                 :     0.68        1         1 
	   Disk (KB)            :   802           1 479786105 
	   Memory (MB)          :  6489        7900      8033 
...
