000 (843400.000.000) 08/15 13:29:03 Job submitted from host: <172.20.3.187:9618?addrs=172.20.3.187-9618&noUDP&sock=2043_e813_3>
...
001 (843400.000.000) 08/15 17:41:05 Job executing on host: <172.20.225.2:9618?addrs=172.20.225.2-9618&noUDP&sock=3424_285d_3>
...
006 (843400.000.000) 08/15 17:41:13 Image size of job updated: 21120
	21  -  MemoryUsage of job (MB)
	21120  -  ResidentSetSize of job (KB)
...
006 (843400.000.000) 08/15 17:46:14 Image size of job updated: 4931404
	4816  -  MemoryUsage of job (MB)
	4931404  -  ResidentSetSize of job (KB)
...
006 (843400.000.000) 08/15 17:51:14 Image size of job updated: 4931504
	4816  -  MemoryUsage of job (MB)
	4931504  -  ResidentSetSize of job (KB)
...
006 (843400.000.000) 08/15 17:56:14 Image size of job updated: 5888968
	5751  -  MemoryUsage of job (MB)
	5888968  -  ResidentSetSize of job (KB)
...
006 (843400.000.000) 08/15 18:01:14 Image size of job updated: 6457128
	6306  -  MemoryUsage of job (MB)
	6456972  -  ResidentSetSize of job (KB)
...
006 (843400.000.000) 08/15 18:02:55 Image size of job updated: 13173292
	6306  -  MemoryUsage of job (MB)
	6456972  -  ResidentSetSize of job (KB)
...
005 (843400.000.000) 08/15 18:02:55 Job terminated.
	(1) Normal termination (return value 0)
		Usr 0 00:22:58, Sys 0 00:00:33  -  Run Remote Usage
		Usr 0 00:00:00, Sys 0 00:00:00  -  Run Local Usage
		Usr 0 00:22:58, Sys 0 00:00:33  -  Total Remote Usage
		Usr 0 00:00:00, Sys 0 00:00:00  -  Total Local Usage
	1227  -  Run Bytes Sent By Job
	405  -  Run Bytes Received By Job
	1227  -  Total Bytes Sent By Job
	405  -  Total Bytes Received By Job
	Partitionable Resources :    Usage  Request Allocated 
	   Cpus                 :     0.67        1         1 
	   Disk (KB)            :   802           1 479786084 
	   Memory (MB)          :  6306        7900      8033 
...
