000 (843815.000.000) 08/15 13:29:31 Job submitted from host: <172.20.3.187:9618?addrs=172.20.3.187-9618&noUDP&sock=2043_e813_3>
...
001 (843815.000.000) 08/15 17:55:01 Job executing on host: <172.20.225.5:9618?addrs=172.20.225.5-9618&noUDP&sock=3375_8c39_3>
...
006 (843815.000.000) 08/15 17:55:09 Image size of job updated: 21116
	21  -  MemoryUsage of job (MB)
	21116  -  ResidentSetSize of job (KB)
...
006 (843815.000.000) 08/15 17:55:47 Image size of job updated: 4163360
	21  -  MemoryUsage of job (MB)
	21116  -  ResidentSetSize of job (KB)
...
005 (843815.000.000) 08/15 17:55:47 Job terminated.
	(1) Normal termination (return value 1)
		Usr 0 00:00:14, Sys 0 00:00:01  -  Run Remote Usage
		Usr 0 00:00:00, Sys 0 00:00:00  -  Run Local Usage
		Usr 0 00:00:14, Sys 0 00:00:01  -  Total Remote Usage
		Usr 0 00:00:00, Sys 0 00:00:00  -  Total Local Usage
	1435  -  Run Bytes Sent By Job
	397  -  Run Bytes Received By Job
	1435  -  Total Bytes Sent By Job
	397  -  Total Bytes Received By Job
	Partitionable Resources :    Usage  Request Allocated 
	   Cpus                 :     1.22        1         1 
	   Disk (KB)            :   803           1 479749220 
	   Memory (MB)          :    21        7900      8033 
...
000 (847069.000.000) 08/16 03:54:54 Job submitted from host: <172.20.3.187:9618?addrs=172.20.3.187-9618&noUDP&sock=2043_e813_3>
...
001 (847069.000.000) 08/16 06:22:12 Job executing on host: <172.20.225.2:9618?addrs=172.20.225.2-9618&noUDP&sock=3424_285d_3>
...
006 (847069.000.000) 08/16 06:22:21 Image size of job updated: 21120
	21  -  MemoryUsage of job (MB)
	21120  -  ResidentSetSize of job (KB)
...
006 (847069.000.000) 08/16 06:27:22 Image size of job updated: 4971416
	4855  -  MemoryUsage of job (MB)
	4971380  -  ResidentSetSize of job (KB)
...
006 (847069.000.000) 08/16 06:32:23 Image size of job updated: 4971484
	4855  -  MemoryUsage of job (MB)
	4971484  -  ResidentSetSize of job (KB)
...
006 (847069.000.000) 08/16 06:37:23 Image size of job updated: 5927856
	5789  -  MemoryUsage of job (MB)
	5927856  -  ResidentSetSize of job (KB)
...
006 (847069.000.000) 08/16 06:42:24 Image size of job updated: 9065216
	8853  -  MemoryUsage of job (MB)
	9065216  -  ResidentSetSize of job (KB)
...
006 (847069.000.000) 08/16 06:43:27 Image size of job updated: 17611936
	8853  -  MemoryUsage of job (MB)
	9065216  -  ResidentSetSize of job (KB)
...
005 (847069.000.000) 08/16 06:43:27 Job terminated.
	(1) Normal termination (return value 0)
		Usr 0 00:23:34, Sys 0 00:00:33  -  Run Remote Usage
		Usr 0 00:00:00, Sys 0 00:00:00  -  Run Local Usage
		Usr 0 00:23:34, Sys 0 00:00:33  -  Total Remote Usage
		Usr 0 00:00:00, Sys 0 00:00:00  -  Total Local Usage
	1220  -  Run Bytes Sent By Job
	397  -  Run Bytes Received By Job
	1220  -  Total Bytes Sent By Job
	397  -  Total Bytes Received By Job
	Partitionable Resources :    Usage  Request Allocated 
	   Cpus                 :     0.98        1         1 
	   Disk (KB)            :   802           1 479786084 
	   Memory (MB)          :  8853        7900      8033 
...
