000 (839691.000.000) 08/15 13:25:02 Job submitted from host: <172.20.3.187:9618?addrs=172.20.3.187-9618&noUDP&sock=2043_e813_3>
...
001 (839691.000.000) 08/15 13:42:18 Job executing on host: <172.20.225.5:9618?addrs=172.20.225.5-9618&noUDP&sock=3375_8c39_3>
...
006 (839691.000.000) 08/15 13:42:27 Image size of job updated: 21112
	21  -  MemoryUsage of job (MB)
	21112  -  ResidentSetSize of job (KB)
...
006 (839691.000.000) 08/15 13:47:27 Image size of job updated: 4942964
	4828  -  MemoryUsage of job (MB)
	4942964  -  ResidentSetSize of job (KB)
...
006 (839691.000.000) 08/15 13:52:28 Image size of job updated: 4943064
	4828  -  MemoryUsage of job (MB)
	4943064  -  ResidentSetSize of job (KB)
...
006 (839691.000.000) 08/15 13:57:28 Image size of job updated: 5899444
	5762  -  MemoryUsage of job (MB)
	5899444  -  ResidentSetSize of job (KB)
...
006 (839691.000.000) 08/15 14:02:29 Image size of job updated: 6469164
	6318  -  MemoryUsage of job (MB)
	6469132  -  ResidentSetSize of job (KB)
...
005 (839691.000.000) 08/15 14:03:07 Job terminated.
	(1) Normal termination (return value 0)
		Usr 0 00:23:19, Sys 0 00:00:31  -  Run Remote Usage
		Usr 0 00:00:00, Sys 0 00:00:00  -  Run Local Usage
		Usr 0 00:23:19, Sys 0 00:00:31  -  Total Remote Usage
		Usr 0 00:00:00, Sys 0 00:00:00  -  Total Local Usage
	1212  -  Run Bytes Sent By Job
	390  -  Run Bytes Received By Job
	1212  -  Total Bytes Sent By Job
	390  -  Total Bytes Received By Job
	Partitionable Resources :    Usage  Request Allocated 
	   Cpus                 :     0.72        1         1 
	   Disk (KB)            :   803           1 479749220 
	   Memory (MB)          :  6318        7900      8033 
...
