000 (843244.000.000) 08/15 13:28:53 Job submitted from host: <172.20.3.187:9618?addrs=172.20.3.187-9618&noUDP&sock=2043_e813_3>
...
001 (843244.000.000) 08/15 17:30:00 Job executing on host: <172.20.225.6:9618?addrs=172.20.225.6-9618&noUDP&sock=3382_5963_3>
...
006 (843244.000.000) 08/15 17:30:08 Image size of job updated: 21116
	21  -  MemoryUsage of job (MB)
	21116  -  ResidentSetSize of job (KB)
...
006 (843244.000.000) 08/15 17:35:10 Image size of job updated: 5245580
	5123  -  MemoryUsage of job (MB)
	5245580  -  ResidentSetSize of job (KB)
...
006 (843244.000.000) 08/15 17:40:09 Image size of job updated: 5245712
	5123  -  MemoryUsage of job (MB)
	5245712  -  ResidentSetSize of job (KB)
...
006 (843244.000.000) 08/15 17:45:09 Image size of job updated: 6202080
	6057  -  MemoryUsage of job (MB)
	6202080  -  ResidentSetSize of job (KB)
...
006 (843244.000.000) 08/15 17:50:10 Image size of job updated: 6311748
	6162  -  MemoryUsage of job (MB)
	6309000  -  ResidentSetSize of job (KB)
...
006 (843244.000.000) 08/15 17:53:41 Image size of job updated: 6591660
	6162  -  MemoryUsage of job (MB)
	6309032  -  ResidentSetSize of job (KB)
...
005 (843244.000.000) 08/15 17:53:41 Job terminated.
	(1) Normal termination (return value 0)
		Usr 0 00:23:27, Sys 0 00:00:30  -  Run Remote Usage
		Usr 0 00:00:00, Sys 0 00:00:00  -  Run Local Usage
		Usr 0 00:23:27, Sys 0 00:00:30  -  Total Remote Usage
		Usr 0 00:00:00, Sys 0 00:00:00  -  Total Local Usage
	1229  -  Run Bytes Sent By Job
	404  -  Run Bytes Received By Job
	1229  -  Total Bytes Sent By Job
	404  -  Total Bytes Received By Job
	Partitionable Resources :    Usage  Request Allocated 
	   Cpus                 :     0.63        1         1 
	   Disk (KB)            :   802           1 479749220 
	   Memory (MB)          :  6162        7900      8033 
...
