000 (838411.000.000) 08/15 12:25:12 Job submitted from host: <172.20.3.187:9618?addrs=172.20.3.187-9618&noUDP&sock=2043_e813_3>
...
001 (838411.000.000) 08/15 12:43:49 Job executing on host: <172.20.225.6:9618?addrs=172.20.225.6-9618&noUDP&sock=3382_5963_3>
...
006 (838411.000.000) 08/15 12:43:59 Image size of job updated: 21108
	21  -  MemoryUsage of job (MB)
	21108  -  ResidentSetSize of job (KB)
...
006 (838411.000.000) 08/15 12:49:04 Image size of job updated: 17643700
	17231  -  MemoryUsage of job (MB)
	17643684  -  ResidentSetSize of job (KB)
...
006 (838411.000.000) 08/15 12:52:18 Image size of job updated: 24106760
	17343  -  MemoryUsage of job (MB)
	17758968  -  ResidentSetSize of job (KB)
...
005 (838411.000.000) 08/15 12:52:18 Job terminated.
	(1) Normal termination (return value 137)
		Usr 0 00:07:09, Sys 0 00:01:29  -  Run Remote Usage
		Usr 0 00:00:00, Sys 0 00:00:00  -  Run Local Usage
		Usr 0 00:07:09, Sys 0 00:01:29  -  Total Remote Usage
		Usr 0 00:00:00, Sys 0 00:00:00  -  Total Local Usage
	1390  -  Run Bytes Sent By Job
	403  -  Run Bytes Received By Job
	1390  -  Total Bytes Sent By Job
	403  -  Total Bytes Received By Job
	Partitionable Resources :    Usage  Request Allocated 
	   Cpus                 :     1.16        1         1 
	   Disk (KB)            :   803           1 479749220 
	   Memory (MB)          : 17343        7900      8033 
...
000 (842726.000.000) 08/15 13:28:19 Job submitted from host: <172.20.3.187:9618?addrs=172.20.3.187-9618&noUDP&sock=2043_e813_3>
...
001 (842726.000.000) 08/15 16:41:35 Job executing on host: <172.20.225.5:9618?addrs=172.20.225.5-9618&noUDP&sock=3375_8c39_3>
...
006 (842726.000.000) 08/15 16:41:44 Image size of job updated: 21116
	21  -  MemoryUsage of job (MB)
	21116  -  ResidentSetSize of job (KB)
...
006 (842726.000.000) 08/15 16:46:45 Image size of job updated: 5253136
	5123  -  MemoryUsage of job (MB)
	5245736  -  ResidentSetSize of job (KB)
...
006 (842726.000.000) 08/15 16:51:45 Image size of job updated: 6202016
	6057  -  MemoryUsage of job (MB)
	6202016  -  ResidentSetSize of job (KB)
...
006 (842726.000.000) 08/15 16:56:46 Image size of job updated: 6312624
	6165  -  MemoryUsage of job (MB)
	6312624  -  ResidentSetSize of job (KB)
...
006 (842726.000.000) 08/15 16:59:31 Image size of job updated: 14205216
	6165  -  MemoryUsage of job (MB)
	6312704  -  ResidentSetSize of job (KB)
...
005 (842726.000.000) 08/15 16:59:31 Job terminated.
	(1) Normal termination (return value 0)
		Usr 0 00:24:15, Sys 0 00:00:33  -  Run Remote Usage
		Usr 0 00:00:00, Sys 0 00:00:00  -  Run Local Usage
		Usr 0 00:24:15, Sys 0 00:00:33  -  Total Remote Usage
		Usr 0 00:00:00, Sys 0 00:00:00  -  Total Local Usage
	1226  -  Run Bytes Sent By Job
	403  -  Run Bytes Received By Job
	1226  -  Total Bytes Sent By Job
	403  -  Total Bytes Received By Job
	Partitionable Resources :    Usage  Request Allocated 
	   Cpus                 :     0.88        1         1 
	   Disk (KB)            :   803           1 479749220 
	   Memory (MB)          :  6165        7900      8033 
...
