000 (839149.000.000) 08/15 13:24:27 Job submitted from host: <172.20.3.187:9618?addrs=172.20.3.187-9618&noUDP&sock=2043_e813_3>
...
001 (839149.000.000) 08/15 13:37:59 Job executing on host: <172.20.225.6:9618?addrs=172.20.225.6-9618&noUDP&sock=3382_5963_3>
...
006 (839149.000.000) 08/15 13:38:07 Image size of job updated: 20804
	21  -  MemoryUsage of job (MB)
	20804  -  ResidentSetSize of job (KB)
...
006 (839149.000.000) 08/15 13:38:36 Image size of job updated: 4269232
	21  -  MemoryUsage of job (MB)
	20804  -  ResidentSetSize of job (KB)
...
005 (839149.000.000) 08/15 13:38:36 Job terminated.
	(1) Normal termination (return value 1)
		Usr 0 00:00:24, Sys 0 00:00:01  -  Run Remote Usage
		Usr 0 00:00:00, Sys 0 00:00:00  -  Run Local Usage
		Usr 0 00:00:24, Sys 0 00:00:01  -  Total Remote Usage
		Usr 0 00:00:00, Sys 0 00:00:00  -  Total Local Usage
	1437  -  Run Bytes Sent By Job
	395  -  Run Bytes Received By Job
	1437  -  Total Bytes Sent By Job
	395  -  Total Bytes Received By Job
	Partitionable Resources :    Usage  Request Allocated 
	   Cpus                 :        0        1         1 
	   Disk (KB)            :      803        1 479749220 
	   Memory (MB)          :       21     7900      8033 
...
000 (845351.000.000) 08/16 03:52:44 Job submitted from host: <172.20.3.187:9618?addrs=172.20.3.187-9618&noUDP&sock=2043_e813_3>
...
001 (845351.000.000) 08/16 04:15:07 Job executing on host: <172.20.225.8:9618?addrs=172.20.225.8-9618&noUDP&sock=3440_21e1_3>
...
006 (845351.000.000) 08/16 04:15:15 Image size of job updated: 20796
	21  -  MemoryUsage of job (MB)
	20796  -  ResidentSetSize of job (KB)
...
006 (845351.000.000) 08/16 04:20:15 Image size of job updated: 5079908
	4960  -  MemoryUsage of job (MB)
	5078992  -  ResidentSetSize of job (KB)
...
006 (845351.000.000) 08/16 04:25:16 Image size of job updated: 6036276
	5894  -  MemoryUsage of job (MB)
	6035360  -  ResidentSetSize of job (KB)
...
006 (845351.000.000) 08/16 04:30:16 Image size of job updated: 6042080
	5900  -  MemoryUsage of job (MB)
	6041164  -  ResidentSetSize of job (KB)
...
005 (845351.000.000) 08/16 04:33:19 Job terminated.
	(1) Normal termination (return value 0)
		Usr 0 00:23:36, Sys 0 00:00:43  -  Run Remote Usage
		Usr 0 00:00:00, Sys 0 00:00:00  -  Run Local Usage
		Usr 0 00:23:36, Sys 0 00:00:43  -  Total Remote Usage
		Usr 0 00:00:00, Sys 0 00:00:00  -  Total Local Usage
	1220  -  Run Bytes Sent By Job
	395  -  Run Bytes Received By Job
	1220  -  Total Bytes Sent By Job
	395  -  Total Bytes Received By Job
	Partitionable Resources :    Usage  Request Allocated 
	   Cpus                 :     0.57        1         1 
	   Disk (KB)            :   802           1 479737977 
	   Memory (MB)          :  5900        7900      8033 
...
