000 (840322.000.000) 08/15 13:25:43 Job submitted from host: <172.20.3.187:9618?addrs=172.20.3.187-9618&noUDP&sock=2043_e813_3>
...
001 (840322.000.000) 08/15 14:27:59 Job executing on host: <172.20.225.1:9618?addrs=172.20.225.1-9618&noUDP&sock=3382_5963_3>
...
006 (840322.000.000) 08/15 14:28:08 Image size of job updated: 21128
	21  -  MemoryUsage of job (MB)
	21128  -  ResidentSetSize of job (KB)
...
006 (840322.000.000) 08/15 14:33:09 Image size of job updated: 5055740
	4938  -  MemoryUsage of job (MB)
	5055740  -  ResidentSetSize of job (KB)
...
006 (840322.000.000) 08/15 14:38:10 Image size of job updated: 5055844
	4938  -  MemoryUsage of job (MB)
	5055844  -  ResidentSetSize of job (KB)
...
006 (840322.000.000) 08/15 14:43:10 Image size of job updated: 6012212
	5872  -  MemoryUsage of job (MB)
	6012212  -  ResidentSetSize of job (KB)
...
006 (840322.000.000) 08/15 14:48:10 Image size of job updated: 6150336
	6006  -  MemoryUsage of job (MB)
	6150136  -  ResidentSetSize of job (KB)
...
006 (840322.000.000) 08/15 14:50:35 Image size of job updated: 6150336
	6007  -  MemoryUsage of job (MB)
	6150540  -  ResidentSetSize of job (KB)
...
005 (840322.000.000) 08/15 14:50:35 Job terminated.
	(1) Normal termination (return value 0)
		Usr 0 00:22:40, Sys 0 00:00:31  -  Run Remote Usage
		Usr 0 00:00:00, Sys 0 00:00:00  -  Run Local Usage
		Usr 0 00:22:40, Sys 0 00:00:31  -  Total Remote Usage
		Usr 0 00:00:00, Sys 0 00:00:00  -  Total Local Usage
	1229  -  Run Bytes Sent By Job
	404  -  Run Bytes Received By Job
	1229  -  Total Bytes Sent By Job
	404  -  Total Bytes Received By Job
	Partitionable Resources :    Usage  Request Allocated 
	   Cpus                 :     0.72        1         1 
	   Disk (KB)            :   802           1 479786105 
	   Memory (MB)          :  6007        7900      8033 
...
