000 (837580.000.000) 08/15 12:24:16 Job submitted from host: <172.20.3.187:9618?addrs=172.20.3.187-9618&noUDP&sock=2043_e813_3>
...
001 (837580.000.000) 08/15 12:32:40 Job executing on host: <172.20.225.8:9618?addrs=172.20.225.8-9618&noUDP&sock=3440_21e1_3>
...
006 (837580.000.000) 08/15 12:32:48 Image size of job updated: 20796
	21  -  MemoryUsage of job (MB)
	20796  -  ResidentSetSize of job (KB)
...
006 (837580.000.000) 08/15 12:33:17 Image size of job updated: 4409088
	21  -  MemoryUsage of job (MB)
	20796  -  ResidentSetSize of job (KB)
...
005 (837580.000.000) 08/15 12:33:17 Job terminated.
	(1) Normal termination (return value 1)
		Usr 0 00:00:21, Sys 0 00:00:01  -  Run Remote Usage
		Usr 0 00:00:00, Sys 0 00:00:00  -  Run Local Usage
		Usr 0 00:00:21, Sys 0 00:00:01  -  Total Remote Usage
		Usr 0 00:00:00, Sys 0 00:00:00  -  Total Local Usage
	1437  -  Run Bytes Sent By Job
	394  -  Run Bytes Received By Job
	1437  -  Total Bytes Sent By Job
	394  -  Total Bytes Received By Job
	Partitionable Resources :    Usage  Request Allocated 
	   Cpus                 :     0.93        1         1 
	   Disk (KB)            :   803           1 479737977 
	   Memory (MB)          :    21        7900      8033 
...
000 (838879.000.000) 08/15 13:24:09 Job submitted from host: <172.20.3.187:9618?addrs=172.20.3.187-9618&noUDP&sock=2043_e813_3>
...
001 (838879.000.000) 08/15 13:35:36 Job executing on host: <172.20.225.6:9618?addrs=172.20.225.6-9618&noUDP&sock=3382_5963_3>
...
006 (838879.000.000) 08/15 13:35:44 Image size of job updated: 20800
	21  -  MemoryUsage of job (MB)
	20800  -  ResidentSetSize of job (KB)
...
006 (838879.000.000) 08/15 13:35:59 Image size of job updated: 4269140
	21  -  MemoryUsage of job (MB)
	20800  -  ResidentSetSize of job (KB)
...
005 (838879.000.000) 08/15 13:36:00 Job terminated.
	(1) Normal termination (return value 1)
		Usr 0 00:00:12, Sys 0 00:00:01  -  Run Remote Usage
		Usr 0 00:00:00, Sys 0 00:00:00  -  Run Local Usage
		Usr 0 00:00:12, Sys 0 00:00:01  -  Total Remote Usage
		Usr 0 00:00:00, Sys 0 00:00:00  -  Total Local Usage
	1435  -  Run Bytes Sent By Job
	394  -  Run Bytes Received By Job
	1435  -  Total Bytes Sent By Job
	394  -  Total Bytes Received By Job
	Partitionable Resources :    Usage  Request Allocated 
	   Cpus                 :        0        1         1 
	   Disk (KB)            :      803        1 479749220 
	   Memory (MB)          :       21     7900      8033 
...
000 (845081.000.000) 08/16 03:52:27 Job submitted from host: <172.20.3.187:9618?addrs=172.20.3.187-9618&noUDP&sock=2043_e813_3>
...
001 (845081.000.000) 08/16 03:52:56 Job executing on host: <172.20.225.4:9618?addrs=172.20.225.4-9618&noUDP&sock=3366_5fdf_3>
...
006 (845081.000.000) 08/16 03:53:04 Image size of job updated: 20796
	21  -  MemoryUsage of job (MB)
	20796  -  ResidentSetSize of job (KB)
...
006 (845081.000.000) 08/16 03:58:04 Image size of job updated: 5081552
	4960  -  MemoryUsage of job (MB)
	5078888  -  ResidentSetSize of job (KB)
...
006 (845081.000.000) 08/16 04:03:05 Image size of job updated: 5081652
	4960  -  MemoryUsage of job (MB)
	5078988  -  ResidentSetSize of job (KB)
...
006 (845081.000.000) 08/16 04:08:05 Image size of job updated: 6037852
	5894  -  MemoryUsage of job (MB)
	6035188  -  ResidentSetSize of job (KB)
...
006 (845081.000.000) 08/16 04:13:06 Image size of job updated: 6041156
	5900  -  MemoryUsage of job (MB)
	6041156  -  ResidentSetSize of job (KB)
...
005 (845081.000.000) 08/16 04:16:46 Job terminated.
	(1) Normal termination (return value 0)
		Usr 0 00:22:37, Sys 0 00:00:31  -  Run Remote Usage
		Usr 0 00:00:00, Sys 0 00:00:00  -  Run Local Usage
		Usr 0 00:22:37, Sys 0 00:00:31  -  Total Remote Usage
		Usr 0 00:00:00, Sys 0 00:00:00  -  Total Local Usage
	1217  -  Run Bytes Sent By Job
	394  -  Run Bytes Received By Job
	1217  -  Total Bytes Sent By Job
	394  -  Total Bytes Received By Job
	Partitionable Resources :    Usage  Request Allocated 
	   Cpus                 :     0.89        1         1 
	   Disk (KB)            :   802           1 479779449 
	   Memory (MB)          :  5900        7900      8033 
...
