000 (839174.000.000) 08/15 13:24:28 Job submitted from host: <172.20.3.187:9618?addrs=172.20.3.187-9618&noUDP&sock=2043_e813_3>
...
001 (839174.000.000) 08/15 13:37:59 Job executing on host: <172.20.225.5:9618?addrs=172.20.225.5-9618&noUDP&sock=3375_8c39_3>
...
006 (839174.000.000) 08/15 13:38:09 Image size of job updated: 21112
	21  -  MemoryUsage of job (MB)
	21112  -  ResidentSetSize of job (KB)
...
005 (839174.000.000) 08/15 13:38:46 Job terminated.
	(1) Normal termination (return value 1)
		Usr 0 00:00:26, Sys 0 00:00:02  -  Run Remote Usage
		Usr 0 00:00:00, Sys 0 00:00:00  -  Run Local Usage
		Usr 0 00:00:26, Sys 0 00:00:02  -  Total Remote Usage
		Usr 0 00:00:00, Sys 0 00:00:00  -  Total Local Usage
	1437  -  Run Bytes Sent By Job
	395  -  Run Bytes Received By Job
	1437  -  Total Bytes Sent By Job
	395  -  Total Bytes Received By Job
	Partitionable Resources :    Usage  Request Allocated 
	   Cpus                 :     0.96        1         1 
	   Disk (KB)            :   803           1 479749220 
	   Memory (MB)          :    21        7900      8033 
...
000 (845376.000.000) 08/16 03:53:06 Job submitted from host: <172.20.3.187:9618?addrs=172.20.3.187-9618&noUDP&sock=2043_e813_3>
...
001 (845376.000.000) 08/16 04:16:08 Job executing on host: <172.20.225.8:9618?addrs=172.20.225.8-9618&noUDP&sock=3440_21e1_3>
...
006 (845376.000.000) 08/16 04:16:17 Image size of job updated: 20800
	21  -  MemoryUsage of job (MB)
	20800  -  ResidentSetSize of job (KB)
...
006 (845376.000.000) 08/16 04:21:19 Image size of job updated: 5078804
	4960  -  MemoryUsage of job (MB)
	5078804  -  ResidentSetSize of job (KB)
...
006 (845376.000.000) 08/16 04:26:19 Image size of job updated: 6034960
	5894  -  MemoryUsage of job (MB)
	6034960  -  ResidentSetSize of job (KB)
...
006 (845376.000.000) 08/16 04:31:20 Image size of job updated: 6036352
	5895  -  MemoryUsage of job (MB)
	6036352  -  ResidentSetSize of job (KB)
...
006 (845376.000.000) 08/16 04:36:21 Image size of job updated: 8136172
	7946  -  MemoryUsage of job (MB)
	8136172  -  ResidentSetSize of job (KB)
...
006 (845376.000.000) 08/16 04:38:10 Image size of job updated: 8136172
	7946  -  MemoryUsage of job (MB)
	8136196  -  ResidentSetSize of job (KB)
...
005 (845376.000.000) 08/16 04:38:10 Job terminated.
	(1) Normal termination (return value 0)
		Usr 0 00:22:28, Sys 0 00:00:32  -  Run Remote Usage
		Usr 0 00:00:00, Sys 0 00:00:00  -  Run Local Usage
		Usr 0 00:22:28, Sys 0 00:00:32  -  Total Remote Usage
		Usr 0 00:00:00, Sys 0 00:00:00  -  Total Local Usage
	1220  -  Run Bytes Sent By Job
	395  -  Run Bytes Received By Job
	1220  -  Total Bytes Sent By Job
	395  -  Total Bytes Received By Job
	Partitionable Resources :    Usage  Request Allocated 
	   Cpus                 :     0.58        1         1 
	   Disk (KB)            :   802           1 479737977 
	   Memory (MB)          :  7946        7900      8033 
...
