000 (840846.000.000) 08/15 13:26:17 Job submitted from host: <172.20.3.187:9618?addrs=172.20.3.187-9618&noUDP&sock=2043_e813_3>
...
001 (840846.000.000) 08/15 14:52:44 Job executing on host: <172.20.225.5:9618?addrs=172.20.225.5-9618&noUDP&sock=3375_8c39_3>
...
006 (840846.000.000) 08/15 14:52:52 Image size of job updated: 21116
	21  -  MemoryUsage of job (MB)
	21116  -  ResidentSetSize of job (KB)
...
006 (840846.000.000) 08/15 14:53:46 Image size of job updated: 4222552
	21  -  MemoryUsage of job (MB)
	21116  -  ResidentSetSize of job (KB)
...
005 (840846.000.000) 08/15 14:53:46 Job terminated.
	(1) Normal termination (return value 1)
		Usr 0 00:00:28, Sys 0 00:00:01  -  Run Remote Usage
		Usr 0 00:00:00, Sys 0 00:00:00  -  Run Local Usage
		Usr 0 00:00:28, Sys 0 00:00:01  -  Total Remote Usage
		Usr 0 00:00:00, Sys 0 00:00:00  -  Total Local Usage
	1437  -  Run Bytes Sent By Job
	398  -  Run Bytes Received By Job
	1437  -  Total Bytes Sent By Job
	398  -  Total Bytes Received By Job
	Partitionable Resources :    Usage  Request Allocated 
	   Cpus                 :     0.84        1         1 
	   Disk (KB)            :   803           1 479749220 
	   Memory (MB)          :    21        7900      8033 
...
000 (846164.000.000) 08/16 03:53:57 Job submitted from host: <172.20.3.187:9618?addrs=172.20.3.187-9618&noUDP&sock=2043_e813_3>
...
001 (846164.000.000) 08/16 05:07:08 Job executing on host: <172.20.225.8:9618?addrs=172.20.225.8-9618&noUDP&sock=3440_21e1_3>
...
006 (846164.000.000) 08/16 05:07:17 Image size of job updated: 21120
	21  -  MemoryUsage of job (MB)
	21120  -  ResidentSetSize of job (KB)
...
006 (846164.000.000) 08/16 05:12:17 Image size of job updated: 5035328
	4918  -  MemoryUsage of job (MB)
	5035328  -  ResidentSetSize of job (KB)
...
006 (846164.000.000) 08/16 05:17:17 Image size of job updated: 5035452
	4918  -  MemoryUsage of job (MB)
	5035452  -  ResidentSetSize of job (KB)
...
006 (846164.000.000) 08/16 05:22:18 Image size of job updated: 5991816
	5852  -  MemoryUsage of job (MB)
	5991816  -  ResidentSetSize of job (KB)
...
006 (846164.000.000) 08/16 05:27:18 Image size of job updated: 5997616
	5858  -  MemoryUsage of job (MB)
	5997616  -  ResidentSetSize of job (KB)
...
006 (846164.000.000) 08/16 05:30:36 Image size of job updated: 15581700
	5858  -  MemoryUsage of job (MB)
	5997616  -  ResidentSetSize of job (KB)
...
005 (846164.000.000) 08/16 05:30:36 Job terminated.
	(1) Normal termination (return value 0)
		Usr 0 00:22:21, Sys 0 00:00:30  -  Run Remote Usage
		Usr 0 00:00:00, Sys 0 00:00:00  -  Run Local Usage
		Usr 0 00:22:21, Sys 0 00:00:30  -  Total Remote Usage
		Usr 0 00:00:00, Sys 0 00:00:00  -  Total Local Usage
	1223  -  Run Bytes Sent By Job
	398  -  Run Bytes Received By Job
	1223  -  Total Bytes Sent By Job
	398  -  Total Bytes Received By Job
	Partitionable Resources :    Usage  Request Allocated 
	   Cpus                 :     0.69        1         1 
	   Disk (KB)            :   802           1 479737977 
	   Memory (MB)          :  5858        7900      8033 
...
