000 (840059.000.000) 08/15 13:25:26 Job submitted from host: <172.20.3.187:9618?addrs=172.20.3.187-9618&noUDP&sock=2043_e813_3>
...
001 (840059.000.000) 08/15 14:05:03 Job executing on host: <172.20.225.2:9618?addrs=172.20.225.2-9618&noUDP&sock=3424_285d_3>
...
006 (840059.000.000) 08/15 14:05:11 Image size of job updated: 21124
	21  -  MemoryUsage of job (MB)
	21124  -  ResidentSetSize of job (KB)
...
006 (840059.000.000) 08/15 14:10:11 Image size of job updated: 5003496
	4887  -  MemoryUsage of job (MB)
	5003496  -  ResidentSetSize of job (KB)
...
006 (840059.000.000) 08/15 14:15:12 Image size of job updated: 5003600
	4887  -  MemoryUsage of job (MB)
	5003600  -  ResidentSetSize of job (KB)
...
006 (840059.000.000) 08/15 14:20:13 Image size of job updated: 5959980
	5821  -  MemoryUsage of job (MB)
	5959980  -  ResidentSetSize of job (KB)
...
006 (840059.000.000) 08/15 14:25:14 Image size of job updated: 6355240
	6207  -  MemoryUsage of job (MB)
	6355124  -  ResidentSetSize of job (KB)
...
006 (840059.000.000) 08/15 14:27:26 Image size of job updated: 11590204
	6207  -  MemoryUsage of job (MB)
	6355124  -  ResidentSetSize of job (KB)
...
005 (840059.000.000) 08/15 14:27:27 Job terminated.
	(1) Normal termination (return value 0)
		Usr 0 00:22:47, Sys 0 00:00:28  -  Run Remote Usage
		Usr 0 00:00:00, Sys 0 00:00:00  -  Run Local Usage
		Usr 0 00:22:47, Sys 0 00:00:28  -  Total Remote Usage
		Usr 0 00:00:00, Sys 0 00:00:00  -  Total Local Usage
	1225  -  Run Bytes Sent By Job
	400  -  Run Bytes Received By Job
	1225  -  Total Bytes Sent By Job
	400  -  Total Bytes Received By Job
	Partitionable Resources :    Usage  Request Allocated 
	   Cpus                 :     0.65        1         1 
	   Disk (KB)            :   802           1 479786084 
	   Memory (MB)          :  6207        7900      8033 
...
