000 (837692.000.000) 08/15 12:24:24 Job submitted from host: <172.20.3.187:9618?addrs=172.20.3.187-9618&noUDP&sock=2043_e813_3>
...
001 (837692.000.000) 08/15 12:33:53 Job executing on host: <172.20.225.6:9618?addrs=172.20.225.6-9618&noUDP&sock=3382_5963_3>
...
006 (837692.000.000) 08/15 12:34:01 Image size of job updated: 20804
	21  -  MemoryUsage of job (MB)
	20804  -  ResidentSetSize of job (KB)
...
005 (837692.000.000) 08/15 12:34:24 Job terminated.
	(1) Normal termination (return value 1)
		Usr 0 00:00:13, Sys 0 00:00:02  -  Run Remote Usage
		Usr 0 00:00:00, Sys 0 00:00:00  -  Run Local Usage
		Usr 0 00:00:13, Sys 0 00:00:02  -  Total Remote Usage
		Usr 0 00:00:00, Sys 0 00:00:00  -  Total Local Usage
	1435  -  Run Bytes Sent By Job
	391  -  Run Bytes Received By Job
	1435  -  Total Bytes Sent By Job
	391  -  Total Bytes Received By Job
	Partitionable Resources :    Usage  Request Allocated 
	   Cpus                 :        0        1         1 
	   Disk (KB)            :      803        1 479749220 
	   Memory (MB)          :       21     7900      8033 
...
000 (839515.000.000) 08/15 13:24:50 Job submitted from host: <172.20.3.187:9618?addrs=172.20.3.187-9618&noUDP&sock=2043_e813_3>
...
001 (839515.000.000) 08/15 13:40:13 Job executing on host: <172.20.225.5:9618?addrs=172.20.225.5-9618&noUDP&sock=3375_8c39_3>
...
006 (839515.000.000) 08/15 13:40:22 Image size of job updated: 21120
	21  -  MemoryUsage of job (MB)
	21120  -  ResidentSetSize of job (KB)
...
005 (839515.000.000) 08/15 13:41:04 Job terminated.
	(1) Normal termination (return value 1)
		Usr 0 00:00:09, Sys 0 00:00:01  -  Run Remote Usage
		Usr 0 00:00:00, Sys 0 00:00:00  -  Run Local Usage
		Usr 0 00:00:09, Sys 0 00:00:01  -  Total Remote Usage
		Usr 0 00:00:00, Sys 0 00:00:00  -  Total Local Usage
	1433  -  Run Bytes Sent By Job
	391  -  Run Bytes Received By Job
	1433  -  Total Bytes Sent By Job
	391  -  Total Bytes Received By Job
	Partitionable Resources :    Usage  Request Allocated 
	   Cpus                 :     0.11        1         1 
	   Disk (KB)            :   802           1 479749220 
	   Memory (MB)          :    21        7900      8033 
...
000 (845606.000.000) 08/16 03:53:20 Job submitted from host: <172.20.3.187:9618?addrs=172.20.3.187-9618&noUDP&sock=2043_e813_3>
...
001 (845606.000.000) 08/16 04:18:13 Job executing on host: <172.20.225.1:9618?addrs=172.20.225.1-9618&noUDP&sock=3382_5963_3>
...
006 (845606.000.000) 08/16 04:18:22 Image size of job updated: 21116
	21  -  MemoryUsage of job (MB)
	21116  -  ResidentSetSize of job (KB)
...
006 (845606.000.000) 08/16 04:23:23 Image size of job updated: 4967624
	4835  -  MemoryUsage of job (MB)
	4950136  -  ResidentSetSize of job (KB)
...
006 (845606.000.000) 08/16 04:28:24 Image size of job updated: 4967624
	4835  -  MemoryUsage of job (MB)
	4950236  -  ResidentSetSize of job (KB)
...
006 (845606.000.000) 08/16 04:33:24 Image size of job updated: 5906612
	5769  -  MemoryUsage of job (MB)
	5906612  -  ResidentSetSize of job (KB)
...
006 (845606.000.000) 08/16 04:38:24 Image size of job updated: 6031080
	5890  -  MemoryUsage of job (MB)
	6031076  -  ResidentSetSize of job (KB)
...
006 (845606.000.000) 08/16 04:41:43 Image size of job updated: 17546056
	5890  -  MemoryUsage of job (MB)
	6031096  -  ResidentSetSize of job (KB)
...
005 (845606.000.000) 08/16 04:41:43 Job terminated.
	(1) Normal termination (return value 0)
		Usr 0 00:22:25, Sys 0 00:00:31  -  Run Remote Usage
		Usr 0 00:00:00, Sys 0 00:00:00  -  Run Local Usage
		Usr 0 00:22:25, Sys 0 00:00:31  -  Total Remote Usage
		Usr 0 00:00:00, Sys 0 00:00:00  -  Total Local Usage
	1212  -  Run Bytes Sent By Job
	391  -  Run Bytes Received By Job
	1212  -  Total Bytes Sent By Job
	391  -  Total Bytes Received By Job
	Partitionable Resources :    Usage  Request Allocated 
	   Cpus                 :     0.85        1         1 
	   Disk (KB)            :   802           1 479786105 
	   Memory (MB)          :  5890        7900      8033 
...
