000 (841287.000.000) 08/15 13:26:45 Job submitted from host: <172.20.3.187:9618?addrs=172.20.3.187-9618&noUDP&sock=2043_e813_3>
...
001 (841287.000.000) 08/15 15:02:06 Job executing on host: <172.20.225.6:9618?addrs=172.20.225.6-9618&noUDP&sock=3382_5963_3>
...
006 (841287.000.000) 08/15 15:02:14 Image size of job updated: 21124
	21  -  MemoryUsage of job (MB)
	21124  -  ResidentSetSize of job (KB)
...
006 (841287.000.000) 08/15 15:03:05 Image size of job updated: 40556
	21  -  MemoryUsage of job (MB)
	21124  -  ResidentSetSize of job (KB)
...
005 (841287.000.000) 08/15 15:03:06 Job terminated.
	(1) Normal termination (return value 1)
		Usr 0 00:00:10, Sys 0 00:00:00  -  Run Remote Usage
		Usr 0 00:00:00, Sys 0 00:00:00  -  Run Local Usage
		Usr 0 00:00:10, Sys 0 00:00:00  -  Total Remote Usage
		Usr 0 00:00:00, Sys 0 00:00:00  -  Total Local Usage
	1434  -  Run Bytes Sent By Job
	400  -  Run Bytes Received By Job
	1434  -  Total Bytes Sent By Job
	400  -  Total Bytes Received By Job
	Partitionable Resources :    Usage  Request Allocated 
	   Cpus                 :     0.47        1         1 
	   Disk (KB)            :   803           1 479749220 
	   Memory (MB)          :    21        7900      8033 
...
000 (846401.000.000) 08/16 03:54:12 Job submitted from host: <172.20.3.187:9618?addrs=172.20.3.187-9618&noUDP&sock=2043_e813_3>
...
001 (846401.000.000) 08/16 05:30:13 Job executing on host: <172.20.225.2:9618?addrs=172.20.225.2-9618&noUDP&sock=3424_285d_3>
...
006 (846401.000.000) 08/16 05:30:22 Image size of job updated: 21120
	21  -  MemoryUsage of job (MB)
	21120  -  ResidentSetSize of job (KB)
...
006 (846401.000.000) 08/16 05:35:24 Image size of job updated: 4919388
	4805  -  MemoryUsage of job (MB)
	4919388  -  ResidentSetSize of job (KB)
...
006 (846401.000.000) 08/16 05:40:24 Image size of job updated: 4919488
	4805  -  MemoryUsage of job (MB)
	4919488  -  ResidentSetSize of job (KB)
...
006 (846401.000.000) 08/16 05:45:25 Image size of job updated: 5875856
	5739  -  MemoryUsage of job (MB)
	5875856  -  ResidentSetSize of job (KB)
...
006 (846401.000.000) 08/16 05:50:26 Image size of job updated: 5992760
	5852  -  MemoryUsage of job (MB)
	5991836  -  ResidentSetSize of job (KB)
...
006 (846401.000.000) 08/16 05:52:41 Image size of job updated: 12648212
	5852  -  MemoryUsage of job (MB)
	5991876  -  ResidentSetSize of job (KB)
...
005 (846401.000.000) 08/16 05:52:41 Job terminated.
	(1) Normal termination (return value 0)
		Usr 0 00:21:49, Sys 0 00:00:30  -  Run Remote Usage
		Usr 0 00:00:00, Sys 0 00:00:00  -  Run Local Usage
		Usr 0 00:21:49, Sys 0 00:00:30  -  Total Remote Usage
		Usr 0 00:00:00, Sys 0 00:00:00  -  Total Local Usage
	1222  -  Run Bytes Sent By Job
	400  -  Run Bytes Received By Job
	1222  -  Total Bytes Sent By Job
	400  -  Total Bytes Received By Job
	Partitionable Resources :    Usage  Request Allocated 
	   Cpus                 :     0.68        1         1 
	   Disk (KB)            :   802           1 479786084 
	   Memory (MB)          :  5852        7900      8033 
...
