000 (840802.000.000) 08/15 13:26:14 Job submitted from host: <172.20.3.187:9618?addrs=172.20.3.187-9618&noUDP&sock=2043_e813_3>
...
001 (840802.000.000) 08/15 14:52:19 Job executing on host: <172.20.225.6:9618?addrs=172.20.225.6-9618&noUDP&sock=3382_5963_3>
...
006 (840802.000.000) 08/15 14:52:27 Image size of job updated: 21116
	21  -  MemoryUsage of job (MB)
	21116  -  ResidentSetSize of job (KB)
...
006 (840802.000.000) 08/15 14:53:34 Image size of job updated: 4226356
	21  -  MemoryUsage of job (MB)
	21116  -  ResidentSetSize of job (KB)
...
005 (840802.000.000) 08/15 14:53:34 Job terminated.
	(1) Normal termination (return value 1)
		Usr 0 00:00:25, Sys 0 00:00:01  -  Run Remote Usage
		Usr 0 00:00:00, Sys 0 00:00:00  -  Run Local Usage
		Usr 0 00:00:25, Sys 0 00:00:01  -  Total Remote Usage
		Usr 0 00:00:00, Sys 0 00:00:00  -  Total Local Usage
	1437  -  Run Bytes Sent By Job
	398  -  Run Bytes Received By Job
	1437  -  Total Bytes Sent By Job
	398  -  Total Bytes Received By Job
	Partitionable Resources :    Usage  Request Allocated 
	   Cpus                 :     0.70        1         1 
	   Disk (KB)            :   803           1 479749220 
	   Memory (MB)          :    21        7900      8033 
...
000 (846120.000.000) 08/16 03:53:54 Job submitted from host: <172.20.3.187:9618?addrs=172.20.3.187-9618&noUDP&sock=2043_e813_3>
...
001 (846120.000.000) 08/16 05:06:19 Job executing on host: <172.20.225.2:9618?addrs=172.20.225.2-9618&noUDP&sock=3424_285d_3>
...
006 (846120.000.000) 08/16 05:06:28 Image size of job updated: 21112
	21  -  MemoryUsage of job (MB)
	21112  -  ResidentSetSize of job (KB)
...
006 (846120.000.000) 08/16 05:11:28 Image size of job updated: 5035356
	4918  -  MemoryUsage of job (MB)
	5035356  -  ResidentSetSize of job (KB)
...
006 (846120.000.000) 08/16 05:16:30 Image size of job updated: 5035464
	4918  -  MemoryUsage of job (MB)
	5035464  -  ResidentSetSize of job (KB)
...
006 (846120.000.000) 08/16 05:21:29 Image size of job updated: 5991668
	5852  -  MemoryUsage of job (MB)
	5991668  -  ResidentSetSize of job (KB)
...
006 (846120.000.000) 08/16 05:26:30 Image size of job updated: 5997636
	5858  -  MemoryUsage of job (MB)
	5997636  -  ResidentSetSize of job (KB)
...
005 (846120.000.000) 08/16 05:30:16 Job terminated.
	(1) Normal termination (return value 0)
		Usr 0 00:22:41, Sys 0 00:00:29  -  Run Remote Usage
		Usr 0 00:00:00, Sys 0 00:00:00  -  Run Local Usage
		Usr 0 00:22:41, Sys 0 00:00:29  -  Total Remote Usage
		Usr 0 00:00:00, Sys 0 00:00:00  -  Total Local Usage
	1223  -  Run Bytes Sent By Job
	398  -  Run Bytes Received By Job
	1223  -  Total Bytes Sent By Job
	398  -  Total Bytes Received By Job
	Partitionable Resources :    Usage  Request Allocated 
	   Cpus                 :        0        1         1 
	   Disk (KB)            :      802        1 479786084 
	   Memory (MB)          :     5858     7900      8033 
...
