000 (842229.000.000) 08/15 13:27:46 Job submitted from host: <172.20.3.187:9618?addrs=172.20.3.187-9618&noUDP&sock=2043_e813_3>
...
001 (842229.000.000) 08/15 16:08:59 Job executing on host: <172.20.225.6:9618?addrs=172.20.225.6-9618&noUDP&sock=3382_5963_3>
...
006 (842229.000.000) 08/15 16:09:07 Image size of job updated: 21120
	21  -  MemoryUsage of job (MB)
	21120  -  ResidentSetSize of job (KB)
...
005 (842229.000.000) 08/15 16:09:57 Job terminated.
	(1) Normal termination (return value 1)
		Usr 0 00:00:10, Sys 0 00:00:01  -  Run Remote Usage
		Usr 0 00:00:00, Sys 0 00:00:00  -  Run Local Usage
		Usr 0 00:00:10, Sys 0 00:00:01  -  Total Remote Usage
		Usr 0 00:00:00, Sys 0 00:00:00  -  Total Local Usage
	1434  -  Run Bytes Sent By Job
	392  -  Run Bytes Received By Job
	1434  -  Total Bytes Sent By Job
	392  -  Total Bytes Received By Job
	Partitionable Resources :    Usage  Request Allocated 
	   Cpus                 :     0.02        1         1 
	   Disk (KB)            :   803           1 479749220 
	   Memory (MB)          :    21        7900      8033 
...
000 (846572.000.000) 08/16 03:54:23 Job submitted from host: <172.20.3.187:9618?addrs=172.20.3.187-9618&noUDP&sock=2043_e813_3>
...
001 (846572.000.000) 08/16 05:44:39 Job executing on host: <172.20.225.6:9618?addrs=172.20.225.6-9618&noUDP&sock=3382_5963_3>
...
006 (846572.000.000) 08/16 05:44:49 Image size of job updated: 20792
	21  -  MemoryUsage of job (MB)
	20792  -  ResidentSetSize of job (KB)
...
006 (846572.000.000) 08/16 05:49:49 Image size of job updated: 4921200
	4806  -  MemoryUsage of job (MB)
	4921200  -  ResidentSetSize of job (KB)
...
006 (846572.000.000) 08/16 05:54:50 Image size of job updated: 5877368
	5740  -  MemoryUsage of job (MB)
	5877368  -  ResidentSetSize of job (KB)
...
006 (846572.000.000) 08/16 05:59:50 Image size of job updated: 5878768
	5741  -  MemoryUsage of job (MB)
	5878768  -  ResidentSetSize of job (KB)
...
006 (846572.000.000) 08/16 06:04:50 Image size of job updated: 6467540
	6315  -  MemoryUsage of job (MB)
	6466532  -  ResidentSetSize of job (KB)
...
005 (846572.000.000) 08/16 06:05:42 Job terminated.
	(1) Normal termination (return value 0)
		Usr 0 00:22:38, Sys 0 00:00:32  -  Run Remote Usage
		Usr 0 00:00:00, Sys 0 00:00:00  -  Run Local Usage
		Usr 0 00:22:38, Sys 0 00:00:32  -  Total Remote Usage
		Usr 0 00:00:00, Sys 0 00:00:00  -  Total Local Usage
	1214  -  Run Bytes Sent By Job
	392  -  Run Bytes Received By Job
	1214  -  Total Bytes Sent By Job
	392  -  Total Bytes Received By Job
	Partitionable Resources :    Usage  Request Allocated 
	   Cpus                 :     0.98        1         1 
	   Disk (KB)            :   802           1 479749220 
	   Memory (MB)          :  6315        7900      8033 
...
