000 (841917.000.000) 08/15 13:27:26 Job submitted from host: <172.20.3.187:9618?addrs=172.20.3.187-9618&noUDP&sock=2043_e813_3>
...
001 (841917.000.000) 08/15 15:57:01 Job executing on host: <172.20.225.1:9618?addrs=172.20.225.1-9618&noUDP&sock=3382_5963_3>
...
006 (841917.000.000) 08/15 15:57:09 Image size of job updated: 21124
	21  -  MemoryUsage of job (MB)
	21124  -  ResidentSetSize of job (KB)
...
005 (841917.000.000) 08/15 15:57:57 Job terminated.
	(1) Normal termination (return value 1)
		Usr 0 00:00:10, Sys 0 00:00:01  -  Run Remote Usage
		Usr 0 00:00:00, Sys 0 00:00:00  -  Run Local Usage
		Usr 0 00:00:10, Sys 0 00:00:01  -  Total Remote Usage
		Usr 0 00:00:00, Sys 0 00:00:00  -  Total Local Usage
	1435  -  Run Bytes Sent By Job
	394  -  Run Bytes Received By Job
	1435  -  Total Bytes Sent By Job
	394  -  Total Bytes Received By Job
	Partitionable Resources :    Usage  Request Allocated 
	   Cpus                 :     0.02        1         1 
	   Disk (KB)            :   802           1 479786105 
	   Memory (MB)          :    21        7900      8033 
...
000 (846443.000.000) 08/16 03:54:14 Job submitted from host: <172.20.3.187:9618?addrs=172.20.3.187-9618&noUDP&sock=2043_e813_3>
...
001 (846443.000.000) 08/16 05:31:12 Job executing on host: <172.20.225.6:9618?addrs=172.20.225.6-9618&noUDP&sock=3382_5963_3>
...
006 (846443.000.000) 08/16 05:31:21 Image size of job updated: 21108
	21  -  MemoryUsage of job (MB)
	21108  -  ResidentSetSize of job (KB)
...
006 (846443.000.000) 08/16 05:36:23 Image size of job updated: 4961584
	4846  -  MemoryUsage of job (MB)
	4961584  -  ResidentSetSize of job (KB)
...
006 (846443.000.000) 08/16 05:41:23 Image size of job updated: 4961684
	4846  -  MemoryUsage of job (MB)
	4961684  -  ResidentSetSize of job (KB)
...
006 (846443.000.000) 08/16 05:46:24 Image size of job updated: 5918056
	5780  -  MemoryUsage of job (MB)
	5918056  -  ResidentSetSize of job (KB)
...
006 (846443.000.000) 08/16 05:51:24 Image size of job updated: 6197272
	6052  -  MemoryUsage of job (MB)
	6197084  -  ResidentSetSize of job (KB)
...
006 (846443.000.000) 08/16 05:54:54 Image size of job updated: 6197272
	6053  -  MemoryUsage of job (MB)
	6198204  -  ResidentSetSize of job (KB)
...
005 (846443.000.000) 08/16 05:54:54 Job terminated.
	(1) Normal termination (return value 0)
		Usr 0 00:22:31, Sys 0 00:00:29  -  Run Remote Usage
		Usr 0 00:00:00, Sys 0 00:00:00  -  Run Local Usage
		Usr 0 00:22:31, Sys 0 00:00:29  -  Total Remote Usage
		Usr 0 00:00:00, Sys 0 00:00:00  -  Total Local Usage
	1217  -  Run Bytes Sent By Job
	394  -  Run Bytes Received By Job
	1217  -  Total Bytes Sent By Job
	394  -  Total Bytes Received By Job
	Partitionable Resources :    Usage  Request Allocated 
	   Cpus                 :     0.71        1         1 
	   Disk (KB)            :   802           1 479749220 
	   Memory (MB)          :  6053        7900      8033 
...
