000 (843431.000.000) 08/15 13:29:06 Job submitted from host: <172.20.3.187:9618?addrs=172.20.3.187-9618&noUDP&sock=2043_e813_3>
...
001 (843431.000.000) 08/15 17:43:01 Job executing on host: <172.20.225.2:9618?addrs=172.20.225.2-9618&noUDP&sock=3424_285d_3>
...
006 (843431.000.000) 08/15 17:43:09 Image size of job updated: 21104
	21  -  MemoryUsage of job (MB)
	21104  -  ResidentSetSize of job (KB)
...
006 (843431.000.000) 08/15 17:48:09 Image size of job updated: 4931252
	4816  -  MemoryUsage of job (MB)
	4931252  -  ResidentSetSize of job (KB)
...
006 (843431.000.000) 08/15 17:53:10 Image size of job updated: 4931368
	4816  -  MemoryUsage of job (MB)
	4931368  -  ResidentSetSize of job (KB)
...
006 (843431.000.000) 08/15 17:58:10 Image size of job updated: 5888836
	5751  -  MemoryUsage of job (MB)
	5888836  -  ResidentSetSize of job (KB)
...
006 (843431.000.000) 08/15 18:03:10 Image size of job updated: 6490560
	6339  -  MemoryUsage of job (MB)
	6490388  -  ResidentSetSize of job (KB)
...
005 (843431.000.000) 08/15 18:04:02 Job terminated.
	(1) Normal termination (return value 0)
		Usr 0 00:22:57, Sys 0 00:00:29  -  Run Remote Usage
		Usr 0 00:00:00, Sys 0 00:00:00  -  Run Local Usage
		Usr 0 00:22:57, Sys 0 00:00:29  -  Total Remote Usage
		Usr 0 00:00:00, Sys 0 00:00:00  -  Total Local Usage
	1227  -  Run Bytes Sent By Job
	405  -  Run Bytes Received By Job
	1227  -  Total Bytes Sent By Job
	405  -  Total Bytes Received By Job
	Partitionable Resources :    Usage  Request Allocated 
	   Cpus                 :     0.66        1         1 
	   Disk (KB)            :   802           1 479786084 
	   Memory (MB)          :  6339        7900      8033 
...
