000 (837994.000.000) 08/15 12:24:44 Job submitted from host: <172.20.3.187:9618?addrs=172.20.3.187-9618&noUDP&sock=2043_e813_3>
...
001 (837994.000.000) 08/15 12:36:57 Job executing on host: <172.20.225.2:9618?addrs=172.20.225.2-9618&noUDP&sock=3424_285d_3>
...
006 (837994.000.000) 08/15 12:37:06 Image size of job updated: 21124
	21  -  MemoryUsage of job (MB)
	21124  -  ResidentSetSize of job (KB)
...
006 (837994.000.000) 08/15 12:41:28 Image size of job updated: 780744
	21  -  MemoryUsage of job (MB)
	21124  -  ResidentSetSize of job (KB)
...
005 (837994.000.000) 08/15 12:41:28 Job terminated.
	(1) Normal termination (return value 137)
		Usr 0 00:03:29, Sys 0 00:00:35  -  Run Remote Usage
		Usr 0 00:00:00, Sys 0 00:00:00  -  Run Local Usage
		Usr 0 00:03:29, Sys 0 00:00:35  -  Total Remote Usage
		Usr 0 00:00:00, Sys 0 00:00:00  -  Total Local Usage
	1394  -  Run Bytes Sent By Job
	407  -  Run Bytes Received By Job
	1394  -  Total Bytes Sent By Job
	407  -  Total Bytes Received By Job
	Partitionable Resources :    Usage  Request Allocated 
	   Cpus                 :     0.65        1         1 
	   Disk (KB)            :   803           1 479786084 
	   Memory (MB)          :    21        7900      8033 
...
000 (840979.000.000) 08/15 13:26:26 Job submitted from host: <172.20.3.187:9618?addrs=172.20.3.187-9618&noUDP&sock=2043_e813_3>
...
001 (840979.000.000) 08/15 14:53:56 Job executing on host: <172.20.225.4:9618?addrs=172.20.225.4-9618&noUDP&sock=3366_5fdf_3>
...
006 (840979.000.000) 08/15 14:54:05 Image size of job updated: 21120
	21  -  MemoryUsage of job (MB)
	21120  -  ResidentSetSize of job (KB)
...
006 (840979.000.000) 08/15 14:59:06 Image size of job updated: 4917852
	4803  -  MemoryUsage of job (MB)
	4917852  -  ResidentSetSize of job (KB)
...
006 (840979.000.000) 08/15 15:04:06 Image size of job updated: 5874016
	5737  -  MemoryUsage of job (MB)
	5874016  -  ResidentSetSize of job (KB)
...
006 (840979.000.000) 08/15 15:09:07 Image size of job updated: 5875412
	5738  -  MemoryUsage of job (MB)
	5875412  -  ResidentSetSize of job (KB)
...
006 (840979.000.000) 08/15 15:14:07 Image size of job updated: 6455220
	6304  -  MemoryUsage of job (MB)
	6455220  -  ResidentSetSize of job (KB)
...
006 (840979.000.000) 08/15 15:15:46 Image size of job updated: 13726616
	6304  -  MemoryUsage of job (MB)
	6455220  -  ResidentSetSize of job (KB)
...
005 (840979.000.000) 08/15 15:15:46 Job terminated.
	(1) Normal termination (return value 0)
		Usr 0 00:22:07, Sys 0 00:00:31  -  Run Remote Usage
		Usr 0 00:00:00, Sys 0 00:00:00  -  Run Local Usage
		Usr 0 00:22:07, Sys 0 00:00:31  -  Total Remote Usage
		Usr 0 00:00:00, Sys 0 00:00:00  -  Total Local Usage
	1227  -  Run Bytes Sent By Job
	407  -  Run Bytes Received By Job
	1227  -  Total Bytes Sent By Job
	407  -  Total Bytes Received By Job
	Partitionable Resources :    Usage  Request Allocated 
	   Cpus                 :     0.64        1         1 
	   Disk (KB)            :   802           1 479779449 
	   Memory (MB)          :  6304        7900      8033 
...
