000 (838675.000.000) 08/15 12:25:30 Job submitted from host: <172.20.3.187:9618?addrs=172.20.3.187-9618&noUDP&sock=2043_e813_3>
...
001 (838675.000.000) 08/15 12:49:54 Job executing on host: <172.20.225.2:9618?addrs=172.20.225.2-9618&noUDP&sock=3424_285d_3>
...
006 (838675.000.000) 08/15 12:50:03 Image size of job updated: 21116
	21  -  MemoryUsage of job (MB)
	21116  -  ResidentSetSize of job (KB)
...
006 (838675.000.000) 08/15 12:53:36 Image size of job updated: 6523412
	21  -  MemoryUsage of job (MB)
	21116  -  ResidentSetSize of job (KB)
...
005 (838675.000.000) 08/15 12:53:36 Job terminated.
	(1) Normal termination (return value 1)
		Usr 0 00:02:01, Sys 0 00:00:14  -  Run Remote Usage
		Usr 0 00:00:00, Sys 0 00:00:00  -  Run Local Usage
		Usr 0 00:02:01, Sys 0 00:00:14  -  Total Remote Usage
		Usr 0 00:00:00, Sys 0 00:00:00  -  Total Local Usage
	2461  -  Run Bytes Sent By Job
	399  -  Run Bytes Received By Job
	2461  -  Total Bytes Sent By Job
	399  -  Total Bytes Received By Job
	Partitionable Resources :    Usage  Request Allocated 
	   Cpus                 :     0.58        1         1 
	   Disk (KB)            :   804           1 479786084 
	   Memory (MB)          :    21        7900      8033 
...
000 (844124.000.000) 08/15 13:29:51 Job submitted from host: <172.20.3.187:9618?addrs=172.20.3.187-9618&noUDP&sock=2043_e813_3>
...
001 (844124.000.000) 08/15 18:01:01 Job executing on host: <172.20.225.4:9618?addrs=172.20.225.4-9618&noUDP&sock=3366_5fdf_3>
...
006 (844124.000.000) 08/15 18:01:09 Image size of job updated: 21116
	21  -  MemoryUsage of job (MB)
	21116  -  ResidentSetSize of job (KB)
...
006 (844124.000.000) 08/15 18:06:09 Image size of job updated: 4979860
	4864  -  MemoryUsage of job (MB)
	4979860  -  ResidentSetSize of job (KB)
...
006 (844124.000.000) 08/15 18:11:10 Image size of job updated: 5936016
	5797  -  MemoryUsage of job (MB)
	5936016  -  ResidentSetSize of job (KB)
...
006 (844124.000.000) 08/15 18:16:11 Image size of job updated: 5936324
	5798  -  MemoryUsage of job (MB)
	5936324  -  ResidentSetSize of job (KB)
...
006 (844124.000.000) 08/15 18:21:11 Image size of job updated: 6464304
	6313  -  MemoryUsage of job (MB)
	6464304  -  ResidentSetSize of job (KB)
...
006 (844124.000.000) 08/15 18:23:27 Image size of job updated: 13736776
	6313  -  MemoryUsage of job (MB)
	6464304  -  ResidentSetSize of job (KB)
...
005 (844124.000.000) 08/15 18:23:27 Job terminated.
	(1) Normal termination (return value 0)
		Usr 0 00:22:30, Sys 0 00:00:34  -  Run Remote Usage
		Usr 0 00:00:00, Sys 0 00:00:00  -  Run Local Usage
		Usr 0 00:22:30, Sys 0 00:00:34  -  Total Remote Usage
		Usr 0 00:00:00, Sys 0 00:00:00  -  Total Local Usage
	1222  -  Run Bytes Sent By Job
	399  -  Run Bytes Received By Job
	1222  -  Total Bytes Sent By Job
	399  -  Total Bytes Received By Job
	Partitionable Resources :    Usage  Request Allocated 
	   Cpus                 :     0.70        1         1 
	   Disk (KB)            :   802           1 479779449 
	   Memory (MB)          :  6313        7900      8033 
...
