000 (840095.000.000) 08/15 13:25:28 Job submitted from host: <172.20.3.187:9618?addrs=172.20.3.187-9618&noUDP&sock=2043_e813_3>
...
001 (840095.000.000) 08/15 14:10:57 Job executing on host: <172.20.225.1:9618?addrs=172.20.225.1-9618&noUDP&sock=3382_5963_3>
...
006 (840095.000.000) 08/15 14:11:05 Image size of job updated: 21116
	21  -  MemoryUsage of job (MB)
	21116  -  ResidentSetSize of job (KB)
...
006 (840095.000.000) 08/15 14:16:06 Image size of job updated: 5003428
	4887  -  MemoryUsage of job (MB)
	5003428  -  ResidentSetSize of job (KB)
...
006 (840095.000.000) 08/15 14:21:06 Image size of job updated: 5003536
	4887  -  MemoryUsage of job (MB)
	5003536  -  ResidentSetSize of job (KB)
...
006 (840095.000.000) 08/15 14:26:06 Image size of job updated: 5960996
	5822  -  MemoryUsage of job (MB)
	5960996  -  ResidentSetSize of job (KB)
...
006 (840095.000.000) 08/15 14:31:07 Image size of job updated: 6473284
	6320  -  MemoryUsage of job (MB)
	6471096  -  ResidentSetSize of job (KB)
...
005 (840095.000.000) 08/15 14:32:14 Job terminated.
	(1) Normal termination (return value 0)
		Usr 0 00:22:27, Sys 0 00:00:29  -  Run Remote Usage
		Usr 0 00:00:00, Sys 0 00:00:00  -  Run Local Usage
		Usr 0 00:22:27, Sys 0 00:00:29  -  Total Remote Usage
		Usr 0 00:00:00, Sys 0 00:00:00  -  Total Local Usage
	1225  -  Run Bytes Sent By Job
	400  -  Run Bytes Received By Job
	1225  -  Total Bytes Sent By Job
	400  -  Total Bytes Received By Job
	Partitionable Resources :    Usage  Request Allocated 
	   Cpus                 :     0.69        1         1 
	   Disk (KB)            :   802           1 479786105 
	   Memory (MB)          :  6320        7900      8033 
...
