000 (837811.000.000) 08/15 12:24:32 Job submitted from host: <172.20.3.187:9618?addrs=172.20.3.187-9618&noUDP&sock=2043_e813_3>
...
001 (837811.000.000) 08/15 12:34:25 Job executing on host: <172.20.225.6:9618?addrs=172.20.225.6-9618&noUDP&sock=3382_5963_3>
...
006 (837811.000.000) 08/15 12:34:33 Image size of job updated: 21120
	21  -  MemoryUsage of job (MB)
	21120  -  ResidentSetSize of job (KB)
...
006 (837811.000.000) 08/15 12:37:43 Image size of job updated: 6634848
	21  -  MemoryUsage of job (MB)
	21120  -  ResidentSetSize of job (KB)
...
005 (837811.000.000) 08/15 12:37:45 Job terminated.
	(1) Normal termination (return value 1)
		Usr 0 00:01:53, Sys 0 00:00:14  -  Run Remote Usage
		Usr 0 00:00:00, Sys 0 00:00:00  -  Run Local Usage
		Usr 0 00:01:53, Sys 0 00:00:14  -  Total Remote Usage
		Usr 0 00:00:00, Sys 0 00:00:00  -  Total Local Usage
	2452  -  Run Bytes Sent By Job
	402  -  Run Bytes Received By Job
	2452  -  Total Bytes Sent By Job
	402  -  Total Bytes Received By Job
	Partitionable Resources :    Usage  Request Allocated 
	   Cpus                 :     0.50        1         1 
	   Disk (KB)            :   804           1 479749220 
	   Memory (MB)          :    21        7900      8033 
...
000 (840107.000.000) 08/15 13:25:29 Job submitted from host: <172.20.3.187:9618?addrs=172.20.3.187-9618&noUDP&sock=2043_e813_3>
...
001 (840107.000.000) 08/15 14:12:59 Job executing on host: <172.20.225.1:9618?addrs=172.20.225.1-9618&noUDP&sock=3382_5963_3>
...
006 (840107.000.000) 08/15 14:13:07 Image size of job updated: 21112
	21  -  MemoryUsage of job (MB)
	21112  -  ResidentSetSize of job (KB)
...
006 (840107.000.000) 08/15 14:18:07 Image size of job updated: 5055348
	4937  -  MemoryUsage of job (MB)
	5055348  -  ResidentSetSize of job (KB)
...
006 (840107.000.000) 08/15 14:23:09 Image size of job updated: 5055448
	4937  -  MemoryUsage of job (MB)
	5055448  -  ResidentSetSize of job (KB)
...
006 (840107.000.000) 08/15 14:28:09 Image size of job updated: 6013892
	5873  -  MemoryUsage of job (MB)
	6013892  -  ResidentSetSize of job (KB)
...
006 (840107.000.000) 08/15 14:33:09 Image size of job updated: 6520964
	6369  -  MemoryUsage of job (MB)
	6520964  -  ResidentSetSize of job (KB)
...
005 (840107.000.000) 08/15 14:34:27 Job terminated.
	(1) Normal termination (return value 0)
		Usr 0 00:22:46, Sys 0 00:00:34  -  Run Remote Usage
		Usr 0 00:00:00, Sys 0 00:00:00  -  Run Local Usage
		Usr 0 00:22:46, Sys 0 00:00:34  -  Total Remote Usage
		Usr 0 00:00:00, Sys 0 00:00:00  -  Total Local Usage
	1218  -  Run Bytes Sent By Job
	402  -  Run Bytes Received By Job
	1218  -  Total Bytes Sent By Job
	402  -  Total Bytes Received By Job
	Partitionable Resources :    Usage  Request Allocated 
	   Cpus                 :     0.51        1         1 
	   Disk (KB)            :   802           1 479786105 
	   Memory (MB)          :  6369        7900      8033 
...
