000 (843536.000.000) 08/15 13:29:12 Job submitted from host: <172.20.3.187:9618?addrs=172.20.3.187-9618&noUDP&sock=2043_e813_3>
...
001 (843536.000.000) 08/15 17:50:25 Job executing on host: <172.20.225.1:9618?addrs=172.20.225.1-9618&noUDP&sock=3382_5963_3>
...
006 (843536.000.000) 08/15 17:50:34 Image size of job updated: 21120
	21  -  MemoryUsage of job (MB)
	21120  -  ResidentSetSize of job (KB)
...
005 (843536.000.000) 08/15 17:51:29 Job terminated.
	(1) Normal termination (return value 1)
		Usr 0 00:00:15, Sys 0 00:00:01  -  Run Remote Usage
		Usr 0 00:00:00, Sys 0 00:00:00  -  Run Local Usage
		Usr 0 00:00:15, Sys 0 00:00:01  -  Total Remote Usage
		Usr 0 00:00:00, Sys 0 00:00:00  -  Total Local Usage
	1435  -  Run Bytes Sent By Job
	392  -  Run Bytes Received By Job
	1435  -  Total Bytes Sent By Job
	392  -  Total Bytes Received By Job
	Partitionable Resources :    Usage  Request Allocated 
	   Cpus                 :     0.29        1         1 
	   Disk (KB)            :   803           1 479786105 
	   Memory (MB)          :    21        7900      8033 
...
000 (846802.000.000) 08/16 03:54:37 Job submitted from host: <172.20.3.187:9618?addrs=172.20.3.187-9618&noUDP&sock=2043_e813_3>
...
001 (846802.000.000) 08/16 05:58:11 Job executing on host: <172.20.225.5:9618?addrs=172.20.225.5-9618&noUDP&sock=3375_8c39_3>
...
006 (846802.000.000) 08/16 05:58:20 Image size of job updated: 21108
	21  -  MemoryUsage of job (MB)
	21108  -  ResidentSetSize of job (KB)
...
006 (846802.000.000) 08/16 06:03:21 Image size of job updated: 5009768
	4893  -  MemoryUsage of job (MB)
	5009768  -  ResidentSetSize of job (KB)
...
006 (846802.000.000) 08/16 06:08:21 Image size of job updated: 5009872
	4893  -  MemoryUsage of job (MB)
	5009872  -  ResidentSetSize of job (KB)
...
006 (846802.000.000) 08/16 06:13:22 Image size of job updated: 5966248
	5827  -  MemoryUsage of job (MB)
	5966248  -  ResidentSetSize of job (KB)
...
006 (846802.000.000) 08/16 06:18:23 Image size of job updated: 6385068
	6235  -  MemoryUsage of job (MB)
	6384500  -  ResidentSetSize of job (KB)
...
006 (846802.000.000) 08/16 06:22:07 Image size of job updated: 17120136
	6236  -  MemoryUsage of job (MB)
	6384824  -  ResidentSetSize of job (KB)
...
005 (846802.000.000) 08/16 06:22:07 Job terminated.
	(1) Normal termination (return value 0)
		Usr 0 00:23:03, Sys 0 00:00:29  -  Run Remote Usage
		Usr 0 00:00:00, Sys 0 00:00:00  -  Run Local Usage
		Usr 0 00:23:03, Sys 0 00:00:29  -  Total Remote Usage
		Usr 0 00:00:00, Sys 0 00:00:00  -  Total Local Usage
	1215  -  Run Bytes Sent By Job
	392  -  Run Bytes Received By Job
	1215  -  Total Bytes Sent By Job
	392  -  Total Bytes Received By Job
	Partitionable Resources :    Usage  Request Allocated 
	   Cpus                 :     0.68        1         1 
	   Disk (KB)            :   802           1 479749220 
	   Memory (MB)          :  6236        7900      8033 
...
