000 (844528.000.000) 08/15 13:30:17 Job submitted from host: <172.20.3.187:9618?addrs=172.20.3.187-9618&noUDP&sock=2043_e813_3>
...
001 (844528.000.000) 08/15 18:43:00 Job executing on host: <172.20.225.6:9618?addrs=172.20.225.6-9618&noUDP&sock=3382_5963_3>
...
006 (844528.000.000) 08/15 18:43:10 Image size of job updated: 21120
	21  -  MemoryUsage of job (MB)
	21120  -  ResidentSetSize of job (KB)
...
006 (844528.000.000) 08/15 18:48:10 Image size of job updated: 5302712
	5179  -  MemoryUsage of job (MB)
	5302712  -  ResidentSetSize of job (KB)
...
006 (844528.000.000) 08/15 18:53:11 Image size of job updated: 6258892
	6113  -  MemoryUsage of job (MB)
	6258868  -  ResidentSetSize of job (KB)
...
006 (844528.000.000) 08/15 18:58:11 Image size of job updated: 6260288
	6114  -  MemoryUsage of job (MB)
	6260264  -  ResidentSetSize of job (KB)
...
006 (844528.000.000) 08/15 19:03:12 Image size of job updated: 6843072
	6682  -  MemoryUsage of job (MB)
	6842088  -  ResidentSetSize of job (KB)
...
005 (844528.000.000) 08/15 19:04:47 Job terminated.
	(1) Normal termination (return value 0)
		Usr 0 00:23:19, Sys 0 00:00:34  -  Run Remote Usage
		Usr 0 00:00:00, Sys 0 00:00:00  -  Run Local Usage
		Usr 0 00:23:19, Sys 0 00:00:34  -  Total Remote Usage
		Usr 0 00:00:00, Sys 0 00:00:00  -  Total Local Usage
	1229  -  Run Bytes Sent By Job
	404  -  Run Bytes Received By Job
	1229  -  Total Bytes Sent By Job
	404  -  Total Bytes Received By Job
	Partitionable Resources :    Usage  Request Allocated 
	   Cpus                 :     0.56        1         1 
	   Disk (KB)            :   802           1 479749220 
	   Memory (MB)          :  6682        7900      8033 
...
