000 (842068.000.000) 08/15 13:27:36 Job submitted from host: <172.20.3.187:9618?addrs=172.20.3.187-9618&noUDP&sock=2043_e813_3>
...
001 (842068.000.000) 08/15 16:01:12 Job executing on host: <172.20.225.2:9618?addrs=172.20.225.2-9618&noUDP&sock=3424_285d_3>
...
006 (842068.000.000) 08/15 16:01:21 Image size of job updated: 21112
	21  -  MemoryUsage of job (MB)
	21112  -  ResidentSetSize of job (KB)
...
006 (842068.000.000) 08/15 16:06:21 Image size of job updated: 4957940
	4842  -  MemoryUsage of job (MB)
	4957940  -  ResidentSetSize of job (KB)
...
006 (842068.000.000) 08/15 16:11:22 Image size of job updated: 5914084
	5776  -  MemoryUsage of job (MB)
	5914084  -  ResidentSetSize of job (KB)
...
006 (842068.000.000) 08/15 16:16:23 Image size of job updated: 5915480
	5777  -  MemoryUsage of job (MB)
	5915480  -  ResidentSetSize of job (KB)
...
006 (842068.000.000) 08/15 16:21:23 Image size of job updated: 6493212
	6341  -  MemoryUsage of job (MB)
	6492948  -  ResidentSetSize of job (KB)
...
006 (842068.000.000) 08/15 16:22:56 Image size of job updated: 6591824
	6341  -  MemoryUsage of job (MB)
	6492948  -  ResidentSetSize of job (KB)
...
005 (842068.000.000) 08/15 16:22:56 Job terminated.
	(1) Normal termination (return value 0)
		Usr 0 00:23:07, Sys 0 00:00:35  -  Run Remote Usage
		Usr 0 00:00:00, Sys 0 00:00:00  -  Run Local Usage
		Usr 0 00:23:07, Sys 0 00:00:35  -  Total Remote Usage
		Usr 0 00:00:00, Sys 0 00:00:00  -  Total Local Usage
	1219  -  Run Bytes Sent By Job
	397  -  Run Bytes Received By Job
	1219  -  Total Bytes Sent By Job
	397  -  Total Bytes Received By Job
	Partitionable Resources :    Usage  Request Allocated 
	   Cpus                 :     0.63        1         1 
	   Disk (KB)            :   803           1 479786084 
	   Memory (MB)          :  6341        7900      8033 
...
