000 (844809.000.000) 08/15 13:30:36 Job submitted from host: <172.20.3.187:9618?addrs=172.20.3.187-9618&noUDP&sock=2043_e813_3>
...
001 (844809.000.000) 08/15 19:05:01 Job executing on host: <172.20.225.6:9618?addrs=172.20.225.6-9618&noUDP&sock=3382_5963_3>
...
006 (844809.000.000) 08/15 19:05:10 Image size of job updated: 21128
	21  -  MemoryUsage of job (MB)
	21128  -  ResidentSetSize of job (KB)
...
006 (844809.000.000) 08/15 19:10:12 Image size of job updated: 5302468
	5179  -  MemoryUsage of job (MB)
	5302468  -  ResidentSetSize of job (KB)
...
006 (844809.000.000) 08/15 19:15:12 Image size of job updated: 6258644
	6112  -  MemoryUsage of job (MB)
	6258644  -  ResidentSetSize of job (KB)
...
006 (844809.000.000) 08/15 19:20:12 Image size of job updated: 6258948
	6113  -  MemoryUsage of job (MB)
	6258948  -  ResidentSetSize of job (KB)
...
006 (844809.000.000) 08/15 19:25:13 Image size of job updated: 6586576
	6433  -  MemoryUsage of job (MB)
	6586576  -  ResidentSetSize of job (KB)
...
006 (844809.000.000) 08/15 19:27:35 Image size of job updated: 6675428
	6433  -  MemoryUsage of job (MB)
	6586576  -  ResidentSetSize of job (KB)
...
005 (844809.000.000) 08/15 19:27:35 Job terminated.
	(1) Normal termination (return value 0)
		Usr 0 00:23:40, Sys 0 00:00:36  -  Run Remote Usage
		Usr 0 00:00:00, Sys 0 00:00:00  -  Run Local Usage
		Usr 0 00:23:40, Sys 0 00:00:36  -  Total Remote Usage
		Usr 0 00:00:00, Sys 0 00:00:00  -  Total Local Usage
	1229  -  Run Bytes Sent By Job
	404  -  Run Bytes Received By Job
	1229  -  Total Bytes Sent By Job
	404  -  Total Bytes Received By Job
	Partitionable Resources :    Usage  Request Allocated 
	   Cpus                 :     0.89        1         1 
	   Disk (KB)            :   802           1 479749220 
	   Memory (MB)          :  6433        7900      8033 
...
