000 (842819.000.000) 08/15 13:28:25 Job submitted from host: <172.20.3.187:9618?addrs=172.20.3.187-9618&noUDP&sock=2043_e813_3>
...
001 (842819.000.000) 08/15 16:50:02 Job executing on host: <172.20.225.4:9618?addrs=172.20.225.4-9618&noUDP&sock=3366_5fdf_3>
...
006 (842819.000.000) 08/15 16:50:10 Image size of job updated: 21112
	21  -  MemoryUsage of job (MB)
	21112  -  ResidentSetSize of job (KB)
...
006 (842819.000.000) 08/15 16:55:10 Image size of job updated: 5245672
	5123  -  MemoryUsage of job (MB)
	5245672  -  ResidentSetSize of job (KB)
...
006 (842819.000.000) 08/15 17:00:11 Image size of job updated: 5245776
	5123  -  MemoryUsage of job (MB)
	5245776  -  ResidentSetSize of job (KB)
...
006 (842819.000.000) 08/15 17:05:12 Image size of job updated: 6202156
	6057  -  MemoryUsage of job (MB)
	6202156  -  ResidentSetSize of job (KB)
...
006 (842819.000.000) 08/15 17:10:12 Image size of job updated: 6656420
	6500  -  MemoryUsage of job (MB)
	6655520  -  ResidentSetSize of job (KB)
...
006 (842819.000.000) 08/15 17:11:50 Image size of job updated: 11875488
	6500  -  MemoryUsage of job (MB)
	6655520  -  ResidentSetSize of job (KB)
...
005 (842819.000.000) 08/15 17:11:50 Job terminated.
	(1) Normal termination (return value 0)
		Usr 0 00:22:43, Sys 0 00:00:30  -  Run Remote Usage
		Usr 0 00:00:00, Sys 0 00:00:00  -  Run Local Usage
		Usr 0 00:22:43, Sys 0 00:00:30  -  Total Remote Usage
		Usr 0 00:00:00, Sys 0 00:00:00  -  Total Local Usage
	1229  -  Run Bytes Sent By Job
	404  -  Run Bytes Received By Job
	1229  -  Total Bytes Sent By Job
	404  -  Total Bytes Received By Job
	Partitionable Resources :    Usage  Request Allocated 
	   Cpus                 :     0.83        1         1 
	   Disk (KB)            :   802           1 479779449 
	   Memory (MB)          :  6500        7900      8033 
...
