000 (843591.000.000) 08/15 13:29:16 Job submitted from host: <172.20.3.187:9618?addrs=172.20.3.187-9618&noUDP&sock=2043_e813_3>
...
001 (843591.000.000) 08/15 17:52:03 Job executing on host: <172.20.225.4:9618?addrs=172.20.225.4-9618&noUDP&sock=3366_5fdf_3>
...
006 (843591.000.000) 08/15 17:52:11 Image size of job updated: 21100
	21  -  MemoryUsage of job (MB)
	21100  -  ResidentSetSize of job (KB)
...
006 (843591.000.000) 08/15 17:53:08 Image size of job updated: 4200568
	21  -  MemoryUsage of job (MB)
	21100  -  ResidentSetSize of job (KB)
...
005 (843591.000.000) 08/15 17:53:09 Job terminated.
	(1) Normal termination (return value 1)
		Usr 0 00:00:17, Sys 0 00:00:01  -  Run Remote Usage
		Usr 0 00:00:00, Sys 0 00:00:00  -  Run Local Usage
		Usr 0 00:00:17, Sys 0 00:00:01  -  Total Remote Usage
		Usr 0 00:00:00, Sys 0 00:00:00  -  Total Local Usage
	1437  -  Run Bytes Sent By Job
	393  -  Run Bytes Received By Job
	1437  -  Total Bytes Sent By Job
	393  -  Total Bytes Received By Job
	Partitionable Resources :    Usage  Request Allocated 
	   Cpus                 :     0.64        1         1 
	   Disk (KB)            :   803           1 479779449 
	   Memory (MB)          :    21        7900      8033 
...
000 (846857.000.000) 08/16 03:54:41 Job submitted from host: <172.20.3.187:9618?addrs=172.20.3.187-9618&noUDP&sock=2043_e813_3>
...
001 (846857.000.000) 08/16 06:05:10 Job executing on host: <172.20.225.5:9618?addrs=172.20.225.5-9618&noUDP&sock=3375_8c39_3>
...
006 (846857.000.000) 08/16 06:05:19 Image size of job updated: 21120
	21  -  MemoryUsage of job (MB)
	21120  -  ResidentSetSize of job (KB)
...
006 (846857.000.000) 08/16 06:10:21 Image size of job updated: 5009896
	4893  -  MemoryUsage of job (MB)
	5009896  -  ResidentSetSize of job (KB)
...
006 (846857.000.000) 08/16 06:15:21 Image size of job updated: 5010000
	4893  -  MemoryUsage of job (MB)
	5010000  -  ResidentSetSize of job (KB)
...
006 (846857.000.000) 08/16 06:20:22 Image size of job updated: 5966376
	5827  -  MemoryUsage of job (MB)
	5966376  -  ResidentSetSize of job (KB)
...
006 (846857.000.000) 08/16 06:25:22 Image size of job updated: 7312972
	7142  -  MemoryUsage of job (MB)
	7312820  -  ResidentSetSize of job (KB)
...
005 (846857.000.000) 08/16 06:26:51 Job terminated.
	(1) Normal termination (return value 0)
		Usr 0 00:23:09, Sys 0 00:00:30  -  Run Remote Usage
		Usr 0 00:00:00, Sys 0 00:00:00  -  Run Local Usage
		Usr 0 00:23:09, Sys 0 00:00:30  -  Total Remote Usage
		Usr 0 00:00:00, Sys 0 00:00:00  -  Total Local Usage
	1218  -  Run Bytes Sent By Job
	393  -  Run Bytes Received By Job
	1218  -  Total Bytes Sent By Job
	393  -  Total Bytes Received By Job
	Partitionable Resources :    Usage  Request Allocated 
	   Cpus                 :     0.99        1         1 
	   Disk (KB)            :   802           1 479749220 
	   Memory (MB)          :  7142        7900      8033 
...
