000 (840067.000.000) 08/15 13:25:26 Job submitted from host: <172.20.3.187:9618?addrs=172.20.3.187-9618&noUDP&sock=2043_e813_3>
...
001 (840067.000.000) 08/15 14:04:59 Job executing on host: <172.20.225.1:9618?addrs=172.20.225.1-9618&noUDP&sock=3382_5963_3>
...
006 (840067.000.000) 08/15 14:05:08 Image size of job updated: 21120
	21  -  MemoryUsage of job (MB)
	21120  -  ResidentSetSize of job (KB)
...
006 (840067.000.000) 08/15 14:10:09 Image size of job updated: 5003740
	4887  -  MemoryUsage of job (MB)
	5003740  -  ResidentSetSize of job (KB)
...
006 (840067.000.000) 08/15 14:15:10 Image size of job updated: 5003844
	4887  -  MemoryUsage of job (MB)
	5003844  -  ResidentSetSize of job (KB)
...
006 (840067.000.000) 08/15 14:20:11 Image size of job updated: 5960216
	5821  -  MemoryUsage of job (MB)
	5960216  -  ResidentSetSize of job (KB)
...
006 (840067.000.000) 08/15 14:25:12 Image size of job updated: 6295860
	6148  -  MemoryUsage of job (MB)
	6295372  -  ResidentSetSize of job (KB)
...
006 (840067.000.000) 08/15 14:28:14 Image size of job updated: 13678956
	6148  -  MemoryUsage of job (MB)
	6295388  -  ResidentSetSize of job (KB)
...
005 (840067.000.000) 08/15 14:28:14 Job terminated.
	(1) Normal termination (return value 0)
		Usr 0 00:22:51, Sys 0 00:00:25  -  Run Remote Usage
		Usr 0 00:00:00, Sys 0 00:00:00  -  Run Local Usage
		Usr 0 00:22:51, Sys 0 00:00:25  -  Total Remote Usage
		Usr 0 00:00:00, Sys 0 00:00:00  -  Total Local Usage
	1225  -  Run Bytes Sent By Job
	400  -  Run Bytes Received By Job
	1225  -  Total Bytes Sent By Job
	400  -  Total Bytes Received By Job
	Partitionable Resources :    Usage  Request Allocated 
	   Cpus                 :     0.63        1         1 
	   Disk (KB)            :   802           1 479786105 
	   Memory (MB)          :  6148        7900      8033 
...
