000 (839573.000.000) 08/15 13:24:54 Job submitted from host: <172.20.3.187:9618?addrs=172.20.3.187-9618&noUDP&sock=2043_e813_3>
...
001 (839573.000.000) 08/15 13:40:29 Job executing on host: <172.20.225.1:9618?addrs=172.20.225.1-9618&noUDP&sock=3382_5963_3>
...
006 (839573.000.000) 08/15 13:40:37 Image size of job updated: 21124
	21  -  MemoryUsage of job (MB)
	21124  -  ResidentSetSize of job (KB)
...
005 (839573.000.000) 08/15 13:41:28 Job terminated.
	(1) Normal termination (return value 1)
		Usr 0 00:00:12, Sys 0 00:00:01  -  Run Remote Usage
		Usr 0 00:00:00, Sys 0 00:00:00  -  Run Local Usage
		Usr 0 00:00:12, Sys 0 00:00:01  -  Total Remote Usage
		Usr 0 00:00:00, Sys 0 00:00:00  -  Total Local Usage
	1435  -  Run Bytes Sent By Job
	392  -  Run Bytes Received By Job
	1435  -  Total Bytes Sent By Job
	392  -  Total Bytes Received By Job
	Partitionable Resources :    Usage  Request Allocated 
	   Cpus                 :     0.75        1         1 
	   Disk (KB)            :   808           1 479786105 
	   Memory (MB)          :    21        7900      8033 
...
000 (845664.000.000) 08/16 03:53:24 Job submitted from host: <172.20.3.187:9618?addrs=172.20.3.187-9618&noUDP&sock=2043_e813_3>
...
001 (845664.000.000) 08/16 04:37:06 Job executing on host: <172.20.225.4:9618?addrs=172.20.225.4-9618&noUDP&sock=3366_5fdf_3>
...
006 (845664.000.000) 08/16 04:37:15 Image size of job updated: 20788
	21  -  MemoryUsage of job (MB)
	20788  -  ResidentSetSize of job (KB)
...
006 (845664.000.000) 08/16 04:42:17 Image size of job updated: 4950060
	4835  -  MemoryUsage of job (MB)
	4950060  -  ResidentSetSize of job (KB)
...
006 (845664.000.000) 08/16 04:47:16 Image size of job updated: 5906352
	5768  -  MemoryUsage of job (MB)
	5906320  -  ResidentSetSize of job (KB)
...
006 (845664.000.000) 08/16 04:52:16 Image size of job updated: 5912296
	5774  -  MemoryUsage of job (MB)
	5912296  -  ResidentSetSize of job (KB)
...
005 (845664.000.000) 08/16 04:56:47 Job terminated.
	(1) Normal termination (return value 0)
		Usr 0 00:22:08, Sys 0 00:00:34  -  Run Remote Usage
		Usr 0 00:00:00, Sys 0 00:00:00  -  Run Local Usage
		Usr 0 00:22:08, Sys 0 00:00:34  -  Total Remote Usage
		Usr 0 00:00:00, Sys 0 00:00:00  -  Total Local Usage
	1215  -  Run Bytes Sent By Job
	392  -  Run Bytes Received By Job
	1215  -  Total Bytes Sent By Job
	392  -  Total Bytes Received By Job
	Partitionable Resources :    Usage  Request Allocated 
	   Cpus                 :     0.50        1         1 
	   Disk (KB)            :   802           1 479779449 
	   Memory (MB)          :  5774        7900      8033 
...
