000 (839829.000.000) 08/15 13:25:11 Job submitted from host: <172.20.3.187:9618?addrs=172.20.3.187-9618&noUDP&sock=2043_e813_3>
...
001 (839829.000.000) 08/15 13:51:25 Job executing on host: <172.20.225.6:9618?addrs=172.20.225.6-9618&noUDP&sock=3382_5963_3>
...
006 (839829.000.000) 08/15 13:51:33 Image size of job updated: 21116
	21  -  MemoryUsage of job (MB)
	21116  -  ResidentSetSize of job (KB)
...
006 (839829.000.000) 08/15 13:56:33 Image size of job updated: 4929304
	4814  -  MemoryUsage of job (MB)
	4929304  -  ResidentSetSize of job (KB)
...
006 (839829.000.000) 08/15 14:01:34 Image size of job updated: 5885472
	5748  -  MemoryUsage of job (MB)
	5885472  -  ResidentSetSize of job (KB)
...
006 (839829.000.000) 08/15 14:06:34 Image size of job updated: 5891568
	5754  -  MemoryUsage of job (MB)
	5891568  -  ResidentSetSize of job (KB)
...
005 (839829.000.000) 08/15 14:11:34 Job terminated.
	(1) Normal termination (return value 0)
		Usr 0 00:22:37, Sys 0 00:00:30  -  Run Remote Usage
		Usr 0 00:00:00, Sys 0 00:00:00  -  Run Local Usage
		Usr 0 00:22:37, Sys 0 00:00:30  -  Total Remote Usage
		Usr 0 00:00:00, Sys 0 00:00:00  -  Total Local Usage
	1218  -  Run Bytes Sent By Job
	396  -  Run Bytes Received By Job
	1218  -  Total Bytes Sent By Job
	396  -  Total Bytes Received By Job
	Partitionable Resources :    Usage  Request Allocated 
	   Cpus                 :     0.52        1         1 
	   Disk (KB)            :   803           1 479749220 
	   Memory (MB)          :  5754        7900      8033 
...
