000 (840773.000.000) 08/15 13:26:12 Job submitted from host: <172.20.3.187:9618?addrs=172.20.3.187-9618&noUDP&sock=2043_e813_3>
...
001 (840773.000.000) 08/15 14:51:59 Job executing on host: <172.20.225.1:9618?addrs=172.20.225.1-9618&noUDP&sock=3382_5963_3>
...
006 (840773.000.000) 08/15 14:52:09 Image size of job updated: 21116
	21  -  MemoryUsage of job (MB)
	21116  -  ResidentSetSize of job (KB)
...
005 (840773.000.000) 08/15 14:53:16 Job terminated.
	(1) Normal termination (return value 1)
		Usr 0 00:00:23, Sys 0 00:00:01  -  Run Remote Usage
		Usr 0 00:00:00, Sys 0 00:00:00  -  Run Local Usage
		Usr 0 00:00:23, Sys 0 00:00:01  -  Total Remote Usage
		Usr 0 00:00:00, Sys 0 00:00:00  -  Total Local Usage
	1437  -  Run Bytes Sent By Job
	398  -  Run Bytes Received By Job
	1437  -  Total Bytes Sent By Job
	398  -  Total Bytes Received By Job
	Partitionable Resources :    Usage  Request Allocated 
	   Cpus                 :     0.71        1         1 
	   Disk (KB)            :   803           1 479786105 
	   Memory (MB)          :    21        7900      8033 
...
000 (846091.000.000) 08/16 03:53:52 Job submitted from host: <172.20.3.187:9618?addrs=172.20.3.187-9618&noUDP&sock=2043_e813_3>
...
001 (846091.000.000) 08/16 05:06:11 Job executing on host: <172.20.225.6:9618?addrs=172.20.225.6-9618&noUDP&sock=3382_5963_3>
...
006 (846091.000.000) 08/16 05:06:20 Image size of job updated: 21124
	21  -  MemoryUsage of job (MB)
	21124  -  ResidentSetSize of job (KB)
...
006 (846091.000.000) 08/16 05:11:21 Image size of job updated: 5035312
	4918  -  MemoryUsage of job (MB)
	5035312  -  ResidentSetSize of job (KB)
...
006 (846091.000.000) 08/16 05:16:20 Image size of job updated: 5035412
	4918  -  MemoryUsage of job (MB)
	5035412  -  ResidentSetSize of job (KB)
...
006 (846091.000.000) 08/16 05:21:20 Image size of job updated: 5991788
	5852  -  MemoryUsage of job (MB)
	5991788  -  ResidentSetSize of job (KB)
...
006 (846091.000.000) 08/16 05:26:20 Image size of job updated: 6103576
	5961  -  MemoryUsage of job (MB)
	6103572  -  ResidentSetSize of job (KB)
...
006 (846091.000.000) 08/16 05:29:10 Image size of job updated: 9572312
	5961  -  MemoryUsage of job (MB)
	6103596  -  ResidentSetSize of job (KB)
...
005 (846091.000.000) 08/16 05:29:10 Job terminated.
	(1) Normal termination (return value 0)
		Usr 0 00:22:00, Sys 0 00:00:31  -  Run Remote Usage
		Usr 0 00:00:00, Sys 0 00:00:00  -  Run Local Usage
		Usr 0 00:22:00, Sys 0 00:00:31  -  Total Remote Usage
		Usr 0 00:00:00, Sys 0 00:00:00  -  Total Local Usage
	1223  -  Run Bytes Sent By Job
	398  -  Run Bytes Received By Job
	1223  -  Total Bytes Sent By Job
	398  -  Total Bytes Received By Job
	Partitionable Resources :    Usage  Request Allocated 
	   Cpus                 :     0.74        1         1 
	   Disk (KB)            :   802           1 479749220 
	   Memory (MB)          :  5961        7900      8033 
...
