000 (840743.000.000) 08/15 13:26:10 Job submitted from host: <172.20.3.187:9618?addrs=172.20.3.187-9618&noUDP&sock=2043_e813_3>
...
001 (840743.000.000) 08/15 14:51:37 Job executing on host: <172.20.225.8:9618?addrs=172.20.225.8-9618&noUDP&sock=3440_21e1_3>
...
006 (840743.000.000) 08/15 14:51:46 Image size of job updated: 21116
	21  -  MemoryUsage of job (MB)
	21116  -  ResidentSetSize of job (KB)
...
006 (840743.000.000) 08/15 14:52:55 Image size of job updated: 434688
	21  -  MemoryUsage of job (MB)
	21116  -  ResidentSetSize of job (KB)
...
005 (840743.000.000) 08/15 14:53:00 Job terminated.
	(1) Normal termination (return value 1)
		Usr 0 00:00:23, Sys 0 00:00:01  -  Run Remote Usage
		Usr 0 00:00:00, Sys 0 00:00:00  -  Run Local Usage
		Usr 0 00:00:23, Sys 0 00:00:01  -  Total Remote Usage
		Usr 0 00:00:00, Sys 0 00:00:00  -  Total Local Usage
	1437  -  Run Bytes Sent By Job
	398  -  Run Bytes Received By Job
	1437  -  Total Bytes Sent By Job
	398  -  Total Bytes Received By Job
	Partitionable Resources :    Usage  Request Allocated 
	   Cpus                 :        0        1         1 
	   Disk (KB)            :      803        1 479737977 
	   Memory (MB)          :       21     7900      8033 
...
000 (846061.000.000) 08/16 03:53:50 Job submitted from host: <172.20.3.187:9618?addrs=172.20.3.187-9618&noUDP&sock=2043_e813_3>
...
001 (846061.000.000) 08/16 05:06:11 Job executing on host: <172.20.225.4:9618?addrs=172.20.225.4-9618&noUDP&sock=3366_5fdf_3>
...
006 (846061.000.000) 08/16 05:06:19 Image size of job updated: 21120
	21  -  MemoryUsage of job (MB)
	21120  -  ResidentSetSize of job (KB)
...
006 (846061.000.000) 08/16 05:11:19 Image size of job updated: 5035252
	4918  -  MemoryUsage of job (MB)
	5035252  -  ResidentSetSize of job (KB)
...
006 (846061.000.000) 08/16 05:16:20 Image size of job updated: 5035352
	4918  -  MemoryUsage of job (MB)
	5035352  -  ResidentSetSize of job (KB)
...
006 (846061.000.000) 08/16 05:21:21 Image size of job updated: 5991716
	5852  -  MemoryUsage of job (MB)
	5991716  -  ResidentSetSize of job (KB)
...
006 (846061.000.000) 08/16 05:26:21 Image size of job updated: 6101504
	5959  -  MemoryUsage of job (MB)
	6101504  -  ResidentSetSize of job (KB)
...
006 (846061.000.000) 08/16 05:29:21 Image size of job updated: 6101504
	5959  -  MemoryUsage of job (MB)
	6101512  -  ResidentSetSize of job (KB)
...
005 (846061.000.000) 08/16 05:29:22 Job terminated.
	(1) Normal termination (return value 0)
		Usr 0 00:22:12, Sys 0 00:00:28  -  Run Remote Usage
		Usr 0 00:00:00, Sys 0 00:00:00  -  Run Local Usage
		Usr 0 00:22:12, Sys 0 00:00:28  -  Total Remote Usage
		Usr 0 00:00:00, Sys 0 00:00:00  -  Total Local Usage
	1223  -  Run Bytes Sent By Job
	398  -  Run Bytes Received By Job
	1223  -  Total Bytes Sent By Job
	398  -  Total Bytes Received By Job
	Partitionable Resources :    Usage  Request Allocated 
	   Cpus                 :     0.67        1         1 
	   Disk (KB)            :   802           1 479779449 
	   Memory (MB)          :  5959        7900      8033 
...
