000 (840923.000.000) 08/15 13:26:22 Job submitted from host: <172.20.3.187:9618?addrs=172.20.3.187-9618&noUDP&sock=2043_e813_3>
...
001 (840923.000.000) 08/15 14:53:31 Job executing on host: <172.20.225.1:9618?addrs=172.20.225.1-9618&noUDP&sock=3382_5963_3>
...
006 (840923.000.000) 08/15 14:53:40 Image size of job updated: 21120
	21  -  MemoryUsage of job (MB)
	21120  -  ResidentSetSize of job (KB)
...
006 (840923.000.000) 08/15 14:58:40 Image size of job updated: 4923412
	4809  -  MemoryUsage of job (MB)
	4923412  -  ResidentSetSize of job (KB)
...
006 (840923.000.000) 08/15 15:03:41 Image size of job updated: 5879580
	5742  -  MemoryUsage of job (MB)
	5879580  -  ResidentSetSize of job (KB)
...
006 (840923.000.000) 08/15 15:08:42 Image size of job updated: 5880976
	5744  -  MemoryUsage of job (MB)
	5880976  -  ResidentSetSize of job (KB)
...
005 (840923.000.000) 08/15 15:13:18 Job terminated.
	(1) Normal termination (return value 0)
		Usr 0 00:22:08, Sys 0 00:00:32  -  Run Remote Usage
		Usr 0 00:00:00, Sys 0 00:00:00  -  Run Local Usage
		Usr 0 00:22:08, Sys 0 00:00:32  -  Total Remote Usage
		Usr 0 00:00:00, Sys 0 00:00:00  -  Total Local Usage
	1222  -  Run Bytes Sent By Job
	400  -  Run Bytes Received By Job
	1222  -  Total Bytes Sent By Job
	400  -  Total Bytes Received By Job
	Partitionable Resources :    Usage  Request Allocated 
	   Cpus                 :     0.98        1         1 
	   Disk (KB)            :   802           1 479786105 
	   Memory (MB)          :  5744        7900      8033 
...
