000 (843197.000.000) 08/15 13:28:50 Job submitted from host: <172.20.3.187:9618?addrs=172.20.3.187-9618&noUDP&sock=2043_e813_3>
...
001 (843197.000.000) 08/15 17:25:00 Job executing on host: <172.20.225.4:9618?addrs=172.20.225.4-9618&noUDP&sock=3366_5fdf_3>
...
006 (843197.000.000) 08/15 17:25:09 Image size of job updated: 21112
	21  -  MemoryUsage of job (MB)
	21112  -  ResidentSetSize of job (KB)
...
006 (843197.000.000) 08/15 17:30:10 Image size of job updated: 5245652
	5123  -  MemoryUsage of job (MB)
	5245652  -  ResidentSetSize of job (KB)
...
006 (843197.000.000) 08/15 17:35:11 Image size of job updated: 5245780
	5123  -  MemoryUsage of job (MB)
	5245780  -  ResidentSetSize of job (KB)
...
006 (843197.000.000) 08/15 17:40:11 Image size of job updated: 6202156
	6057  -  MemoryUsage of job (MB)
	6202156  -  ResidentSetSize of job (KB)
...
006 (843197.000.000) 08/15 17:45:11 Image size of job updated: 6322852
	6175  -  MemoryUsage of job (MB)
	6322852  -  ResidentSetSize of job (KB)
...
006 (843197.000.000) 08/15 17:47:56 Image size of job updated: 11834504
	6175  -  MemoryUsage of job (MB)
	6322868  -  ResidentSetSize of job (KB)
...
005 (843197.000.000) 08/15 17:47:56 Job terminated.
	(1) Normal termination (return value 0)
		Usr 0 00:23:04, Sys 0 00:00:32  -  Run Remote Usage
		Usr 0 00:00:00, Sys 0 00:00:00  -  Run Local Usage
		Usr 0 00:23:04, Sys 0 00:00:32  -  Total Remote Usage
		Usr 0 00:00:00, Sys 0 00:00:00  -  Total Local Usage
	1229  -  Run Bytes Sent By Job
	404  -  Run Bytes Received By Job
	1229  -  Total Bytes Sent By Job
	404  -  Total Bytes Received By Job
	Partitionable Resources :    Usage  Request Allocated 
	   Cpus                 :     1.00        1         1 
	   Disk (KB)            :   802           1 479779449 
	   Memory (MB)          :  6175        7900      8033 
...
