000 (841525.000.000) 08/15 13:27:01 Job submitted from host: <172.20.3.187:9618?addrs=172.20.3.187-9618&noUDP&sock=2043_e813_3>
...
001 (841525.000.000) 08/15 15:20:00 Job executing on host: <172.20.225.2:9618?addrs=172.20.225.2-9618&noUDP&sock=3424_285d_3>
...
006 (841525.000.000) 08/15 15:20:09 Image size of job updated: 21112
	21  -  MemoryUsage of job (MB)
	21112  -  ResidentSetSize of job (KB)
...
006 (841525.000.000) 08/15 15:25:10 Image size of job updated: 4987104
	4871  -  MemoryUsage of job (MB)
	4987104  -  ResidentSetSize of job (KB)
...
006 (841525.000.000) 08/15 15:30:10 Image size of job updated: 5943268
	5804  -  MemoryUsage of job (MB)
	5943268  -  ResidentSetSize of job (KB)
...
006 (841525.000.000) 08/15 15:35:10 Image size of job updated: 5943584
	5805  -  MemoryUsage of job (MB)
	5943584  -  ResidentSetSize of job (KB)
...
006 (841525.000.000) 08/15 15:40:10 Image size of job updated: 6621624
	6467  -  MemoryUsage of job (MB)
	6621404  -  ResidentSetSize of job (KB)
...
005 (841525.000.000) 08/15 15:41:05 Job terminated.
	(1) Normal termination (return value 0)
		Usr 0 00:22:40, Sys 0 00:00:29  -  Run Remote Usage
		Usr 0 00:00:00, Sys 0 00:00:00  -  Run Local Usage
		Usr 0 00:22:40, Sys 0 00:00:29  -  Total Remote Usage
		Usr 0 00:00:00, Sys 0 00:00:00  -  Total Local Usage
	1228  -  Run Bytes Sent By Job
	403  -  Run Bytes Received By Job
	1228  -  Total Bytes Sent By Job
	403  -  Total Bytes Received By Job
	Partitionable Resources :    Usage  Request Allocated 
	   Cpus                 :     0.59        1         1 
	   Disk (KB)            :   802           1 479786084 
	   Memory (MB)          :  6467        7900      8033 
...
