000 (839222.000.000) 08/15 13:24:31 Job submitted from host: <172.20.3.187:9618?addrs=172.20.3.187-9618&noUDP&sock=2043_e813_3>
...
001 (839222.000.000) 08/15 13:38:36 Job executing on host: <172.20.225.4:9618?addrs=172.20.225.4-9618&noUDP&sock=3366_5fdf_3>
...
006 (839222.000.000) 08/15 13:38:44 Image size of job updated: 21116
	21  -  MemoryUsage of job (MB)
	21116  -  ResidentSetSize of job (KB)
...
006 (839222.000.000) 08/15 13:39:26 Image size of job updated: 4269504
	21  -  MemoryUsage of job (MB)
	21116  -  ResidentSetSize of job (KB)
...
005 (839222.000.000) 08/15 13:39:26 Job terminated.
	(1) Normal termination (return value 1)
		Usr 0 00:00:29, Sys 0 00:00:01  -  Run Remote Usage
		Usr 0 00:00:00, Sys 0 00:00:00  -  Run Local Usage
		Usr 0 00:00:29, Sys 0 00:00:01  -  Total Remote Usage
		Usr 0 00:00:00, Sys 0 00:00:00  -  Total Local Usage
	1437  -  Run Bytes Sent By Job
	395  -  Run Bytes Received By Job
	1437  -  Total Bytes Sent By Job
	395  -  Total Bytes Received By Job
	Partitionable Resources :    Usage  Request Allocated 
	   Cpus                 :        0        1         1 
	   Disk (KB)            :      803        1 479779449 
	   Memory (MB)          :       21     7900      8033 
...
000 (845424.000.000) 08/16 03:53:09 Job submitted from host: <172.20.3.187:9618?addrs=172.20.3.187-9618&noUDP&sock=2043_e813_3>
...
001 (845424.000.000) 08/16 04:17:15 Job executing on host: <172.20.225.4:9618?addrs=172.20.225.4-9618&noUDP&sock=3366_5fdf_3>
...
006 (845424.000.000) 08/16 04:17:24 Image size of job updated: 21108
	21  -  MemoryUsage of job (MB)
	21108  -  ResidentSetSize of job (KB)
...
006 (845424.000.000) 08/16 04:22:26 Image size of job updated: 5084556
	4960  -  MemoryUsage of job (MB)
	5078896  -  ResidentSetSize of job (KB)
...
006 (845424.000.000) 08/16 04:27:26 Image size of job updated: 5084836
	4960  -  MemoryUsage of job (MB)
	5079004  -  ResidentSetSize of job (KB)
...
006 (845424.000.000) 08/16 04:32:26 Image size of job updated: 6035220
	5894  -  MemoryUsage of job (MB)
	6035220  -  ResidentSetSize of job (KB)
...
006 (845424.000.000) 08/16 04:37:26 Image size of job updated: 6041164
	5900  -  MemoryUsage of job (MB)
	6041164  -  ResidentSetSize of job (KB)
...
006 (845424.000.000) 08/16 04:41:34 Image size of job updated: 17869652
	5900  -  MemoryUsage of job (MB)
	6041164  -  ResidentSetSize of job (KB)
...
005 (845424.000.000) 08/16 04:41:34 Job terminated.
	(1) Normal termination (return value 0)
		Usr 0 00:22:47, Sys 0 00:00:28  -  Run Remote Usage
		Usr 0 00:00:00, Sys 0 00:00:00  -  Run Local Usage
		Usr 0 00:22:47, Sys 0 00:00:28  -  Total Remote Usage
		Usr 0 00:00:00, Sys 0 00:00:00  -  Total Local Usage
	1220  -  Run Bytes Sent By Job
	395  -  Run Bytes Received By Job
	1220  -  Total Bytes Sent By Job
	395  -  Total Bytes Received By Job
	Partitionable Resources :    Usage  Request Allocated 
	   Cpus                 :     0.74        1         1 
	   Disk (KB)            :   802           1 479779449 
	   Memory (MB)          :  5900        7900      8033 
...
