000 (844841.000.000) 08/15 13:30:38 Job submitted from host: <172.20.3.187:9618?addrs=172.20.3.187-9618&noUDP&sock=2043_e813_3>
...
001 (844841.000.000) 08/15 19:07:02 Job executing on host: <172.20.225.1:9618?addrs=172.20.225.1-9618&noUDP&sock=3382_5963_3>
...
006 (844841.000.000) 08/15 19:07:10 Image size of job updated: 21128
	21  -  MemoryUsage of job (MB)
	21128  -  ResidentSetSize of job (KB)
...
006 (844841.000.000) 08/15 19:12:10 Image size of job updated: 5302708
	5179  -  MemoryUsage of job (MB)
	5302684  -  ResidentSetSize of job (KB)
...
006 (844841.000.000) 08/15 19:17:11 Image size of job updated: 5302788
	5179  -  MemoryUsage of job (MB)
	5302788  -  ResidentSetSize of job (KB)
...
006 (844841.000.000) 08/15 19:22:11 Image size of job updated: 6259164
	6113  -  MemoryUsage of job (MB)
	6259164  -  ResidentSetSize of job (KB)
...
006 (844841.000.000) 08/15 19:27:12 Image size of job updated: 6686544
	6530  -  MemoryUsage of job (MB)
	6686544  -  ResidentSetSize of job (KB)
...
006 (844841.000.000) 08/15 19:28:46 Image size of job updated: 14254056
	6530  -  MemoryUsage of job (MB)
	6686548  -  ResidentSetSize of job (KB)
...
005 (844841.000.000) 08/15 19:28:46 Job terminated.
	(1) Normal termination (return value 0)
		Usr 0 00:23:07, Sys 0 00:00:32  -  Run Remote Usage
		Usr 0 00:00:00, Sys 0 00:00:00  -  Run Local Usage
		Usr 0 00:23:07, Sys 0 00:00:32  -  Total Remote Usage
		Usr 0 00:00:00, Sys 0 00:00:00  -  Total Local Usage
	1229  -  Run Bytes Sent By Job
	404  -  Run Bytes Received By Job
	1229  -  Total Bytes Sent By Job
	404  -  Total Bytes Received By Job
	Partitionable Resources :    Usage  Request Allocated 
	   Cpus                 :     1.00        1         1 
	   Disk (KB)            :   802           1 479786105 
	   Memory (MB)          :  6530        7900      8033 
...
