000 (841979.000.000) 08/15 13:27:30 Job submitted from host: <172.20.3.187:9618?addrs=172.20.3.187-9618&noUDP&sock=2043_e813_3>
...
001 (841979.000.000) 08/15 15:59:10 Job executing on host: <172.20.225.1:9618?addrs=172.20.225.1-9618&noUDP&sock=3382_5963_3>
...
006 (841979.000.000) 08/15 15:59:18 Image size of job updated: 21120
	21  -  MemoryUsage of job (MB)
	21120  -  ResidentSetSize of job (KB)
...
005 (841979.000.000) 08/15 16:00:06 Job terminated.
	(1) Normal termination (return value 1)
		Usr 0 00:00:14, Sys 0 00:00:01  -  Run Remote Usage
		Usr 0 00:00:00, Sys 0 00:00:00  -  Run Local Usage
		Usr 0 00:00:14, Sys 0 00:00:01  -  Total Remote Usage
		Usr 0 00:00:00, Sys 0 00:00:00  -  Total Local Usage
	1435  -  Run Bytes Sent By Job
	394  -  Run Bytes Received By Job
	1435  -  Total Bytes Sent By Job
	394  -  Total Bytes Received By Job
	Partitionable Resources :    Usage  Request Allocated 
	   Cpus                 :     0.83        1         1 
	   Disk (KB)            :   803           1 479786105 
	   Memory (MB)          :    21        7900      8033 
...
000 (846505.000.000) 08/16 03:54:19 Job submitted from host: <172.20.3.187:9618?addrs=172.20.3.187-9618&noUDP&sock=2043_e813_3>
...
001 (846505.000.000) 08/16 05:33:10 Job executing on host: <172.20.225.5:9618?addrs=172.20.225.5-9618&noUDP&sock=3375_8c39_3>
...
006 (846505.000.000) 08/16 05:33:20 Image size of job updated: 21116
	21  -  MemoryUsage of job (MB)
	21116  -  ResidentSetSize of job (KB)
...
006 (846505.000.000) 08/16 05:38:20 Image size of job updated: 4961520
	4846  -  MemoryUsage of job (MB)
	4961520  -  ResidentSetSize of job (KB)
...
006 (846505.000.000) 08/16 05:43:21 Image size of job updated: 4961624
	4846  -  MemoryUsage of job (MB)
	4961624  -  ResidentSetSize of job (KB)
...
006 (846505.000.000) 08/16 05:48:22 Image size of job updated: 5917988
	5780  -  MemoryUsage of job (MB)
	5917988  -  ResidentSetSize of job (KB)
...
006 (846505.000.000) 08/16 05:53:21 Image size of job updated: 6043604
	5902  -  MemoryUsage of job (MB)
	6043604  -  ResidentSetSize of job (KB)
...
006 (846505.000.000) 08/16 05:57:22 Image size of job updated: 6759644
	5902  -  MemoryUsage of job (MB)
	6043620  -  ResidentSetSize of job (KB)
...
005 (846505.000.000) 08/16 05:57:22 Job terminated.
	(1) Normal termination (return value 0)
		Usr 0 00:23:09, Sys 0 00:00:30  -  Run Remote Usage
		Usr 0 00:00:00, Sys 0 00:00:00  -  Run Local Usage
		Usr 0 00:23:09, Sys 0 00:00:30  -  Total Remote Usage
		Usr 0 00:00:00, Sys 0 00:00:00  -  Total Local Usage
	1217  -  Run Bytes Sent By Job
	394  -  Run Bytes Received By Job
	1217  -  Total Bytes Sent By Job
	394  -  Total Bytes Received By Job
	Partitionable Resources :    Usage  Request Allocated 
	   Cpus                 :     0.77        1         1 
	   Disk (KB)            :   802           1 479749220 
	   Memory (MB)          :  5902        7900      8033 
...
