000 (844800.000.000) 08/15 13:30:36 Job submitted from host: <172.20.3.187:9618?addrs=172.20.3.187-9618&noUDP&sock=2043_e813_3>
...
001 (844800.000.000) 08/15 19:04:01 Job executing on host: <172.20.225.8:9618?addrs=172.20.225.8-9618&noUDP&sock=3440_21e1_3>
...
006 (844800.000.000) 08/15 19:04:09 Image size of job updated: 21112
	21  -  MemoryUsage of job (MB)
	21112  -  ResidentSetSize of job (KB)
...
006 (844800.000.000) 08/15 19:09:09 Image size of job updated: 5303840
	5180  -  MemoryUsage of job (MB)
	5303840  -  ResidentSetSize of job (KB)
...
006 (844800.000.000) 08/15 19:14:10 Image size of job updated: 6260036
	6114  -  MemoryUsage of job (MB)
	6260036  -  ResidentSetSize of job (KB)
...
006 (844800.000.000) 08/15 19:19:11 Image size of job updated: 6260356
	6114  -  MemoryUsage of job (MB)
	6260356  -  ResidentSetSize of job (KB)
...
006 (844800.000.000) 08/15 19:24:11 Image size of job updated: 6654736
	6499  -  MemoryUsage of job (MB)
	6654736  -  ResidentSetSize of job (KB)
...
005 (844800.000.000) 08/15 19:26:19 Job terminated.
	(1) Normal termination (return value 0)
		Usr 0 00:23:33, Sys 0 00:00:33  -  Run Remote Usage
		Usr 0 00:00:00, Sys 0 00:00:00  -  Run Local Usage
		Usr 0 00:23:33, Sys 0 00:00:33  -  Total Remote Usage
		Usr 0 00:00:00, Sys 0 00:00:00  -  Total Local Usage
	1229  -  Run Bytes Sent By Job
	404  -  Run Bytes Received By Job
	1229  -  Total Bytes Sent By Job
	404  -  Total Bytes Received By Job
	Partitionable Resources :    Usage  Request Allocated 
	   Cpus                 :     0.54        1         1 
	   Disk (KB)            :   802           1 479737977 
	   Memory (MB)          :  6499        7900      8033 
...
