000 (838689.000.000) 08/15 12:25:31 Job submitted from host: <172.20.3.187:9618?addrs=172.20.3.187-9618&noUDP&sock=2043_e813_3>
...
001 (838689.000.000) 08/15 12:50:03 Job executing on host: <172.20.225.2:9618?addrs=172.20.225.2-9618&noUDP&sock=3424_285d_3>
...
006 (838689.000.000) 08/15 12:50:12 Image size of job updated: 21112
	21  -  MemoryUsage of job (MB)
	21112  -  ResidentSetSize of job (KB)
...
006 (838689.000.000) 08/15 12:55:13 Image size of job updated: 19835604
	19371  -  MemoryUsage of job (MB)
	19835600  -  ResidentSetSize of job (KB)
...
006 (838689.000.000) 08/15 12:55:25 Image size of job updated: 19835604
	19371  -  MemoryUsage of job (MB)
	19835644  -  ResidentSetSize of job (KB)
...
005 (838689.000.000) 08/15 12:55:25 Job terminated.
	(1) Normal termination (return value 137)
		Usr 0 00:03:55, Sys 0 00:00:45  -  Run Remote Usage
		Usr 0 00:00:00, Sys 0 00:00:00  -  Run Local Usage
		Usr 0 00:03:55, Sys 0 00:00:45  -  Total Remote Usage
		Usr 0 00:00:00, Sys 0 00:00:00  -  Total Local Usage
	1389  -  Run Bytes Sent By Job
	402  -  Run Bytes Received By Job
	1389  -  Total Bytes Sent By Job
	402  -  Total Bytes Received By Job
	Partitionable Resources :    Usage  Request Allocated 
	   Cpus                 :     1.11        1         1 
	   Disk (KB)            :   803           1 479786084 
	   Memory (MB)          : 19371        7900      8033 
...
000 (844255.000.000) 08/15 13:29:59 Job submitted from host: <172.20.3.187:9618?addrs=172.20.3.187-9618&noUDP&sock=2043_e813_3>
...
001 (844255.000.000) 08/15 18:20:06 Job executing on host: <172.20.225.1:9618?addrs=172.20.225.1-9618&noUDP&sock=3382_5963_3>
...
006 (844255.000.000) 08/15 18:20:15 Image size of job updated: 21112
	21  -  MemoryUsage of job (MB)
	21112  -  ResidentSetSize of job (KB)
...
006 (844255.000.000) 08/15 18:25:16 Image size of job updated: 5302800
	5179  -  MemoryUsage of job (MB)
	5302800  -  ResidentSetSize of job (KB)
...
006 (844255.000.000) 08/15 18:30:16 Image size of job updated: 6258972
	6113  -  MemoryUsage of job (MB)
	6258972  -  ResidentSetSize of job (KB)
...
006 (844255.000.000) 08/15 18:35:16 Image size of job updated: 6259348
	6113  -  MemoryUsage of job (MB)
	6259280  -  ResidentSetSize of job (KB)
...
006 (844255.000.000) 08/15 18:40:17 Image size of job updated: 6667056
	6511  -  MemoryUsage of job (MB)
	6666792  -  ResidentSetSize of job (KB)
...
006 (844255.000.000) 08/15 18:43:48 Image size of job updated: 6667056
	6511  -  MemoryUsage of job (MB)
	6666824  -  ResidentSetSize of job (KB)
...
005 (844255.000.000) 08/15 18:43:48 Job terminated.
	(1) Normal termination (return value 0)
		Usr 0 00:22:56, Sys 0 00:00:34  -  Run Remote Usage
		Usr 0 00:00:00, Sys 0 00:00:00  -  Run Local Usage
		Usr 0 00:22:56, Sys 0 00:00:34  -  Total Remote Usage
		Usr 0 00:00:00, Sys 0 00:00:00  -  Total Local Usage
	1223  -  Run Bytes Sent By Job
	402  -  Run Bytes Received By Job
	1223  -  Total Bytes Sent By Job
	402  -  Total Bytes Received By Job
	Partitionable Resources :    Usage  Request Allocated 
	   Cpus                 :     0.70        1         1 
	   Disk (KB)            :   802           1 479786105 
	   Memory (MB)          :  6511        7900      8033 
...
