000 (844542.000.000) 08/15 13:30:18 Job submitted from host: <172.20.3.187:9618?addrs=172.20.3.187-9618&noUDP&sock=2043_e813_3>
...
001 (844542.000.000) 08/15 18:43:03 Job executing on host: <172.20.225.5:9618?addrs=172.20.225.5-9618&noUDP&sock=3375_8c39_3>
...
006 (844542.000.000) 08/15 18:43:11 Image size of job updated: 21116
	21  -  MemoryUsage of job (MB)
	21116  -  ResidentSetSize of job (KB)
...
006 (844542.000.000) 08/15 18:48:11 Image size of job updated: 5302600
	5179  -  MemoryUsage of job (MB)
	5302600  -  ResidentSetSize of job (KB)
...
006 (844542.000.000) 08/15 18:53:12 Image size of job updated: 6258764
	6113  -  MemoryUsage of job (MB)
	6258764  -  ResidentSetSize of job (KB)
...
006 (844542.000.000) 08/15 18:58:13 Image size of job updated: 6259076
	6113  -  MemoryUsage of job (MB)
	6259076  -  ResidentSetSize of job (KB)
...
006 (844542.000.000) 08/15 19:03:13 Image size of job updated: 6709168
	6550  -  MemoryUsage of job (MB)
	6706620  -  ResidentSetSize of job (KB)
...
006 (844542.000.000) 08/15 19:05:37 Image size of job updated: 11880088
	6550  -  MemoryUsage of job (MB)
	6706620  -  ResidentSetSize of job (KB)
...
005 (844542.000.000) 08/15 19:05:37 Job terminated.
	(1) Normal termination (return value 0)
		Usr 0 00:22:56, Sys 0 00:00:34  -  Run Remote Usage
		Usr 0 00:00:00, Sys 0 00:00:00  -  Run Local Usage
		Usr 0 00:22:56, Sys 0 00:00:34  -  Total Remote Usage
		Usr 0 00:00:00, Sys 0 00:00:00  -  Total Local Usage
	1229  -  Run Bytes Sent By Job
	404  -  Run Bytes Received By Job
	1229  -  Total Bytes Sent By Job
	404  -  Total Bytes Received By Job
	Partitionable Resources :    Usage  Request Allocated 
	   Cpus                 :     0.58        1         1 
	   Disk (KB)            :   802           1 479749220 
	   Memory (MB)          :  6550        7900      8033 
...
