000 (844626.000.000) 08/15 13:30:24 Job submitted from host: <172.20.3.187:9618?addrs=172.20.3.187-9618&noUDP&sock=2043_e813_3>
...
001 (844626.000.000) 08/15 18:46:03 Job executing on host: <172.20.225.5:9618?addrs=172.20.225.5-9618&noUDP&sock=3375_8c39_3>
...
006 (844626.000.000) 08/15 18:46:13 Image size of job updated: 21112
	21  -  MemoryUsage of job (MB)
	21112  -  ResidentSetSize of job (KB)
...
006 (844626.000.000) 08/15 18:51:13 Image size of job updated: 5302572
	5179  -  MemoryUsage of job (MB)
	5302572  -  ResidentSetSize of job (KB)
...
006 (844626.000.000) 08/15 18:56:14 Image size of job updated: 5302728
	5179  -  MemoryUsage of job (MB)
	5302728  -  ResidentSetSize of job (KB)
...
006 (844626.000.000) 08/15 19:01:14 Image size of job updated: 6258896
	6113  -  MemoryUsage of job (MB)
	6258896  -  ResidentSetSize of job (KB)
...
006 (844626.000.000) 08/15 19:06:15 Image size of job updated: 6264924
	6119  -  MemoryUsage of job (MB)
	6264860  -  ResidentSetSize of job (KB)
...
006 (844626.000.000) 08/15 19:10:11 Image size of job updated: 11876456
	6119  -  MemoryUsage of job (MB)
	6264860  -  ResidentSetSize of job (KB)
...
005 (844626.000.000) 08/15 19:10:11 Job terminated.
	(1) Normal termination (return value 0)
		Usr 0 00:23:08, Sys 0 00:00:28  -  Run Remote Usage
		Usr 0 00:00:00, Sys 0 00:00:00  -  Run Local Usage
		Usr 0 00:23:08, Sys 0 00:00:28  -  Total Remote Usage
		Usr 0 00:00:00, Sys 0 00:00:00  -  Total Local Usage
	1229  -  Run Bytes Sent By Job
	404  -  Run Bytes Received By Job
	1229  -  Total Bytes Sent By Job
	404  -  Total Bytes Received By Job
	Partitionable Resources :    Usage  Request Allocated 
	   Cpus                 :     0.70        1         1 
	   Disk (KB)            :   802           1 479749220 
	   Memory (MB)          :  6119        7900      8033 
...
