000 (840274.000.000) 08/15 13:25:40 Job submitted from host: <172.20.3.187:9618?addrs=172.20.3.187-9618&noUDP&sock=2043_e813_3>
...
001 (840274.000.000) 08/15 14:26:57 Job executing on host: <172.20.225.4:9618?addrs=172.20.225.4-9618&noUDP&sock=3366_5fdf_3>
...
006 (840274.000.000) 08/15 14:27:06 Image size of job updated: 21108
	21  -  MemoryUsage of job (MB)
	21108  -  ResidentSetSize of job (KB)
...
006 (840274.000.000) 08/15 14:32:07 Image size of job updated: 5055512
	4938  -  MemoryUsage of job (MB)
	5055512  -  ResidentSetSize of job (KB)
...
006 (840274.000.000) 08/15 14:37:07 Image size of job updated: 5055616
	4938  -  MemoryUsage of job (MB)
	5055616  -  ResidentSetSize of job (KB)
...
006 (840274.000.000) 08/15 14:42:08 Image size of job updated: 6011976
	5872  -  MemoryUsage of job (MB)
	6011976  -  ResidentSetSize of job (KB)
...
006 (840274.000.000) 08/15 14:47:09 Image size of job updated: 6123820
	5981  -  MemoryUsage of job (MB)
	6123804  -  ResidentSetSize of job (KB)
...
006 (840274.000.000) 08/15 14:50:51 Image size of job updated: 14029936
	5981  -  MemoryUsage of job (MB)
	6123824  -  ResidentSetSize of job (KB)
...
005 (840274.000.000) 08/15 14:50:51 Job terminated.
	(1) Normal termination (return value 0)
		Usr 0 00:22:44, Sys 0 00:00:32  -  Run Remote Usage
		Usr 0 00:00:00, Sys 0 00:00:00  -  Run Local Usage
		Usr 0 00:22:44, Sys 0 00:00:32  -  Total Remote Usage
		Usr 0 00:00:00, Sys 0 00:00:00  -  Total Local Usage
	1229  -  Run Bytes Sent By Job
	404  -  Run Bytes Received By Job
	1229  -  Total Bytes Sent By Job
	404  -  Total Bytes Received By Job
	Partitionable Resources :    Usage  Request Allocated 
	   Cpus                 :     0.68        1         1 
	   Disk (KB)            :   802           1 479779449 
	   Memory (MB)          :  5981        7900      8033 
...
