000 (841775.000.000) 08/15 13:27:17 Job submitted from host: <172.20.3.187:9618?addrs=172.20.3.187-9618&noUDP&sock=2043_e813_3>
...
001 (841775.000.000) 08/15 15:43:03 Job executing on host: <172.20.225.8:9618?addrs=172.20.225.8-9618&noUDP&sock=3440_21e1_3>
...
006 (841775.000.000) 08/15 15:43:12 Image size of job updated: 21112
	21  -  MemoryUsage of job (MB)
	21112  -  ResidentSetSize of job (KB)
...
006 (841775.000.000) 08/15 15:48:13 Image size of job updated: 5036148
	4919  -  MemoryUsage of job (MB)
	5036148  -  ResidentSetSize of job (KB)
...
006 (841775.000.000) 08/15 15:53:13 Image size of job updated: 5036252
	4919  -  MemoryUsage of job (MB)
	5036252  -  ResidentSetSize of job (KB)
...
006 (841775.000.000) 08/15 15:58:15 Image size of job updated: 5992624
	5853  -  MemoryUsage of job (MB)
	5992624  -  ResidentSetSize of job (KB)
...
006 (841775.000.000) 08/15 16:03:15 Image size of job updated: 6505468
	6353  -  MemoryUsage of job (MB)
	6505308  -  ResidentSetSize of job (KB)
...
005 (841775.000.000) 08/15 16:04:53 Job terminated.
	(1) Normal termination (return value 0)
		Usr 0 00:22:34, Sys 0 00:00:31  -  Run Remote Usage
		Usr 0 00:00:00, Sys 0 00:00:00  -  Run Local Usage
		Usr 0 00:22:34, Sys 0 00:00:31  -  Total Remote Usage
		Usr 0 00:00:00, Sys 0 00:00:00  -  Total Local Usage
	1232  -  Run Bytes Sent By Job
	407  -  Run Bytes Received By Job
	1232  -  Total Bytes Sent By Job
	407  -  Total Bytes Received By Job
	Partitionable Resources :    Usage  Request Allocated 
	   Cpus                 :     0.63        1         1 
	   Disk (KB)            :   802           1 479737977 
	   Memory (MB)          :  6353        7900      8033 
...
