000 (838427.000.000) 08/15 12:25:13 Job submitted from host: <172.20.3.187:9618?addrs=172.20.3.187-9618&noUDP&sock=2043_e813_3>
...
001 (838427.000.000) 08/15 12:44:19 Job executing on host: <172.20.225.4:9618?addrs=172.20.225.4-9618&noUDP&sock=3366_5fdf_3>
...
006 (838427.000.000) 08/15 12:44:27 Image size of job updated: 21112
	21  -  MemoryUsage of job (MB)
	21112  -  ResidentSetSize of job (KB)
...
006 (838427.000.000) 08/15 12:49:27 Image size of job updated: 13307108
	12996  -  MemoryUsage of job (MB)
	13307104  -  ResidentSetSize of job (KB)
...
005 (838427.000.000) 08/15 12:49:36 Job terminated.
	(1) Normal termination (return value 1)
		Usr 0 00:03:12, Sys 0 00:00:34  -  Run Remote Usage
		Usr 0 00:00:00, Sys 0 00:00:00  -  Run Local Usage
		Usr 0 00:03:12, Sys 0 00:00:34  -  Total Remote Usage
		Usr 0 00:00:00, Sys 0 00:00:00  -  Total Local Usage
	2561  -  Run Bytes Sent By Job
	403  -  Run Bytes Received By Job
	2561  -  Total Bytes Sent By Job
	403  -  Total Bytes Received By Job
	Partitionable Resources :    Usage  Request Allocated 
	   Cpus                 :     0.69        1         1 
	   Disk (KB)            :   804           1 479779449 
	   Memory (MB)          : 12996        7900      8033 
...
000 (842742.000.000) 08/15 13:28:20 Job submitted from host: <172.20.3.187:9618?addrs=172.20.3.187-9618&noUDP&sock=2043_e813_3>
...
001 (842742.000.000) 08/15 16:45:00 Job executing on host: <172.20.225.1:9618?addrs=172.20.225.1-9618&noUDP&sock=3382_5963_3>
...
006 (842742.000.000) 08/15 16:45:10 Image size of job updated: 21116
	21  -  MemoryUsage of job (MB)
	21116  -  ResidentSetSize of job (KB)
...
006 (842742.000.000) 08/15 16:50:10 Image size of job updated: 5245704
	5123  -  MemoryUsage of job (MB)
	5245704  -  ResidentSetSize of job (KB)
...
006 (842742.000.000) 08/15 16:55:10 Image size of job updated: 6201976
	6057  -  MemoryUsage of job (MB)
	6201976  -  ResidentSetSize of job (KB)
...
006 (842742.000.000) 08/15 17:00:10 Image size of job updated: 6207948
	6063  -  MemoryUsage of job (MB)
	6207948  -  ResidentSetSize of job (KB)
...
006 (842742.000.000) 08/15 17:05:11 Image size of job updated: 6874860
	6714  -  MemoryUsage of job (MB)
	6874716  -  ResidentSetSize of job (KB)
...
006 (842742.000.000) 08/15 17:06:07 Image size of job updated: 12941016
	6714  -  MemoryUsage of job (MB)
	6874716  -  ResidentSetSize of job (KB)
...
005 (842742.000.000) 08/15 17:06:08 Job terminated.
	(1) Normal termination (return value 0)
		Usr 0 00:23:30, Sys 0 00:00:38  -  Run Remote Usage
		Usr 0 00:00:00, Sys 0 00:00:00  -  Run Local Usage
		Usr 0 00:23:30, Sys 0 00:00:38  -  Total Remote Usage
		Usr 0 00:00:00, Sys 0 00:00:00  -  Total Local Usage
	1226  -  Run Bytes Sent By Job
	403  -  Run Bytes Received By Job
	1226  -  Total Bytes Sent By Job
	403  -  Total Bytes Received By Job
	Partitionable Resources :    Usage  Request Allocated 
	   Cpus                 :     0.64        1         1 
	   Disk (KB)            :   802           1 479786105 
	   Memory (MB)          :  6714        7900      8033 
...
