000 (841607.000.000) 08/15 13:27:06 Job submitted from host: <172.20.3.187:9618?addrs=172.20.3.187-9618&noUDP&sock=2043_e813_3>
...
001 (841607.000.000) 08/15 15:26:01 Job executing on host: <172.20.225.6:9618?addrs=172.20.225.6-9618&noUDP&sock=3382_5963_3>
...
006 (841607.000.000) 08/15 15:26:09 Image size of job updated: 21124
	21  -  MemoryUsage of job (MB)
	21124  -  ResidentSetSize of job (KB)
...
006 (841607.000.000) 08/15 15:31:09 Image size of job updated: 5036180
	4919  -  MemoryUsage of job (MB)
	5036180  -  ResidentSetSize of job (KB)
...
006 (841607.000.000) 08/15 15:36:10 Image size of job updated: 5036284
	4919  -  MemoryUsage of job (MB)
	5036284  -  ResidentSetSize of job (KB)
...
006 (841607.000.000) 08/15 15:41:11 Image size of job updated: 5992668
	5853  -  MemoryUsage of job (MB)
	5992668  -  ResidentSetSize of job (KB)
...
006 (841607.000.000) 08/15 15:46:11 Image size of job updated: 6513276
	6361  -  MemoryUsage of job (MB)
	6512872  -  ResidentSetSize of job (KB)
...
005 (841607.000.000) 08/15 15:47:38 Job terminated.
	(1) Normal termination (return value 0)
		Usr 0 00:22:27, Sys 0 00:00:28  -  Run Remote Usage
		Usr 0 00:00:00, Sys 0 00:00:00  -  Run Local Usage
		Usr 0 00:22:27, Sys 0 00:00:28  -  Total Remote Usage
		Usr 0 00:00:00, Sys 0 00:00:00  -  Total Local Usage
	1229  -  Run Bytes Sent By Job
	406  -  Run Bytes Received By Job
	1229  -  Total Bytes Sent By Job
	406  -  Total Bytes Received By Job
	Partitionable Resources :    Usage  Request Allocated 
	   Cpus                 :     0.59        1         1 
	   Disk (KB)            :   802           1 479749220 
	   Memory (MB)          :  6361        7900      8033 
...
