000 (842866.000.000) 08/15 13:28:28 Job submitted from host: <172.20.3.187:9618?addrs=172.20.3.187-9618&noUDP&sock=2043_e813_3>
...
001 (842866.000.000) 08/15 16:52:03 Job executing on host: <172.20.225.6:9618?addrs=172.20.225.6-9618&noUDP&sock=3382_5963_3>
...
006 (842866.000.000) 08/15 16:52:12 Image size of job updated: 21116
	21  -  MemoryUsage of job (MB)
	21116  -  ResidentSetSize of job (KB)
...
006 (842866.000.000) 08/15 16:57:14 Image size of job updated: 5245732
	5123  -  MemoryUsage of job (MB)
	5245732  -  ResidentSetSize of job (KB)
...
006 (842866.000.000) 08/15 17:02:14 Image size of job updated: 5245836
	5123  -  MemoryUsage of job (MB)
	5245836  -  ResidentSetSize of job (KB)
...
006 (842866.000.000) 08/15 17:07:14 Image size of job updated: 6202212
	6057  -  MemoryUsage of job (MB)
	6202212  -  ResidentSetSize of job (KB)
...
006 (842866.000.000) 08/15 17:12:14 Image size of job updated: 6340608
	6192  -  MemoryUsage of job (MB)
	6340608  -  ResidentSetSize of job (KB)
...
006 (842866.000.000) 08/15 17:15:32 Image size of job updated: 6791480
	6193  -  MemoryUsage of job (MB)
	6340628  -  ResidentSetSize of job (KB)
...
005 (842866.000.000) 08/15 17:15:32 Job terminated.
	(1) Normal termination (return value 0)
		Usr 0 00:23:15, Sys 0 00:00:32  -  Run Remote Usage
		Usr 0 00:00:00, Sys 0 00:00:00  -  Run Local Usage
		Usr 0 00:23:15, Sys 0 00:00:32  -  Total Remote Usage
		Usr 0 00:00:00, Sys 0 00:00:00  -  Total Local Usage
	1229  -  Run Bytes Sent By Job
	404  -  Run Bytes Received By Job
	1229  -  Total Bytes Sent By Job
	404  -  Total Bytes Received By Job
	Partitionable Resources :    Usage  Request Allocated 
	   Cpus                 :     0.66        1         1 
	   Disk (KB)            :   802           1 479749220 
	   Memory (MB)          :  6193        7900      8033 
...
